[2023-09-14T17:12:34.044+0100] {processor.py:157} INFO - Started process (PID=24425) to work on /home/joestar/Documents/projects/airflow_etl/airflow_env/lib/python3.8/site-packages/airflow/example_dags/example_sensor_decorator.py
[2023-09-14T17:12:34.045+0100] {processor.py:829} INFO - Processing file /home/joestar/Documents/projects/airflow_etl/airflow_env/lib/python3.8/site-packages/airflow/example_dags/example_sensor_decorator.py for tasks to queue
[2023-09-14T17:12:34.047+0100] {logging_mixin.py:151} INFO - [2023-09-14T17:12:34.046+0100] {dagbag.py:539} INFO - Filling up the DagBag from /home/joestar/Documents/projects/airflow_etl/airflow_env/lib/python3.8/site-packages/airflow/example_dags/example_sensor_decorator.py
[2023-09-14T17:12:34.058+0100] {processor.py:839} INFO - DAG(s) dict_keys(['example_sensor_decorator']) retrieved from /home/joestar/Documents/projects/airflow_etl/airflow_env/lib/python3.8/site-packages/airflow/example_dags/example_sensor_decorator.py
[2023-09-14T17:12:34.161+0100] {logging_mixin.py:151} INFO - [2023-09-14T17:12:34.160+0100] {manager.py:499} INFO - Created Permission View: %s
[2023-09-14T17:12:34.189+0100] {logging_mixin.py:151} INFO - [2023-09-14T17:12:34.188+0100] {manager.py:499} INFO - Created Permission View: %s
[2023-09-14T17:12:34.211+0100] {logging_mixin.py:151} INFO - [2023-09-14T17:12:34.211+0100] {manager.py:499} INFO - Created Permission View: %s
[2023-09-14T17:12:34.212+0100] {logging_mixin.py:151} INFO - [2023-09-14T17:12:34.212+0100] {security.py:708} INFO - Not syncing DAG-level permissions for DAG 'DAG:example_sensor_decorator' as access control is unset.
[2023-09-14T17:12:34.212+0100] {logging_mixin.py:151} INFO - [2023-09-14T17:12:34.212+0100] {dag.py:2915} INFO - Sync 1 DAGs
[2023-09-14T17:12:34.230+0100] {logging_mixin.py:151} INFO - [2023-09-14T17:12:34.230+0100] {dag.py:2937} INFO - Creating ORM DAG for example_sensor_decorator
[2023-09-14T17:12:34.230+0100] {logging_mixin.py:151} INFO - [2023-09-14T17:12:34.230+0100] {dag.py:3696} INFO - Setting next_dagrun for example_sensor_decorator to None, run_after=None
[2023-09-14T17:12:34.261+0100] {processor.py:179} INFO - Processing /home/joestar/Documents/projects/airflow_etl/airflow_env/lib/python3.8/site-packages/airflow/example_dags/example_sensor_decorator.py took 0.223 seconds
[2023-09-14T17:13:25.177+0100] {processor.py:157} INFO - Started process (PID=24845) to work on /home/joestar/Documents/projects/airflow_etl/airflow_env/lib/python3.8/site-packages/airflow/example_dags/example_sensor_decorator.py
[2023-09-14T17:13:25.178+0100] {processor.py:829} INFO - Processing file /home/joestar/Documents/projects/airflow_etl/airflow_env/lib/python3.8/site-packages/airflow/example_dags/example_sensor_decorator.py for tasks to queue
[2023-09-14T17:13:25.180+0100] {logging_mixin.py:151} INFO - [2023-09-14T17:13:25.179+0100] {dagbag.py:539} INFO - Filling up the DagBag from /home/joestar/Documents/projects/airflow_etl/airflow_env/lib/python3.8/site-packages/airflow/example_dags/example_sensor_decorator.py
[2023-09-14T17:13:25.188+0100] {processor.py:839} INFO - DAG(s) dict_keys(['example_sensor_decorator']) retrieved from /home/joestar/Documents/projects/airflow_etl/airflow_env/lib/python3.8/site-packages/airflow/example_dags/example_sensor_decorator.py
[2023-09-14T17:13:25.209+0100] {logging_mixin.py:151} INFO - [2023-09-14T17:13:25.209+0100] {dag.py:2915} INFO - Sync 1 DAGs
[2023-09-14T17:13:25.221+0100] {logging_mixin.py:151} INFO - [2023-09-14T17:13:25.221+0100] {dag.py:3696} INFO - Setting next_dagrun for example_sensor_decorator to None, run_after=None
[2023-09-14T17:13:25.250+0100] {processor.py:179} INFO - Processing /home/joestar/Documents/projects/airflow_etl/airflow_env/lib/python3.8/site-packages/airflow/example_dags/example_sensor_decorator.py took 0.076 seconds
[2023-09-14T17:14:21.982+0100] {processor.py:157} INFO - Started process (PID=25189) to work on /home/joestar/Documents/projects/airflow_etl/airflow_env/lib/python3.8/site-packages/airflow/example_dags/example_sensor_decorator.py
[2023-09-14T17:14:21.983+0100] {processor.py:829} INFO - Processing file /home/joestar/Documents/projects/airflow_etl/airflow_env/lib/python3.8/site-packages/airflow/example_dags/example_sensor_decorator.py for tasks to queue
[2023-09-14T17:14:21.986+0100] {logging_mixin.py:151} INFO - [2023-09-14T17:14:21.985+0100] {dagbag.py:539} INFO - Filling up the DagBag from /home/joestar/Documents/projects/airflow_etl/airflow_env/lib/python3.8/site-packages/airflow/example_dags/example_sensor_decorator.py
[2023-09-14T17:14:21.995+0100] {processor.py:839} INFO - DAG(s) dict_keys(['example_sensor_decorator']) retrieved from /home/joestar/Documents/projects/airflow_etl/airflow_env/lib/python3.8/site-packages/airflow/example_dags/example_sensor_decorator.py
[2023-09-14T17:14:22.017+0100] {logging_mixin.py:151} INFO - [2023-09-14T17:14:22.017+0100] {dag.py:2915} INFO - Sync 1 DAGs
[2023-09-14T17:14:22.034+0100] {logging_mixin.py:151} INFO - [2023-09-14T17:14:22.034+0100] {dag.py:3696} INFO - Setting next_dagrun for example_sensor_decorator to None, run_after=None
[2023-09-14T17:14:22.060+0100] {processor.py:179} INFO - Processing /home/joestar/Documents/projects/airflow_etl/airflow_env/lib/python3.8/site-packages/airflow/example_dags/example_sensor_decorator.py took 0.082 seconds
[2023-09-14T17:15:20.361+0100] {processor.py:157} INFO - Started process (PID=25893) to work on /home/joestar/Documents/projects/airflow_etl/airflow_env/lib/python3.8/site-packages/airflow/example_dags/example_sensor_decorator.py
[2023-09-14T17:15:20.362+0100] {processor.py:829} INFO - Processing file /home/joestar/Documents/projects/airflow_etl/airflow_env/lib/python3.8/site-packages/airflow/example_dags/example_sensor_decorator.py for tasks to queue
[2023-09-14T17:15:20.363+0100] {logging_mixin.py:151} INFO - [2023-09-14T17:15:20.363+0100] {dagbag.py:539} INFO - Filling up the DagBag from /home/joestar/Documents/projects/airflow_etl/airflow_env/lib/python3.8/site-packages/airflow/example_dags/example_sensor_decorator.py
[2023-09-14T17:15:20.371+0100] {processor.py:839} INFO - DAG(s) dict_keys(['example_sensor_decorator']) retrieved from /home/joestar/Documents/projects/airflow_etl/airflow_env/lib/python3.8/site-packages/airflow/example_dags/example_sensor_decorator.py
[2023-09-14T17:15:20.396+0100] {logging_mixin.py:151} INFO - [2023-09-14T17:15:20.396+0100] {dag.py:2915} INFO - Sync 1 DAGs
[2023-09-14T17:15:20.413+0100] {logging_mixin.py:151} INFO - [2023-09-14T17:15:20.413+0100] {dag.py:3696} INFO - Setting next_dagrun for example_sensor_decorator to None, run_after=None
[2023-09-14T17:15:20.447+0100] {processor.py:179} INFO - Processing /home/joestar/Documents/projects/airflow_etl/airflow_env/lib/python3.8/site-packages/airflow/example_dags/example_sensor_decorator.py took 0.090 seconds
[2023-09-14T17:16:14.640+0100] {processor.py:157} INFO - Started process (PID=26140) to work on /home/joestar/Documents/projects/airflow_etl/airflow_env/lib/python3.8/site-packages/airflow/example_dags/example_sensor_decorator.py
[2023-09-14T17:16:14.642+0100] {processor.py:829} INFO - Processing file /home/joestar/Documents/projects/airflow_etl/airflow_env/lib/python3.8/site-packages/airflow/example_dags/example_sensor_decorator.py for tasks to queue
[2023-09-14T17:16:14.643+0100] {logging_mixin.py:151} INFO - [2023-09-14T17:16:14.642+0100] {dagbag.py:539} INFO - Filling up the DagBag from /home/joestar/Documents/projects/airflow_etl/airflow_env/lib/python3.8/site-packages/airflow/example_dags/example_sensor_decorator.py
[2023-09-14T17:16:14.653+0100] {processor.py:839} INFO - DAG(s) dict_keys(['example_sensor_decorator']) retrieved from /home/joestar/Documents/projects/airflow_etl/airflow_env/lib/python3.8/site-packages/airflow/example_dags/example_sensor_decorator.py
[2023-09-14T17:16:14.683+0100] {logging_mixin.py:151} INFO - [2023-09-14T17:16:14.683+0100] {dag.py:2915} INFO - Sync 1 DAGs
[2023-09-14T17:16:14.707+0100] {logging_mixin.py:151} INFO - [2023-09-14T17:16:14.707+0100] {dag.py:3696} INFO - Setting next_dagrun for example_sensor_decorator to None, run_after=None
[2023-09-14T17:16:14.768+0100] {processor.py:179} INFO - Processing /home/joestar/Documents/projects/airflow_etl/airflow_env/lib/python3.8/site-packages/airflow/example_dags/example_sensor_decorator.py took 0.134 seconds
[2023-09-14T17:17:06.969+0100] {processor.py:157} INFO - Started process (PID=26388) to work on /home/joestar/Documents/projects/airflow_etl/airflow_env/lib/python3.8/site-packages/airflow/example_dags/example_sensor_decorator.py
[2023-09-14T17:17:06.970+0100] {processor.py:829} INFO - Processing file /home/joestar/Documents/projects/airflow_etl/airflow_env/lib/python3.8/site-packages/airflow/example_dags/example_sensor_decorator.py for tasks to queue
[2023-09-14T17:17:06.972+0100] {logging_mixin.py:151} INFO - [2023-09-14T17:17:06.971+0100] {dagbag.py:539} INFO - Filling up the DagBag from /home/joestar/Documents/projects/airflow_etl/airflow_env/lib/python3.8/site-packages/airflow/example_dags/example_sensor_decorator.py
[2023-09-14T17:17:06.983+0100] {processor.py:839} INFO - DAG(s) dict_keys(['example_sensor_decorator']) retrieved from /home/joestar/Documents/projects/airflow_etl/airflow_env/lib/python3.8/site-packages/airflow/example_dags/example_sensor_decorator.py
[2023-09-14T17:17:07.009+0100] {logging_mixin.py:151} INFO - [2023-09-14T17:17:07.009+0100] {dag.py:2915} INFO - Sync 1 DAGs
[2023-09-14T17:17:07.027+0100] {logging_mixin.py:151} INFO - [2023-09-14T17:17:07.026+0100] {dag.py:3696} INFO - Setting next_dagrun for example_sensor_decorator to None, run_after=None
[2023-09-14T17:17:07.058+0100] {processor.py:179} INFO - Processing /home/joestar/Documents/projects/airflow_etl/airflow_env/lib/python3.8/site-packages/airflow/example_dags/example_sensor_decorator.py took 0.093 seconds
[2023-09-14T17:17:58.123+0100] {processor.py:157} INFO - Started process (PID=26686) to work on /home/joestar/Documents/projects/airflow_etl/airflow_env/lib/python3.8/site-packages/airflow/example_dags/example_sensor_decorator.py
[2023-09-14T17:17:58.124+0100] {processor.py:829} INFO - Processing file /home/joestar/Documents/projects/airflow_etl/airflow_env/lib/python3.8/site-packages/airflow/example_dags/example_sensor_decorator.py for tasks to queue
[2023-09-14T17:17:58.125+0100] {logging_mixin.py:151} INFO - [2023-09-14T17:17:58.124+0100] {dagbag.py:539} INFO - Filling up the DagBag from /home/joestar/Documents/projects/airflow_etl/airflow_env/lib/python3.8/site-packages/airflow/example_dags/example_sensor_decorator.py
[2023-09-14T17:17:58.130+0100] {processor.py:839} INFO - DAG(s) dict_keys(['example_sensor_decorator']) retrieved from /home/joestar/Documents/projects/airflow_etl/airflow_env/lib/python3.8/site-packages/airflow/example_dags/example_sensor_decorator.py
[2023-09-14T17:17:58.150+0100] {logging_mixin.py:151} INFO - [2023-09-14T17:17:58.150+0100] {dag.py:2915} INFO - Sync 1 DAGs
[2023-09-14T17:17:58.162+0100] {logging_mixin.py:151} INFO - [2023-09-14T17:17:58.161+0100] {dag.py:3696} INFO - Setting next_dagrun for example_sensor_decorator to None, run_after=None
[2023-09-14T17:17:58.189+0100] {processor.py:179} INFO - Processing /home/joestar/Documents/projects/airflow_etl/airflow_env/lib/python3.8/site-packages/airflow/example_dags/example_sensor_decorator.py took 0.070 seconds
[2023-09-14T17:18:47.255+0100] {processor.py:157} INFO - Started process (PID=27084) to work on /home/joestar/Documents/projects/airflow_etl/airflow_env/lib/python3.8/site-packages/airflow/example_dags/example_sensor_decorator.py
[2023-09-14T17:18:47.257+0100] {processor.py:829} INFO - Processing file /home/joestar/Documents/projects/airflow_etl/airflow_env/lib/python3.8/site-packages/airflow/example_dags/example_sensor_decorator.py for tasks to queue
[2023-09-14T17:18:47.258+0100] {logging_mixin.py:151} INFO - [2023-09-14T17:18:47.257+0100] {dagbag.py:539} INFO - Filling up the DagBag from /home/joestar/Documents/projects/airflow_etl/airflow_env/lib/python3.8/site-packages/airflow/example_dags/example_sensor_decorator.py
[2023-09-14T17:18:47.267+0100] {processor.py:839} INFO - DAG(s) dict_keys(['example_sensor_decorator']) retrieved from /home/joestar/Documents/projects/airflow_etl/airflow_env/lib/python3.8/site-packages/airflow/example_dags/example_sensor_decorator.py
[2023-09-14T17:18:47.292+0100] {logging_mixin.py:151} INFO - [2023-09-14T17:18:47.292+0100] {dag.py:2915} INFO - Sync 1 DAGs
[2023-09-14T17:18:47.314+0100] {logging_mixin.py:151} INFO - [2023-09-14T17:18:47.314+0100] {dag.py:3696} INFO - Setting next_dagrun for example_sensor_decorator to None, run_after=None
[2023-09-14T17:18:47.346+0100] {processor.py:179} INFO - Processing /home/joestar/Documents/projects/airflow_etl/airflow_env/lib/python3.8/site-packages/airflow/example_dags/example_sensor_decorator.py took 0.106 seconds
[2023-09-14T17:19:49.900+0100] {processor.py:157} INFO - Started process (PID=27406) to work on /home/joestar/Documents/projects/airflow_etl/airflow_env/lib/python3.8/site-packages/airflow/example_dags/example_sensor_decorator.py
[2023-09-14T17:19:49.901+0100] {processor.py:829} INFO - Processing file /home/joestar/Documents/projects/airflow_etl/airflow_env/lib/python3.8/site-packages/airflow/example_dags/example_sensor_decorator.py for tasks to queue
[2023-09-14T17:19:49.902+0100] {logging_mixin.py:151} INFO - [2023-09-14T17:19:49.901+0100] {dagbag.py:539} INFO - Filling up the DagBag from /home/joestar/Documents/projects/airflow_etl/airflow_env/lib/python3.8/site-packages/airflow/example_dags/example_sensor_decorator.py
[2023-09-14T17:19:49.907+0100] {processor.py:839} INFO - DAG(s) dict_keys(['example_sensor_decorator']) retrieved from /home/joestar/Documents/projects/airflow_etl/airflow_env/lib/python3.8/site-packages/airflow/example_dags/example_sensor_decorator.py
[2023-09-14T17:19:49.924+0100] {logging_mixin.py:151} INFO - [2023-09-14T17:19:49.924+0100] {dag.py:2915} INFO - Sync 1 DAGs
[2023-09-14T17:19:49.935+0100] {logging_mixin.py:151} INFO - [2023-09-14T17:19:49.935+0100] {dag.py:3696} INFO - Setting next_dagrun for example_sensor_decorator to None, run_after=None
[2023-09-14T17:19:49.959+0100] {processor.py:179} INFO - Processing /home/joestar/Documents/projects/airflow_etl/airflow_env/lib/python3.8/site-packages/airflow/example_dags/example_sensor_decorator.py took 0.062 seconds
[2023-09-14T17:20:41.383+0100] {processor.py:157} INFO - Started process (PID=27611) to work on /home/joestar/Documents/projects/airflow_etl/airflow_env/lib/python3.8/site-packages/airflow/example_dags/example_sensor_decorator.py
[2023-09-14T17:20:41.385+0100] {processor.py:829} INFO - Processing file /home/joestar/Documents/projects/airflow_etl/airflow_env/lib/python3.8/site-packages/airflow/example_dags/example_sensor_decorator.py for tasks to queue
[2023-09-14T17:20:41.386+0100] {logging_mixin.py:151} INFO - [2023-09-14T17:20:41.385+0100] {dagbag.py:539} INFO - Filling up the DagBag from /home/joestar/Documents/projects/airflow_etl/airflow_env/lib/python3.8/site-packages/airflow/example_dags/example_sensor_decorator.py
[2023-09-14T17:20:41.394+0100] {processor.py:839} INFO - DAG(s) dict_keys(['example_sensor_decorator']) retrieved from /home/joestar/Documents/projects/airflow_etl/airflow_env/lib/python3.8/site-packages/airflow/example_dags/example_sensor_decorator.py
[2023-09-14T17:20:41.414+0100] {logging_mixin.py:151} INFO - [2023-09-14T17:20:41.414+0100] {dag.py:2915} INFO - Sync 1 DAGs
[2023-09-14T17:20:41.431+0100] {logging_mixin.py:151} INFO - [2023-09-14T17:20:41.430+0100] {dag.py:3696} INFO - Setting next_dagrun for example_sensor_decorator to None, run_after=None
[2023-09-14T17:20:41.459+0100] {processor.py:179} INFO - Processing /home/joestar/Documents/projects/airflow_etl/airflow_env/lib/python3.8/site-packages/airflow/example_dags/example_sensor_decorator.py took 0.078 seconds
[2023-09-14T17:21:32.414+0100] {processor.py:157} INFO - Started process (PID=27846) to work on /home/joestar/Documents/projects/airflow_etl/airflow_env/lib/python3.8/site-packages/airflow/example_dags/example_sensor_decorator.py
[2023-09-14T17:21:32.415+0100] {processor.py:829} INFO - Processing file /home/joestar/Documents/projects/airflow_etl/airflow_env/lib/python3.8/site-packages/airflow/example_dags/example_sensor_decorator.py for tasks to queue
[2023-09-14T17:21:32.416+0100] {logging_mixin.py:151} INFO - [2023-09-14T17:21:32.416+0100] {dagbag.py:539} INFO - Filling up the DagBag from /home/joestar/Documents/projects/airflow_etl/airflow_env/lib/python3.8/site-packages/airflow/example_dags/example_sensor_decorator.py
[2023-09-14T17:21:32.421+0100] {processor.py:839} INFO - DAG(s) dict_keys(['example_sensor_decorator']) retrieved from /home/joestar/Documents/projects/airflow_etl/airflow_env/lib/python3.8/site-packages/airflow/example_dags/example_sensor_decorator.py
[2023-09-14T17:21:32.436+0100] {logging_mixin.py:151} INFO - [2023-09-14T17:21:32.435+0100] {dag.py:2915} INFO - Sync 1 DAGs
[2023-09-14T17:21:32.447+0100] {logging_mixin.py:151} INFO - [2023-09-14T17:21:32.446+0100] {dag.py:3696} INFO - Setting next_dagrun for example_sensor_decorator to None, run_after=None
[2023-09-14T17:21:32.472+0100] {processor.py:179} INFO - Processing /home/joestar/Documents/projects/airflow_etl/airflow_env/lib/python3.8/site-packages/airflow/example_dags/example_sensor_decorator.py took 0.061 seconds
[2023-09-14T17:22:25.293+0100] {processor.py:157} INFO - Started process (PID=28061) to work on /home/joestar/Documents/projects/airflow_etl/airflow_env/lib/python3.8/site-packages/airflow/example_dags/example_sensor_decorator.py
[2023-09-14T17:22:25.294+0100] {processor.py:829} INFO - Processing file /home/joestar/Documents/projects/airflow_etl/airflow_env/lib/python3.8/site-packages/airflow/example_dags/example_sensor_decorator.py for tasks to queue
[2023-09-14T17:22:25.295+0100] {logging_mixin.py:151} INFO - [2023-09-14T17:22:25.295+0100] {dagbag.py:539} INFO - Filling up the DagBag from /home/joestar/Documents/projects/airflow_etl/airflow_env/lib/python3.8/site-packages/airflow/example_dags/example_sensor_decorator.py
[2023-09-14T17:22:25.301+0100] {processor.py:839} INFO - DAG(s) dict_keys(['example_sensor_decorator']) retrieved from /home/joestar/Documents/projects/airflow_etl/airflow_env/lib/python3.8/site-packages/airflow/example_dags/example_sensor_decorator.py
[2023-09-14T17:22:25.317+0100] {logging_mixin.py:151} INFO - [2023-09-14T17:22:25.316+0100] {dag.py:2915} INFO - Sync 1 DAGs
[2023-09-14T17:22:25.329+0100] {logging_mixin.py:151} INFO - [2023-09-14T17:22:25.328+0100] {dag.py:3696} INFO - Setting next_dagrun for example_sensor_decorator to None, run_after=None
[2023-09-14T17:22:25.357+0100] {processor.py:179} INFO - Processing /home/joestar/Documents/projects/airflow_etl/airflow_env/lib/python3.8/site-packages/airflow/example_dags/example_sensor_decorator.py took 0.066 seconds
[2023-09-14T17:23:18.144+0100] {processor.py:157} INFO - Started process (PID=28309) to work on /home/joestar/Documents/projects/airflow_etl/airflow_env/lib/python3.8/site-packages/airflow/example_dags/example_sensor_decorator.py
[2023-09-14T17:23:18.145+0100] {processor.py:829} INFO - Processing file /home/joestar/Documents/projects/airflow_etl/airflow_env/lib/python3.8/site-packages/airflow/example_dags/example_sensor_decorator.py for tasks to queue
[2023-09-14T17:23:18.147+0100] {logging_mixin.py:151} INFO - [2023-09-14T17:23:18.146+0100] {dagbag.py:539} INFO - Filling up the DagBag from /home/joestar/Documents/projects/airflow_etl/airflow_env/lib/python3.8/site-packages/airflow/example_dags/example_sensor_decorator.py
[2023-09-14T17:23:18.157+0100] {processor.py:839} INFO - DAG(s) dict_keys(['example_sensor_decorator']) retrieved from /home/joestar/Documents/projects/airflow_etl/airflow_env/lib/python3.8/site-packages/airflow/example_dags/example_sensor_decorator.py
[2023-09-14T17:23:18.190+0100] {logging_mixin.py:151} INFO - [2023-09-14T17:23:18.189+0100] {dag.py:2915} INFO - Sync 1 DAGs
[2023-09-14T17:23:18.210+0100] {logging_mixin.py:151} INFO - [2023-09-14T17:23:18.209+0100] {dag.py:3696} INFO - Setting next_dagrun for example_sensor_decorator to None, run_after=None
[2023-09-14T17:23:18.247+0100] {processor.py:179} INFO - Processing /home/joestar/Documents/projects/airflow_etl/airflow_env/lib/python3.8/site-packages/airflow/example_dags/example_sensor_decorator.py took 0.108 seconds
[2023-09-14T17:24:18.232+0100] {processor.py:157} INFO - Started process (PID=28573) to work on /home/joestar/Documents/projects/airflow_etl/airflow_env/lib/python3.8/site-packages/airflow/example_dags/example_sensor_decorator.py
[2023-09-14T17:24:18.233+0100] {processor.py:829} INFO - Processing file /home/joestar/Documents/projects/airflow_etl/airflow_env/lib/python3.8/site-packages/airflow/example_dags/example_sensor_decorator.py for tasks to queue
[2023-09-14T17:24:18.234+0100] {logging_mixin.py:151} INFO - [2023-09-14T17:24:18.234+0100] {dagbag.py:539} INFO - Filling up the DagBag from /home/joestar/Documents/projects/airflow_etl/airflow_env/lib/python3.8/site-packages/airflow/example_dags/example_sensor_decorator.py
[2023-09-14T17:24:18.240+0100] {processor.py:839} INFO - DAG(s) dict_keys(['example_sensor_decorator']) retrieved from /home/joestar/Documents/projects/airflow_etl/airflow_env/lib/python3.8/site-packages/airflow/example_dags/example_sensor_decorator.py
[2023-09-14T17:24:18.254+0100] {logging_mixin.py:151} INFO - [2023-09-14T17:24:18.254+0100] {dag.py:2915} INFO - Sync 1 DAGs
[2023-09-14T17:24:18.264+0100] {logging_mixin.py:151} INFO - [2023-09-14T17:24:18.264+0100] {dag.py:3696} INFO - Setting next_dagrun for example_sensor_decorator to None, run_after=None
[2023-09-14T17:24:18.296+0100] {processor.py:179} INFO - Processing /home/joestar/Documents/projects/airflow_etl/airflow_env/lib/python3.8/site-packages/airflow/example_dags/example_sensor_decorator.py took 0.066 seconds
[2023-09-14T17:25:17.282+0100] {processor.py:157} INFO - Started process (PID=28813) to work on /home/joestar/Documents/projects/airflow_etl/airflow_env/lib/python3.8/site-packages/airflow/example_dags/example_sensor_decorator.py
[2023-09-14T17:25:17.283+0100] {processor.py:829} INFO - Processing file /home/joestar/Documents/projects/airflow_etl/airflow_env/lib/python3.8/site-packages/airflow/example_dags/example_sensor_decorator.py for tasks to queue
[2023-09-14T17:25:17.284+0100] {logging_mixin.py:151} INFO - [2023-09-14T17:25:17.284+0100] {dagbag.py:539} INFO - Filling up the DagBag from /home/joestar/Documents/projects/airflow_etl/airflow_env/lib/python3.8/site-packages/airflow/example_dags/example_sensor_decorator.py
[2023-09-14T17:25:17.290+0100] {processor.py:839} INFO - DAG(s) dict_keys(['example_sensor_decorator']) retrieved from /home/joestar/Documents/projects/airflow_etl/airflow_env/lib/python3.8/site-packages/airflow/example_dags/example_sensor_decorator.py
[2023-09-14T17:25:17.304+0100] {logging_mixin.py:151} INFO - [2023-09-14T17:25:17.304+0100] {dag.py:2915} INFO - Sync 1 DAGs
[2023-09-14T17:25:17.318+0100] {logging_mixin.py:151} INFO - [2023-09-14T17:25:17.318+0100] {dag.py:3696} INFO - Setting next_dagrun for example_sensor_decorator to None, run_after=None
[2023-09-14T17:25:17.443+0100] {processor.py:179} INFO - Processing /home/joestar/Documents/projects/airflow_etl/airflow_env/lib/python3.8/site-packages/airflow/example_dags/example_sensor_decorator.py took 0.164 seconds
[2023-09-14T17:26:09.755+0100] {processor.py:157} INFO - Started process (PID=29044) to work on /home/joestar/Documents/projects/airflow_etl/airflow_env/lib/python3.8/site-packages/airflow/example_dags/example_sensor_decorator.py
[2023-09-14T17:26:09.756+0100] {processor.py:829} INFO - Processing file /home/joestar/Documents/projects/airflow_etl/airflow_env/lib/python3.8/site-packages/airflow/example_dags/example_sensor_decorator.py for tasks to queue
[2023-09-14T17:26:09.757+0100] {logging_mixin.py:151} INFO - [2023-09-14T17:26:09.756+0100] {dagbag.py:539} INFO - Filling up the DagBag from /home/joestar/Documents/projects/airflow_etl/airflow_env/lib/python3.8/site-packages/airflow/example_dags/example_sensor_decorator.py
[2023-09-14T17:26:09.763+0100] {processor.py:839} INFO - DAG(s) dict_keys(['example_sensor_decorator']) retrieved from /home/joestar/Documents/projects/airflow_etl/airflow_env/lib/python3.8/site-packages/airflow/example_dags/example_sensor_decorator.py
[2023-09-14T17:26:09.778+0100] {logging_mixin.py:151} INFO - [2023-09-14T17:26:09.778+0100] {dag.py:2915} INFO - Sync 1 DAGs
[2023-09-14T17:26:09.789+0100] {logging_mixin.py:151} INFO - [2023-09-14T17:26:09.789+0100] {dag.py:3696} INFO - Setting next_dagrun for example_sensor_decorator to None, run_after=None
[2023-09-14T17:26:09.811+0100] {processor.py:179} INFO - Processing /home/joestar/Documents/projects/airflow_etl/airflow_env/lib/python3.8/site-packages/airflow/example_dags/example_sensor_decorator.py took 0.059 seconds
[2023-09-14T17:27:02.683+0100] {processor.py:157} INFO - Started process (PID=29286) to work on /home/joestar/Documents/projects/airflow_etl/airflow_env/lib/python3.8/site-packages/airflow/example_dags/example_sensor_decorator.py
[2023-09-14T17:27:02.684+0100] {processor.py:829} INFO - Processing file /home/joestar/Documents/projects/airflow_etl/airflow_env/lib/python3.8/site-packages/airflow/example_dags/example_sensor_decorator.py for tasks to queue
[2023-09-14T17:27:02.685+0100] {logging_mixin.py:151} INFO - [2023-09-14T17:27:02.685+0100] {dagbag.py:539} INFO - Filling up the DagBag from /home/joestar/Documents/projects/airflow_etl/airflow_env/lib/python3.8/site-packages/airflow/example_dags/example_sensor_decorator.py
[2023-09-14T17:27:02.692+0100] {processor.py:839} INFO - DAG(s) dict_keys(['example_sensor_decorator']) retrieved from /home/joestar/Documents/projects/airflow_etl/airflow_env/lib/python3.8/site-packages/airflow/example_dags/example_sensor_decorator.py
[2023-09-14T17:27:02.709+0100] {logging_mixin.py:151} INFO - [2023-09-14T17:27:02.708+0100] {dag.py:2915} INFO - Sync 1 DAGs
[2023-09-14T17:27:02.723+0100] {logging_mixin.py:151} INFO - [2023-09-14T17:27:02.723+0100] {dag.py:3696} INFO - Setting next_dagrun for example_sensor_decorator to None, run_after=None
[2023-09-14T17:27:02.753+0100] {processor.py:179} INFO - Processing /home/joestar/Documents/projects/airflow_etl/airflow_env/lib/python3.8/site-packages/airflow/example_dags/example_sensor_decorator.py took 0.074 seconds
[2023-09-14T17:27:59.744+0100] {processor.py:157} INFO - Started process (PID=29529) to work on /home/joestar/Documents/projects/airflow_etl/airflow_env/lib/python3.8/site-packages/airflow/example_dags/example_sensor_decorator.py
[2023-09-14T17:27:59.745+0100] {processor.py:829} INFO - Processing file /home/joestar/Documents/projects/airflow_etl/airflow_env/lib/python3.8/site-packages/airflow/example_dags/example_sensor_decorator.py for tasks to queue
[2023-09-14T17:27:59.746+0100] {logging_mixin.py:151} INFO - [2023-09-14T17:27:59.745+0100] {dagbag.py:539} INFO - Filling up the DagBag from /home/joestar/Documents/projects/airflow_etl/airflow_env/lib/python3.8/site-packages/airflow/example_dags/example_sensor_decorator.py
[2023-09-14T17:27:59.752+0100] {processor.py:839} INFO - DAG(s) dict_keys(['example_sensor_decorator']) retrieved from /home/joestar/Documents/projects/airflow_etl/airflow_env/lib/python3.8/site-packages/airflow/example_dags/example_sensor_decorator.py
[2023-09-14T17:27:59.767+0100] {logging_mixin.py:151} INFO - [2023-09-14T17:27:59.766+0100] {dag.py:2915} INFO - Sync 1 DAGs
[2023-09-14T17:27:59.778+0100] {logging_mixin.py:151} INFO - [2023-09-14T17:27:59.777+0100] {dag.py:3696} INFO - Setting next_dagrun for example_sensor_decorator to None, run_after=None
[2023-09-14T17:27:59.823+0100] {processor.py:179} INFO - Processing /home/joestar/Documents/projects/airflow_etl/airflow_env/lib/python3.8/site-packages/airflow/example_dags/example_sensor_decorator.py took 0.082 seconds
[2023-09-14T17:28:51.218+0100] {processor.py:157} INFO - Started process (PID=29754) to work on /home/joestar/Documents/projects/airflow_etl/airflow_env/lib/python3.8/site-packages/airflow/example_dags/example_sensor_decorator.py
[2023-09-14T17:28:51.219+0100] {processor.py:829} INFO - Processing file /home/joestar/Documents/projects/airflow_etl/airflow_env/lib/python3.8/site-packages/airflow/example_dags/example_sensor_decorator.py for tasks to queue
[2023-09-14T17:28:51.220+0100] {logging_mixin.py:151} INFO - [2023-09-14T17:28:51.219+0100] {dagbag.py:539} INFO - Filling up the DagBag from /home/joestar/Documents/projects/airflow_etl/airflow_env/lib/python3.8/site-packages/airflow/example_dags/example_sensor_decorator.py
[2023-09-14T17:28:51.228+0100] {processor.py:839} INFO - DAG(s) dict_keys(['example_sensor_decorator']) retrieved from /home/joestar/Documents/projects/airflow_etl/airflow_env/lib/python3.8/site-packages/airflow/example_dags/example_sensor_decorator.py
[2023-09-14T17:28:51.248+0100] {logging_mixin.py:151} INFO - [2023-09-14T17:28:51.247+0100] {dag.py:2915} INFO - Sync 1 DAGs
[2023-09-14T17:28:51.261+0100] {logging_mixin.py:151} INFO - [2023-09-14T17:28:51.261+0100] {dag.py:3696} INFO - Setting next_dagrun for example_sensor_decorator to None, run_after=None
[2023-09-14T17:28:51.288+0100] {processor.py:179} INFO - Processing /home/joestar/Documents/projects/airflow_etl/airflow_env/lib/python3.8/site-packages/airflow/example_dags/example_sensor_decorator.py took 0.074 seconds
[2023-09-14T17:29:42.732+0100] {processor.py:157} INFO - Started process (PID=30004) to work on /home/joestar/Documents/projects/airflow_etl/airflow_env/lib/python3.8/site-packages/airflow/example_dags/example_sensor_decorator.py
[2023-09-14T17:29:42.733+0100] {processor.py:829} INFO - Processing file /home/joestar/Documents/projects/airflow_etl/airflow_env/lib/python3.8/site-packages/airflow/example_dags/example_sensor_decorator.py for tasks to queue
[2023-09-14T17:29:42.735+0100] {logging_mixin.py:151} INFO - [2023-09-14T17:29:42.734+0100] {dagbag.py:539} INFO - Filling up the DagBag from /home/joestar/Documents/projects/airflow_etl/airflow_env/lib/python3.8/site-packages/airflow/example_dags/example_sensor_decorator.py
[2023-09-14T17:29:42.743+0100] {processor.py:839} INFO - DAG(s) dict_keys(['example_sensor_decorator']) retrieved from /home/joestar/Documents/projects/airflow_etl/airflow_env/lib/python3.8/site-packages/airflow/example_dags/example_sensor_decorator.py
[2023-09-14T17:29:42.760+0100] {logging_mixin.py:151} INFO - [2023-09-14T17:29:42.760+0100] {dag.py:2915} INFO - Sync 1 DAGs
[2023-09-14T17:29:42.771+0100] {logging_mixin.py:151} INFO - [2023-09-14T17:29:42.771+0100] {dag.py:3696} INFO - Setting next_dagrun for example_sensor_decorator to None, run_after=None
[2023-09-14T17:29:42.805+0100] {processor.py:179} INFO - Processing /home/joestar/Documents/projects/airflow_etl/airflow_env/lib/python3.8/site-packages/airflow/example_dags/example_sensor_decorator.py took 0.077 seconds
[2023-09-14T17:30:35.985+0100] {processor.py:157} INFO - Started process (PID=30255) to work on /home/joestar/Documents/projects/airflow_etl/airflow_env/lib/python3.8/site-packages/airflow/example_dags/example_sensor_decorator.py
[2023-09-14T17:30:35.988+0100] {processor.py:829} INFO - Processing file /home/joestar/Documents/projects/airflow_etl/airflow_env/lib/python3.8/site-packages/airflow/example_dags/example_sensor_decorator.py for tasks to queue
[2023-09-14T17:30:35.991+0100] {logging_mixin.py:151} INFO - [2023-09-14T17:30:35.990+0100] {dagbag.py:539} INFO - Filling up the DagBag from /home/joestar/Documents/projects/airflow_etl/airflow_env/lib/python3.8/site-packages/airflow/example_dags/example_sensor_decorator.py
[2023-09-14T17:30:36.007+0100] {processor.py:839} INFO - DAG(s) dict_keys(['example_sensor_decorator']) retrieved from /home/joestar/Documents/projects/airflow_etl/airflow_env/lib/python3.8/site-packages/airflow/example_dags/example_sensor_decorator.py
[2023-09-14T17:30:36.026+0100] {logging_mixin.py:151} INFO - [2023-09-14T17:30:36.026+0100] {dag.py:2915} INFO - Sync 1 DAGs
[2023-09-14T17:30:36.037+0100] {logging_mixin.py:151} INFO - [2023-09-14T17:30:36.037+0100] {dag.py:3696} INFO - Setting next_dagrun for example_sensor_decorator to None, run_after=None
[2023-09-14T17:30:36.074+0100] {processor.py:179} INFO - Processing /home/joestar/Documents/projects/airflow_etl/airflow_env/lib/python3.8/site-packages/airflow/example_dags/example_sensor_decorator.py took 0.098 seconds
[2023-09-14T17:31:25.557+0100] {processor.py:157} INFO - Started process (PID=30487) to work on /home/joestar/Documents/projects/airflow_etl/airflow_env/lib/python3.8/site-packages/airflow/example_dags/example_sensor_decorator.py
[2023-09-14T17:31:25.558+0100] {processor.py:829} INFO - Processing file /home/joestar/Documents/projects/airflow_etl/airflow_env/lib/python3.8/site-packages/airflow/example_dags/example_sensor_decorator.py for tasks to queue
[2023-09-14T17:31:25.560+0100] {logging_mixin.py:151} INFO - [2023-09-14T17:31:25.559+0100] {dagbag.py:539} INFO - Filling up the DagBag from /home/joestar/Documents/projects/airflow_etl/airflow_env/lib/python3.8/site-packages/airflow/example_dags/example_sensor_decorator.py
[2023-09-14T17:31:25.568+0100] {processor.py:839} INFO - DAG(s) dict_keys(['example_sensor_decorator']) retrieved from /home/joestar/Documents/projects/airflow_etl/airflow_env/lib/python3.8/site-packages/airflow/example_dags/example_sensor_decorator.py
[2023-09-14T17:31:25.589+0100] {logging_mixin.py:151} INFO - [2023-09-14T17:31:25.589+0100] {dag.py:2915} INFO - Sync 1 DAGs
[2023-09-14T17:31:25.607+0100] {logging_mixin.py:151} INFO - [2023-09-14T17:31:25.607+0100] {dag.py:3696} INFO - Setting next_dagrun for example_sensor_decorator to None, run_after=None
[2023-09-14T17:31:25.641+0100] {processor.py:179} INFO - Processing /home/joestar/Documents/projects/airflow_etl/airflow_env/lib/python3.8/site-packages/airflow/example_dags/example_sensor_decorator.py took 0.087 seconds
[2023-09-14T17:32:17.644+0100] {processor.py:157} INFO - Started process (PID=30720) to work on /home/joestar/Documents/projects/airflow_etl/airflow_env/lib/python3.8/site-packages/airflow/example_dags/example_sensor_decorator.py
[2023-09-14T17:32:17.647+0100] {processor.py:829} INFO - Processing file /home/joestar/Documents/projects/airflow_etl/airflow_env/lib/python3.8/site-packages/airflow/example_dags/example_sensor_decorator.py for tasks to queue
[2023-09-14T17:32:17.649+0100] {logging_mixin.py:151} INFO - [2023-09-14T17:32:17.648+0100] {dagbag.py:539} INFO - Filling up the DagBag from /home/joestar/Documents/projects/airflow_etl/airflow_env/lib/python3.8/site-packages/airflow/example_dags/example_sensor_decorator.py
[2023-09-14T17:32:17.662+0100] {processor.py:839} INFO - DAG(s) dict_keys(['example_sensor_decorator']) retrieved from /home/joestar/Documents/projects/airflow_etl/airflow_env/lib/python3.8/site-packages/airflow/example_dags/example_sensor_decorator.py
[2023-09-14T17:32:17.681+0100] {logging_mixin.py:151} INFO - [2023-09-14T17:32:17.681+0100] {dag.py:2915} INFO - Sync 1 DAGs
[2023-09-14T17:32:17.694+0100] {logging_mixin.py:151} INFO - [2023-09-14T17:32:17.694+0100] {dag.py:3696} INFO - Setting next_dagrun for example_sensor_decorator to None, run_after=None
[2023-09-14T17:32:17.724+0100] {processor.py:179} INFO - Processing /home/joestar/Documents/projects/airflow_etl/airflow_env/lib/python3.8/site-packages/airflow/example_dags/example_sensor_decorator.py took 0.089 seconds
[2023-09-14T17:33:09.479+0100] {processor.py:157} INFO - Started process (PID=30954) to work on /home/joestar/Documents/projects/airflow_etl/airflow_env/lib/python3.8/site-packages/airflow/example_dags/example_sensor_decorator.py
[2023-09-14T17:33:09.480+0100] {processor.py:829} INFO - Processing file /home/joestar/Documents/projects/airflow_etl/airflow_env/lib/python3.8/site-packages/airflow/example_dags/example_sensor_decorator.py for tasks to queue
[2023-09-14T17:33:09.481+0100] {logging_mixin.py:151} INFO - [2023-09-14T17:33:09.481+0100] {dagbag.py:539} INFO - Filling up the DagBag from /home/joestar/Documents/projects/airflow_etl/airflow_env/lib/python3.8/site-packages/airflow/example_dags/example_sensor_decorator.py
[2023-09-14T17:33:09.489+0100] {processor.py:839} INFO - DAG(s) dict_keys(['example_sensor_decorator']) retrieved from /home/joestar/Documents/projects/airflow_etl/airflow_env/lib/python3.8/site-packages/airflow/example_dags/example_sensor_decorator.py
[2023-09-14T17:33:09.510+0100] {logging_mixin.py:151} INFO - [2023-09-14T17:33:09.510+0100] {dag.py:2915} INFO - Sync 1 DAGs
[2023-09-14T17:33:09.527+0100] {logging_mixin.py:151} INFO - [2023-09-14T17:33:09.527+0100] {dag.py:3696} INFO - Setting next_dagrun for example_sensor_decorator to None, run_after=None
[2023-09-14T17:33:09.565+0100] {processor.py:179} INFO - Processing /home/joestar/Documents/projects/airflow_etl/airflow_env/lib/python3.8/site-packages/airflow/example_dags/example_sensor_decorator.py took 0.090 seconds
[2023-09-14T17:34:03.392+0100] {processor.py:157} INFO - Started process (PID=31202) to work on /home/joestar/Documents/projects/airflow_etl/airflow_env/lib/python3.8/site-packages/airflow/example_dags/example_sensor_decorator.py
[2023-09-14T17:34:03.393+0100] {processor.py:829} INFO - Processing file /home/joestar/Documents/projects/airflow_etl/airflow_env/lib/python3.8/site-packages/airflow/example_dags/example_sensor_decorator.py for tasks to queue
[2023-09-14T17:34:03.395+0100] {logging_mixin.py:151} INFO - [2023-09-14T17:34:03.394+0100] {dagbag.py:539} INFO - Filling up the DagBag from /home/joestar/Documents/projects/airflow_etl/airflow_env/lib/python3.8/site-packages/airflow/example_dags/example_sensor_decorator.py
[2023-09-14T17:34:03.405+0100] {processor.py:839} INFO - DAG(s) dict_keys(['example_sensor_decorator']) retrieved from /home/joestar/Documents/projects/airflow_etl/airflow_env/lib/python3.8/site-packages/airflow/example_dags/example_sensor_decorator.py
[2023-09-14T17:34:03.432+0100] {logging_mixin.py:151} INFO - [2023-09-14T17:34:03.432+0100] {dag.py:2915} INFO - Sync 1 DAGs
[2023-09-14T17:34:03.452+0100] {logging_mixin.py:151} INFO - [2023-09-14T17:34:03.451+0100] {dag.py:3696} INFO - Setting next_dagrun for example_sensor_decorator to None, run_after=None
[2023-09-14T17:34:03.490+0100] {processor.py:179} INFO - Processing /home/joestar/Documents/projects/airflow_etl/airflow_env/lib/python3.8/site-packages/airflow/example_dags/example_sensor_decorator.py took 0.103 seconds
[2023-09-14T17:34:56.818+0100] {processor.py:157} INFO - Started process (PID=31437) to work on /home/joestar/Documents/projects/airflow_etl/airflow_env/lib/python3.8/site-packages/airflow/example_dags/example_sensor_decorator.py
[2023-09-14T17:34:56.819+0100] {processor.py:829} INFO - Processing file /home/joestar/Documents/projects/airflow_etl/airflow_env/lib/python3.8/site-packages/airflow/example_dags/example_sensor_decorator.py for tasks to queue
[2023-09-14T17:34:56.820+0100] {logging_mixin.py:151} INFO - [2023-09-14T17:34:56.820+0100] {dagbag.py:539} INFO - Filling up the DagBag from /home/joestar/Documents/projects/airflow_etl/airflow_env/lib/python3.8/site-packages/airflow/example_dags/example_sensor_decorator.py
[2023-09-14T17:34:56.827+0100] {processor.py:839} INFO - DAG(s) dict_keys(['example_sensor_decorator']) retrieved from /home/joestar/Documents/projects/airflow_etl/airflow_env/lib/python3.8/site-packages/airflow/example_dags/example_sensor_decorator.py
[2023-09-14T17:34:56.845+0100] {logging_mixin.py:151} INFO - [2023-09-14T17:34:56.845+0100] {dag.py:2915} INFO - Sync 1 DAGs
[2023-09-14T17:34:56.860+0100] {logging_mixin.py:151} INFO - [2023-09-14T17:34:56.860+0100] {dag.py:3696} INFO - Setting next_dagrun for example_sensor_decorator to None, run_after=None
[2023-09-14T17:34:56.890+0100] {processor.py:179} INFO - Processing /home/joestar/Documents/projects/airflow_etl/airflow_env/lib/python3.8/site-packages/airflow/example_dags/example_sensor_decorator.py took 0.075 seconds
[2023-09-14T17:35:47.158+0100] {processor.py:157} INFO - Started process (PID=31674) to work on /home/joestar/Documents/projects/airflow_etl/airflow_env/lib/python3.8/site-packages/airflow/example_dags/example_sensor_decorator.py
[2023-09-14T17:35:47.159+0100] {processor.py:829} INFO - Processing file /home/joestar/Documents/projects/airflow_etl/airflow_env/lib/python3.8/site-packages/airflow/example_dags/example_sensor_decorator.py for tasks to queue
[2023-09-14T17:35:47.160+0100] {logging_mixin.py:151} INFO - [2023-09-14T17:35:47.160+0100] {dagbag.py:539} INFO - Filling up the DagBag from /home/joestar/Documents/projects/airflow_etl/airflow_env/lib/python3.8/site-packages/airflow/example_dags/example_sensor_decorator.py
[2023-09-14T17:35:47.166+0100] {processor.py:839} INFO - DAG(s) dict_keys(['example_sensor_decorator']) retrieved from /home/joestar/Documents/projects/airflow_etl/airflow_env/lib/python3.8/site-packages/airflow/example_dags/example_sensor_decorator.py
[2023-09-14T17:35:47.180+0100] {logging_mixin.py:151} INFO - [2023-09-14T17:35:47.180+0100] {dag.py:2915} INFO - Sync 1 DAGs
[2023-09-14T17:35:47.190+0100] {logging_mixin.py:151} INFO - [2023-09-14T17:35:47.190+0100] {dag.py:3696} INFO - Setting next_dagrun for example_sensor_decorator to None, run_after=None
[2023-09-14T17:35:47.223+0100] {processor.py:179} INFO - Processing /home/joestar/Documents/projects/airflow_etl/airflow_env/lib/python3.8/site-packages/airflow/example_dags/example_sensor_decorator.py took 0.067 seconds
[2023-09-14T17:36:39.361+0100] {processor.py:157} INFO - Started process (PID=31911) to work on /home/joestar/Documents/projects/airflow_etl/airflow_env/lib/python3.8/site-packages/airflow/example_dags/example_sensor_decorator.py
[2023-09-14T17:36:39.363+0100] {processor.py:829} INFO - Processing file /home/joestar/Documents/projects/airflow_etl/airflow_env/lib/python3.8/site-packages/airflow/example_dags/example_sensor_decorator.py for tasks to queue
[2023-09-14T17:36:39.364+0100] {logging_mixin.py:151} INFO - [2023-09-14T17:36:39.364+0100] {dagbag.py:539} INFO - Filling up the DagBag from /home/joestar/Documents/projects/airflow_etl/airflow_env/lib/python3.8/site-packages/airflow/example_dags/example_sensor_decorator.py
[2023-09-14T17:36:39.380+0100] {processor.py:839} INFO - DAG(s) dict_keys(['example_sensor_decorator']) retrieved from /home/joestar/Documents/projects/airflow_etl/airflow_env/lib/python3.8/site-packages/airflow/example_dags/example_sensor_decorator.py
[2023-09-14T17:36:39.409+0100] {logging_mixin.py:151} INFO - [2023-09-14T17:36:39.409+0100] {dag.py:2915} INFO - Sync 1 DAGs
[2023-09-14T17:36:39.427+0100] {logging_mixin.py:151} INFO - [2023-09-14T17:36:39.427+0100] {dag.py:3696} INFO - Setting next_dagrun for example_sensor_decorator to None, run_after=None
[2023-09-14T17:36:39.470+0100] {processor.py:179} INFO - Processing /home/joestar/Documents/projects/airflow_etl/airflow_env/lib/python3.8/site-packages/airflow/example_dags/example_sensor_decorator.py took 0.114 seconds
[2023-09-14T17:37:33.855+0100] {processor.py:157} INFO - Started process (PID=32177) to work on /home/joestar/Documents/projects/airflow_etl/airflow_env/lib/python3.8/site-packages/airflow/example_dags/example_sensor_decorator.py
[2023-09-14T17:37:33.857+0100] {processor.py:829} INFO - Processing file /home/joestar/Documents/projects/airflow_etl/airflow_env/lib/python3.8/site-packages/airflow/example_dags/example_sensor_decorator.py for tasks to queue
[2023-09-14T17:37:33.858+0100] {logging_mixin.py:151} INFO - [2023-09-14T17:37:33.857+0100] {dagbag.py:539} INFO - Filling up the DagBag from /home/joestar/Documents/projects/airflow_etl/airflow_env/lib/python3.8/site-packages/airflow/example_dags/example_sensor_decorator.py
[2023-09-14T17:37:33.866+0100] {processor.py:839} INFO - DAG(s) dict_keys(['example_sensor_decorator']) retrieved from /home/joestar/Documents/projects/airflow_etl/airflow_env/lib/python3.8/site-packages/airflow/example_dags/example_sensor_decorator.py
[2023-09-14T17:37:33.886+0100] {logging_mixin.py:151} INFO - [2023-09-14T17:37:33.886+0100] {dag.py:2915} INFO - Sync 1 DAGs
[2023-09-14T17:37:33.902+0100] {logging_mixin.py:151} INFO - [2023-09-14T17:37:33.902+0100] {dag.py:3696} INFO - Setting next_dagrun for example_sensor_decorator to None, run_after=None
[2023-09-14T17:37:33.948+0100] {processor.py:179} INFO - Processing /home/joestar/Documents/projects/airflow_etl/airflow_env/lib/python3.8/site-packages/airflow/example_dags/example_sensor_decorator.py took 0.097 seconds
[2023-09-14T17:38:32.026+0100] {processor.py:157} INFO - Started process (PID=32672) to work on /home/joestar/Documents/projects/airflow_etl/airflow_env/lib/python3.8/site-packages/airflow/example_dags/example_sensor_decorator.py
[2023-09-14T17:38:32.027+0100] {processor.py:829} INFO - Processing file /home/joestar/Documents/projects/airflow_etl/airflow_env/lib/python3.8/site-packages/airflow/example_dags/example_sensor_decorator.py for tasks to queue
[2023-09-14T17:38:32.028+0100] {logging_mixin.py:151} INFO - [2023-09-14T17:38:32.028+0100] {dagbag.py:539} INFO - Filling up the DagBag from /home/joestar/Documents/projects/airflow_etl/airflow_env/lib/python3.8/site-packages/airflow/example_dags/example_sensor_decorator.py
[2023-09-14T17:38:32.036+0100] {processor.py:839} INFO - DAG(s) dict_keys(['example_sensor_decorator']) retrieved from /home/joestar/Documents/projects/airflow_etl/airflow_env/lib/python3.8/site-packages/airflow/example_dags/example_sensor_decorator.py
[2023-09-14T17:38:32.056+0100] {logging_mixin.py:151} INFO - [2023-09-14T17:38:32.056+0100] {dag.py:2915} INFO - Sync 1 DAGs
[2023-09-14T17:38:32.073+0100] {logging_mixin.py:151} INFO - [2023-09-14T17:38:32.072+0100] {dag.py:3696} INFO - Setting next_dagrun for example_sensor_decorator to None, run_after=None
[2023-09-14T17:38:32.116+0100] {processor.py:179} INFO - Processing /home/joestar/Documents/projects/airflow_etl/airflow_env/lib/python3.8/site-packages/airflow/example_dags/example_sensor_decorator.py took 0.093 seconds
[2023-09-14T17:39:24.558+0100] {processor.py:157} INFO - Started process (PID=33031) to work on /home/joestar/Documents/projects/airflow_etl/airflow_env/lib/python3.8/site-packages/airflow/example_dags/example_sensor_decorator.py
[2023-09-14T17:39:24.559+0100] {processor.py:829} INFO - Processing file /home/joestar/Documents/projects/airflow_etl/airflow_env/lib/python3.8/site-packages/airflow/example_dags/example_sensor_decorator.py for tasks to queue
[2023-09-14T17:39:24.560+0100] {logging_mixin.py:151} INFO - [2023-09-14T17:39:24.560+0100] {dagbag.py:539} INFO - Filling up the DagBag from /home/joestar/Documents/projects/airflow_etl/airflow_env/lib/python3.8/site-packages/airflow/example_dags/example_sensor_decorator.py
[2023-09-14T17:39:24.568+0100] {processor.py:839} INFO - DAG(s) dict_keys(['example_sensor_decorator']) retrieved from /home/joestar/Documents/projects/airflow_etl/airflow_env/lib/python3.8/site-packages/airflow/example_dags/example_sensor_decorator.py
[2023-09-14T17:39:24.588+0100] {logging_mixin.py:151} INFO - [2023-09-14T17:39:24.588+0100] {dag.py:2915} INFO - Sync 1 DAGs
[2023-09-14T17:39:24.603+0100] {logging_mixin.py:151} INFO - [2023-09-14T17:39:24.602+0100] {dag.py:3696} INFO - Setting next_dagrun for example_sensor_decorator to None, run_after=None
[2023-09-14T17:39:24.633+0100] {processor.py:179} INFO - Processing /home/joestar/Documents/projects/airflow_etl/airflow_env/lib/python3.8/site-packages/airflow/example_dags/example_sensor_decorator.py took 0.079 seconds
[2023-09-14T17:40:27.174+0100] {processor.py:157} INFO - Started process (PID=33381) to work on /home/joestar/Documents/projects/airflow_etl/airflow_env/lib/python3.8/site-packages/airflow/example_dags/example_sensor_decorator.py
[2023-09-14T17:40:27.175+0100] {processor.py:829} INFO - Processing file /home/joestar/Documents/projects/airflow_etl/airflow_env/lib/python3.8/site-packages/airflow/example_dags/example_sensor_decorator.py for tasks to queue
[2023-09-14T17:40:27.176+0100] {logging_mixin.py:151} INFO - [2023-09-14T17:40:27.175+0100] {dagbag.py:539} INFO - Filling up the DagBag from /home/joestar/Documents/projects/airflow_etl/airflow_env/lib/python3.8/site-packages/airflow/example_dags/example_sensor_decorator.py
[2023-09-14T17:40:27.181+0100] {processor.py:839} INFO - DAG(s) dict_keys(['example_sensor_decorator']) retrieved from /home/joestar/Documents/projects/airflow_etl/airflow_env/lib/python3.8/site-packages/airflow/example_dags/example_sensor_decorator.py
[2023-09-14T17:40:27.195+0100] {logging_mixin.py:151} INFO - [2023-09-14T17:40:27.194+0100] {dag.py:2915} INFO - Sync 1 DAGs
[2023-09-14T17:40:27.205+0100] {logging_mixin.py:151} INFO - [2023-09-14T17:40:27.204+0100] {dag.py:3696} INFO - Setting next_dagrun for example_sensor_decorator to None, run_after=None
[2023-09-14T17:40:27.228+0100] {processor.py:179} INFO - Processing /home/joestar/Documents/projects/airflow_etl/airflow_env/lib/python3.8/site-packages/airflow/example_dags/example_sensor_decorator.py took 0.056 seconds
[2023-09-14T17:41:21.201+0100] {processor.py:157} INFO - Started process (PID=33774) to work on /home/joestar/Documents/projects/airflow_etl/airflow_env/lib/python3.8/site-packages/airflow/example_dags/example_sensor_decorator.py
[2023-09-14T17:41:21.203+0100] {processor.py:829} INFO - Processing file /home/joestar/Documents/projects/airflow_etl/airflow_env/lib/python3.8/site-packages/airflow/example_dags/example_sensor_decorator.py for tasks to queue
[2023-09-14T17:41:21.205+0100] {logging_mixin.py:151} INFO - [2023-09-14T17:41:21.204+0100] {dagbag.py:539} INFO - Filling up the DagBag from /home/joestar/Documents/projects/airflow_etl/airflow_env/lib/python3.8/site-packages/airflow/example_dags/example_sensor_decorator.py
[2023-09-14T17:41:21.215+0100] {processor.py:839} INFO - DAG(s) dict_keys(['example_sensor_decorator']) retrieved from /home/joestar/Documents/projects/airflow_etl/airflow_env/lib/python3.8/site-packages/airflow/example_dags/example_sensor_decorator.py
[2023-09-14T17:41:21.237+0100] {logging_mixin.py:151} INFO - [2023-09-14T17:41:21.236+0100] {dag.py:2915} INFO - Sync 1 DAGs
[2023-09-14T17:41:21.247+0100] {logging_mixin.py:151} INFO - [2023-09-14T17:41:21.247+0100] {dag.py:3696} INFO - Setting next_dagrun for example_sensor_decorator to None, run_after=None
[2023-09-14T17:41:21.274+0100] {processor.py:179} INFO - Processing /home/joestar/Documents/projects/airflow_etl/airflow_env/lib/python3.8/site-packages/airflow/example_dags/example_sensor_decorator.py took 0.078 seconds
[2023-09-14T17:42:19.773+0100] {processor.py:157} INFO - Started process (PID=34069) to work on /home/joestar/Documents/projects/airflow_etl/airflow_env/lib/python3.8/site-packages/airflow/example_dags/example_sensor_decorator.py
[2023-09-14T17:42:19.774+0100] {processor.py:829} INFO - Processing file /home/joestar/Documents/projects/airflow_etl/airflow_env/lib/python3.8/site-packages/airflow/example_dags/example_sensor_decorator.py for tasks to queue
[2023-09-14T17:42:19.775+0100] {logging_mixin.py:151} INFO - [2023-09-14T17:42:19.774+0100] {dagbag.py:539} INFO - Filling up the DagBag from /home/joestar/Documents/projects/airflow_etl/airflow_env/lib/python3.8/site-packages/airflow/example_dags/example_sensor_decorator.py
[2023-09-14T17:42:19.783+0100] {processor.py:839} INFO - DAG(s) dict_keys(['example_sensor_decorator']) retrieved from /home/joestar/Documents/projects/airflow_etl/airflow_env/lib/python3.8/site-packages/airflow/example_dags/example_sensor_decorator.py
[2023-09-14T17:42:19.800+0100] {logging_mixin.py:151} INFO - [2023-09-14T17:42:19.800+0100] {dag.py:2915} INFO - Sync 1 DAGs
[2023-09-14T17:42:19.817+0100] {logging_mixin.py:151} INFO - [2023-09-14T17:42:19.817+0100] {dag.py:3696} INFO - Setting next_dagrun for example_sensor_decorator to None, run_after=None
[2023-09-14T17:42:19.850+0100] {processor.py:179} INFO - Processing /home/joestar/Documents/projects/airflow_etl/airflow_env/lib/python3.8/site-packages/airflow/example_dags/example_sensor_decorator.py took 0.080 seconds
[2023-09-14T17:43:20.968+0100] {processor.py:157} INFO - Started process (PID=34340) to work on /home/joestar/Documents/projects/airflow_etl/airflow_env/lib/python3.8/site-packages/airflow/example_dags/example_sensor_decorator.py
[2023-09-14T17:43:20.969+0100] {processor.py:829} INFO - Processing file /home/joestar/Documents/projects/airflow_etl/airflow_env/lib/python3.8/site-packages/airflow/example_dags/example_sensor_decorator.py for tasks to queue
[2023-09-14T17:43:20.970+0100] {logging_mixin.py:151} INFO - [2023-09-14T17:43:20.970+0100] {dagbag.py:539} INFO - Filling up the DagBag from /home/joestar/Documents/projects/airflow_etl/airflow_env/lib/python3.8/site-packages/airflow/example_dags/example_sensor_decorator.py
[2023-09-14T17:43:20.979+0100] {processor.py:839} INFO - DAG(s) dict_keys(['example_sensor_decorator']) retrieved from /home/joestar/Documents/projects/airflow_etl/airflow_env/lib/python3.8/site-packages/airflow/example_dags/example_sensor_decorator.py
[2023-09-14T17:43:21.005+0100] {logging_mixin.py:151} INFO - [2023-09-14T17:43:21.004+0100] {dag.py:2915} INFO - Sync 1 DAGs
[2023-09-14T17:43:21.024+0100] {logging_mixin.py:151} INFO - [2023-09-14T17:43:21.024+0100] {dag.py:3696} INFO - Setting next_dagrun for example_sensor_decorator to None, run_after=None
[2023-09-14T17:43:21.062+0100] {processor.py:179} INFO - Processing /home/joestar/Documents/projects/airflow_etl/airflow_env/lib/python3.8/site-packages/airflow/example_dags/example_sensor_decorator.py took 0.098 seconds
[2023-09-14T17:44:20.878+0100] {processor.py:157} INFO - Started process (PID=34662) to work on /home/joestar/Documents/projects/airflow_etl/airflow_env/lib/python3.8/site-packages/airflow/example_dags/example_sensor_decorator.py
[2023-09-14T17:44:20.880+0100] {processor.py:829} INFO - Processing file /home/joestar/Documents/projects/airflow_etl/airflow_env/lib/python3.8/site-packages/airflow/example_dags/example_sensor_decorator.py for tasks to queue
[2023-09-14T17:44:20.881+0100] {logging_mixin.py:151} INFO - [2023-09-14T17:44:20.880+0100] {dagbag.py:539} INFO - Filling up the DagBag from /home/joestar/Documents/projects/airflow_etl/airflow_env/lib/python3.8/site-packages/airflow/example_dags/example_sensor_decorator.py
[2023-09-14T17:44:20.892+0100] {processor.py:839} INFO - DAG(s) dict_keys(['example_sensor_decorator']) retrieved from /home/joestar/Documents/projects/airflow_etl/airflow_env/lib/python3.8/site-packages/airflow/example_dags/example_sensor_decorator.py
[2023-09-14T17:44:20.917+0100] {logging_mixin.py:151} INFO - [2023-09-14T17:44:20.916+0100] {dag.py:2915} INFO - Sync 1 DAGs
[2023-09-14T17:44:20.941+0100] {logging_mixin.py:151} INFO - [2023-09-14T17:44:20.941+0100] {dag.py:3696} INFO - Setting next_dagrun for example_sensor_decorator to None, run_after=None
[2023-09-14T17:44:20.974+0100] {processor.py:179} INFO - Processing /home/joestar/Documents/projects/airflow_etl/airflow_env/lib/python3.8/site-packages/airflow/example_dags/example_sensor_decorator.py took 0.100 seconds
[2023-09-14T17:45:22.066+0100] {processor.py:157} INFO - Started process (PID=34920) to work on /home/joestar/Documents/projects/airflow_etl/airflow_env/lib/python3.8/site-packages/airflow/example_dags/example_sensor_decorator.py
[2023-09-14T17:45:22.067+0100] {processor.py:829} INFO - Processing file /home/joestar/Documents/projects/airflow_etl/airflow_env/lib/python3.8/site-packages/airflow/example_dags/example_sensor_decorator.py for tasks to queue
[2023-09-14T17:45:22.069+0100] {logging_mixin.py:151} INFO - [2023-09-14T17:45:22.068+0100] {dagbag.py:539} INFO - Filling up the DagBag from /home/joestar/Documents/projects/airflow_etl/airflow_env/lib/python3.8/site-packages/airflow/example_dags/example_sensor_decorator.py
[2023-09-14T17:45:22.084+0100] {processor.py:839} INFO - DAG(s) dict_keys(['example_sensor_decorator']) retrieved from /home/joestar/Documents/projects/airflow_etl/airflow_env/lib/python3.8/site-packages/airflow/example_dags/example_sensor_decorator.py
[2023-09-14T17:45:22.121+0100] {logging_mixin.py:151} INFO - [2023-09-14T17:45:22.120+0100] {dag.py:2915} INFO - Sync 1 DAGs
[2023-09-14T17:45:22.151+0100] {logging_mixin.py:151} INFO - [2023-09-14T17:45:22.150+0100] {dag.py:3696} INFO - Setting next_dagrun for example_sensor_decorator to None, run_after=None
[2023-09-14T17:45:22.203+0100] {processor.py:179} INFO - Processing /home/joestar/Documents/projects/airflow_etl/airflow_env/lib/python3.8/site-packages/airflow/example_dags/example_sensor_decorator.py took 0.147 seconds
[2023-09-14T17:46:24.664+0100] {processor.py:157} INFO - Started process (PID=35198) to work on /home/joestar/Documents/projects/airflow_etl/airflow_env/lib/python3.8/site-packages/airflow/example_dags/example_sensor_decorator.py
[2023-09-14T17:46:24.665+0100] {processor.py:829} INFO - Processing file /home/joestar/Documents/projects/airflow_etl/airflow_env/lib/python3.8/site-packages/airflow/example_dags/example_sensor_decorator.py for tasks to queue
[2023-09-14T17:46:24.666+0100] {logging_mixin.py:151} INFO - [2023-09-14T17:46:24.666+0100] {dagbag.py:539} INFO - Filling up the DagBag from /home/joestar/Documents/projects/airflow_etl/airflow_env/lib/python3.8/site-packages/airflow/example_dags/example_sensor_decorator.py
[2023-09-14T17:46:24.673+0100] {processor.py:839} INFO - DAG(s) dict_keys(['example_sensor_decorator']) retrieved from /home/joestar/Documents/projects/airflow_etl/airflow_env/lib/python3.8/site-packages/airflow/example_dags/example_sensor_decorator.py
[2023-09-14T17:46:24.693+0100] {logging_mixin.py:151} INFO - [2023-09-14T17:46:24.693+0100] {dag.py:2915} INFO - Sync 1 DAGs
[2023-09-14T17:46:24.709+0100] {logging_mixin.py:151} INFO - [2023-09-14T17:46:24.709+0100] {dag.py:3696} INFO - Setting next_dagrun for example_sensor_decorator to None, run_after=None
[2023-09-14T17:46:24.743+0100] {processor.py:179} INFO - Processing /home/joestar/Documents/projects/airflow_etl/airflow_env/lib/python3.8/site-packages/airflow/example_dags/example_sensor_decorator.py took 0.082 seconds
[2023-09-14T17:47:41.361+0100] {processor.py:157} INFO - Started process (PID=35501) to work on /home/joestar/Documents/projects/airflow_etl/airflow_env/lib/python3.8/site-packages/airflow/example_dags/example_sensor_decorator.py
[2023-09-14T17:47:41.363+0100] {processor.py:829} INFO - Processing file /home/joestar/Documents/projects/airflow_etl/airflow_env/lib/python3.8/site-packages/airflow/example_dags/example_sensor_decorator.py for tasks to queue
[2023-09-14T17:47:41.364+0100] {logging_mixin.py:151} INFO - [2023-09-14T17:47:41.364+0100] {dagbag.py:539} INFO - Filling up the DagBag from /home/joestar/Documents/projects/airflow_etl/airflow_env/lib/python3.8/site-packages/airflow/example_dags/example_sensor_decorator.py
[2023-09-14T17:47:41.384+0100] {processor.py:839} INFO - DAG(s) dict_keys(['example_sensor_decorator']) retrieved from /home/joestar/Documents/projects/airflow_etl/airflow_env/lib/python3.8/site-packages/airflow/example_dags/example_sensor_decorator.py
[2023-09-14T17:47:41.418+0100] {logging_mixin.py:151} INFO - [2023-09-14T17:47:41.417+0100] {dag.py:2915} INFO - Sync 1 DAGs
[2023-09-14T17:47:41.446+0100] {logging_mixin.py:151} INFO - [2023-09-14T17:47:41.446+0100] {dag.py:3696} INFO - Setting next_dagrun for example_sensor_decorator to None, run_after=None
[2023-09-14T17:47:41.513+0100] {processor.py:179} INFO - Processing /home/joestar/Documents/projects/airflow_etl/airflow_env/lib/python3.8/site-packages/airflow/example_dags/example_sensor_decorator.py took 0.163 seconds
[2023-09-14T17:49:03.648+0100] {processor.py:157} INFO - Started process (PID=35825) to work on /home/joestar/Documents/projects/airflow_etl/airflow_env/lib/python3.8/site-packages/airflow/example_dags/example_sensor_decorator.py
[2023-09-14T17:49:03.649+0100] {processor.py:829} INFO - Processing file /home/joestar/Documents/projects/airflow_etl/airflow_env/lib/python3.8/site-packages/airflow/example_dags/example_sensor_decorator.py for tasks to queue
[2023-09-14T17:49:03.652+0100] {logging_mixin.py:151} INFO - [2023-09-14T17:49:03.651+0100] {dagbag.py:539} INFO - Filling up the DagBag from /home/joestar/Documents/projects/airflow_etl/airflow_env/lib/python3.8/site-packages/airflow/example_dags/example_sensor_decorator.py
[2023-09-14T17:49:03.661+0100] {processor.py:839} INFO - DAG(s) dict_keys(['example_sensor_decorator']) retrieved from /home/joestar/Documents/projects/airflow_etl/airflow_env/lib/python3.8/site-packages/airflow/example_dags/example_sensor_decorator.py
[2023-09-14T17:49:03.688+0100] {logging_mixin.py:151} INFO - [2023-09-14T17:49:03.688+0100] {dag.py:2915} INFO - Sync 1 DAGs
[2023-09-14T17:49:03.712+0100] {logging_mixin.py:151} INFO - [2023-09-14T17:49:03.711+0100] {dag.py:3696} INFO - Setting next_dagrun for example_sensor_decorator to None, run_after=None
[2023-09-14T17:49:03.750+0100] {processor.py:179} INFO - Processing /home/joestar/Documents/projects/airflow_etl/airflow_env/lib/python3.8/site-packages/airflow/example_dags/example_sensor_decorator.py took 0.106 seconds
[2023-09-14T17:49:54.549+0100] {processor.py:157} INFO - Started process (PID=36026) to work on /home/joestar/Documents/projects/airflow_etl/airflow_env/lib/python3.8/site-packages/airflow/example_dags/example_sensor_decorator.py
[2023-09-14T17:49:54.550+0100] {processor.py:829} INFO - Processing file /home/joestar/Documents/projects/airflow_etl/airflow_env/lib/python3.8/site-packages/airflow/example_dags/example_sensor_decorator.py for tasks to queue
[2023-09-14T17:49:54.551+0100] {logging_mixin.py:151} INFO - [2023-09-14T17:49:54.550+0100] {dagbag.py:539} INFO - Filling up the DagBag from /home/joestar/Documents/projects/airflow_etl/airflow_env/lib/python3.8/site-packages/airflow/example_dags/example_sensor_decorator.py
[2023-09-14T17:49:54.558+0100] {processor.py:839} INFO - DAG(s) dict_keys(['example_sensor_decorator']) retrieved from /home/joestar/Documents/projects/airflow_etl/airflow_env/lib/python3.8/site-packages/airflow/example_dags/example_sensor_decorator.py
[2023-09-14T17:49:54.580+0100] {logging_mixin.py:151} INFO - [2023-09-14T17:49:54.580+0100] {dag.py:2915} INFO - Sync 1 DAGs
[2023-09-14T17:49:54.597+0100] {logging_mixin.py:151} INFO - [2023-09-14T17:49:54.597+0100] {dag.py:3696} INFO - Setting next_dagrun for example_sensor_decorator to None, run_after=None
[2023-09-14T17:49:54.630+0100] {processor.py:179} INFO - Processing /home/joestar/Documents/projects/airflow_etl/airflow_env/lib/python3.8/site-packages/airflow/example_dags/example_sensor_decorator.py took 0.085 seconds
[2023-09-14T17:50:55.590+0100] {processor.py:157} INFO - Started process (PID=36316) to work on /home/joestar/Documents/projects/airflow_etl/airflow_env/lib/python3.8/site-packages/airflow/example_dags/example_sensor_decorator.py
[2023-09-14T17:50:55.592+0100] {processor.py:829} INFO - Processing file /home/joestar/Documents/projects/airflow_etl/airflow_env/lib/python3.8/site-packages/airflow/example_dags/example_sensor_decorator.py for tasks to queue
[2023-09-14T17:50:55.593+0100] {logging_mixin.py:151} INFO - [2023-09-14T17:50:55.593+0100] {dagbag.py:539} INFO - Filling up the DagBag from /home/joestar/Documents/projects/airflow_etl/airflow_env/lib/python3.8/site-packages/airflow/example_dags/example_sensor_decorator.py
[2023-09-14T17:50:55.605+0100] {processor.py:839} INFO - DAG(s) dict_keys(['example_sensor_decorator']) retrieved from /home/joestar/Documents/projects/airflow_etl/airflow_env/lib/python3.8/site-packages/airflow/example_dags/example_sensor_decorator.py
[2023-09-14T17:50:55.631+0100] {logging_mixin.py:151} INFO - [2023-09-14T17:50:55.631+0100] {dag.py:2915} INFO - Sync 1 DAGs
[2023-09-14T17:50:55.648+0100] {logging_mixin.py:151} INFO - [2023-09-14T17:50:55.648+0100] {dag.py:3696} INFO - Setting next_dagrun for example_sensor_decorator to None, run_after=None
[2023-09-14T17:50:55.685+0100] {processor.py:179} INFO - Processing /home/joestar/Documents/projects/airflow_etl/airflow_env/lib/python3.8/site-packages/airflow/example_dags/example_sensor_decorator.py took 0.099 seconds
[2023-09-14T17:51:52.104+0100] {processor.py:157} INFO - Started process (PID=36567) to work on /home/joestar/Documents/projects/airflow_etl/airflow_env/lib/python3.8/site-packages/airflow/example_dags/example_sensor_decorator.py
[2023-09-14T17:51:52.105+0100] {processor.py:829} INFO - Processing file /home/joestar/Documents/projects/airflow_etl/airflow_env/lib/python3.8/site-packages/airflow/example_dags/example_sensor_decorator.py for tasks to queue
[2023-09-14T17:51:52.106+0100] {logging_mixin.py:151} INFO - [2023-09-14T17:51:52.105+0100] {dagbag.py:539} INFO - Filling up the DagBag from /home/joestar/Documents/projects/airflow_etl/airflow_env/lib/python3.8/site-packages/airflow/example_dags/example_sensor_decorator.py
[2023-09-14T17:51:52.113+0100] {processor.py:839} INFO - DAG(s) dict_keys(['example_sensor_decorator']) retrieved from /home/joestar/Documents/projects/airflow_etl/airflow_env/lib/python3.8/site-packages/airflow/example_dags/example_sensor_decorator.py
[2023-09-14T17:51:52.128+0100] {logging_mixin.py:151} INFO - [2023-09-14T17:51:52.128+0100] {dag.py:2915} INFO - Sync 1 DAGs
[2023-09-14T17:51:52.145+0100] {logging_mixin.py:151} INFO - [2023-09-14T17:51:52.144+0100] {dag.py:3696} INFO - Setting next_dagrun for example_sensor_decorator to None, run_after=None
[2023-09-14T17:51:52.174+0100] {processor.py:179} INFO - Processing /home/joestar/Documents/projects/airflow_etl/airflow_env/lib/python3.8/site-packages/airflow/example_dags/example_sensor_decorator.py took 0.073 seconds
[2023-09-14T17:52:49.850+0100] {processor.py:157} INFO - Started process (PID=36825) to work on /home/joestar/Documents/projects/airflow_etl/airflow_env/lib/python3.8/site-packages/airflow/example_dags/example_sensor_decorator.py
[2023-09-14T17:52:49.852+0100] {processor.py:829} INFO - Processing file /home/joestar/Documents/projects/airflow_etl/airflow_env/lib/python3.8/site-packages/airflow/example_dags/example_sensor_decorator.py for tasks to queue
[2023-09-14T17:52:49.853+0100] {logging_mixin.py:151} INFO - [2023-09-14T17:52:49.852+0100] {dagbag.py:539} INFO - Filling up the DagBag from /home/joestar/Documents/projects/airflow_etl/airflow_env/lib/python3.8/site-packages/airflow/example_dags/example_sensor_decorator.py
[2023-09-14T17:52:49.861+0100] {processor.py:839} INFO - DAG(s) dict_keys(['example_sensor_decorator']) retrieved from /home/joestar/Documents/projects/airflow_etl/airflow_env/lib/python3.8/site-packages/airflow/example_dags/example_sensor_decorator.py
[2023-09-14T17:52:49.886+0100] {logging_mixin.py:151} INFO - [2023-09-14T17:52:49.885+0100] {dag.py:2915} INFO - Sync 1 DAGs
[2023-09-14T17:52:49.906+0100] {logging_mixin.py:151} INFO - [2023-09-14T17:52:49.906+0100] {dag.py:3696} INFO - Setting next_dagrun for example_sensor_decorator to None, run_after=None
[2023-09-14T17:52:49.944+0100] {processor.py:179} INFO - Processing /home/joestar/Documents/projects/airflow_etl/airflow_env/lib/python3.8/site-packages/airflow/example_dags/example_sensor_decorator.py took 0.098 seconds
[2023-09-14T18:03:27.963+0100] {processor.py:157} INFO - Started process (PID=38825) to work on /home/joestar/Documents/projects/airflow_etl/airflow_env/lib/python3.8/site-packages/airflow/example_dags/example_sensor_decorator.py
[2023-09-14T18:03:27.964+0100] {processor.py:829} INFO - Processing file /home/joestar/Documents/projects/airflow_etl/airflow_env/lib/python3.8/site-packages/airflow/example_dags/example_sensor_decorator.py for tasks to queue
[2023-09-14T18:03:27.965+0100] {logging_mixin.py:151} INFO - [2023-09-14T18:03:27.965+0100] {dagbag.py:539} INFO - Filling up the DagBag from /home/joestar/Documents/projects/airflow_etl/airflow_env/lib/python3.8/site-packages/airflow/example_dags/example_sensor_decorator.py
[2023-09-14T18:03:27.971+0100] {processor.py:839} INFO - DAG(s) dict_keys(['example_sensor_decorator']) retrieved from /home/joestar/Documents/projects/airflow_etl/airflow_env/lib/python3.8/site-packages/airflow/example_dags/example_sensor_decorator.py
[2023-09-14T18:03:27.989+0100] {logging_mixin.py:151} INFO - [2023-09-14T18:03:27.988+0100] {dag.py:2915} INFO - Sync 1 DAGs
[2023-09-14T18:03:28.007+0100] {logging_mixin.py:151} INFO - [2023-09-14T18:03:28.007+0100] {dag.py:3696} INFO - Setting next_dagrun for example_sensor_decorator to None, run_after=None
[2023-09-14T18:03:28.038+0100] {processor.py:179} INFO - Processing /home/joestar/Documents/projects/airflow_etl/airflow_env/lib/python3.8/site-packages/airflow/example_dags/example_sensor_decorator.py took 0.078 seconds
[2023-09-14T18:04:18.795+0100] {processor.py:157} INFO - Started process (PID=39027) to work on /home/joestar/Documents/projects/airflow_etl/airflow_env/lib/python3.8/site-packages/airflow/example_dags/example_sensor_decorator.py
[2023-09-14T18:04:18.796+0100] {processor.py:829} INFO - Processing file /home/joestar/Documents/projects/airflow_etl/airflow_env/lib/python3.8/site-packages/airflow/example_dags/example_sensor_decorator.py for tasks to queue
[2023-09-14T18:04:18.797+0100] {logging_mixin.py:151} INFO - [2023-09-14T18:04:18.796+0100] {dagbag.py:539} INFO - Filling up the DagBag from /home/joestar/Documents/projects/airflow_etl/airflow_env/lib/python3.8/site-packages/airflow/example_dags/example_sensor_decorator.py
[2023-09-14T18:04:18.804+0100] {processor.py:839} INFO - DAG(s) dict_keys(['example_sensor_decorator']) retrieved from /home/joestar/Documents/projects/airflow_etl/airflow_env/lib/python3.8/site-packages/airflow/example_dags/example_sensor_decorator.py
[2023-09-14T18:04:18.825+0100] {logging_mixin.py:151} INFO - [2023-09-14T18:04:18.825+0100] {dag.py:2915} INFO - Sync 1 DAGs
[2023-09-14T18:04:18.841+0100] {logging_mixin.py:151} INFO - [2023-09-14T18:04:18.841+0100] {dag.py:3696} INFO - Setting next_dagrun for example_sensor_decorator to None, run_after=None
[2023-09-14T18:04:18.873+0100] {processor.py:179} INFO - Processing /home/joestar/Documents/projects/airflow_etl/airflow_env/lib/python3.8/site-packages/airflow/example_dags/example_sensor_decorator.py took 0.081 seconds
