[2023-09-14T17:12:23.013+0100] {processor.py:157} INFO - Started process (PID=24368) to work on /home/joestar/Documents/projects/airflow_etl/airflow_env/lib/python3.8/site-packages/airflow/example_dags/example_short_circuit_decorator.py
[2023-09-14T17:12:23.015+0100] {processor.py:829} INFO - Processing file /home/joestar/Documents/projects/airflow_etl/airflow_env/lib/python3.8/site-packages/airflow/example_dags/example_short_circuit_decorator.py for tasks to queue
[2023-09-14T17:12:23.017+0100] {logging_mixin.py:151} INFO - [2023-09-14T17:12:23.016+0100] {dagbag.py:539} INFO - Filling up the DagBag from /home/joestar/Documents/projects/airflow_etl/airflow_env/lib/python3.8/site-packages/airflow/example_dags/example_short_circuit_decorator.py
[2023-09-14T17:12:23.033+0100] {processor.py:839} INFO - DAG(s) dict_keys(['example_short_circuit_decorator']) retrieved from /home/joestar/Documents/projects/airflow_etl/airflow_env/lib/python3.8/site-packages/airflow/example_dags/example_short_circuit_decorator.py
[2023-09-14T17:12:23.132+0100] {logging_mixin.py:151} INFO - [2023-09-14T17:12:23.132+0100] {manager.py:499} INFO - Created Permission View: %s
[2023-09-14T17:12:23.148+0100] {logging_mixin.py:151} INFO - [2023-09-14T17:12:23.148+0100] {manager.py:499} INFO - Created Permission View: %s
[2023-09-14T17:12:23.162+0100] {logging_mixin.py:151} INFO - [2023-09-14T17:12:23.162+0100] {manager.py:499} INFO - Created Permission View: %s
[2023-09-14T17:12:23.162+0100] {logging_mixin.py:151} INFO - [2023-09-14T17:12:23.162+0100] {security.py:708} INFO - Not syncing DAG-level permissions for DAG 'DAG:example_short_circuit_decorator' as access control is unset.
[2023-09-14T17:12:23.163+0100] {logging_mixin.py:151} INFO - [2023-09-14T17:12:23.162+0100] {dag.py:2915} INFO - Sync 1 DAGs
[2023-09-14T17:12:23.172+0100] {logging_mixin.py:151} INFO - [2023-09-14T17:12:23.172+0100] {dag.py:2937} INFO - Creating ORM DAG for example_short_circuit_decorator
[2023-09-14T17:12:23.180+0100] {logging_mixin.py:151} INFO - [2023-09-14T17:12:23.180+0100] {dag.py:3696} INFO - Setting next_dagrun for example_short_circuit_decorator to 2023-09-13T16:12:23.180648+00:00, run_after=2023-09-14T16:12:23.180648+00:00
[2023-09-14T17:12:23.211+0100] {processor.py:179} INFO - Processing /home/joestar/Documents/projects/airflow_etl/airflow_env/lib/python3.8/site-packages/airflow/example_dags/example_short_circuit_decorator.py took 0.205 seconds
[2023-09-14T17:13:15.439+0100] {processor.py:157} INFO - Started process (PID=24777) to work on /home/joestar/Documents/projects/airflow_etl/airflow_env/lib/python3.8/site-packages/airflow/example_dags/example_short_circuit_decorator.py
[2023-09-14T17:13:15.440+0100] {processor.py:829} INFO - Processing file /home/joestar/Documents/projects/airflow_etl/airflow_env/lib/python3.8/site-packages/airflow/example_dags/example_short_circuit_decorator.py for tasks to queue
[2023-09-14T17:13:15.441+0100] {logging_mixin.py:151} INFO - [2023-09-14T17:13:15.440+0100] {dagbag.py:539} INFO - Filling up the DagBag from /home/joestar/Documents/projects/airflow_etl/airflow_env/lib/python3.8/site-packages/airflow/example_dags/example_short_circuit_decorator.py
[2023-09-14T17:13:15.450+0100] {processor.py:839} INFO - DAG(s) dict_keys(['example_short_circuit_decorator']) retrieved from /home/joestar/Documents/projects/airflow_etl/airflow_env/lib/python3.8/site-packages/airflow/example_dags/example_short_circuit_decorator.py
[2023-09-14T17:13:15.465+0100] {logging_mixin.py:151} INFO - [2023-09-14T17:13:15.465+0100] {dag.py:2915} INFO - Sync 1 DAGs
[2023-09-14T17:13:15.486+0100] {logging_mixin.py:151} INFO - [2023-09-14T17:13:15.486+0100] {dag.py:3696} INFO - Setting next_dagrun for example_short_circuit_decorator to 2023-09-13T16:13:15.485957+00:00, run_after=2023-09-14T16:13:15.485957+00:00
[2023-09-14T17:13:15.508+0100] {processor.py:179} INFO - Processing /home/joestar/Documents/projects/airflow_etl/airflow_env/lib/python3.8/site-packages/airflow/example_dags/example_short_circuit_decorator.py took 0.073 seconds
[2023-09-14T17:14:04.750+0100] {processor.py:157} INFO - Started process (PID=25109) to work on /home/joestar/Documents/projects/airflow_etl/airflow_env/lib/python3.8/site-packages/airflow/example_dags/example_short_circuit_decorator.py
[2023-09-14T17:14:04.752+0100] {processor.py:829} INFO - Processing file /home/joestar/Documents/projects/airflow_etl/airflow_env/lib/python3.8/site-packages/airflow/example_dags/example_short_circuit_decorator.py for tasks to queue
[2023-09-14T17:14:04.753+0100] {logging_mixin.py:151} INFO - [2023-09-14T17:14:04.752+0100] {dagbag.py:539} INFO - Filling up the DagBag from /home/joestar/Documents/projects/airflow_etl/airflow_env/lib/python3.8/site-packages/airflow/example_dags/example_short_circuit_decorator.py
[2023-09-14T17:14:04.766+0100] {processor.py:839} INFO - DAG(s) dict_keys(['example_short_circuit_decorator']) retrieved from /home/joestar/Documents/projects/airflow_etl/airflow_env/lib/python3.8/site-packages/airflow/example_dags/example_short_circuit_decorator.py
[2023-09-14T17:14:04.783+0100] {logging_mixin.py:151} INFO - [2023-09-14T17:14:04.783+0100] {dag.py:2915} INFO - Sync 1 DAGs
[2023-09-14T17:14:04.800+0100] {logging_mixin.py:151} INFO - [2023-09-14T17:14:04.799+0100] {dag.py:3696} INFO - Setting next_dagrun for example_short_circuit_decorator to 2023-09-13T16:14:04.799637+00:00, run_after=2023-09-14T16:14:04.799637+00:00
[2023-09-14T17:14:04.823+0100] {processor.py:179} INFO - Processing /home/joestar/Documents/projects/airflow_etl/airflow_env/lib/python3.8/site-packages/airflow/example_dags/example_short_circuit_decorator.py took 0.077 seconds
[2023-09-14T17:14:58.334+0100] {processor.py:157} INFO - Started process (PID=25739) to work on /home/joestar/Documents/projects/airflow_etl/airflow_env/lib/python3.8/site-packages/airflow/example_dags/example_short_circuit_decorator.py
[2023-09-14T17:14:58.335+0100] {processor.py:829} INFO - Processing file /home/joestar/Documents/projects/airflow_etl/airflow_env/lib/python3.8/site-packages/airflow/example_dags/example_short_circuit_decorator.py for tasks to queue
[2023-09-14T17:14:58.336+0100] {logging_mixin.py:151} INFO - [2023-09-14T17:14:58.336+0100] {dagbag.py:539} INFO - Filling up the DagBag from /home/joestar/Documents/projects/airflow_etl/airflow_env/lib/python3.8/site-packages/airflow/example_dags/example_short_circuit_decorator.py
[2023-09-14T17:14:58.349+0100] {processor.py:839} INFO - DAG(s) dict_keys(['example_short_circuit_decorator']) retrieved from /home/joestar/Documents/projects/airflow_etl/airflow_env/lib/python3.8/site-packages/airflow/example_dags/example_short_circuit_decorator.py
[2023-09-14T17:14:58.373+0100] {logging_mixin.py:151} INFO - [2023-09-14T17:14:58.372+0100] {dag.py:2915} INFO - Sync 1 DAGs
[2023-09-14T17:14:58.399+0100] {logging_mixin.py:151} INFO - [2023-09-14T17:14:58.399+0100] {dag.py:3696} INFO - Setting next_dagrun for example_short_circuit_decorator to 2023-09-13T16:14:58.399124+00:00, run_after=2023-09-14T16:14:58.399124+00:00
[2023-09-14T17:14:58.432+0100] {processor.py:179} INFO - Processing /home/joestar/Documents/projects/airflow_etl/airflow_env/lib/python3.8/site-packages/airflow/example_dags/example_short_circuit_decorator.py took 0.102 seconds
[2023-09-14T17:15:44.352+0100] {processor.py:157} INFO - Started process (PID=25992) to work on /home/joestar/Documents/projects/airflow_etl/airflow_env/lib/python3.8/site-packages/airflow/example_dags/example_short_circuit_decorator.py
[2023-09-14T17:15:44.353+0100] {processor.py:829} INFO - Processing file /home/joestar/Documents/projects/airflow_etl/airflow_env/lib/python3.8/site-packages/airflow/example_dags/example_short_circuit_decorator.py for tasks to queue
[2023-09-14T17:15:44.355+0100] {logging_mixin.py:151} INFO - [2023-09-14T17:15:44.354+0100] {dagbag.py:539} INFO - Filling up the DagBag from /home/joestar/Documents/projects/airflow_etl/airflow_env/lib/python3.8/site-packages/airflow/example_dags/example_short_circuit_decorator.py
[2023-09-14T17:15:44.369+0100] {processor.py:839} INFO - DAG(s) dict_keys(['example_short_circuit_decorator']) retrieved from /home/joestar/Documents/projects/airflow_etl/airflow_env/lib/python3.8/site-packages/airflow/example_dags/example_short_circuit_decorator.py
[2023-09-14T17:15:44.399+0100] {logging_mixin.py:151} INFO - [2023-09-14T17:15:44.399+0100] {dag.py:2915} INFO - Sync 1 DAGs
[2023-09-14T17:15:44.426+0100] {logging_mixin.py:151} INFO - [2023-09-14T17:15:44.426+0100] {dag.py:3696} INFO - Setting next_dagrun for example_short_circuit_decorator to 2023-09-13T16:15:44.426511+00:00, run_after=2023-09-14T16:15:44.426511+00:00
[2023-09-14T17:15:44.465+0100] {processor.py:179} INFO - Processing /home/joestar/Documents/projects/airflow_etl/airflow_env/lib/python3.8/site-packages/airflow/example_dags/example_short_circuit_decorator.py took 0.116 seconds
[2023-09-14T17:16:38.717+0100] {processor.py:157} INFO - Started process (PID=26241) to work on /home/joestar/Documents/projects/airflow_etl/airflow_env/lib/python3.8/site-packages/airflow/example_dags/example_short_circuit_decorator.py
[2023-09-14T17:16:38.718+0100] {processor.py:829} INFO - Processing file /home/joestar/Documents/projects/airflow_etl/airflow_env/lib/python3.8/site-packages/airflow/example_dags/example_short_circuit_decorator.py for tasks to queue
[2023-09-14T17:16:38.719+0100] {logging_mixin.py:151} INFO - [2023-09-14T17:16:38.719+0100] {dagbag.py:539} INFO - Filling up the DagBag from /home/joestar/Documents/projects/airflow_etl/airflow_env/lib/python3.8/site-packages/airflow/example_dags/example_short_circuit_decorator.py
[2023-09-14T17:16:38.728+0100] {processor.py:839} INFO - DAG(s) dict_keys(['example_short_circuit_decorator']) retrieved from /home/joestar/Documents/projects/airflow_etl/airflow_env/lib/python3.8/site-packages/airflow/example_dags/example_short_circuit_decorator.py
[2023-09-14T17:16:38.744+0100] {logging_mixin.py:151} INFO - [2023-09-14T17:16:38.744+0100] {dag.py:2915} INFO - Sync 1 DAGs
[2023-09-14T17:16:38.764+0100] {logging_mixin.py:151} INFO - [2023-09-14T17:16:38.764+0100] {dag.py:3696} INFO - Setting next_dagrun for example_short_circuit_decorator to 2023-09-13T16:16:38.764354+00:00, run_after=2023-09-14T16:16:38.764354+00:00
[2023-09-14T17:16:38.803+0100] {processor.py:179} INFO - Processing /home/joestar/Documents/projects/airflow_etl/airflow_env/lib/python3.8/site-packages/airflow/example_dags/example_short_circuit_decorator.py took 0.089 seconds
[2023-09-14T17:17:29.413+0100] {processor.py:157} INFO - Started process (PID=26498) to work on /home/joestar/Documents/projects/airflow_etl/airflow_env/lib/python3.8/site-packages/airflow/example_dags/example_short_circuit_decorator.py
[2023-09-14T17:17:29.414+0100] {processor.py:829} INFO - Processing file /home/joestar/Documents/projects/airflow_etl/airflow_env/lib/python3.8/site-packages/airflow/example_dags/example_short_circuit_decorator.py for tasks to queue
[2023-09-14T17:17:29.415+0100] {logging_mixin.py:151} INFO - [2023-09-14T17:17:29.414+0100] {dagbag.py:539} INFO - Filling up the DagBag from /home/joestar/Documents/projects/airflow_etl/airflow_env/lib/python3.8/site-packages/airflow/example_dags/example_short_circuit_decorator.py
[2023-09-14T17:17:29.425+0100] {processor.py:839} INFO - DAG(s) dict_keys(['example_short_circuit_decorator']) retrieved from /home/joestar/Documents/projects/airflow_etl/airflow_env/lib/python3.8/site-packages/airflow/example_dags/example_short_circuit_decorator.py
[2023-09-14T17:17:29.448+0100] {logging_mixin.py:151} INFO - [2023-09-14T17:17:29.448+0100] {dag.py:2915} INFO - Sync 1 DAGs
[2023-09-14T17:17:29.470+0100] {logging_mixin.py:151} INFO - [2023-09-14T17:17:29.470+0100] {dag.py:3696} INFO - Setting next_dagrun for example_short_circuit_decorator to 2023-09-13T16:17:29.470285+00:00, run_after=2023-09-14T16:17:29.470285+00:00
[2023-09-14T17:17:29.502+0100] {processor.py:179} INFO - Processing /home/joestar/Documents/projects/airflow_etl/airflow_env/lib/python3.8/site-packages/airflow/example_dags/example_short_circuit_decorator.py took 0.094 seconds
[2023-09-14T17:18:18.533+0100] {processor.py:157} INFO - Started process (PID=26791) to work on /home/joestar/Documents/projects/airflow_etl/airflow_env/lib/python3.8/site-packages/airflow/example_dags/example_short_circuit_decorator.py
[2023-09-14T17:18:18.534+0100] {processor.py:829} INFO - Processing file /home/joestar/Documents/projects/airflow_etl/airflow_env/lib/python3.8/site-packages/airflow/example_dags/example_short_circuit_decorator.py for tasks to queue
[2023-09-14T17:18:18.535+0100] {logging_mixin.py:151} INFO - [2023-09-14T17:18:18.535+0100] {dagbag.py:539} INFO - Filling up the DagBag from /home/joestar/Documents/projects/airflow_etl/airflow_env/lib/python3.8/site-packages/airflow/example_dags/example_short_circuit_decorator.py
[2023-09-14T17:18:18.545+0100] {processor.py:839} INFO - DAG(s) dict_keys(['example_short_circuit_decorator']) retrieved from /home/joestar/Documents/projects/airflow_etl/airflow_env/lib/python3.8/site-packages/airflow/example_dags/example_short_circuit_decorator.py
[2023-09-14T17:18:18.561+0100] {logging_mixin.py:151} INFO - [2023-09-14T17:18:18.561+0100] {dag.py:2915} INFO - Sync 1 DAGs
[2023-09-14T17:18:18.581+0100] {logging_mixin.py:151} INFO - [2023-09-14T17:18:18.581+0100] {dag.py:3696} INFO - Setting next_dagrun for example_short_circuit_decorator to 2023-09-13T16:18:18.580918+00:00, run_after=2023-09-14T16:18:18.580918+00:00
[2023-09-14T17:18:18.605+0100] {processor.py:179} INFO - Processing /home/joestar/Documents/projects/airflow_etl/airflow_env/lib/python3.8/site-packages/airflow/example_dags/example_short_circuit_decorator.py took 0.074 seconds
[2023-09-14T17:19:12.700+0100] {processor.py:157} INFO - Started process (PID=27228) to work on /home/joestar/Documents/projects/airflow_etl/airflow_env/lib/python3.8/site-packages/airflow/example_dags/example_short_circuit_decorator.py
[2023-09-14T17:19:12.701+0100] {processor.py:829} INFO - Processing file /home/joestar/Documents/projects/airflow_etl/airflow_env/lib/python3.8/site-packages/airflow/example_dags/example_short_circuit_decorator.py for tasks to queue
[2023-09-14T17:19:12.702+0100] {logging_mixin.py:151} INFO - [2023-09-14T17:19:12.701+0100] {dagbag.py:539} INFO - Filling up the DagBag from /home/joestar/Documents/projects/airflow_etl/airflow_env/lib/python3.8/site-packages/airflow/example_dags/example_short_circuit_decorator.py
[2023-09-14T17:19:12.711+0100] {processor.py:839} INFO - DAG(s) dict_keys(['example_short_circuit_decorator']) retrieved from /home/joestar/Documents/projects/airflow_etl/airflow_env/lib/python3.8/site-packages/airflow/example_dags/example_short_circuit_decorator.py
[2023-09-14T17:19:12.729+0100] {logging_mixin.py:151} INFO - [2023-09-14T17:19:12.729+0100] {dag.py:2915} INFO - Sync 1 DAGs
[2023-09-14T17:19:12.747+0100] {logging_mixin.py:151} INFO - [2023-09-14T17:19:12.747+0100] {dag.py:3696} INFO - Setting next_dagrun for example_short_circuit_decorator to 2023-09-13T16:19:12.747433+00:00, run_after=2023-09-14T16:19:12.747433+00:00
[2023-09-14T17:19:12.795+0100] {processor.py:179} INFO - Processing /home/joestar/Documents/projects/airflow_etl/airflow_env/lib/python3.8/site-packages/airflow/example_dags/example_short_circuit_decorator.py took 0.099 seconds
[2023-09-14T17:20:10.538+0100] {processor.py:157} INFO - Started process (PID=27487) to work on /home/joestar/Documents/projects/airflow_etl/airflow_env/lib/python3.8/site-packages/airflow/example_dags/example_short_circuit_decorator.py
[2023-09-14T17:20:10.539+0100] {processor.py:829} INFO - Processing file /home/joestar/Documents/projects/airflow_etl/airflow_env/lib/python3.8/site-packages/airflow/example_dags/example_short_circuit_decorator.py for tasks to queue
[2023-09-14T17:20:10.541+0100] {logging_mixin.py:151} INFO - [2023-09-14T17:20:10.540+0100] {dagbag.py:539} INFO - Filling up the DagBag from /home/joestar/Documents/projects/airflow_etl/airflow_env/lib/python3.8/site-packages/airflow/example_dags/example_short_circuit_decorator.py
[2023-09-14T17:20:10.550+0100] {processor.py:839} INFO - DAG(s) dict_keys(['example_short_circuit_decorator']) retrieved from /home/joestar/Documents/projects/airflow_etl/airflow_env/lib/python3.8/site-packages/airflow/example_dags/example_short_circuit_decorator.py
[2023-09-14T17:20:10.567+0100] {logging_mixin.py:151} INFO - [2023-09-14T17:20:10.567+0100] {dag.py:2915} INFO - Sync 1 DAGs
[2023-09-14T17:20:10.596+0100] {logging_mixin.py:151} INFO - [2023-09-14T17:20:10.596+0100] {dag.py:3696} INFO - Setting next_dagrun for example_short_circuit_decorator to 2023-09-13T16:20:10.596071+00:00, run_after=2023-09-14T16:20:10.596071+00:00
[2023-09-14T17:20:10.632+0100] {processor.py:179} INFO - Processing /home/joestar/Documents/projects/airflow_etl/airflow_env/lib/python3.8/site-packages/airflow/example_dags/example_short_circuit_decorator.py took 0.096 seconds
[2023-09-14T17:21:01.854+0100] {processor.py:157} INFO - Started process (PID=27715) to work on /home/joestar/Documents/projects/airflow_etl/airflow_env/lib/python3.8/site-packages/airflow/example_dags/example_short_circuit_decorator.py
[2023-09-14T17:21:01.855+0100] {processor.py:829} INFO - Processing file /home/joestar/Documents/projects/airflow_etl/airflow_env/lib/python3.8/site-packages/airflow/example_dags/example_short_circuit_decorator.py for tasks to queue
[2023-09-14T17:21:01.855+0100] {logging_mixin.py:151} INFO - [2023-09-14T17:21:01.855+0100] {dagbag.py:539} INFO - Filling up the DagBag from /home/joestar/Documents/projects/airflow_etl/airflow_env/lib/python3.8/site-packages/airflow/example_dags/example_short_circuit_decorator.py
[2023-09-14T17:21:01.865+0100] {processor.py:839} INFO - DAG(s) dict_keys(['example_short_circuit_decorator']) retrieved from /home/joestar/Documents/projects/airflow_etl/airflow_env/lib/python3.8/site-packages/airflow/example_dags/example_short_circuit_decorator.py
[2023-09-14T17:21:01.881+0100] {logging_mixin.py:151} INFO - [2023-09-14T17:21:01.881+0100] {dag.py:2915} INFO - Sync 1 DAGs
[2023-09-14T17:21:01.899+0100] {logging_mixin.py:151} INFO - [2023-09-14T17:21:01.899+0100] {dag.py:3696} INFO - Setting next_dagrun for example_short_circuit_decorator to 2023-09-13T16:21:01.898932+00:00, run_after=2023-09-14T16:21:01.898932+00:00
[2023-09-14T17:21:01.926+0100] {processor.py:179} INFO - Processing /home/joestar/Documents/projects/airflow_etl/airflow_env/lib/python3.8/site-packages/airflow/example_dags/example_short_circuit_decorator.py took 0.075 seconds
[2023-09-14T17:21:55.370+0100] {processor.py:157} INFO - Started process (PID=27937) to work on /home/joestar/Documents/projects/airflow_etl/airflow_env/lib/python3.8/site-packages/airflow/example_dags/example_short_circuit_decorator.py
[2023-09-14T17:21:55.371+0100] {processor.py:829} INFO - Processing file /home/joestar/Documents/projects/airflow_etl/airflow_env/lib/python3.8/site-packages/airflow/example_dags/example_short_circuit_decorator.py for tasks to queue
[2023-09-14T17:21:55.372+0100] {logging_mixin.py:151} INFO - [2023-09-14T17:21:55.372+0100] {dagbag.py:539} INFO - Filling up the DagBag from /home/joestar/Documents/projects/airflow_etl/airflow_env/lib/python3.8/site-packages/airflow/example_dags/example_short_circuit_decorator.py
[2023-09-14T17:21:55.387+0100] {processor.py:839} INFO - DAG(s) dict_keys(['example_short_circuit_decorator']) retrieved from /home/joestar/Documents/projects/airflow_etl/airflow_env/lib/python3.8/site-packages/airflow/example_dags/example_short_circuit_decorator.py
[2023-09-14T17:21:55.404+0100] {logging_mixin.py:151} INFO - [2023-09-14T17:21:55.404+0100] {dag.py:2915} INFO - Sync 1 DAGs
[2023-09-14T17:21:55.435+0100] {logging_mixin.py:151} INFO - [2023-09-14T17:21:55.434+0100] {dag.py:3696} INFO - Setting next_dagrun for example_short_circuit_decorator to 2023-09-13T16:21:55.434630+00:00, run_after=2023-09-14T16:21:55.434630+00:00
[2023-09-14T17:21:55.462+0100] {processor.py:179} INFO - Processing /home/joestar/Documents/projects/airflow_etl/airflow_env/lib/python3.8/site-packages/airflow/example_dags/example_short_circuit_decorator.py took 0.094 seconds
[2023-09-14T17:22:48.620+0100] {processor.py:157} INFO - Started process (PID=28160) to work on /home/joestar/Documents/projects/airflow_etl/airflow_env/lib/python3.8/site-packages/airflow/example_dags/example_short_circuit_decorator.py
[2023-09-14T17:22:48.622+0100] {processor.py:829} INFO - Processing file /home/joestar/Documents/projects/airflow_etl/airflow_env/lib/python3.8/site-packages/airflow/example_dags/example_short_circuit_decorator.py for tasks to queue
[2023-09-14T17:22:48.623+0100] {logging_mixin.py:151} INFO - [2023-09-14T17:22:48.622+0100] {dagbag.py:539} INFO - Filling up the DagBag from /home/joestar/Documents/projects/airflow_etl/airflow_env/lib/python3.8/site-packages/airflow/example_dags/example_short_circuit_decorator.py
[2023-09-14T17:22:48.636+0100] {processor.py:839} INFO - DAG(s) dict_keys(['example_short_circuit_decorator']) retrieved from /home/joestar/Documents/projects/airflow_etl/airflow_env/lib/python3.8/site-packages/airflow/example_dags/example_short_circuit_decorator.py
[2023-09-14T17:22:48.665+0100] {logging_mixin.py:151} INFO - [2023-09-14T17:22:48.664+0100] {dag.py:2915} INFO - Sync 1 DAGs
[2023-09-14T17:22:48.691+0100] {logging_mixin.py:151} INFO - [2023-09-14T17:22:48.691+0100] {dag.py:3696} INFO - Setting next_dagrun for example_short_circuit_decorator to 2023-09-13T16:22:48.691110+00:00, run_after=2023-09-14T16:22:48.691110+00:00
[2023-09-14T17:22:48.723+0100] {processor.py:179} INFO - Processing /home/joestar/Documents/projects/airflow_etl/airflow_env/lib/python3.8/site-packages/airflow/example_dags/example_short_circuit_decorator.py took 0.105 seconds
[2023-09-14T17:23:43.691+0100] {processor.py:157} INFO - Started process (PID=28407) to work on /home/joestar/Documents/projects/airflow_etl/airflow_env/lib/python3.8/site-packages/airflow/example_dags/example_short_circuit_decorator.py
[2023-09-14T17:23:43.692+0100] {processor.py:829} INFO - Processing file /home/joestar/Documents/projects/airflow_etl/airflow_env/lib/python3.8/site-packages/airflow/example_dags/example_short_circuit_decorator.py for tasks to queue
[2023-09-14T17:23:43.693+0100] {logging_mixin.py:151} INFO - [2023-09-14T17:23:43.693+0100] {dagbag.py:539} INFO - Filling up the DagBag from /home/joestar/Documents/projects/airflow_etl/airflow_env/lib/python3.8/site-packages/airflow/example_dags/example_short_circuit_decorator.py
[2023-09-14T17:23:43.705+0100] {processor.py:839} INFO - DAG(s) dict_keys(['example_short_circuit_decorator']) retrieved from /home/joestar/Documents/projects/airflow_etl/airflow_env/lib/python3.8/site-packages/airflow/example_dags/example_short_circuit_decorator.py
[2023-09-14T17:23:43.727+0100] {logging_mixin.py:151} INFO - [2023-09-14T17:23:43.726+0100] {dag.py:2915} INFO - Sync 1 DAGs
[2023-09-14T17:23:43.750+0100] {logging_mixin.py:151} INFO - [2023-09-14T17:23:43.750+0100] {dag.py:3696} INFO - Setting next_dagrun for example_short_circuit_decorator to 2023-09-13T16:23:43.750287+00:00, run_after=2023-09-14T16:23:43.750287+00:00
[2023-09-14T17:23:43.780+0100] {processor.py:179} INFO - Processing /home/joestar/Documents/projects/airflow_etl/airflow_env/lib/python3.8/site-packages/airflow/example_dags/example_short_circuit_decorator.py took 0.093 seconds
[2023-09-14T17:24:43.839+0100] {processor.py:157} INFO - Started process (PID=28675) to work on /home/joestar/Documents/projects/airflow_etl/airflow_env/lib/python3.8/site-packages/airflow/example_dags/example_short_circuit_decorator.py
[2023-09-14T17:24:43.840+0100] {processor.py:829} INFO - Processing file /home/joestar/Documents/projects/airflow_etl/airflow_env/lib/python3.8/site-packages/airflow/example_dags/example_short_circuit_decorator.py for tasks to queue
[2023-09-14T17:24:43.842+0100] {logging_mixin.py:151} INFO - [2023-09-14T17:24:43.841+0100] {dagbag.py:539} INFO - Filling up the DagBag from /home/joestar/Documents/projects/airflow_etl/airflow_env/lib/python3.8/site-packages/airflow/example_dags/example_short_circuit_decorator.py
[2023-09-14T17:24:43.857+0100] {processor.py:839} INFO - DAG(s) dict_keys(['example_short_circuit_decorator']) retrieved from /home/joestar/Documents/projects/airflow_etl/airflow_env/lib/python3.8/site-packages/airflow/example_dags/example_short_circuit_decorator.py
[2023-09-14T17:24:43.890+0100] {logging_mixin.py:151} INFO - [2023-09-14T17:24:43.890+0100] {dag.py:2915} INFO - Sync 1 DAGs
[2023-09-14T17:24:43.921+0100] {logging_mixin.py:151} INFO - [2023-09-14T17:24:43.921+0100] {dag.py:3696} INFO - Setting next_dagrun for example_short_circuit_decorator to 2023-09-13T16:24:43.921337+00:00, run_after=2023-09-14T16:24:43.921337+00:00
[2023-09-14T17:24:43.955+0100] {processor.py:179} INFO - Processing /home/joestar/Documents/projects/airflow_etl/airflow_env/lib/python3.8/site-packages/airflow/example_dags/example_short_circuit_decorator.py took 0.121 seconds
[2023-09-14T17:25:40.850+0100] {processor.py:157} INFO - Started process (PID=28901) to work on /home/joestar/Documents/projects/airflow_etl/airflow_env/lib/python3.8/site-packages/airflow/example_dags/example_short_circuit_decorator.py
[2023-09-14T17:25:40.851+0100] {processor.py:829} INFO - Processing file /home/joestar/Documents/projects/airflow_etl/airflow_env/lib/python3.8/site-packages/airflow/example_dags/example_short_circuit_decorator.py for tasks to queue
[2023-09-14T17:25:40.852+0100] {logging_mixin.py:151} INFO - [2023-09-14T17:25:40.852+0100] {dagbag.py:539} INFO - Filling up the DagBag from /home/joestar/Documents/projects/airflow_etl/airflow_env/lib/python3.8/site-packages/airflow/example_dags/example_short_circuit_decorator.py
[2023-09-14T17:25:40.862+0100] {processor.py:839} INFO - DAG(s) dict_keys(['example_short_circuit_decorator']) retrieved from /home/joestar/Documents/projects/airflow_etl/airflow_env/lib/python3.8/site-packages/airflow/example_dags/example_short_circuit_decorator.py
[2023-09-14T17:25:40.879+0100] {logging_mixin.py:151} INFO - [2023-09-14T17:25:40.879+0100] {dag.py:2915} INFO - Sync 1 DAGs
[2023-09-14T17:25:40.899+0100] {logging_mixin.py:151} INFO - [2023-09-14T17:25:40.899+0100] {dag.py:3696} INFO - Setting next_dagrun for example_short_circuit_decorator to 2023-09-13T16:25:40.899152+00:00, run_after=2023-09-14T16:25:40.899152+00:00
[2023-09-14T17:25:40.923+0100] {processor.py:179} INFO - Processing /home/joestar/Documents/projects/airflow_etl/airflow_env/lib/python3.8/site-packages/airflow/example_dags/example_short_circuit_decorator.py took 0.075 seconds
[2023-09-14T17:26:34.389+0100] {processor.py:157} INFO - Started process (PID=29140) to work on /home/joestar/Documents/projects/airflow_etl/airflow_env/lib/python3.8/site-packages/airflow/example_dags/example_short_circuit_decorator.py
[2023-09-14T17:26:34.390+0100] {processor.py:829} INFO - Processing file /home/joestar/Documents/projects/airflow_etl/airflow_env/lib/python3.8/site-packages/airflow/example_dags/example_short_circuit_decorator.py for tasks to queue
[2023-09-14T17:26:34.391+0100] {logging_mixin.py:151} INFO - [2023-09-14T17:26:34.390+0100] {dagbag.py:539} INFO - Filling up the DagBag from /home/joestar/Documents/projects/airflow_etl/airflow_env/lib/python3.8/site-packages/airflow/example_dags/example_short_circuit_decorator.py
[2023-09-14T17:26:34.401+0100] {processor.py:839} INFO - DAG(s) dict_keys(['example_short_circuit_decorator']) retrieved from /home/joestar/Documents/projects/airflow_etl/airflow_env/lib/python3.8/site-packages/airflow/example_dags/example_short_circuit_decorator.py
[2023-09-14T17:26:34.424+0100] {logging_mixin.py:151} INFO - [2023-09-14T17:26:34.424+0100] {dag.py:2915} INFO - Sync 1 DAGs
[2023-09-14T17:26:34.445+0100] {logging_mixin.py:151} INFO - [2023-09-14T17:26:34.445+0100] {dag.py:3696} INFO - Setting next_dagrun for example_short_circuit_decorator to 2023-09-13T16:26:34.444893+00:00, run_after=2023-09-14T16:26:34.444893+00:00
[2023-09-14T17:26:34.474+0100] {processor.py:179} INFO - Processing /home/joestar/Documents/projects/airflow_etl/airflow_env/lib/python3.8/site-packages/airflow/example_dags/example_short_circuit_decorator.py took 0.089 seconds
[2023-09-14T17:27:26.873+0100] {processor.py:157} INFO - Started process (PID=29377) to work on /home/joestar/Documents/projects/airflow_etl/airflow_env/lib/python3.8/site-packages/airflow/example_dags/example_short_circuit_decorator.py
[2023-09-14T17:27:26.874+0100] {processor.py:829} INFO - Processing file /home/joestar/Documents/projects/airflow_etl/airflow_env/lib/python3.8/site-packages/airflow/example_dags/example_short_circuit_decorator.py for tasks to queue
[2023-09-14T17:27:26.875+0100] {logging_mixin.py:151} INFO - [2023-09-14T17:27:26.874+0100] {dagbag.py:539} INFO - Filling up the DagBag from /home/joestar/Documents/projects/airflow_etl/airflow_env/lib/python3.8/site-packages/airflow/example_dags/example_short_circuit_decorator.py
[2023-09-14T17:27:26.888+0100] {processor.py:839} INFO - DAG(s) dict_keys(['example_short_circuit_decorator']) retrieved from /home/joestar/Documents/projects/airflow_etl/airflow_env/lib/python3.8/site-packages/airflow/example_dags/example_short_circuit_decorator.py
[2023-09-14T17:27:26.911+0100] {logging_mixin.py:151} INFO - [2023-09-14T17:27:26.911+0100] {dag.py:2915} INFO - Sync 1 DAGs
[2023-09-14T17:27:26.933+0100] {logging_mixin.py:151} INFO - [2023-09-14T17:27:26.933+0100] {dag.py:3696} INFO - Setting next_dagrun for example_short_circuit_decorator to 2023-09-13T16:27:26.932872+00:00, run_after=2023-09-14T16:27:26.932872+00:00
[2023-09-14T17:27:26.963+0100] {processor.py:179} INFO - Processing /home/joestar/Documents/projects/airflow_etl/airflow_env/lib/python3.8/site-packages/airflow/example_dags/example_short_circuit_decorator.py took 0.094 seconds
[2023-09-14T17:28:22.211+0100] {processor.py:157} INFO - Started process (PID=29631) to work on /home/joestar/Documents/projects/airflow_etl/airflow_env/lib/python3.8/site-packages/airflow/example_dags/example_short_circuit_decorator.py
[2023-09-14T17:28:22.212+0100] {processor.py:829} INFO - Processing file /home/joestar/Documents/projects/airflow_etl/airflow_env/lib/python3.8/site-packages/airflow/example_dags/example_short_circuit_decorator.py for tasks to queue
[2023-09-14T17:28:22.214+0100] {logging_mixin.py:151} INFO - [2023-09-14T17:28:22.213+0100] {dagbag.py:539} INFO - Filling up the DagBag from /home/joestar/Documents/projects/airflow_etl/airflow_env/lib/python3.8/site-packages/airflow/example_dags/example_short_circuit_decorator.py
[2023-09-14T17:28:22.229+0100] {processor.py:839} INFO - DAG(s) dict_keys(['example_short_circuit_decorator']) retrieved from /home/joestar/Documents/projects/airflow_etl/airflow_env/lib/python3.8/site-packages/airflow/example_dags/example_short_circuit_decorator.py
[2023-09-14T17:28:22.261+0100] {logging_mixin.py:151} INFO - [2023-09-14T17:28:22.261+0100] {dag.py:2915} INFO - Sync 1 DAGs
[2023-09-14T17:28:22.295+0100] {logging_mixin.py:151} INFO - [2023-09-14T17:28:22.295+0100] {dag.py:3696} INFO - Setting next_dagrun for example_short_circuit_decorator to 2023-09-13T16:28:22.294695+00:00, run_after=2023-09-14T16:28:22.294695+00:00
[2023-09-14T17:28:22.337+0100] {processor.py:179} INFO - Processing /home/joestar/Documents/projects/airflow_etl/airflow_env/lib/python3.8/site-packages/airflow/example_dags/example_short_circuit_decorator.py took 0.130 seconds
[2023-09-14T17:29:13.336+0100] {processor.py:157} INFO - Started process (PID=29881) to work on /home/joestar/Documents/projects/airflow_etl/airflow_env/lib/python3.8/site-packages/airflow/example_dags/example_short_circuit_decorator.py
[2023-09-14T17:29:13.338+0100] {processor.py:829} INFO - Processing file /home/joestar/Documents/projects/airflow_etl/airflow_env/lib/python3.8/site-packages/airflow/example_dags/example_short_circuit_decorator.py for tasks to queue
[2023-09-14T17:29:13.340+0100] {logging_mixin.py:151} INFO - [2023-09-14T17:29:13.339+0100] {dagbag.py:539} INFO - Filling up the DagBag from /home/joestar/Documents/projects/airflow_etl/airflow_env/lib/python3.8/site-packages/airflow/example_dags/example_short_circuit_decorator.py
[2023-09-14T17:29:13.356+0100] {processor.py:839} INFO - DAG(s) dict_keys(['example_short_circuit_decorator']) retrieved from /home/joestar/Documents/projects/airflow_etl/airflow_env/lib/python3.8/site-packages/airflow/example_dags/example_short_circuit_decorator.py
[2023-09-14T17:29:13.389+0100] {logging_mixin.py:151} INFO - [2023-09-14T17:29:13.388+0100] {dag.py:2915} INFO - Sync 1 DAGs
[2023-09-14T17:29:13.419+0100] {logging_mixin.py:151} INFO - [2023-09-14T17:29:13.419+0100] {dag.py:3696} INFO - Setting next_dagrun for example_short_circuit_decorator to 2023-09-13T16:29:13.418879+00:00, run_after=2023-09-14T16:29:13.418879+00:00
[2023-09-14T17:29:13.454+0100] {processor.py:179} INFO - Processing /home/joestar/Documents/projects/airflow_etl/airflow_env/lib/python3.8/site-packages/airflow/example_dags/example_short_circuit_decorator.py took 0.122 seconds
[2023-09-14T17:30:05.541+0100] {processor.py:157} INFO - Started process (PID=30135) to work on /home/joestar/Documents/projects/airflow_etl/airflow_env/lib/python3.8/site-packages/airflow/example_dags/example_short_circuit_decorator.py
[2023-09-14T17:30:05.543+0100] {processor.py:829} INFO - Processing file /home/joestar/Documents/projects/airflow_etl/airflow_env/lib/python3.8/site-packages/airflow/example_dags/example_short_circuit_decorator.py for tasks to queue
[2023-09-14T17:30:05.545+0100] {logging_mixin.py:151} INFO - [2023-09-14T17:30:05.544+0100] {dagbag.py:539} INFO - Filling up the DagBag from /home/joestar/Documents/projects/airflow_etl/airflow_env/lib/python3.8/site-packages/airflow/example_dags/example_short_circuit_decorator.py
[2023-09-14T17:30:05.568+0100] {processor.py:839} INFO - DAG(s) dict_keys(['example_short_circuit_decorator']) retrieved from /home/joestar/Documents/projects/airflow_etl/airflow_env/lib/python3.8/site-packages/airflow/example_dags/example_short_circuit_decorator.py
[2023-09-14T17:30:05.613+0100] {logging_mixin.py:151} INFO - [2023-09-14T17:30:05.613+0100] {dag.py:2915} INFO - Sync 1 DAGs
[2023-09-14T17:30:05.647+0100] {logging_mixin.py:151} INFO - [2023-09-14T17:30:05.647+0100] {dag.py:3696} INFO - Setting next_dagrun for example_short_circuit_decorator to 2023-09-13T16:30:05.647192+00:00, run_after=2023-09-14T16:30:05.647192+00:00
[2023-09-14T17:30:05.673+0100] {processor.py:179} INFO - Processing /home/joestar/Documents/projects/airflow_etl/airflow_env/lib/python3.8/site-packages/airflow/example_dags/example_short_circuit_decorator.py took 0.139 seconds
[2023-09-14T17:30:57.998+0100] {processor.py:157} INFO - Started process (PID=30343) to work on /home/joestar/Documents/projects/airflow_etl/airflow_env/lib/python3.8/site-packages/airflow/example_dags/example_short_circuit_decorator.py
[2023-09-14T17:30:57.999+0100] {processor.py:829} INFO - Processing file /home/joestar/Documents/projects/airflow_etl/airflow_env/lib/python3.8/site-packages/airflow/example_dags/example_short_circuit_decorator.py for tasks to queue
[2023-09-14T17:30:58.000+0100] {logging_mixin.py:151} INFO - [2023-09-14T17:30:57.999+0100] {dagbag.py:539} INFO - Filling up the DagBag from /home/joestar/Documents/projects/airflow_etl/airflow_env/lib/python3.8/site-packages/airflow/example_dags/example_short_circuit_decorator.py
[2023-09-14T17:30:58.009+0100] {processor.py:839} INFO - DAG(s) dict_keys(['example_short_circuit_decorator']) retrieved from /home/joestar/Documents/projects/airflow_etl/airflow_env/lib/python3.8/site-packages/airflow/example_dags/example_short_circuit_decorator.py
[2023-09-14T17:30:58.025+0100] {logging_mixin.py:151} INFO - [2023-09-14T17:30:58.025+0100] {dag.py:2915} INFO - Sync 1 DAGs
[2023-09-14T17:30:58.045+0100] {logging_mixin.py:151} INFO - [2023-09-14T17:30:58.045+0100] {dag.py:3696} INFO - Setting next_dagrun for example_short_circuit_decorator to 2023-09-13T16:30:58.045483+00:00, run_after=2023-09-14T16:30:58.045483+00:00
[2023-09-14T17:30:58.076+0100] {processor.py:179} INFO - Processing /home/joestar/Documents/projects/airflow_etl/airflow_env/lib/python3.8/site-packages/airflow/example_dags/example_short_circuit_decorator.py took 0.080 seconds
[2023-09-14T17:31:47.016+0100] {processor.py:157} INFO - Started process (PID=30574) to work on /home/joestar/Documents/projects/airflow_etl/airflow_env/lib/python3.8/site-packages/airflow/example_dags/example_short_circuit_decorator.py
[2023-09-14T17:31:47.018+0100] {processor.py:829} INFO - Processing file /home/joestar/Documents/projects/airflow_etl/airflow_env/lib/python3.8/site-packages/airflow/example_dags/example_short_circuit_decorator.py for tasks to queue
[2023-09-14T17:31:47.020+0100] {logging_mixin.py:151} INFO - [2023-09-14T17:31:47.019+0100] {dagbag.py:539} INFO - Filling up the DagBag from /home/joestar/Documents/projects/airflow_etl/airflow_env/lib/python3.8/site-packages/airflow/example_dags/example_short_circuit_decorator.py
[2023-09-14T17:31:47.031+0100] {processor.py:839} INFO - DAG(s) dict_keys(['example_short_circuit_decorator']) retrieved from /home/joestar/Documents/projects/airflow_etl/airflow_env/lib/python3.8/site-packages/airflow/example_dags/example_short_circuit_decorator.py
[2023-09-14T17:31:47.051+0100] {logging_mixin.py:151} INFO - [2023-09-14T17:31:47.051+0100] {dag.py:2915} INFO - Sync 1 DAGs
[2023-09-14T17:31:47.079+0100] {logging_mixin.py:151} INFO - [2023-09-14T17:31:47.078+0100] {dag.py:3696} INFO - Setting next_dagrun for example_short_circuit_decorator to 2023-09-13T16:31:47.078626+00:00, run_after=2023-09-14T16:31:47.078626+00:00
[2023-09-14T17:31:47.109+0100] {processor.py:179} INFO - Processing /home/joestar/Documents/projects/airflow_etl/airflow_env/lib/python3.8/site-packages/airflow/example_dags/example_short_circuit_decorator.py took 0.099 seconds
[2023-09-14T17:32:40.212+0100] {processor.py:157} INFO - Started process (PID=30813) to work on /home/joestar/Documents/projects/airflow_etl/airflow_env/lib/python3.8/site-packages/airflow/example_dags/example_short_circuit_decorator.py
[2023-09-14T17:32:40.213+0100] {processor.py:829} INFO - Processing file /home/joestar/Documents/projects/airflow_etl/airflow_env/lib/python3.8/site-packages/airflow/example_dags/example_short_circuit_decorator.py for tasks to queue
[2023-09-14T17:32:40.214+0100] {logging_mixin.py:151} INFO - [2023-09-14T17:32:40.214+0100] {dagbag.py:539} INFO - Filling up the DagBag from /home/joestar/Documents/projects/airflow_etl/airflow_env/lib/python3.8/site-packages/airflow/example_dags/example_short_circuit_decorator.py
[2023-09-14T17:32:40.224+0100] {processor.py:839} INFO - DAG(s) dict_keys(['example_short_circuit_decorator']) retrieved from /home/joestar/Documents/projects/airflow_etl/airflow_env/lib/python3.8/site-packages/airflow/example_dags/example_short_circuit_decorator.py
[2023-09-14T17:32:40.241+0100] {logging_mixin.py:151} INFO - [2023-09-14T17:32:40.241+0100] {dag.py:2915} INFO - Sync 1 DAGs
[2023-09-14T17:32:40.261+0100] {logging_mixin.py:151} INFO - [2023-09-14T17:32:40.261+0100] {dag.py:3696} INFO - Setting next_dagrun for example_short_circuit_decorator to 2023-09-13T16:32:40.261346+00:00, run_after=2023-09-14T16:32:40.261346+00:00
[2023-09-14T17:32:40.291+0100] {processor.py:179} INFO - Processing /home/joestar/Documents/projects/airflow_etl/airflow_env/lib/python3.8/site-packages/airflow/example_dags/example_short_circuit_decorator.py took 0.082 seconds
[2023-09-14T17:33:33.215+0100] {processor.py:157} INFO - Started process (PID=31051) to work on /home/joestar/Documents/projects/airflow_etl/airflow_env/lib/python3.8/site-packages/airflow/example_dags/example_short_circuit_decorator.py
[2023-09-14T17:33:33.217+0100] {processor.py:829} INFO - Processing file /home/joestar/Documents/projects/airflow_etl/airflow_env/lib/python3.8/site-packages/airflow/example_dags/example_short_circuit_decorator.py for tasks to queue
[2023-09-14T17:33:33.218+0100] {logging_mixin.py:151} INFO - [2023-09-14T17:33:33.218+0100] {dagbag.py:539} INFO - Filling up the DagBag from /home/joestar/Documents/projects/airflow_etl/airflow_env/lib/python3.8/site-packages/airflow/example_dags/example_short_circuit_decorator.py
[2023-09-14T17:33:33.232+0100] {processor.py:839} INFO - DAG(s) dict_keys(['example_short_circuit_decorator']) retrieved from /home/joestar/Documents/projects/airflow_etl/airflow_env/lib/python3.8/site-packages/airflow/example_dags/example_short_circuit_decorator.py
[2023-09-14T17:33:33.254+0100] {logging_mixin.py:151} INFO - [2023-09-14T17:33:33.254+0100] {dag.py:2915} INFO - Sync 1 DAGs
[2023-09-14T17:33:33.275+0100] {logging_mixin.py:151} INFO - [2023-09-14T17:33:33.275+0100] {dag.py:3696} INFO - Setting next_dagrun for example_short_circuit_decorator to 2023-09-13T16:33:33.275429+00:00, run_after=2023-09-14T16:33:33.275429+00:00
[2023-09-14T17:33:33.319+0100] {processor.py:179} INFO - Processing /home/joestar/Documents/projects/airflow_etl/airflow_env/lib/python3.8/site-packages/airflow/example_dags/example_short_circuit_decorator.py took 0.107 seconds
[2023-09-14T17:34:27.783+0100] {processor.py:157} INFO - Started process (PID=31305) to work on /home/joestar/Documents/projects/airflow_etl/airflow_env/lib/python3.8/site-packages/airflow/example_dags/example_short_circuit_decorator.py
[2023-09-14T17:34:27.784+0100] {processor.py:829} INFO - Processing file /home/joestar/Documents/projects/airflow_etl/airflow_env/lib/python3.8/site-packages/airflow/example_dags/example_short_circuit_decorator.py for tasks to queue
[2023-09-14T17:34:27.785+0100] {logging_mixin.py:151} INFO - [2023-09-14T17:34:27.784+0100] {dagbag.py:539} INFO - Filling up the DagBag from /home/joestar/Documents/projects/airflow_etl/airflow_env/lib/python3.8/site-packages/airflow/example_dags/example_short_circuit_decorator.py
[2023-09-14T17:34:27.797+0100] {processor.py:839} INFO - DAG(s) dict_keys(['example_short_circuit_decorator']) retrieved from /home/joestar/Documents/projects/airflow_etl/airflow_env/lib/python3.8/site-packages/airflow/example_dags/example_short_circuit_decorator.py
[2023-09-14T17:34:27.820+0100] {logging_mixin.py:151} INFO - [2023-09-14T17:34:27.820+0100] {dag.py:2915} INFO - Sync 1 DAGs
[2023-09-14T17:34:27.848+0100] {logging_mixin.py:151} INFO - [2023-09-14T17:34:27.848+0100] {dag.py:3696} INFO - Setting next_dagrun for example_short_circuit_decorator to 2023-09-13T16:34:27.847671+00:00, run_after=2023-09-14T16:34:27.847671+00:00
[2023-09-14T17:34:27.876+0100] {processor.py:179} INFO - Processing /home/joestar/Documents/projects/airflow_etl/airflow_env/lib/python3.8/site-packages/airflow/example_dags/example_short_circuit_decorator.py took 0.098 seconds
[2023-09-14T17:35:17.181+0100] {processor.py:157} INFO - Started process (PID=31551) to work on /home/joestar/Documents/projects/airflow_etl/airflow_env/lib/python3.8/site-packages/airflow/example_dags/example_short_circuit_decorator.py
[2023-09-14T17:35:17.182+0100] {processor.py:829} INFO - Processing file /home/joestar/Documents/projects/airflow_etl/airflow_env/lib/python3.8/site-packages/airflow/example_dags/example_short_circuit_decorator.py for tasks to queue
[2023-09-14T17:35:17.183+0100] {logging_mixin.py:151} INFO - [2023-09-14T17:35:17.183+0100] {dagbag.py:539} INFO - Filling up the DagBag from /home/joestar/Documents/projects/airflow_etl/airflow_env/lib/python3.8/site-packages/airflow/example_dags/example_short_circuit_decorator.py
[2023-09-14T17:35:17.196+0100] {processor.py:839} INFO - DAG(s) dict_keys(['example_short_circuit_decorator']) retrieved from /home/joestar/Documents/projects/airflow_etl/airflow_env/lib/python3.8/site-packages/airflow/example_dags/example_short_circuit_decorator.py
[2023-09-14T17:35:17.223+0100] {logging_mixin.py:151} INFO - [2023-09-14T17:35:17.222+0100] {dag.py:2915} INFO - Sync 1 DAGs
[2023-09-14T17:35:17.255+0100] {logging_mixin.py:151} INFO - [2023-09-14T17:35:17.254+0100] {dag.py:3696} INFO - Setting next_dagrun for example_short_circuit_decorator to 2023-09-13T16:35:17.254430+00:00, run_after=2023-09-14T16:35:17.254430+00:00
[2023-09-14T17:35:17.294+0100] {processor.py:179} INFO - Processing /home/joestar/Documents/projects/airflow_etl/airflow_env/lib/python3.8/site-packages/airflow/example_dags/example_short_circuit_decorator.py took 0.117 seconds
[2023-09-14T17:36:10.236+0100] {processor.py:157} INFO - Started process (PID=31786) to work on /home/joestar/Documents/projects/airflow_etl/airflow_env/lib/python3.8/site-packages/airflow/example_dags/example_short_circuit_decorator.py
[2023-09-14T17:36:10.237+0100] {processor.py:829} INFO - Processing file /home/joestar/Documents/projects/airflow_etl/airflow_env/lib/python3.8/site-packages/airflow/example_dags/example_short_circuit_decorator.py for tasks to queue
[2023-09-14T17:36:10.238+0100] {logging_mixin.py:151} INFO - [2023-09-14T17:36:10.237+0100] {dagbag.py:539} INFO - Filling up the DagBag from /home/joestar/Documents/projects/airflow_etl/airflow_env/lib/python3.8/site-packages/airflow/example_dags/example_short_circuit_decorator.py
[2023-09-14T17:36:10.251+0100] {processor.py:839} INFO - DAG(s) dict_keys(['example_short_circuit_decorator']) retrieved from /home/joestar/Documents/projects/airflow_etl/airflow_env/lib/python3.8/site-packages/airflow/example_dags/example_short_circuit_decorator.py
[2023-09-14T17:36:10.275+0100] {logging_mixin.py:151} INFO - [2023-09-14T17:36:10.275+0100] {dag.py:2915} INFO - Sync 1 DAGs
[2023-09-14T17:36:10.294+0100] {logging_mixin.py:151} INFO - [2023-09-14T17:36:10.294+0100] {dag.py:3696} INFO - Setting next_dagrun for example_short_circuit_decorator to 2023-09-13T16:36:10.294038+00:00, run_after=2023-09-14T16:36:10.294038+00:00
[2023-09-14T17:36:10.321+0100] {processor.py:179} INFO - Processing /home/joestar/Documents/projects/airflow_etl/airflow_env/lib/python3.8/site-packages/airflow/example_dags/example_short_circuit_decorator.py took 0.089 seconds
[2023-09-14T17:37:02.170+0100] {processor.py:157} INFO - Started process (PID=32008) to work on /home/joestar/Documents/projects/airflow_etl/airflow_env/lib/python3.8/site-packages/airflow/example_dags/example_short_circuit_decorator.py
[2023-09-14T17:37:02.171+0100] {processor.py:829} INFO - Processing file /home/joestar/Documents/projects/airflow_etl/airflow_env/lib/python3.8/site-packages/airflow/example_dags/example_short_circuit_decorator.py for tasks to queue
[2023-09-14T17:37:02.172+0100] {logging_mixin.py:151} INFO - [2023-09-14T17:37:02.172+0100] {dagbag.py:539} INFO - Filling up the DagBag from /home/joestar/Documents/projects/airflow_etl/airflow_env/lib/python3.8/site-packages/airflow/example_dags/example_short_circuit_decorator.py
[2023-09-14T17:37:02.184+0100] {processor.py:839} INFO - DAG(s) dict_keys(['example_short_circuit_decorator']) retrieved from /home/joestar/Documents/projects/airflow_etl/airflow_env/lib/python3.8/site-packages/airflow/example_dags/example_short_circuit_decorator.py
[2023-09-14T17:37:02.205+0100] {logging_mixin.py:151} INFO - [2023-09-14T17:37:02.205+0100] {dag.py:2915} INFO - Sync 1 DAGs
[2023-09-14T17:37:02.232+0100] {logging_mixin.py:151} INFO - [2023-09-14T17:37:02.231+0100] {dag.py:3696} INFO - Setting next_dagrun for example_short_circuit_decorator to 2023-09-13T16:37:02.230968+00:00, run_after=2023-09-14T16:37:02.230968+00:00
[2023-09-14T17:37:02.275+0100] {processor.py:179} INFO - Processing /home/joestar/Documents/projects/airflow_etl/airflow_env/lib/python3.8/site-packages/airflow/example_dags/example_short_circuit_decorator.py took 0.110 seconds
[2023-09-14T17:37:57.852+0100] {processor.py:157} INFO - Started process (PID=32395) to work on /home/joestar/Documents/projects/airflow_etl/airflow_env/lib/python3.8/site-packages/airflow/example_dags/example_short_circuit_decorator.py
[2023-09-14T17:37:57.855+0100] {processor.py:829} INFO - Processing file /home/joestar/Documents/projects/airflow_etl/airflow_env/lib/python3.8/site-packages/airflow/example_dags/example_short_circuit_decorator.py for tasks to queue
[2023-09-14T17:37:57.857+0100] {logging_mixin.py:151} INFO - [2023-09-14T17:37:57.856+0100] {dagbag.py:539} INFO - Filling up the DagBag from /home/joestar/Documents/projects/airflow_etl/airflow_env/lib/python3.8/site-packages/airflow/example_dags/example_short_circuit_decorator.py
[2023-09-14T17:37:57.878+0100] {processor.py:839} INFO - DAG(s) dict_keys(['example_short_circuit_decorator']) retrieved from /home/joestar/Documents/projects/airflow_etl/airflow_env/lib/python3.8/site-packages/airflow/example_dags/example_short_circuit_decorator.py
[2023-09-14T17:37:57.914+0100] {logging_mixin.py:151} INFO - [2023-09-14T17:37:57.914+0100] {dag.py:2915} INFO - Sync 1 DAGs
[2023-09-14T17:37:57.945+0100] {logging_mixin.py:151} INFO - [2023-09-14T17:37:57.945+0100] {dag.py:3696} INFO - Setting next_dagrun for example_short_circuit_decorator to 2023-09-13T16:37:57.945095+00:00, run_after=2023-09-14T16:37:57.945095+00:00
[2023-09-14T17:37:57.987+0100] {processor.py:179} INFO - Processing /home/joestar/Documents/projects/airflow_etl/airflow_env/lib/python3.8/site-packages/airflow/example_dags/example_short_circuit_decorator.py took 0.140 seconds
[2023-09-14T17:39:00.059+0100] {processor.py:157} INFO - Started process (PID=32845) to work on /home/joestar/Documents/projects/airflow_etl/airflow_env/lib/python3.8/site-packages/airflow/example_dags/example_short_circuit_decorator.py
[2023-09-14T17:39:00.060+0100] {processor.py:829} INFO - Processing file /home/joestar/Documents/projects/airflow_etl/airflow_env/lib/python3.8/site-packages/airflow/example_dags/example_short_circuit_decorator.py for tasks to queue
[2023-09-14T17:39:00.061+0100] {logging_mixin.py:151} INFO - [2023-09-14T17:39:00.061+0100] {dagbag.py:539} INFO - Filling up the DagBag from /home/joestar/Documents/projects/airflow_etl/airflow_env/lib/python3.8/site-packages/airflow/example_dags/example_short_circuit_decorator.py
[2023-09-14T17:39:00.073+0100] {processor.py:839} INFO - DAG(s) dict_keys(['example_short_circuit_decorator']) retrieved from /home/joestar/Documents/projects/airflow_etl/airflow_env/lib/python3.8/site-packages/airflow/example_dags/example_short_circuit_decorator.py
[2023-09-14T17:39:00.095+0100] {logging_mixin.py:151} INFO - [2023-09-14T17:39:00.094+0100] {dag.py:2915} INFO - Sync 1 DAGs
[2023-09-14T17:39:00.119+0100] {logging_mixin.py:151} INFO - [2023-09-14T17:39:00.119+0100] {dag.py:3696} INFO - Setting next_dagrun for example_short_circuit_decorator to 2023-09-13T16:39:00.118767+00:00, run_after=2023-09-14T16:39:00.118767+00:00
[2023-09-14T17:39:00.161+0100] {processor.py:179} INFO - Processing /home/joestar/Documents/projects/airflow_etl/airflow_env/lib/python3.8/site-packages/airflow/example_dags/example_short_circuit_decorator.py took 0.104 seconds
[2023-09-14T17:40:03.603+0100] {processor.py:157} INFO - Started process (PID=33266) to work on /home/joestar/Documents/projects/airflow_etl/airflow_env/lib/python3.8/site-packages/airflow/example_dags/example_short_circuit_decorator.py
[2023-09-14T17:40:03.605+0100] {processor.py:829} INFO - Processing file /home/joestar/Documents/projects/airflow_etl/airflow_env/lib/python3.8/site-packages/airflow/example_dags/example_short_circuit_decorator.py for tasks to queue
[2023-09-14T17:40:03.607+0100] {logging_mixin.py:151} INFO - [2023-09-14T17:40:03.607+0100] {dagbag.py:539} INFO - Filling up the DagBag from /home/joestar/Documents/projects/airflow_etl/airflow_env/lib/python3.8/site-packages/airflow/example_dags/example_short_circuit_decorator.py
[2023-09-14T17:40:03.620+0100] {processor.py:839} INFO - DAG(s) dict_keys(['example_short_circuit_decorator']) retrieved from /home/joestar/Documents/projects/airflow_etl/airflow_env/lib/python3.8/site-packages/airflow/example_dags/example_short_circuit_decorator.py
[2023-09-14T17:40:03.637+0100] {logging_mixin.py:151} INFO - [2023-09-14T17:40:03.637+0100] {dag.py:2915} INFO - Sync 1 DAGs
[2023-09-14T17:40:03.662+0100] {logging_mixin.py:151} INFO - [2023-09-14T17:40:03.662+0100] {dag.py:3696} INFO - Setting next_dagrun for example_short_circuit_decorator to 2023-09-13T16:40:03.661912+00:00, run_after=2023-09-14T16:40:03.661912+00:00
[2023-09-14T17:40:03.689+0100] {processor.py:179} INFO - Processing /home/joestar/Documents/projects/airflow_etl/airflow_env/lib/python3.8/site-packages/airflow/example_dags/example_short_circuit_decorator.py took 0.089 seconds
[2023-09-14T17:41:01.008+0100] {processor.py:157} INFO - Started process (PID=33622) to work on /home/joestar/Documents/projects/airflow_etl/airflow_env/lib/python3.8/site-packages/airflow/example_dags/example_short_circuit_decorator.py
[2023-09-14T17:41:01.009+0100] {processor.py:829} INFO - Processing file /home/joestar/Documents/projects/airflow_etl/airflow_env/lib/python3.8/site-packages/airflow/example_dags/example_short_circuit_decorator.py for tasks to queue
[2023-09-14T17:41:01.010+0100] {logging_mixin.py:151} INFO - [2023-09-14T17:41:01.010+0100] {dagbag.py:539} INFO - Filling up the DagBag from /home/joestar/Documents/projects/airflow_etl/airflow_env/lib/python3.8/site-packages/airflow/example_dags/example_short_circuit_decorator.py
[2023-09-14T17:41:01.020+0100] {processor.py:839} INFO - DAG(s) dict_keys(['example_short_circuit_decorator']) retrieved from /home/joestar/Documents/projects/airflow_etl/airflow_env/lib/python3.8/site-packages/airflow/example_dags/example_short_circuit_decorator.py
[2023-09-14T17:41:01.037+0100] {logging_mixin.py:151} INFO - [2023-09-14T17:41:01.036+0100] {dag.py:2915} INFO - Sync 1 DAGs
[2023-09-14T17:41:01.056+0100] {logging_mixin.py:151} INFO - [2023-09-14T17:41:01.056+0100] {dag.py:3696} INFO - Setting next_dagrun for example_short_circuit_decorator to 2023-09-13T16:41:01.056183+00:00, run_after=2023-09-14T16:41:01.056183+00:00
[2023-09-14T17:41:01.080+0100] {processor.py:179} INFO - Processing /home/joestar/Documents/projects/airflow_etl/airflow_env/lib/python3.8/site-packages/airflow/example_dags/example_short_circuit_decorator.py took 0.075 seconds
[2023-09-14T17:41:53.682+0100] {processor.py:157} INFO - Started process (PID=33959) to work on /home/joestar/Documents/projects/airflow_etl/airflow_env/lib/python3.8/site-packages/airflow/example_dags/example_short_circuit_decorator.py
[2023-09-14T17:41:53.683+0100] {processor.py:829} INFO - Processing file /home/joestar/Documents/projects/airflow_etl/airflow_env/lib/python3.8/site-packages/airflow/example_dags/example_short_circuit_decorator.py for tasks to queue
[2023-09-14T17:41:53.684+0100] {logging_mixin.py:151} INFO - [2023-09-14T17:41:53.684+0100] {dagbag.py:539} INFO - Filling up the DagBag from /home/joestar/Documents/projects/airflow_etl/airflow_env/lib/python3.8/site-packages/airflow/example_dags/example_short_circuit_decorator.py
[2023-09-14T17:41:53.700+0100] {processor.py:839} INFO - DAG(s) dict_keys(['example_short_circuit_decorator']) retrieved from /home/joestar/Documents/projects/airflow_etl/airflow_env/lib/python3.8/site-packages/airflow/example_dags/example_short_circuit_decorator.py
[2023-09-14T17:41:53.731+0100] {logging_mixin.py:151} INFO - [2023-09-14T17:41:53.731+0100] {dag.py:2915} INFO - Sync 1 DAGs
[2023-09-14T17:41:53.764+0100] {logging_mixin.py:151} INFO - [2023-09-14T17:41:53.764+0100] {dag.py:3696} INFO - Setting next_dagrun for example_short_circuit_decorator to 2023-09-13T16:41:53.763841+00:00, run_after=2023-09-14T16:41:53.763841+00:00
[2023-09-14T17:41:53.796+0100] {processor.py:179} INFO - Processing /home/joestar/Documents/projects/airflow_etl/airflow_env/lib/python3.8/site-packages/airflow/example_dags/example_short_circuit_decorator.py took 0.118 seconds
[2023-09-14T17:42:41.604+0100] {processor.py:157} INFO - Started process (PID=34180) to work on /home/joestar/Documents/projects/airflow_etl/airflow_env/lib/python3.8/site-packages/airflow/example_dags/example_short_circuit_decorator.py
[2023-09-14T17:42:41.605+0100] {processor.py:829} INFO - Processing file /home/joestar/Documents/projects/airflow_etl/airflow_env/lib/python3.8/site-packages/airflow/example_dags/example_short_circuit_decorator.py for tasks to queue
[2023-09-14T17:42:41.607+0100] {logging_mixin.py:151} INFO - [2023-09-14T17:42:41.606+0100] {dagbag.py:539} INFO - Filling up the DagBag from /home/joestar/Documents/projects/airflow_etl/airflow_env/lib/python3.8/site-packages/airflow/example_dags/example_short_circuit_decorator.py
[2023-09-14T17:42:41.620+0100] {processor.py:839} INFO - DAG(s) dict_keys(['example_short_circuit_decorator']) retrieved from /home/joestar/Documents/projects/airflow_etl/airflow_env/lib/python3.8/site-packages/airflow/example_dags/example_short_circuit_decorator.py
[2023-09-14T17:42:41.641+0100] {logging_mixin.py:151} INFO - [2023-09-14T17:42:41.641+0100] {dag.py:2915} INFO - Sync 1 DAGs
[2023-09-14T17:42:41.670+0100] {logging_mixin.py:151} INFO - [2023-09-14T17:42:41.670+0100] {dag.py:3696} INFO - Setting next_dagrun for example_short_circuit_decorator to 2023-09-13T16:42:41.669914+00:00, run_after=2023-09-14T16:42:41.669914+00:00
[2023-09-14T17:42:41.699+0100] {processor.py:179} INFO - Processing /home/joestar/Documents/projects/airflow_etl/airflow_env/lib/python3.8/site-packages/airflow/example_dags/example_short_circuit_decorator.py took 0.100 seconds
[2023-09-14T17:43:37.922+0100] {processor.py:157} INFO - Started process (PID=34441) to work on /home/joestar/Documents/projects/airflow_etl/airflow_env/lib/python3.8/site-packages/airflow/example_dags/example_short_circuit_decorator.py
[2023-09-14T17:43:37.923+0100] {processor.py:829} INFO - Processing file /home/joestar/Documents/projects/airflow_etl/airflow_env/lib/python3.8/site-packages/airflow/example_dags/example_short_circuit_decorator.py for tasks to queue
[2023-09-14T17:43:37.924+0100] {logging_mixin.py:151} INFO - [2023-09-14T17:43:37.923+0100] {dagbag.py:539} INFO - Filling up the DagBag from /home/joestar/Documents/projects/airflow_etl/airflow_env/lib/python3.8/site-packages/airflow/example_dags/example_short_circuit_decorator.py
[2023-09-14T17:43:37.934+0100] {processor.py:839} INFO - DAG(s) dict_keys(['example_short_circuit_decorator']) retrieved from /home/joestar/Documents/projects/airflow_etl/airflow_env/lib/python3.8/site-packages/airflow/example_dags/example_short_circuit_decorator.py
[2023-09-14T17:43:37.951+0100] {logging_mixin.py:151} INFO - [2023-09-14T17:43:37.951+0100] {dag.py:2915} INFO - Sync 1 DAGs
[2023-09-14T17:43:37.974+0100] {logging_mixin.py:151} INFO - [2023-09-14T17:43:37.974+0100] {dag.py:3696} INFO - Setting next_dagrun for example_short_circuit_decorator to 2023-09-13T16:43:37.974071+00:00, run_after=2023-09-14T16:43:37.974071+00:00
[2023-09-14T17:43:38.053+0100] {processor.py:179} INFO - Processing /home/joestar/Documents/projects/airflow_etl/airflow_env/lib/python3.8/site-packages/airflow/example_dags/example_short_circuit_decorator.py took 0.134 seconds
[2023-09-14T17:44:38.502+0100] {processor.py:157} INFO - Started process (PID=34739) to work on /home/joestar/Documents/projects/airflow_etl/airflow_env/lib/python3.8/site-packages/airflow/example_dags/example_short_circuit_decorator.py
[2023-09-14T17:44:38.503+0100] {processor.py:829} INFO - Processing file /home/joestar/Documents/projects/airflow_etl/airflow_env/lib/python3.8/site-packages/airflow/example_dags/example_short_circuit_decorator.py for tasks to queue
[2023-09-14T17:44:38.504+0100] {logging_mixin.py:151} INFO - [2023-09-14T17:44:38.503+0100] {dagbag.py:539} INFO - Filling up the DagBag from /home/joestar/Documents/projects/airflow_etl/airflow_env/lib/python3.8/site-packages/airflow/example_dags/example_short_circuit_decorator.py
[2023-09-14T17:44:38.514+0100] {processor.py:839} INFO - DAG(s) dict_keys(['example_short_circuit_decorator']) retrieved from /home/joestar/Documents/projects/airflow_etl/airflow_env/lib/python3.8/site-packages/airflow/example_dags/example_short_circuit_decorator.py
[2023-09-14T17:44:38.543+0100] {logging_mixin.py:151} INFO - [2023-09-14T17:44:38.543+0100] {dag.py:2915} INFO - Sync 1 DAGs
[2023-09-14T17:44:38.561+0100] {logging_mixin.py:151} INFO - [2023-09-14T17:44:38.561+0100] {dag.py:3696} INFO - Setting next_dagrun for example_short_circuit_decorator to 2023-09-13T16:44:38.561454+00:00, run_after=2023-09-14T16:44:38.561454+00:00
[2023-09-14T17:44:38.588+0100] {processor.py:179} INFO - Processing /home/joestar/Documents/projects/airflow_etl/airflow_env/lib/python3.8/site-packages/airflow/example_dags/example_short_circuit_decorator.py took 0.089 seconds
[2023-09-14T17:45:39.504+0100] {processor.py:157} INFO - Started process (PID=34986) to work on /home/joestar/Documents/projects/airflow_etl/airflow_env/lib/python3.8/site-packages/airflow/example_dags/example_short_circuit_decorator.py
[2023-09-14T17:45:39.505+0100] {processor.py:829} INFO - Processing file /home/joestar/Documents/projects/airflow_etl/airflow_env/lib/python3.8/site-packages/airflow/example_dags/example_short_circuit_decorator.py for tasks to queue
[2023-09-14T17:45:39.506+0100] {logging_mixin.py:151} INFO - [2023-09-14T17:45:39.506+0100] {dagbag.py:539} INFO - Filling up the DagBag from /home/joestar/Documents/projects/airflow_etl/airflow_env/lib/python3.8/site-packages/airflow/example_dags/example_short_circuit_decorator.py
[2023-09-14T17:45:39.516+0100] {processor.py:839} INFO - DAG(s) dict_keys(['example_short_circuit_decorator']) retrieved from /home/joestar/Documents/projects/airflow_etl/airflow_env/lib/python3.8/site-packages/airflow/example_dags/example_short_circuit_decorator.py
[2023-09-14T17:45:39.533+0100] {logging_mixin.py:151} INFO - [2023-09-14T17:45:39.533+0100] {dag.py:2915} INFO - Sync 1 DAGs
[2023-09-14T17:45:39.553+0100] {logging_mixin.py:151} INFO - [2023-09-14T17:45:39.552+0100] {dag.py:3696} INFO - Setting next_dagrun for example_short_circuit_decorator to 2023-09-13T16:45:39.552742+00:00, run_after=2023-09-14T16:45:39.552742+00:00
[2023-09-14T17:45:39.584+0100] {processor.py:179} INFO - Processing /home/joestar/Documents/projects/airflow_etl/airflow_env/lib/python3.8/site-packages/airflow/example_dags/example_short_circuit_decorator.py took 0.082 seconds
[2023-09-14T17:46:41.656+0100] {processor.py:157} INFO - Started process (PID=35259) to work on /home/joestar/Documents/projects/airflow_etl/airflow_env/lib/python3.8/site-packages/airflow/example_dags/example_short_circuit_decorator.py
[2023-09-14T17:46:41.657+0100] {processor.py:829} INFO - Processing file /home/joestar/Documents/projects/airflow_etl/airflow_env/lib/python3.8/site-packages/airflow/example_dags/example_short_circuit_decorator.py for tasks to queue
[2023-09-14T17:46:41.661+0100] {logging_mixin.py:151} INFO - [2023-09-14T17:46:41.658+0100] {dagbag.py:539} INFO - Filling up the DagBag from /home/joestar/Documents/projects/airflow_etl/airflow_env/lib/python3.8/site-packages/airflow/example_dags/example_short_circuit_decorator.py
[2023-09-14T17:46:41.681+0100] {processor.py:839} INFO - DAG(s) dict_keys(['example_short_circuit_decorator']) retrieved from /home/joestar/Documents/projects/airflow_etl/airflow_env/lib/python3.8/site-packages/airflow/example_dags/example_short_circuit_decorator.py
[2023-09-14T17:46:41.737+0100] {logging_mixin.py:151} INFO - [2023-09-14T17:46:41.736+0100] {dag.py:2915} INFO - Sync 1 DAGs
[2023-09-14T17:46:41.786+0100] {logging_mixin.py:151} INFO - [2023-09-14T17:46:41.786+0100] {dag.py:3696} INFO - Setting next_dagrun for example_short_circuit_decorator to 2023-09-13T16:46:41.786298+00:00, run_after=2023-09-14T16:46:41.786298+00:00
[2023-09-14T17:46:41.818+0100] {processor.py:179} INFO - Processing /home/joestar/Documents/projects/airflow_etl/airflow_env/lib/python3.8/site-packages/airflow/example_dags/example_short_circuit_decorator.py took 0.166 seconds
[2023-09-14T17:47:34.785+0100] {processor.py:157} INFO - Started process (PID=35479) to work on /home/joestar/Documents/projects/airflow_etl/airflow_env/lib/python3.8/site-packages/airflow/example_dags/example_short_circuit_decorator.py
[2023-09-14T17:47:34.787+0100] {processor.py:829} INFO - Processing file /home/joestar/Documents/projects/airflow_etl/airflow_env/lib/python3.8/site-packages/airflow/example_dags/example_short_circuit_decorator.py for tasks to queue
[2023-09-14T17:47:34.788+0100] {logging_mixin.py:151} INFO - [2023-09-14T17:47:34.788+0100] {dagbag.py:539} INFO - Filling up the DagBag from /home/joestar/Documents/projects/airflow_etl/airflow_env/lib/python3.8/site-packages/airflow/example_dags/example_short_circuit_decorator.py
[2023-09-14T17:47:34.808+0100] {processor.py:839} INFO - DAG(s) dict_keys(['example_short_circuit_decorator']) retrieved from /home/joestar/Documents/projects/airflow_etl/airflow_env/lib/python3.8/site-packages/airflow/example_dags/example_short_circuit_decorator.py
[2023-09-14T17:47:34.835+0100] {logging_mixin.py:151} INFO - [2023-09-14T17:47:34.835+0100] {dag.py:2915} INFO - Sync 1 DAGs
[2023-09-14T17:47:34.867+0100] {logging_mixin.py:151} INFO - [2023-09-14T17:47:34.866+0100] {dag.py:3696} INFO - Setting next_dagrun for example_short_circuit_decorator to 2023-09-13T16:47:34.866495+00:00, run_after=2023-09-14T16:47:34.866495+00:00
[2023-09-14T17:47:34.901+0100] {processor.py:179} INFO - Processing /home/joestar/Documents/projects/airflow_etl/airflow_env/lib/python3.8/site-packages/airflow/example_dags/example_short_circuit_decorator.py took 0.121 seconds
[2023-09-14T17:48:53.377+0100] {processor.py:157} INFO - Started process (PID=35785) to work on /home/joestar/Documents/projects/airflow_etl/airflow_env/lib/python3.8/site-packages/airflow/example_dags/example_short_circuit_decorator.py
[2023-09-14T17:48:53.379+0100] {processor.py:829} INFO - Processing file /home/joestar/Documents/projects/airflow_etl/airflow_env/lib/python3.8/site-packages/airflow/example_dags/example_short_circuit_decorator.py for tasks to queue
[2023-09-14T17:48:53.380+0100] {logging_mixin.py:151} INFO - [2023-09-14T17:48:53.380+0100] {dagbag.py:539} INFO - Filling up the DagBag from /home/joestar/Documents/projects/airflow_etl/airflow_env/lib/python3.8/site-packages/airflow/example_dags/example_short_circuit_decorator.py
[2023-09-14T17:48:53.391+0100] {processor.py:839} INFO - DAG(s) dict_keys(['example_short_circuit_decorator']) retrieved from /home/joestar/Documents/projects/airflow_etl/airflow_env/lib/python3.8/site-packages/airflow/example_dags/example_short_circuit_decorator.py
[2023-09-14T17:48:53.418+0100] {logging_mixin.py:151} INFO - [2023-09-14T17:48:53.418+0100] {dag.py:2915} INFO - Sync 1 DAGs
[2023-09-14T17:48:53.446+0100] {logging_mixin.py:151} INFO - [2023-09-14T17:48:53.446+0100] {dag.py:3696} INFO - Setting next_dagrun for example_short_circuit_decorator to 2023-09-13T16:48:53.445945+00:00, run_after=2023-09-14T16:48:53.445945+00:00
[2023-09-14T17:48:53.478+0100] {processor.py:179} INFO - Processing /home/joestar/Documents/projects/airflow_etl/airflow_env/lib/python3.8/site-packages/airflow/example_dags/example_short_circuit_decorator.py took 0.105 seconds
[2023-09-14T17:49:44.330+0100] {processor.py:157} INFO - Started process (PID=35986) to work on /home/joestar/Documents/projects/airflow_etl/airflow_env/lib/python3.8/site-packages/airflow/example_dags/example_short_circuit_decorator.py
[2023-09-14T17:49:44.333+0100] {processor.py:829} INFO - Processing file /home/joestar/Documents/projects/airflow_etl/airflow_env/lib/python3.8/site-packages/airflow/example_dags/example_short_circuit_decorator.py for tasks to queue
[2023-09-14T17:49:44.334+0100] {logging_mixin.py:151} INFO - [2023-09-14T17:49:44.334+0100] {dagbag.py:539} INFO - Filling up the DagBag from /home/joestar/Documents/projects/airflow_etl/airflow_env/lib/python3.8/site-packages/airflow/example_dags/example_short_circuit_decorator.py
[2023-09-14T17:49:44.349+0100] {processor.py:839} INFO - DAG(s) dict_keys(['example_short_circuit_decorator']) retrieved from /home/joestar/Documents/projects/airflow_etl/airflow_env/lib/python3.8/site-packages/airflow/example_dags/example_short_circuit_decorator.py
[2023-09-14T17:49:44.381+0100] {logging_mixin.py:151} INFO - [2023-09-14T17:49:44.380+0100] {dag.py:2915} INFO - Sync 1 DAGs
[2023-09-14T17:49:44.416+0100] {logging_mixin.py:151} INFO - [2023-09-14T17:49:44.416+0100] {dag.py:3696} INFO - Setting next_dagrun for example_short_circuit_decorator to 2023-09-13T16:49:44.415773+00:00, run_after=2023-09-14T16:49:44.415773+00:00
[2023-09-14T17:49:44.453+0100] {processor.py:179} INFO - Processing /home/joestar/Documents/projects/airflow_etl/airflow_env/lib/python3.8/site-packages/airflow/example_dags/example_short_circuit_decorator.py took 0.127 seconds
[2023-09-14T17:50:34.648+0100] {processor.py:157} INFO - Started process (PID=36232) to work on /home/joestar/Documents/projects/airflow_etl/airflow_env/lib/python3.8/site-packages/airflow/example_dags/example_short_circuit_decorator.py
[2023-09-14T17:50:34.649+0100] {processor.py:829} INFO - Processing file /home/joestar/Documents/projects/airflow_etl/airflow_env/lib/python3.8/site-packages/airflow/example_dags/example_short_circuit_decorator.py for tasks to queue
[2023-09-14T17:50:34.650+0100] {logging_mixin.py:151} INFO - [2023-09-14T17:50:34.649+0100] {dagbag.py:539} INFO - Filling up the DagBag from /home/joestar/Documents/projects/airflow_etl/airflow_env/lib/python3.8/site-packages/airflow/example_dags/example_short_circuit_decorator.py
[2023-09-14T17:50:34.663+0100] {processor.py:839} INFO - DAG(s) dict_keys(['example_short_circuit_decorator']) retrieved from /home/joestar/Documents/projects/airflow_etl/airflow_env/lib/python3.8/site-packages/airflow/example_dags/example_short_circuit_decorator.py
[2023-09-14T17:50:34.682+0100] {logging_mixin.py:151} INFO - [2023-09-14T17:50:34.682+0100] {dag.py:2915} INFO - Sync 1 DAGs
[2023-09-14T17:50:34.702+0100] {logging_mixin.py:151} INFO - [2023-09-14T17:50:34.702+0100] {dag.py:3696} INFO - Setting next_dagrun for example_short_circuit_decorator to 2023-09-13T16:50:34.702020+00:00, run_after=2023-09-14T16:50:34.702020+00:00
[2023-09-14T17:50:34.730+0100] {processor.py:179} INFO - Processing /home/joestar/Documents/projects/airflow_etl/airflow_env/lib/python3.8/site-packages/airflow/example_dags/example_short_circuit_decorator.py took 0.085 seconds
[2023-09-14T17:51:32.955+0100] {processor.py:157} INFO - Started process (PID=36497) to work on /home/joestar/Documents/projects/airflow_etl/airflow_env/lib/python3.8/site-packages/airflow/example_dags/example_short_circuit_decorator.py
[2023-09-14T17:51:32.956+0100] {processor.py:829} INFO - Processing file /home/joestar/Documents/projects/airflow_etl/airflow_env/lib/python3.8/site-packages/airflow/example_dags/example_short_circuit_decorator.py for tasks to queue
[2023-09-14T17:51:32.957+0100] {logging_mixin.py:151} INFO - [2023-09-14T17:51:32.957+0100] {dagbag.py:539} INFO - Filling up the DagBag from /home/joestar/Documents/projects/airflow_etl/airflow_env/lib/python3.8/site-packages/airflow/example_dags/example_short_circuit_decorator.py
[2023-09-14T17:51:32.974+0100] {processor.py:839} INFO - DAG(s) dict_keys(['example_short_circuit_decorator']) retrieved from /home/joestar/Documents/projects/airflow_etl/airflow_env/lib/python3.8/site-packages/airflow/example_dags/example_short_circuit_decorator.py
[2023-09-14T17:51:32.997+0100] {logging_mixin.py:151} INFO - [2023-09-14T17:51:32.996+0100] {dag.py:2915} INFO - Sync 1 DAGs
[2023-09-14T17:51:33.019+0100] {logging_mixin.py:151} INFO - [2023-09-14T17:51:33.018+0100] {dag.py:3696} INFO - Setting next_dagrun for example_short_circuit_decorator to 2023-09-13T16:51:33.018615+00:00, run_after=2023-09-14T16:51:33.018615+00:00
[2023-09-14T17:51:33.047+0100] {processor.py:179} INFO - Processing /home/joestar/Documents/projects/airflow_etl/airflow_env/lib/python3.8/site-packages/airflow/example_dags/example_short_circuit_decorator.py took 0.096 seconds
[2023-09-14T17:52:30.038+0100] {processor.py:157} INFO - Started process (PID=36746) to work on /home/joestar/Documents/projects/airflow_etl/airflow_env/lib/python3.8/site-packages/airflow/example_dags/example_short_circuit_decorator.py
[2023-09-14T17:52:30.039+0100] {processor.py:829} INFO - Processing file /home/joestar/Documents/projects/airflow_etl/airflow_env/lib/python3.8/site-packages/airflow/example_dags/example_short_circuit_decorator.py for tasks to queue
[2023-09-14T17:52:30.040+0100] {logging_mixin.py:151} INFO - [2023-09-14T17:52:30.039+0100] {dagbag.py:539} INFO - Filling up the DagBag from /home/joestar/Documents/projects/airflow_etl/airflow_env/lib/python3.8/site-packages/airflow/example_dags/example_short_circuit_decorator.py
[2023-09-14T17:52:30.050+0100] {processor.py:839} INFO - DAG(s) dict_keys(['example_short_circuit_decorator']) retrieved from /home/joestar/Documents/projects/airflow_etl/airflow_env/lib/python3.8/site-packages/airflow/example_dags/example_short_circuit_decorator.py
[2023-09-14T17:52:30.070+0100] {logging_mixin.py:151} INFO - [2023-09-14T17:52:30.070+0100] {dag.py:2915} INFO - Sync 1 DAGs
[2023-09-14T17:52:30.090+0100] {logging_mixin.py:151} INFO - [2023-09-14T17:52:30.090+0100] {dag.py:3696} INFO - Setting next_dagrun for example_short_circuit_decorator to 2023-09-13T16:52:30.089877+00:00, run_after=2023-09-14T16:52:30.089877+00:00
[2023-09-14T17:52:30.116+0100] {processor.py:179} INFO - Processing /home/joestar/Documents/projects/airflow_etl/airflow_env/lib/python3.8/site-packages/airflow/example_dags/example_short_circuit_decorator.py took 0.081 seconds
[2023-09-14T17:55:29.313+0100] {processor.py:157} INFO - Started process (PID=37765) to work on /home/joestar/Documents/projects/airflow_etl/airflow_env/lib/python3.8/site-packages/airflow/example_dags/example_short_circuit_decorator.py
[2023-09-14T17:55:29.314+0100] {processor.py:829} INFO - Processing file /home/joestar/Documents/projects/airflow_etl/airflow_env/lib/python3.8/site-packages/airflow/example_dags/example_short_circuit_decorator.py for tasks to queue
[2023-09-14T17:55:29.314+0100] {logging_mixin.py:151} INFO - [2023-09-14T17:55:29.314+0100] {dagbag.py:539} INFO - Filling up the DagBag from /home/joestar/Documents/projects/airflow_etl/airflow_env/lib/python3.8/site-packages/airflow/example_dags/example_short_circuit_decorator.py
[2023-09-14T17:55:29.324+0100] {processor.py:839} INFO - DAG(s) dict_keys(['example_short_circuit_decorator']) retrieved from /home/joestar/Documents/projects/airflow_etl/airflow_env/lib/python3.8/site-packages/airflow/example_dags/example_short_circuit_decorator.py
[2023-09-14T17:55:29.341+0100] {logging_mixin.py:151} INFO - [2023-09-14T17:55:29.341+0100] {dag.py:2915} INFO - Sync 1 DAGs
[2023-09-14T17:55:29.360+0100] {logging_mixin.py:151} INFO - [2023-09-14T17:55:29.360+0100] {dag.py:3696} INFO - Setting next_dagrun for example_short_circuit_decorator to 2023-09-13T16:55:29.360292+00:00, run_after=2023-09-14T16:55:29.360292+00:00
[2023-09-14T17:55:29.386+0100] {processor.py:179} INFO - Processing /home/joestar/Documents/projects/airflow_etl/airflow_env/lib/python3.8/site-packages/airflow/example_dags/example_short_circuit_decorator.py took 0.077 seconds
[2023-09-14T18:03:16.602+0100] {processor.py:157} INFO - Started process (PID=38761) to work on /home/joestar/Documents/projects/airflow_etl/airflow_env/lib/python3.8/site-packages/airflow/example_dags/example_short_circuit_decorator.py
[2023-09-14T18:03:16.603+0100] {processor.py:829} INFO - Processing file /home/joestar/Documents/projects/airflow_etl/airflow_env/lib/python3.8/site-packages/airflow/example_dags/example_short_circuit_decorator.py for tasks to queue
[2023-09-14T18:03:16.605+0100] {logging_mixin.py:151} INFO - [2023-09-14T18:03:16.604+0100] {dagbag.py:539} INFO - Filling up the DagBag from /home/joestar/Documents/projects/airflow_etl/airflow_env/lib/python3.8/site-packages/airflow/example_dags/example_short_circuit_decorator.py
[2023-09-14T18:03:16.620+0100] {processor.py:839} INFO - DAG(s) dict_keys(['example_short_circuit_decorator']) retrieved from /home/joestar/Documents/projects/airflow_etl/airflow_env/lib/python3.8/site-packages/airflow/example_dags/example_short_circuit_decorator.py
[2023-09-14T18:03:16.736+0100] {logging_mixin.py:151} INFO - [2023-09-14T18:03:16.735+0100] {dag.py:2915} INFO - Sync 1 DAGs
[2023-09-14T18:03:16.781+0100] {logging_mixin.py:151} INFO - [2023-09-14T18:03:16.779+0100] {dag.py:3696} INFO - Setting next_dagrun for example_short_circuit_decorator to 2023-09-13T17:03:16.779089+00:00, run_after=2023-09-14T17:03:16.779089+00:00
[2023-09-14T18:03:16.844+0100] {processor.py:179} INFO - Processing /home/joestar/Documents/projects/airflow_etl/airflow_env/lib/python3.8/site-packages/airflow/example_dags/example_short_circuit_decorator.py took 0.246 seconds
[2023-09-14T18:04:08.815+0100] {processor.py:157} INFO - Started process (PID=38988) to work on /home/joestar/Documents/projects/airflow_etl/airflow_env/lib/python3.8/site-packages/airflow/example_dags/example_short_circuit_decorator.py
[2023-09-14T18:04:08.817+0100] {processor.py:829} INFO - Processing file /home/joestar/Documents/projects/airflow_etl/airflow_env/lib/python3.8/site-packages/airflow/example_dags/example_short_circuit_decorator.py for tasks to queue
[2023-09-14T18:04:08.820+0100] {logging_mixin.py:151} INFO - [2023-09-14T18:04:08.819+0100] {dagbag.py:539} INFO - Filling up the DagBag from /home/joestar/Documents/projects/airflow_etl/airflow_env/lib/python3.8/site-packages/airflow/example_dags/example_short_circuit_decorator.py
[2023-09-14T18:04:08.839+0100] {processor.py:839} INFO - DAG(s) dict_keys(['example_short_circuit_decorator']) retrieved from /home/joestar/Documents/projects/airflow_etl/airflow_env/lib/python3.8/site-packages/airflow/example_dags/example_short_circuit_decorator.py
[2023-09-14T18:04:08.857+0100] {logging_mixin.py:151} INFO - [2023-09-14T18:04:08.857+0100] {dag.py:2915} INFO - Sync 1 DAGs
[2023-09-14T18:04:08.878+0100] {logging_mixin.py:151} INFO - [2023-09-14T18:04:08.878+0100] {dag.py:3696} INFO - Setting next_dagrun for example_short_circuit_decorator to 2023-09-13T17:04:08.878147+00:00, run_after=2023-09-14T17:04:08.878147+00:00
[2023-09-14T18:04:08.908+0100] {processor.py:179} INFO - Processing /home/joestar/Documents/projects/airflow_etl/airflow_env/lib/python3.8/site-packages/airflow/example_dags/example_short_circuit_decorator.py took 0.100 seconds
[2023-09-14T18:04:57.637+0100] {processor.py:157} INFO - Started process (PID=39220) to work on /home/joestar/Documents/projects/airflow_etl/airflow_env/lib/python3.8/site-packages/airflow/example_dags/example_short_circuit_decorator.py
[2023-09-14T18:04:57.647+0100] {processor.py:829} INFO - Processing file /home/joestar/Documents/projects/airflow_etl/airflow_env/lib/python3.8/site-packages/airflow/example_dags/example_short_circuit_decorator.py for tasks to queue
[2023-09-14T18:04:57.649+0100] {logging_mixin.py:151} INFO - [2023-09-14T18:04:57.648+0100] {dagbag.py:539} INFO - Filling up the DagBag from /home/joestar/Documents/projects/airflow_etl/airflow_env/lib/python3.8/site-packages/airflow/example_dags/example_short_circuit_decorator.py
[2023-09-14T18:04:57.675+0100] {processor.py:839} INFO - DAG(s) dict_keys(['example_short_circuit_decorator']) retrieved from /home/joestar/Documents/projects/airflow_etl/airflow_env/lib/python3.8/site-packages/airflow/example_dags/example_short_circuit_decorator.py
[2023-09-14T18:04:57.718+0100] {logging_mixin.py:151} INFO - [2023-09-14T18:04:57.718+0100] {dag.py:2915} INFO - Sync 1 DAGs
[2023-09-14T18:04:57.737+0100] {logging_mixin.py:151} INFO - [2023-09-14T18:04:57.737+0100] {dag.py:3696} INFO - Setting next_dagrun for example_short_circuit_decorator to 2023-09-13T17:04:57.737505+00:00, run_after=2023-09-14T17:04:57.737505+00:00
[2023-09-14T18:04:57.761+0100] {processor.py:179} INFO - Processing /home/joestar/Documents/projects/airflow_etl/airflow_env/lib/python3.8/site-packages/airflow/example_dags/example_short_circuit_decorator.py took 0.128 seconds
