[2023-09-14T17:12:40.832+0100] {processor.py:157} INFO - Started process (PID=24494) to work on /home/joestar/Documents/projects/airflow_etl/airflow_env/lib/python3.8/site-packages/airflow/example_dags/example_complex.py
[2023-09-14T17:12:40.834+0100] {processor.py:829} INFO - Processing file /home/joestar/Documents/projects/airflow_etl/airflow_env/lib/python3.8/site-packages/airflow/example_dags/example_complex.py for tasks to queue
[2023-09-14T17:12:40.835+0100] {logging_mixin.py:151} INFO - [2023-09-14T17:12:40.835+0100] {dagbag.py:539} INFO - Filling up the DagBag from /home/joestar/Documents/projects/airflow_etl/airflow_env/lib/python3.8/site-packages/airflow/example_dags/example_complex.py
[2023-09-14T17:12:40.854+0100] {processor.py:839} INFO - DAG(s) dict_keys(['example_complex']) retrieved from /home/joestar/Documents/projects/airflow_etl/airflow_env/lib/python3.8/site-packages/airflow/example_dags/example_complex.py
[2023-09-14T17:12:41.007+0100] {logging_mixin.py:151} INFO - [2023-09-14T17:12:41.007+0100] {manager.py:499} INFO - Created Permission View: %s
[2023-09-14T17:12:41.024+0100] {logging_mixin.py:151} INFO - [2023-09-14T17:12:41.023+0100] {manager.py:499} INFO - Created Permission View: %s
[2023-09-14T17:12:41.037+0100] {logging_mixin.py:151} INFO - [2023-09-14T17:12:41.037+0100] {manager.py:499} INFO - Created Permission View: %s
[2023-09-14T17:12:41.037+0100] {logging_mixin.py:151} INFO - [2023-09-14T17:12:41.037+0100] {security.py:708} INFO - Not syncing DAG-level permissions for DAG 'DAG:example_complex' as access control is unset.
[2023-09-14T17:12:41.038+0100] {logging_mixin.py:151} INFO - [2023-09-14T17:12:41.038+0100] {dag.py:2915} INFO - Sync 1 DAGs
[2023-09-14T17:12:41.048+0100] {logging_mixin.py:151} INFO - [2023-09-14T17:12:41.047+0100] {dag.py:2937} INFO - Creating ORM DAG for example_complex
[2023-09-14T17:12:41.048+0100] {logging_mixin.py:151} INFO - [2023-09-14T17:12:41.048+0100] {dag.py:3696} INFO - Setting next_dagrun for example_complex to None, run_after=None
[2023-09-14T17:12:41.075+0100] {processor.py:179} INFO - Processing /home/joestar/Documents/projects/airflow_etl/airflow_env/lib/python3.8/site-packages/airflow/example_dags/example_complex.py took 0.247 seconds
[2023-09-14T17:13:31.030+0100] {processor.py:157} INFO - Started process (PID=24870) to work on /home/joestar/Documents/projects/airflow_etl/airflow_env/lib/python3.8/site-packages/airflow/example_dags/example_complex.py
[2023-09-14T17:13:31.031+0100] {processor.py:829} INFO - Processing file /home/joestar/Documents/projects/airflow_etl/airflow_env/lib/python3.8/site-packages/airflow/example_dags/example_complex.py for tasks to queue
[2023-09-14T17:13:31.032+0100] {logging_mixin.py:151} INFO - [2023-09-14T17:13:31.031+0100] {dagbag.py:539} INFO - Filling up the DagBag from /home/joestar/Documents/projects/airflow_etl/airflow_env/lib/python3.8/site-packages/airflow/example_dags/example_complex.py
[2023-09-14T17:13:31.042+0100] {processor.py:839} INFO - DAG(s) dict_keys(['example_complex']) retrieved from /home/joestar/Documents/projects/airflow_etl/airflow_env/lib/python3.8/site-packages/airflow/example_dags/example_complex.py
[2023-09-14T17:13:31.066+0100] {logging_mixin.py:151} INFO - [2023-09-14T17:13:31.065+0100] {dag.py:2915} INFO - Sync 1 DAGs
[2023-09-14T17:13:31.075+0100] {logging_mixin.py:151} INFO - [2023-09-14T17:13:31.074+0100] {dag.py:3696} INFO - Setting next_dagrun for example_complex to None, run_after=None
[2023-09-14T17:13:31.101+0100] {processor.py:179} INFO - Processing /home/joestar/Documents/projects/airflow_etl/airflow_env/lib/python3.8/site-packages/airflow/example_dags/example_complex.py took 0.074 seconds
[2023-09-14T17:14:27.084+0100] {processor.py:157} INFO - Started process (PID=25249) to work on /home/joestar/Documents/projects/airflow_etl/airflow_env/lib/python3.8/site-packages/airflow/example_dags/example_complex.py
[2023-09-14T17:14:27.085+0100] {processor.py:829} INFO - Processing file /home/joestar/Documents/projects/airflow_etl/airflow_env/lib/python3.8/site-packages/airflow/example_dags/example_complex.py for tasks to queue
[2023-09-14T17:14:27.086+0100] {logging_mixin.py:151} INFO - [2023-09-14T17:14:27.085+0100] {dagbag.py:539} INFO - Filling up the DagBag from /home/joestar/Documents/projects/airflow_etl/airflow_env/lib/python3.8/site-packages/airflow/example_dags/example_complex.py
[2023-09-14T17:14:27.108+0100] {processor.py:839} INFO - DAG(s) dict_keys(['example_complex']) retrieved from /home/joestar/Documents/projects/airflow_etl/airflow_env/lib/python3.8/site-packages/airflow/example_dags/example_complex.py
[2023-09-14T17:14:27.147+0100] {logging_mixin.py:151} INFO - [2023-09-14T17:14:27.147+0100] {dag.py:2915} INFO - Sync 1 DAGs
[2023-09-14T17:14:27.166+0100] {logging_mixin.py:151} INFO - [2023-09-14T17:14:27.165+0100] {dag.py:3696} INFO - Setting next_dagrun for example_complex to None, run_after=None
[2023-09-14T17:14:27.205+0100] {processor.py:179} INFO - Processing /home/joestar/Documents/projects/airflow_etl/airflow_env/lib/python3.8/site-packages/airflow/example_dags/example_complex.py took 0.124 seconds
[2023-09-14T17:15:26.584+0100] {processor.py:157} INFO - Started process (PID=25917) to work on /home/joestar/Documents/projects/airflow_etl/airflow_env/lib/python3.8/site-packages/airflow/example_dags/example_complex.py
[2023-09-14T17:15:26.584+0100] {processor.py:829} INFO - Processing file /home/joestar/Documents/projects/airflow_etl/airflow_env/lib/python3.8/site-packages/airflow/example_dags/example_complex.py for tasks to queue
[2023-09-14T17:15:26.585+0100] {logging_mixin.py:151} INFO - [2023-09-14T17:15:26.585+0100] {dagbag.py:539} INFO - Filling up the DagBag from /home/joestar/Documents/projects/airflow_etl/airflow_env/lib/python3.8/site-packages/airflow/example_dags/example_complex.py
[2023-09-14T17:15:26.605+0100] {processor.py:839} INFO - DAG(s) dict_keys(['example_complex']) retrieved from /home/joestar/Documents/projects/airflow_etl/airflow_env/lib/python3.8/site-packages/airflow/example_dags/example_complex.py
[2023-09-14T17:15:26.640+0100] {logging_mixin.py:151} INFO - [2023-09-14T17:15:26.640+0100] {dag.py:2915} INFO - Sync 1 DAGs
[2023-09-14T17:15:26.654+0100] {logging_mixin.py:151} INFO - [2023-09-14T17:15:26.654+0100] {dag.py:3696} INFO - Setting next_dagrun for example_complex to None, run_after=None
[2023-09-14T17:15:26.686+0100] {processor.py:179} INFO - Processing /home/joestar/Documents/projects/airflow_etl/airflow_env/lib/python3.8/site-packages/airflow/example_dags/example_complex.py took 0.106 seconds
[2023-09-14T17:16:21.159+0100] {processor.py:157} INFO - Started process (PID=26166) to work on /home/joestar/Documents/projects/airflow_etl/airflow_env/lib/python3.8/site-packages/airflow/example_dags/example_complex.py
[2023-09-14T17:16:21.160+0100] {processor.py:829} INFO - Processing file /home/joestar/Documents/projects/airflow_etl/airflow_env/lib/python3.8/site-packages/airflow/example_dags/example_complex.py for tasks to queue
[2023-09-14T17:16:21.161+0100] {logging_mixin.py:151} INFO - [2023-09-14T17:16:21.160+0100] {dagbag.py:539} INFO - Filling up the DagBag from /home/joestar/Documents/projects/airflow_etl/airflow_env/lib/python3.8/site-packages/airflow/example_dags/example_complex.py
[2023-09-14T17:16:21.171+0100] {processor.py:839} INFO - DAG(s) dict_keys(['example_complex']) retrieved from /home/joestar/Documents/projects/airflow_etl/airflow_env/lib/python3.8/site-packages/airflow/example_dags/example_complex.py
[2023-09-14T17:16:21.195+0100] {logging_mixin.py:151} INFO - [2023-09-14T17:16:21.194+0100] {dag.py:2915} INFO - Sync 1 DAGs
[2023-09-14T17:16:21.206+0100] {logging_mixin.py:151} INFO - [2023-09-14T17:16:21.206+0100] {dag.py:3696} INFO - Setting next_dagrun for example_complex to None, run_after=None
[2023-09-14T17:16:21.234+0100] {processor.py:179} INFO - Processing /home/joestar/Documents/projects/airflow_etl/airflow_env/lib/python3.8/site-packages/airflow/example_dags/example_complex.py took 0.078 seconds
[2023-09-14T17:17:12.965+0100] {processor.py:157} INFO - Started process (PID=26418) to work on /home/joestar/Documents/projects/airflow_etl/airflow_env/lib/python3.8/site-packages/airflow/example_dags/example_complex.py
[2023-09-14T17:17:12.966+0100] {processor.py:829} INFO - Processing file /home/joestar/Documents/projects/airflow_etl/airflow_env/lib/python3.8/site-packages/airflow/example_dags/example_complex.py for tasks to queue
[2023-09-14T17:17:12.968+0100] {logging_mixin.py:151} INFO - [2023-09-14T17:17:12.967+0100] {dagbag.py:539} INFO - Filling up the DagBag from /home/joestar/Documents/projects/airflow_etl/airflow_env/lib/python3.8/site-packages/airflow/example_dags/example_complex.py
[2023-09-14T17:17:12.981+0100] {processor.py:839} INFO - DAG(s) dict_keys(['example_complex']) retrieved from /home/joestar/Documents/projects/airflow_etl/airflow_env/lib/python3.8/site-packages/airflow/example_dags/example_complex.py
[2023-09-14T17:17:13.023+0100] {logging_mixin.py:151} INFO - [2023-09-14T17:17:13.023+0100] {dag.py:2915} INFO - Sync 1 DAGs
[2023-09-14T17:17:13.046+0100] {logging_mixin.py:151} INFO - [2023-09-14T17:17:13.046+0100] {dag.py:3696} INFO - Setting next_dagrun for example_complex to None, run_after=None
[2023-09-14T17:17:13.077+0100] {processor.py:179} INFO - Processing /home/joestar/Documents/projects/airflow_etl/airflow_env/lib/python3.8/site-packages/airflow/example_dags/example_complex.py took 0.116 seconds
[2023-09-14T17:18:04.254+0100] {processor.py:157} INFO - Started process (PID=26715) to work on /home/joestar/Documents/projects/airflow_etl/airflow_env/lib/python3.8/site-packages/airflow/example_dags/example_complex.py
[2023-09-14T17:18:04.254+0100] {processor.py:829} INFO - Processing file /home/joestar/Documents/projects/airflow_etl/airflow_env/lib/python3.8/site-packages/airflow/example_dags/example_complex.py for tasks to queue
[2023-09-14T17:18:04.255+0100] {logging_mixin.py:151} INFO - [2023-09-14T17:18:04.255+0100] {dagbag.py:539} INFO - Filling up the DagBag from /home/joestar/Documents/projects/airflow_etl/airflow_env/lib/python3.8/site-packages/airflow/example_dags/example_complex.py
[2023-09-14T17:18:04.266+0100] {processor.py:839} INFO - DAG(s) dict_keys(['example_complex']) retrieved from /home/joestar/Documents/projects/airflow_etl/airflow_env/lib/python3.8/site-packages/airflow/example_dags/example_complex.py
[2023-09-14T17:18:04.305+0100] {logging_mixin.py:151} INFO - [2023-09-14T17:18:04.304+0100] {dag.py:2915} INFO - Sync 1 DAGs
[2023-09-14T17:18:04.321+0100] {logging_mixin.py:151} INFO - [2023-09-14T17:18:04.321+0100] {dag.py:3696} INFO - Setting next_dagrun for example_complex to None, run_after=None
[2023-09-14T17:18:04.356+0100] {processor.py:179} INFO - Processing /home/joestar/Documents/projects/airflow_etl/airflow_env/lib/python3.8/site-packages/airflow/example_dags/example_complex.py took 0.105 seconds
[2023-09-14T17:18:54.939+0100] {processor.py:157} INFO - Started process (PID=27138) to work on /home/joestar/Documents/projects/airflow_etl/airflow_env/lib/python3.8/site-packages/airflow/example_dags/example_complex.py
[2023-09-14T17:18:54.942+0100] {processor.py:829} INFO - Processing file /home/joestar/Documents/projects/airflow_etl/airflow_env/lib/python3.8/site-packages/airflow/example_dags/example_complex.py for tasks to queue
[2023-09-14T17:18:54.944+0100] {logging_mixin.py:151} INFO - [2023-09-14T17:18:54.943+0100] {dagbag.py:539} INFO - Filling up the DagBag from /home/joestar/Documents/projects/airflow_etl/airflow_env/lib/python3.8/site-packages/airflow/example_dags/example_complex.py
[2023-09-14T17:18:54.969+0100] {processor.py:839} INFO - DAG(s) dict_keys(['example_complex']) retrieved from /home/joestar/Documents/projects/airflow_etl/airflow_env/lib/python3.8/site-packages/airflow/example_dags/example_complex.py
[2023-09-14T17:18:55.012+0100] {logging_mixin.py:151} INFO - [2023-09-14T17:18:55.012+0100] {dag.py:2915} INFO - Sync 1 DAGs
[2023-09-14T17:18:55.027+0100] {logging_mixin.py:151} INFO - [2023-09-14T17:18:55.027+0100] {dag.py:3696} INFO - Setting next_dagrun for example_complex to None, run_after=None
[2023-09-14T17:18:55.057+0100] {processor.py:179} INFO - Processing /home/joestar/Documents/projects/airflow_etl/airflow_env/lib/python3.8/site-packages/airflow/example_dags/example_complex.py took 0.131 seconds
[2023-09-14T17:19:55.078+0100] {processor.py:157} INFO - Started process (PID=27429) to work on /home/joestar/Documents/projects/airflow_etl/airflow_env/lib/python3.8/site-packages/airflow/example_dags/example_complex.py
[2023-09-14T17:19:55.080+0100] {processor.py:829} INFO - Processing file /home/joestar/Documents/projects/airflow_etl/airflow_env/lib/python3.8/site-packages/airflow/example_dags/example_complex.py for tasks to queue
[2023-09-14T17:19:55.082+0100] {logging_mixin.py:151} INFO - [2023-09-14T17:19:55.081+0100] {dagbag.py:539} INFO - Filling up the DagBag from /home/joestar/Documents/projects/airflow_etl/airflow_env/lib/python3.8/site-packages/airflow/example_dags/example_complex.py
[2023-09-14T17:19:55.097+0100] {processor.py:839} INFO - DAG(s) dict_keys(['example_complex']) retrieved from /home/joestar/Documents/projects/airflow_etl/airflow_env/lib/python3.8/site-packages/airflow/example_dags/example_complex.py
[2023-09-14T17:19:55.118+0100] {logging_mixin.py:151} INFO - [2023-09-14T17:19:55.118+0100] {dag.py:2915} INFO - Sync 1 DAGs
[2023-09-14T17:19:55.128+0100] {logging_mixin.py:151} INFO - [2023-09-14T17:19:55.127+0100] {dag.py:3696} INFO - Setting next_dagrun for example_complex to None, run_after=None
[2023-09-14T17:19:55.150+0100] {processor.py:179} INFO - Processing /home/joestar/Documents/projects/airflow_etl/airflow_env/lib/python3.8/site-packages/airflow/example_dags/example_complex.py took 0.079 seconds
[2023-09-14T17:20:46.588+0100] {processor.py:157} INFO - Started process (PID=27638) to work on /home/joestar/Documents/projects/airflow_etl/airflow_env/lib/python3.8/site-packages/airflow/example_dags/example_complex.py
[2023-09-14T17:20:46.589+0100] {processor.py:829} INFO - Processing file /home/joestar/Documents/projects/airflow_etl/airflow_env/lib/python3.8/site-packages/airflow/example_dags/example_complex.py for tasks to queue
[2023-09-14T17:20:46.590+0100] {logging_mixin.py:151} INFO - [2023-09-14T17:20:46.590+0100] {dagbag.py:539} INFO - Filling up the DagBag from /home/joestar/Documents/projects/airflow_etl/airflow_env/lib/python3.8/site-packages/airflow/example_dags/example_complex.py
[2023-09-14T17:20:46.604+0100] {processor.py:839} INFO - DAG(s) dict_keys(['example_complex']) retrieved from /home/joestar/Documents/projects/airflow_etl/airflow_env/lib/python3.8/site-packages/airflow/example_dags/example_complex.py
[2023-09-14T17:20:46.628+0100] {logging_mixin.py:151} INFO - [2023-09-14T17:20:46.628+0100] {dag.py:2915} INFO - Sync 1 DAGs
[2023-09-14T17:20:46.639+0100] {logging_mixin.py:151} INFO - [2023-09-14T17:20:46.639+0100] {dag.py:3696} INFO - Setting next_dagrun for example_complex to None, run_after=None
[2023-09-14T17:20:46.664+0100] {processor.py:179} INFO - Processing /home/joestar/Documents/projects/airflow_etl/airflow_env/lib/python3.8/site-packages/airflow/example_dags/example_complex.py took 0.078 seconds
[2023-09-14T17:21:37.701+0100] {processor.py:157} INFO - Started process (PID=27867) to work on /home/joestar/Documents/projects/airflow_etl/airflow_env/lib/python3.8/site-packages/airflow/example_dags/example_complex.py
[2023-09-14T17:21:37.702+0100] {processor.py:829} INFO - Processing file /home/joestar/Documents/projects/airflow_etl/airflow_env/lib/python3.8/site-packages/airflow/example_dags/example_complex.py for tasks to queue
[2023-09-14T17:21:37.703+0100] {logging_mixin.py:151} INFO - [2023-09-14T17:21:37.703+0100] {dagbag.py:539} INFO - Filling up the DagBag from /home/joestar/Documents/projects/airflow_etl/airflow_env/lib/python3.8/site-packages/airflow/example_dags/example_complex.py
[2023-09-14T17:21:37.722+0100] {processor.py:839} INFO - DAG(s) dict_keys(['example_complex']) retrieved from /home/joestar/Documents/projects/airflow_etl/airflow_env/lib/python3.8/site-packages/airflow/example_dags/example_complex.py
[2023-09-14T17:21:37.761+0100] {logging_mixin.py:151} INFO - [2023-09-14T17:21:37.760+0100] {dag.py:2915} INFO - Sync 1 DAGs
[2023-09-14T17:21:37.774+0100] {logging_mixin.py:151} INFO - [2023-09-14T17:21:37.774+0100] {dag.py:3696} INFO - Setting next_dagrun for example_complex to None, run_after=None
[2023-09-14T17:21:37.805+0100] {processor.py:179} INFO - Processing /home/joestar/Documents/projects/airflow_etl/airflow_env/lib/python3.8/site-packages/airflow/example_dags/example_complex.py took 0.108 seconds
[2023-09-14T17:22:31.137+0100] {processor.py:157} INFO - Started process (PID=28087) to work on /home/joestar/Documents/projects/airflow_etl/airflow_env/lib/python3.8/site-packages/airflow/example_dags/example_complex.py
[2023-09-14T17:22:31.138+0100] {processor.py:829} INFO - Processing file /home/joestar/Documents/projects/airflow_etl/airflow_env/lib/python3.8/site-packages/airflow/example_dags/example_complex.py for tasks to queue
[2023-09-14T17:22:31.139+0100] {logging_mixin.py:151} INFO - [2023-09-14T17:22:31.139+0100] {dagbag.py:539} INFO - Filling up the DagBag from /home/joestar/Documents/projects/airflow_etl/airflow_env/lib/python3.8/site-packages/airflow/example_dags/example_complex.py
[2023-09-14T17:22:31.150+0100] {processor.py:839} INFO - DAG(s) dict_keys(['example_complex']) retrieved from /home/joestar/Documents/projects/airflow_etl/airflow_env/lib/python3.8/site-packages/airflow/example_dags/example_complex.py
[2023-09-14T17:22:31.183+0100] {logging_mixin.py:151} INFO - [2023-09-14T17:22:31.183+0100] {dag.py:2915} INFO - Sync 1 DAGs
[2023-09-14T17:22:31.203+0100] {logging_mixin.py:151} INFO - [2023-09-14T17:22:31.203+0100] {dag.py:3696} INFO - Setting next_dagrun for example_complex to None, run_after=None
[2023-09-14T17:22:31.237+0100] {processor.py:179} INFO - Processing /home/joestar/Documents/projects/airflow_etl/airflow_env/lib/python3.8/site-packages/airflow/example_dags/example_complex.py took 0.102 seconds
[2023-09-14T17:23:25.727+0100] {processor.py:157} INFO - Started process (PID=28341) to work on /home/joestar/Documents/projects/airflow_etl/airflow_env/lib/python3.8/site-packages/airflow/example_dags/example_complex.py
[2023-09-14T17:23:25.729+0100] {processor.py:829} INFO - Processing file /home/joestar/Documents/projects/airflow_etl/airflow_env/lib/python3.8/site-packages/airflow/example_dags/example_complex.py for tasks to queue
[2023-09-14T17:23:25.731+0100] {logging_mixin.py:151} INFO - [2023-09-14T17:23:25.730+0100] {dagbag.py:539} INFO - Filling up the DagBag from /home/joestar/Documents/projects/airflow_etl/airflow_env/lib/python3.8/site-packages/airflow/example_dags/example_complex.py
[2023-09-14T17:23:25.756+0100] {processor.py:839} INFO - DAG(s) dict_keys(['example_complex']) retrieved from /home/joestar/Documents/projects/airflow_etl/airflow_env/lib/python3.8/site-packages/airflow/example_dags/example_complex.py
[2023-09-14T17:23:25.808+0100] {logging_mixin.py:151} INFO - [2023-09-14T17:23:25.808+0100] {dag.py:2915} INFO - Sync 1 DAGs
[2023-09-14T17:23:25.829+0100] {logging_mixin.py:151} INFO - [2023-09-14T17:23:25.829+0100] {dag.py:3696} INFO - Setting next_dagrun for example_complex to None, run_after=None
[2023-09-14T17:23:25.926+0100] {processor.py:179} INFO - Processing /home/joestar/Documents/projects/airflow_etl/airflow_env/lib/python3.8/site-packages/airflow/example_dags/example_complex.py took 0.203 seconds
[2023-09-14T17:24:25.343+0100] {processor.py:157} INFO - Started process (PID=28600) to work on /home/joestar/Documents/projects/airflow_etl/airflow_env/lib/python3.8/site-packages/airflow/example_dags/example_complex.py
[2023-09-14T17:24:25.344+0100] {processor.py:829} INFO - Processing file /home/joestar/Documents/projects/airflow_etl/airflow_env/lib/python3.8/site-packages/airflow/example_dags/example_complex.py for tasks to queue
[2023-09-14T17:24:25.345+0100] {logging_mixin.py:151} INFO - [2023-09-14T17:24:25.345+0100] {dagbag.py:539} INFO - Filling up the DagBag from /home/joestar/Documents/projects/airflow_etl/airflow_env/lib/python3.8/site-packages/airflow/example_dags/example_complex.py
[2023-09-14T17:24:25.357+0100] {processor.py:839} INFO - DAG(s) dict_keys(['example_complex']) retrieved from /home/joestar/Documents/projects/airflow_etl/airflow_env/lib/python3.8/site-packages/airflow/example_dags/example_complex.py
[2023-09-14T17:24:25.397+0100] {logging_mixin.py:151} INFO - [2023-09-14T17:24:25.397+0100] {dag.py:2915} INFO - Sync 1 DAGs
[2023-09-14T17:24:25.415+0100] {logging_mixin.py:151} INFO - [2023-09-14T17:24:25.415+0100] {dag.py:3696} INFO - Setting next_dagrun for example_complex to None, run_after=None
[2023-09-14T17:24:25.460+0100] {processor.py:179} INFO - Processing /home/joestar/Documents/projects/airflow_etl/airflow_env/lib/python3.8/site-packages/airflow/example_dags/example_complex.py took 0.120 seconds
[2023-09-14T17:25:22.839+0100] {processor.py:157} INFO - Started process (PID=28835) to work on /home/joestar/Documents/projects/airflow_etl/airflow_env/lib/python3.8/site-packages/airflow/example_dags/example_complex.py
[2023-09-14T17:25:22.841+0100] {processor.py:829} INFO - Processing file /home/joestar/Documents/projects/airflow_etl/airflow_env/lib/python3.8/site-packages/airflow/example_dags/example_complex.py for tasks to queue
[2023-09-14T17:25:22.842+0100] {logging_mixin.py:151} INFO - [2023-09-14T17:25:22.841+0100] {dagbag.py:539} INFO - Filling up the DagBag from /home/joestar/Documents/projects/airflow_etl/airflow_env/lib/python3.8/site-packages/airflow/example_dags/example_complex.py
[2023-09-14T17:25:22.852+0100] {processor.py:839} INFO - DAG(s) dict_keys(['example_complex']) retrieved from /home/joestar/Documents/projects/airflow_etl/airflow_env/lib/python3.8/site-packages/airflow/example_dags/example_complex.py
[2023-09-14T17:25:22.878+0100] {logging_mixin.py:151} INFO - [2023-09-14T17:25:22.878+0100] {dag.py:2915} INFO - Sync 1 DAGs
[2023-09-14T17:25:22.890+0100] {logging_mixin.py:151} INFO - [2023-09-14T17:25:22.890+0100] {dag.py:3696} INFO - Setting next_dagrun for example_complex to None, run_after=None
[2023-09-14T17:25:22.916+0100] {processor.py:179} INFO - Processing /home/joestar/Documents/projects/airflow_etl/airflow_env/lib/python3.8/site-packages/airflow/example_dags/example_complex.py took 0.080 seconds
[2023-09-14T17:26:16.069+0100] {processor.py:157} INFO - Started process (PID=29070) to work on /home/joestar/Documents/projects/airflow_etl/airflow_env/lib/python3.8/site-packages/airflow/example_dags/example_complex.py
[2023-09-14T17:26:16.070+0100] {processor.py:829} INFO - Processing file /home/joestar/Documents/projects/airflow_etl/airflow_env/lib/python3.8/site-packages/airflow/example_dags/example_complex.py for tasks to queue
[2023-09-14T17:26:16.071+0100] {logging_mixin.py:151} INFO - [2023-09-14T17:26:16.071+0100] {dagbag.py:539} INFO - Filling up the DagBag from /home/joestar/Documents/projects/airflow_etl/airflow_env/lib/python3.8/site-packages/airflow/example_dags/example_complex.py
[2023-09-14T17:26:16.081+0100] {processor.py:839} INFO - DAG(s) dict_keys(['example_complex']) retrieved from /home/joestar/Documents/projects/airflow_etl/airflow_env/lib/python3.8/site-packages/airflow/example_dags/example_complex.py
[2023-09-14T17:26:16.118+0100] {logging_mixin.py:151} INFO - [2023-09-14T17:26:16.117+0100] {dag.py:2915} INFO - Sync 1 DAGs
[2023-09-14T17:26:16.135+0100] {logging_mixin.py:151} INFO - [2023-09-14T17:26:16.134+0100] {dag.py:3696} INFO - Setting next_dagrun for example_complex to None, run_after=None
[2023-09-14T17:26:16.161+0100] {processor.py:179} INFO - Processing /home/joestar/Documents/projects/airflow_etl/airflow_env/lib/python3.8/site-packages/airflow/example_dags/example_complex.py took 0.095 seconds
[2023-09-14T17:27:09.107+0100] {processor.py:157} INFO - Started process (PID=29315) to work on /home/joestar/Documents/projects/airflow_etl/airflow_env/lib/python3.8/site-packages/airflow/example_dags/example_complex.py
[2023-09-14T17:27:09.108+0100] {processor.py:829} INFO - Processing file /home/joestar/Documents/projects/airflow_etl/airflow_env/lib/python3.8/site-packages/airflow/example_dags/example_complex.py for tasks to queue
[2023-09-14T17:27:09.109+0100] {logging_mixin.py:151} INFO - [2023-09-14T17:27:09.109+0100] {dagbag.py:539} INFO - Filling up the DagBag from /home/joestar/Documents/projects/airflow_etl/airflow_env/lib/python3.8/site-packages/airflow/example_dags/example_complex.py
[2023-09-14T17:27:09.122+0100] {processor.py:839} INFO - DAG(s) dict_keys(['example_complex']) retrieved from /home/joestar/Documents/projects/airflow_etl/airflow_env/lib/python3.8/site-packages/airflow/example_dags/example_complex.py
[2023-09-14T17:27:09.156+0100] {logging_mixin.py:151} INFO - [2023-09-14T17:27:09.155+0100] {dag.py:2915} INFO - Sync 1 DAGs
[2023-09-14T17:27:09.172+0100] {logging_mixin.py:151} INFO - [2023-09-14T17:27:09.172+0100] {dag.py:3696} INFO - Setting next_dagrun for example_complex to None, run_after=None
[2023-09-14T17:27:09.198+0100] {processor.py:179} INFO - Processing /home/joestar/Documents/projects/airflow_etl/airflow_env/lib/python3.8/site-packages/airflow/example_dags/example_complex.py took 0.095 seconds
[2023-09-14T17:28:04.896+0100] {processor.py:157} INFO - Started process (PID=29556) to work on /home/joestar/Documents/projects/airflow_etl/airflow_env/lib/python3.8/site-packages/airflow/example_dags/example_complex.py
[2023-09-14T17:28:04.897+0100] {processor.py:829} INFO - Processing file /home/joestar/Documents/projects/airflow_etl/airflow_env/lib/python3.8/site-packages/airflow/example_dags/example_complex.py for tasks to queue
[2023-09-14T17:28:04.898+0100] {logging_mixin.py:151} INFO - [2023-09-14T17:28:04.898+0100] {dagbag.py:539} INFO - Filling up the DagBag from /home/joestar/Documents/projects/airflow_etl/airflow_env/lib/python3.8/site-packages/airflow/example_dags/example_complex.py
[2023-09-14T17:28:04.912+0100] {processor.py:839} INFO - DAG(s) dict_keys(['example_complex']) retrieved from /home/joestar/Documents/projects/airflow_etl/airflow_env/lib/python3.8/site-packages/airflow/example_dags/example_complex.py
[2023-09-14T17:28:04.951+0100] {logging_mixin.py:151} INFO - [2023-09-14T17:28:04.950+0100] {dag.py:2915} INFO - Sync 1 DAGs
[2023-09-14T17:28:04.963+0100] {logging_mixin.py:151} INFO - [2023-09-14T17:28:04.963+0100] {dag.py:3696} INFO - Setting next_dagrun for example_complex to None, run_after=None
[2023-09-14T17:28:05.000+0100] {processor.py:179} INFO - Processing /home/joestar/Documents/projects/airflow_etl/airflow_env/lib/python3.8/site-packages/airflow/example_dags/example_complex.py took 0.108 seconds
[2023-09-14T17:28:56.452+0100] {processor.py:157} INFO - Started process (PID=29778) to work on /home/joestar/Documents/projects/airflow_etl/airflow_env/lib/python3.8/site-packages/airflow/example_dags/example_complex.py
[2023-09-14T17:28:56.453+0100] {processor.py:829} INFO - Processing file /home/joestar/Documents/projects/airflow_etl/airflow_env/lib/python3.8/site-packages/airflow/example_dags/example_complex.py for tasks to queue
[2023-09-14T17:28:56.454+0100] {logging_mixin.py:151} INFO - [2023-09-14T17:28:56.454+0100] {dagbag.py:539} INFO - Filling up the DagBag from /home/joestar/Documents/projects/airflow_etl/airflow_env/lib/python3.8/site-packages/airflow/example_dags/example_complex.py
[2023-09-14T17:28:56.473+0100] {processor.py:839} INFO - DAG(s) dict_keys(['example_complex']) retrieved from /home/joestar/Documents/projects/airflow_etl/airflow_env/lib/python3.8/site-packages/airflow/example_dags/example_complex.py
[2023-09-14T17:28:56.518+0100] {logging_mixin.py:151} INFO - [2023-09-14T17:28:56.518+0100] {dag.py:2915} INFO - Sync 1 DAGs
[2023-09-14T17:28:56.536+0100] {logging_mixin.py:151} INFO - [2023-09-14T17:28:56.535+0100] {dag.py:3696} INFO - Setting next_dagrun for example_complex to None, run_after=None
[2023-09-14T17:28:56.575+0100] {processor.py:179} INFO - Processing /home/joestar/Documents/projects/airflow_etl/airflow_env/lib/python3.8/site-packages/airflow/example_dags/example_complex.py took 0.126 seconds
[2023-09-14T17:29:49.059+0100] {processor.py:157} INFO - Started process (PID=30032) to work on /home/joestar/Documents/projects/airflow_etl/airflow_env/lib/python3.8/site-packages/airflow/example_dags/example_complex.py
[2023-09-14T17:29:49.060+0100] {processor.py:829} INFO - Processing file /home/joestar/Documents/projects/airflow_etl/airflow_env/lib/python3.8/site-packages/airflow/example_dags/example_complex.py for tasks to queue
[2023-09-14T17:29:49.061+0100] {logging_mixin.py:151} INFO - [2023-09-14T17:29:49.061+0100] {dagbag.py:539} INFO - Filling up the DagBag from /home/joestar/Documents/projects/airflow_etl/airflow_env/lib/python3.8/site-packages/airflow/example_dags/example_complex.py
[2023-09-14T17:29:49.071+0100] {processor.py:839} INFO - DAG(s) dict_keys(['example_complex']) retrieved from /home/joestar/Documents/projects/airflow_etl/airflow_env/lib/python3.8/site-packages/airflow/example_dags/example_complex.py
[2023-09-14T17:29:49.107+0100] {logging_mixin.py:151} INFO - [2023-09-14T17:29:49.106+0100] {dag.py:2915} INFO - Sync 1 DAGs
[2023-09-14T17:29:49.118+0100] {logging_mixin.py:151} INFO - [2023-09-14T17:29:49.118+0100] {dag.py:3696} INFO - Setting next_dagrun for example_complex to None, run_after=None
[2023-09-14T17:29:49.152+0100] {processor.py:179} INFO - Processing /home/joestar/Documents/projects/airflow_etl/airflow_env/lib/python3.8/site-packages/airflow/example_dags/example_complex.py took 0.095 seconds
[2023-09-14T17:30:42.131+0100] {processor.py:157} INFO - Started process (PID=30281) to work on /home/joestar/Documents/projects/airflow_etl/airflow_env/lib/python3.8/site-packages/airflow/example_dags/example_complex.py
[2023-09-14T17:30:42.132+0100] {processor.py:829} INFO - Processing file /home/joestar/Documents/projects/airflow_etl/airflow_env/lib/python3.8/site-packages/airflow/example_dags/example_complex.py for tasks to queue
[2023-09-14T17:30:42.134+0100] {logging_mixin.py:151} INFO - [2023-09-14T17:30:42.133+0100] {dagbag.py:539} INFO - Filling up the DagBag from /home/joestar/Documents/projects/airflow_etl/airflow_env/lib/python3.8/site-packages/airflow/example_dags/example_complex.py
[2023-09-14T17:30:42.151+0100] {processor.py:839} INFO - DAG(s) dict_keys(['example_complex']) retrieved from /home/joestar/Documents/projects/airflow_etl/airflow_env/lib/python3.8/site-packages/airflow/example_dags/example_complex.py
[2023-09-14T17:30:42.195+0100] {logging_mixin.py:151} INFO - [2023-09-14T17:30:42.195+0100] {dag.py:2915} INFO - Sync 1 DAGs
[2023-09-14T17:30:42.213+0100] {logging_mixin.py:151} INFO - [2023-09-14T17:30:42.213+0100] {dag.py:3696} INFO - Setting next_dagrun for example_complex to None, run_after=None
[2023-09-14T17:30:42.240+0100] {processor.py:179} INFO - Processing /home/joestar/Documents/projects/airflow_etl/airflow_env/lib/python3.8/site-packages/airflow/example_dags/example_complex.py took 0.114 seconds
[2023-09-14T17:31:31.604+0100] {processor.py:157} INFO - Started process (PID=30512) to work on /home/joestar/Documents/projects/airflow_etl/airflow_env/lib/python3.8/site-packages/airflow/example_dags/example_complex.py
[2023-09-14T17:31:31.605+0100] {processor.py:829} INFO - Processing file /home/joestar/Documents/projects/airflow_etl/airflow_env/lib/python3.8/site-packages/airflow/example_dags/example_complex.py for tasks to queue
[2023-09-14T17:31:31.606+0100] {logging_mixin.py:151} INFO - [2023-09-14T17:31:31.606+0100] {dagbag.py:539} INFO - Filling up the DagBag from /home/joestar/Documents/projects/airflow_etl/airflow_env/lib/python3.8/site-packages/airflow/example_dags/example_complex.py
[2023-09-14T17:31:31.623+0100] {processor.py:839} INFO - DAG(s) dict_keys(['example_complex']) retrieved from /home/joestar/Documents/projects/airflow_etl/airflow_env/lib/python3.8/site-packages/airflow/example_dags/example_complex.py
[2023-09-14T17:31:31.664+0100] {logging_mixin.py:151} INFO - [2023-09-14T17:31:31.664+0100] {dag.py:2915} INFO - Sync 1 DAGs
[2023-09-14T17:31:31.681+0100] {logging_mixin.py:151} INFO - [2023-09-14T17:31:31.681+0100] {dag.py:3696} INFO - Setting next_dagrun for example_complex to None, run_after=None
[2023-09-14T17:31:31.715+0100] {processor.py:179} INFO - Processing /home/joestar/Documents/projects/airflow_etl/airflow_env/lib/python3.8/site-packages/airflow/example_dags/example_complex.py took 0.114 seconds
[2023-09-14T17:32:23.431+0100] {processor.py:157} INFO - Started process (PID=30745) to work on /home/joestar/Documents/projects/airflow_etl/airflow_env/lib/python3.8/site-packages/airflow/example_dags/example_complex.py
[2023-09-14T17:32:23.432+0100] {processor.py:829} INFO - Processing file /home/joestar/Documents/projects/airflow_etl/airflow_env/lib/python3.8/site-packages/airflow/example_dags/example_complex.py for tasks to queue
[2023-09-14T17:32:23.433+0100] {logging_mixin.py:151} INFO - [2023-09-14T17:32:23.432+0100] {dagbag.py:539} INFO - Filling up the DagBag from /home/joestar/Documents/projects/airflow_etl/airflow_env/lib/python3.8/site-packages/airflow/example_dags/example_complex.py
[2023-09-14T17:32:23.444+0100] {processor.py:839} INFO - DAG(s) dict_keys(['example_complex']) retrieved from /home/joestar/Documents/projects/airflow_etl/airflow_env/lib/python3.8/site-packages/airflow/example_dags/example_complex.py
[2023-09-14T17:32:23.469+0100] {logging_mixin.py:151} INFO - [2023-09-14T17:32:23.468+0100] {dag.py:2915} INFO - Sync 1 DAGs
[2023-09-14T17:32:23.480+0100] {logging_mixin.py:151} INFO - [2023-09-14T17:32:23.480+0100] {dag.py:3696} INFO - Setting next_dagrun for example_complex to None, run_after=None
[2023-09-14T17:32:23.507+0100] {processor.py:179} INFO - Processing /home/joestar/Documents/projects/airflow_etl/airflow_env/lib/python3.8/site-packages/airflow/example_dags/example_complex.py took 0.079 seconds
[2023-09-14T17:33:15.312+0100] {processor.py:157} INFO - Started process (PID=30981) to work on /home/joestar/Documents/projects/airflow_etl/airflow_env/lib/python3.8/site-packages/airflow/example_dags/example_complex.py
[2023-09-14T17:33:15.313+0100] {processor.py:829} INFO - Processing file /home/joestar/Documents/projects/airflow_etl/airflow_env/lib/python3.8/site-packages/airflow/example_dags/example_complex.py for tasks to queue
[2023-09-14T17:33:15.314+0100] {logging_mixin.py:151} INFO - [2023-09-14T17:33:15.314+0100] {dagbag.py:539} INFO - Filling up the DagBag from /home/joestar/Documents/projects/airflow_etl/airflow_env/lib/python3.8/site-packages/airflow/example_dags/example_complex.py
[2023-09-14T17:33:15.327+0100] {processor.py:839} INFO - DAG(s) dict_keys(['example_complex']) retrieved from /home/joestar/Documents/projects/airflow_etl/airflow_env/lib/python3.8/site-packages/airflow/example_dags/example_complex.py
[2023-09-14T17:33:15.355+0100] {logging_mixin.py:151} INFO - [2023-09-14T17:33:15.355+0100] {dag.py:2915} INFO - Sync 1 DAGs
[2023-09-14T17:33:15.370+0100] {logging_mixin.py:151} INFO - [2023-09-14T17:33:15.369+0100] {dag.py:3696} INFO - Setting next_dagrun for example_complex to None, run_after=None
[2023-09-14T17:33:15.401+0100] {processor.py:179} INFO - Processing /home/joestar/Documents/projects/airflow_etl/airflow_env/lib/python3.8/site-packages/airflow/example_dags/example_complex.py took 0.092 seconds
[2023-09-14T17:34:09.657+0100] {processor.py:157} INFO - Started process (PID=31235) to work on /home/joestar/Documents/projects/airflow_etl/airflow_env/lib/python3.8/site-packages/airflow/example_dags/example_complex.py
[2023-09-14T17:34:09.658+0100] {processor.py:829} INFO - Processing file /home/joestar/Documents/projects/airflow_etl/airflow_env/lib/python3.8/site-packages/airflow/example_dags/example_complex.py for tasks to queue
[2023-09-14T17:34:09.659+0100] {logging_mixin.py:151} INFO - [2023-09-14T17:34:09.659+0100] {dagbag.py:539} INFO - Filling up the DagBag from /home/joestar/Documents/projects/airflow_etl/airflow_env/lib/python3.8/site-packages/airflow/example_dags/example_complex.py
[2023-09-14T17:34:09.676+0100] {processor.py:839} INFO - DAG(s) dict_keys(['example_complex']) retrieved from /home/joestar/Documents/projects/airflow_etl/airflow_env/lib/python3.8/site-packages/airflow/example_dags/example_complex.py
[2023-09-14T17:34:09.716+0100] {logging_mixin.py:151} INFO - [2023-09-14T17:34:09.716+0100] {dag.py:2915} INFO - Sync 1 DAGs
[2023-09-14T17:34:09.732+0100] {logging_mixin.py:151} INFO - [2023-09-14T17:34:09.732+0100] {dag.py:3696} INFO - Setting next_dagrun for example_complex to None, run_after=None
[2023-09-14T17:34:09.760+0100] {processor.py:179} INFO - Processing /home/joestar/Documents/projects/airflow_etl/airflow_env/lib/python3.8/site-packages/airflow/example_dags/example_complex.py took 0.106 seconds
[2023-09-14T17:35:02.693+0100] {processor.py:157} INFO - Started process (PID=31468) to work on /home/joestar/Documents/projects/airflow_etl/airflow_env/lib/python3.8/site-packages/airflow/example_dags/example_complex.py
[2023-09-14T17:35:02.694+0100] {processor.py:829} INFO - Processing file /home/joestar/Documents/projects/airflow_etl/airflow_env/lib/python3.8/site-packages/airflow/example_dags/example_complex.py for tasks to queue
[2023-09-14T17:35:02.694+0100] {logging_mixin.py:151} INFO - [2023-09-14T17:35:02.694+0100] {dagbag.py:539} INFO - Filling up the DagBag from /home/joestar/Documents/projects/airflow_etl/airflow_env/lib/python3.8/site-packages/airflow/example_dags/example_complex.py
[2023-09-14T17:35:02.711+0100] {processor.py:839} INFO - DAG(s) dict_keys(['example_complex']) retrieved from /home/joestar/Documents/projects/airflow_etl/airflow_env/lib/python3.8/site-packages/airflow/example_dags/example_complex.py
[2023-09-14T17:35:02.753+0100] {logging_mixin.py:151} INFO - [2023-09-14T17:35:02.752+0100] {dag.py:2915} INFO - Sync 1 DAGs
[2023-09-14T17:35:02.768+0100] {logging_mixin.py:151} INFO - [2023-09-14T17:35:02.768+0100] {dag.py:3696} INFO - Setting next_dagrun for example_complex to None, run_after=None
[2023-09-14T17:35:02.800+0100] {processor.py:179} INFO - Processing /home/joestar/Documents/projects/airflow_etl/airflow_env/lib/python3.8/site-packages/airflow/example_dags/example_complex.py took 0.110 seconds
[2023-09-14T17:35:53.510+0100] {processor.py:157} INFO - Started process (PID=31700) to work on /home/joestar/Documents/projects/airflow_etl/airflow_env/lib/python3.8/site-packages/airflow/example_dags/example_complex.py
[2023-09-14T17:35:53.511+0100] {processor.py:829} INFO - Processing file /home/joestar/Documents/projects/airflow_etl/airflow_env/lib/python3.8/site-packages/airflow/example_dags/example_complex.py for tasks to queue
[2023-09-14T17:35:53.512+0100] {logging_mixin.py:151} INFO - [2023-09-14T17:35:53.512+0100] {dagbag.py:539} INFO - Filling up the DagBag from /home/joestar/Documents/projects/airflow_etl/airflow_env/lib/python3.8/site-packages/airflow/example_dags/example_complex.py
[2023-09-14T17:35:53.522+0100] {processor.py:839} INFO - DAG(s) dict_keys(['example_complex']) retrieved from /home/joestar/Documents/projects/airflow_etl/airflow_env/lib/python3.8/site-packages/airflow/example_dags/example_complex.py
[2023-09-14T17:35:53.553+0100] {logging_mixin.py:151} INFO - [2023-09-14T17:35:53.552+0100] {dag.py:2915} INFO - Sync 1 DAGs
[2023-09-14T17:35:53.563+0100] {logging_mixin.py:151} INFO - [2023-09-14T17:35:53.563+0100] {dag.py:3696} INFO - Setting next_dagrun for example_complex to None, run_after=None
[2023-09-14T17:35:53.589+0100] {processor.py:179} INFO - Processing /home/joestar/Documents/projects/airflow_etl/airflow_env/lib/python3.8/site-packages/airflow/example_dags/example_complex.py took 0.081 seconds
[2023-09-14T17:36:44.511+0100] {processor.py:157} INFO - Started process (PID=31935) to work on /home/joestar/Documents/projects/airflow_etl/airflow_env/lib/python3.8/site-packages/airflow/example_dags/example_complex.py
[2023-09-14T17:36:44.512+0100] {processor.py:829} INFO - Processing file /home/joestar/Documents/projects/airflow_etl/airflow_env/lib/python3.8/site-packages/airflow/example_dags/example_complex.py for tasks to queue
[2023-09-14T17:36:44.513+0100] {logging_mixin.py:151} INFO - [2023-09-14T17:36:44.513+0100] {dagbag.py:539} INFO - Filling up the DagBag from /home/joestar/Documents/projects/airflow_etl/airflow_env/lib/python3.8/site-packages/airflow/example_dags/example_complex.py
[2023-09-14T17:36:44.527+0100] {processor.py:839} INFO - DAG(s) dict_keys(['example_complex']) retrieved from /home/joestar/Documents/projects/airflow_etl/airflow_env/lib/python3.8/site-packages/airflow/example_dags/example_complex.py
[2023-09-14T17:36:44.557+0100] {logging_mixin.py:151} INFO - [2023-09-14T17:36:44.557+0100] {dag.py:2915} INFO - Sync 1 DAGs
[2023-09-14T17:36:44.574+0100] {logging_mixin.py:151} INFO - [2023-09-14T17:36:44.574+0100] {dag.py:3696} INFO - Setting next_dagrun for example_complex to None, run_after=None
[2023-09-14T17:36:44.605+0100] {processor.py:179} INFO - Processing /home/joestar/Documents/projects/airflow_etl/airflow_env/lib/python3.8/site-packages/airflow/example_dags/example_complex.py took 0.098 seconds
[2023-09-14T17:37:40.267+0100] {processor.py:157} INFO - Started process (PID=32218) to work on /home/joestar/Documents/projects/airflow_etl/airflow_env/lib/python3.8/site-packages/airflow/example_dags/example_complex.py
[2023-09-14T17:37:40.269+0100] {processor.py:829} INFO - Processing file /home/joestar/Documents/projects/airflow_etl/airflow_env/lib/python3.8/site-packages/airflow/example_dags/example_complex.py for tasks to queue
[2023-09-14T17:37:40.271+0100] {logging_mixin.py:151} INFO - [2023-09-14T17:37:40.270+0100] {dagbag.py:539} INFO - Filling up the DagBag from /home/joestar/Documents/projects/airflow_etl/airflow_env/lib/python3.8/site-packages/airflow/example_dags/example_complex.py
[2023-09-14T17:37:40.293+0100] {processor.py:839} INFO - DAG(s) dict_keys(['example_complex']) retrieved from /home/joestar/Documents/projects/airflow_etl/airflow_env/lib/python3.8/site-packages/airflow/example_dags/example_complex.py
[2023-09-14T17:37:40.376+0100] {logging_mixin.py:151} INFO - [2023-09-14T17:37:40.375+0100] {dag.py:2915} INFO - Sync 1 DAGs
[2023-09-14T17:37:40.393+0100] {logging_mixin.py:151} INFO - [2023-09-14T17:37:40.393+0100] {dag.py:3696} INFO - Setting next_dagrun for example_complex to None, run_after=None
[2023-09-14T17:37:40.422+0100] {processor.py:179} INFO - Processing /home/joestar/Documents/projects/airflow_etl/airflow_env/lib/python3.8/site-packages/airflow/example_dags/example_complex.py took 0.160 seconds
[2023-09-14T17:38:37.530+0100] {processor.py:157} INFO - Started process (PID=32717) to work on /home/joestar/Documents/projects/airflow_etl/airflow_env/lib/python3.8/site-packages/airflow/example_dags/example_complex.py
[2023-09-14T17:38:37.531+0100] {processor.py:829} INFO - Processing file /home/joestar/Documents/projects/airflow_etl/airflow_env/lib/python3.8/site-packages/airflow/example_dags/example_complex.py for tasks to queue
[2023-09-14T17:38:37.532+0100] {logging_mixin.py:151} INFO - [2023-09-14T17:38:37.532+0100] {dagbag.py:539} INFO - Filling up the DagBag from /home/joestar/Documents/projects/airflow_etl/airflow_env/lib/python3.8/site-packages/airflow/example_dags/example_complex.py
[2023-09-14T17:38:37.543+0100] {processor.py:839} INFO - DAG(s) dict_keys(['example_complex']) retrieved from /home/joestar/Documents/projects/airflow_etl/airflow_env/lib/python3.8/site-packages/airflow/example_dags/example_complex.py
[2023-09-14T17:38:37.573+0100] {logging_mixin.py:151} INFO - [2023-09-14T17:38:37.573+0100] {dag.py:2915} INFO - Sync 1 DAGs
[2023-09-14T17:38:37.585+0100] {logging_mixin.py:151} INFO - [2023-09-14T17:38:37.585+0100] {dag.py:3696} INFO - Setting next_dagrun for example_complex to None, run_after=None
[2023-09-14T17:38:37.618+0100] {processor.py:179} INFO - Processing /home/joestar/Documents/projects/airflow_etl/airflow_env/lib/python3.8/site-packages/airflow/example_dags/example_complex.py took 0.091 seconds
[2023-09-14T17:39:46.745+0100] {processor.py:157} INFO - Started process (PID=33143) to work on /home/joestar/Documents/projects/airflow_etl/airflow_env/lib/python3.8/site-packages/airflow/example_dags/example_complex.py
[2023-09-14T17:39:46.746+0100] {processor.py:829} INFO - Processing file /home/joestar/Documents/projects/airflow_etl/airflow_env/lib/python3.8/site-packages/airflow/example_dags/example_complex.py for tasks to queue
[2023-09-14T17:39:46.747+0100] {logging_mixin.py:151} INFO - [2023-09-14T17:39:46.746+0100] {dagbag.py:539} INFO - Filling up the DagBag from /home/joestar/Documents/projects/airflow_etl/airflow_env/lib/python3.8/site-packages/airflow/example_dags/example_complex.py
[2023-09-14T17:39:46.770+0100] {processor.py:839} INFO - DAG(s) dict_keys(['example_complex']) retrieved from /home/joestar/Documents/projects/airflow_etl/airflow_env/lib/python3.8/site-packages/airflow/example_dags/example_complex.py
[2023-09-14T17:39:46.816+0100] {logging_mixin.py:151} INFO - [2023-09-14T17:39:46.816+0100] {dag.py:2915} INFO - Sync 1 DAGs
[2023-09-14T17:39:46.836+0100] {logging_mixin.py:151} INFO - [2023-09-14T17:39:46.836+0100] {dag.py:3696} INFO - Setting next_dagrun for example_complex to None, run_after=None
[2023-09-14T17:39:46.886+0100] {processor.py:179} INFO - Processing /home/joestar/Documents/projects/airflow_etl/airflow_env/lib/python3.8/site-packages/airflow/example_dags/example_complex.py took 0.149 seconds
[2023-09-14T17:40:47.232+0100] {processor.py:157} INFO - Started process (PID=33510) to work on /home/joestar/Documents/projects/airflow_etl/airflow_env/lib/python3.8/site-packages/airflow/example_dags/example_complex.py
[2023-09-14T17:40:47.234+0100] {processor.py:829} INFO - Processing file /home/joestar/Documents/projects/airflow_etl/airflow_env/lib/python3.8/site-packages/airflow/example_dags/example_complex.py for tasks to queue
[2023-09-14T17:40:47.236+0100] {logging_mixin.py:151} INFO - [2023-09-14T17:40:47.235+0100] {dagbag.py:539} INFO - Filling up the DagBag from /home/joestar/Documents/projects/airflow_etl/airflow_env/lib/python3.8/site-packages/airflow/example_dags/example_complex.py
[2023-09-14T17:40:47.256+0100] {processor.py:839} INFO - DAG(s) dict_keys(['example_complex']) retrieved from /home/joestar/Documents/projects/airflow_etl/airflow_env/lib/python3.8/site-packages/airflow/example_dags/example_complex.py
[2023-09-14T17:40:47.296+0100] {logging_mixin.py:151} INFO - [2023-09-14T17:40:47.295+0100] {dag.py:2915} INFO - Sync 1 DAGs
[2023-09-14T17:40:47.316+0100] {logging_mixin.py:151} INFO - [2023-09-14T17:40:47.316+0100] {dag.py:3696} INFO - Setting next_dagrun for example_complex to None, run_after=None
[2023-09-14T17:40:47.376+0100] {processor.py:179} INFO - Processing /home/joestar/Documents/projects/airflow_etl/airflow_env/lib/python3.8/site-packages/airflow/example_dags/example_complex.py took 0.148 seconds
[2023-09-14T17:41:39.605+0100] {processor.py:157} INFO - Started process (PID=33906) to work on /home/joestar/Documents/projects/airflow_etl/airflow_env/lib/python3.8/site-packages/airflow/example_dags/example_complex.py
[2023-09-14T17:41:39.606+0100] {processor.py:829} INFO - Processing file /home/joestar/Documents/projects/airflow_etl/airflow_env/lib/python3.8/site-packages/airflow/example_dags/example_complex.py for tasks to queue
[2023-09-14T17:41:39.607+0100] {logging_mixin.py:151} INFO - [2023-09-14T17:41:39.607+0100] {dagbag.py:539} INFO - Filling up the DagBag from /home/joestar/Documents/projects/airflow_etl/airflow_env/lib/python3.8/site-packages/airflow/example_dags/example_complex.py
[2023-09-14T17:41:39.624+0100] {processor.py:839} INFO - DAG(s) dict_keys(['example_complex']) retrieved from /home/joestar/Documents/projects/airflow_etl/airflow_env/lib/python3.8/site-packages/airflow/example_dags/example_complex.py
[2023-09-14T17:41:39.664+0100] {logging_mixin.py:151} INFO - [2023-09-14T17:41:39.663+0100] {dag.py:2915} INFO - Sync 1 DAGs
[2023-09-14T17:41:39.681+0100] {logging_mixin.py:151} INFO - [2023-09-14T17:41:39.681+0100] {dag.py:3696} INFO - Setting next_dagrun for example_complex to None, run_after=None
[2023-09-14T17:41:39.712+0100] {processor.py:179} INFO - Processing /home/joestar/Documents/projects/airflow_etl/airflow_env/lib/python3.8/site-packages/airflow/example_dags/example_complex.py took 0.110 seconds
[2023-09-14T17:42:44.627+0100] {processor.py:157} INFO - Started process (PID=34194) to work on /home/joestar/Documents/projects/airflow_etl/airflow_env/lib/python3.8/site-packages/airflow/example_dags/example_complex.py
[2023-09-14T17:42:44.628+0100] {processor.py:829} INFO - Processing file /home/joestar/Documents/projects/airflow_etl/airflow_env/lib/python3.8/site-packages/airflow/example_dags/example_complex.py for tasks to queue
[2023-09-14T17:42:44.630+0100] {logging_mixin.py:151} INFO - [2023-09-14T17:42:44.629+0100] {dagbag.py:539} INFO - Filling up the DagBag from /home/joestar/Documents/projects/airflow_etl/airflow_env/lib/python3.8/site-packages/airflow/example_dags/example_complex.py
[2023-09-14T17:42:44.648+0100] {processor.py:839} INFO - DAG(s) dict_keys(['example_complex']) retrieved from /home/joestar/Documents/projects/airflow_etl/airflow_env/lib/python3.8/site-packages/airflow/example_dags/example_complex.py
[2023-09-14T17:42:44.691+0100] {logging_mixin.py:151} INFO - [2023-09-14T17:42:44.691+0100] {dag.py:2915} INFO - Sync 1 DAGs
[2023-09-14T17:42:44.709+0100] {logging_mixin.py:151} INFO - [2023-09-14T17:42:44.709+0100] {dag.py:3696} INFO - Setting next_dagrun for example_complex to None, run_after=None
[2023-09-14T17:42:44.759+0100] {processor.py:179} INFO - Processing /home/joestar/Documents/projects/airflow_etl/airflow_env/lib/python3.8/site-packages/airflow/example_dags/example_complex.py took 0.136 seconds
[2023-09-14T17:43:40.722+0100] {processor.py:157} INFO - Started process (PID=34455) to work on /home/joestar/Documents/projects/airflow_etl/airflow_env/lib/python3.8/site-packages/airflow/example_dags/example_complex.py
[2023-09-14T17:43:40.723+0100] {processor.py:829} INFO - Processing file /home/joestar/Documents/projects/airflow_etl/airflow_env/lib/python3.8/site-packages/airflow/example_dags/example_complex.py for tasks to queue
[2023-09-14T17:43:40.724+0100] {logging_mixin.py:151} INFO - [2023-09-14T17:43:40.723+0100] {dagbag.py:539} INFO - Filling up the DagBag from /home/joestar/Documents/projects/airflow_etl/airflow_env/lib/python3.8/site-packages/airflow/example_dags/example_complex.py
[2023-09-14T17:43:40.738+0100] {processor.py:839} INFO - DAG(s) dict_keys(['example_complex']) retrieved from /home/joestar/Documents/projects/airflow_etl/airflow_env/lib/python3.8/site-packages/airflow/example_dags/example_complex.py
[2023-09-14T17:43:40.770+0100] {logging_mixin.py:151} INFO - [2023-09-14T17:43:40.769+0100] {dag.py:2915} INFO - Sync 1 DAGs
[2023-09-14T17:43:40.784+0100] {logging_mixin.py:151} INFO - [2023-09-14T17:43:40.783+0100] {dag.py:3696} INFO - Setting next_dagrun for example_complex to None, run_after=None
[2023-09-14T17:43:40.817+0100] {processor.py:179} INFO - Processing /home/joestar/Documents/projects/airflow_etl/airflow_env/lib/python3.8/site-packages/airflow/example_dags/example_complex.py took 0.099 seconds
[2023-09-14T17:44:43.681+0100] {processor.py:157} INFO - Started process (PID=34761) to work on /home/joestar/Documents/projects/airflow_etl/airflow_env/lib/python3.8/site-packages/airflow/example_dags/example_complex.py
[2023-09-14T17:44:43.683+0100] {processor.py:829} INFO - Processing file /home/joestar/Documents/projects/airflow_etl/airflow_env/lib/python3.8/site-packages/airflow/example_dags/example_complex.py for tasks to queue
[2023-09-14T17:44:43.685+0100] {logging_mixin.py:151} INFO - [2023-09-14T17:44:43.684+0100] {dagbag.py:539} INFO - Filling up the DagBag from /home/joestar/Documents/projects/airflow_etl/airflow_env/lib/python3.8/site-packages/airflow/example_dags/example_complex.py
[2023-09-14T17:44:43.705+0100] {processor.py:839} INFO - DAG(s) dict_keys(['example_complex']) retrieved from /home/joestar/Documents/projects/airflow_etl/airflow_env/lib/python3.8/site-packages/airflow/example_dags/example_complex.py
[2023-09-14T17:44:43.745+0100] {logging_mixin.py:151} INFO - [2023-09-14T17:44:43.745+0100] {dag.py:2915} INFO - Sync 1 DAGs
[2023-09-14T17:44:43.762+0100] {logging_mixin.py:151} INFO - [2023-09-14T17:44:43.762+0100] {dag.py:3696} INFO - Setting next_dagrun for example_complex to None, run_after=None
[2023-09-14T17:44:43.801+0100] {processor.py:179} INFO - Processing /home/joestar/Documents/projects/airflow_etl/airflow_env/lib/python3.8/site-packages/airflow/example_dags/example_complex.py took 0.124 seconds
[2023-09-14T17:45:44.665+0100] {processor.py:157} INFO - Started process (PID=35011) to work on /home/joestar/Documents/projects/airflow_etl/airflow_env/lib/python3.8/site-packages/airflow/example_dags/example_complex.py
[2023-09-14T17:45:44.667+0100] {processor.py:829} INFO - Processing file /home/joestar/Documents/projects/airflow_etl/airflow_env/lib/python3.8/site-packages/airflow/example_dags/example_complex.py for tasks to queue
[2023-09-14T17:45:44.667+0100] {logging_mixin.py:151} INFO - [2023-09-14T17:45:44.667+0100] {dagbag.py:539} INFO - Filling up the DagBag from /home/joestar/Documents/projects/airflow_etl/airflow_env/lib/python3.8/site-packages/airflow/example_dags/example_complex.py
[2023-09-14T17:45:44.678+0100] {processor.py:839} INFO - DAG(s) dict_keys(['example_complex']) retrieved from /home/joestar/Documents/projects/airflow_etl/airflow_env/lib/python3.8/site-packages/airflow/example_dags/example_complex.py
[2023-09-14T17:45:44.722+0100] {logging_mixin.py:151} INFO - [2023-09-14T17:45:44.721+0100] {dag.py:2915} INFO - Sync 1 DAGs
[2023-09-14T17:45:44.737+0100] {logging_mixin.py:151} INFO - [2023-09-14T17:45:44.737+0100] {dag.py:3696} INFO - Setting next_dagrun for example_complex to None, run_after=None
[2023-09-14T17:45:44.764+0100] {processor.py:179} INFO - Processing /home/joestar/Documents/projects/airflow_etl/airflow_env/lib/python3.8/site-packages/airflow/example_dags/example_complex.py took 0.102 seconds
[2023-09-14T17:46:46.933+0100] {processor.py:157} INFO - Started process (PID=35280) to work on /home/joestar/Documents/projects/airflow_etl/airflow_env/lib/python3.8/site-packages/airflow/example_dags/example_complex.py
[2023-09-14T17:46:46.935+0100] {processor.py:829} INFO - Processing file /home/joestar/Documents/projects/airflow_etl/airflow_env/lib/python3.8/site-packages/airflow/example_dags/example_complex.py for tasks to queue
[2023-09-14T17:46:46.937+0100] {logging_mixin.py:151} INFO - [2023-09-14T17:46:46.935+0100] {dagbag.py:539} INFO - Filling up the DagBag from /home/joestar/Documents/projects/airflow_etl/airflow_env/lib/python3.8/site-packages/airflow/example_dags/example_complex.py
[2023-09-14T17:46:46.962+0100] {processor.py:839} INFO - DAG(s) dict_keys(['example_complex']) retrieved from /home/joestar/Documents/projects/airflow_etl/airflow_env/lib/python3.8/site-packages/airflow/example_dags/example_complex.py
[2023-09-14T17:46:47.027+0100] {logging_mixin.py:151} INFO - [2023-09-14T17:46:47.026+0100] {dag.py:2915} INFO - Sync 1 DAGs
[2023-09-14T17:46:47.052+0100] {logging_mixin.py:151} INFO - [2023-09-14T17:46:47.052+0100] {dag.py:3696} INFO - Setting next_dagrun for example_complex to None, run_after=None
[2023-09-14T17:46:47.095+0100] {processor.py:179} INFO - Processing /home/joestar/Documents/projects/airflow_etl/airflow_env/lib/python3.8/site-packages/airflow/example_dags/example_complex.py took 0.170 seconds
[2023-09-14T17:48:06.258+0100] {processor.py:157} INFO - Started process (PID=35607) to work on /home/joestar/Documents/projects/airflow_etl/airflow_env/lib/python3.8/site-packages/airflow/example_dags/example_complex.py
[2023-09-14T17:48:06.260+0100] {processor.py:829} INFO - Processing file /home/joestar/Documents/projects/airflow_etl/airflow_env/lib/python3.8/site-packages/airflow/example_dags/example_complex.py for tasks to queue
[2023-09-14T17:48:06.261+0100] {logging_mixin.py:151} INFO - [2023-09-14T17:48:06.260+0100] {dagbag.py:539} INFO - Filling up the DagBag from /home/joestar/Documents/projects/airflow_etl/airflow_env/lib/python3.8/site-packages/airflow/example_dags/example_complex.py
[2023-09-14T17:48:06.275+0100] {processor.py:839} INFO - DAG(s) dict_keys(['example_complex']) retrieved from /home/joestar/Documents/projects/airflow_etl/airflow_env/lib/python3.8/site-packages/airflow/example_dags/example_complex.py
[2023-09-14T17:48:06.312+0100] {logging_mixin.py:151} INFO - [2023-09-14T17:48:06.312+0100] {dag.py:2915} INFO - Sync 1 DAGs
[2023-09-14T17:48:06.328+0100] {logging_mixin.py:151} INFO - [2023-09-14T17:48:06.328+0100] {dag.py:3696} INFO - Setting next_dagrun for example_complex to None, run_after=None
[2023-09-14T17:48:06.365+0100] {processor.py:179} INFO - Processing /home/joestar/Documents/projects/airflow_etl/airflow_env/lib/python3.8/site-packages/airflow/example_dags/example_complex.py took 0.110 seconds
[2023-09-14T17:49:10.222+0100] {processor.py:157} INFO - Started process (PID=35858) to work on /home/joestar/Documents/projects/airflow_etl/airflow_env/lib/python3.8/site-packages/airflow/example_dags/example_complex.py
[2023-09-14T17:49:10.224+0100] {processor.py:829} INFO - Processing file /home/joestar/Documents/projects/airflow_etl/airflow_env/lib/python3.8/site-packages/airflow/example_dags/example_complex.py for tasks to queue
[2023-09-14T17:49:10.225+0100] {logging_mixin.py:151} INFO - [2023-09-14T17:49:10.224+0100] {dagbag.py:539} INFO - Filling up the DagBag from /home/joestar/Documents/projects/airflow_etl/airflow_env/lib/python3.8/site-packages/airflow/example_dags/example_complex.py
[2023-09-14T17:49:10.247+0100] {processor.py:839} INFO - DAG(s) dict_keys(['example_complex']) retrieved from /home/joestar/Documents/projects/airflow_etl/airflow_env/lib/python3.8/site-packages/airflow/example_dags/example_complex.py
[2023-09-14T17:49:10.295+0100] {logging_mixin.py:151} INFO - [2023-09-14T17:49:10.295+0100] {dag.py:2915} INFO - Sync 1 DAGs
[2023-09-14T17:49:10.313+0100] {logging_mixin.py:151} INFO - [2023-09-14T17:49:10.313+0100] {dag.py:3696} INFO - Setting next_dagrun for example_complex to None, run_after=None
[2023-09-14T17:49:10.351+0100] {processor.py:179} INFO - Processing /home/joestar/Documents/projects/airflow_etl/airflow_env/lib/python3.8/site-packages/airflow/example_dags/example_complex.py took 0.132 seconds
[2023-09-14T17:50:12.798+0100] {processor.py:157} INFO - Started process (PID=36129) to work on /home/joestar/Documents/projects/airflow_etl/airflow_env/lib/python3.8/site-packages/airflow/example_dags/example_complex.py
[2023-09-14T17:50:12.800+0100] {processor.py:829} INFO - Processing file /home/joestar/Documents/projects/airflow_etl/airflow_env/lib/python3.8/site-packages/airflow/example_dags/example_complex.py for tasks to queue
[2023-09-14T17:50:12.801+0100] {logging_mixin.py:151} INFO - [2023-09-14T17:50:12.800+0100] {dagbag.py:539} INFO - Filling up the DagBag from /home/joestar/Documents/projects/airflow_etl/airflow_env/lib/python3.8/site-packages/airflow/example_dags/example_complex.py
[2023-09-14T17:50:12.817+0100] {processor.py:839} INFO - DAG(s) dict_keys(['example_complex']) retrieved from /home/joestar/Documents/projects/airflow_etl/airflow_env/lib/python3.8/site-packages/airflow/example_dags/example_complex.py
[2023-09-14T17:50:12.857+0100] {logging_mixin.py:151} INFO - [2023-09-14T17:50:12.857+0100] {dag.py:2915} INFO - Sync 1 DAGs
[2023-09-14T17:50:12.874+0100] {logging_mixin.py:151} INFO - [2023-09-14T17:50:12.874+0100] {dag.py:3696} INFO - Setting next_dagrun for example_complex to None, run_after=None
[2023-09-14T17:50:12.903+0100] {processor.py:179} INFO - Processing /home/joestar/Documents/projects/airflow_etl/airflow_env/lib/python3.8/site-packages/airflow/example_dags/example_complex.py took 0.108 seconds
[2023-09-14T17:51:13.199+0100] {processor.py:157} INFO - Started process (PID=36408) to work on /home/joestar/Documents/projects/airflow_etl/airflow_env/lib/python3.8/site-packages/airflow/example_dags/example_complex.py
[2023-09-14T17:51:13.200+0100] {processor.py:829} INFO - Processing file /home/joestar/Documents/projects/airflow_etl/airflow_env/lib/python3.8/site-packages/airflow/example_dags/example_complex.py for tasks to queue
[2023-09-14T17:51:13.201+0100] {logging_mixin.py:151} INFO - [2023-09-14T17:51:13.201+0100] {dagbag.py:539} INFO - Filling up the DagBag from /home/joestar/Documents/projects/airflow_etl/airflow_env/lib/python3.8/site-packages/airflow/example_dags/example_complex.py
[2023-09-14T17:51:13.212+0100] {processor.py:839} INFO - DAG(s) dict_keys(['example_complex']) retrieved from /home/joestar/Documents/projects/airflow_etl/airflow_env/lib/python3.8/site-packages/airflow/example_dags/example_complex.py
[2023-09-14T17:51:13.238+0100] {logging_mixin.py:151} INFO - [2023-09-14T17:51:13.238+0100] {dag.py:2915} INFO - Sync 1 DAGs
[2023-09-14T17:51:13.250+0100] {logging_mixin.py:151} INFO - [2023-09-14T17:51:13.250+0100] {dag.py:3696} INFO - Setting next_dagrun for example_complex to None, run_after=None
[2023-09-14T17:51:13.274+0100] {processor.py:179} INFO - Processing /home/joestar/Documents/projects/airflow_etl/airflow_env/lib/python3.8/site-packages/airflow/example_dags/example_complex.py took 0.079 seconds
[2023-09-14T17:52:09.703+0100] {processor.py:157} INFO - Started process (PID=36638) to work on /home/joestar/Documents/projects/airflow_etl/airflow_env/lib/python3.8/site-packages/airflow/example_dags/example_complex.py
[2023-09-14T17:52:09.705+0100] {processor.py:829} INFO - Processing file /home/joestar/Documents/projects/airflow_etl/airflow_env/lib/python3.8/site-packages/airflow/example_dags/example_complex.py for tasks to queue
[2023-09-14T17:52:09.706+0100] {logging_mixin.py:151} INFO - [2023-09-14T17:52:09.705+0100] {dagbag.py:539} INFO - Filling up the DagBag from /home/joestar/Documents/projects/airflow_etl/airflow_env/lib/python3.8/site-packages/airflow/example_dags/example_complex.py
[2023-09-14T17:52:09.726+0100] {processor.py:839} INFO - DAG(s) dict_keys(['example_complex']) retrieved from /home/joestar/Documents/projects/airflow_etl/airflow_env/lib/python3.8/site-packages/airflow/example_dags/example_complex.py
[2023-09-14T17:52:09.769+0100] {logging_mixin.py:151} INFO - [2023-09-14T17:52:09.769+0100] {dag.py:2915} INFO - Sync 1 DAGs
[2023-09-14T17:52:09.786+0100] {logging_mixin.py:151} INFO - [2023-09-14T17:52:09.786+0100] {dag.py:3696} INFO - Setting next_dagrun for example_complex to None, run_after=None
[2023-09-14T17:52:09.823+0100] {processor.py:179} INFO - Processing /home/joestar/Documents/projects/airflow_etl/airflow_env/lib/python3.8/site-packages/airflow/example_dags/example_complex.py took 0.123 seconds
[2023-09-14T17:53:06.556+0100] {processor.py:157} INFO - Started process (PID=36897) to work on /home/joestar/Documents/projects/airflow_etl/airflow_env/lib/python3.8/site-packages/airflow/example_dags/example_complex.py
[2023-09-14T17:53:06.557+0100] {processor.py:829} INFO - Processing file /home/joestar/Documents/projects/airflow_etl/airflow_env/lib/python3.8/site-packages/airflow/example_dags/example_complex.py for tasks to queue
[2023-09-14T17:53:06.558+0100] {logging_mixin.py:151} INFO - [2023-09-14T17:53:06.557+0100] {dagbag.py:539} INFO - Filling up the DagBag from /home/joestar/Documents/projects/airflow_etl/airflow_env/lib/python3.8/site-packages/airflow/example_dags/example_complex.py
[2023-09-14T17:53:06.574+0100] {processor.py:839} INFO - DAG(s) dict_keys(['example_complex']) retrieved from /home/joestar/Documents/projects/airflow_etl/airflow_env/lib/python3.8/site-packages/airflow/example_dags/example_complex.py
[2023-09-14T17:53:06.611+0100] {logging_mixin.py:151} INFO - [2023-09-14T17:53:06.611+0100] {dag.py:2915} INFO - Sync 1 DAGs
[2023-09-14T17:53:06.628+0100] {logging_mixin.py:151} INFO - [2023-09-14T17:53:06.628+0100] {dag.py:3696} INFO - Setting next_dagrun for example_complex to None, run_after=None
[2023-09-14T17:53:06.658+0100] {processor.py:179} INFO - Processing /home/joestar/Documents/projects/airflow_etl/airflow_env/lib/python3.8/site-packages/airflow/example_dags/example_complex.py took 0.106 seconds
[2023-09-14T18:03:34.356+0100] {processor.py:157} INFO - Started process (PID=38848) to work on /home/joestar/Documents/projects/airflow_etl/airflow_env/lib/python3.8/site-packages/airflow/example_dags/example_complex.py
[2023-09-14T18:03:34.357+0100] {processor.py:829} INFO - Processing file /home/joestar/Documents/projects/airflow_etl/airflow_env/lib/python3.8/site-packages/airflow/example_dags/example_complex.py for tasks to queue
[2023-09-14T18:03:34.358+0100] {logging_mixin.py:151} INFO - [2023-09-14T18:03:34.357+0100] {dagbag.py:539} INFO - Filling up the DagBag from /home/joestar/Documents/projects/airflow_etl/airflow_env/lib/python3.8/site-packages/airflow/example_dags/example_complex.py
[2023-09-14T18:03:34.384+0100] {processor.py:839} INFO - DAG(s) dict_keys(['example_complex']) retrieved from /home/joestar/Documents/projects/airflow_etl/airflow_env/lib/python3.8/site-packages/airflow/example_dags/example_complex.py
[2023-09-14T18:03:34.431+0100] {logging_mixin.py:151} INFO - [2023-09-14T18:03:34.430+0100] {dag.py:2915} INFO - Sync 1 DAGs
[2023-09-14T18:03:34.452+0100] {logging_mixin.py:151} INFO - [2023-09-14T18:03:34.452+0100] {dag.py:3696} INFO - Setting next_dagrun for example_complex to None, run_after=None
[2023-09-14T18:03:34.512+0100] {processor.py:179} INFO - Processing /home/joestar/Documents/projects/airflow_etl/airflow_env/lib/python3.8/site-packages/airflow/example_dags/example_complex.py took 0.161 seconds
[2023-09-14T18:04:37.687+0100] {processor.py:157} INFO - Started process (PID=39138) to work on /home/joestar/Documents/projects/airflow_etl/airflow_env/lib/python3.8/site-packages/airflow/example_dags/example_complex.py
[2023-09-14T18:04:37.688+0100] {processor.py:829} INFO - Processing file /home/joestar/Documents/projects/airflow_etl/airflow_env/lib/python3.8/site-packages/airflow/example_dags/example_complex.py for tasks to queue
[2023-09-14T18:04:37.689+0100] {logging_mixin.py:151} INFO - [2023-09-14T18:04:37.689+0100] {dagbag.py:539} INFO - Filling up the DagBag from /home/joestar/Documents/projects/airflow_etl/airflow_env/lib/python3.8/site-packages/airflow/example_dags/example_complex.py
[2023-09-14T18:04:37.700+0100] {processor.py:839} INFO - DAG(s) dict_keys(['example_complex']) retrieved from /home/joestar/Documents/projects/airflow_etl/airflow_env/lib/python3.8/site-packages/airflow/example_dags/example_complex.py
[2023-09-14T18:04:37.724+0100] {logging_mixin.py:151} INFO - [2023-09-14T18:04:37.724+0100] {dag.py:2915} INFO - Sync 1 DAGs
[2023-09-14T18:04:37.735+0100] {logging_mixin.py:151} INFO - [2023-09-14T18:04:37.735+0100] {dag.py:3696} INFO - Setting next_dagrun for example_complex to None, run_after=None
[2023-09-14T18:04:37.782+0100] {processor.py:179} INFO - Processing /home/joestar/Documents/projects/airflow_etl/airflow_env/lib/python3.8/site-packages/airflow/example_dags/example_complex.py took 0.097 seconds
