[2023-09-14T17:12:07.054+0100] {processor.py:157} INFO - Started process (PID=24263) to work on /home/joestar/Documents/projects/airflow_etl/airflow_env/lib/python3.8/site-packages/airflow/example_dags/example_task_group_decorator.py
[2023-09-14T17:12:07.055+0100] {processor.py:829} INFO - Processing file /home/joestar/Documents/projects/airflow_etl/airflow_env/lib/python3.8/site-packages/airflow/example_dags/example_task_group_decorator.py for tasks to queue
[2023-09-14T17:12:07.057+0100] {logging_mixin.py:151} INFO - [2023-09-14T17:12:07.056+0100] {dagbag.py:539} INFO - Filling up the DagBag from /home/joestar/Documents/projects/airflow_etl/airflow_env/lib/python3.8/site-packages/airflow/example_dags/example_task_group_decorator.py
[2023-09-14T17:12:07.079+0100] {processor.py:839} INFO - DAG(s) dict_keys(['example_task_group_decorator']) retrieved from /home/joestar/Documents/projects/airflow_etl/airflow_env/lib/python3.8/site-packages/airflow/example_dags/example_task_group_decorator.py
[2023-09-14T17:12:07.193+0100] {logging_mixin.py:151} INFO - [2023-09-14T17:12:07.192+0100] {manager.py:499} INFO - Created Permission View: %s
[2023-09-14T17:12:07.208+0100] {logging_mixin.py:151} INFO - [2023-09-14T17:12:07.208+0100] {manager.py:499} INFO - Created Permission View: %s
[2023-09-14T17:12:07.221+0100] {logging_mixin.py:151} INFO - [2023-09-14T17:12:07.220+0100] {manager.py:499} INFO - Created Permission View: %s
[2023-09-14T17:12:07.221+0100] {logging_mixin.py:151} INFO - [2023-09-14T17:12:07.221+0100] {security.py:708} INFO - Not syncing DAG-level permissions for DAG 'DAG:example_task_group_decorator' as access control is unset.
[2023-09-14T17:12:07.221+0100] {logging_mixin.py:151} INFO - [2023-09-14T17:12:07.221+0100] {dag.py:2915} INFO - Sync 1 DAGs
[2023-09-14T17:12:07.231+0100] {logging_mixin.py:151} INFO - [2023-09-14T17:12:07.231+0100] {dag.py:2937} INFO - Creating ORM DAG for example_task_group_decorator
[2023-09-14T17:12:07.238+0100] {logging_mixin.py:151} INFO - [2023-09-14T17:12:07.238+0100] {dag.py:3696} INFO - Setting next_dagrun for example_task_group_decorator to 2023-09-13T16:12:07.238514+00:00, run_after=2023-09-14T16:12:07.238514+00:00
[2023-09-14T17:12:07.267+0100] {processor.py:179} INFO - Processing /home/joestar/Documents/projects/airflow_etl/airflow_env/lib/python3.8/site-packages/airflow/example_dags/example_task_group_decorator.py took 0.220 seconds
[2023-09-14T17:13:00.967+0100] {processor.py:157} INFO - Started process (PID=24676) to work on /home/joestar/Documents/projects/airflow_etl/airflow_env/lib/python3.8/site-packages/airflow/example_dags/example_task_group_decorator.py
[2023-09-14T17:13:00.968+0100] {processor.py:829} INFO - Processing file /home/joestar/Documents/projects/airflow_etl/airflow_env/lib/python3.8/site-packages/airflow/example_dags/example_task_group_decorator.py for tasks to queue
[2023-09-14T17:13:00.970+0100] {logging_mixin.py:151} INFO - [2023-09-14T17:13:00.970+0100] {dagbag.py:539} INFO - Filling up the DagBag from /home/joestar/Documents/projects/airflow_etl/airflow_env/lib/python3.8/site-packages/airflow/example_dags/example_task_group_decorator.py
[2023-09-14T17:13:00.997+0100] {processor.py:839} INFO - DAG(s) dict_keys(['example_task_group_decorator']) retrieved from /home/joestar/Documents/projects/airflow_etl/airflow_env/lib/python3.8/site-packages/airflow/example_dags/example_task_group_decorator.py
[2023-09-14T17:13:01.019+0100] {logging_mixin.py:151} INFO - [2023-09-14T17:13:01.018+0100] {dag.py:2915} INFO - Sync 1 DAGs
[2023-09-14T17:13:01.035+0100] {logging_mixin.py:151} INFO - [2023-09-14T17:13:01.035+0100] {dag.py:3696} INFO - Setting next_dagrun for example_task_group_decorator to 2023-09-13T16:13:01.034975+00:00, run_after=2023-09-14T16:13:01.034975+00:00
[2023-09-14T17:13:01.069+0100] {processor.py:179} INFO - Processing /home/joestar/Documents/projects/airflow_etl/airflow_env/lib/python3.8/site-packages/airflow/example_dags/example_task_group_decorator.py took 0.108 seconds
[2023-09-14T17:13:47.515+0100] {processor.py:157} INFO - Started process (PID=25002) to work on /home/joestar/Documents/projects/airflow_etl/airflow_env/lib/python3.8/site-packages/airflow/example_dags/example_task_group_decorator.py
[2023-09-14T17:13:47.517+0100] {processor.py:829} INFO - Processing file /home/joestar/Documents/projects/airflow_etl/airflow_env/lib/python3.8/site-packages/airflow/example_dags/example_task_group_decorator.py for tasks to queue
[2023-09-14T17:13:47.521+0100] {logging_mixin.py:151} INFO - [2023-09-14T17:13:47.519+0100] {dagbag.py:539} INFO - Filling up the DagBag from /home/joestar/Documents/projects/airflow_etl/airflow_env/lib/python3.8/site-packages/airflow/example_dags/example_task_group_decorator.py
[2023-09-14T17:13:47.546+0100] {processor.py:839} INFO - DAG(s) dict_keys(['example_task_group_decorator']) retrieved from /home/joestar/Documents/projects/airflow_etl/airflow_env/lib/python3.8/site-packages/airflow/example_dags/example_task_group_decorator.py
[2023-09-14T17:13:47.563+0100] {logging_mixin.py:151} INFO - [2023-09-14T17:13:47.563+0100] {dag.py:2915} INFO - Sync 1 DAGs
[2023-09-14T17:13:47.579+0100] {logging_mixin.py:151} INFO - [2023-09-14T17:13:47.579+0100] {dag.py:3696} INFO - Setting next_dagrun for example_task_group_decorator to 2023-09-13T16:13:47.579084+00:00, run_after=2023-09-14T16:13:47.579084+00:00
[2023-09-14T17:13:47.601+0100] {processor.py:179} INFO - Processing /home/joestar/Documents/projects/airflow_etl/airflow_env/lib/python3.8/site-packages/airflow/example_dags/example_task_group_decorator.py took 0.094 seconds
[2023-09-14T17:14:34.796+0100] {processor.py:157} INFO - Started process (PID=25306) to work on /home/joestar/Documents/projects/airflow_etl/airflow_env/lib/python3.8/site-packages/airflow/example_dags/example_task_group_decorator.py
[2023-09-14T17:14:34.798+0100] {processor.py:829} INFO - Processing file /home/joestar/Documents/projects/airflow_etl/airflow_env/lib/python3.8/site-packages/airflow/example_dags/example_task_group_decorator.py for tasks to queue
[2023-09-14T17:14:34.799+0100] {logging_mixin.py:151} INFO - [2023-09-14T17:14:34.798+0100] {dagbag.py:539} INFO - Filling up the DagBag from /home/joestar/Documents/projects/airflow_etl/airflow_env/lib/python3.8/site-packages/airflow/example_dags/example_task_group_decorator.py
[2023-09-14T17:14:34.815+0100] {processor.py:839} INFO - DAG(s) dict_keys(['example_task_group_decorator']) retrieved from /home/joestar/Documents/projects/airflow_etl/airflow_env/lib/python3.8/site-packages/airflow/example_dags/example_task_group_decorator.py
[2023-09-14T17:14:34.835+0100] {logging_mixin.py:151} INFO - [2023-09-14T17:14:34.835+0100] {dag.py:2915} INFO - Sync 1 DAGs
[2023-09-14T17:14:34.855+0100] {logging_mixin.py:151} INFO - [2023-09-14T17:14:34.855+0100] {dag.py:3696} INFO - Setting next_dagrun for example_task_group_decorator to 2023-09-13T16:14:34.855063+00:00, run_after=2023-09-14T16:14:34.855063+00:00
[2023-09-14T17:14:34.880+0100] {processor.py:179} INFO - Processing /home/joestar/Documents/projects/airflow_etl/airflow_env/lib/python3.8/site-packages/airflow/example_dags/example_task_group_decorator.py took 0.087 seconds
[2023-09-14T17:15:15.221+0100] {processor.py:157} INFO - Started process (PID=25862) to work on /home/joestar/Documents/projects/airflow_etl/airflow_env/lib/python3.8/site-packages/airflow/example_dags/example_task_group_decorator.py
[2023-09-14T17:15:15.223+0100] {processor.py:829} INFO - Processing file /home/joestar/Documents/projects/airflow_etl/airflow_env/lib/python3.8/site-packages/airflow/example_dags/example_task_group_decorator.py for tasks to queue
[2023-09-14T17:15:15.225+0100] {logging_mixin.py:151} INFO - [2023-09-14T17:15:15.224+0100] {dagbag.py:539} INFO - Filling up the DagBag from /home/joestar/Documents/projects/airflow_etl/airflow_env/lib/python3.8/site-packages/airflow/example_dags/example_task_group_decorator.py
[2023-09-14T17:15:15.249+0100] {processor.py:839} INFO - DAG(s) dict_keys(['example_task_group_decorator']) retrieved from /home/joestar/Documents/projects/airflow_etl/airflow_env/lib/python3.8/site-packages/airflow/example_dags/example_task_group_decorator.py
[2023-09-14T17:15:15.266+0100] {logging_mixin.py:151} INFO - [2023-09-14T17:15:15.266+0100] {dag.py:2915} INFO - Sync 1 DAGs
[2023-09-14T17:15:15.281+0100] {logging_mixin.py:151} INFO - [2023-09-14T17:15:15.281+0100] {dag.py:3696} INFO - Setting next_dagrun for example_task_group_decorator to 2023-09-13T16:15:15.281251+00:00, run_after=2023-09-14T16:15:15.281251+00:00
[2023-09-14T17:15:15.313+0100] {processor.py:179} INFO - Processing /home/joestar/Documents/projects/airflow_etl/airflow_env/lib/python3.8/site-packages/airflow/example_dags/example_task_group_decorator.py took 0.096 seconds
[2023-09-14T17:15:54.492+0100] {processor.py:157} INFO - Started process (PID=26030) to work on /home/joestar/Documents/projects/airflow_etl/airflow_env/lib/python3.8/site-packages/airflow/example_dags/example_task_group_decorator.py
[2023-09-14T17:15:54.493+0100] {processor.py:829} INFO - Processing file /home/joestar/Documents/projects/airflow_etl/airflow_env/lib/python3.8/site-packages/airflow/example_dags/example_task_group_decorator.py for tasks to queue
[2023-09-14T17:15:54.494+0100] {logging_mixin.py:151} INFO - [2023-09-14T17:15:54.494+0100] {dagbag.py:539} INFO - Filling up the DagBag from /home/joestar/Documents/projects/airflow_etl/airflow_env/lib/python3.8/site-packages/airflow/example_dags/example_task_group_decorator.py
[2023-09-14T17:15:54.520+0100] {processor.py:839} INFO - DAG(s) dict_keys(['example_task_group_decorator']) retrieved from /home/joestar/Documents/projects/airflow_etl/airflow_env/lib/python3.8/site-packages/airflow/example_dags/example_task_group_decorator.py
[2023-09-14T17:15:54.552+0100] {logging_mixin.py:151} INFO - [2023-09-14T17:15:54.551+0100] {dag.py:2915} INFO - Sync 1 DAGs
[2023-09-14T17:15:54.581+0100] {logging_mixin.py:151} INFO - [2023-09-14T17:15:54.581+0100] {dag.py:3696} INFO - Setting next_dagrun for example_task_group_decorator to 2023-09-13T16:15:54.580746+00:00, run_after=2023-09-14T16:15:54.580746+00:00
[2023-09-14T17:15:54.614+0100] {processor.py:179} INFO - Processing /home/joestar/Documents/projects/airflow_etl/airflow_env/lib/python3.8/site-packages/airflow/example_dags/example_task_group_decorator.py took 0.126 seconds
[2023-09-14T17:16:47.559+0100] {processor.py:157} INFO - Started process (PID=26278) to work on /home/joestar/Documents/projects/airflow_etl/airflow_env/lib/python3.8/site-packages/airflow/example_dags/example_task_group_decorator.py
[2023-09-14T17:16:47.560+0100] {processor.py:829} INFO - Processing file /home/joestar/Documents/projects/airflow_etl/airflow_env/lib/python3.8/site-packages/airflow/example_dags/example_task_group_decorator.py for tasks to queue
[2023-09-14T17:16:47.561+0100] {logging_mixin.py:151} INFO - [2023-09-14T17:16:47.560+0100] {dagbag.py:539} INFO - Filling up the DagBag from /home/joestar/Documents/projects/airflow_etl/airflow_env/lib/python3.8/site-packages/airflow/example_dags/example_task_group_decorator.py
[2023-09-14T17:16:47.576+0100] {processor.py:839} INFO - DAG(s) dict_keys(['example_task_group_decorator']) retrieved from /home/joestar/Documents/projects/airflow_etl/airflow_env/lib/python3.8/site-packages/airflow/example_dags/example_task_group_decorator.py
[2023-09-14T17:16:47.595+0100] {logging_mixin.py:151} INFO - [2023-09-14T17:16:47.595+0100] {dag.py:2915} INFO - Sync 1 DAGs
[2023-09-14T17:16:47.615+0100] {logging_mixin.py:151} INFO - [2023-09-14T17:16:47.615+0100] {dag.py:3696} INFO - Setting next_dagrun for example_task_group_decorator to 2023-09-13T16:16:47.614941+00:00, run_after=2023-09-14T16:16:47.614941+00:00
[2023-09-14T17:16:47.643+0100] {processor.py:179} INFO - Processing /home/joestar/Documents/projects/airflow_etl/airflow_env/lib/python3.8/site-packages/airflow/example_dags/example_task_group_decorator.py took 0.087 seconds
[2023-09-14T17:17:38.361+0100] {processor.py:157} INFO - Started process (PID=26543) to work on /home/joestar/Documents/projects/airflow_etl/airflow_env/lib/python3.8/site-packages/airflow/example_dags/example_task_group_decorator.py
[2023-09-14T17:17:38.362+0100] {processor.py:829} INFO - Processing file /home/joestar/Documents/projects/airflow_etl/airflow_env/lib/python3.8/site-packages/airflow/example_dags/example_task_group_decorator.py for tasks to queue
[2023-09-14T17:17:38.363+0100] {logging_mixin.py:151} INFO - [2023-09-14T17:17:38.362+0100] {dagbag.py:539} INFO - Filling up the DagBag from /home/joestar/Documents/projects/airflow_etl/airflow_env/lib/python3.8/site-packages/airflow/example_dags/example_task_group_decorator.py
[2023-09-14T17:17:38.386+0100] {processor.py:839} INFO - DAG(s) dict_keys(['example_task_group_decorator']) retrieved from /home/joestar/Documents/projects/airflow_etl/airflow_env/lib/python3.8/site-packages/airflow/example_dags/example_task_group_decorator.py
[2023-09-14T17:17:38.411+0100] {logging_mixin.py:151} INFO - [2023-09-14T17:17:38.411+0100] {dag.py:2915} INFO - Sync 1 DAGs
[2023-09-14T17:17:38.440+0100] {logging_mixin.py:151} INFO - [2023-09-14T17:17:38.440+0100] {dag.py:3696} INFO - Setting next_dagrun for example_task_group_decorator to 2023-09-13T16:17:38.439949+00:00, run_after=2023-09-14T16:17:38.439949+00:00
[2023-09-14T17:17:38.474+0100] {processor.py:179} INFO - Processing /home/joestar/Documents/projects/airflow_etl/airflow_env/lib/python3.8/site-packages/airflow/example_dags/example_task_group_decorator.py took 0.117 seconds
[2023-09-14T17:18:25.965+0100] {processor.py:157} INFO - Started process (PID=26825) to work on /home/joestar/Documents/projects/airflow_etl/airflow_env/lib/python3.8/site-packages/airflow/example_dags/example_task_group_decorator.py
[2023-09-14T17:18:25.966+0100] {processor.py:829} INFO - Processing file /home/joestar/Documents/projects/airflow_etl/airflow_env/lib/python3.8/site-packages/airflow/example_dags/example_task_group_decorator.py for tasks to queue
[2023-09-14T17:18:25.967+0100] {logging_mixin.py:151} INFO - [2023-09-14T17:18:25.967+0100] {dagbag.py:539} INFO - Filling up the DagBag from /home/joestar/Documents/projects/airflow_etl/airflow_env/lib/python3.8/site-packages/airflow/example_dags/example_task_group_decorator.py
[2023-09-14T17:18:25.982+0100] {processor.py:839} INFO - DAG(s) dict_keys(['example_task_group_decorator']) retrieved from /home/joestar/Documents/projects/airflow_etl/airflow_env/lib/python3.8/site-packages/airflow/example_dags/example_task_group_decorator.py
[2023-09-14T17:18:26.000+0100] {logging_mixin.py:151} INFO - [2023-09-14T17:18:26.000+0100] {dag.py:2915} INFO - Sync 1 DAGs
[2023-09-14T17:18:26.024+0100] {logging_mixin.py:151} INFO - [2023-09-14T17:18:26.024+0100] {dag.py:3696} INFO - Setting next_dagrun for example_task_group_decorator to 2023-09-13T16:18:26.024226+00:00, run_after=2023-09-14T16:18:26.024226+00:00
[2023-09-14T17:18:26.048+0100] {processor.py:179} INFO - Processing /home/joestar/Documents/projects/airflow_etl/airflow_env/lib/python3.8/site-packages/airflow/example_dags/example_task_group_decorator.py took 0.086 seconds
[2023-09-14T17:19:02.639+0100] {processor.py:157} INFO - Started process (PID=27190) to work on /home/joestar/Documents/projects/airflow_etl/airflow_env/lib/python3.8/site-packages/airflow/example_dags/example_task_group_decorator.py
[2023-09-14T17:19:02.640+0100] {processor.py:829} INFO - Processing file /home/joestar/Documents/projects/airflow_etl/airflow_env/lib/python3.8/site-packages/airflow/example_dags/example_task_group_decorator.py for tasks to queue
[2023-09-14T17:19:02.641+0100] {logging_mixin.py:151} INFO - [2023-09-14T17:19:02.641+0100] {dagbag.py:539} INFO - Filling up the DagBag from /home/joestar/Documents/projects/airflow_etl/airflow_env/lib/python3.8/site-packages/airflow/example_dags/example_task_group_decorator.py
[2023-09-14T17:19:02.664+0100] {processor.py:839} INFO - DAG(s) dict_keys(['example_task_group_decorator']) retrieved from /home/joestar/Documents/projects/airflow_etl/airflow_env/lib/python3.8/site-packages/airflow/example_dags/example_task_group_decorator.py
[2023-09-14T17:19:02.692+0100] {logging_mixin.py:151} INFO - [2023-09-14T17:19:02.692+0100] {dag.py:2915} INFO - Sync 1 DAGs
[2023-09-14T17:19:02.721+0100] {logging_mixin.py:151} INFO - [2023-09-14T17:19:02.720+0100] {dag.py:3696} INFO - Setting next_dagrun for example_task_group_decorator to 2023-09-13T16:19:02.720447+00:00, run_after=2023-09-14T16:19:02.720447+00:00
[2023-09-14T17:19:02.752+0100] {processor.py:179} INFO - Processing /home/joestar/Documents/projects/airflow_etl/airflow_env/lib/python3.8/site-packages/airflow/example_dags/example_task_group_decorator.py took 0.117 seconds
[2023-09-14T17:19:43.491+0100] {processor.py:157} INFO - Started process (PID=27382) to work on /home/joestar/Documents/projects/airflow_etl/airflow_env/lib/python3.8/site-packages/airflow/example_dags/example_task_group_decorator.py
[2023-09-14T17:19:43.492+0100] {processor.py:829} INFO - Processing file /home/joestar/Documents/projects/airflow_etl/airflow_env/lib/python3.8/site-packages/airflow/example_dags/example_task_group_decorator.py for tasks to queue
[2023-09-14T17:19:43.492+0100] {logging_mixin.py:151} INFO - [2023-09-14T17:19:43.492+0100] {dagbag.py:539} INFO - Filling up the DagBag from /home/joestar/Documents/projects/airflow_etl/airflow_env/lib/python3.8/site-packages/airflow/example_dags/example_task_group_decorator.py
[2023-09-14T17:19:43.510+0100] {processor.py:839} INFO - DAG(s) dict_keys(['example_task_group_decorator']) retrieved from /home/joestar/Documents/projects/airflow_etl/airflow_env/lib/python3.8/site-packages/airflow/example_dags/example_task_group_decorator.py
[2023-09-14T17:19:43.537+0100] {logging_mixin.py:151} INFO - [2023-09-14T17:19:43.537+0100] {dag.py:2915} INFO - Sync 1 DAGs
[2023-09-14T17:19:43.565+0100] {logging_mixin.py:151} INFO - [2023-09-14T17:19:43.564+0100] {dag.py:3696} INFO - Setting next_dagrun for example_task_group_decorator to 2023-09-13T16:19:43.564508+00:00, run_after=2023-09-14T16:19:43.564508+00:00
[2023-09-14T17:19:43.595+0100] {processor.py:179} INFO - Processing /home/joestar/Documents/projects/airflow_etl/airflow_env/lib/python3.8/site-packages/airflow/example_dags/example_task_group_decorator.py took 0.107 seconds
[2023-09-14T17:20:20.530+0100] {processor.py:157} INFO - Started process (PID=27528) to work on /home/joestar/Documents/projects/airflow_etl/airflow_env/lib/python3.8/site-packages/airflow/example_dags/example_task_group_decorator.py
[2023-09-14T17:20:20.531+0100] {processor.py:829} INFO - Processing file /home/joestar/Documents/projects/airflow_etl/airflow_env/lib/python3.8/site-packages/airflow/example_dags/example_task_group_decorator.py for tasks to queue
[2023-09-14T17:20:20.532+0100] {logging_mixin.py:151} INFO - [2023-09-14T17:20:20.531+0100] {dagbag.py:539} INFO - Filling up the DagBag from /home/joestar/Documents/projects/airflow_etl/airflow_env/lib/python3.8/site-packages/airflow/example_dags/example_task_group_decorator.py
[2023-09-14T17:20:20.548+0100] {processor.py:839} INFO - DAG(s) dict_keys(['example_task_group_decorator']) retrieved from /home/joestar/Documents/projects/airflow_etl/airflow_env/lib/python3.8/site-packages/airflow/example_dags/example_task_group_decorator.py
[2023-09-14T17:20:20.566+0100] {logging_mixin.py:151} INFO - [2023-09-14T17:20:20.566+0100] {dag.py:2915} INFO - Sync 1 DAGs
[2023-09-14T17:20:20.586+0100] {logging_mixin.py:151} INFO - [2023-09-14T17:20:20.586+0100] {dag.py:3696} INFO - Setting next_dagrun for example_task_group_decorator to 2023-09-13T16:20:20.585951+00:00, run_after=2023-09-14T16:20:20.585951+00:00
[2023-09-14T17:20:20.611+0100] {processor.py:179} INFO - Processing /home/joestar/Documents/projects/airflow_etl/airflow_env/lib/python3.8/site-packages/airflow/example_dags/example_task_group_decorator.py took 0.084 seconds
[2023-09-14T17:21:11.234+0100] {processor.py:157} INFO - Started process (PID=27757) to work on /home/joestar/Documents/projects/airflow_etl/airflow_env/lib/python3.8/site-packages/airflow/example_dags/example_task_group_decorator.py
[2023-09-14T17:21:11.235+0100] {processor.py:829} INFO - Processing file /home/joestar/Documents/projects/airflow_etl/airflow_env/lib/python3.8/site-packages/airflow/example_dags/example_task_group_decorator.py for tasks to queue
[2023-09-14T17:21:11.236+0100] {logging_mixin.py:151} INFO - [2023-09-14T17:21:11.236+0100] {dagbag.py:539} INFO - Filling up the DagBag from /home/joestar/Documents/projects/airflow_etl/airflow_env/lib/python3.8/site-packages/airflow/example_dags/example_task_group_decorator.py
[2023-09-14T17:21:11.252+0100] {processor.py:839} INFO - DAG(s) dict_keys(['example_task_group_decorator']) retrieved from /home/joestar/Documents/projects/airflow_etl/airflow_env/lib/python3.8/site-packages/airflow/example_dags/example_task_group_decorator.py
[2023-09-14T17:21:11.272+0100] {logging_mixin.py:151} INFO - [2023-09-14T17:21:11.271+0100] {dag.py:2915} INFO - Sync 1 DAGs
[2023-09-14T17:21:11.292+0100] {logging_mixin.py:151} INFO - [2023-09-14T17:21:11.292+0100] {dag.py:3696} INFO - Setting next_dagrun for example_task_group_decorator to 2023-09-13T16:21:11.292155+00:00, run_after=2023-09-14T16:21:11.292155+00:00
[2023-09-14T17:21:11.321+0100] {processor.py:179} INFO - Processing /home/joestar/Documents/projects/airflow_etl/airflow_env/lib/python3.8/site-packages/airflow/example_dags/example_task_group_decorator.py took 0.091 seconds
[2023-09-14T17:21:47.686+0100] {processor.py:157} INFO - Started process (PID=27906) to work on /home/joestar/Documents/projects/airflow_etl/airflow_env/lib/python3.8/site-packages/airflow/example_dags/example_task_group_decorator.py
[2023-09-14T17:21:47.687+0100] {processor.py:829} INFO - Processing file /home/joestar/Documents/projects/airflow_etl/airflow_env/lib/python3.8/site-packages/airflow/example_dags/example_task_group_decorator.py for tasks to queue
[2023-09-14T17:21:47.688+0100] {logging_mixin.py:151} INFO - [2023-09-14T17:21:47.688+0100] {dagbag.py:539} INFO - Filling up the DagBag from /home/joestar/Documents/projects/airflow_etl/airflow_env/lib/python3.8/site-packages/airflow/example_dags/example_task_group_decorator.py
[2023-09-14T17:21:47.720+0100] {processor.py:839} INFO - DAG(s) dict_keys(['example_task_group_decorator']) retrieved from /home/joestar/Documents/projects/airflow_etl/airflow_env/lib/python3.8/site-packages/airflow/example_dags/example_task_group_decorator.py
[2023-09-14T17:21:47.755+0100] {logging_mixin.py:151} INFO - [2023-09-14T17:21:47.755+0100] {dag.py:2915} INFO - Sync 1 DAGs
[2023-09-14T17:21:47.790+0100] {logging_mixin.py:151} INFO - [2023-09-14T17:21:47.790+0100] {dag.py:3696} INFO - Setting next_dagrun for example_task_group_decorator to 2023-09-13T16:21:47.789752+00:00, run_after=2023-09-14T16:21:47.789752+00:00
[2023-09-14T17:21:47.829+0100] {processor.py:179} INFO - Processing /home/joestar/Documents/projects/airflow_etl/airflow_env/lib/python3.8/site-packages/airflow/example_dags/example_task_group_decorator.py took 0.149 seconds
[2023-09-14T17:22:41.196+0100] {processor.py:157} INFO - Started process (PID=28128) to work on /home/joestar/Documents/projects/airflow_etl/airflow_env/lib/python3.8/site-packages/airflow/example_dags/example_task_group_decorator.py
[2023-09-14T17:22:41.197+0100] {processor.py:829} INFO - Processing file /home/joestar/Documents/projects/airflow_etl/airflow_env/lib/python3.8/site-packages/airflow/example_dags/example_task_group_decorator.py for tasks to queue
[2023-09-14T17:22:41.198+0100] {logging_mixin.py:151} INFO - [2023-09-14T17:22:41.197+0100] {dagbag.py:539} INFO - Filling up the DagBag from /home/joestar/Documents/projects/airflow_etl/airflow_env/lib/python3.8/site-packages/airflow/example_dags/example_task_group_decorator.py
[2023-09-14T17:22:41.216+0100] {processor.py:839} INFO - DAG(s) dict_keys(['example_task_group_decorator']) retrieved from /home/joestar/Documents/projects/airflow_etl/airflow_env/lib/python3.8/site-packages/airflow/example_dags/example_task_group_decorator.py
[2023-09-14T17:22:41.234+0100] {logging_mixin.py:151} INFO - [2023-09-14T17:22:41.234+0100] {dag.py:2915} INFO - Sync 1 DAGs
[2023-09-14T17:22:41.252+0100] {logging_mixin.py:151} INFO - [2023-09-14T17:22:41.251+0100] {dag.py:3696} INFO - Setting next_dagrun for example_task_group_decorator to 2023-09-13T16:22:41.251575+00:00, run_after=2023-09-14T16:22:41.251575+00:00
[2023-09-14T17:22:41.281+0100] {processor.py:179} INFO - Processing /home/joestar/Documents/projects/airflow_etl/airflow_env/lib/python3.8/site-packages/airflow/example_dags/example_task_group_decorator.py took 0.088 seconds
[2023-09-14T17:23:17.302+0100] {processor.py:157} INFO - Started process (PID=28304) to work on /home/joestar/Documents/projects/airflow_etl/airflow_env/lib/python3.8/site-packages/airflow/example_dags/example_task_group_decorator.py
[2023-09-14T17:23:17.304+0100] {processor.py:829} INFO - Processing file /home/joestar/Documents/projects/airflow_etl/airflow_env/lib/python3.8/site-packages/airflow/example_dags/example_task_group_decorator.py for tasks to queue
[2023-09-14T17:23:17.305+0100] {logging_mixin.py:151} INFO - [2023-09-14T17:23:17.305+0100] {dagbag.py:539} INFO - Filling up the DagBag from /home/joestar/Documents/projects/airflow_etl/airflow_env/lib/python3.8/site-packages/airflow/example_dags/example_task_group_decorator.py
[2023-09-14T17:23:17.332+0100] {processor.py:839} INFO - DAG(s) dict_keys(['example_task_group_decorator']) retrieved from /home/joestar/Documents/projects/airflow_etl/airflow_env/lib/python3.8/site-packages/airflow/example_dags/example_task_group_decorator.py
[2023-09-14T17:23:17.364+0100] {logging_mixin.py:151} INFO - [2023-09-14T17:23:17.364+0100] {dag.py:2915} INFO - Sync 1 DAGs
[2023-09-14T17:23:17.397+0100] {logging_mixin.py:151} INFO - [2023-09-14T17:23:17.397+0100] {dag.py:3696} INFO - Setting next_dagrun for example_task_group_decorator to 2023-09-13T16:23:17.396813+00:00, run_after=2023-09-14T16:23:17.396813+00:00
[2023-09-14T17:23:17.434+0100] {processor.py:179} INFO - Processing /home/joestar/Documents/projects/airflow_etl/airflow_env/lib/python3.8/site-packages/airflow/example_dags/example_task_group_decorator.py took 0.135 seconds
[2023-09-14T17:23:54.247+0100] {processor.py:157} INFO - Started process (PID=28474) to work on /home/joestar/Documents/projects/airflow_etl/airflow_env/lib/python3.8/site-packages/airflow/example_dags/example_task_group_decorator.py
[2023-09-14T17:23:54.248+0100] {processor.py:829} INFO - Processing file /home/joestar/Documents/projects/airflow_etl/airflow_env/lib/python3.8/site-packages/airflow/example_dags/example_task_group_decorator.py for tasks to queue
[2023-09-14T17:23:54.250+0100] {logging_mixin.py:151} INFO - [2023-09-14T17:23:54.249+0100] {dagbag.py:539} INFO - Filling up the DagBag from /home/joestar/Documents/projects/airflow_etl/airflow_env/lib/python3.8/site-packages/airflow/example_dags/example_task_group_decorator.py
[2023-09-14T17:23:54.268+0100] {processor.py:839} INFO - DAG(s) dict_keys(['example_task_group_decorator']) retrieved from /home/joestar/Documents/projects/airflow_etl/airflow_env/lib/python3.8/site-packages/airflow/example_dags/example_task_group_decorator.py
[2023-09-14T17:23:54.287+0100] {logging_mixin.py:151} INFO - [2023-09-14T17:23:54.287+0100] {dag.py:2915} INFO - Sync 1 DAGs
[2023-09-14T17:23:54.305+0100] {logging_mixin.py:151} INFO - [2023-09-14T17:23:54.305+0100] {dag.py:3696} INFO - Setting next_dagrun for example_task_group_decorator to 2023-09-13T16:23:54.305391+00:00, run_after=2023-09-14T16:23:54.305391+00:00
[2023-09-14T17:23:54.346+0100] {processor.py:179} INFO - Processing /home/joestar/Documents/projects/airflow_etl/airflow_env/lib/python3.8/site-packages/airflow/example_dags/example_task_group_decorator.py took 0.101 seconds
[2023-09-14T17:24:34.639+0100] {processor.py:157} INFO - Started process (PID=28638) to work on /home/joestar/Documents/projects/airflow_etl/airflow_env/lib/python3.8/site-packages/airflow/example_dags/example_task_group_decorator.py
[2023-09-14T17:24:34.640+0100] {processor.py:829} INFO - Processing file /home/joestar/Documents/projects/airflow_etl/airflow_env/lib/python3.8/site-packages/airflow/example_dags/example_task_group_decorator.py for tasks to queue
[2023-09-14T17:24:34.641+0100] {logging_mixin.py:151} INFO - [2023-09-14T17:24:34.640+0100] {dagbag.py:539} INFO - Filling up the DagBag from /home/joestar/Documents/projects/airflow_etl/airflow_env/lib/python3.8/site-packages/airflow/example_dags/example_task_group_decorator.py
[2023-09-14T17:24:34.662+0100] {processor.py:839} INFO - DAG(s) dict_keys(['example_task_group_decorator']) retrieved from /home/joestar/Documents/projects/airflow_etl/airflow_env/lib/python3.8/site-packages/airflow/example_dags/example_task_group_decorator.py
[2023-09-14T17:24:34.681+0100] {logging_mixin.py:151} INFO - [2023-09-14T17:24:34.681+0100] {dag.py:2915} INFO - Sync 1 DAGs
[2023-09-14T17:24:34.702+0100] {logging_mixin.py:151} INFO - [2023-09-14T17:24:34.702+0100] {dag.py:3696} INFO - Setting next_dagrun for example_task_group_decorator to 2023-09-13T16:24:34.701900+00:00, run_after=2023-09-14T16:24:34.701900+00:00
[2023-09-14T17:24:34.726+0100] {processor.py:179} INFO - Processing /home/joestar/Documents/projects/airflow_etl/airflow_env/lib/python3.8/site-packages/airflow/example_dags/example_task_group_decorator.py took 0.091 seconds
[2023-09-14T17:25:13.641+0100] {processor.py:157} INFO - Started process (PID=28800) to work on /home/joestar/Documents/projects/airflow_etl/airflow_env/lib/python3.8/site-packages/airflow/example_dags/example_task_group_decorator.py
[2023-09-14T17:25:13.642+0100] {processor.py:829} INFO - Processing file /home/joestar/Documents/projects/airflow_etl/airflow_env/lib/python3.8/site-packages/airflow/example_dags/example_task_group_decorator.py for tasks to queue
[2023-09-14T17:25:13.643+0100] {logging_mixin.py:151} INFO - [2023-09-14T17:25:13.642+0100] {dagbag.py:539} INFO - Filling up the DagBag from /home/joestar/Documents/projects/airflow_etl/airflow_env/lib/python3.8/site-packages/airflow/example_dags/example_task_group_decorator.py
[2023-09-14T17:25:13.660+0100] {processor.py:839} INFO - DAG(s) dict_keys(['example_task_group_decorator']) retrieved from /home/joestar/Documents/projects/airflow_etl/airflow_env/lib/python3.8/site-packages/airflow/example_dags/example_task_group_decorator.py
[2023-09-14T17:25:13.689+0100] {logging_mixin.py:151} INFO - [2023-09-14T17:25:13.688+0100] {dag.py:2915} INFO - Sync 1 DAGs
[2023-09-14T17:25:13.716+0100] {logging_mixin.py:151} INFO - [2023-09-14T17:25:13.716+0100] {dag.py:3696} INFO - Setting next_dagrun for example_task_group_decorator to 2023-09-13T16:25:13.716538+00:00, run_after=2023-09-14T16:25:13.716538+00:00
[2023-09-14T17:25:13.744+0100] {processor.py:179} INFO - Processing /home/joestar/Documents/projects/airflow_etl/airflow_env/lib/python3.8/site-packages/airflow/example_dags/example_task_group_decorator.py took 0.106 seconds
[2023-09-14T17:25:49.853+0100] {processor.py:157} INFO - Started process (PID=28938) to work on /home/joestar/Documents/projects/airflow_etl/airflow_env/lib/python3.8/site-packages/airflow/example_dags/example_task_group_decorator.py
[2023-09-14T17:25:49.855+0100] {processor.py:829} INFO - Processing file /home/joestar/Documents/projects/airflow_etl/airflow_env/lib/python3.8/site-packages/airflow/example_dags/example_task_group_decorator.py for tasks to queue
[2023-09-14T17:25:49.857+0100] {logging_mixin.py:151} INFO - [2023-09-14T17:25:49.856+0100] {dagbag.py:539} INFO - Filling up the DagBag from /home/joestar/Documents/projects/airflow_etl/airflow_env/lib/python3.8/site-packages/airflow/example_dags/example_task_group_decorator.py
[2023-09-14T17:25:49.886+0100] {processor.py:839} INFO - DAG(s) dict_keys(['example_task_group_decorator']) retrieved from /home/joestar/Documents/projects/airflow_etl/airflow_env/lib/python3.8/site-packages/airflow/example_dags/example_task_group_decorator.py
[2023-09-14T17:25:49.918+0100] {logging_mixin.py:151} INFO - [2023-09-14T17:25:49.918+0100] {dag.py:2915} INFO - Sync 1 DAGs
[2023-09-14T17:25:49.953+0100] {logging_mixin.py:151} INFO - [2023-09-14T17:25:49.953+0100] {dag.py:3696} INFO - Setting next_dagrun for example_task_group_decorator to 2023-09-13T16:25:49.952796+00:00, run_after=2023-09-14T16:25:49.952796+00:00
[2023-09-14T17:25:49.987+0100] {processor.py:179} INFO - Processing /home/joestar/Documents/projects/airflow_etl/airflow_env/lib/python3.8/site-packages/airflow/example_dags/example_task_group_decorator.py took 0.136 seconds
[2023-09-14T17:26:43.187+0100] {processor.py:157} INFO - Started process (PID=29179) to work on /home/joestar/Documents/projects/airflow_etl/airflow_env/lib/python3.8/site-packages/airflow/example_dags/example_task_group_decorator.py
[2023-09-14T17:26:43.188+0100] {processor.py:829} INFO - Processing file /home/joestar/Documents/projects/airflow_etl/airflow_env/lib/python3.8/site-packages/airflow/example_dags/example_task_group_decorator.py for tasks to queue
[2023-09-14T17:26:43.189+0100] {logging_mixin.py:151} INFO - [2023-09-14T17:26:43.189+0100] {dagbag.py:539} INFO - Filling up the DagBag from /home/joestar/Documents/projects/airflow_etl/airflow_env/lib/python3.8/site-packages/airflow/example_dags/example_task_group_decorator.py
[2023-09-14T17:26:43.213+0100] {processor.py:839} INFO - DAG(s) dict_keys(['example_task_group_decorator']) retrieved from /home/joestar/Documents/projects/airflow_etl/airflow_env/lib/python3.8/site-packages/airflow/example_dags/example_task_group_decorator.py
[2023-09-14T17:26:43.242+0100] {logging_mixin.py:151} INFO - [2023-09-14T17:26:43.241+0100] {dag.py:2915} INFO - Sync 1 DAGs
[2023-09-14T17:26:43.269+0100] {logging_mixin.py:151} INFO - [2023-09-14T17:26:43.269+0100] {dag.py:3696} INFO - Setting next_dagrun for example_task_group_decorator to 2023-09-13T16:26:43.269299+00:00, run_after=2023-09-14T16:26:43.269299+00:00
[2023-09-14T17:26:43.305+0100] {processor.py:179} INFO - Processing /home/joestar/Documents/projects/airflow_etl/airflow_env/lib/python3.8/site-packages/airflow/example_dags/example_task_group_decorator.py took 0.122 seconds
[2023-09-14T17:27:37.653+0100] {processor.py:157} INFO - Started process (PID=29423) to work on /home/joestar/Documents/projects/airflow_etl/airflow_env/lib/python3.8/site-packages/airflow/example_dags/example_task_group_decorator.py
[2023-09-14T17:27:37.657+0100] {processor.py:829} INFO - Processing file /home/joestar/Documents/projects/airflow_etl/airflow_env/lib/python3.8/site-packages/airflow/example_dags/example_task_group_decorator.py for tasks to queue
[2023-09-14T17:27:37.658+0100] {logging_mixin.py:151} INFO - [2023-09-14T17:27:37.658+0100] {dagbag.py:539} INFO - Filling up the DagBag from /home/joestar/Documents/projects/airflow_etl/airflow_env/lib/python3.8/site-packages/airflow/example_dags/example_task_group_decorator.py
[2023-09-14T17:27:37.683+0100] {processor.py:839} INFO - DAG(s) dict_keys(['example_task_group_decorator']) retrieved from /home/joestar/Documents/projects/airflow_etl/airflow_env/lib/python3.8/site-packages/airflow/example_dags/example_task_group_decorator.py
[2023-09-14T17:27:37.715+0100] {logging_mixin.py:151} INFO - [2023-09-14T17:27:37.715+0100] {dag.py:2915} INFO - Sync 1 DAGs
[2023-09-14T17:27:37.747+0100] {logging_mixin.py:151} INFO - [2023-09-14T17:27:37.746+0100] {dag.py:3696} INFO - Setting next_dagrun for example_task_group_decorator to 2023-09-13T16:27:37.746520+00:00, run_after=2023-09-14T16:27:37.746520+00:00
[2023-09-14T17:27:37.789+0100] {processor.py:179} INFO - Processing /home/joestar/Documents/projects/airflow_etl/airflow_env/lib/python3.8/site-packages/airflow/example_dags/example_task_group_decorator.py took 0.141 seconds
[2023-09-14T17:28:15.224+0100] {processor.py:157} INFO - Started process (PID=29602) to work on /home/joestar/Documents/projects/airflow_etl/airflow_env/lib/python3.8/site-packages/airflow/example_dags/example_task_group_decorator.py
[2023-09-14T17:28:15.225+0100] {processor.py:829} INFO - Processing file /home/joestar/Documents/projects/airflow_etl/airflow_env/lib/python3.8/site-packages/airflow/example_dags/example_task_group_decorator.py for tasks to queue
[2023-09-14T17:28:15.226+0100] {logging_mixin.py:151} INFO - [2023-09-14T17:28:15.225+0100] {dagbag.py:539} INFO - Filling up the DagBag from /home/joestar/Documents/projects/airflow_etl/airflow_env/lib/python3.8/site-packages/airflow/example_dags/example_task_group_decorator.py
[2023-09-14T17:28:15.243+0100] {processor.py:839} INFO - DAG(s) dict_keys(['example_task_group_decorator']) retrieved from /home/joestar/Documents/projects/airflow_etl/airflow_env/lib/python3.8/site-packages/airflow/example_dags/example_task_group_decorator.py
[2023-09-14T17:28:15.272+0100] {logging_mixin.py:151} INFO - [2023-09-14T17:28:15.272+0100] {dag.py:2915} INFO - Sync 1 DAGs
[2023-09-14T17:28:15.292+0100] {logging_mixin.py:151} INFO - [2023-09-14T17:28:15.292+0100] {dag.py:3696} INFO - Setting next_dagrun for example_task_group_decorator to 2023-09-13T16:28:15.291921+00:00, run_after=2023-09-14T16:28:15.291921+00:00
[2023-09-14T17:28:15.316+0100] {processor.py:179} INFO - Processing /home/joestar/Documents/projects/airflow_etl/airflow_env/lib/python3.8/site-packages/airflow/example_dags/example_task_group_decorator.py took 0.095 seconds
[2023-09-14T17:29:06.364+0100] {processor.py:157} INFO - Started process (PID=29852) to work on /home/joestar/Documents/projects/airflow_etl/airflow_env/lib/python3.8/site-packages/airflow/example_dags/example_task_group_decorator.py
[2023-09-14T17:29:06.366+0100] {processor.py:829} INFO - Processing file /home/joestar/Documents/projects/airflow_etl/airflow_env/lib/python3.8/site-packages/airflow/example_dags/example_task_group_decorator.py for tasks to queue
[2023-09-14T17:29:06.367+0100] {logging_mixin.py:151} INFO - [2023-09-14T17:29:06.366+0100] {dagbag.py:539} INFO - Filling up the DagBag from /home/joestar/Documents/projects/airflow_etl/airflow_env/lib/python3.8/site-packages/airflow/example_dags/example_task_group_decorator.py
[2023-09-14T17:29:06.390+0100] {processor.py:839} INFO - DAG(s) dict_keys(['example_task_group_decorator']) retrieved from /home/joestar/Documents/projects/airflow_etl/airflow_env/lib/python3.8/site-packages/airflow/example_dags/example_task_group_decorator.py
[2023-09-14T17:29:06.418+0100] {logging_mixin.py:151} INFO - [2023-09-14T17:29:06.417+0100] {dag.py:2915} INFO - Sync 1 DAGs
[2023-09-14T17:29:06.446+0100] {logging_mixin.py:151} INFO - [2023-09-14T17:29:06.446+0100] {dag.py:3696} INFO - Setting next_dagrun for example_task_group_decorator to 2023-09-13T16:29:06.446287+00:00, run_after=2023-09-14T16:29:06.446287+00:00
[2023-09-14T17:29:06.477+0100] {processor.py:179} INFO - Processing /home/joestar/Documents/projects/airflow_etl/airflow_env/lib/python3.8/site-packages/airflow/example_dags/example_task_group_decorator.py took 0.116 seconds
[2023-09-14T17:29:58.206+0100] {processor.py:157} INFO - Started process (PID=30081) to work on /home/joestar/Documents/projects/airflow_etl/airflow_env/lib/python3.8/site-packages/airflow/example_dags/example_task_group_decorator.py
[2023-09-14T17:29:58.207+0100] {processor.py:829} INFO - Processing file /home/joestar/Documents/projects/airflow_etl/airflow_env/lib/python3.8/site-packages/airflow/example_dags/example_task_group_decorator.py for tasks to queue
[2023-09-14T17:29:58.208+0100] {logging_mixin.py:151} INFO - [2023-09-14T17:29:58.208+0100] {dagbag.py:539} INFO - Filling up the DagBag from /home/joestar/Documents/projects/airflow_etl/airflow_env/lib/python3.8/site-packages/airflow/example_dags/example_task_group_decorator.py
[2023-09-14T17:29:58.224+0100] {processor.py:839} INFO - DAG(s) dict_keys(['example_task_group_decorator']) retrieved from /home/joestar/Documents/projects/airflow_etl/airflow_env/lib/python3.8/site-packages/airflow/example_dags/example_task_group_decorator.py
[2023-09-14T17:29:58.242+0100] {logging_mixin.py:151} INFO - [2023-09-14T17:29:58.242+0100] {dag.py:2915} INFO - Sync 1 DAGs
[2023-09-14T17:29:58.262+0100] {logging_mixin.py:151} INFO - [2023-09-14T17:29:58.262+0100] {dag.py:3696} INFO - Setting next_dagrun for example_task_group_decorator to 2023-09-13T16:29:58.261975+00:00, run_after=2023-09-14T16:29:58.261975+00:00
[2023-09-14T17:29:58.292+0100] {processor.py:179} INFO - Processing /home/joestar/Documents/projects/airflow_etl/airflow_env/lib/python3.8/site-packages/airflow/example_dags/example_task_group_decorator.py took 0.088 seconds
[2023-09-14T17:30:51.207+0100] {processor.py:157} INFO - Started process (PID=30315) to work on /home/joestar/Documents/projects/airflow_etl/airflow_env/lib/python3.8/site-packages/airflow/example_dags/example_task_group_decorator.py
[2023-09-14T17:30:51.208+0100] {processor.py:829} INFO - Processing file /home/joestar/Documents/projects/airflow_etl/airflow_env/lib/python3.8/site-packages/airflow/example_dags/example_task_group_decorator.py for tasks to queue
[2023-09-14T17:30:51.209+0100] {logging_mixin.py:151} INFO - [2023-09-14T17:30:51.209+0100] {dagbag.py:539} INFO - Filling up the DagBag from /home/joestar/Documents/projects/airflow_etl/airflow_env/lib/python3.8/site-packages/airflow/example_dags/example_task_group_decorator.py
[2023-09-14T17:30:51.228+0100] {processor.py:839} INFO - DAG(s) dict_keys(['example_task_group_decorator']) retrieved from /home/joestar/Documents/projects/airflow_etl/airflow_env/lib/python3.8/site-packages/airflow/example_dags/example_task_group_decorator.py
[2023-09-14T17:30:51.253+0100] {logging_mixin.py:151} INFO - [2023-09-14T17:30:51.253+0100] {dag.py:2915} INFO - Sync 1 DAGs
[2023-09-14T17:30:51.277+0100] {logging_mixin.py:151} INFO - [2023-09-14T17:30:51.276+0100] {dag.py:3696} INFO - Setting next_dagrun for example_task_group_decorator to 2023-09-13T16:30:51.276620+00:00, run_after=2023-09-14T16:30:51.276620+00:00
[2023-09-14T17:30:51.301+0100] {processor.py:179} INFO - Processing /home/joestar/Documents/projects/airflow_etl/airflow_env/lib/python3.8/site-packages/airflow/example_dags/example_task_group_decorator.py took 0.099 seconds
[2023-09-14T17:31:39.442+0100] {processor.py:157} INFO - Started process (PID=30545) to work on /home/joestar/Documents/projects/airflow_etl/airflow_env/lib/python3.8/site-packages/airflow/example_dags/example_task_group_decorator.py
[2023-09-14T17:31:39.443+0100] {processor.py:829} INFO - Processing file /home/joestar/Documents/projects/airflow_etl/airflow_env/lib/python3.8/site-packages/airflow/example_dags/example_task_group_decorator.py for tasks to queue
[2023-09-14T17:31:39.444+0100] {logging_mixin.py:151} INFO - [2023-09-14T17:31:39.443+0100] {dagbag.py:539} INFO - Filling up the DagBag from /home/joestar/Documents/projects/airflow_etl/airflow_env/lib/python3.8/site-packages/airflow/example_dags/example_task_group_decorator.py
[2023-09-14T17:31:39.461+0100] {processor.py:839} INFO - DAG(s) dict_keys(['example_task_group_decorator']) retrieved from /home/joestar/Documents/projects/airflow_etl/airflow_env/lib/python3.8/site-packages/airflow/example_dags/example_task_group_decorator.py
[2023-09-14T17:31:39.482+0100] {logging_mixin.py:151} INFO - [2023-09-14T17:31:39.482+0100] {dag.py:2915} INFO - Sync 1 DAGs
[2023-09-14T17:31:39.503+0100] {logging_mixin.py:151} INFO - [2023-09-14T17:31:39.503+0100] {dag.py:3696} INFO - Setting next_dagrun for example_task_group_decorator to 2023-09-13T16:31:39.503407+00:00, run_after=2023-09-14T16:31:39.503407+00:00
[2023-09-14T17:31:39.530+0100] {processor.py:179} INFO - Processing /home/joestar/Documents/projects/airflow_etl/airflow_env/lib/python3.8/site-packages/airflow/example_dags/example_task_group_decorator.py took 0.091 seconds
[2023-09-14T17:32:32.055+0100] {processor.py:157} INFO - Started process (PID=30782) to work on /home/joestar/Documents/projects/airflow_etl/airflow_env/lib/python3.8/site-packages/airflow/example_dags/example_task_group_decorator.py
[2023-09-14T17:32:32.056+0100] {processor.py:829} INFO - Processing file /home/joestar/Documents/projects/airflow_etl/airflow_env/lib/python3.8/site-packages/airflow/example_dags/example_task_group_decorator.py for tasks to queue
[2023-09-14T17:32:32.057+0100] {logging_mixin.py:151} INFO - [2023-09-14T17:32:32.057+0100] {dagbag.py:539} INFO - Filling up the DagBag from /home/joestar/Documents/projects/airflow_etl/airflow_env/lib/python3.8/site-packages/airflow/example_dags/example_task_group_decorator.py
[2023-09-14T17:32:32.075+0100] {processor.py:839} INFO - DAG(s) dict_keys(['example_task_group_decorator']) retrieved from /home/joestar/Documents/projects/airflow_etl/airflow_env/lib/python3.8/site-packages/airflow/example_dags/example_task_group_decorator.py
[2023-09-14T17:32:32.097+0100] {logging_mixin.py:151} INFO - [2023-09-14T17:32:32.097+0100] {dag.py:2915} INFO - Sync 1 DAGs
[2023-09-14T17:32:32.125+0100] {logging_mixin.py:151} INFO - [2023-09-14T17:32:32.125+0100] {dag.py:3696} INFO - Setting next_dagrun for example_task_group_decorator to 2023-09-13T16:32:32.124933+00:00, run_after=2023-09-14T16:32:32.124933+00:00
[2023-09-14T17:32:32.155+0100] {processor.py:179} INFO - Processing /home/joestar/Documents/projects/airflow_etl/airflow_env/lib/python3.8/site-packages/airflow/example_dags/example_task_group_decorator.py took 0.102 seconds
[2023-09-14T17:33:24.633+0100] {processor.py:157} INFO - Started process (PID=31021) to work on /home/joestar/Documents/projects/airflow_etl/airflow_env/lib/python3.8/site-packages/airflow/example_dags/example_task_group_decorator.py
[2023-09-14T17:33:24.634+0100] {processor.py:829} INFO - Processing file /home/joestar/Documents/projects/airflow_etl/airflow_env/lib/python3.8/site-packages/airflow/example_dags/example_task_group_decorator.py for tasks to queue
[2023-09-14T17:33:24.635+0100] {logging_mixin.py:151} INFO - [2023-09-14T17:33:24.634+0100] {dagbag.py:539} INFO - Filling up the DagBag from /home/joestar/Documents/projects/airflow_etl/airflow_env/lib/python3.8/site-packages/airflow/example_dags/example_task_group_decorator.py
[2023-09-14T17:33:24.650+0100] {processor.py:839} INFO - DAG(s) dict_keys(['example_task_group_decorator']) retrieved from /home/joestar/Documents/projects/airflow_etl/airflow_env/lib/python3.8/site-packages/airflow/example_dags/example_task_group_decorator.py
[2023-09-14T17:33:24.669+0100] {logging_mixin.py:151} INFO - [2023-09-14T17:33:24.669+0100] {dag.py:2915} INFO - Sync 1 DAGs
[2023-09-14T17:33:24.689+0100] {logging_mixin.py:151} INFO - [2023-09-14T17:33:24.689+0100] {dag.py:3696} INFO - Setting next_dagrun for example_task_group_decorator to 2023-09-13T16:33:24.688951+00:00, run_after=2023-09-14T16:33:24.688951+00:00
[2023-09-14T17:33:24.718+0100] {processor.py:179} INFO - Processing /home/joestar/Documents/projects/airflow_etl/airflow_env/lib/python3.8/site-packages/airflow/example_dags/example_task_group_decorator.py took 0.088 seconds
[2023-09-14T17:34:00.649+0100] {processor.py:157} INFO - Started process (PID=31176) to work on /home/joestar/Documents/projects/airflow_etl/airflow_env/lib/python3.8/site-packages/airflow/example_dags/example_task_group_decorator.py
[2023-09-14T17:34:00.649+0100] {processor.py:829} INFO - Processing file /home/joestar/Documents/projects/airflow_etl/airflow_env/lib/python3.8/site-packages/airflow/example_dags/example_task_group_decorator.py for tasks to queue
[2023-09-14T17:34:00.651+0100] {logging_mixin.py:151} INFO - [2023-09-14T17:34:00.650+0100] {dagbag.py:539} INFO - Filling up the DagBag from /home/joestar/Documents/projects/airflow_etl/airflow_env/lib/python3.8/site-packages/airflow/example_dags/example_task_group_decorator.py
[2023-09-14T17:34:00.666+0100] {processor.py:839} INFO - DAG(s) dict_keys(['example_task_group_decorator']) retrieved from /home/joestar/Documents/projects/airflow_etl/airflow_env/lib/python3.8/site-packages/airflow/example_dags/example_task_group_decorator.py
[2023-09-14T17:34:00.684+0100] {logging_mixin.py:151} INFO - [2023-09-14T17:34:00.684+0100] {dag.py:2915} INFO - Sync 1 DAGs
[2023-09-14T17:34:00.704+0100] {logging_mixin.py:151} INFO - [2023-09-14T17:34:00.704+0100] {dag.py:3696} INFO - Setting next_dagrun for example_task_group_decorator to 2023-09-13T16:34:00.704363+00:00, run_after=2023-09-14T16:34:00.704363+00:00
[2023-09-14T17:34:00.734+0100] {processor.py:179} INFO - Processing /home/joestar/Documents/projects/airflow_etl/airflow_env/lib/python3.8/site-packages/airflow/example_dags/example_task_group_decorator.py took 0.088 seconds
[2023-09-14T17:34:38.000+0100] {processor.py:157} INFO - Started process (PID=31357) to work on /home/joestar/Documents/projects/airflow_etl/airflow_env/lib/python3.8/site-packages/airflow/example_dags/example_task_group_decorator.py
[2023-09-14T17:34:38.001+0100] {processor.py:829} INFO - Processing file /home/joestar/Documents/projects/airflow_etl/airflow_env/lib/python3.8/site-packages/airflow/example_dags/example_task_group_decorator.py for tasks to queue
[2023-09-14T17:34:38.002+0100] {logging_mixin.py:151} INFO - [2023-09-14T17:34:38.001+0100] {dagbag.py:539} INFO - Filling up the DagBag from /home/joestar/Documents/projects/airflow_etl/airflow_env/lib/python3.8/site-packages/airflow/example_dags/example_task_group_decorator.py
[2023-09-14T17:34:38.025+0100] {processor.py:839} INFO - DAG(s) dict_keys(['example_task_group_decorator']) retrieved from /home/joestar/Documents/projects/airflow_etl/airflow_env/lib/python3.8/site-packages/airflow/example_dags/example_task_group_decorator.py
[2023-09-14T17:34:38.054+0100] {logging_mixin.py:151} INFO - [2023-09-14T17:34:38.054+0100] {dag.py:2915} INFO - Sync 1 DAGs
[2023-09-14T17:34:38.083+0100] {logging_mixin.py:151} INFO - [2023-09-14T17:34:38.083+0100] {dag.py:3696} INFO - Setting next_dagrun for example_task_group_decorator to 2023-09-13T16:34:38.083198+00:00, run_after=2023-09-14T16:34:38.083198+00:00
[2023-09-14T17:34:38.119+0100] {processor.py:179} INFO - Processing /home/joestar/Documents/projects/airflow_etl/airflow_env/lib/python3.8/site-packages/airflow/example_dags/example_task_group_decorator.py took 0.124 seconds
[2023-09-14T17:35:25.913+0100] {processor.py:157} INFO - Started process (PID=31590) to work on /home/joestar/Documents/projects/airflow_etl/airflow_env/lib/python3.8/site-packages/airflow/example_dags/example_task_group_decorator.py
[2023-09-14T17:35:25.914+0100] {processor.py:829} INFO - Processing file /home/joestar/Documents/projects/airflow_etl/airflow_env/lib/python3.8/site-packages/airflow/example_dags/example_task_group_decorator.py for tasks to queue
[2023-09-14T17:35:25.915+0100] {logging_mixin.py:151} INFO - [2023-09-14T17:35:25.915+0100] {dagbag.py:539} INFO - Filling up the DagBag from /home/joestar/Documents/projects/airflow_etl/airflow_env/lib/python3.8/site-packages/airflow/example_dags/example_task_group_decorator.py
[2023-09-14T17:35:25.939+0100] {processor.py:839} INFO - DAG(s) dict_keys(['example_task_group_decorator']) retrieved from /home/joestar/Documents/projects/airflow_etl/airflow_env/lib/python3.8/site-packages/airflow/example_dags/example_task_group_decorator.py
[2023-09-14T17:35:25.969+0100] {logging_mixin.py:151} INFO - [2023-09-14T17:35:25.969+0100] {dag.py:2915} INFO - Sync 1 DAGs
[2023-09-14T17:35:26.001+0100] {logging_mixin.py:151} INFO - [2023-09-14T17:35:26.000+0100] {dag.py:3696} INFO - Setting next_dagrun for example_task_group_decorator to 2023-09-13T16:35:26.000564+00:00, run_after=2023-09-14T16:35:26.000564+00:00
[2023-09-14T17:35:26.041+0100] {processor.py:179} INFO - Processing /home/joestar/Documents/projects/airflow_etl/airflow_env/lib/python3.8/site-packages/airflow/example_dags/example_task_group_decorator.py took 0.131 seconds
[2023-09-14T17:36:01.532+0100] {processor.py:157} INFO - Started process (PID=31736) to work on /home/joestar/Documents/projects/airflow_etl/airflow_env/lib/python3.8/site-packages/airflow/example_dags/example_task_group_decorator.py
[2023-09-14T17:36:01.533+0100] {processor.py:829} INFO - Processing file /home/joestar/Documents/projects/airflow_etl/airflow_env/lib/python3.8/site-packages/airflow/example_dags/example_task_group_decorator.py for tasks to queue
[2023-09-14T17:36:01.534+0100] {logging_mixin.py:151} INFO - [2023-09-14T17:36:01.533+0100] {dagbag.py:539} INFO - Filling up the DagBag from /home/joestar/Documents/projects/airflow_etl/airflow_env/lib/python3.8/site-packages/airflow/example_dags/example_task_group_decorator.py
[2023-09-14T17:36:01.548+0100] {processor.py:839} INFO - DAG(s) dict_keys(['example_task_group_decorator']) retrieved from /home/joestar/Documents/projects/airflow_etl/airflow_env/lib/python3.8/site-packages/airflow/example_dags/example_task_group_decorator.py
[2023-09-14T17:36:01.566+0100] {logging_mixin.py:151} INFO - [2023-09-14T17:36:01.565+0100] {dag.py:2915} INFO - Sync 1 DAGs
[2023-09-14T17:36:01.585+0100] {logging_mixin.py:151} INFO - [2023-09-14T17:36:01.585+0100] {dag.py:3696} INFO - Setting next_dagrun for example_task_group_decorator to 2023-09-13T16:36:01.585196+00:00, run_after=2023-09-14T16:36:01.585196+00:00
[2023-09-14T17:36:01.610+0100] {processor.py:179} INFO - Processing /home/joestar/Documents/projects/airflow_etl/airflow_env/lib/python3.8/site-packages/airflow/example_dags/example_task_group_decorator.py took 0.080 seconds
[2023-09-14T17:36:53.654+0100] {processor.py:157} INFO - Started process (PID=31976) to work on /home/joestar/Documents/projects/airflow_etl/airflow_env/lib/python3.8/site-packages/airflow/example_dags/example_task_group_decorator.py
[2023-09-14T17:36:53.655+0100] {processor.py:829} INFO - Processing file /home/joestar/Documents/projects/airflow_etl/airflow_env/lib/python3.8/site-packages/airflow/example_dags/example_task_group_decorator.py for tasks to queue
[2023-09-14T17:36:53.656+0100] {logging_mixin.py:151} INFO - [2023-09-14T17:36:53.656+0100] {dagbag.py:539} INFO - Filling up the DagBag from /home/joestar/Documents/projects/airflow_etl/airflow_env/lib/python3.8/site-packages/airflow/example_dags/example_task_group_decorator.py
[2023-09-14T17:36:53.672+0100] {processor.py:839} INFO - DAG(s) dict_keys(['example_task_group_decorator']) retrieved from /home/joestar/Documents/projects/airflow_etl/airflow_env/lib/python3.8/site-packages/airflow/example_dags/example_task_group_decorator.py
[2023-09-14T17:36:53.690+0100] {logging_mixin.py:151} INFO - [2023-09-14T17:36:53.689+0100] {dag.py:2915} INFO - Sync 1 DAGs
[2023-09-14T17:36:53.718+0100] {logging_mixin.py:151} INFO - [2023-09-14T17:36:53.718+0100] {dag.py:3696} INFO - Setting next_dagrun for example_task_group_decorator to 2023-09-13T16:36:53.717987+00:00, run_after=2023-09-14T16:36:53.717987+00:00
[2023-09-14T17:36:53.751+0100] {processor.py:179} INFO - Processing /home/joestar/Documents/projects/airflow_etl/airflow_env/lib/python3.8/site-packages/airflow/example_dags/example_task_group_decorator.py took 0.099 seconds
[2023-09-14T17:37:50.093+0100] {processor.py:157} INFO - Started process (PID=32333) to work on /home/joestar/Documents/projects/airflow_etl/airflow_env/lib/python3.8/site-packages/airflow/example_dags/example_task_group_decorator.py
[2023-09-14T17:37:50.094+0100] {processor.py:829} INFO - Processing file /home/joestar/Documents/projects/airflow_etl/airflow_env/lib/python3.8/site-packages/airflow/example_dags/example_task_group_decorator.py for tasks to queue
[2023-09-14T17:37:50.095+0100] {logging_mixin.py:151} INFO - [2023-09-14T17:37:50.094+0100] {dagbag.py:539} INFO - Filling up the DagBag from /home/joestar/Documents/projects/airflow_etl/airflow_env/lib/python3.8/site-packages/airflow/example_dags/example_task_group_decorator.py
[2023-09-14T17:37:50.110+0100] {processor.py:839} INFO - DAG(s) dict_keys(['example_task_group_decorator']) retrieved from /home/joestar/Documents/projects/airflow_etl/airflow_env/lib/python3.8/site-packages/airflow/example_dags/example_task_group_decorator.py
[2023-09-14T17:37:50.127+0100] {logging_mixin.py:151} INFO - [2023-09-14T17:37:50.127+0100] {dag.py:2915} INFO - Sync 1 DAGs
[2023-09-14T17:37:50.144+0100] {logging_mixin.py:151} INFO - [2023-09-14T17:37:50.144+0100] {dag.py:3696} INFO - Setting next_dagrun for example_task_group_decorator to 2023-09-13T16:37:50.144438+00:00, run_after=2023-09-14T16:37:50.144438+00:00
[2023-09-14T17:37:50.167+0100] {processor.py:179} INFO - Processing /home/joestar/Documents/projects/airflow_etl/airflow_env/lib/python3.8/site-packages/airflow/example_dags/example_task_group_decorator.py took 0.076 seconds
[2023-09-14T17:38:28.256+0100] {processor.py:157} INFO - Started process (PID=32645) to work on /home/joestar/Documents/projects/airflow_etl/airflow_env/lib/python3.8/site-packages/airflow/example_dags/example_task_group_decorator.py
[2023-09-14T17:38:28.257+0100] {processor.py:829} INFO - Processing file /home/joestar/Documents/projects/airflow_etl/airflow_env/lib/python3.8/site-packages/airflow/example_dags/example_task_group_decorator.py for tasks to queue
[2023-09-14T17:38:28.258+0100] {logging_mixin.py:151} INFO - [2023-09-14T17:38:28.258+0100] {dagbag.py:539} INFO - Filling up the DagBag from /home/joestar/Documents/projects/airflow_etl/airflow_env/lib/python3.8/site-packages/airflow/example_dags/example_task_group_decorator.py
[2023-09-14T17:38:28.281+0100] {processor.py:839} INFO - DAG(s) dict_keys(['example_task_group_decorator']) retrieved from /home/joestar/Documents/projects/airflow_etl/airflow_env/lib/python3.8/site-packages/airflow/example_dags/example_task_group_decorator.py
[2023-09-14T17:38:28.314+0100] {logging_mixin.py:151} INFO - [2023-09-14T17:38:28.314+0100] {dag.py:2915} INFO - Sync 1 DAGs
[2023-09-14T17:38:28.352+0100] {logging_mixin.py:151} INFO - [2023-09-14T17:38:28.351+0100] {dag.py:3696} INFO - Setting next_dagrun for example_task_group_decorator to 2023-09-13T16:38:28.345211+00:00, run_after=2023-09-14T16:38:28.345211+00:00
[2023-09-14T17:38:28.467+0100] {processor.py:179} INFO - Processing /home/joestar/Documents/projects/airflow_etl/airflow_env/lib/python3.8/site-packages/airflow/example_dags/example_task_group_decorator.py took 0.214 seconds
[2023-09-14T17:39:13.178+0100] {processor.py:157} INFO - Started process (PID=32929) to work on /home/joestar/Documents/projects/airflow_etl/airflow_env/lib/python3.8/site-packages/airflow/example_dags/example_task_group_decorator.py
[2023-09-14T17:39:13.179+0100] {processor.py:829} INFO - Processing file /home/joestar/Documents/projects/airflow_etl/airflow_env/lib/python3.8/site-packages/airflow/example_dags/example_task_group_decorator.py for tasks to queue
[2023-09-14T17:39:13.181+0100] {logging_mixin.py:151} INFO - [2023-09-14T17:39:13.180+0100] {dagbag.py:539} INFO - Filling up the DagBag from /home/joestar/Documents/projects/airflow_etl/airflow_env/lib/python3.8/site-packages/airflow/example_dags/example_task_group_decorator.py
[2023-09-14T17:39:13.203+0100] {processor.py:839} INFO - DAG(s) dict_keys(['example_task_group_decorator']) retrieved from /home/joestar/Documents/projects/airflow_etl/airflow_env/lib/python3.8/site-packages/airflow/example_dags/example_task_group_decorator.py
[2023-09-14T17:39:13.232+0100] {logging_mixin.py:151} INFO - [2023-09-14T17:39:13.232+0100] {dag.py:2915} INFO - Sync 1 DAGs
[2023-09-14T17:39:13.262+0100] {logging_mixin.py:151} INFO - [2023-09-14T17:39:13.262+0100] {dag.py:3696} INFO - Setting next_dagrun for example_task_group_decorator to 2023-09-13T16:39:13.262054+00:00, run_after=2023-09-14T16:39:13.262054+00:00
[2023-09-14T17:39:13.300+0100] {processor.py:179} INFO - Processing /home/joestar/Documents/projects/airflow_etl/airflow_env/lib/python3.8/site-packages/airflow/example_dags/example_task_group_decorator.py took 0.127 seconds
[2023-09-14T17:39:58.366+0100] {processor.py:157} INFO - Started process (PID=33221) to work on /home/joestar/Documents/projects/airflow_etl/airflow_env/lib/python3.8/site-packages/airflow/example_dags/example_task_group_decorator.py
[2023-09-14T17:39:58.368+0100] {processor.py:829} INFO - Processing file /home/joestar/Documents/projects/airflow_etl/airflow_env/lib/python3.8/site-packages/airflow/example_dags/example_task_group_decorator.py for tasks to queue
[2023-09-14T17:39:58.369+0100] {logging_mixin.py:151} INFO - [2023-09-14T17:39:58.369+0100] {dagbag.py:539} INFO - Filling up the DagBag from /home/joestar/Documents/projects/airflow_etl/airflow_env/lib/python3.8/site-packages/airflow/example_dags/example_task_group_decorator.py
[2023-09-14T17:39:58.391+0100] {processor.py:839} INFO - DAG(s) dict_keys(['example_task_group_decorator']) retrieved from /home/joestar/Documents/projects/airflow_etl/airflow_env/lib/python3.8/site-packages/airflow/example_dags/example_task_group_decorator.py
[2023-09-14T17:39:58.420+0100] {logging_mixin.py:151} INFO - [2023-09-14T17:39:58.420+0100] {dag.py:2915} INFO - Sync 1 DAGs
[2023-09-14T17:39:58.453+0100] {logging_mixin.py:151} INFO - [2023-09-14T17:39:58.453+0100] {dag.py:3696} INFO - Setting next_dagrun for example_task_group_decorator to 2023-09-13T16:39:58.452826+00:00, run_after=2023-09-14T16:39:58.452826+00:00
[2023-09-14T17:39:58.489+0100] {processor.py:179} INFO - Processing /home/joestar/Documents/projects/airflow_etl/airflow_env/lib/python3.8/site-packages/airflow/example_dags/example_task_group_decorator.py took 0.127 seconds
[2023-09-14T17:40:38.538+0100] {processor.py:157} INFO - Started process (PID=33476) to work on /home/joestar/Documents/projects/airflow_etl/airflow_env/lib/python3.8/site-packages/airflow/example_dags/example_task_group_decorator.py
[2023-09-14T17:40:38.539+0100] {processor.py:829} INFO - Processing file /home/joestar/Documents/projects/airflow_etl/airflow_env/lib/python3.8/site-packages/airflow/example_dags/example_task_group_decorator.py for tasks to queue
[2023-09-14T17:40:38.540+0100] {logging_mixin.py:151} INFO - [2023-09-14T17:40:38.539+0100] {dagbag.py:539} INFO - Filling up the DagBag from /home/joestar/Documents/projects/airflow_etl/airflow_env/lib/python3.8/site-packages/airflow/example_dags/example_task_group_decorator.py
[2023-09-14T17:40:38.562+0100] {processor.py:839} INFO - DAG(s) dict_keys(['example_task_group_decorator']) retrieved from /home/joestar/Documents/projects/airflow_etl/airflow_env/lib/python3.8/site-packages/airflow/example_dags/example_task_group_decorator.py
[2023-09-14T17:40:38.580+0100] {logging_mixin.py:151} INFO - [2023-09-14T17:40:38.579+0100] {dag.py:2915} INFO - Sync 1 DAGs
[2023-09-14T17:40:38.597+0100] {logging_mixin.py:151} INFO - [2023-09-14T17:40:38.597+0100] {dag.py:3696} INFO - Setting next_dagrun for example_task_group_decorator to 2023-09-13T16:40:38.597526+00:00, run_after=2023-09-14T16:40:38.597526+00:00
[2023-09-14T17:40:38.629+0100] {processor.py:179} INFO - Processing /home/joestar/Documents/projects/airflow_etl/airflow_env/lib/python3.8/site-packages/airflow/example_dags/example_task_group_decorator.py took 0.094 seconds
[2023-09-14T17:41:30.465+0100] {processor.py:157} INFO - Started process (PID=33850) to work on /home/joestar/Documents/projects/airflow_etl/airflow_env/lib/python3.8/site-packages/airflow/example_dags/example_task_group_decorator.py
[2023-09-14T17:41:30.466+0100] {processor.py:829} INFO - Processing file /home/joestar/Documents/projects/airflow_etl/airflow_env/lib/python3.8/site-packages/airflow/example_dags/example_task_group_decorator.py for tasks to queue
[2023-09-14T17:41:30.467+0100] {logging_mixin.py:151} INFO - [2023-09-14T17:41:30.467+0100] {dagbag.py:539} INFO - Filling up the DagBag from /home/joestar/Documents/projects/airflow_etl/airflow_env/lib/python3.8/site-packages/airflow/example_dags/example_task_group_decorator.py
[2023-09-14T17:41:30.488+0100] {processor.py:839} INFO - DAG(s) dict_keys(['example_task_group_decorator']) retrieved from /home/joestar/Documents/projects/airflow_etl/airflow_env/lib/python3.8/site-packages/airflow/example_dags/example_task_group_decorator.py
[2023-09-14T17:41:30.510+0100] {logging_mixin.py:151} INFO - [2023-09-14T17:41:30.509+0100] {dag.py:2915} INFO - Sync 1 DAGs
[2023-09-14T17:41:30.528+0100] {logging_mixin.py:151} INFO - [2023-09-14T17:41:30.528+0100] {dag.py:3696} INFO - Setting next_dagrun for example_task_group_decorator to 2023-09-13T16:41:30.528419+00:00, run_after=2023-09-14T16:41:30.528419+00:00
[2023-09-14T17:41:30.552+0100] {processor.py:179} INFO - Processing /home/joestar/Documents/projects/airflow_etl/airflow_env/lib/python3.8/site-packages/airflow/example_dags/example_task_group_decorator.py took 0.091 seconds
[2023-09-14T17:42:09.190+0100] {processor.py:157} INFO - Started process (PID=34028) to work on /home/joestar/Documents/projects/airflow_etl/airflow_env/lib/python3.8/site-packages/airflow/example_dags/example_task_group_decorator.py
[2023-09-14T17:42:09.191+0100] {processor.py:829} INFO - Processing file /home/joestar/Documents/projects/airflow_etl/airflow_env/lib/python3.8/site-packages/airflow/example_dags/example_task_group_decorator.py for tasks to queue
[2023-09-14T17:42:09.193+0100] {logging_mixin.py:151} INFO - [2023-09-14T17:42:09.192+0100] {dagbag.py:539} INFO - Filling up the DagBag from /home/joestar/Documents/projects/airflow_etl/airflow_env/lib/python3.8/site-packages/airflow/example_dags/example_task_group_decorator.py
[2023-09-14T17:42:09.216+0100] {processor.py:839} INFO - DAG(s) dict_keys(['example_task_group_decorator']) retrieved from /home/joestar/Documents/projects/airflow_etl/airflow_env/lib/python3.8/site-packages/airflow/example_dags/example_task_group_decorator.py
[2023-09-14T17:42:09.245+0100] {logging_mixin.py:151} INFO - [2023-09-14T17:42:09.244+0100] {dag.py:2915} INFO - Sync 1 DAGs
[2023-09-14T17:42:09.274+0100] {logging_mixin.py:151} INFO - [2023-09-14T17:42:09.273+0100] {dag.py:3696} INFO - Setting next_dagrun for example_task_group_decorator to 2023-09-13T16:42:09.273523+00:00, run_after=2023-09-14T16:42:09.273523+00:00
[2023-09-14T17:42:09.314+0100] {processor.py:179} INFO - Processing /home/joestar/Documents/projects/airflow_etl/airflow_env/lib/python3.8/site-packages/airflow/example_dags/example_task_group_decorator.py took 0.127 seconds
[2023-09-14T17:42:52.659+0100] {processor.py:157} INFO - Started process (PID=34224) to work on /home/joestar/Documents/projects/airflow_etl/airflow_env/lib/python3.8/site-packages/airflow/example_dags/example_task_group_decorator.py
[2023-09-14T17:42:52.660+0100] {processor.py:829} INFO - Processing file /home/joestar/Documents/projects/airflow_etl/airflow_env/lib/python3.8/site-packages/airflow/example_dags/example_task_group_decorator.py for tasks to queue
[2023-09-14T17:42:52.661+0100] {logging_mixin.py:151} INFO - [2023-09-14T17:42:52.661+0100] {dagbag.py:539} INFO - Filling up the DagBag from /home/joestar/Documents/projects/airflow_etl/airflow_env/lib/python3.8/site-packages/airflow/example_dags/example_task_group_decorator.py
[2023-09-14T17:42:52.684+0100] {processor.py:839} INFO - DAG(s) dict_keys(['example_task_group_decorator']) retrieved from /home/joestar/Documents/projects/airflow_etl/airflow_env/lib/python3.8/site-packages/airflow/example_dags/example_task_group_decorator.py
[2023-09-14T17:42:52.717+0100] {logging_mixin.py:151} INFO - [2023-09-14T17:42:52.717+0100] {dag.py:2915} INFO - Sync 1 DAGs
[2023-09-14T17:42:52.740+0100] {logging_mixin.py:151} INFO - [2023-09-14T17:42:52.740+0100] {dag.py:3696} INFO - Setting next_dagrun for example_task_group_decorator to 2023-09-13T16:42:52.739673+00:00, run_after=2023-09-14T16:42:52.739673+00:00
[2023-09-14T17:42:52.770+0100] {processor.py:179} INFO - Processing /home/joestar/Documents/projects/airflow_etl/airflow_env/lib/python3.8/site-packages/airflow/example_dags/example_task_group_decorator.py took 0.114 seconds
[2023-09-14T17:43:30.251+0100] {processor.py:157} INFO - Started process (PID=34388) to work on /home/joestar/Documents/projects/airflow_etl/airflow_env/lib/python3.8/site-packages/airflow/example_dags/example_task_group_decorator.py
[2023-09-14T17:43:30.252+0100] {processor.py:829} INFO - Processing file /home/joestar/Documents/projects/airflow_etl/airflow_env/lib/python3.8/site-packages/airflow/example_dags/example_task_group_decorator.py for tasks to queue
[2023-09-14T17:43:30.253+0100] {logging_mixin.py:151} INFO - [2023-09-14T17:43:30.253+0100] {dagbag.py:539} INFO - Filling up the DagBag from /home/joestar/Documents/projects/airflow_etl/airflow_env/lib/python3.8/site-packages/airflow/example_dags/example_task_group_decorator.py
[2023-09-14T17:43:30.276+0100] {processor.py:839} INFO - DAG(s) dict_keys(['example_task_group_decorator']) retrieved from /home/joestar/Documents/projects/airflow_etl/airflow_env/lib/python3.8/site-packages/airflow/example_dags/example_task_group_decorator.py
[2023-09-14T17:43:30.298+0100] {logging_mixin.py:151} INFO - [2023-09-14T17:43:30.298+0100] {dag.py:2915} INFO - Sync 1 DAGs
[2023-09-14T17:43:30.331+0100] {logging_mixin.py:151} INFO - [2023-09-14T17:43:30.330+0100] {dag.py:3696} INFO - Setting next_dagrun for example_task_group_decorator to 2023-09-13T16:43:30.330738+00:00, run_after=2023-09-14T16:43:30.330738+00:00
[2023-09-14T17:43:30.366+0100] {processor.py:179} INFO - Processing /home/joestar/Documents/projects/airflow_etl/airflow_env/lib/python3.8/site-packages/airflow/example_dags/example_task_group_decorator.py took 0.119 seconds
[2023-09-14T17:44:10.712+0100] {processor.py:157} INFO - Started process (PID=34620) to work on /home/joestar/Documents/projects/airflow_etl/airflow_env/lib/python3.8/site-packages/airflow/example_dags/example_task_group_decorator.py
[2023-09-14T17:44:10.713+0100] {processor.py:829} INFO - Processing file /home/joestar/Documents/projects/airflow_etl/airflow_env/lib/python3.8/site-packages/airflow/example_dags/example_task_group_decorator.py for tasks to queue
[2023-09-14T17:44:10.715+0100] {logging_mixin.py:151} INFO - [2023-09-14T17:44:10.714+0100] {dagbag.py:539} INFO - Filling up the DagBag from /home/joestar/Documents/projects/airflow_etl/airflow_env/lib/python3.8/site-packages/airflow/example_dags/example_task_group_decorator.py
[2023-09-14T17:44:10.740+0100] {processor.py:839} INFO - DAG(s) dict_keys(['example_task_group_decorator']) retrieved from /home/joestar/Documents/projects/airflow_etl/airflow_env/lib/python3.8/site-packages/airflow/example_dags/example_task_group_decorator.py
[2023-09-14T17:44:10.796+0100] {logging_mixin.py:151} INFO - [2023-09-14T17:44:10.796+0100] {dag.py:2915} INFO - Sync 1 DAGs
[2023-09-14T17:44:10.822+0100] {logging_mixin.py:151} INFO - [2023-09-14T17:44:10.822+0100] {dag.py:3696} INFO - Setting next_dagrun for example_task_group_decorator to 2023-09-13T16:44:10.822425+00:00, run_after=2023-09-14T16:44:10.822425+00:00
[2023-09-14T17:44:10.851+0100] {processor.py:179} INFO - Processing /home/joestar/Documents/projects/airflow_etl/airflow_env/lib/python3.8/site-packages/airflow/example_dags/example_task_group_decorator.py took 0.142 seconds
[2023-09-14T17:44:52.594+0100] {processor.py:157} INFO - Started process (PID=34802) to work on /home/joestar/Documents/projects/airflow_etl/airflow_env/lib/python3.8/site-packages/airflow/example_dags/example_task_group_decorator.py
[2023-09-14T17:44:52.595+0100] {processor.py:829} INFO - Processing file /home/joestar/Documents/projects/airflow_etl/airflow_env/lib/python3.8/site-packages/airflow/example_dags/example_task_group_decorator.py for tasks to queue
[2023-09-14T17:44:52.596+0100] {logging_mixin.py:151} INFO - [2023-09-14T17:44:52.595+0100] {dagbag.py:539} INFO - Filling up the DagBag from /home/joestar/Documents/projects/airflow_etl/airflow_env/lib/python3.8/site-packages/airflow/example_dags/example_task_group_decorator.py
[2023-09-14T17:44:52.623+0100] {processor.py:839} INFO - DAG(s) dict_keys(['example_task_group_decorator']) retrieved from /home/joestar/Documents/projects/airflow_etl/airflow_env/lib/python3.8/site-packages/airflow/example_dags/example_task_group_decorator.py
[2023-09-14T17:44:52.658+0100] {logging_mixin.py:151} INFO - [2023-09-14T17:44:52.658+0100] {dag.py:2915} INFO - Sync 1 DAGs
[2023-09-14T17:44:52.694+0100] {logging_mixin.py:151} INFO - [2023-09-14T17:44:52.694+0100] {dag.py:3696} INFO - Setting next_dagrun for example_task_group_decorator to 2023-09-13T16:44:52.694038+00:00, run_after=2023-09-14T16:44:52.694038+00:00
[2023-09-14T17:44:52.727+0100] {processor.py:179} INFO - Processing /home/joestar/Documents/projects/airflow_etl/airflow_env/lib/python3.8/site-packages/airflow/example_dags/example_task_group_decorator.py took 0.137 seconds
[2023-09-14T17:45:32.214+0100] {processor.py:157} INFO - Started process (PID=34962) to work on /home/joestar/Documents/projects/airflow_etl/airflow_env/lib/python3.8/site-packages/airflow/example_dags/example_task_group_decorator.py
[2023-09-14T17:45:32.215+0100] {processor.py:829} INFO - Processing file /home/joestar/Documents/projects/airflow_etl/airflow_env/lib/python3.8/site-packages/airflow/example_dags/example_task_group_decorator.py for tasks to queue
[2023-09-14T17:45:32.216+0100] {logging_mixin.py:151} INFO - [2023-09-14T17:45:32.216+0100] {dagbag.py:539} INFO - Filling up the DagBag from /home/joestar/Documents/projects/airflow_etl/airflow_env/lib/python3.8/site-packages/airflow/example_dags/example_task_group_decorator.py
[2023-09-14T17:45:32.245+0100] {processor.py:839} INFO - DAG(s) dict_keys(['example_task_group_decorator']) retrieved from /home/joestar/Documents/projects/airflow_etl/airflow_env/lib/python3.8/site-packages/airflow/example_dags/example_task_group_decorator.py
[2023-09-14T17:45:32.275+0100] {logging_mixin.py:151} INFO - [2023-09-14T17:45:32.275+0100] {dag.py:2915} INFO - Sync 1 DAGs
[2023-09-14T17:45:32.309+0100] {logging_mixin.py:151} INFO - [2023-09-14T17:45:32.308+0100] {dag.py:3696} INFO - Setting next_dagrun for example_task_group_decorator to 2023-09-13T16:45:32.308569+00:00, run_after=2023-09-14T16:45:32.308569+00:00
[2023-09-14T17:45:32.344+0100] {processor.py:179} INFO - Processing /home/joestar/Documents/projects/airflow_etl/airflow_env/lib/python3.8/site-packages/airflow/example_dags/example_task_group_decorator.py took 0.134 seconds
[2023-09-14T17:46:15.463+0100] {processor.py:157} INFO - Started process (PID=35167) to work on /home/joestar/Documents/projects/airflow_etl/airflow_env/lib/python3.8/site-packages/airflow/example_dags/example_task_group_decorator.py
[2023-09-14T17:46:15.464+0100] {processor.py:829} INFO - Processing file /home/joestar/Documents/projects/airflow_etl/airflow_env/lib/python3.8/site-packages/airflow/example_dags/example_task_group_decorator.py for tasks to queue
[2023-09-14T17:46:15.465+0100] {logging_mixin.py:151} INFO - [2023-09-14T17:46:15.465+0100] {dagbag.py:539} INFO - Filling up the DagBag from /home/joestar/Documents/projects/airflow_etl/airflow_env/lib/python3.8/site-packages/airflow/example_dags/example_task_group_decorator.py
[2023-09-14T17:46:15.483+0100] {processor.py:839} INFO - DAG(s) dict_keys(['example_task_group_decorator']) retrieved from /home/joestar/Documents/projects/airflow_etl/airflow_env/lib/python3.8/site-packages/airflow/example_dags/example_task_group_decorator.py
[2023-09-14T17:46:15.506+0100] {logging_mixin.py:151} INFO - [2023-09-14T17:46:15.505+0100] {dag.py:2915} INFO - Sync 1 DAGs
[2023-09-14T17:46:15.537+0100] {logging_mixin.py:151} INFO - [2023-09-14T17:46:15.536+0100] {dag.py:3696} INFO - Setting next_dagrun for example_task_group_decorator to 2023-09-13T16:46:15.536498+00:00, run_after=2023-09-14T16:46:15.536498+00:00
[2023-09-14T17:46:15.582+0100] {processor.py:179} INFO - Processing /home/joestar/Documents/projects/airflow_etl/airflow_env/lib/python3.8/site-packages/airflow/example_dags/example_task_group_decorator.py took 0.123 seconds
[2023-09-14T17:46:59.975+0100] {processor.py:157} INFO - Started process (PID=35329) to work on /home/joestar/Documents/projects/airflow_etl/airflow_env/lib/python3.8/site-packages/airflow/example_dags/example_task_group_decorator.py
[2023-09-14T17:46:59.980+0100] {processor.py:829} INFO - Processing file /home/joestar/Documents/projects/airflow_etl/airflow_env/lib/python3.8/site-packages/airflow/example_dags/example_task_group_decorator.py for tasks to queue
[2023-09-14T17:46:59.982+0100] {logging_mixin.py:151} INFO - [2023-09-14T17:46:59.981+0100] {dagbag.py:539} INFO - Filling up the DagBag from /home/joestar/Documents/projects/airflow_etl/airflow_env/lib/python3.8/site-packages/airflow/example_dags/example_task_group_decorator.py
[2023-09-14T17:47:00.015+0100] {processor.py:839} INFO - DAG(s) dict_keys(['example_task_group_decorator']) retrieved from /home/joestar/Documents/projects/airflow_etl/airflow_env/lib/python3.8/site-packages/airflow/example_dags/example_task_group_decorator.py
[2023-09-14T17:47:00.061+0100] {logging_mixin.py:151} INFO - [2023-09-14T17:47:00.061+0100] {dag.py:2915} INFO - Sync 1 DAGs
[2023-09-14T17:47:00.100+0100] {logging_mixin.py:151} INFO - [2023-09-14T17:47:00.100+0100] {dag.py:3696} INFO - Setting next_dagrun for example_task_group_decorator to 2023-09-13T16:47:00.100269+00:00, run_after=2023-09-14T16:47:00.100269+00:00
[2023-09-14T17:47:00.149+0100] {processor.py:179} INFO - Processing /home/joestar/Documents/projects/airflow_etl/airflow_env/lib/python3.8/site-packages/airflow/example_dags/example_task_group_decorator.py took 0.180 seconds
[2023-09-14T17:47:54.050+0100] {processor.py:157} INFO - Started process (PID=35542) to work on /home/joestar/Documents/projects/airflow_etl/airflow_env/lib/python3.8/site-packages/airflow/example_dags/example_task_group_decorator.py
[2023-09-14T17:47:54.052+0100] {processor.py:829} INFO - Processing file /home/joestar/Documents/projects/airflow_etl/airflow_env/lib/python3.8/site-packages/airflow/example_dags/example_task_group_decorator.py for tasks to queue
[2023-09-14T17:47:54.053+0100] {logging_mixin.py:151} INFO - [2023-09-14T17:47:54.052+0100] {dagbag.py:539} INFO - Filling up the DagBag from /home/joestar/Documents/projects/airflow_etl/airflow_env/lib/python3.8/site-packages/airflow/example_dags/example_task_group_decorator.py
[2023-09-14T17:47:54.081+0100] {processor.py:839} INFO - DAG(s) dict_keys(['example_task_group_decorator']) retrieved from /home/joestar/Documents/projects/airflow_etl/airflow_env/lib/python3.8/site-packages/airflow/example_dags/example_task_group_decorator.py
[2023-09-14T17:47:54.113+0100] {logging_mixin.py:151} INFO - [2023-09-14T17:47:54.112+0100] {dag.py:2915} INFO - Sync 1 DAGs
[2023-09-14T17:47:54.154+0100] {logging_mixin.py:151} INFO - [2023-09-14T17:47:54.154+0100] {dag.py:3696} INFO - Setting next_dagrun for example_task_group_decorator to 2023-09-13T16:47:54.153887+00:00, run_after=2023-09-14T16:47:54.153887+00:00
[2023-09-14T17:47:54.187+0100] {processor.py:179} INFO - Processing /home/joestar/Documents/projects/airflow_etl/airflow_env/lib/python3.8/site-packages/airflow/example_dags/example_task_group_decorator.py took 0.141 seconds
[2023-09-14T17:48:38.869+0100] {processor.py:157} INFO - Started process (PID=35726) to work on /home/joestar/Documents/projects/airflow_etl/airflow_env/lib/python3.8/site-packages/airflow/example_dags/example_task_group_decorator.py
[2023-09-14T17:48:38.871+0100] {processor.py:829} INFO - Processing file /home/joestar/Documents/projects/airflow_etl/airflow_env/lib/python3.8/site-packages/airflow/example_dags/example_task_group_decorator.py for tasks to queue
[2023-09-14T17:48:38.872+0100] {logging_mixin.py:151} INFO - [2023-09-14T17:48:38.871+0100] {dagbag.py:539} INFO - Filling up the DagBag from /home/joestar/Documents/projects/airflow_etl/airflow_env/lib/python3.8/site-packages/airflow/example_dags/example_task_group_decorator.py
[2023-09-14T17:48:38.903+0100] {processor.py:839} INFO - DAG(s) dict_keys(['example_task_group_decorator']) retrieved from /home/joestar/Documents/projects/airflow_etl/airflow_env/lib/python3.8/site-packages/airflow/example_dags/example_task_group_decorator.py
[2023-09-14T17:48:38.940+0100] {logging_mixin.py:151} INFO - [2023-09-14T17:48:38.940+0100] {dag.py:2915} INFO - Sync 1 DAGs
[2023-09-14T17:48:38.976+0100] {logging_mixin.py:151} INFO - [2023-09-14T17:48:38.976+0100] {dag.py:3696} INFO - Setting next_dagrun for example_task_group_decorator to 2023-09-13T16:48:38.976057+00:00, run_after=2023-09-14T16:48:38.976057+00:00
[2023-09-14T17:48:39.019+0100] {processor.py:179} INFO - Processing /home/joestar/Documents/projects/airflow_etl/airflow_env/lib/python3.8/site-packages/airflow/example_dags/example_task_group_decorator.py took 0.154 seconds
[2023-09-14T17:49:28.540+0100] {processor.py:157} INFO - Started process (PID=35936) to work on /home/joestar/Documents/projects/airflow_etl/airflow_env/lib/python3.8/site-packages/airflow/example_dags/example_task_group_decorator.py
[2023-09-14T17:49:28.541+0100] {processor.py:829} INFO - Processing file /home/joestar/Documents/projects/airflow_etl/airflow_env/lib/python3.8/site-packages/airflow/example_dags/example_task_group_decorator.py for tasks to queue
[2023-09-14T17:49:28.543+0100] {logging_mixin.py:151} INFO - [2023-09-14T17:49:28.542+0100] {dagbag.py:539} INFO - Filling up the DagBag from /home/joestar/Documents/projects/airflow_etl/airflow_env/lib/python3.8/site-packages/airflow/example_dags/example_task_group_decorator.py
[2023-09-14T17:49:28.562+0100] {processor.py:839} INFO - DAG(s) dict_keys(['example_task_group_decorator']) retrieved from /home/joestar/Documents/projects/airflow_etl/airflow_env/lib/python3.8/site-packages/airflow/example_dags/example_task_group_decorator.py
[2023-09-14T17:49:28.593+0100] {logging_mixin.py:151} INFO - [2023-09-14T17:49:28.593+0100] {dag.py:2915} INFO - Sync 1 DAGs
[2023-09-14T17:49:28.623+0100] {logging_mixin.py:151} INFO - [2023-09-14T17:49:28.623+0100] {dag.py:3696} INFO - Setting next_dagrun for example_task_group_decorator to 2023-09-13T16:49:28.622942+00:00, run_after=2023-09-14T16:49:28.622942+00:00
[2023-09-14T17:49:28.677+0100] {processor.py:179} INFO - Processing /home/joestar/Documents/projects/airflow_etl/airflow_env/lib/python3.8/site-packages/airflow/example_dags/example_task_group_decorator.py took 0.140 seconds
[2023-09-14T17:50:20.068+0100] {processor.py:157} INFO - Started process (PID=36157) to work on /home/joestar/Documents/projects/airflow_etl/airflow_env/lib/python3.8/site-packages/airflow/example_dags/example_task_group_decorator.py
[2023-09-14T17:50:20.070+0100] {processor.py:829} INFO - Processing file /home/joestar/Documents/projects/airflow_etl/airflow_env/lib/python3.8/site-packages/airflow/example_dags/example_task_group_decorator.py for tasks to queue
[2023-09-14T17:50:20.071+0100] {logging_mixin.py:151} INFO - [2023-09-14T17:50:20.070+0100] {dagbag.py:539} INFO - Filling up the DagBag from /home/joestar/Documents/projects/airflow_etl/airflow_env/lib/python3.8/site-packages/airflow/example_dags/example_task_group_decorator.py
[2023-09-14T17:50:20.092+0100] {processor.py:839} INFO - DAG(s) dict_keys(['example_task_group_decorator']) retrieved from /home/joestar/Documents/projects/airflow_etl/airflow_env/lib/python3.8/site-packages/airflow/example_dags/example_task_group_decorator.py
[2023-09-14T17:50:20.120+0100] {logging_mixin.py:151} INFO - [2023-09-14T17:50:20.119+0100] {dag.py:2915} INFO - Sync 1 DAGs
[2023-09-14T17:50:20.141+0100] {logging_mixin.py:151} INFO - [2023-09-14T17:50:20.141+0100] {dag.py:3696} INFO - Setting next_dagrun for example_task_group_decorator to 2023-09-13T16:50:20.141440+00:00, run_after=2023-09-14T16:50:20.141440+00:00
[2023-09-14T17:50:20.184+0100] {processor.py:179} INFO - Processing /home/joestar/Documents/projects/airflow_etl/airflow_env/lib/python3.8/site-packages/airflow/example_dags/example_task_group_decorator.py took 0.120 seconds
[2023-09-14T17:51:00.017+0100] {processor.py:157} INFO - Started process (PID=36331) to work on /home/joestar/Documents/projects/airflow_etl/airflow_env/lib/python3.8/site-packages/airflow/example_dags/example_task_group_decorator.py
[2023-09-14T17:51:00.018+0100] {processor.py:829} INFO - Processing file /home/joestar/Documents/projects/airflow_etl/airflow_env/lib/python3.8/site-packages/airflow/example_dags/example_task_group_decorator.py for tasks to queue
[2023-09-14T17:51:00.019+0100] {logging_mixin.py:151} INFO - [2023-09-14T17:51:00.019+0100] {dagbag.py:539} INFO - Filling up the DagBag from /home/joestar/Documents/projects/airflow_etl/airflow_env/lib/python3.8/site-packages/airflow/example_dags/example_task_group_decorator.py
[2023-09-14T17:51:00.036+0100] {processor.py:839} INFO - DAG(s) dict_keys(['example_task_group_decorator']) retrieved from /home/joestar/Documents/projects/airflow_etl/airflow_env/lib/python3.8/site-packages/airflow/example_dags/example_task_group_decorator.py
[2023-09-14T17:51:00.057+0100] {logging_mixin.py:151} INFO - [2023-09-14T17:51:00.057+0100] {dag.py:2915} INFO - Sync 1 DAGs
[2023-09-14T17:51:00.080+0100] {logging_mixin.py:151} INFO - [2023-09-14T17:51:00.080+0100] {dag.py:3696} INFO - Setting next_dagrun for example_task_group_decorator to 2023-09-13T16:51:00.079649+00:00, run_after=2023-09-14T16:51:00.079649+00:00
[2023-09-14T17:51:00.110+0100] {processor.py:179} INFO - Processing /home/joestar/Documents/projects/airflow_etl/airflow_env/lib/python3.8/site-packages/airflow/example_dags/example_task_group_decorator.py took 0.098 seconds
[2023-09-14T17:51:39.620+0100] {processor.py:157} INFO - Started process (PID=36521) to work on /home/joestar/Documents/projects/airflow_etl/airflow_env/lib/python3.8/site-packages/airflow/example_dags/example_task_group_decorator.py
[2023-09-14T17:51:39.621+0100] {processor.py:829} INFO - Processing file /home/joestar/Documents/projects/airflow_etl/airflow_env/lib/python3.8/site-packages/airflow/example_dags/example_task_group_decorator.py for tasks to queue
[2023-09-14T17:51:39.622+0100] {logging_mixin.py:151} INFO - [2023-09-14T17:51:39.622+0100] {dagbag.py:539} INFO - Filling up the DagBag from /home/joestar/Documents/projects/airflow_etl/airflow_env/lib/python3.8/site-packages/airflow/example_dags/example_task_group_decorator.py
[2023-09-14T17:51:39.638+0100] {processor.py:839} INFO - DAG(s) dict_keys(['example_task_group_decorator']) retrieved from /home/joestar/Documents/projects/airflow_etl/airflow_env/lib/python3.8/site-packages/airflow/example_dags/example_task_group_decorator.py
[2023-09-14T17:51:39.658+0100] {logging_mixin.py:151} INFO - [2023-09-14T17:51:39.658+0100] {dag.py:2915} INFO - Sync 1 DAGs
[2023-09-14T17:51:39.686+0100] {logging_mixin.py:151} INFO - [2023-09-14T17:51:39.686+0100] {dag.py:3696} INFO - Setting next_dagrun for example_task_group_decorator to 2023-09-13T16:51:39.686168+00:00, run_after=2023-09-14T16:51:39.686168+00:00
[2023-09-14T17:51:39.720+0100] {processor.py:179} INFO - Processing /home/joestar/Documents/projects/airflow_etl/airflow_env/lib/python3.8/site-packages/airflow/example_dags/example_task_group_decorator.py took 0.103 seconds
[2023-09-14T17:52:21.201+0100] {processor.py:157} INFO - Started process (PID=36707) to work on /home/joestar/Documents/projects/airflow_etl/airflow_env/lib/python3.8/site-packages/airflow/example_dags/example_task_group_decorator.py
[2023-09-14T17:52:21.202+0100] {processor.py:829} INFO - Processing file /home/joestar/Documents/projects/airflow_etl/airflow_env/lib/python3.8/site-packages/airflow/example_dags/example_task_group_decorator.py for tasks to queue
[2023-09-14T17:52:21.203+0100] {logging_mixin.py:151} INFO - [2023-09-14T17:52:21.203+0100] {dagbag.py:539} INFO - Filling up the DagBag from /home/joestar/Documents/projects/airflow_etl/airflow_env/lib/python3.8/site-packages/airflow/example_dags/example_task_group_decorator.py
[2023-09-14T17:52:21.217+0100] {processor.py:839} INFO - DAG(s) dict_keys(['example_task_group_decorator']) retrieved from /home/joestar/Documents/projects/airflow_etl/airflow_env/lib/python3.8/site-packages/airflow/example_dags/example_task_group_decorator.py
[2023-09-14T17:52:21.235+0100] {logging_mixin.py:151} INFO - [2023-09-14T17:52:21.235+0100] {dag.py:2915} INFO - Sync 1 DAGs
[2023-09-14T17:52:21.255+0100] {logging_mixin.py:151} INFO - [2023-09-14T17:52:21.255+0100] {dag.py:3696} INFO - Setting next_dagrun for example_task_group_decorator to 2023-09-13T16:52:21.255180+00:00, run_after=2023-09-14T16:52:21.255180+00:00
[2023-09-14T17:52:21.281+0100] {processor.py:179} INFO - Processing /home/joestar/Documents/projects/airflow_etl/airflow_env/lib/python3.8/site-packages/airflow/example_dags/example_task_group_decorator.py took 0.083 seconds
[2023-09-14T17:52:58.995+0100] {processor.py:157} INFO - Started process (PID=36861) to work on /home/joestar/Documents/projects/airflow_etl/airflow_env/lib/python3.8/site-packages/airflow/example_dags/example_task_group_decorator.py
[2023-09-14T17:52:58.996+0100] {processor.py:829} INFO - Processing file /home/joestar/Documents/projects/airflow_etl/airflow_env/lib/python3.8/site-packages/airflow/example_dags/example_task_group_decorator.py for tasks to queue
[2023-09-14T17:52:58.997+0100] {logging_mixin.py:151} INFO - [2023-09-14T17:52:58.997+0100] {dagbag.py:539} INFO - Filling up the DagBag from /home/joestar/Documents/projects/airflow_etl/airflow_env/lib/python3.8/site-packages/airflow/example_dags/example_task_group_decorator.py
[2023-09-14T17:52:59.020+0100] {processor.py:839} INFO - DAG(s) dict_keys(['example_task_group_decorator']) retrieved from /home/joestar/Documents/projects/airflow_etl/airflow_env/lib/python3.8/site-packages/airflow/example_dags/example_task_group_decorator.py
[2023-09-14T17:52:59.048+0100] {logging_mixin.py:151} INFO - [2023-09-14T17:52:59.048+0100] {dag.py:2915} INFO - Sync 1 DAGs
[2023-09-14T17:52:59.068+0100] {logging_mixin.py:151} INFO - [2023-09-14T17:52:59.068+0100] {dag.py:3696} INFO - Setting next_dagrun for example_task_group_decorator to 2023-09-13T16:52:59.067795+00:00, run_after=2023-09-14T16:52:59.067795+00:00
[2023-09-14T17:52:59.117+0100] {processor.py:179} INFO - Processing /home/joestar/Documents/projects/airflow_etl/airflow_env/lib/python3.8/site-packages/airflow/example_dags/example_task_group_decorator.py took 0.125 seconds
[2023-09-14T18:03:01.580+0100] {processor.py:157} INFO - Started process (PID=38696) to work on /home/joestar/Documents/projects/airflow_etl/airflow_env/lib/python3.8/site-packages/airflow/example_dags/example_task_group_decorator.py
[2023-09-14T18:03:01.581+0100] {processor.py:829} INFO - Processing file /home/joestar/Documents/projects/airflow_etl/airflow_env/lib/python3.8/site-packages/airflow/example_dags/example_task_group_decorator.py for tasks to queue
[2023-09-14T18:03:01.582+0100] {logging_mixin.py:151} INFO - [2023-09-14T18:03:01.582+0100] {dagbag.py:539} INFO - Filling up the DagBag from /home/joestar/Documents/projects/airflow_etl/airflow_env/lib/python3.8/site-packages/airflow/example_dags/example_task_group_decorator.py
[2023-09-14T18:03:01.607+0100] {processor.py:839} INFO - DAG(s) dict_keys(['example_task_group_decorator']) retrieved from /home/joestar/Documents/projects/airflow_etl/airflow_env/lib/python3.8/site-packages/airflow/example_dags/example_task_group_decorator.py
[2023-09-14T18:03:01.640+0100] {logging_mixin.py:151} INFO - [2023-09-14T18:03:01.640+0100] {dag.py:2915} INFO - Sync 1 DAGs
[2023-09-14T18:03:01.675+0100] {logging_mixin.py:151} INFO - [2023-09-14T18:03:01.675+0100] {dag.py:3696} INFO - Setting next_dagrun for example_task_group_decorator to 2023-09-13T17:03:01.674960+00:00, run_after=2023-09-14T17:03:01.674960+00:00
[2023-09-14T18:03:01.714+0100] {processor.py:179} INFO - Processing /home/joestar/Documents/projects/airflow_etl/airflow_env/lib/python3.8/site-packages/airflow/example_dags/example_task_group_decorator.py took 0.139 seconds
[2023-09-14T18:03:54.104+0100] {processor.py:157} INFO - Started process (PID=38932) to work on /home/joestar/Documents/projects/airflow_etl/airflow_env/lib/python3.8/site-packages/airflow/example_dags/example_task_group_decorator.py
[2023-09-14T18:03:54.106+0100] {processor.py:829} INFO - Processing file /home/joestar/Documents/projects/airflow_etl/airflow_env/lib/python3.8/site-packages/airflow/example_dags/example_task_group_decorator.py for tasks to queue
[2023-09-14T18:03:54.107+0100] {logging_mixin.py:151} INFO - [2023-09-14T18:03:54.107+0100] {dagbag.py:539} INFO - Filling up the DagBag from /home/joestar/Documents/projects/airflow_etl/airflow_env/lib/python3.8/site-packages/airflow/example_dags/example_task_group_decorator.py
[2023-09-14T18:03:54.124+0100] {processor.py:839} INFO - DAG(s) dict_keys(['example_task_group_decorator']) retrieved from /home/joestar/Documents/projects/airflow_etl/airflow_env/lib/python3.8/site-packages/airflow/example_dags/example_task_group_decorator.py
[2023-09-14T18:03:54.146+0100] {logging_mixin.py:151} INFO - [2023-09-14T18:03:54.146+0100] {dag.py:2915} INFO - Sync 1 DAGs
[2023-09-14T18:03:54.174+0100] {logging_mixin.py:151} INFO - [2023-09-14T18:03:54.174+0100] {dag.py:3696} INFO - Setting next_dagrun for example_task_group_decorator to 2023-09-13T17:03:54.173701+00:00, run_after=2023-09-14T17:03:54.173701+00:00
[2023-09-14T18:03:54.204+0100] {processor.py:179} INFO - Processing /home/joestar/Documents/projects/airflow_etl/airflow_env/lib/python3.8/site-packages/airflow/example_dags/example_task_group_decorator.py took 0.104 seconds
[2023-09-14T18:04:43.627+0100] {processor.py:157} INFO - Started process (PID=39160) to work on /home/joestar/Documents/projects/airflow_etl/airflow_env/lib/python3.8/site-packages/airflow/example_dags/example_task_group_decorator.py
[2023-09-14T18:04:43.629+0100] {processor.py:829} INFO - Processing file /home/joestar/Documents/projects/airflow_etl/airflow_env/lib/python3.8/site-packages/airflow/example_dags/example_task_group_decorator.py for tasks to queue
[2023-09-14T18:04:43.630+0100] {logging_mixin.py:151} INFO - [2023-09-14T18:04:43.629+0100] {dagbag.py:539} INFO - Filling up the DagBag from /home/joestar/Documents/projects/airflow_etl/airflow_env/lib/python3.8/site-packages/airflow/example_dags/example_task_group_decorator.py
[2023-09-14T18:04:43.652+0100] {processor.py:839} INFO - DAG(s) dict_keys(['example_task_group_decorator']) retrieved from /home/joestar/Documents/projects/airflow_etl/airflow_env/lib/python3.8/site-packages/airflow/example_dags/example_task_group_decorator.py
[2023-09-14T18:04:43.674+0100] {logging_mixin.py:151} INFO - [2023-09-14T18:04:43.673+0100] {dag.py:2915} INFO - Sync 1 DAGs
[2023-09-14T18:04:43.692+0100] {logging_mixin.py:151} INFO - [2023-09-14T18:04:43.692+0100] {dag.py:3696} INFO - Setting next_dagrun for example_task_group_decorator to 2023-09-13T17:04:43.692428+00:00, run_after=2023-09-14T17:04:43.692428+00:00
[2023-09-14T18:04:43.717+0100] {processor.py:179} INFO - Processing /home/joestar/Documents/projects/airflow_etl/airflow_env/lib/python3.8/site-packages/airflow/example_dags/example_task_group_decorator.py took 0.094 seconds
