[2023-09-14T17:12:34.810+0100] {processor.py:157} INFO - Started process (PID=24433) to work on /home/joestar/Documents/projects/airflow_etl/airflow_env/lib/python3.8/site-packages/airflow/example_dags/example_dynamic_task_mapping_with_no_taskflow_operators.py
[2023-09-14T17:12:34.810+0100] {processor.py:829} INFO - Processing file /home/joestar/Documents/projects/airflow_etl/airflow_env/lib/python3.8/site-packages/airflow/example_dags/example_dynamic_task_mapping_with_no_taskflow_operators.py for tasks to queue
[2023-09-14T17:12:34.811+0100] {logging_mixin.py:151} INFO - [2023-09-14T17:12:34.811+0100] {dagbag.py:539} INFO - Filling up the DagBag from /home/joestar/Documents/projects/airflow_etl/airflow_env/lib/python3.8/site-packages/airflow/example_dags/example_dynamic_task_mapping_with_no_taskflow_operators.py
[2023-09-14T17:12:34.818+0100] {processor.py:839} INFO - DAG(s) dict_keys(['example_dynamic_task_mapping_with_no_taskflow_operators']) retrieved from /home/joestar/Documents/projects/airflow_etl/airflow_env/lib/python3.8/site-packages/airflow/example_dags/example_dynamic_task_mapping_with_no_taskflow_operators.py
[2023-09-14T17:12:34.928+0100] {logging_mixin.py:151} INFO - [2023-09-14T17:12:34.928+0100] {manager.py:499} INFO - Created Permission View: %s
[2023-09-14T17:12:34.945+0100] {logging_mixin.py:151} INFO - [2023-09-14T17:12:34.945+0100] {manager.py:499} INFO - Created Permission View: %s
[2023-09-14T17:12:34.960+0100] {logging_mixin.py:151} INFO - [2023-09-14T17:12:34.959+0100] {manager.py:499} INFO - Created Permission View: %s
[2023-09-14T17:12:34.960+0100] {logging_mixin.py:151} INFO - [2023-09-14T17:12:34.960+0100] {security.py:708} INFO - Not syncing DAG-level permissions for DAG 'DAG:example_dynamic_task_mapping_with_no_taskflow_operators' as access control is unset.
[2023-09-14T17:12:34.960+0100] {logging_mixin.py:151} INFO - [2023-09-14T17:12:34.960+0100] {dag.py:2915} INFO - Sync 1 DAGs
[2023-09-14T17:12:34.972+0100] {logging_mixin.py:151} INFO - [2023-09-14T17:12:34.972+0100] {dag.py:2937} INFO - Creating ORM DAG for example_dynamic_task_mapping_with_no_taskflow_operators
[2023-09-14T17:12:34.981+0100] {logging_mixin.py:151} INFO - [2023-09-14T17:12:34.981+0100] {dag.py:3696} INFO - Setting next_dagrun for example_dynamic_task_mapping_with_no_taskflow_operators to 2023-09-13T16:12:34.981145+00:00, run_after=2023-09-14T16:12:34.981145+00:00
[2023-09-14T17:12:35.012+0100] {processor.py:179} INFO - Processing /home/joestar/Documents/projects/airflow_etl/airflow_env/lib/python3.8/site-packages/airflow/example_dags/example_dynamic_task_mapping_with_no_taskflow_operators.py took 0.205 seconds
[2023-09-14T17:13:25.790+0100] {processor.py:157} INFO - Started process (PID=24855) to work on /home/joestar/Documents/projects/airflow_etl/airflow_env/lib/python3.8/site-packages/airflow/example_dags/example_dynamic_task_mapping_with_no_taskflow_operators.py
[2023-09-14T17:13:25.792+0100] {processor.py:829} INFO - Processing file /home/joestar/Documents/projects/airflow_etl/airflow_env/lib/python3.8/site-packages/airflow/example_dags/example_dynamic_task_mapping_with_no_taskflow_operators.py for tasks to queue
[2023-09-14T17:13:25.793+0100] {logging_mixin.py:151} INFO - [2023-09-14T17:13:25.793+0100] {dagbag.py:539} INFO - Filling up the DagBag from /home/joestar/Documents/projects/airflow_etl/airflow_env/lib/python3.8/site-packages/airflow/example_dags/example_dynamic_task_mapping_with_no_taskflow_operators.py
[2023-09-14T17:13:25.803+0100] {processor.py:839} INFO - DAG(s) dict_keys(['example_dynamic_task_mapping_with_no_taskflow_operators']) retrieved from /home/joestar/Documents/projects/airflow_etl/airflow_env/lib/python3.8/site-packages/airflow/example_dags/example_dynamic_task_mapping_with_no_taskflow_operators.py
[2023-09-14T17:13:25.822+0100] {logging_mixin.py:151} INFO - [2023-09-14T17:13:25.822+0100] {dag.py:2915} INFO - Sync 1 DAGs
[2023-09-14T17:13:25.851+0100] {logging_mixin.py:151} INFO - [2023-09-14T17:13:25.851+0100] {dag.py:3696} INFO - Setting next_dagrun for example_dynamic_task_mapping_with_no_taskflow_operators to 2023-09-13T16:13:25.851159+00:00, run_after=2023-09-14T16:13:25.851159+00:00
[2023-09-14T17:13:25.891+0100] {processor.py:179} INFO - Processing /home/joestar/Documents/projects/airflow_etl/airflow_env/lib/python3.8/site-packages/airflow/example_dags/example_dynamic_task_mapping_with_no_taskflow_operators.py took 0.106 seconds
[2023-09-14T17:14:23.165+0100] {processor.py:157} INFO - Started process (PID=25196) to work on /home/joestar/Documents/projects/airflow_etl/airflow_env/lib/python3.8/site-packages/airflow/example_dags/example_dynamic_task_mapping_with_no_taskflow_operators.py
[2023-09-14T17:14:23.166+0100] {processor.py:829} INFO - Processing file /home/joestar/Documents/projects/airflow_etl/airflow_env/lib/python3.8/site-packages/airflow/example_dags/example_dynamic_task_mapping_with_no_taskflow_operators.py for tasks to queue
[2023-09-14T17:14:23.168+0100] {logging_mixin.py:151} INFO - [2023-09-14T17:14:23.167+0100] {dagbag.py:539} INFO - Filling up the DagBag from /home/joestar/Documents/projects/airflow_etl/airflow_env/lib/python3.8/site-packages/airflow/example_dags/example_dynamic_task_mapping_with_no_taskflow_operators.py
[2023-09-14T17:14:23.176+0100] {processor.py:839} INFO - DAG(s) dict_keys(['example_dynamic_task_mapping_with_no_taskflow_operators']) retrieved from /home/joestar/Documents/projects/airflow_etl/airflow_env/lib/python3.8/site-packages/airflow/example_dags/example_dynamic_task_mapping_with_no_taskflow_operators.py
[2023-09-14T17:14:23.188+0100] {logging_mixin.py:151} INFO - [2023-09-14T17:14:23.188+0100] {dag.py:2915} INFO - Sync 1 DAGs
[2023-09-14T17:14:23.204+0100] {logging_mixin.py:151} INFO - [2023-09-14T17:14:23.204+0100] {dag.py:3696} INFO - Setting next_dagrun for example_dynamic_task_mapping_with_no_taskflow_operators to 2023-09-13T16:14:23.204308+00:00, run_after=2023-09-14T16:14:23.204308+00:00
[2023-09-14T17:14:23.236+0100] {processor.py:179} INFO - Processing /home/joestar/Documents/projects/airflow_etl/airflow_env/lib/python3.8/site-packages/airflow/example_dags/example_dynamic_task_mapping_with_no_taskflow_operators.py took 0.075 seconds
[2023-09-14T17:15:21.511+0100] {processor.py:157} INFO - Started process (PID=25899) to work on /home/joestar/Documents/projects/airflow_etl/airflow_env/lib/python3.8/site-packages/airflow/example_dags/example_dynamic_task_mapping_with_no_taskflow_operators.py
[2023-09-14T17:15:21.512+0100] {processor.py:829} INFO - Processing file /home/joestar/Documents/projects/airflow_etl/airflow_env/lib/python3.8/site-packages/airflow/example_dags/example_dynamic_task_mapping_with_no_taskflow_operators.py for tasks to queue
[2023-09-14T17:15:21.513+0100] {logging_mixin.py:151} INFO - [2023-09-14T17:15:21.513+0100] {dagbag.py:539} INFO - Filling up the DagBag from /home/joestar/Documents/projects/airflow_etl/airflow_env/lib/python3.8/site-packages/airflow/example_dags/example_dynamic_task_mapping_with_no_taskflow_operators.py
[2023-09-14T17:15:21.522+0100] {processor.py:839} INFO - DAG(s) dict_keys(['example_dynamic_task_mapping_with_no_taskflow_operators']) retrieved from /home/joestar/Documents/projects/airflow_etl/airflow_env/lib/python3.8/site-packages/airflow/example_dags/example_dynamic_task_mapping_with_no_taskflow_operators.py
[2023-09-14T17:15:21.543+0100] {logging_mixin.py:151} INFO - [2023-09-14T17:15:21.543+0100] {dag.py:2915} INFO - Sync 1 DAGs
[2023-09-14T17:15:21.579+0100] {logging_mixin.py:151} INFO - [2023-09-14T17:15:21.577+0100] {dag.py:3696} INFO - Setting next_dagrun for example_dynamic_task_mapping_with_no_taskflow_operators to 2023-09-13T16:15:21.574719+00:00, run_after=2023-09-14T16:15:21.574719+00:00
[2023-09-14T17:15:21.631+0100] {processor.py:179} INFO - Processing /home/joestar/Documents/projects/airflow_etl/airflow_env/lib/python3.8/site-packages/airflow/example_dags/example_dynamic_task_mapping_with_no_taskflow_operators.py took 0.124 seconds
[2023-09-14T17:16:15.920+0100] {processor.py:157} INFO - Started process (PID=26144) to work on /home/joestar/Documents/projects/airflow_etl/airflow_env/lib/python3.8/site-packages/airflow/example_dags/example_dynamic_task_mapping_with_no_taskflow_operators.py
[2023-09-14T17:16:15.922+0100] {processor.py:829} INFO - Processing file /home/joestar/Documents/projects/airflow_etl/airflow_env/lib/python3.8/site-packages/airflow/example_dags/example_dynamic_task_mapping_with_no_taskflow_operators.py for tasks to queue
[2023-09-14T17:16:15.924+0100] {logging_mixin.py:151} INFO - [2023-09-14T17:16:15.923+0100] {dagbag.py:539} INFO - Filling up the DagBag from /home/joestar/Documents/projects/airflow_etl/airflow_env/lib/python3.8/site-packages/airflow/example_dags/example_dynamic_task_mapping_with_no_taskflow_operators.py
[2023-09-14T17:16:15.937+0100] {processor.py:839} INFO - DAG(s) dict_keys(['example_dynamic_task_mapping_with_no_taskflow_operators']) retrieved from /home/joestar/Documents/projects/airflow_etl/airflow_env/lib/python3.8/site-packages/airflow/example_dags/example_dynamic_task_mapping_with_no_taskflow_operators.py
[2023-09-14T17:16:15.963+0100] {logging_mixin.py:151} INFO - [2023-09-14T17:16:15.963+0100] {dag.py:2915} INFO - Sync 1 DAGs
[2023-09-14T17:16:16.006+0100] {logging_mixin.py:151} INFO - [2023-09-14T17:16:16.006+0100] {dag.py:3696} INFO - Setting next_dagrun for example_dynamic_task_mapping_with_no_taskflow_operators to 2023-09-13T16:16:16.006018+00:00, run_after=2023-09-14T16:16:16.006018+00:00
[2023-09-14T17:16:16.047+0100] {processor.py:179} INFO - Processing /home/joestar/Documents/projects/airflow_etl/airflow_env/lib/python3.8/site-packages/airflow/example_dags/example_dynamic_task_mapping_with_no_taskflow_operators.py took 0.131 seconds
[2023-09-14T17:17:08.123+0100] {processor.py:157} INFO - Started process (PID=26392) to work on /home/joestar/Documents/projects/airflow_etl/airflow_env/lib/python3.8/site-packages/airflow/example_dags/example_dynamic_task_mapping_with_no_taskflow_operators.py
[2023-09-14T17:17:08.125+0100] {processor.py:829} INFO - Processing file /home/joestar/Documents/projects/airflow_etl/airflow_env/lib/python3.8/site-packages/airflow/example_dags/example_dynamic_task_mapping_with_no_taskflow_operators.py for tasks to queue
[2023-09-14T17:17:08.126+0100] {logging_mixin.py:151} INFO - [2023-09-14T17:17:08.125+0100] {dagbag.py:539} INFO - Filling up the DagBag from /home/joestar/Documents/projects/airflow_etl/airflow_env/lib/python3.8/site-packages/airflow/example_dags/example_dynamic_task_mapping_with_no_taskflow_operators.py
[2023-09-14T17:17:08.136+0100] {processor.py:839} INFO - DAG(s) dict_keys(['example_dynamic_task_mapping_with_no_taskflow_operators']) retrieved from /home/joestar/Documents/projects/airflow_etl/airflow_env/lib/python3.8/site-packages/airflow/example_dags/example_dynamic_task_mapping_with_no_taskflow_operators.py
[2023-09-14T17:17:08.156+0100] {logging_mixin.py:151} INFO - [2023-09-14T17:17:08.156+0100] {dag.py:2915} INFO - Sync 1 DAGs
[2023-09-14T17:17:08.177+0100] {logging_mixin.py:151} INFO - [2023-09-14T17:17:08.177+0100] {dag.py:3696} INFO - Setting next_dagrun for example_dynamic_task_mapping_with_no_taskflow_operators to 2023-09-13T16:17:08.177166+00:00, run_after=2023-09-14T16:17:08.177166+00:00
[2023-09-14T17:17:08.202+0100] {processor.py:179} INFO - Processing /home/joestar/Documents/projects/airflow_etl/airflow_env/lib/python3.8/site-packages/airflow/example_dags/example_dynamic_task_mapping_with_no_taskflow_operators.py took 0.084 seconds
[2023-09-14T17:17:58.657+0100] {processor.py:157} INFO - Started process (PID=26690) to work on /home/joestar/Documents/projects/airflow_etl/airflow_env/lib/python3.8/site-packages/airflow/example_dags/example_dynamic_task_mapping_with_no_taskflow_operators.py
[2023-09-14T17:17:58.658+0100] {processor.py:829} INFO - Processing file /home/joestar/Documents/projects/airflow_etl/airflow_env/lib/python3.8/site-packages/airflow/example_dags/example_dynamic_task_mapping_with_no_taskflow_operators.py for tasks to queue
[2023-09-14T17:17:58.659+0100] {logging_mixin.py:151} INFO - [2023-09-14T17:17:58.658+0100] {dagbag.py:539} INFO - Filling up the DagBag from /home/joestar/Documents/projects/airflow_etl/airflow_env/lib/python3.8/site-packages/airflow/example_dags/example_dynamic_task_mapping_with_no_taskflow_operators.py
[2023-09-14T17:17:58.667+0100] {processor.py:839} INFO - DAG(s) dict_keys(['example_dynamic_task_mapping_with_no_taskflow_operators']) retrieved from /home/joestar/Documents/projects/airflow_etl/airflow_env/lib/python3.8/site-packages/airflow/example_dags/example_dynamic_task_mapping_with_no_taskflow_operators.py
[2023-09-14T17:17:58.683+0100] {logging_mixin.py:151} INFO - [2023-09-14T17:17:58.683+0100] {dag.py:2915} INFO - Sync 1 DAGs
[2023-09-14T17:17:58.708+0100] {logging_mixin.py:151} INFO - [2023-09-14T17:17:58.708+0100] {dag.py:3696} INFO - Setting next_dagrun for example_dynamic_task_mapping_with_no_taskflow_operators to 2023-09-13T16:17:58.707791+00:00, run_after=2023-09-14T16:17:58.707791+00:00
[2023-09-14T17:17:58.735+0100] {processor.py:179} INFO - Processing /home/joestar/Documents/projects/airflow_etl/airflow_env/lib/python3.8/site-packages/airflow/example_dags/example_dynamic_task_mapping_with_no_taskflow_operators.py took 0.082 seconds
[2023-09-14T17:18:48.535+0100] {processor.py:157} INFO - Started process (PID=27098) to work on /home/joestar/Documents/projects/airflow_etl/airflow_env/lib/python3.8/site-packages/airflow/example_dags/example_dynamic_task_mapping_with_no_taskflow_operators.py
[2023-09-14T17:18:48.543+0100] {processor.py:829} INFO - Processing file /home/joestar/Documents/projects/airflow_etl/airflow_env/lib/python3.8/site-packages/airflow/example_dags/example_dynamic_task_mapping_with_no_taskflow_operators.py for tasks to queue
[2023-09-14T17:18:48.545+0100] {logging_mixin.py:151} INFO - [2023-09-14T17:18:48.544+0100] {dagbag.py:539} INFO - Filling up the DagBag from /home/joestar/Documents/projects/airflow_etl/airflow_env/lib/python3.8/site-packages/airflow/example_dags/example_dynamic_task_mapping_with_no_taskflow_operators.py
[2023-09-14T17:18:48.574+0100] {processor.py:839} INFO - DAG(s) dict_keys(['example_dynamic_task_mapping_with_no_taskflow_operators']) retrieved from /home/joestar/Documents/projects/airflow_etl/airflow_env/lib/python3.8/site-packages/airflow/example_dags/example_dynamic_task_mapping_with_no_taskflow_operators.py
[2023-09-14T17:18:48.658+0100] {logging_mixin.py:151} INFO - [2023-09-14T17:18:48.657+0100] {dag.py:2915} INFO - Sync 1 DAGs
[2023-09-14T17:18:48.741+0100] {logging_mixin.py:151} INFO - [2023-09-14T17:18:48.741+0100] {dag.py:3696} INFO - Setting next_dagrun for example_dynamic_task_mapping_with_no_taskflow_operators to 2023-09-13T16:18:48.741033+00:00, run_after=2023-09-14T16:18:48.741033+00:00
[2023-09-14T17:18:48.819+0100] {processor.py:179} INFO - Processing /home/joestar/Documents/projects/airflow_etl/airflow_env/lib/python3.8/site-packages/airflow/example_dags/example_dynamic_task_mapping_with_no_taskflow_operators.py took 0.295 seconds
[2023-09-14T17:19:51.052+0100] {processor.py:157} INFO - Started process (PID=27411) to work on /home/joestar/Documents/projects/airflow_etl/airflow_env/lib/python3.8/site-packages/airflow/example_dags/example_dynamic_task_mapping_with_no_taskflow_operators.py
[2023-09-14T17:19:51.053+0100] {processor.py:829} INFO - Processing file /home/joestar/Documents/projects/airflow_etl/airflow_env/lib/python3.8/site-packages/airflow/example_dags/example_dynamic_task_mapping_with_no_taskflow_operators.py for tasks to queue
[2023-09-14T17:19:51.054+0100] {logging_mixin.py:151} INFO - [2023-09-14T17:19:51.053+0100] {dagbag.py:539} INFO - Filling up the DagBag from /home/joestar/Documents/projects/airflow_etl/airflow_env/lib/python3.8/site-packages/airflow/example_dags/example_dynamic_task_mapping_with_no_taskflow_operators.py
[2023-09-14T17:19:51.062+0100] {processor.py:839} INFO - DAG(s) dict_keys(['example_dynamic_task_mapping_with_no_taskflow_operators']) retrieved from /home/joestar/Documents/projects/airflow_etl/airflow_env/lib/python3.8/site-packages/airflow/example_dags/example_dynamic_task_mapping_with_no_taskflow_operators.py
[2023-09-14T17:19:51.078+0100] {logging_mixin.py:151} INFO - [2023-09-14T17:19:51.078+0100] {dag.py:2915} INFO - Sync 1 DAGs
[2023-09-14T17:19:51.106+0100] {logging_mixin.py:151} INFO - [2023-09-14T17:19:51.106+0100] {dag.py:3696} INFO - Setting next_dagrun for example_dynamic_task_mapping_with_no_taskflow_operators to 2023-09-13T16:19:51.106333+00:00, run_after=2023-09-14T16:19:51.106333+00:00
[2023-09-14T17:19:51.140+0100] {processor.py:179} INFO - Processing /home/joestar/Documents/projects/airflow_etl/airflow_env/lib/python3.8/site-packages/airflow/example_dags/example_dynamic_task_mapping_with_no_taskflow_operators.py took 0.091 seconds
[2023-09-14T17:20:41.754+0100] {processor.py:157} INFO - Started process (PID=27613) to work on /home/joestar/Documents/projects/airflow_etl/airflow_env/lib/python3.8/site-packages/airflow/example_dags/example_dynamic_task_mapping_with_no_taskflow_operators.py
[2023-09-14T17:20:41.755+0100] {processor.py:829} INFO - Processing file /home/joestar/Documents/projects/airflow_etl/airflow_env/lib/python3.8/site-packages/airflow/example_dags/example_dynamic_task_mapping_with_no_taskflow_operators.py for tasks to queue
[2023-09-14T17:20:41.756+0100] {logging_mixin.py:151} INFO - [2023-09-14T17:20:41.756+0100] {dagbag.py:539} INFO - Filling up the DagBag from /home/joestar/Documents/projects/airflow_etl/airflow_env/lib/python3.8/site-packages/airflow/example_dags/example_dynamic_task_mapping_with_no_taskflow_operators.py
[2023-09-14T17:20:41.765+0100] {processor.py:839} INFO - DAG(s) dict_keys(['example_dynamic_task_mapping_with_no_taskflow_operators']) retrieved from /home/joestar/Documents/projects/airflow_etl/airflow_env/lib/python3.8/site-packages/airflow/example_dags/example_dynamic_task_mapping_with_no_taskflow_operators.py
[2023-09-14T17:20:41.779+0100] {logging_mixin.py:151} INFO - [2023-09-14T17:20:41.779+0100] {dag.py:2915} INFO - Sync 1 DAGs
[2023-09-14T17:20:41.798+0100] {logging_mixin.py:151} INFO - [2023-09-14T17:20:41.798+0100] {dag.py:3696} INFO - Setting next_dagrun for example_dynamic_task_mapping_with_no_taskflow_operators to 2023-09-13T16:20:41.797841+00:00, run_after=2023-09-14T16:20:41.797841+00:00
[2023-09-14T17:20:41.822+0100] {processor.py:179} INFO - Processing /home/joestar/Documents/projects/airflow_etl/airflow_env/lib/python3.8/site-packages/airflow/example_dags/example_dynamic_task_mapping_with_no_taskflow_operators.py took 0.072 seconds
[2023-09-14T17:21:33.575+0100] {processor.py:157} INFO - Started process (PID=27849) to work on /home/joestar/Documents/projects/airflow_etl/airflow_env/lib/python3.8/site-packages/airflow/example_dags/example_dynamic_task_mapping_with_no_taskflow_operators.py
[2023-09-14T17:21:33.577+0100] {processor.py:829} INFO - Processing file /home/joestar/Documents/projects/airflow_etl/airflow_env/lib/python3.8/site-packages/airflow/example_dags/example_dynamic_task_mapping_with_no_taskflow_operators.py for tasks to queue
[2023-09-14T17:21:33.579+0100] {logging_mixin.py:151} INFO - [2023-09-14T17:21:33.578+0100] {dagbag.py:539} INFO - Filling up the DagBag from /home/joestar/Documents/projects/airflow_etl/airflow_env/lib/python3.8/site-packages/airflow/example_dags/example_dynamic_task_mapping_with_no_taskflow_operators.py
[2023-09-14T17:21:33.594+0100] {processor.py:839} INFO - DAG(s) dict_keys(['example_dynamic_task_mapping_with_no_taskflow_operators']) retrieved from /home/joestar/Documents/projects/airflow_etl/airflow_env/lib/python3.8/site-packages/airflow/example_dags/example_dynamic_task_mapping_with_no_taskflow_operators.py
[2023-09-14T17:21:33.613+0100] {logging_mixin.py:151} INFO - [2023-09-14T17:21:33.612+0100] {dag.py:2915} INFO - Sync 1 DAGs
[2023-09-14T17:21:33.630+0100] {logging_mixin.py:151} INFO - [2023-09-14T17:21:33.630+0100] {dag.py:3696} INFO - Setting next_dagrun for example_dynamic_task_mapping_with_no_taskflow_operators to 2023-09-13T16:21:33.629948+00:00, run_after=2023-09-14T16:21:33.629948+00:00
[2023-09-14T17:21:33.653+0100] {processor.py:179} INFO - Processing /home/joestar/Documents/projects/airflow_etl/airflow_env/lib/python3.8/site-packages/airflow/example_dags/example_dynamic_task_mapping_with_no_taskflow_operators.py took 0.084 seconds
[2023-09-14T17:22:25.862+0100] {processor.py:157} INFO - Started process (PID=28066) to work on /home/joestar/Documents/projects/airflow_etl/airflow_env/lib/python3.8/site-packages/airflow/example_dags/example_dynamic_task_mapping_with_no_taskflow_operators.py
[2023-09-14T17:22:25.863+0100] {processor.py:829} INFO - Processing file /home/joestar/Documents/projects/airflow_etl/airflow_env/lib/python3.8/site-packages/airflow/example_dags/example_dynamic_task_mapping_with_no_taskflow_operators.py for tasks to queue
[2023-09-14T17:22:25.864+0100] {logging_mixin.py:151} INFO - [2023-09-14T17:22:25.864+0100] {dagbag.py:539} INFO - Filling up the DagBag from /home/joestar/Documents/projects/airflow_etl/airflow_env/lib/python3.8/site-packages/airflow/example_dags/example_dynamic_task_mapping_with_no_taskflow_operators.py
[2023-09-14T17:22:25.874+0100] {processor.py:839} INFO - DAG(s) dict_keys(['example_dynamic_task_mapping_with_no_taskflow_operators']) retrieved from /home/joestar/Documents/projects/airflow_etl/airflow_env/lib/python3.8/site-packages/airflow/example_dags/example_dynamic_task_mapping_with_no_taskflow_operators.py
[2023-09-14T17:22:25.894+0100] {logging_mixin.py:151} INFO - [2023-09-14T17:22:25.894+0100] {dag.py:2915} INFO - Sync 1 DAGs
[2023-09-14T17:22:25.930+0100] {logging_mixin.py:151} INFO - [2023-09-14T17:22:25.930+0100] {dag.py:3696} INFO - Setting next_dagrun for example_dynamic_task_mapping_with_no_taskflow_operators to 2023-09-13T16:22:25.930250+00:00, run_after=2023-09-14T16:22:25.930250+00:00
[2023-09-14T17:22:25.972+0100] {processor.py:179} INFO - Processing /home/joestar/Documents/projects/airflow_etl/airflow_env/lib/python3.8/site-packages/airflow/example_dags/example_dynamic_task_mapping_with_no_taskflow_operators.py took 0.114 seconds
[2023-09-14T17:23:19.432+0100] {processor.py:157} INFO - Started process (PID=28318) to work on /home/joestar/Documents/projects/airflow_etl/airflow_env/lib/python3.8/site-packages/airflow/example_dags/example_dynamic_task_mapping_with_no_taskflow_operators.py
[2023-09-14T17:23:19.433+0100] {processor.py:829} INFO - Processing file /home/joestar/Documents/projects/airflow_etl/airflow_env/lib/python3.8/site-packages/airflow/example_dags/example_dynamic_task_mapping_with_no_taskflow_operators.py for tasks to queue
[2023-09-14T17:23:19.434+0100] {logging_mixin.py:151} INFO - [2023-09-14T17:23:19.434+0100] {dagbag.py:539} INFO - Filling up the DagBag from /home/joestar/Documents/projects/airflow_etl/airflow_env/lib/python3.8/site-packages/airflow/example_dags/example_dynamic_task_mapping_with_no_taskflow_operators.py
[2023-09-14T17:23:19.452+0100] {processor.py:839} INFO - DAG(s) dict_keys(['example_dynamic_task_mapping_with_no_taskflow_operators']) retrieved from /home/joestar/Documents/projects/airflow_etl/airflow_env/lib/python3.8/site-packages/airflow/example_dags/example_dynamic_task_mapping_with_no_taskflow_operators.py
[2023-09-14T17:23:19.489+0100] {logging_mixin.py:151} INFO - [2023-09-14T17:23:19.489+0100] {dag.py:2915} INFO - Sync 1 DAGs
[2023-09-14T17:23:19.541+0100] {logging_mixin.py:151} INFO - [2023-09-14T17:23:19.540+0100] {dag.py:3696} INFO - Setting next_dagrun for example_dynamic_task_mapping_with_no_taskflow_operators to 2023-09-13T16:23:19.539668+00:00, run_after=2023-09-14T16:23:19.539668+00:00
[2023-09-14T17:23:19.602+0100] {processor.py:179} INFO - Processing /home/joestar/Documents/projects/airflow_etl/airflow_env/lib/python3.8/site-packages/airflow/example_dags/example_dynamic_task_mapping_with_no_taskflow_operators.py took 0.180 seconds
[2023-09-14T17:24:19.388+0100] {processor.py:157} INFO - Started process (PID=28577) to work on /home/joestar/Documents/projects/airflow_etl/airflow_env/lib/python3.8/site-packages/airflow/example_dags/example_dynamic_task_mapping_with_no_taskflow_operators.py
[2023-09-14T17:24:19.389+0100] {processor.py:829} INFO - Processing file /home/joestar/Documents/projects/airflow_etl/airflow_env/lib/python3.8/site-packages/airflow/example_dags/example_dynamic_task_mapping_with_no_taskflow_operators.py for tasks to queue
[2023-09-14T17:24:19.390+0100] {logging_mixin.py:151} INFO - [2023-09-14T17:24:19.390+0100] {dagbag.py:539} INFO - Filling up the DagBag from /home/joestar/Documents/projects/airflow_etl/airflow_env/lib/python3.8/site-packages/airflow/example_dags/example_dynamic_task_mapping_with_no_taskflow_operators.py
[2023-09-14T17:24:19.397+0100] {processor.py:839} INFO - DAG(s) dict_keys(['example_dynamic_task_mapping_with_no_taskflow_operators']) retrieved from /home/joestar/Documents/projects/airflow_etl/airflow_env/lib/python3.8/site-packages/airflow/example_dags/example_dynamic_task_mapping_with_no_taskflow_operators.py
[2023-09-14T17:24:19.413+0100] {logging_mixin.py:151} INFO - [2023-09-14T17:24:19.413+0100] {dag.py:2915} INFO - Sync 1 DAGs
[2023-09-14T17:24:19.437+0100] {logging_mixin.py:151} INFO - [2023-09-14T17:24:19.437+0100] {dag.py:3696} INFO - Setting next_dagrun for example_dynamic_task_mapping_with_no_taskflow_operators to 2023-09-13T16:24:19.436936+00:00, run_after=2023-09-14T16:24:19.436936+00:00
[2023-09-14T17:24:19.466+0100] {processor.py:179} INFO - Processing /home/joestar/Documents/projects/airflow_etl/airflow_env/lib/python3.8/site-packages/airflow/example_dags/example_dynamic_task_mapping_with_no_taskflow_operators.py took 0.082 seconds
[2023-09-14T17:25:17.636+0100] {processor.py:157} INFO - Started process (PID=28814) to work on /home/joestar/Documents/projects/airflow_etl/airflow_env/lib/python3.8/site-packages/airflow/example_dags/example_dynamic_task_mapping_with_no_taskflow_operators.py
[2023-09-14T17:25:17.637+0100] {processor.py:829} INFO - Processing file /home/joestar/Documents/projects/airflow_etl/airflow_env/lib/python3.8/site-packages/airflow/example_dags/example_dynamic_task_mapping_with_no_taskflow_operators.py for tasks to queue
[2023-09-14T17:25:17.638+0100] {logging_mixin.py:151} INFO - [2023-09-14T17:25:17.638+0100] {dagbag.py:539} INFO - Filling up the DagBag from /home/joestar/Documents/projects/airflow_etl/airflow_env/lib/python3.8/site-packages/airflow/example_dags/example_dynamic_task_mapping_with_no_taskflow_operators.py
[2023-09-14T17:25:17.646+0100] {processor.py:839} INFO - DAG(s) dict_keys(['example_dynamic_task_mapping_with_no_taskflow_operators']) retrieved from /home/joestar/Documents/projects/airflow_etl/airflow_env/lib/python3.8/site-packages/airflow/example_dags/example_dynamic_task_mapping_with_no_taskflow_operators.py
[2023-09-14T17:25:17.661+0100] {logging_mixin.py:151} INFO - [2023-09-14T17:25:17.661+0100] {dag.py:2915} INFO - Sync 1 DAGs
[2023-09-14T17:25:17.681+0100] {logging_mixin.py:151} INFO - [2023-09-14T17:25:17.680+0100] {dag.py:3696} INFO - Setting next_dagrun for example_dynamic_task_mapping_with_no_taskflow_operators to 2023-09-13T16:25:17.680545+00:00, run_after=2023-09-14T16:25:17.680545+00:00
[2023-09-14T17:25:17.757+0100] {processor.py:179} INFO - Processing /home/joestar/Documents/projects/airflow_etl/airflow_env/lib/python3.8/site-packages/airflow/example_dags/example_dynamic_task_mapping_with_no_taskflow_operators.py took 0.124 seconds
[2023-09-14T17:26:10.354+0100] {processor.py:157} INFO - Started process (PID=29045) to work on /home/joestar/Documents/projects/airflow_etl/airflow_env/lib/python3.8/site-packages/airflow/example_dags/example_dynamic_task_mapping_with_no_taskflow_operators.py
[2023-09-14T17:26:10.355+0100] {processor.py:829} INFO - Processing file /home/joestar/Documents/projects/airflow_etl/airflow_env/lib/python3.8/site-packages/airflow/example_dags/example_dynamic_task_mapping_with_no_taskflow_operators.py for tasks to queue
[2023-09-14T17:26:10.357+0100] {logging_mixin.py:151} INFO - [2023-09-14T17:26:10.356+0100] {dagbag.py:539} INFO - Filling up the DagBag from /home/joestar/Documents/projects/airflow_etl/airflow_env/lib/python3.8/site-packages/airflow/example_dags/example_dynamic_task_mapping_with_no_taskflow_operators.py
[2023-09-14T17:26:10.365+0100] {processor.py:839} INFO - DAG(s) dict_keys(['example_dynamic_task_mapping_with_no_taskflow_operators']) retrieved from /home/joestar/Documents/projects/airflow_etl/airflow_env/lib/python3.8/site-packages/airflow/example_dags/example_dynamic_task_mapping_with_no_taskflow_operators.py
[2023-09-14T17:26:10.378+0100] {logging_mixin.py:151} INFO - [2023-09-14T17:26:10.378+0100] {dag.py:2915} INFO - Sync 1 DAGs
[2023-09-14T17:26:10.399+0100] {logging_mixin.py:151} INFO - [2023-09-14T17:26:10.398+0100] {dag.py:3696} INFO - Setting next_dagrun for example_dynamic_task_mapping_with_no_taskflow_operators to 2023-09-13T16:26:10.398632+00:00, run_after=2023-09-14T16:26:10.398632+00:00
[2023-09-14T17:26:10.421+0100] {processor.py:179} INFO - Processing /home/joestar/Documents/projects/airflow_etl/airflow_env/lib/python3.8/site-packages/airflow/example_dags/example_dynamic_task_mapping_with_no_taskflow_operators.py took 0.069 seconds
[2023-09-14T17:27:03.824+0100] {processor.py:157} INFO - Started process (PID=29291) to work on /home/joestar/Documents/projects/airflow_etl/airflow_env/lib/python3.8/site-packages/airflow/example_dags/example_dynamic_task_mapping_with_no_taskflow_operators.py
[2023-09-14T17:27:03.827+0100] {processor.py:829} INFO - Processing file /home/joestar/Documents/projects/airflow_etl/airflow_env/lib/python3.8/site-packages/airflow/example_dags/example_dynamic_task_mapping_with_no_taskflow_operators.py for tasks to queue
[2023-09-14T17:27:03.829+0100] {logging_mixin.py:151} INFO - [2023-09-14T17:27:03.829+0100] {dagbag.py:539} INFO - Filling up the DagBag from /home/joestar/Documents/projects/airflow_etl/airflow_env/lib/python3.8/site-packages/airflow/example_dags/example_dynamic_task_mapping_with_no_taskflow_operators.py
[2023-09-14T17:27:03.838+0100] {processor.py:839} INFO - DAG(s) dict_keys(['example_dynamic_task_mapping_with_no_taskflow_operators']) retrieved from /home/joestar/Documents/projects/airflow_etl/airflow_env/lib/python3.8/site-packages/airflow/example_dags/example_dynamic_task_mapping_with_no_taskflow_operators.py
[2023-09-14T17:27:03.856+0100] {logging_mixin.py:151} INFO - [2023-09-14T17:27:03.856+0100] {dag.py:2915} INFO - Sync 1 DAGs
[2023-09-14T17:27:03.874+0100] {logging_mixin.py:151} INFO - [2023-09-14T17:27:03.874+0100] {dag.py:3696} INFO - Setting next_dagrun for example_dynamic_task_mapping_with_no_taskflow_operators to 2023-09-13T16:27:03.874585+00:00, run_after=2023-09-14T16:27:03.874585+00:00
[2023-09-14T17:27:03.905+0100] {processor.py:179} INFO - Processing /home/joestar/Documents/projects/airflow_etl/airflow_env/lib/python3.8/site-packages/airflow/example_dags/example_dynamic_task_mapping_with_no_taskflow_operators.py took 0.083 seconds
[2023-09-14T17:28:00.886+0100] {processor.py:157} INFO - Started process (PID=29538) to work on /home/joestar/Documents/projects/airflow_etl/airflow_env/lib/python3.8/site-packages/airflow/example_dags/example_dynamic_task_mapping_with_no_taskflow_operators.py
[2023-09-14T17:28:00.887+0100] {processor.py:829} INFO - Processing file /home/joestar/Documents/projects/airflow_etl/airflow_env/lib/python3.8/site-packages/airflow/example_dags/example_dynamic_task_mapping_with_no_taskflow_operators.py for tasks to queue
[2023-09-14T17:28:00.888+0100] {logging_mixin.py:151} INFO - [2023-09-14T17:28:00.888+0100] {dagbag.py:539} INFO - Filling up the DagBag from /home/joestar/Documents/projects/airflow_etl/airflow_env/lib/python3.8/site-packages/airflow/example_dags/example_dynamic_task_mapping_with_no_taskflow_operators.py
[2023-09-14T17:28:00.895+0100] {processor.py:839} INFO - DAG(s) dict_keys(['example_dynamic_task_mapping_with_no_taskflow_operators']) retrieved from /home/joestar/Documents/projects/airflow_etl/airflow_env/lib/python3.8/site-packages/airflow/example_dags/example_dynamic_task_mapping_with_no_taskflow_operators.py
[2023-09-14T17:28:00.916+0100] {logging_mixin.py:151} INFO - [2023-09-14T17:28:00.916+0100] {dag.py:2915} INFO - Sync 1 DAGs
[2023-09-14T17:28:00.937+0100] {logging_mixin.py:151} INFO - [2023-09-14T17:28:00.937+0100] {dag.py:3696} INFO - Setting next_dagrun for example_dynamic_task_mapping_with_no_taskflow_operators to 2023-09-13T16:28:00.937087+00:00, run_after=2023-09-14T16:28:00.937087+00:00
[2023-09-14T17:28:00.966+0100] {processor.py:179} INFO - Processing /home/joestar/Documents/projects/airflow_etl/airflow_env/lib/python3.8/site-packages/airflow/example_dags/example_dynamic_task_mapping_with_no_taskflow_operators.py took 0.082 seconds
[2023-09-14T17:28:52.364+0100] {processor.py:157} INFO - Started process (PID=29760) to work on /home/joestar/Documents/projects/airflow_etl/airflow_env/lib/python3.8/site-packages/airflow/example_dags/example_dynamic_task_mapping_with_no_taskflow_operators.py
[2023-09-14T17:28:52.365+0100] {processor.py:829} INFO - Processing file /home/joestar/Documents/projects/airflow_etl/airflow_env/lib/python3.8/site-packages/airflow/example_dags/example_dynamic_task_mapping_with_no_taskflow_operators.py for tasks to queue
[2023-09-14T17:28:52.366+0100] {logging_mixin.py:151} INFO - [2023-09-14T17:28:52.365+0100] {dagbag.py:539} INFO - Filling up the DagBag from /home/joestar/Documents/projects/airflow_etl/airflow_env/lib/python3.8/site-packages/airflow/example_dags/example_dynamic_task_mapping_with_no_taskflow_operators.py
[2023-09-14T17:28:52.376+0100] {processor.py:839} INFO - DAG(s) dict_keys(['example_dynamic_task_mapping_with_no_taskflow_operators']) retrieved from /home/joestar/Documents/projects/airflow_etl/airflow_env/lib/python3.8/site-packages/airflow/example_dags/example_dynamic_task_mapping_with_no_taskflow_operators.py
[2023-09-14T17:28:52.391+0100] {logging_mixin.py:151} INFO - [2023-09-14T17:28:52.391+0100] {dag.py:2915} INFO - Sync 1 DAGs
[2023-09-14T17:28:52.410+0100] {logging_mixin.py:151} INFO - [2023-09-14T17:28:52.409+0100] {dag.py:3696} INFO - Setting next_dagrun for example_dynamic_task_mapping_with_no_taskflow_operators to 2023-09-13T16:28:52.409745+00:00, run_after=2023-09-14T16:28:52.409745+00:00
[2023-09-14T17:28:52.435+0100] {processor.py:179} INFO - Processing /home/joestar/Documents/projects/airflow_etl/airflow_env/lib/python3.8/site-packages/airflow/example_dags/example_dynamic_task_mapping_with_no_taskflow_operators.py took 0.074 seconds
[2023-09-14T17:29:43.877+0100] {processor.py:157} INFO - Started process (PID=30008) to work on /home/joestar/Documents/projects/airflow_etl/airflow_env/lib/python3.8/site-packages/airflow/example_dags/example_dynamic_task_mapping_with_no_taskflow_operators.py
[2023-09-14T17:29:43.878+0100] {processor.py:829} INFO - Processing file /home/joestar/Documents/projects/airflow_etl/airflow_env/lib/python3.8/site-packages/airflow/example_dags/example_dynamic_task_mapping_with_no_taskflow_operators.py for tasks to queue
[2023-09-14T17:29:43.880+0100] {logging_mixin.py:151} INFO - [2023-09-14T17:29:43.879+0100] {dagbag.py:539} INFO - Filling up the DagBag from /home/joestar/Documents/projects/airflow_etl/airflow_env/lib/python3.8/site-packages/airflow/example_dags/example_dynamic_task_mapping_with_no_taskflow_operators.py
[2023-09-14T17:29:43.890+0100] {processor.py:839} INFO - DAG(s) dict_keys(['example_dynamic_task_mapping_with_no_taskflow_operators']) retrieved from /home/joestar/Documents/projects/airflow_etl/airflow_env/lib/python3.8/site-packages/airflow/example_dags/example_dynamic_task_mapping_with_no_taskflow_operators.py
[2023-09-14T17:29:43.913+0100] {logging_mixin.py:151} INFO - [2023-09-14T17:29:43.913+0100] {dag.py:2915} INFO - Sync 1 DAGs
[2023-09-14T17:29:43.947+0100] {logging_mixin.py:151} INFO - [2023-09-14T17:29:43.946+0100] {dag.py:3696} INFO - Setting next_dagrun for example_dynamic_task_mapping_with_no_taskflow_operators to 2023-09-13T16:29:43.946398+00:00, run_after=2023-09-14T16:29:43.946398+00:00
[2023-09-14T17:29:43.980+0100] {processor.py:179} INFO - Processing /home/joestar/Documents/projects/airflow_etl/airflow_env/lib/python3.8/site-packages/airflow/example_dags/example_dynamic_task_mapping_with_no_taskflow_operators.py took 0.108 seconds
[2023-09-14T17:30:37.231+0100] {processor.py:157} INFO - Started process (PID=30260) to work on /home/joestar/Documents/projects/airflow_etl/airflow_env/lib/python3.8/site-packages/airflow/example_dags/example_dynamic_task_mapping_with_no_taskflow_operators.py
[2023-09-14T17:30:37.232+0100] {processor.py:829} INFO - Processing file /home/joestar/Documents/projects/airflow_etl/airflow_env/lib/python3.8/site-packages/airflow/example_dags/example_dynamic_task_mapping_with_no_taskflow_operators.py for tasks to queue
[2023-09-14T17:30:37.233+0100] {logging_mixin.py:151} INFO - [2023-09-14T17:30:37.233+0100] {dagbag.py:539} INFO - Filling up the DagBag from /home/joestar/Documents/projects/airflow_etl/airflow_env/lib/python3.8/site-packages/airflow/example_dags/example_dynamic_task_mapping_with_no_taskflow_operators.py
[2023-09-14T17:30:37.245+0100] {processor.py:839} INFO - DAG(s) dict_keys(['example_dynamic_task_mapping_with_no_taskflow_operators']) retrieved from /home/joestar/Documents/projects/airflow_etl/airflow_env/lib/python3.8/site-packages/airflow/example_dags/example_dynamic_task_mapping_with_no_taskflow_operators.py
[2023-09-14T17:30:37.268+0100] {logging_mixin.py:151} INFO - [2023-09-14T17:30:37.268+0100] {dag.py:2915} INFO - Sync 1 DAGs
[2023-09-14T17:30:37.303+0100] {logging_mixin.py:151} INFO - [2023-09-14T17:30:37.302+0100] {dag.py:3696} INFO - Setting next_dagrun for example_dynamic_task_mapping_with_no_taskflow_operators to 2023-09-13T16:30:37.302523+00:00, run_after=2023-09-14T16:30:37.302523+00:00
[2023-09-14T17:30:37.337+0100] {processor.py:179} INFO - Processing /home/joestar/Documents/projects/airflow_etl/airflow_env/lib/python3.8/site-packages/airflow/example_dags/example_dynamic_task_mapping_with_no_taskflow_operators.py took 0.109 seconds
[2023-09-14T17:31:26.332+0100] {processor.py:157} INFO - Started process (PID=30490) to work on /home/joestar/Documents/projects/airflow_etl/airflow_env/lib/python3.8/site-packages/airflow/example_dags/example_dynamic_task_mapping_with_no_taskflow_operators.py
[2023-09-14T17:31:26.336+0100] {processor.py:829} INFO - Processing file /home/joestar/Documents/projects/airflow_etl/airflow_env/lib/python3.8/site-packages/airflow/example_dags/example_dynamic_task_mapping_with_no_taskflow_operators.py for tasks to queue
[2023-09-14T17:31:26.337+0100] {logging_mixin.py:151} INFO - [2023-09-14T17:31:26.337+0100] {dagbag.py:539} INFO - Filling up the DagBag from /home/joestar/Documents/projects/airflow_etl/airflow_env/lib/python3.8/site-packages/airflow/example_dags/example_dynamic_task_mapping_with_no_taskflow_operators.py
[2023-09-14T17:31:26.347+0100] {processor.py:839} INFO - DAG(s) dict_keys(['example_dynamic_task_mapping_with_no_taskflow_operators']) retrieved from /home/joestar/Documents/projects/airflow_etl/airflow_env/lib/python3.8/site-packages/airflow/example_dags/example_dynamic_task_mapping_with_no_taskflow_operators.py
[2023-09-14T17:31:26.378+0100] {logging_mixin.py:151} INFO - [2023-09-14T17:31:26.377+0100] {dag.py:2915} INFO - Sync 1 DAGs
[2023-09-14T17:31:26.410+0100] {logging_mixin.py:151} INFO - [2023-09-14T17:31:26.409+0100] {dag.py:3696} INFO - Setting next_dagrun for example_dynamic_task_mapping_with_no_taskflow_operators to 2023-09-13T16:31:26.409364+00:00, run_after=2023-09-14T16:31:26.409364+00:00
[2023-09-14T17:31:26.443+0100] {processor.py:179} INFO - Processing /home/joestar/Documents/projects/airflow_etl/airflow_env/lib/python3.8/site-packages/airflow/example_dags/example_dynamic_task_mapping_with_no_taskflow_operators.py took 0.115 seconds
[2023-09-14T17:32:18.267+0100] {processor.py:157} INFO - Started process (PID=30722) to work on /home/joestar/Documents/projects/airflow_etl/airflow_env/lib/python3.8/site-packages/airflow/example_dags/example_dynamic_task_mapping_with_no_taskflow_operators.py
[2023-09-14T17:32:18.269+0100] {processor.py:829} INFO - Processing file /home/joestar/Documents/projects/airflow_etl/airflow_env/lib/python3.8/site-packages/airflow/example_dags/example_dynamic_task_mapping_with_no_taskflow_operators.py for tasks to queue
[2023-09-14T17:32:18.270+0100] {logging_mixin.py:151} INFO - [2023-09-14T17:32:18.269+0100] {dagbag.py:539} INFO - Filling up the DagBag from /home/joestar/Documents/projects/airflow_etl/airflow_env/lib/python3.8/site-packages/airflow/example_dags/example_dynamic_task_mapping_with_no_taskflow_operators.py
[2023-09-14T17:32:18.279+0100] {processor.py:839} INFO - DAG(s) dict_keys(['example_dynamic_task_mapping_with_no_taskflow_operators']) retrieved from /home/joestar/Documents/projects/airflow_etl/airflow_env/lib/python3.8/site-packages/airflow/example_dags/example_dynamic_task_mapping_with_no_taskflow_operators.py
[2023-09-14T17:32:18.299+0100] {logging_mixin.py:151} INFO - [2023-09-14T17:32:18.298+0100] {dag.py:2915} INFO - Sync 1 DAGs
[2023-09-14T17:32:18.318+0100] {logging_mixin.py:151} INFO - [2023-09-14T17:32:18.318+0100] {dag.py:3696} INFO - Setting next_dagrun for example_dynamic_task_mapping_with_no_taskflow_operators to 2023-09-13T16:32:18.318224+00:00, run_after=2023-09-14T16:32:18.318224+00:00
[2023-09-14T17:32:18.347+0100] {processor.py:179} INFO - Processing /home/joestar/Documents/projects/airflow_etl/airflow_env/lib/python3.8/site-packages/airflow/example_dags/example_dynamic_task_mapping_with_no_taskflow_operators.py took 0.083 seconds
[2023-09-14T17:33:10.156+0100] {processor.py:157} INFO - Started process (PID=30958) to work on /home/joestar/Documents/projects/airflow_etl/airflow_env/lib/python3.8/site-packages/airflow/example_dags/example_dynamic_task_mapping_with_no_taskflow_operators.py
[2023-09-14T17:33:10.157+0100] {processor.py:829} INFO - Processing file /home/joestar/Documents/projects/airflow_etl/airflow_env/lib/python3.8/site-packages/airflow/example_dags/example_dynamic_task_mapping_with_no_taskflow_operators.py for tasks to queue
[2023-09-14T17:33:10.158+0100] {logging_mixin.py:151} INFO - [2023-09-14T17:33:10.158+0100] {dagbag.py:539} INFO - Filling up the DagBag from /home/joestar/Documents/projects/airflow_etl/airflow_env/lib/python3.8/site-packages/airflow/example_dags/example_dynamic_task_mapping_with_no_taskflow_operators.py
[2023-09-14T17:33:10.168+0100] {processor.py:839} INFO - DAG(s) dict_keys(['example_dynamic_task_mapping_with_no_taskflow_operators']) retrieved from /home/joestar/Documents/projects/airflow_etl/airflow_env/lib/python3.8/site-packages/airflow/example_dags/example_dynamic_task_mapping_with_no_taskflow_operators.py
[2023-09-14T17:33:10.183+0100] {logging_mixin.py:151} INFO - [2023-09-14T17:33:10.182+0100] {dag.py:2915} INFO - Sync 1 DAGs
[2023-09-14T17:33:10.211+0100] {logging_mixin.py:151} INFO - [2023-09-14T17:33:10.210+0100] {dag.py:3696} INFO - Setting next_dagrun for example_dynamic_task_mapping_with_no_taskflow_operators to 2023-09-13T16:33:10.210489+00:00, run_after=2023-09-14T16:33:10.210489+00:00
[2023-09-14T17:33:10.245+0100] {processor.py:179} INFO - Processing /home/joestar/Documents/projects/airflow_etl/airflow_env/lib/python3.8/site-packages/airflow/example_dags/example_dynamic_task_mapping_with_no_taskflow_operators.py took 0.091 seconds
[2023-09-14T17:34:04.635+0100] {processor.py:157} INFO - Started process (PID=31209) to work on /home/joestar/Documents/projects/airflow_etl/airflow_env/lib/python3.8/site-packages/airflow/example_dags/example_dynamic_task_mapping_with_no_taskflow_operators.py
[2023-09-14T17:34:04.636+0100] {processor.py:829} INFO - Processing file /home/joestar/Documents/projects/airflow_etl/airflow_env/lib/python3.8/site-packages/airflow/example_dags/example_dynamic_task_mapping_with_no_taskflow_operators.py for tasks to queue
[2023-09-14T17:34:04.637+0100] {logging_mixin.py:151} INFO - [2023-09-14T17:34:04.636+0100] {dagbag.py:539} INFO - Filling up the DagBag from /home/joestar/Documents/projects/airflow_etl/airflow_env/lib/python3.8/site-packages/airflow/example_dags/example_dynamic_task_mapping_with_no_taskflow_operators.py
[2023-09-14T17:34:04.643+0100] {processor.py:839} INFO - DAG(s) dict_keys(['example_dynamic_task_mapping_with_no_taskflow_operators']) retrieved from /home/joestar/Documents/projects/airflow_etl/airflow_env/lib/python3.8/site-packages/airflow/example_dags/example_dynamic_task_mapping_with_no_taskflow_operators.py
[2023-09-14T17:34:04.657+0100] {logging_mixin.py:151} INFO - [2023-09-14T17:34:04.657+0100] {dag.py:2915} INFO - Sync 1 DAGs
[2023-09-14T17:34:04.675+0100] {logging_mixin.py:151} INFO - [2023-09-14T17:34:04.675+0100] {dag.py:3696} INFO - Setting next_dagrun for example_dynamic_task_mapping_with_no_taskflow_operators to 2023-09-13T16:34:04.675490+00:00, run_after=2023-09-14T16:34:04.675490+00:00
[2023-09-14T17:34:04.702+0100] {processor.py:179} INFO - Processing /home/joestar/Documents/projects/airflow_etl/airflow_env/lib/python3.8/site-packages/airflow/example_dags/example_dynamic_task_mapping_with_no_taskflow_operators.py took 0.070 seconds
[2023-09-14T17:34:57.431+0100] {processor.py:157} INFO - Started process (PID=31440) to work on /home/joestar/Documents/projects/airflow_etl/airflow_env/lib/python3.8/site-packages/airflow/example_dags/example_dynamic_task_mapping_with_no_taskflow_operators.py
[2023-09-14T17:34:57.433+0100] {processor.py:829} INFO - Processing file /home/joestar/Documents/projects/airflow_etl/airflow_env/lib/python3.8/site-packages/airflow/example_dags/example_dynamic_task_mapping_with_no_taskflow_operators.py for tasks to queue
[2023-09-14T17:34:57.437+0100] {logging_mixin.py:151} INFO - [2023-09-14T17:34:57.436+0100] {dagbag.py:539} INFO - Filling up the DagBag from /home/joestar/Documents/projects/airflow_etl/airflow_env/lib/python3.8/site-packages/airflow/example_dags/example_dynamic_task_mapping_with_no_taskflow_operators.py
[2023-09-14T17:34:57.448+0100] {processor.py:839} INFO - DAG(s) dict_keys(['example_dynamic_task_mapping_with_no_taskflow_operators']) retrieved from /home/joestar/Documents/projects/airflow_etl/airflow_env/lib/python3.8/site-packages/airflow/example_dags/example_dynamic_task_mapping_with_no_taskflow_operators.py
[2023-09-14T17:34:57.471+0100] {logging_mixin.py:151} INFO - [2023-09-14T17:34:57.470+0100] {dag.py:2915} INFO - Sync 1 DAGs
[2023-09-14T17:34:57.505+0100] {logging_mixin.py:151} INFO - [2023-09-14T17:34:57.505+0100] {dag.py:3696} INFO - Setting next_dagrun for example_dynamic_task_mapping_with_no_taskflow_operators to 2023-09-13T16:34:57.504832+00:00, run_after=2023-09-14T16:34:57.504832+00:00
[2023-09-14T17:34:57.543+0100] {processor.py:179} INFO - Processing /home/joestar/Documents/projects/airflow_etl/airflow_env/lib/python3.8/site-packages/airflow/example_dags/example_dynamic_task_mapping_with_no_taskflow_operators.py took 0.116 seconds
[2023-09-14T17:35:48.304+0100] {processor.py:157} INFO - Started process (PID=31679) to work on /home/joestar/Documents/projects/airflow_etl/airflow_env/lib/python3.8/site-packages/airflow/example_dags/example_dynamic_task_mapping_with_no_taskflow_operators.py
[2023-09-14T17:35:48.305+0100] {processor.py:829} INFO - Processing file /home/joestar/Documents/projects/airflow_etl/airflow_env/lib/python3.8/site-packages/airflow/example_dags/example_dynamic_task_mapping_with_no_taskflow_operators.py for tasks to queue
[2023-09-14T17:35:48.306+0100] {logging_mixin.py:151} INFO - [2023-09-14T17:35:48.306+0100] {dagbag.py:539} INFO - Filling up the DagBag from /home/joestar/Documents/projects/airflow_etl/airflow_env/lib/python3.8/site-packages/airflow/example_dags/example_dynamic_task_mapping_with_no_taskflow_operators.py
[2023-09-14T17:35:48.315+0100] {processor.py:839} INFO - DAG(s) dict_keys(['example_dynamic_task_mapping_with_no_taskflow_operators']) retrieved from /home/joestar/Documents/projects/airflow_etl/airflow_env/lib/python3.8/site-packages/airflow/example_dags/example_dynamic_task_mapping_with_no_taskflow_operators.py
[2023-09-14T17:35:48.333+0100] {logging_mixin.py:151} INFO - [2023-09-14T17:35:48.333+0100] {dag.py:2915} INFO - Sync 1 DAGs
[2023-09-14T17:35:48.359+0100] {logging_mixin.py:151} INFO - [2023-09-14T17:35:48.359+0100] {dag.py:3696} INFO - Setting next_dagrun for example_dynamic_task_mapping_with_no_taskflow_operators to 2023-09-13T16:35:48.359078+00:00, run_after=2023-09-14T16:35:48.359078+00:00
[2023-09-14T17:35:48.392+0100] {processor.py:179} INFO - Processing /home/joestar/Documents/projects/airflow_etl/airflow_env/lib/python3.8/site-packages/airflow/example_dags/example_dynamic_task_mapping_with_no_taskflow_operators.py took 0.092 seconds
[2023-09-14T17:36:40.614+0100] {processor.py:157} INFO - Started process (PID=31915) to work on /home/joestar/Documents/projects/airflow_etl/airflow_env/lib/python3.8/site-packages/airflow/example_dags/example_dynamic_task_mapping_with_no_taskflow_operators.py
[2023-09-14T17:36:40.615+0100] {processor.py:829} INFO - Processing file /home/joestar/Documents/projects/airflow_etl/airflow_env/lib/python3.8/site-packages/airflow/example_dags/example_dynamic_task_mapping_with_no_taskflow_operators.py for tasks to queue
[2023-09-14T17:36:40.616+0100] {logging_mixin.py:151} INFO - [2023-09-14T17:36:40.616+0100] {dagbag.py:539} INFO - Filling up the DagBag from /home/joestar/Documents/projects/airflow_etl/airflow_env/lib/python3.8/site-packages/airflow/example_dags/example_dynamic_task_mapping_with_no_taskflow_operators.py
[2023-09-14T17:36:40.627+0100] {processor.py:839} INFO - DAG(s) dict_keys(['example_dynamic_task_mapping_with_no_taskflow_operators']) retrieved from /home/joestar/Documents/projects/airflow_etl/airflow_env/lib/python3.8/site-packages/airflow/example_dags/example_dynamic_task_mapping_with_no_taskflow_operators.py
[2023-09-14T17:36:40.649+0100] {logging_mixin.py:151} INFO - [2023-09-14T17:36:40.648+0100] {dag.py:2915} INFO - Sync 1 DAGs
[2023-09-14T17:36:40.677+0100] {logging_mixin.py:151} INFO - [2023-09-14T17:36:40.677+0100] {dag.py:3696} INFO - Setting next_dagrun for example_dynamic_task_mapping_with_no_taskflow_operators to 2023-09-13T16:36:40.676842+00:00, run_after=2023-09-14T16:36:40.676842+00:00
[2023-09-14T17:36:40.703+0100] {processor.py:179} INFO - Processing /home/joestar/Documents/projects/airflow_etl/airflow_env/lib/python3.8/site-packages/airflow/example_dags/example_dynamic_task_mapping_with_no_taskflow_operators.py took 0.093 seconds
[2023-09-14T17:37:35.100+0100] {processor.py:157} INFO - Started process (PID=32180) to work on /home/joestar/Documents/projects/airflow_etl/airflow_env/lib/python3.8/site-packages/airflow/example_dags/example_dynamic_task_mapping_with_no_taskflow_operators.py
[2023-09-14T17:37:35.102+0100] {processor.py:829} INFO - Processing file /home/joestar/Documents/projects/airflow_etl/airflow_env/lib/python3.8/site-packages/airflow/example_dags/example_dynamic_task_mapping_with_no_taskflow_operators.py for tasks to queue
[2023-09-14T17:37:35.103+0100] {logging_mixin.py:151} INFO - [2023-09-14T17:37:35.102+0100] {dagbag.py:539} INFO - Filling up the DagBag from /home/joestar/Documents/projects/airflow_etl/airflow_env/lib/python3.8/site-packages/airflow/example_dags/example_dynamic_task_mapping_with_no_taskflow_operators.py
[2023-09-14T17:37:35.111+0100] {processor.py:839} INFO - DAG(s) dict_keys(['example_dynamic_task_mapping_with_no_taskflow_operators']) retrieved from /home/joestar/Documents/projects/airflow_etl/airflow_env/lib/python3.8/site-packages/airflow/example_dags/example_dynamic_task_mapping_with_no_taskflow_operators.py
[2023-09-14T17:37:35.128+0100] {logging_mixin.py:151} INFO - [2023-09-14T17:37:35.127+0100] {dag.py:2915} INFO - Sync 1 DAGs
[2023-09-14T17:37:35.156+0100] {logging_mixin.py:151} INFO - [2023-09-14T17:37:35.156+0100] {dag.py:3696} INFO - Setting next_dagrun for example_dynamic_task_mapping_with_no_taskflow_operators to 2023-09-13T16:37:35.155885+00:00, run_after=2023-09-14T16:37:35.155885+00:00
[2023-09-14T17:37:35.181+0100] {processor.py:179} INFO - Processing /home/joestar/Documents/projects/airflow_etl/airflow_env/lib/python3.8/site-packages/airflow/example_dags/example_dynamic_task_mapping_with_no_taskflow_operators.py took 0.084 seconds
[2023-09-14T17:38:32.254+0100] {processor.py:157} INFO - Started process (PID=32673) to work on /home/joestar/Documents/projects/airflow_etl/airflow_env/lib/python3.8/site-packages/airflow/example_dags/example_dynamic_task_mapping_with_no_taskflow_operators.py
[2023-09-14T17:38:32.256+0100] {processor.py:829} INFO - Processing file /home/joestar/Documents/projects/airflow_etl/airflow_env/lib/python3.8/site-packages/airflow/example_dags/example_dynamic_task_mapping_with_no_taskflow_operators.py for tasks to queue
[2023-09-14T17:38:32.258+0100] {logging_mixin.py:151} INFO - [2023-09-14T17:38:32.257+0100] {dagbag.py:539} INFO - Filling up the DagBag from /home/joestar/Documents/projects/airflow_etl/airflow_env/lib/python3.8/site-packages/airflow/example_dags/example_dynamic_task_mapping_with_no_taskflow_operators.py
[2023-09-14T17:38:32.267+0100] {processor.py:839} INFO - DAG(s) dict_keys(['example_dynamic_task_mapping_with_no_taskflow_operators']) retrieved from /home/joestar/Documents/projects/airflow_etl/airflow_env/lib/python3.8/site-packages/airflow/example_dags/example_dynamic_task_mapping_with_no_taskflow_operators.py
[2023-09-14T17:38:32.287+0100] {logging_mixin.py:151} INFO - [2023-09-14T17:38:32.287+0100] {dag.py:2915} INFO - Sync 1 DAGs
[2023-09-14T17:38:32.323+0100] {logging_mixin.py:151} INFO - [2023-09-14T17:38:32.322+0100] {dag.py:3696} INFO - Setting next_dagrun for example_dynamic_task_mapping_with_no_taskflow_operators to 2023-09-13T16:38:32.322651+00:00, run_after=2023-09-14T16:38:32.322651+00:00
[2023-09-14T17:38:32.383+0100] {processor.py:179} INFO - Processing /home/joestar/Documents/projects/airflow_etl/airflow_env/lib/python3.8/site-packages/airflow/example_dags/example_dynamic_task_mapping_with_no_taskflow_operators.py took 0.132 seconds
[2023-09-14T17:39:25.717+0100] {processor.py:157} INFO - Started process (PID=33039) to work on /home/joestar/Documents/projects/airflow_etl/airflow_env/lib/python3.8/site-packages/airflow/example_dags/example_dynamic_task_mapping_with_no_taskflow_operators.py
[2023-09-14T17:39:25.718+0100] {processor.py:829} INFO - Processing file /home/joestar/Documents/projects/airflow_etl/airflow_env/lib/python3.8/site-packages/airflow/example_dags/example_dynamic_task_mapping_with_no_taskflow_operators.py for tasks to queue
[2023-09-14T17:39:25.719+0100] {logging_mixin.py:151} INFO - [2023-09-14T17:39:25.719+0100] {dagbag.py:539} INFO - Filling up the DagBag from /home/joestar/Documents/projects/airflow_etl/airflow_env/lib/python3.8/site-packages/airflow/example_dags/example_dynamic_task_mapping_with_no_taskflow_operators.py
[2023-09-14T17:39:25.727+0100] {processor.py:839} INFO - DAG(s) dict_keys(['example_dynamic_task_mapping_with_no_taskflow_operators']) retrieved from /home/joestar/Documents/projects/airflow_etl/airflow_env/lib/python3.8/site-packages/airflow/example_dags/example_dynamic_task_mapping_with_no_taskflow_operators.py
[2023-09-14T17:39:25.746+0100] {logging_mixin.py:151} INFO - [2023-09-14T17:39:25.745+0100] {dag.py:2915} INFO - Sync 1 DAGs
[2023-09-14T17:39:25.768+0100] {logging_mixin.py:151} INFO - [2023-09-14T17:39:25.768+0100] {dag.py:3696} INFO - Setting next_dagrun for example_dynamic_task_mapping_with_no_taskflow_operators to 2023-09-13T16:39:25.767946+00:00, run_after=2023-09-14T16:39:25.767946+00:00
[2023-09-14T17:39:25.797+0100] {processor.py:179} INFO - Processing /home/joestar/Documents/projects/airflow_etl/airflow_env/lib/python3.8/site-packages/airflow/example_dags/example_dynamic_task_mapping_with_no_taskflow_operators.py took 0.085 seconds
[2023-09-14T17:40:28.332+0100] {processor.py:157} INFO - Started process (PID=33384) to work on /home/joestar/Documents/projects/airflow_etl/airflow_env/lib/python3.8/site-packages/airflow/example_dags/example_dynamic_task_mapping_with_no_taskflow_operators.py
[2023-09-14T17:40:28.333+0100] {processor.py:829} INFO - Processing file /home/joestar/Documents/projects/airflow_etl/airflow_env/lib/python3.8/site-packages/airflow/example_dags/example_dynamic_task_mapping_with_no_taskflow_operators.py for tasks to queue
[2023-09-14T17:40:28.335+0100] {logging_mixin.py:151} INFO - [2023-09-14T17:40:28.334+0100] {dagbag.py:539} INFO - Filling up the DagBag from /home/joestar/Documents/projects/airflow_etl/airflow_env/lib/python3.8/site-packages/airflow/example_dags/example_dynamic_task_mapping_with_no_taskflow_operators.py
[2023-09-14T17:40:28.343+0100] {processor.py:839} INFO - DAG(s) dict_keys(['example_dynamic_task_mapping_with_no_taskflow_operators']) retrieved from /home/joestar/Documents/projects/airflow_etl/airflow_env/lib/python3.8/site-packages/airflow/example_dags/example_dynamic_task_mapping_with_no_taskflow_operators.py
[2023-09-14T17:40:28.361+0100] {logging_mixin.py:151} INFO - [2023-09-14T17:40:28.361+0100] {dag.py:2915} INFO - Sync 1 DAGs
[2023-09-14T17:40:28.388+0100] {logging_mixin.py:151} INFO - [2023-09-14T17:40:28.388+0100] {dag.py:3696} INFO - Setting next_dagrun for example_dynamic_task_mapping_with_no_taskflow_operators to 2023-09-13T16:40:28.388056+00:00, run_after=2023-09-14T16:40:28.388056+00:00
[2023-09-14T17:40:28.424+0100] {processor.py:179} INFO - Processing /home/joestar/Documents/projects/airflow_etl/airflow_env/lib/python3.8/site-packages/airflow/example_dags/example_dynamic_task_mapping_with_no_taskflow_operators.py took 0.095 seconds
[2023-09-14T17:41:22.332+0100] {processor.py:157} INFO - Started process (PID=33786) to work on /home/joestar/Documents/projects/airflow_etl/airflow_env/lib/python3.8/site-packages/airflow/example_dags/example_dynamic_task_mapping_with_no_taskflow_operators.py
[2023-09-14T17:41:22.333+0100] {processor.py:829} INFO - Processing file /home/joestar/Documents/projects/airflow_etl/airflow_env/lib/python3.8/site-packages/airflow/example_dags/example_dynamic_task_mapping_with_no_taskflow_operators.py for tasks to queue
[2023-09-14T17:41:22.334+0100] {logging_mixin.py:151} INFO - [2023-09-14T17:41:22.334+0100] {dagbag.py:539} INFO - Filling up the DagBag from /home/joestar/Documents/projects/airflow_etl/airflow_env/lib/python3.8/site-packages/airflow/example_dags/example_dynamic_task_mapping_with_no_taskflow_operators.py
[2023-09-14T17:41:22.341+0100] {processor.py:839} INFO - DAG(s) dict_keys(['example_dynamic_task_mapping_with_no_taskflow_operators']) retrieved from /home/joestar/Documents/projects/airflow_etl/airflow_env/lib/python3.8/site-packages/airflow/example_dags/example_dynamic_task_mapping_with_no_taskflow_operators.py
[2023-09-14T17:41:22.360+0100] {logging_mixin.py:151} INFO - [2023-09-14T17:41:22.360+0100] {dag.py:2915} INFO - Sync 1 DAGs
[2023-09-14T17:41:22.381+0100] {logging_mixin.py:151} INFO - [2023-09-14T17:41:22.381+0100] {dag.py:3696} INFO - Setting next_dagrun for example_dynamic_task_mapping_with_no_taskflow_operators to 2023-09-13T16:41:22.381419+00:00, run_after=2023-09-14T16:41:22.381419+00:00
[2023-09-14T17:41:22.412+0100] {processor.py:179} INFO - Processing /home/joestar/Documents/projects/airflow_etl/airflow_env/lib/python3.8/site-packages/airflow/example_dags/example_dynamic_task_mapping_with_no_taskflow_operators.py took 0.082 seconds
[2023-09-14T17:42:20.919+0100] {processor.py:157} INFO - Started process (PID=34074) to work on /home/joestar/Documents/projects/airflow_etl/airflow_env/lib/python3.8/site-packages/airflow/example_dags/example_dynamic_task_mapping_with_no_taskflow_operators.py
[2023-09-14T17:42:20.920+0100] {processor.py:829} INFO - Processing file /home/joestar/Documents/projects/airflow_etl/airflow_env/lib/python3.8/site-packages/airflow/example_dags/example_dynamic_task_mapping_with_no_taskflow_operators.py for tasks to queue
[2023-09-14T17:42:20.921+0100] {logging_mixin.py:151} INFO - [2023-09-14T17:42:20.921+0100] {dagbag.py:539} INFO - Filling up the DagBag from /home/joestar/Documents/projects/airflow_etl/airflow_env/lib/python3.8/site-packages/airflow/example_dags/example_dynamic_task_mapping_with_no_taskflow_operators.py
[2023-09-14T17:42:20.930+0100] {processor.py:839} INFO - DAG(s) dict_keys(['example_dynamic_task_mapping_with_no_taskflow_operators']) retrieved from /home/joestar/Documents/projects/airflow_etl/airflow_env/lib/python3.8/site-packages/airflow/example_dags/example_dynamic_task_mapping_with_no_taskflow_operators.py
[2023-09-14T17:42:20.947+0100] {logging_mixin.py:151} INFO - [2023-09-14T17:42:20.947+0100] {dag.py:2915} INFO - Sync 1 DAGs
[2023-09-14T17:42:20.970+0100] {logging_mixin.py:151} INFO - [2023-09-14T17:42:20.970+0100] {dag.py:3696} INFO - Setting next_dagrun for example_dynamic_task_mapping_with_no_taskflow_operators to 2023-09-13T16:42:20.970222+00:00, run_after=2023-09-14T16:42:20.970222+00:00
[2023-09-14T17:42:20.999+0100] {processor.py:179} INFO - Processing /home/joestar/Documents/projects/airflow_etl/airflow_env/lib/python3.8/site-packages/airflow/example_dags/example_dynamic_task_mapping_with_no_taskflow_operators.py took 0.083 seconds
[2023-09-14T17:43:22.219+0100] {processor.py:157} INFO - Started process (PID=34345) to work on /home/joestar/Documents/projects/airflow_etl/airflow_env/lib/python3.8/site-packages/airflow/example_dags/example_dynamic_task_mapping_with_no_taskflow_operators.py
[2023-09-14T17:43:22.221+0100] {processor.py:829} INFO - Processing file /home/joestar/Documents/projects/airflow_etl/airflow_env/lib/python3.8/site-packages/airflow/example_dags/example_dynamic_task_mapping_with_no_taskflow_operators.py for tasks to queue
[2023-09-14T17:43:22.222+0100] {logging_mixin.py:151} INFO - [2023-09-14T17:43:22.221+0100] {dagbag.py:539} INFO - Filling up the DagBag from /home/joestar/Documents/projects/airflow_etl/airflow_env/lib/python3.8/site-packages/airflow/example_dags/example_dynamic_task_mapping_with_no_taskflow_operators.py
[2023-09-14T17:43:22.232+0100] {processor.py:839} INFO - DAG(s) dict_keys(['example_dynamic_task_mapping_with_no_taskflow_operators']) retrieved from /home/joestar/Documents/projects/airflow_etl/airflow_env/lib/python3.8/site-packages/airflow/example_dags/example_dynamic_task_mapping_with_no_taskflow_operators.py
[2023-09-14T17:43:22.256+0100] {logging_mixin.py:151} INFO - [2023-09-14T17:43:22.255+0100] {dag.py:2915} INFO - Sync 1 DAGs
[2023-09-14T17:43:22.286+0100] {logging_mixin.py:151} INFO - [2023-09-14T17:43:22.286+0100] {dag.py:3696} INFO - Setting next_dagrun for example_dynamic_task_mapping_with_no_taskflow_operators to 2023-09-13T16:43:22.286172+00:00, run_after=2023-09-14T16:43:22.286172+00:00
[2023-09-14T17:43:22.327+0100] {processor.py:179} INFO - Processing /home/joestar/Documents/projects/airflow_etl/airflow_env/lib/python3.8/site-packages/airflow/example_dags/example_dynamic_task_mapping_with_no_taskflow_operators.py took 0.112 seconds
[2023-09-14T17:44:21.934+0100] {processor.py:157} INFO - Started process (PID=34669) to work on /home/joestar/Documents/projects/airflow_etl/airflow_env/lib/python3.8/site-packages/airflow/example_dags/example_dynamic_task_mapping_with_no_taskflow_operators.py
[2023-09-14T17:44:21.936+0100] {processor.py:829} INFO - Processing file /home/joestar/Documents/projects/airflow_etl/airflow_env/lib/python3.8/site-packages/airflow/example_dags/example_dynamic_task_mapping_with_no_taskflow_operators.py for tasks to queue
[2023-09-14T17:44:21.937+0100] {logging_mixin.py:151} INFO - [2023-09-14T17:44:21.937+0100] {dagbag.py:539} INFO - Filling up the DagBag from /home/joestar/Documents/projects/airflow_etl/airflow_env/lib/python3.8/site-packages/airflow/example_dags/example_dynamic_task_mapping_with_no_taskflow_operators.py
[2023-09-14T17:44:21.946+0100] {processor.py:839} INFO - DAG(s) dict_keys(['example_dynamic_task_mapping_with_no_taskflow_operators']) retrieved from /home/joestar/Documents/projects/airflow_etl/airflow_env/lib/python3.8/site-packages/airflow/example_dags/example_dynamic_task_mapping_with_no_taskflow_operators.py
[2023-09-14T17:44:21.962+0100] {logging_mixin.py:151} INFO - [2023-09-14T17:44:21.961+0100] {dag.py:2915} INFO - Sync 1 DAGs
[2023-09-14T17:44:21.991+0100] {logging_mixin.py:151} INFO - [2023-09-14T17:44:21.991+0100] {dag.py:3696} INFO - Setting next_dagrun for example_dynamic_task_mapping_with_no_taskflow_operators to 2023-09-13T16:44:21.990975+00:00, run_after=2023-09-14T16:44:21.990975+00:00
[2023-09-14T17:44:22.020+0100] {processor.py:179} INFO - Processing /home/joestar/Documents/projects/airflow_etl/airflow_env/lib/python3.8/site-packages/airflow/example_dags/example_dynamic_task_mapping_with_no_taskflow_operators.py took 0.089 seconds
[2023-09-14T17:45:23.339+0100] {processor.py:157} INFO - Started process (PID=34924) to work on /home/joestar/Documents/projects/airflow_etl/airflow_env/lib/python3.8/site-packages/airflow/example_dags/example_dynamic_task_mapping_with_no_taskflow_operators.py
[2023-09-14T17:45:23.341+0100] {processor.py:829} INFO - Processing file /home/joestar/Documents/projects/airflow_etl/airflow_env/lib/python3.8/site-packages/airflow/example_dags/example_dynamic_task_mapping_with_no_taskflow_operators.py for tasks to queue
[2023-09-14T17:45:23.343+0100] {logging_mixin.py:151} INFO - [2023-09-14T17:45:23.342+0100] {dagbag.py:539} INFO - Filling up the DagBag from /home/joestar/Documents/projects/airflow_etl/airflow_env/lib/python3.8/site-packages/airflow/example_dags/example_dynamic_task_mapping_with_no_taskflow_operators.py
[2023-09-14T17:45:23.362+0100] {processor.py:839} INFO - DAG(s) dict_keys(['example_dynamic_task_mapping_with_no_taskflow_operators']) retrieved from /home/joestar/Documents/projects/airflow_etl/airflow_env/lib/python3.8/site-packages/airflow/example_dags/example_dynamic_task_mapping_with_no_taskflow_operators.py
[2023-09-14T17:45:23.427+0100] {logging_mixin.py:151} INFO - [2023-09-14T17:45:23.426+0100] {dag.py:2915} INFO - Sync 1 DAGs
[2023-09-14T17:45:23.524+0100] {logging_mixin.py:151} INFO - [2023-09-14T17:45:23.524+0100] {dag.py:3696} INFO - Setting next_dagrun for example_dynamic_task_mapping_with_no_taskflow_operators to 2023-09-13T16:45:23.523979+00:00, run_after=2023-09-14T16:45:23.523979+00:00
[2023-09-14T17:45:23.586+0100] {processor.py:179} INFO - Processing /home/joestar/Documents/projects/airflow_etl/airflow_env/lib/python3.8/site-packages/airflow/example_dags/example_dynamic_task_mapping_with_no_taskflow_operators.py took 0.254 seconds
[2023-09-14T17:46:25.815+0100] {processor.py:157} INFO - Started process (PID=35203) to work on /home/joestar/Documents/projects/airflow_etl/airflow_env/lib/python3.8/site-packages/airflow/example_dags/example_dynamic_task_mapping_with_no_taskflow_operators.py
[2023-09-14T17:46:25.816+0100] {processor.py:829} INFO - Processing file /home/joestar/Documents/projects/airflow_etl/airflow_env/lib/python3.8/site-packages/airflow/example_dags/example_dynamic_task_mapping_with_no_taskflow_operators.py for tasks to queue
[2023-09-14T17:46:25.817+0100] {logging_mixin.py:151} INFO - [2023-09-14T17:46:25.817+0100] {dagbag.py:539} INFO - Filling up the DagBag from /home/joestar/Documents/projects/airflow_etl/airflow_env/lib/python3.8/site-packages/airflow/example_dags/example_dynamic_task_mapping_with_no_taskflow_operators.py
[2023-09-14T17:46:25.827+0100] {processor.py:839} INFO - DAG(s) dict_keys(['example_dynamic_task_mapping_with_no_taskflow_operators']) retrieved from /home/joestar/Documents/projects/airflow_etl/airflow_env/lib/python3.8/site-packages/airflow/example_dags/example_dynamic_task_mapping_with_no_taskflow_operators.py
[2023-09-14T17:46:25.847+0100] {logging_mixin.py:151} INFO - [2023-09-14T17:46:25.846+0100] {dag.py:2915} INFO - Sync 1 DAGs
[2023-09-14T17:46:25.876+0100] {logging_mixin.py:151} INFO - [2023-09-14T17:46:25.876+0100] {dag.py:3696} INFO - Setting next_dagrun for example_dynamic_task_mapping_with_no_taskflow_operators to 2023-09-13T16:46:25.876182+00:00, run_after=2023-09-14T16:46:25.876182+00:00
[2023-09-14T17:46:25.908+0100] {processor.py:179} INFO - Processing /home/joestar/Documents/projects/airflow_etl/airflow_env/lib/python3.8/site-packages/airflow/example_dags/example_dynamic_task_mapping_with_no_taskflow_operators.py took 0.097 seconds
[2023-09-14T17:47:42.619+0100] {processor.py:157} INFO - Started process (PID=35503) to work on /home/joestar/Documents/projects/airflow_etl/airflow_env/lib/python3.8/site-packages/airflow/example_dags/example_dynamic_task_mapping_with_no_taskflow_operators.py
[2023-09-14T17:47:42.620+0100] {processor.py:829} INFO - Processing file /home/joestar/Documents/projects/airflow_etl/airflow_env/lib/python3.8/site-packages/airflow/example_dags/example_dynamic_task_mapping_with_no_taskflow_operators.py for tasks to queue
[2023-09-14T17:47:42.622+0100] {logging_mixin.py:151} INFO - [2023-09-14T17:47:42.621+0100] {dagbag.py:539} INFO - Filling up the DagBag from /home/joestar/Documents/projects/airflow_etl/airflow_env/lib/python3.8/site-packages/airflow/example_dags/example_dynamic_task_mapping_with_no_taskflow_operators.py
[2023-09-14T17:47:42.633+0100] {processor.py:839} INFO - DAG(s) dict_keys(['example_dynamic_task_mapping_with_no_taskflow_operators']) retrieved from /home/joestar/Documents/projects/airflow_etl/airflow_env/lib/python3.8/site-packages/airflow/example_dags/example_dynamic_task_mapping_with_no_taskflow_operators.py
[2023-09-14T17:47:42.656+0100] {logging_mixin.py:151} INFO - [2023-09-14T17:47:42.656+0100] {dag.py:2915} INFO - Sync 1 DAGs
[2023-09-14T17:47:42.691+0100] {logging_mixin.py:151} INFO - [2023-09-14T17:47:42.691+0100] {dag.py:3696} INFO - Setting next_dagrun for example_dynamic_task_mapping_with_no_taskflow_operators to 2023-09-13T16:47:42.691008+00:00, run_after=2023-09-14T16:47:42.691008+00:00
[2023-09-14T17:47:42.745+0100] {processor.py:179} INFO - Processing /home/joestar/Documents/projects/airflow_etl/airflow_env/lib/python3.8/site-packages/airflow/example_dags/example_dynamic_task_mapping_with_no_taskflow_operators.py took 0.130 seconds
[2023-09-14T17:49:04.925+0100] {processor.py:157} INFO - Started process (PID=35829) to work on /home/joestar/Documents/projects/airflow_etl/airflow_env/lib/python3.8/site-packages/airflow/example_dags/example_dynamic_task_mapping_with_no_taskflow_operators.py
[2023-09-14T17:49:04.926+0100] {processor.py:829} INFO - Processing file /home/joestar/Documents/projects/airflow_etl/airflow_env/lib/python3.8/site-packages/airflow/example_dags/example_dynamic_task_mapping_with_no_taskflow_operators.py for tasks to queue
[2023-09-14T17:49:04.927+0100] {logging_mixin.py:151} INFO - [2023-09-14T17:49:04.927+0100] {dagbag.py:539} INFO - Filling up the DagBag from /home/joestar/Documents/projects/airflow_etl/airflow_env/lib/python3.8/site-packages/airflow/example_dags/example_dynamic_task_mapping_with_no_taskflow_operators.py
[2023-09-14T17:49:04.939+0100] {processor.py:839} INFO - DAG(s) dict_keys(['example_dynamic_task_mapping_with_no_taskflow_operators']) retrieved from /home/joestar/Documents/projects/airflow_etl/airflow_env/lib/python3.8/site-packages/airflow/example_dags/example_dynamic_task_mapping_with_no_taskflow_operators.py
[2023-09-14T17:49:04.971+0100] {logging_mixin.py:151} INFO - [2023-09-14T17:49:04.970+0100] {dag.py:2915} INFO - Sync 1 DAGs
[2023-09-14T17:49:05.029+0100] {logging_mixin.py:151} INFO - [2023-09-14T17:49:05.029+0100] {dag.py:3696} INFO - Setting next_dagrun for example_dynamic_task_mapping_with_no_taskflow_operators to 2023-09-13T16:49:05.028989+00:00, run_after=2023-09-14T16:49:05.028989+00:00
[2023-09-14T17:49:05.082+0100] {processor.py:179} INFO - Processing /home/joestar/Documents/projects/airflow_etl/airflow_env/lib/python3.8/site-packages/airflow/example_dags/example_dynamic_task_mapping_with_no_taskflow_operators.py took 0.161 seconds
[2023-09-14T17:49:54.883+0100] {processor.py:157} INFO - Started process (PID=36028) to work on /home/joestar/Documents/projects/airflow_etl/airflow_env/lib/python3.8/site-packages/airflow/example_dags/example_dynamic_task_mapping_with_no_taskflow_operators.py
[2023-09-14T17:49:54.884+0100] {processor.py:829} INFO - Processing file /home/joestar/Documents/projects/airflow_etl/airflow_env/lib/python3.8/site-packages/airflow/example_dags/example_dynamic_task_mapping_with_no_taskflow_operators.py for tasks to queue
[2023-09-14T17:49:54.885+0100] {logging_mixin.py:151} INFO - [2023-09-14T17:49:54.885+0100] {dagbag.py:539} INFO - Filling up the DagBag from /home/joestar/Documents/projects/airflow_etl/airflow_env/lib/python3.8/site-packages/airflow/example_dags/example_dynamic_task_mapping_with_no_taskflow_operators.py
[2023-09-14T17:49:54.896+0100] {processor.py:839} INFO - DAG(s) dict_keys(['example_dynamic_task_mapping_with_no_taskflow_operators']) retrieved from /home/joestar/Documents/projects/airflow_etl/airflow_env/lib/python3.8/site-packages/airflow/example_dags/example_dynamic_task_mapping_with_no_taskflow_operators.py
[2023-09-14T17:49:54.914+0100] {logging_mixin.py:151} INFO - [2023-09-14T17:49:54.914+0100] {dag.py:2915} INFO - Sync 1 DAGs
[2023-09-14T17:49:54.944+0100] {logging_mixin.py:151} INFO - [2023-09-14T17:49:54.944+0100] {dag.py:3696} INFO - Setting next_dagrun for example_dynamic_task_mapping_with_no_taskflow_operators to 2023-09-13T16:49:54.944190+00:00, run_after=2023-09-14T16:49:54.944190+00:00
[2023-09-14T17:49:54.976+0100] {processor.py:179} INFO - Processing /home/joestar/Documents/projects/airflow_etl/airflow_env/lib/python3.8/site-packages/airflow/example_dags/example_dynamic_task_mapping_with_no_taskflow_operators.py took 0.097 seconds
[2023-09-14T17:50:56.846+0100] {processor.py:157} INFO - Started process (PID=36320) to work on /home/joestar/Documents/projects/airflow_etl/airflow_env/lib/python3.8/site-packages/airflow/example_dags/example_dynamic_task_mapping_with_no_taskflow_operators.py
[2023-09-14T17:50:56.847+0100] {processor.py:829} INFO - Processing file /home/joestar/Documents/projects/airflow_etl/airflow_env/lib/python3.8/site-packages/airflow/example_dags/example_dynamic_task_mapping_with_no_taskflow_operators.py for tasks to queue
[2023-09-14T17:50:56.849+0100] {logging_mixin.py:151} INFO - [2023-09-14T17:50:56.848+0100] {dagbag.py:539} INFO - Filling up the DagBag from /home/joestar/Documents/projects/airflow_etl/airflow_env/lib/python3.8/site-packages/airflow/example_dags/example_dynamic_task_mapping_with_no_taskflow_operators.py
[2023-09-14T17:50:56.862+0100] {processor.py:839} INFO - DAG(s) dict_keys(['example_dynamic_task_mapping_with_no_taskflow_operators']) retrieved from /home/joestar/Documents/projects/airflow_etl/airflow_env/lib/python3.8/site-packages/airflow/example_dags/example_dynamic_task_mapping_with_no_taskflow_operators.py
[2023-09-14T17:50:56.886+0100] {logging_mixin.py:151} INFO - [2023-09-14T17:50:56.886+0100] {dag.py:2915} INFO - Sync 1 DAGs
[2023-09-14T17:50:56.918+0100] {logging_mixin.py:151} INFO - [2023-09-14T17:50:56.918+0100] {dag.py:3696} INFO - Setting next_dagrun for example_dynamic_task_mapping_with_no_taskflow_operators to 2023-09-13T16:50:56.918147+00:00, run_after=2023-09-14T16:50:56.918147+00:00
[2023-09-14T17:50:56.957+0100] {processor.py:179} INFO - Processing /home/joestar/Documents/projects/airflow_etl/airflow_env/lib/python3.8/site-packages/airflow/example_dags/example_dynamic_task_mapping_with_no_taskflow_operators.py took 0.115 seconds
[2023-09-14T17:51:53.242+0100] {processor.py:157} INFO - Started process (PID=36572) to work on /home/joestar/Documents/projects/airflow_etl/airflow_env/lib/python3.8/site-packages/airflow/example_dags/example_dynamic_task_mapping_with_no_taskflow_operators.py
[2023-09-14T17:51:53.243+0100] {processor.py:829} INFO - Processing file /home/joestar/Documents/projects/airflow_etl/airflow_env/lib/python3.8/site-packages/airflow/example_dags/example_dynamic_task_mapping_with_no_taskflow_operators.py for tasks to queue
[2023-09-14T17:51:53.245+0100] {logging_mixin.py:151} INFO - [2023-09-14T17:51:53.244+0100] {dagbag.py:539} INFO - Filling up the DagBag from /home/joestar/Documents/projects/airflow_etl/airflow_env/lib/python3.8/site-packages/airflow/example_dags/example_dynamic_task_mapping_with_no_taskflow_operators.py
[2023-09-14T17:51:53.255+0100] {processor.py:839} INFO - DAG(s) dict_keys(['example_dynamic_task_mapping_with_no_taskflow_operators']) retrieved from /home/joestar/Documents/projects/airflow_etl/airflow_env/lib/python3.8/site-packages/airflow/example_dags/example_dynamic_task_mapping_with_no_taskflow_operators.py
[2023-09-14T17:51:53.273+0100] {logging_mixin.py:151} INFO - [2023-09-14T17:51:53.272+0100] {dag.py:2915} INFO - Sync 1 DAGs
[2023-09-14T17:51:53.295+0100] {logging_mixin.py:151} INFO - [2023-09-14T17:51:53.295+0100] {dag.py:3696} INFO - Setting next_dagrun for example_dynamic_task_mapping_with_no_taskflow_operators to 2023-09-13T16:51:53.295287+00:00, run_after=2023-09-14T16:51:53.295287+00:00
[2023-09-14T17:51:53.323+0100] {processor.py:179} INFO - Processing /home/joestar/Documents/projects/airflow_etl/airflow_env/lib/python3.8/site-packages/airflow/example_dags/example_dynamic_task_mapping_with_no_taskflow_operators.py took 0.083 seconds
[2023-09-14T17:52:51.125+0100] {processor.py:157} INFO - Started process (PID=36832) to work on /home/joestar/Documents/projects/airflow_etl/airflow_env/lib/python3.8/site-packages/airflow/example_dags/example_dynamic_task_mapping_with_no_taskflow_operators.py
[2023-09-14T17:52:51.128+0100] {processor.py:829} INFO - Processing file /home/joestar/Documents/projects/airflow_etl/airflow_env/lib/python3.8/site-packages/airflow/example_dags/example_dynamic_task_mapping_with_no_taskflow_operators.py for tasks to queue
[2023-09-14T17:52:51.129+0100] {logging_mixin.py:151} INFO - [2023-09-14T17:52:51.129+0100] {dagbag.py:539} INFO - Filling up the DagBag from /home/joestar/Documents/projects/airflow_etl/airflow_env/lib/python3.8/site-packages/airflow/example_dags/example_dynamic_task_mapping_with_no_taskflow_operators.py
[2023-09-14T17:52:51.150+0100] {processor.py:839} INFO - DAG(s) dict_keys(['example_dynamic_task_mapping_with_no_taskflow_operators']) retrieved from /home/joestar/Documents/projects/airflow_etl/airflow_env/lib/python3.8/site-packages/airflow/example_dags/example_dynamic_task_mapping_with_no_taskflow_operators.py
[2023-09-14T17:52:51.204+0100] {logging_mixin.py:151} INFO - [2023-09-14T17:52:51.204+0100] {dag.py:2915} INFO - Sync 1 DAGs
[2023-09-14T17:52:51.285+0100] {logging_mixin.py:151} INFO - [2023-09-14T17:52:51.284+0100] {dag.py:3696} INFO - Setting next_dagrun for example_dynamic_task_mapping_with_no_taskflow_operators to 2023-09-13T16:52:51.284351+00:00, run_after=2023-09-14T16:52:51.284351+00:00
[2023-09-14T17:52:51.538+0100] {processor.py:179} INFO - Processing /home/joestar/Documents/projects/airflow_etl/airflow_env/lib/python3.8/site-packages/airflow/example_dags/example_dynamic_task_mapping_with_no_taskflow_operators.py took 0.417 seconds
[2023-09-14T18:03:28.120+0100] {processor.py:157} INFO - Started process (PID=38826) to work on /home/joestar/Documents/projects/airflow_etl/airflow_env/lib/python3.8/site-packages/airflow/example_dags/example_dynamic_task_mapping_with_no_taskflow_operators.py
[2023-09-14T18:03:28.121+0100] {processor.py:829} INFO - Processing file /home/joestar/Documents/projects/airflow_etl/airflow_env/lib/python3.8/site-packages/airflow/example_dags/example_dynamic_task_mapping_with_no_taskflow_operators.py for tasks to queue
[2023-09-14T18:03:28.122+0100] {logging_mixin.py:151} INFO - [2023-09-14T18:03:28.122+0100] {dagbag.py:539} INFO - Filling up the DagBag from /home/joestar/Documents/projects/airflow_etl/airflow_env/lib/python3.8/site-packages/airflow/example_dags/example_dynamic_task_mapping_with_no_taskflow_operators.py
[2023-09-14T18:03:28.132+0100] {processor.py:839} INFO - DAG(s) dict_keys(['example_dynamic_task_mapping_with_no_taskflow_operators']) retrieved from /home/joestar/Documents/projects/airflow_etl/airflow_env/lib/python3.8/site-packages/airflow/example_dags/example_dynamic_task_mapping_with_no_taskflow_operators.py
[2023-09-14T18:03:28.155+0100] {logging_mixin.py:151} INFO - [2023-09-14T18:03:28.155+0100] {dag.py:2915} INFO - Sync 1 DAGs
[2023-09-14T18:03:28.179+0100] {logging_mixin.py:151} INFO - [2023-09-14T18:03:28.178+0100] {dag.py:3696} INFO - Setting next_dagrun for example_dynamic_task_mapping_with_no_taskflow_operators to 2023-09-13T17:03:28.178748+00:00, run_after=2023-09-14T17:03:28.178748+00:00
[2023-09-14T18:03:28.223+0100] {processor.py:179} INFO - Processing /home/joestar/Documents/projects/airflow_etl/airflow_env/lib/python3.8/site-packages/airflow/example_dags/example_dynamic_task_mapping_with_no_taskflow_operators.py took 0.107 seconds
[2023-09-14T18:04:19.094+0100] {processor.py:157} INFO - Started process (PID=39030) to work on /home/joestar/Documents/projects/airflow_etl/airflow_env/lib/python3.8/site-packages/airflow/example_dags/example_dynamic_task_mapping_with_no_taskflow_operators.py
[2023-09-14T18:04:19.096+0100] {processor.py:829} INFO - Processing file /home/joestar/Documents/projects/airflow_etl/airflow_env/lib/python3.8/site-packages/airflow/example_dags/example_dynamic_task_mapping_with_no_taskflow_operators.py for tasks to queue
[2023-09-14T18:04:19.097+0100] {logging_mixin.py:151} INFO - [2023-09-14T18:04:19.096+0100] {dagbag.py:539} INFO - Filling up the DagBag from /home/joestar/Documents/projects/airflow_etl/airflow_env/lib/python3.8/site-packages/airflow/example_dags/example_dynamic_task_mapping_with_no_taskflow_operators.py
[2023-09-14T18:04:19.104+0100] {processor.py:839} INFO - DAG(s) dict_keys(['example_dynamic_task_mapping_with_no_taskflow_operators']) retrieved from /home/joestar/Documents/projects/airflow_etl/airflow_env/lib/python3.8/site-packages/airflow/example_dags/example_dynamic_task_mapping_with_no_taskflow_operators.py
[2023-09-14T18:04:19.117+0100] {logging_mixin.py:151} INFO - [2023-09-14T18:04:19.117+0100] {dag.py:2915} INFO - Sync 1 DAGs
[2023-09-14T18:04:19.136+0100] {logging_mixin.py:151} INFO - [2023-09-14T18:04:19.135+0100] {dag.py:3696} INFO - Setting next_dagrun for example_dynamic_task_mapping_with_no_taskflow_operators to 2023-09-13T17:04:19.135673+00:00, run_after=2023-09-14T17:04:19.135673+00:00
[2023-09-14T18:04:19.162+0100] {processor.py:179} INFO - Processing /home/joestar/Documents/projects/airflow_etl/airflow_env/lib/python3.8/site-packages/airflow/example_dags/example_dynamic_task_mapping_with_no_taskflow_operators.py took 0.070 seconds
