[2023-09-14T17:12:32.684+0100] {processor.py:157} INFO - Started process (PID=24420) to work on /home/joestar/Documents/projects/airflow_etl/airflow_env/lib/python3.8/site-packages/airflow/example_dags/example_skip_dag.py
[2023-09-14T17:12:32.686+0100] {processor.py:829} INFO - Processing file /home/joestar/Documents/projects/airflow_etl/airflow_env/lib/python3.8/site-packages/airflow/example_dags/example_skip_dag.py for tasks to queue
[2023-09-14T17:12:32.687+0100] {logging_mixin.py:151} INFO - [2023-09-14T17:12:32.687+0100] {dagbag.py:539} INFO - Filling up the DagBag from /home/joestar/Documents/projects/airflow_etl/airflow_env/lib/python3.8/site-packages/airflow/example_dags/example_skip_dag.py
[2023-09-14T17:12:32.697+0100] {processor.py:839} INFO - DAG(s) dict_keys(['example_skip_dag']) retrieved from /home/joestar/Documents/projects/airflow_etl/airflow_env/lib/python3.8/site-packages/airflow/example_dags/example_skip_dag.py
[2023-09-14T17:12:32.820+0100] {logging_mixin.py:151} INFO - [2023-09-14T17:12:32.819+0100] {manager.py:499} INFO - Created Permission View: %s
[2023-09-14T17:12:32.852+0100] {logging_mixin.py:151} INFO - [2023-09-14T17:12:32.852+0100] {manager.py:499} INFO - Created Permission View: %s
[2023-09-14T17:12:32.871+0100] {logging_mixin.py:151} INFO - [2023-09-14T17:12:32.869+0100] {manager.py:499} INFO - Created Permission View: %s
[2023-09-14T17:12:32.873+0100] {logging_mixin.py:151} INFO - [2023-09-14T17:12:32.872+0100] {security.py:708} INFO - Not syncing DAG-level permissions for DAG 'DAG:example_skip_dag' as access control is unset.
[2023-09-14T17:12:32.874+0100] {logging_mixin.py:151} INFO - [2023-09-14T17:12:32.873+0100] {dag.py:2915} INFO - Sync 1 DAGs
[2023-09-14T17:12:32.906+0100] {logging_mixin.py:151} INFO - [2023-09-14T17:12:32.905+0100] {dag.py:2937} INFO - Creating ORM DAG for example_skip_dag
[2023-09-14T17:12:32.919+0100] {logging_mixin.py:151} INFO - [2023-09-14T17:12:32.918+0100] {dag.py:3696} INFO - Setting next_dagrun for example_skip_dag to 2023-09-13T16:12:32.918686+00:00, run_after=2023-09-14T16:12:32.918686+00:00
[2023-09-14T17:12:32.948+0100] {processor.py:179} INFO - Processing /home/joestar/Documents/projects/airflow_etl/airflow_env/lib/python3.8/site-packages/airflow/example_dags/example_skip_dag.py took 0.271 seconds
[2023-09-14T17:13:24.569+0100] {processor.py:157} INFO - Started process (PID=24844) to work on /home/joestar/Documents/projects/airflow_etl/airflow_env/lib/python3.8/site-packages/airflow/example_dags/example_skip_dag.py
[2023-09-14T17:13:24.573+0100] {processor.py:829} INFO - Processing file /home/joestar/Documents/projects/airflow_etl/airflow_env/lib/python3.8/site-packages/airflow/example_dags/example_skip_dag.py for tasks to queue
[2023-09-14T17:13:24.575+0100] {logging_mixin.py:151} INFO - [2023-09-14T17:13:24.574+0100] {dagbag.py:539} INFO - Filling up the DagBag from /home/joestar/Documents/projects/airflow_etl/airflow_env/lib/python3.8/site-packages/airflow/example_dags/example_skip_dag.py
[2023-09-14T17:13:24.596+0100] {processor.py:839} INFO - DAG(s) dict_keys(['example_skip_dag']) retrieved from /home/joestar/Documents/projects/airflow_etl/airflow_env/lib/python3.8/site-packages/airflow/example_dags/example_skip_dag.py
[2023-09-14T17:13:24.636+0100] {logging_mixin.py:151} INFO - [2023-09-14T17:13:24.636+0100] {dag.py:2915} INFO - Sync 1 DAGs
[2023-09-14T17:13:24.676+0100] {logging_mixin.py:151} INFO - [2023-09-14T17:13:24.676+0100] {dag.py:3696} INFO - Setting next_dagrun for example_skip_dag to 2023-09-13T16:13:24.675981+00:00, run_after=2023-09-14T16:13:24.675981+00:00
[2023-09-14T17:13:24.742+0100] {processor.py:179} INFO - Processing /home/joestar/Documents/projects/airflow_etl/airflow_env/lib/python3.8/site-packages/airflow/example_dags/example_skip_dag.py took 0.178 seconds
[2023-09-14T17:14:12.810+0100] {processor.py:157} INFO - Started process (PID=25141) to work on /home/joestar/Documents/projects/airflow_etl/airflow_env/lib/python3.8/site-packages/airflow/example_dags/example_skip_dag.py
[2023-09-14T17:14:12.812+0100] {processor.py:829} INFO - Processing file /home/joestar/Documents/projects/airflow_etl/airflow_env/lib/python3.8/site-packages/airflow/example_dags/example_skip_dag.py for tasks to queue
[2023-09-14T17:14:12.813+0100] {logging_mixin.py:151} INFO - [2023-09-14T17:14:12.812+0100] {dagbag.py:539} INFO - Filling up the DagBag from /home/joestar/Documents/projects/airflow_etl/airflow_env/lib/python3.8/site-packages/airflow/example_dags/example_skip_dag.py
[2023-09-14T17:14:12.820+0100] {processor.py:839} INFO - DAG(s) dict_keys(['example_skip_dag']) retrieved from /home/joestar/Documents/projects/airflow_etl/airflow_env/lib/python3.8/site-packages/airflow/example_dags/example_skip_dag.py
[2023-09-14T17:14:12.840+0100] {logging_mixin.py:151} INFO - [2023-09-14T17:14:12.839+0100] {dag.py:2915} INFO - Sync 1 DAGs
[2023-09-14T17:14:12.860+0100] {logging_mixin.py:151} INFO - [2023-09-14T17:14:12.860+0100] {dag.py:3696} INFO - Setting next_dagrun for example_skip_dag to 2023-09-13T16:14:12.859876+00:00, run_after=2023-09-14T16:14:12.859876+00:00
[2023-09-14T17:14:12.884+0100] {processor.py:179} INFO - Processing /home/joestar/Documents/projects/airflow_etl/airflow_env/lib/python3.8/site-packages/airflow/example_dags/example_skip_dag.py took 0.078 seconds
[2023-09-14T17:15:08.690+0100] {processor.py:157} INFO - Started process (PID=25825) to work on /home/joestar/Documents/projects/airflow_etl/airflow_env/lib/python3.8/site-packages/airflow/example_dags/example_skip_dag.py
[2023-09-14T17:15:08.691+0100] {processor.py:829} INFO - Processing file /home/joestar/Documents/projects/airflow_etl/airflow_env/lib/python3.8/site-packages/airflow/example_dags/example_skip_dag.py for tasks to queue
[2023-09-14T17:15:08.692+0100] {logging_mixin.py:151} INFO - [2023-09-14T17:15:08.692+0100] {dagbag.py:539} INFO - Filling up the DagBag from /home/joestar/Documents/projects/airflow_etl/airflow_env/lib/python3.8/site-packages/airflow/example_dags/example_skip_dag.py
[2023-09-14T17:15:08.701+0100] {processor.py:839} INFO - DAG(s) dict_keys(['example_skip_dag']) retrieved from /home/joestar/Documents/projects/airflow_etl/airflow_env/lib/python3.8/site-packages/airflow/example_dags/example_skip_dag.py
[2023-09-14T17:15:08.716+0100] {logging_mixin.py:151} INFO - [2023-09-14T17:15:08.716+0100] {dag.py:2915} INFO - Sync 1 DAGs
[2023-09-14T17:15:08.733+0100] {logging_mixin.py:151} INFO - [2023-09-14T17:15:08.732+0100] {dag.py:3696} INFO - Setting next_dagrun for example_skip_dag to 2023-09-13T16:15:08.732598+00:00, run_after=2023-09-14T16:15:08.732598+00:00
[2023-09-14T17:15:08.756+0100] {processor.py:179} INFO - Processing /home/joestar/Documents/projects/airflow_etl/airflow_env/lib/python3.8/site-packages/airflow/example_dags/example_skip_dag.py took 0.072 seconds
[2023-09-14T17:16:05.075+0100] {processor.py:157} INFO - Started process (PID=26100) to work on /home/joestar/Documents/projects/airflow_etl/airflow_env/lib/python3.8/site-packages/airflow/example_dags/example_skip_dag.py
[2023-09-14T17:16:05.076+0100] {processor.py:829} INFO - Processing file /home/joestar/Documents/projects/airflow_etl/airflow_env/lib/python3.8/site-packages/airflow/example_dags/example_skip_dag.py for tasks to queue
[2023-09-14T17:16:05.078+0100] {logging_mixin.py:151} INFO - [2023-09-14T17:16:05.077+0100] {dagbag.py:539} INFO - Filling up the DagBag from /home/joestar/Documents/projects/airflow_etl/airflow_env/lib/python3.8/site-packages/airflow/example_dags/example_skip_dag.py
[2023-09-14T17:16:05.089+0100] {processor.py:839} INFO - DAG(s) dict_keys(['example_skip_dag']) retrieved from /home/joestar/Documents/projects/airflow_etl/airflow_env/lib/python3.8/site-packages/airflow/example_dags/example_skip_dag.py
[2023-09-14T17:16:05.110+0100] {logging_mixin.py:151} INFO - [2023-09-14T17:16:05.110+0100] {dag.py:2915} INFO - Sync 1 DAGs
[2023-09-14T17:16:05.136+0100] {logging_mixin.py:151} INFO - [2023-09-14T17:16:05.135+0100] {dag.py:3696} INFO - Setting next_dagrun for example_skip_dag to 2023-09-13T16:16:05.135268+00:00, run_after=2023-09-14T16:16:05.135268+00:00
[2023-09-14T17:16:05.169+0100] {processor.py:179} INFO - Processing /home/joestar/Documents/projects/airflow_etl/airflow_env/lib/python3.8/site-packages/airflow/example_dags/example_skip_dag.py took 0.099 seconds
[2023-09-14T17:16:58.285+0100] {processor.py:157} INFO - Started process (PID=26347) to work on /home/joestar/Documents/projects/airflow_etl/airflow_env/lib/python3.8/site-packages/airflow/example_dags/example_skip_dag.py
[2023-09-14T17:16:58.286+0100] {processor.py:829} INFO - Processing file /home/joestar/Documents/projects/airflow_etl/airflow_env/lib/python3.8/site-packages/airflow/example_dags/example_skip_dag.py for tasks to queue
[2023-09-14T17:16:58.286+0100] {logging_mixin.py:151} INFO - [2023-09-14T17:16:58.286+0100] {dagbag.py:539} INFO - Filling up the DagBag from /home/joestar/Documents/projects/airflow_etl/airflow_env/lib/python3.8/site-packages/airflow/example_dags/example_skip_dag.py
[2023-09-14T17:16:58.296+0100] {processor.py:839} INFO - DAG(s) dict_keys(['example_skip_dag']) retrieved from /home/joestar/Documents/projects/airflow_etl/airflow_env/lib/python3.8/site-packages/airflow/example_dags/example_skip_dag.py
[2023-09-14T17:16:58.315+0100] {logging_mixin.py:151} INFO - [2023-09-14T17:16:58.315+0100] {dag.py:2915} INFO - Sync 1 DAGs
[2023-09-14T17:16:58.339+0100] {logging_mixin.py:151} INFO - [2023-09-14T17:16:58.339+0100] {dag.py:3696} INFO - Setting next_dagrun for example_skip_dag to 2023-09-13T16:16:58.338921+00:00, run_after=2023-09-14T16:16:58.338921+00:00
[2023-09-14T17:16:58.369+0100] {processor.py:179} INFO - Processing /home/joestar/Documents/projects/airflow_etl/airflow_env/lib/python3.8/site-packages/airflow/example_dags/example_skip_dag.py took 0.088 seconds
[2023-09-14T17:17:50.312+0100] {processor.py:157} INFO - Started process (PID=26631) to work on /home/joestar/Documents/projects/airflow_etl/airflow_env/lib/python3.8/site-packages/airflow/example_dags/example_skip_dag.py
[2023-09-14T17:17:50.313+0100] {processor.py:829} INFO - Processing file /home/joestar/Documents/projects/airflow_etl/airflow_env/lib/python3.8/site-packages/airflow/example_dags/example_skip_dag.py for tasks to queue
[2023-09-14T17:17:50.314+0100] {logging_mixin.py:151} INFO - [2023-09-14T17:17:50.313+0100] {dagbag.py:539} INFO - Filling up the DagBag from /home/joestar/Documents/projects/airflow_etl/airflow_env/lib/python3.8/site-packages/airflow/example_dags/example_skip_dag.py
[2023-09-14T17:17:50.322+0100] {processor.py:839} INFO - DAG(s) dict_keys(['example_skip_dag']) retrieved from /home/joestar/Documents/projects/airflow_etl/airflow_env/lib/python3.8/site-packages/airflow/example_dags/example_skip_dag.py
[2023-09-14T17:17:50.338+0100] {logging_mixin.py:151} INFO - [2023-09-14T17:17:50.337+0100] {dag.py:2915} INFO - Sync 1 DAGs
[2023-09-14T17:17:50.357+0100] {logging_mixin.py:151} INFO - [2023-09-14T17:17:50.357+0100] {dag.py:3696} INFO - Setting next_dagrun for example_skip_dag to 2023-09-13T16:17:50.357291+00:00, run_after=2023-09-14T16:17:50.357291+00:00
[2023-09-14T17:17:50.395+0100] {processor.py:179} INFO - Processing /home/joestar/Documents/projects/airflow_etl/airflow_env/lib/python3.8/site-packages/airflow/example_dags/example_skip_dag.py took 0.087 seconds
[2023-09-14T17:18:37.974+0100] {processor.py:157} INFO - Started process (PID=26879) to work on /home/joestar/Documents/projects/airflow_etl/airflow_env/lib/python3.8/site-packages/airflow/example_dags/example_skip_dag.py
[2023-09-14T17:18:37.975+0100] {processor.py:829} INFO - Processing file /home/joestar/Documents/projects/airflow_etl/airflow_env/lib/python3.8/site-packages/airflow/example_dags/example_skip_dag.py for tasks to queue
[2023-09-14T17:18:37.976+0100] {logging_mixin.py:151} INFO - [2023-09-14T17:18:37.976+0100] {dagbag.py:539} INFO - Filling up the DagBag from /home/joestar/Documents/projects/airflow_etl/airflow_env/lib/python3.8/site-packages/airflow/example_dags/example_skip_dag.py
[2023-09-14T17:18:37.986+0100] {processor.py:839} INFO - DAG(s) dict_keys(['example_skip_dag']) retrieved from /home/joestar/Documents/projects/airflow_etl/airflow_env/lib/python3.8/site-packages/airflow/example_dags/example_skip_dag.py
[2023-09-14T17:18:38.005+0100] {logging_mixin.py:151} INFO - [2023-09-14T17:18:38.004+0100] {dag.py:2915} INFO - Sync 1 DAGs
[2023-09-14T17:18:38.033+0100] {logging_mixin.py:151} INFO - [2023-09-14T17:18:38.033+0100] {dag.py:3696} INFO - Setting next_dagrun for example_skip_dag to 2023-09-13T16:18:38.033008+00:00, run_after=2023-09-14T16:18:38.033008+00:00
[2023-09-14T17:18:38.061+0100] {processor.py:179} INFO - Processing /home/joestar/Documents/projects/airflow_etl/airflow_env/lib/python3.8/site-packages/airflow/example_dags/example_skip_dag.py took 0.090 seconds
[2023-09-14T17:19:38.030+0100] {processor.py:157} INFO - Started process (PID=27358) to work on /home/joestar/Documents/projects/airflow_etl/airflow_env/lib/python3.8/site-packages/airflow/example_dags/example_skip_dag.py
[2023-09-14T17:19:38.031+0100] {processor.py:829} INFO - Processing file /home/joestar/Documents/projects/airflow_etl/airflow_env/lib/python3.8/site-packages/airflow/example_dags/example_skip_dag.py for tasks to queue
[2023-09-14T17:19:38.032+0100] {logging_mixin.py:151} INFO - [2023-09-14T17:19:38.032+0100] {dagbag.py:539} INFO - Filling up the DagBag from /home/joestar/Documents/projects/airflow_etl/airflow_env/lib/python3.8/site-packages/airflow/example_dags/example_skip_dag.py
[2023-09-14T17:19:38.040+0100] {processor.py:839} INFO - DAG(s) dict_keys(['example_skip_dag']) retrieved from /home/joestar/Documents/projects/airflow_etl/airflow_env/lib/python3.8/site-packages/airflow/example_dags/example_skip_dag.py
[2023-09-14T17:19:38.061+0100] {logging_mixin.py:151} INFO - [2023-09-14T17:19:38.061+0100] {dag.py:2915} INFO - Sync 1 DAGs
[2023-09-14T17:19:38.089+0100] {logging_mixin.py:151} INFO - [2023-09-14T17:19:38.089+0100] {dag.py:3696} INFO - Setting next_dagrun for example_skip_dag to 2023-09-13T16:19:38.088893+00:00, run_after=2023-09-14T16:19:38.088893+00:00
[2023-09-14T17:19:38.130+0100] {processor.py:179} INFO - Processing /home/joestar/Documents/projects/airflow_etl/airflow_env/lib/python3.8/site-packages/airflow/example_dags/example_skip_dag.py took 0.103 seconds
[2023-09-14T17:20:31.335+0100] {processor.py:157} INFO - Started process (PID=27573) to work on /home/joestar/Documents/projects/airflow_etl/airflow_env/lib/python3.8/site-packages/airflow/example_dags/example_skip_dag.py
[2023-09-14T17:20:31.336+0100] {processor.py:829} INFO - Processing file /home/joestar/Documents/projects/airflow_etl/airflow_env/lib/python3.8/site-packages/airflow/example_dags/example_skip_dag.py for tasks to queue
[2023-09-14T17:20:31.337+0100] {logging_mixin.py:151} INFO - [2023-09-14T17:20:31.337+0100] {dagbag.py:539} INFO - Filling up the DagBag from /home/joestar/Documents/projects/airflow_etl/airflow_env/lib/python3.8/site-packages/airflow/example_dags/example_skip_dag.py
[2023-09-14T17:20:31.345+0100] {processor.py:839} INFO - DAG(s) dict_keys(['example_skip_dag']) retrieved from /home/joestar/Documents/projects/airflow_etl/airflow_env/lib/python3.8/site-packages/airflow/example_dags/example_skip_dag.py
[2023-09-14T17:20:31.369+0100] {logging_mixin.py:151} INFO - [2023-09-14T17:20:31.368+0100] {dag.py:2915} INFO - Sync 1 DAGs
[2023-09-14T17:20:31.398+0100] {logging_mixin.py:151} INFO - [2023-09-14T17:20:31.398+0100] {dag.py:3696} INFO - Setting next_dagrun for example_skip_dag to 2023-09-13T16:20:31.398449+00:00, run_after=2023-09-14T16:20:31.398449+00:00
[2023-09-14T17:20:31.427+0100] {processor.py:179} INFO - Processing /home/joestar/Documents/projects/airflow_etl/airflow_env/lib/python3.8/site-packages/airflow/example_dags/example_skip_dag.py took 0.095 seconds
[2023-09-14T17:21:23.131+0100] {processor.py:157} INFO - Started process (PID=27810) to work on /home/joestar/Documents/projects/airflow_etl/airflow_env/lib/python3.8/site-packages/airflow/example_dags/example_skip_dag.py
[2023-09-14T17:21:23.133+0100] {processor.py:829} INFO - Processing file /home/joestar/Documents/projects/airflow_etl/airflow_env/lib/python3.8/site-packages/airflow/example_dags/example_skip_dag.py for tasks to queue
[2023-09-14T17:21:23.134+0100] {logging_mixin.py:151} INFO - [2023-09-14T17:21:23.134+0100] {dagbag.py:539} INFO - Filling up the DagBag from /home/joestar/Documents/projects/airflow_etl/airflow_env/lib/python3.8/site-packages/airflow/example_dags/example_skip_dag.py
[2023-09-14T17:21:23.143+0100] {processor.py:839} INFO - DAG(s) dict_keys(['example_skip_dag']) retrieved from /home/joestar/Documents/projects/airflow_etl/airflow_env/lib/python3.8/site-packages/airflow/example_dags/example_skip_dag.py
[2023-09-14T17:21:23.162+0100] {logging_mixin.py:151} INFO - [2023-09-14T17:21:23.162+0100] {dag.py:2915} INFO - Sync 1 DAGs
[2023-09-14T17:21:23.184+0100] {logging_mixin.py:151} INFO - [2023-09-14T17:21:23.184+0100] {dag.py:3696} INFO - Setting next_dagrun for example_skip_dag to 2023-09-13T16:21:23.183986+00:00, run_after=2023-09-14T16:21:23.183986+00:00
[2023-09-14T17:21:23.216+0100] {processor.py:179} INFO - Processing /home/joestar/Documents/projects/airflow_etl/airflow_env/lib/python3.8/site-packages/airflow/example_dags/example_skip_dag.py took 0.088 seconds
[2023-09-14T17:22:15.516+0100] {processor.py:157} INFO - Started process (PID=28022) to work on /home/joestar/Documents/projects/airflow_etl/airflow_env/lib/python3.8/site-packages/airflow/example_dags/example_skip_dag.py
[2023-09-14T17:22:15.517+0100] {processor.py:829} INFO - Processing file /home/joestar/Documents/projects/airflow_etl/airflow_env/lib/python3.8/site-packages/airflow/example_dags/example_skip_dag.py for tasks to queue
[2023-09-14T17:22:15.519+0100] {logging_mixin.py:151} INFO - [2023-09-14T17:22:15.518+0100] {dagbag.py:539} INFO - Filling up the DagBag from /home/joestar/Documents/projects/airflow_etl/airflow_env/lib/python3.8/site-packages/airflow/example_dags/example_skip_dag.py
[2023-09-14T17:22:15.532+0100] {processor.py:839} INFO - DAG(s) dict_keys(['example_skip_dag']) retrieved from /home/joestar/Documents/projects/airflow_etl/airflow_env/lib/python3.8/site-packages/airflow/example_dags/example_skip_dag.py
[2023-09-14T17:22:15.559+0100] {logging_mixin.py:151} INFO - [2023-09-14T17:22:15.559+0100] {dag.py:2915} INFO - Sync 1 DAGs
[2023-09-14T17:22:15.596+0100] {logging_mixin.py:151} INFO - [2023-09-14T17:22:15.595+0100] {dag.py:3696} INFO - Setting next_dagrun for example_skip_dag to 2023-09-13T16:22:15.595608+00:00, run_after=2023-09-14T16:22:15.595608+00:00
[2023-09-14T17:22:15.640+0100] {processor.py:179} INFO - Processing /home/joestar/Documents/projects/airflow_etl/airflow_env/lib/python3.8/site-packages/airflow/example_dags/example_skip_dag.py took 0.128 seconds
[2023-09-14T17:23:10.243+0100] {processor.py:157} INFO - Started process (PID=28272) to work on /home/joestar/Documents/projects/airflow_etl/airflow_env/lib/python3.8/site-packages/airflow/example_dags/example_skip_dag.py
[2023-09-14T17:23:10.244+0100] {processor.py:829} INFO - Processing file /home/joestar/Documents/projects/airflow_etl/airflow_env/lib/python3.8/site-packages/airflow/example_dags/example_skip_dag.py for tasks to queue
[2023-09-14T17:23:10.246+0100] {logging_mixin.py:151} INFO - [2023-09-14T17:23:10.245+0100] {dagbag.py:539} INFO - Filling up the DagBag from /home/joestar/Documents/projects/airflow_etl/airflow_env/lib/python3.8/site-packages/airflow/example_dags/example_skip_dag.py
[2023-09-14T17:23:10.259+0100] {processor.py:839} INFO - DAG(s) dict_keys(['example_skip_dag']) retrieved from /home/joestar/Documents/projects/airflow_etl/airflow_env/lib/python3.8/site-packages/airflow/example_dags/example_skip_dag.py
[2023-09-14T17:23:10.286+0100] {logging_mixin.py:151} INFO - [2023-09-14T17:23:10.285+0100] {dag.py:2915} INFO - Sync 1 DAGs
[2023-09-14T17:23:10.320+0100] {logging_mixin.py:151} INFO - [2023-09-14T17:23:10.320+0100] {dag.py:3696} INFO - Setting next_dagrun for example_skip_dag to 2023-09-13T16:23:10.319681+00:00, run_after=2023-09-14T16:23:10.319681+00:00
[2023-09-14T17:23:10.357+0100] {processor.py:179} INFO - Processing /home/joestar/Documents/projects/airflow_etl/airflow_env/lib/python3.8/site-packages/airflow/example_dags/example_skip_dag.py took 0.119 seconds
[2023-09-14T17:24:07.447+0100] {processor.py:157} INFO - Started process (PID=28532) to work on /home/joestar/Documents/projects/airflow_etl/airflow_env/lib/python3.8/site-packages/airflow/example_dags/example_skip_dag.py
[2023-09-14T17:24:07.448+0100] {processor.py:829} INFO - Processing file /home/joestar/Documents/projects/airflow_etl/airflow_env/lib/python3.8/site-packages/airflow/example_dags/example_skip_dag.py for tasks to queue
[2023-09-14T17:24:07.450+0100] {logging_mixin.py:151} INFO - [2023-09-14T17:24:07.449+0100] {dagbag.py:539} INFO - Filling up the DagBag from /home/joestar/Documents/projects/airflow_etl/airflow_env/lib/python3.8/site-packages/airflow/example_dags/example_skip_dag.py
[2023-09-14T17:24:07.464+0100] {processor.py:839} INFO - DAG(s) dict_keys(['example_skip_dag']) retrieved from /home/joestar/Documents/projects/airflow_etl/airflow_env/lib/python3.8/site-packages/airflow/example_dags/example_skip_dag.py
[2023-09-14T17:24:07.493+0100] {logging_mixin.py:151} INFO - [2023-09-14T17:24:07.493+0100] {dag.py:2915} INFO - Sync 1 DAGs
[2023-09-14T17:24:07.531+0100] {logging_mixin.py:151} INFO - [2023-09-14T17:24:07.530+0100] {dag.py:3696} INFO - Setting next_dagrun for example_skip_dag to 2023-09-13T16:24:07.530311+00:00, run_after=2023-09-14T16:24:07.530311+00:00
[2023-09-14T17:24:07.569+0100] {processor.py:179} INFO - Processing /home/joestar/Documents/projects/airflow_etl/airflow_env/lib/python3.8/site-packages/airflow/example_dags/example_skip_dag.py took 0.128 seconds
[2023-09-14T17:25:06.170+0100] {processor.py:157} INFO - Started process (PID=28766) to work on /home/joestar/Documents/projects/airflow_etl/airflow_env/lib/python3.8/site-packages/airflow/example_dags/example_skip_dag.py
[2023-09-14T17:25:06.171+0100] {processor.py:829} INFO - Processing file /home/joestar/Documents/projects/airflow_etl/airflow_env/lib/python3.8/site-packages/airflow/example_dags/example_skip_dag.py for tasks to queue
[2023-09-14T17:25:06.172+0100] {logging_mixin.py:151} INFO - [2023-09-14T17:25:06.172+0100] {dagbag.py:539} INFO - Filling up the DagBag from /home/joestar/Documents/projects/airflow_etl/airflow_env/lib/python3.8/site-packages/airflow/example_dags/example_skip_dag.py
[2023-09-14T17:25:06.179+0100] {processor.py:839} INFO - DAG(s) dict_keys(['example_skip_dag']) retrieved from /home/joestar/Documents/projects/airflow_etl/airflow_env/lib/python3.8/site-packages/airflow/example_dags/example_skip_dag.py
[2023-09-14T17:25:06.193+0100] {logging_mixin.py:151} INFO - [2023-09-14T17:25:06.193+0100] {dag.py:2915} INFO - Sync 1 DAGs
[2023-09-14T17:25:06.212+0100] {logging_mixin.py:151} INFO - [2023-09-14T17:25:06.211+0100] {dag.py:3696} INFO - Setting next_dagrun for example_skip_dag to 2023-09-13T16:25:06.211687+00:00, run_after=2023-09-14T16:25:06.211687+00:00
[2023-09-14T17:25:06.239+0100] {processor.py:179} INFO - Processing /home/joestar/Documents/projects/airflow_etl/airflow_env/lib/python3.8/site-packages/airflow/example_dags/example_skip_dag.py took 0.071 seconds
[2023-09-14T17:26:00.107+0100] {processor.py:157} INFO - Started process (PID=29002) to work on /home/joestar/Documents/projects/airflow_etl/airflow_env/lib/python3.8/site-packages/airflow/example_dags/example_skip_dag.py
[2023-09-14T17:26:00.109+0100] {processor.py:829} INFO - Processing file /home/joestar/Documents/projects/airflow_etl/airflow_env/lib/python3.8/site-packages/airflow/example_dags/example_skip_dag.py for tasks to queue
[2023-09-14T17:26:00.110+0100] {logging_mixin.py:151} INFO - [2023-09-14T17:26:00.110+0100] {dagbag.py:539} INFO - Filling up the DagBag from /home/joestar/Documents/projects/airflow_etl/airflow_env/lib/python3.8/site-packages/airflow/example_dags/example_skip_dag.py
[2023-09-14T17:26:00.122+0100] {processor.py:839} INFO - DAG(s) dict_keys(['example_skip_dag']) retrieved from /home/joestar/Documents/projects/airflow_etl/airflow_env/lib/python3.8/site-packages/airflow/example_dags/example_skip_dag.py
[2023-09-14T17:26:00.148+0100] {logging_mixin.py:151} INFO - [2023-09-14T17:26:00.148+0100] {dag.py:2915} INFO - Sync 1 DAGs
[2023-09-14T17:26:00.180+0100] {logging_mixin.py:151} INFO - [2023-09-14T17:26:00.180+0100] {dag.py:3696} INFO - Setting next_dagrun for example_skip_dag to 2023-09-13T16:26:00.180083+00:00, run_after=2023-09-14T16:26:00.180083+00:00
[2023-09-14T17:26:00.220+0100] {processor.py:179} INFO - Processing /home/joestar/Documents/projects/airflow_etl/airflow_env/lib/python3.8/site-packages/airflow/example_dags/example_skip_dag.py took 0.117 seconds
[2023-09-14T17:26:53.382+0100] {processor.py:157} INFO - Started process (PID=29221) to work on /home/joestar/Documents/projects/airflow_etl/airflow_env/lib/python3.8/site-packages/airflow/example_dags/example_skip_dag.py
[2023-09-14T17:26:53.383+0100] {processor.py:829} INFO - Processing file /home/joestar/Documents/projects/airflow_etl/airflow_env/lib/python3.8/site-packages/airflow/example_dags/example_skip_dag.py for tasks to queue
[2023-09-14T17:26:53.384+0100] {logging_mixin.py:151} INFO - [2023-09-14T17:26:53.384+0100] {dagbag.py:539} INFO - Filling up the DagBag from /home/joestar/Documents/projects/airflow_etl/airflow_env/lib/python3.8/site-packages/airflow/example_dags/example_skip_dag.py
[2023-09-14T17:26:53.391+0100] {processor.py:839} INFO - DAG(s) dict_keys(['example_skip_dag']) retrieved from /home/joestar/Documents/projects/airflow_etl/airflow_env/lib/python3.8/site-packages/airflow/example_dags/example_skip_dag.py
[2023-09-14T17:26:53.406+0100] {logging_mixin.py:151} INFO - [2023-09-14T17:26:53.406+0100] {dag.py:2915} INFO - Sync 1 DAGs
[2023-09-14T17:26:53.425+0100] {logging_mixin.py:151} INFO - [2023-09-14T17:26:53.425+0100] {dag.py:3696} INFO - Setting next_dagrun for example_skip_dag to 2023-09-13T16:26:53.424706+00:00, run_after=2023-09-14T16:26:53.424706+00:00
[2023-09-14T17:26:53.448+0100] {processor.py:179} INFO - Processing /home/joestar/Documents/projects/airflow_etl/airflow_env/lib/python3.8/site-packages/airflow/example_dags/example_skip_dag.py took 0.069 seconds
[2023-09-14T17:27:48.184+0100] {processor.py:157} INFO - Started process (PID=29466) to work on /home/joestar/Documents/projects/airflow_etl/airflow_env/lib/python3.8/site-packages/airflow/example_dags/example_skip_dag.py
[2023-09-14T17:27:48.186+0100] {processor.py:829} INFO - Processing file /home/joestar/Documents/projects/airflow_etl/airflow_env/lib/python3.8/site-packages/airflow/example_dags/example_skip_dag.py for tasks to queue
[2023-09-14T17:27:48.187+0100] {logging_mixin.py:151} INFO - [2023-09-14T17:27:48.187+0100] {dagbag.py:539} INFO - Filling up the DagBag from /home/joestar/Documents/projects/airflow_etl/airflow_env/lib/python3.8/site-packages/airflow/example_dags/example_skip_dag.py
[2023-09-14T17:27:48.201+0100] {processor.py:839} INFO - DAG(s) dict_keys(['example_skip_dag']) retrieved from /home/joestar/Documents/projects/airflow_etl/airflow_env/lib/python3.8/site-packages/airflow/example_dags/example_skip_dag.py
[2023-09-14T17:27:48.229+0100] {logging_mixin.py:151} INFO - [2023-09-14T17:27:48.229+0100] {dag.py:2915} INFO - Sync 1 DAGs
[2023-09-14T17:27:48.263+0100] {logging_mixin.py:151} INFO - [2023-09-14T17:27:48.263+0100] {dag.py:3696} INFO - Setting next_dagrun for example_skip_dag to 2023-09-13T16:27:48.262869+00:00, run_after=2023-09-14T16:27:48.262869+00:00
[2023-09-14T17:27:48.299+0100] {processor.py:179} INFO - Processing /home/joestar/Documents/projects/airflow_etl/airflow_env/lib/python3.8/site-packages/airflow/example_dags/example_skip_dag.py took 0.119 seconds
[2023-09-14T17:28:42.516+0100] {processor.py:157} INFO - Started process (PID=29712) to work on /home/joestar/Documents/projects/airflow_etl/airflow_env/lib/python3.8/site-packages/airflow/example_dags/example_skip_dag.py
[2023-09-14T17:28:42.518+0100] {processor.py:829} INFO - Processing file /home/joestar/Documents/projects/airflow_etl/airflow_env/lib/python3.8/site-packages/airflow/example_dags/example_skip_dag.py for tasks to queue
[2023-09-14T17:28:42.519+0100] {logging_mixin.py:151} INFO - [2023-09-14T17:28:42.518+0100] {dagbag.py:539} INFO - Filling up the DagBag from /home/joestar/Documents/projects/airflow_etl/airflow_env/lib/python3.8/site-packages/airflow/example_dags/example_skip_dag.py
[2023-09-14T17:28:42.526+0100] {processor.py:839} INFO - DAG(s) dict_keys(['example_skip_dag']) retrieved from /home/joestar/Documents/projects/airflow_etl/airflow_env/lib/python3.8/site-packages/airflow/example_dags/example_skip_dag.py
[2023-09-14T17:28:42.543+0100] {logging_mixin.py:151} INFO - [2023-09-14T17:28:42.543+0100] {dag.py:2915} INFO - Sync 1 DAGs
[2023-09-14T17:28:42.564+0100] {logging_mixin.py:151} INFO - [2023-09-14T17:28:42.564+0100] {dag.py:3696} INFO - Setting next_dagrun for example_skip_dag to 2023-09-13T16:28:42.564258+00:00, run_after=2023-09-14T16:28:42.564258+00:00
[2023-09-14T17:28:42.592+0100] {processor.py:179} INFO - Processing /home/joestar/Documents/projects/airflow_etl/airflow_env/lib/python3.8/site-packages/airflow/example_dags/example_skip_dag.py took 0.080 seconds
[2023-09-14T17:29:33.727+0100] {processor.py:157} INFO - Started process (PID=29964) to work on /home/joestar/Documents/projects/airflow_etl/airflow_env/lib/python3.8/site-packages/airflow/example_dags/example_skip_dag.py
[2023-09-14T17:29:33.728+0100] {processor.py:829} INFO - Processing file /home/joestar/Documents/projects/airflow_etl/airflow_env/lib/python3.8/site-packages/airflow/example_dags/example_skip_dag.py for tasks to queue
[2023-09-14T17:29:33.729+0100] {logging_mixin.py:151} INFO - [2023-09-14T17:29:33.728+0100] {dagbag.py:539} INFO - Filling up the DagBag from /home/joestar/Documents/projects/airflow_etl/airflow_env/lib/python3.8/site-packages/airflow/example_dags/example_skip_dag.py
[2023-09-14T17:29:33.737+0100] {processor.py:839} INFO - DAG(s) dict_keys(['example_skip_dag']) retrieved from /home/joestar/Documents/projects/airflow_etl/airflow_env/lib/python3.8/site-packages/airflow/example_dags/example_skip_dag.py
[2023-09-14T17:29:33.759+0100] {logging_mixin.py:151} INFO - [2023-09-14T17:29:33.759+0100] {dag.py:2915} INFO - Sync 1 DAGs
[2023-09-14T17:29:33.782+0100] {logging_mixin.py:151} INFO - [2023-09-14T17:29:33.782+0100] {dag.py:3696} INFO - Setting next_dagrun for example_skip_dag to 2023-09-13T16:29:33.782359+00:00, run_after=2023-09-14T16:29:33.782359+00:00
[2023-09-14T17:29:33.812+0100] {processor.py:179} INFO - Processing /home/joestar/Documents/projects/airflow_etl/airflow_env/lib/python3.8/site-packages/airflow/example_dags/example_skip_dag.py took 0.088 seconds
[2023-09-14T17:30:25.804+0100] {processor.py:157} INFO - Started process (PID=30214) to work on /home/joestar/Documents/projects/airflow_etl/airflow_env/lib/python3.8/site-packages/airflow/example_dags/example_skip_dag.py
[2023-09-14T17:30:25.805+0100] {processor.py:829} INFO - Processing file /home/joestar/Documents/projects/airflow_etl/airflow_env/lib/python3.8/site-packages/airflow/example_dags/example_skip_dag.py for tasks to queue
[2023-09-14T17:30:25.806+0100] {logging_mixin.py:151} INFO - [2023-09-14T17:30:25.806+0100] {dagbag.py:539} INFO - Filling up the DagBag from /home/joestar/Documents/projects/airflow_etl/airflow_env/lib/python3.8/site-packages/airflow/example_dags/example_skip_dag.py
[2023-09-14T17:30:25.814+0100] {processor.py:839} INFO - DAG(s) dict_keys(['example_skip_dag']) retrieved from /home/joestar/Documents/projects/airflow_etl/airflow_env/lib/python3.8/site-packages/airflow/example_dags/example_skip_dag.py
[2023-09-14T17:30:25.840+0100] {logging_mixin.py:151} INFO - [2023-09-14T17:30:25.840+0100] {dag.py:2915} INFO - Sync 1 DAGs
[2023-09-14T17:30:25.872+0100] {logging_mixin.py:151} INFO - [2023-09-14T17:30:25.871+0100] {dag.py:3696} INFO - Setting next_dagrun for example_skip_dag to 2023-09-13T16:30:25.871335+00:00, run_after=2023-09-14T16:30:25.871335+00:00
[2023-09-14T17:30:25.915+0100] {processor.py:179} INFO - Processing /home/joestar/Documents/projects/airflow_etl/airflow_env/lib/python3.8/site-packages/airflow/example_dags/example_skip_dag.py took 0.114 seconds
[2023-09-14T17:31:17.073+0100] {processor.py:157} INFO - Started process (PID=30459) to work on /home/joestar/Documents/projects/airflow_etl/airflow_env/lib/python3.8/site-packages/airflow/example_dags/example_skip_dag.py
[2023-09-14T17:31:17.074+0100] {processor.py:829} INFO - Processing file /home/joestar/Documents/projects/airflow_etl/airflow_env/lib/python3.8/site-packages/airflow/example_dags/example_skip_dag.py for tasks to queue
[2023-09-14T17:31:17.075+0100] {logging_mixin.py:151} INFO - [2023-09-14T17:31:17.074+0100] {dagbag.py:539} INFO - Filling up the DagBag from /home/joestar/Documents/projects/airflow_etl/airflow_env/lib/python3.8/site-packages/airflow/example_dags/example_skip_dag.py
[2023-09-14T17:31:17.082+0100] {processor.py:839} INFO - DAG(s) dict_keys(['example_skip_dag']) retrieved from /home/joestar/Documents/projects/airflow_etl/airflow_env/lib/python3.8/site-packages/airflow/example_dags/example_skip_dag.py
[2023-09-14T17:31:17.099+0100] {logging_mixin.py:151} INFO - [2023-09-14T17:31:17.099+0100] {dag.py:2915} INFO - Sync 1 DAGs
[2023-09-14T17:31:17.124+0100] {logging_mixin.py:151} INFO - [2023-09-14T17:31:17.124+0100] {dag.py:3696} INFO - Setting next_dagrun for example_skip_dag to 2023-09-13T16:31:17.124060+00:00, run_after=2023-09-14T16:31:17.124060+00:00
[2023-09-14T17:31:17.152+0100] {processor.py:179} INFO - Processing /home/joestar/Documents/projects/airflow_etl/airflow_env/lib/python3.8/site-packages/airflow/example_dags/example_skip_dag.py took 0.082 seconds
[2023-09-14T17:32:07.853+0100] {processor.py:157} INFO - Started process (PID=30680) to work on /home/joestar/Documents/projects/airflow_etl/airflow_env/lib/python3.8/site-packages/airflow/example_dags/example_skip_dag.py
[2023-09-14T17:32:07.854+0100] {processor.py:829} INFO - Processing file /home/joestar/Documents/projects/airflow_etl/airflow_env/lib/python3.8/site-packages/airflow/example_dags/example_skip_dag.py for tasks to queue
[2023-09-14T17:32:07.855+0100] {logging_mixin.py:151} INFO - [2023-09-14T17:32:07.855+0100] {dagbag.py:539} INFO - Filling up the DagBag from /home/joestar/Documents/projects/airflow_etl/airflow_env/lib/python3.8/site-packages/airflow/example_dags/example_skip_dag.py
[2023-09-14T17:32:07.866+0100] {processor.py:839} INFO - DAG(s) dict_keys(['example_skip_dag']) retrieved from /home/joestar/Documents/projects/airflow_etl/airflow_env/lib/python3.8/site-packages/airflow/example_dags/example_skip_dag.py
[2023-09-14T17:32:07.889+0100] {logging_mixin.py:151} INFO - [2023-09-14T17:32:07.888+0100] {dag.py:2915} INFO - Sync 1 DAGs
[2023-09-14T17:32:07.918+0100] {logging_mixin.py:151} INFO - [2023-09-14T17:32:07.917+0100] {dag.py:3696} INFO - Setting next_dagrun for example_skip_dag to 2023-09-13T16:32:07.917459+00:00, run_after=2023-09-14T16:32:07.917459+00:00
[2023-09-14T17:32:07.952+0100] {processor.py:179} INFO - Processing /home/joestar/Documents/projects/airflow_etl/airflow_env/lib/python3.8/site-packages/airflow/example_dags/example_skip_dag.py took 0.103 seconds
[2023-09-14T17:32:59.843+0100] {processor.py:157} INFO - Started process (PID=30894) to work on /home/joestar/Documents/projects/airflow_etl/airflow_env/lib/python3.8/site-packages/airflow/example_dags/example_skip_dag.py
[2023-09-14T17:32:59.844+0100] {processor.py:829} INFO - Processing file /home/joestar/Documents/projects/airflow_etl/airflow_env/lib/python3.8/site-packages/airflow/example_dags/example_skip_dag.py for tasks to queue
[2023-09-14T17:32:59.844+0100] {logging_mixin.py:151} INFO - [2023-09-14T17:32:59.844+0100] {dagbag.py:539} INFO - Filling up the DagBag from /home/joestar/Documents/projects/airflow_etl/airflow_env/lib/python3.8/site-packages/airflow/example_dags/example_skip_dag.py
[2023-09-14T17:32:59.851+0100] {processor.py:839} INFO - DAG(s) dict_keys(['example_skip_dag']) retrieved from /home/joestar/Documents/projects/airflow_etl/airflow_env/lib/python3.8/site-packages/airflow/example_dags/example_skip_dag.py
[2023-09-14T17:32:59.866+0100] {logging_mixin.py:151} INFO - [2023-09-14T17:32:59.866+0100] {dag.py:2915} INFO - Sync 1 DAGs
[2023-09-14T17:32:59.886+0100] {logging_mixin.py:151} INFO - [2023-09-14T17:32:59.886+0100] {dag.py:3696} INFO - Setting next_dagrun for example_skip_dag to 2023-09-13T16:32:59.886131+00:00, run_after=2023-09-14T16:32:59.886131+00:00
[2023-09-14T17:32:59.909+0100] {processor.py:179} INFO - Processing /home/joestar/Documents/projects/airflow_etl/airflow_env/lib/python3.8/site-packages/airflow/example_dags/example_skip_dag.py took 0.069 seconds
[2023-09-14T17:33:54.043+0100] {processor.py:157} INFO - Started process (PID=31141) to work on /home/joestar/Documents/projects/airflow_etl/airflow_env/lib/python3.8/site-packages/airflow/example_dags/example_skip_dag.py
[2023-09-14T17:33:54.044+0100] {processor.py:829} INFO - Processing file /home/joestar/Documents/projects/airflow_etl/airflow_env/lib/python3.8/site-packages/airflow/example_dags/example_skip_dag.py for tasks to queue
[2023-09-14T17:33:54.045+0100] {logging_mixin.py:151} INFO - [2023-09-14T17:33:54.044+0100] {dagbag.py:539} INFO - Filling up the DagBag from /home/joestar/Documents/projects/airflow_etl/airflow_env/lib/python3.8/site-packages/airflow/example_dags/example_skip_dag.py
[2023-09-14T17:33:54.052+0100] {processor.py:839} INFO - DAG(s) dict_keys(['example_skip_dag']) retrieved from /home/joestar/Documents/projects/airflow_etl/airflow_env/lib/python3.8/site-packages/airflow/example_dags/example_skip_dag.py
[2023-09-14T17:33:54.068+0100] {logging_mixin.py:151} INFO - [2023-09-14T17:33:54.068+0100] {dag.py:2915} INFO - Sync 1 DAGs
[2023-09-14T17:33:54.089+0100] {logging_mixin.py:151} INFO - [2023-09-14T17:33:54.089+0100] {dag.py:3696} INFO - Setting next_dagrun for example_skip_dag to 2023-09-13T16:33:54.088867+00:00, run_after=2023-09-14T16:33:54.088867+00:00
[2023-09-14T17:33:54.114+0100] {processor.py:179} INFO - Processing /home/joestar/Documents/projects/airflow_etl/airflow_env/lib/python3.8/site-packages/airflow/example_dags/example_skip_dag.py took 0.075 seconds
[2023-09-14T17:34:48.518+0100] {processor.py:157} INFO - Started process (PID=31397) to work on /home/joestar/Documents/projects/airflow_etl/airflow_env/lib/python3.8/site-packages/airflow/example_dags/example_skip_dag.py
[2023-09-14T17:34:48.519+0100] {processor.py:829} INFO - Processing file /home/joestar/Documents/projects/airflow_etl/airflow_env/lib/python3.8/site-packages/airflow/example_dags/example_skip_dag.py for tasks to queue
[2023-09-14T17:34:48.520+0100] {logging_mixin.py:151} INFO - [2023-09-14T17:34:48.519+0100] {dagbag.py:539} INFO - Filling up the DagBag from /home/joestar/Documents/projects/airflow_etl/airflow_env/lib/python3.8/site-packages/airflow/example_dags/example_skip_dag.py
[2023-09-14T17:34:48.527+0100] {processor.py:839} INFO - DAG(s) dict_keys(['example_skip_dag']) retrieved from /home/joestar/Documents/projects/airflow_etl/airflow_env/lib/python3.8/site-packages/airflow/example_dags/example_skip_dag.py
[2023-09-14T17:34:48.542+0100] {logging_mixin.py:151} INFO - [2023-09-14T17:34:48.542+0100] {dag.py:2915} INFO - Sync 1 DAGs
[2023-09-14T17:34:48.561+0100] {logging_mixin.py:151} INFO - [2023-09-14T17:34:48.561+0100] {dag.py:3696} INFO - Setting next_dagrun for example_skip_dag to 2023-09-13T16:34:48.560717+00:00, run_after=2023-09-14T16:34:48.560717+00:00
[2023-09-14T17:34:48.586+0100] {processor.py:179} INFO - Processing /home/joestar/Documents/projects/airflow_etl/airflow_env/lib/python3.8/site-packages/airflow/example_dags/example_skip_dag.py took 0.071 seconds
[2023-09-14T17:35:37.101+0100] {processor.py:157} INFO - Started process (PID=31633) to work on /home/joestar/Documents/projects/airflow_etl/airflow_env/lib/python3.8/site-packages/airflow/example_dags/example_skip_dag.py
[2023-09-14T17:35:37.104+0100] {processor.py:829} INFO - Processing file /home/joestar/Documents/projects/airflow_etl/airflow_env/lib/python3.8/site-packages/airflow/example_dags/example_skip_dag.py for tasks to queue
[2023-09-14T17:35:37.107+0100] {logging_mixin.py:151} INFO - [2023-09-14T17:35:37.105+0100] {dagbag.py:539} INFO - Filling up the DagBag from /home/joestar/Documents/projects/airflow_etl/airflow_env/lib/python3.8/site-packages/airflow/example_dags/example_skip_dag.py
[2023-09-14T17:35:37.123+0100] {processor.py:839} INFO - DAG(s) dict_keys(['example_skip_dag']) retrieved from /home/joestar/Documents/projects/airflow_etl/airflow_env/lib/python3.8/site-packages/airflow/example_dags/example_skip_dag.py
[2023-09-14T17:35:37.140+0100] {logging_mixin.py:151} INFO - [2023-09-14T17:35:37.140+0100] {dag.py:2915} INFO - Sync 1 DAGs
[2023-09-14T17:35:37.156+0100] {logging_mixin.py:151} INFO - [2023-09-14T17:35:37.155+0100] {dag.py:3696} INFO - Setting next_dagrun for example_skip_dag to 2023-09-13T16:35:37.155752+00:00, run_after=2023-09-14T16:35:37.155752+00:00
[2023-09-14T17:35:37.180+0100] {processor.py:179} INFO - Processing /home/joestar/Documents/projects/airflow_etl/airflow_env/lib/python3.8/site-packages/airflow/example_dags/example_skip_dag.py took 0.087 seconds
[2023-09-14T17:36:30.028+0100] {processor.py:157} INFO - Started process (PID=31873) to work on /home/joestar/Documents/projects/airflow_etl/airflow_env/lib/python3.8/site-packages/airflow/example_dags/example_skip_dag.py
[2023-09-14T17:36:30.029+0100] {processor.py:829} INFO - Processing file /home/joestar/Documents/projects/airflow_etl/airflow_env/lib/python3.8/site-packages/airflow/example_dags/example_skip_dag.py for tasks to queue
[2023-09-14T17:36:30.030+0100] {logging_mixin.py:151} INFO - [2023-09-14T17:36:30.029+0100] {dagbag.py:539} INFO - Filling up the DagBag from /home/joestar/Documents/projects/airflow_etl/airflow_env/lib/python3.8/site-packages/airflow/example_dags/example_skip_dag.py
[2023-09-14T17:36:30.037+0100] {processor.py:839} INFO - DAG(s) dict_keys(['example_skip_dag']) retrieved from /home/joestar/Documents/projects/airflow_etl/airflow_env/lib/python3.8/site-packages/airflow/example_dags/example_skip_dag.py
[2023-09-14T17:36:30.053+0100] {logging_mixin.py:151} INFO - [2023-09-14T17:36:30.053+0100] {dag.py:2915} INFO - Sync 1 DAGs
[2023-09-14T17:36:30.073+0100] {logging_mixin.py:151} INFO - [2023-09-14T17:36:30.073+0100] {dag.py:3696} INFO - Setting next_dagrun for example_skip_dag to 2023-09-13T16:36:30.072885+00:00, run_after=2023-09-14T16:36:30.072885+00:00
[2023-09-14T17:36:30.100+0100] {processor.py:179} INFO - Processing /home/joestar/Documents/projects/airflow_etl/airflow_env/lib/python3.8/site-packages/airflow/example_dags/example_skip_dag.py took 0.075 seconds
[2023-09-14T17:37:22.561+0100] {processor.py:157} INFO - Started process (PID=32117) to work on /home/joestar/Documents/projects/airflow_etl/airflow_env/lib/python3.8/site-packages/airflow/example_dags/example_skip_dag.py
[2023-09-14T17:37:22.562+0100] {processor.py:829} INFO - Processing file /home/joestar/Documents/projects/airflow_etl/airflow_env/lib/python3.8/site-packages/airflow/example_dags/example_skip_dag.py for tasks to queue
[2023-09-14T17:37:22.563+0100] {logging_mixin.py:151} INFO - [2023-09-14T17:37:22.563+0100] {dagbag.py:539} INFO - Filling up the DagBag from /home/joestar/Documents/projects/airflow_etl/airflow_env/lib/python3.8/site-packages/airflow/example_dags/example_skip_dag.py
[2023-09-14T17:37:22.572+0100] {processor.py:839} INFO - DAG(s) dict_keys(['example_skip_dag']) retrieved from /home/joestar/Documents/projects/airflow_etl/airflow_env/lib/python3.8/site-packages/airflow/example_dags/example_skip_dag.py
[2023-09-14T17:37:22.588+0100] {logging_mixin.py:151} INFO - [2023-09-14T17:37:22.587+0100] {dag.py:2915} INFO - Sync 1 DAGs
[2023-09-14T17:37:22.606+0100] {logging_mixin.py:151} INFO - [2023-09-14T17:37:22.606+0100] {dag.py:3696} INFO - Setting next_dagrun for example_skip_dag to 2023-09-13T16:37:22.606375+00:00, run_after=2023-09-14T16:37:22.606375+00:00
[2023-09-14T17:37:22.632+0100] {processor.py:179} INFO - Processing /home/joestar/Documents/projects/airflow_etl/airflow_env/lib/python3.8/site-packages/airflow/example_dags/example_skip_dag.py took 0.073 seconds
[2023-09-14T17:38:20.456+0100] {processor.py:157} INFO - Started process (PID=32584) to work on /home/joestar/Documents/projects/airflow_etl/airflow_env/lib/python3.8/site-packages/airflow/example_dags/example_skip_dag.py
[2023-09-14T17:38:20.458+0100] {processor.py:829} INFO - Processing file /home/joestar/Documents/projects/airflow_etl/airflow_env/lib/python3.8/site-packages/airflow/example_dags/example_skip_dag.py for tasks to queue
[2023-09-14T17:38:20.459+0100] {logging_mixin.py:151} INFO - [2023-09-14T17:38:20.458+0100] {dagbag.py:539} INFO - Filling up the DagBag from /home/joestar/Documents/projects/airflow_etl/airflow_env/lib/python3.8/site-packages/airflow/example_dags/example_skip_dag.py
[2023-09-14T17:38:20.472+0100] {processor.py:839} INFO - DAG(s) dict_keys(['example_skip_dag']) retrieved from /home/joestar/Documents/projects/airflow_etl/airflow_env/lib/python3.8/site-packages/airflow/example_dags/example_skip_dag.py
[2023-09-14T17:38:20.497+0100] {logging_mixin.py:151} INFO - [2023-09-14T17:38:20.496+0100] {dag.py:2915} INFO - Sync 1 DAGs
[2023-09-14T17:38:20.528+0100] {logging_mixin.py:151} INFO - [2023-09-14T17:38:20.528+0100] {dag.py:3696} INFO - Setting next_dagrun for example_skip_dag to 2023-09-13T16:38:20.528150+00:00, run_after=2023-09-14T16:38:20.528150+00:00
[2023-09-14T17:38:20.587+0100] {processor.py:179} INFO - Processing /home/joestar/Documents/projects/airflow_etl/airflow_env/lib/python3.8/site-packages/airflow/example_dags/example_skip_dag.py took 0.134 seconds
[2023-09-14T17:39:24.258+0100] {processor.py:157} INFO - Started process (PID=33030) to work on /home/joestar/Documents/projects/airflow_etl/airflow_env/lib/python3.8/site-packages/airflow/example_dags/example_skip_dag.py
[2023-09-14T17:39:24.259+0100] {processor.py:829} INFO - Processing file /home/joestar/Documents/projects/airflow_etl/airflow_env/lib/python3.8/site-packages/airflow/example_dags/example_skip_dag.py for tasks to queue
[2023-09-14T17:39:24.260+0100] {logging_mixin.py:151} INFO - [2023-09-14T17:39:24.259+0100] {dagbag.py:539} INFO - Filling up the DagBag from /home/joestar/Documents/projects/airflow_etl/airflow_env/lib/python3.8/site-packages/airflow/example_dags/example_skip_dag.py
[2023-09-14T17:39:24.267+0100] {processor.py:839} INFO - DAG(s) dict_keys(['example_skip_dag']) retrieved from /home/joestar/Documents/projects/airflow_etl/airflow_env/lib/python3.8/site-packages/airflow/example_dags/example_skip_dag.py
[2023-09-14T17:39:24.283+0100] {logging_mixin.py:151} INFO - [2023-09-14T17:39:24.283+0100] {dag.py:2915} INFO - Sync 1 DAGs
[2023-09-14T17:39:24.303+0100] {logging_mixin.py:151} INFO - [2023-09-14T17:39:24.303+0100] {dag.py:3696} INFO - Setting next_dagrun for example_skip_dag to 2023-09-13T16:39:24.303131+00:00, run_after=2023-09-14T16:39:24.303131+00:00
[2023-09-14T17:39:24.331+0100] {processor.py:179} INFO - Processing /home/joestar/Documents/projects/airflow_etl/airflow_env/lib/python3.8/site-packages/airflow/example_dags/example_skip_dag.py took 0.076 seconds
[2023-09-14T17:40:26.388+0100] {processor.py:157} INFO - Started process (PID=33376) to work on /home/joestar/Documents/projects/airflow_etl/airflow_env/lib/python3.8/site-packages/airflow/example_dags/example_skip_dag.py
[2023-09-14T17:40:26.390+0100] {processor.py:829} INFO - Processing file /home/joestar/Documents/projects/airflow_etl/airflow_env/lib/python3.8/site-packages/airflow/example_dags/example_skip_dag.py for tasks to queue
[2023-09-14T17:40:26.391+0100] {logging_mixin.py:151} INFO - [2023-09-14T17:40:26.390+0100] {dagbag.py:539} INFO - Filling up the DagBag from /home/joestar/Documents/projects/airflow_etl/airflow_env/lib/python3.8/site-packages/airflow/example_dags/example_skip_dag.py
[2023-09-14T17:40:26.401+0100] {processor.py:839} INFO - DAG(s) dict_keys(['example_skip_dag']) retrieved from /home/joestar/Documents/projects/airflow_etl/airflow_env/lib/python3.8/site-packages/airflow/example_dags/example_skip_dag.py
[2023-09-14T17:40:26.425+0100] {logging_mixin.py:151} INFO - [2023-09-14T17:40:26.425+0100] {dag.py:2915} INFO - Sync 1 DAGs
[2023-09-14T17:40:26.448+0100] {logging_mixin.py:151} INFO - [2023-09-14T17:40:26.448+0100] {dag.py:3696} INFO - Setting next_dagrun for example_skip_dag to 2023-09-13T16:40:26.448410+00:00, run_after=2023-09-14T16:40:26.448410+00:00
[2023-09-14T17:40:26.479+0100] {processor.py:179} INFO - Processing /home/joestar/Documents/projects/airflow_etl/airflow_env/lib/python3.8/site-packages/airflow/example_dags/example_skip_dag.py took 0.095 seconds
[2023-09-14T17:41:20.039+0100] {processor.py:157} INFO - Started process (PID=33768) to work on /home/joestar/Documents/projects/airflow_etl/airflow_env/lib/python3.8/site-packages/airflow/example_dags/example_skip_dag.py
[2023-09-14T17:41:20.041+0100] {processor.py:829} INFO - Processing file /home/joestar/Documents/projects/airflow_etl/airflow_env/lib/python3.8/site-packages/airflow/example_dags/example_skip_dag.py for tasks to queue
[2023-09-14T17:41:20.042+0100] {logging_mixin.py:151} INFO - [2023-09-14T17:41:20.041+0100] {dagbag.py:539} INFO - Filling up the DagBag from /home/joestar/Documents/projects/airflow_etl/airflow_env/lib/python3.8/site-packages/airflow/example_dags/example_skip_dag.py
[2023-09-14T17:41:20.053+0100] {processor.py:839} INFO - DAG(s) dict_keys(['example_skip_dag']) retrieved from /home/joestar/Documents/projects/airflow_etl/airflow_env/lib/python3.8/site-packages/airflow/example_dags/example_skip_dag.py
[2023-09-14T17:41:20.073+0100] {logging_mixin.py:151} INFO - [2023-09-14T17:41:20.073+0100] {dag.py:2915} INFO - Sync 1 DAGs
[2023-09-14T17:41:20.090+0100] {logging_mixin.py:151} INFO - [2023-09-14T17:41:20.090+0100] {dag.py:3696} INFO - Setting next_dagrun for example_skip_dag to 2023-09-13T16:41:20.089992+00:00, run_after=2023-09-14T16:41:20.089992+00:00
[2023-09-14T17:41:20.115+0100] {processor.py:179} INFO - Processing /home/joestar/Documents/projects/airflow_etl/airflow_env/lib/python3.8/site-packages/airflow/example_dags/example_skip_dag.py took 0.080 seconds
[2023-09-14T17:42:18.627+0100] {processor.py:157} INFO - Started process (PID=34063) to work on /home/joestar/Documents/projects/airflow_etl/airflow_env/lib/python3.8/site-packages/airflow/example_dags/example_skip_dag.py
[2023-09-14T17:42:18.628+0100] {processor.py:829} INFO - Processing file /home/joestar/Documents/projects/airflow_etl/airflow_env/lib/python3.8/site-packages/airflow/example_dags/example_skip_dag.py for tasks to queue
[2023-09-14T17:42:18.629+0100] {logging_mixin.py:151} INFO - [2023-09-14T17:42:18.628+0100] {dagbag.py:539} INFO - Filling up the DagBag from /home/joestar/Documents/projects/airflow_etl/airflow_env/lib/python3.8/site-packages/airflow/example_dags/example_skip_dag.py
[2023-09-14T17:42:18.636+0100] {processor.py:839} INFO - DAG(s) dict_keys(['example_skip_dag']) retrieved from /home/joestar/Documents/projects/airflow_etl/airflow_env/lib/python3.8/site-packages/airflow/example_dags/example_skip_dag.py
[2023-09-14T17:42:18.653+0100] {logging_mixin.py:151} INFO - [2023-09-14T17:42:18.652+0100] {dag.py:2915} INFO - Sync 1 DAGs
[2023-09-14T17:42:18.682+0100] {logging_mixin.py:151} INFO - [2023-09-14T17:42:18.682+0100] {dag.py:3696} INFO - Setting next_dagrun for example_skip_dag to 2023-09-13T16:42:18.681955+00:00, run_after=2023-09-14T16:42:18.681955+00:00
[2023-09-14T17:42:18.713+0100] {processor.py:179} INFO - Processing /home/joestar/Documents/projects/airflow_etl/airflow_env/lib/python3.8/site-packages/airflow/example_dags/example_skip_dag.py took 0.089 seconds
[2023-09-14T17:43:19.822+0100] {processor.py:157} INFO - Started process (PID=34335) to work on /home/joestar/Documents/projects/airflow_etl/airflow_env/lib/python3.8/site-packages/airflow/example_dags/example_skip_dag.py
[2023-09-14T17:43:19.825+0100] {processor.py:829} INFO - Processing file /home/joestar/Documents/projects/airflow_etl/airflow_env/lib/python3.8/site-packages/airflow/example_dags/example_skip_dag.py for tasks to queue
[2023-09-14T17:43:19.827+0100] {logging_mixin.py:151} INFO - [2023-09-14T17:43:19.826+0100] {dagbag.py:539} INFO - Filling up the DagBag from /home/joestar/Documents/projects/airflow_etl/airflow_env/lib/python3.8/site-packages/airflow/example_dags/example_skip_dag.py
[2023-09-14T17:43:19.837+0100] {processor.py:839} INFO - DAG(s) dict_keys(['example_skip_dag']) retrieved from /home/joestar/Documents/projects/airflow_etl/airflow_env/lib/python3.8/site-packages/airflow/example_dags/example_skip_dag.py
[2023-09-14T17:43:19.852+0100] {logging_mixin.py:151} INFO - [2023-09-14T17:43:19.852+0100] {dag.py:2915} INFO - Sync 1 DAGs
[2023-09-14T17:43:19.871+0100] {logging_mixin.py:151} INFO - [2023-09-14T17:43:19.871+0100] {dag.py:3696} INFO - Setting next_dagrun for example_skip_dag to 2023-09-13T16:43:19.871269+00:00, run_after=2023-09-14T16:43:19.871269+00:00
[2023-09-14T17:43:19.906+0100] {processor.py:179} INFO - Processing /home/joestar/Documents/projects/airflow_etl/airflow_env/lib/python3.8/site-packages/airflow/example_dags/example_skip_dag.py took 0.088 seconds
[2023-09-14T17:44:19.705+0100] {processor.py:157} INFO - Started process (PID=34658) to work on /home/joestar/Documents/projects/airflow_etl/airflow_env/lib/python3.8/site-packages/airflow/example_dags/example_skip_dag.py
[2023-09-14T17:44:19.706+0100] {processor.py:829} INFO - Processing file /home/joestar/Documents/projects/airflow_etl/airflow_env/lib/python3.8/site-packages/airflow/example_dags/example_skip_dag.py for tasks to queue
[2023-09-14T17:44:19.707+0100] {logging_mixin.py:151} INFO - [2023-09-14T17:44:19.707+0100] {dagbag.py:539} INFO - Filling up the DagBag from /home/joestar/Documents/projects/airflow_etl/airflow_env/lib/python3.8/site-packages/airflow/example_dags/example_skip_dag.py
[2023-09-14T17:44:19.714+0100] {processor.py:839} INFO - DAG(s) dict_keys(['example_skip_dag']) retrieved from /home/joestar/Documents/projects/airflow_etl/airflow_env/lib/python3.8/site-packages/airflow/example_dags/example_skip_dag.py
[2023-09-14T17:44:19.736+0100] {logging_mixin.py:151} INFO - [2023-09-14T17:44:19.735+0100] {dag.py:2915} INFO - Sync 1 DAGs
[2023-09-14T17:44:19.762+0100] {logging_mixin.py:151} INFO - [2023-09-14T17:44:19.762+0100] {dag.py:3696} INFO - Setting next_dagrun for example_skip_dag to 2023-09-13T16:44:19.761861+00:00, run_after=2023-09-14T16:44:19.761861+00:00
[2023-09-14T17:44:19.791+0100] {processor.py:179} INFO - Processing /home/joestar/Documents/projects/airflow_etl/airflow_env/lib/python3.8/site-packages/airflow/example_dags/example_skip_dag.py took 0.089 seconds
[2023-09-14T17:45:20.799+0100] {processor.py:157} INFO - Started process (PID=34917) to work on /home/joestar/Documents/projects/airflow_etl/airflow_env/lib/python3.8/site-packages/airflow/example_dags/example_skip_dag.py
[2023-09-14T17:45:20.800+0100] {processor.py:829} INFO - Processing file /home/joestar/Documents/projects/airflow_etl/airflow_env/lib/python3.8/site-packages/airflow/example_dags/example_skip_dag.py for tasks to queue
[2023-09-14T17:45:20.801+0100] {logging_mixin.py:151} INFO - [2023-09-14T17:45:20.801+0100] {dagbag.py:539} INFO - Filling up the DagBag from /home/joestar/Documents/projects/airflow_etl/airflow_env/lib/python3.8/site-packages/airflow/example_dags/example_skip_dag.py
[2023-09-14T17:45:20.814+0100] {processor.py:839} INFO - DAG(s) dict_keys(['example_skip_dag']) retrieved from /home/joestar/Documents/projects/airflow_etl/airflow_env/lib/python3.8/site-packages/airflow/example_dags/example_skip_dag.py
[2023-09-14T17:45:20.841+0100] {logging_mixin.py:151} INFO - [2023-09-14T17:45:20.841+0100] {dag.py:2915} INFO - Sync 1 DAGs
[2023-09-14T17:45:20.879+0100] {logging_mixin.py:151} INFO - [2023-09-14T17:45:20.878+0100] {dag.py:3696} INFO - Setting next_dagrun for example_skip_dag to 2023-09-13T16:45:20.878548+00:00, run_after=2023-09-14T16:45:20.878548+00:00
[2023-09-14T17:45:20.919+0100] {processor.py:179} INFO - Processing /home/joestar/Documents/projects/airflow_etl/airflow_env/lib/python3.8/site-packages/airflow/example_dags/example_skip_dag.py took 0.126 seconds
[2023-09-14T17:46:23.427+0100] {processor.py:157} INFO - Started process (PID=35195) to work on /home/joestar/Documents/projects/airflow_etl/airflow_env/lib/python3.8/site-packages/airflow/example_dags/example_skip_dag.py
[2023-09-14T17:46:23.428+0100] {processor.py:829} INFO - Processing file /home/joestar/Documents/projects/airflow_etl/airflow_env/lib/python3.8/site-packages/airflow/example_dags/example_skip_dag.py for tasks to queue
[2023-09-14T17:46:23.430+0100] {logging_mixin.py:151} INFO - [2023-09-14T17:46:23.429+0100] {dagbag.py:539} INFO - Filling up the DagBag from /home/joestar/Documents/projects/airflow_etl/airflow_env/lib/python3.8/site-packages/airflow/example_dags/example_skip_dag.py
[2023-09-14T17:46:23.440+0100] {processor.py:839} INFO - DAG(s) dict_keys(['example_skip_dag']) retrieved from /home/joestar/Documents/projects/airflow_etl/airflow_env/lib/python3.8/site-packages/airflow/example_dags/example_skip_dag.py
[2023-09-14T17:46:23.466+0100] {logging_mixin.py:151} INFO - [2023-09-14T17:46:23.466+0100] {dag.py:2915} INFO - Sync 1 DAGs
[2023-09-14T17:46:23.497+0100] {logging_mixin.py:151} INFO - [2023-09-14T17:46:23.496+0100] {dag.py:3696} INFO - Setting next_dagrun for example_skip_dag to 2023-09-13T16:46:23.496588+00:00, run_after=2023-09-14T16:46:23.496588+00:00
[2023-09-14T17:46:23.530+0100] {processor.py:179} INFO - Processing /home/joestar/Documents/projects/airflow_etl/airflow_env/lib/python3.8/site-packages/airflow/example_dags/example_skip_dag.py took 0.107 seconds
[2023-09-14T17:47:40.072+0100] {processor.py:157} INFO - Started process (PID=35495) to work on /home/joestar/Documents/projects/airflow_etl/airflow_env/lib/python3.8/site-packages/airflow/example_dags/example_skip_dag.py
[2023-09-14T17:47:40.073+0100] {processor.py:829} INFO - Processing file /home/joestar/Documents/projects/airflow_etl/airflow_env/lib/python3.8/site-packages/airflow/example_dags/example_skip_dag.py for tasks to queue
[2023-09-14T17:47:40.078+0100] {logging_mixin.py:151} INFO - [2023-09-14T17:47:40.078+0100] {dagbag.py:539} INFO - Filling up the DagBag from /home/joestar/Documents/projects/airflow_etl/airflow_env/lib/python3.8/site-packages/airflow/example_dags/example_skip_dag.py
[2023-09-14T17:47:40.095+0100] {processor.py:839} INFO - DAG(s) dict_keys(['example_skip_dag']) retrieved from /home/joestar/Documents/projects/airflow_etl/airflow_env/lib/python3.8/site-packages/airflow/example_dags/example_skip_dag.py
[2023-09-14T17:47:40.119+0100] {logging_mixin.py:151} INFO - [2023-09-14T17:47:40.118+0100] {dag.py:2915} INFO - Sync 1 DAGs
[2023-09-14T17:47:40.150+0100] {logging_mixin.py:151} INFO - [2023-09-14T17:47:40.150+0100] {dag.py:3696} INFO - Setting next_dagrun for example_skip_dag to 2023-09-13T16:47:40.149939+00:00, run_after=2023-09-14T16:47:40.149939+00:00
[2023-09-14T17:47:40.192+0100] {processor.py:179} INFO - Processing /home/joestar/Documents/projects/airflow_etl/airflow_env/lib/python3.8/site-packages/airflow/example_dags/example_skip_dag.py took 0.125 seconds
[2023-09-14T17:49:02.381+0100] {processor.py:157} INFO - Started process (PID=35820) to work on /home/joestar/Documents/projects/airflow_etl/airflow_env/lib/python3.8/site-packages/airflow/example_dags/example_skip_dag.py
[2023-09-14T17:49:02.382+0100] {processor.py:829} INFO - Processing file /home/joestar/Documents/projects/airflow_etl/airflow_env/lib/python3.8/site-packages/airflow/example_dags/example_skip_dag.py for tasks to queue
[2023-09-14T17:49:02.383+0100] {logging_mixin.py:151} INFO - [2023-09-14T17:49:02.383+0100] {dagbag.py:539} INFO - Filling up the DagBag from /home/joestar/Documents/projects/airflow_etl/airflow_env/lib/python3.8/site-packages/airflow/example_dags/example_skip_dag.py
[2023-09-14T17:49:02.393+0100] {processor.py:839} INFO - DAG(s) dict_keys(['example_skip_dag']) retrieved from /home/joestar/Documents/projects/airflow_etl/airflow_env/lib/python3.8/site-packages/airflow/example_dags/example_skip_dag.py
[2023-09-14T17:49:02.419+0100] {logging_mixin.py:151} INFO - [2023-09-14T17:49:02.419+0100] {dag.py:2915} INFO - Sync 1 DAGs
[2023-09-14T17:49:02.451+0100] {logging_mixin.py:151} INFO - [2023-09-14T17:49:02.450+0100] {dag.py:3696} INFO - Setting next_dagrun for example_skip_dag to 2023-09-13T16:49:02.450374+00:00, run_after=2023-09-14T16:49:02.450374+00:00
[2023-09-14T17:49:02.491+0100] {processor.py:179} INFO - Processing /home/joestar/Documents/projects/airflow_etl/airflow_env/lib/python3.8/site-packages/airflow/example_dags/example_skip_dag.py took 0.114 seconds
[2023-09-14T17:49:53.392+0100] {processor.py:157} INFO - Started process (PID=36022) to work on /home/joestar/Documents/projects/airflow_etl/airflow_env/lib/python3.8/site-packages/airflow/example_dags/example_skip_dag.py
[2023-09-14T17:49:53.394+0100] {processor.py:829} INFO - Processing file /home/joestar/Documents/projects/airflow_etl/airflow_env/lib/python3.8/site-packages/airflow/example_dags/example_skip_dag.py for tasks to queue
[2023-09-14T17:49:53.395+0100] {logging_mixin.py:151} INFO - [2023-09-14T17:49:53.394+0100] {dagbag.py:539} INFO - Filling up the DagBag from /home/joestar/Documents/projects/airflow_etl/airflow_env/lib/python3.8/site-packages/airflow/example_dags/example_skip_dag.py
[2023-09-14T17:49:53.403+0100] {processor.py:839} INFO - DAG(s) dict_keys(['example_skip_dag']) retrieved from /home/joestar/Documents/projects/airflow_etl/airflow_env/lib/python3.8/site-packages/airflow/example_dags/example_skip_dag.py
[2023-09-14T17:49:53.427+0100] {logging_mixin.py:151} INFO - [2023-09-14T17:49:53.426+0100] {dag.py:2915} INFO - Sync 1 DAGs
[2023-09-14T17:49:53.456+0100] {logging_mixin.py:151} INFO - [2023-09-14T17:49:53.456+0100] {dag.py:3696} INFO - Setting next_dagrun for example_skip_dag to 2023-09-13T16:49:53.455699+00:00, run_after=2023-09-14T16:49:53.455699+00:00
[2023-09-14T17:49:53.483+0100] {processor.py:179} INFO - Processing /home/joestar/Documents/projects/airflow_etl/airflow_env/lib/python3.8/site-packages/airflow/example_dags/example_skip_dag.py took 0.094 seconds
[2023-09-14T17:50:54.440+0100] {processor.py:157} INFO - Started process (PID=36312) to work on /home/joestar/Documents/projects/airflow_etl/airflow_env/lib/python3.8/site-packages/airflow/example_dags/example_skip_dag.py
[2023-09-14T17:50:54.441+0100] {processor.py:829} INFO - Processing file /home/joestar/Documents/projects/airflow_etl/airflow_env/lib/python3.8/site-packages/airflow/example_dags/example_skip_dag.py for tasks to queue
[2023-09-14T17:50:54.442+0100] {logging_mixin.py:151} INFO - [2023-09-14T17:50:54.441+0100] {dagbag.py:539} INFO - Filling up the DagBag from /home/joestar/Documents/projects/airflow_etl/airflow_env/lib/python3.8/site-packages/airflow/example_dags/example_skip_dag.py
[2023-09-14T17:50:54.450+0100] {processor.py:839} INFO - DAG(s) dict_keys(['example_skip_dag']) retrieved from /home/joestar/Documents/projects/airflow_etl/airflow_env/lib/python3.8/site-packages/airflow/example_dags/example_skip_dag.py
[2023-09-14T17:50:54.469+0100] {logging_mixin.py:151} INFO - [2023-09-14T17:50:54.469+0100] {dag.py:2915} INFO - Sync 1 DAGs
[2023-09-14T17:50:54.491+0100] {logging_mixin.py:151} INFO - [2023-09-14T17:50:54.491+0100] {dag.py:3696} INFO - Setting next_dagrun for example_skip_dag to 2023-09-13T16:50:54.491191+00:00, run_after=2023-09-14T16:50:54.491191+00:00
[2023-09-14T17:50:54.523+0100] {processor.py:179} INFO - Processing /home/joestar/Documents/projects/airflow_etl/airflow_env/lib/python3.8/site-packages/airflow/example_dags/example_skip_dag.py took 0.085 seconds
[2023-09-14T17:51:50.955+0100] {processor.py:157} INFO - Started process (PID=36562) to work on /home/joestar/Documents/projects/airflow_etl/airflow_env/lib/python3.8/site-packages/airflow/example_dags/example_skip_dag.py
[2023-09-14T17:51:50.956+0100] {processor.py:829} INFO - Processing file /home/joestar/Documents/projects/airflow_etl/airflow_env/lib/python3.8/site-packages/airflow/example_dags/example_skip_dag.py for tasks to queue
[2023-09-14T17:51:50.957+0100] {logging_mixin.py:151} INFO - [2023-09-14T17:51:50.957+0100] {dagbag.py:539} INFO - Filling up the DagBag from /home/joestar/Documents/projects/airflow_etl/airflow_env/lib/python3.8/site-packages/airflow/example_dags/example_skip_dag.py
[2023-09-14T17:51:50.965+0100] {processor.py:839} INFO - DAG(s) dict_keys(['example_skip_dag']) retrieved from /home/joestar/Documents/projects/airflow_etl/airflow_env/lib/python3.8/site-packages/airflow/example_dags/example_skip_dag.py
[2023-09-14T17:51:50.981+0100] {logging_mixin.py:151} INFO - [2023-09-14T17:51:50.981+0100] {dag.py:2915} INFO - Sync 1 DAGs
[2023-09-14T17:51:51.000+0100] {logging_mixin.py:151} INFO - [2023-09-14T17:51:51.000+0100] {dag.py:3696} INFO - Setting next_dagrun for example_skip_dag to 2023-09-13T16:51:51.000543+00:00, run_after=2023-09-14T16:51:51.000543+00:00
[2023-09-14T17:51:51.025+0100] {processor.py:179} INFO - Processing /home/joestar/Documents/projects/airflow_etl/airflow_env/lib/python3.8/site-packages/airflow/example_dags/example_skip_dag.py took 0.073 seconds
[2023-09-14T17:52:48.580+0100] {processor.py:157} INFO - Started process (PID=36822) to work on /home/joestar/Documents/projects/airflow_etl/airflow_env/lib/python3.8/site-packages/airflow/example_dags/example_skip_dag.py
[2023-09-14T17:52:48.582+0100] {processor.py:829} INFO - Processing file /home/joestar/Documents/projects/airflow_etl/airflow_env/lib/python3.8/site-packages/airflow/example_dags/example_skip_dag.py for tasks to queue
[2023-09-14T17:52:48.583+0100] {logging_mixin.py:151} INFO - [2023-09-14T17:52:48.583+0100] {dagbag.py:539} INFO - Filling up the DagBag from /home/joestar/Documents/projects/airflow_etl/airflow_env/lib/python3.8/site-packages/airflow/example_dags/example_skip_dag.py
[2023-09-14T17:52:48.595+0100] {processor.py:839} INFO - DAG(s) dict_keys(['example_skip_dag']) retrieved from /home/joestar/Documents/projects/airflow_etl/airflow_env/lib/python3.8/site-packages/airflow/example_dags/example_skip_dag.py
[2023-09-14T17:52:48.626+0100] {logging_mixin.py:151} INFO - [2023-09-14T17:52:48.626+0100] {dag.py:2915} INFO - Sync 1 DAGs
[2023-09-14T17:52:48.659+0100] {logging_mixin.py:151} INFO - [2023-09-14T17:52:48.659+0100] {dag.py:3696} INFO - Setting next_dagrun for example_skip_dag to 2023-09-13T16:52:48.658991+00:00, run_after=2023-09-14T16:52:48.658991+00:00
[2023-09-14T17:52:48.721+0100] {processor.py:179} INFO - Processing /home/joestar/Documents/projects/airflow_etl/airflow_env/lib/python3.8/site-packages/airflow/example_dags/example_skip_dag.py took 0.144 seconds
[2023-09-14T18:03:26.819+0100] {processor.py:157} INFO - Started process (PID=38821) to work on /home/joestar/Documents/projects/airflow_etl/airflow_env/lib/python3.8/site-packages/airflow/example_dags/example_skip_dag.py
[2023-09-14T18:03:26.820+0100] {processor.py:829} INFO - Processing file /home/joestar/Documents/projects/airflow_etl/airflow_env/lib/python3.8/site-packages/airflow/example_dags/example_skip_dag.py for tasks to queue
[2023-09-14T18:03:26.821+0100] {logging_mixin.py:151} INFO - [2023-09-14T18:03:26.821+0100] {dagbag.py:539} INFO - Filling up the DagBag from /home/joestar/Documents/projects/airflow_etl/airflow_env/lib/python3.8/site-packages/airflow/example_dags/example_skip_dag.py
[2023-09-14T18:03:26.828+0100] {processor.py:839} INFO - DAG(s) dict_keys(['example_skip_dag']) retrieved from /home/joestar/Documents/projects/airflow_etl/airflow_env/lib/python3.8/site-packages/airflow/example_dags/example_skip_dag.py
[2023-09-14T18:03:26.850+0100] {logging_mixin.py:151} INFO - [2023-09-14T18:03:26.850+0100] {dag.py:2915} INFO - Sync 1 DAGs
[2023-09-14T18:03:26.878+0100] {logging_mixin.py:151} INFO - [2023-09-14T18:03:26.878+0100] {dag.py:3696} INFO - Setting next_dagrun for example_skip_dag to 2023-09-13T17:03:26.877821+00:00, run_after=2023-09-14T17:03:26.877821+00:00
[2023-09-14T18:03:26.910+0100] {processor.py:179} INFO - Processing /home/joestar/Documents/projects/airflow_etl/airflow_env/lib/python3.8/site-packages/airflow/example_dags/example_skip_dag.py took 0.094 seconds
[2023-09-14T18:04:17.725+0100] {processor.py:157} INFO - Started process (PID=39023) to work on /home/joestar/Documents/projects/airflow_etl/airflow_env/lib/python3.8/site-packages/airflow/example_dags/example_skip_dag.py
[2023-09-14T18:04:17.726+0100] {processor.py:829} INFO - Processing file /home/joestar/Documents/projects/airflow_etl/airflow_env/lib/python3.8/site-packages/airflow/example_dags/example_skip_dag.py for tasks to queue
[2023-09-14T18:04:17.727+0100] {logging_mixin.py:151} INFO - [2023-09-14T18:04:17.727+0100] {dagbag.py:539} INFO - Filling up the DagBag from /home/joestar/Documents/projects/airflow_etl/airflow_env/lib/python3.8/site-packages/airflow/example_dags/example_skip_dag.py
[2023-09-14T18:04:17.737+0100] {processor.py:839} INFO - DAG(s) dict_keys(['example_skip_dag']) retrieved from /home/joestar/Documents/projects/airflow_etl/airflow_env/lib/python3.8/site-packages/airflow/example_dags/example_skip_dag.py
[2023-09-14T18:04:17.758+0100] {logging_mixin.py:151} INFO - [2023-09-14T18:04:17.758+0100] {dag.py:2915} INFO - Sync 1 DAGs
[2023-09-14T18:04:17.785+0100] {logging_mixin.py:151} INFO - [2023-09-14T18:04:17.784+0100] {dag.py:3696} INFO - Setting next_dagrun for example_skip_dag to 2023-09-13T17:04:17.784638+00:00, run_after=2023-09-14T17:04:17.784638+00:00
[2023-09-14T18:04:17.815+0100] {processor.py:179} INFO - Processing /home/joestar/Documents/projects/airflow_etl/airflow_env/lib/python3.8/site-packages/airflow/example_dags/example_skip_dag.py took 0.094 seconds
