[2023-09-14T17:12:27.307+0100] {processor.py:157} INFO - Started process (PID=24394) to work on /home/joestar/Documents/projects/airflow_etl/airflow_env/lib/python3.8/site-packages/airflow/example_dags/example_branch_day_of_week_operator.py
[2023-09-14T17:12:27.308+0100] {processor.py:829} INFO - Processing file /home/joestar/Documents/projects/airflow_etl/airflow_env/lib/python3.8/site-packages/airflow/example_dags/example_branch_day_of_week_operator.py for tasks to queue
[2023-09-14T17:12:27.309+0100] {logging_mixin.py:151} INFO - [2023-09-14T17:12:27.309+0100] {dagbag.py:539} INFO - Filling up the DagBag from /home/joestar/Documents/projects/airflow_etl/airflow_env/lib/python3.8/site-packages/airflow/example_dags/example_branch_day_of_week_operator.py
[2023-09-14T17:12:27.319+0100] {processor.py:839} INFO - DAG(s) dict_keys(['example_weekday_branch_operator']) retrieved from /home/joestar/Documents/projects/airflow_etl/airflow_env/lib/python3.8/site-packages/airflow/example_dags/example_branch_day_of_week_operator.py
[2023-09-14T17:12:27.433+0100] {logging_mixin.py:151} INFO - [2023-09-14T17:12:27.433+0100] {manager.py:499} INFO - Created Permission View: %s
[2023-09-14T17:12:27.451+0100] {logging_mixin.py:151} INFO - [2023-09-14T17:12:27.451+0100] {manager.py:499} INFO - Created Permission View: %s
[2023-09-14T17:12:27.465+0100] {logging_mixin.py:151} INFO - [2023-09-14T17:12:27.465+0100] {manager.py:499} INFO - Created Permission View: %s
[2023-09-14T17:12:27.465+0100] {logging_mixin.py:151} INFO - [2023-09-14T17:12:27.465+0100] {security.py:708} INFO - Not syncing DAG-level permissions for DAG 'DAG:example_weekday_branch_operator' as access control is unset.
[2023-09-14T17:12:27.465+0100] {logging_mixin.py:151} INFO - [2023-09-14T17:12:27.465+0100] {dag.py:2915} INFO - Sync 1 DAGs
[2023-09-14T17:12:27.474+0100] {logging_mixin.py:151} INFO - [2023-09-14T17:12:27.474+0100] {dag.py:2937} INFO - Creating ORM DAG for example_weekday_branch_operator
[2023-09-14T17:12:27.485+0100] {logging_mixin.py:151} INFO - [2023-09-14T17:12:27.484+0100] {dag.py:3696} INFO - Setting next_dagrun for example_weekday_branch_operator to 2023-09-13T00:00:00+00:00, run_after=2023-09-14T00:00:00+00:00
[2023-09-14T17:12:27.516+0100] {processor.py:179} INFO - Processing /home/joestar/Documents/projects/airflow_etl/airflow_env/lib/python3.8/site-packages/airflow/example_dags/example_branch_day_of_week_operator.py took 0.212 seconds
[2023-09-14T17:13:19.427+0100] {processor.py:157} INFO - Started process (PID=24801) to work on /home/joestar/Documents/projects/airflow_etl/airflow_env/lib/python3.8/site-packages/airflow/example_dags/example_branch_day_of_week_operator.py
[2023-09-14T17:13:19.429+0100] {processor.py:829} INFO - Processing file /home/joestar/Documents/projects/airflow_etl/airflow_env/lib/python3.8/site-packages/airflow/example_dags/example_branch_day_of_week_operator.py for tasks to queue
[2023-09-14T17:13:19.431+0100] {logging_mixin.py:151} INFO - [2023-09-14T17:13:19.431+0100] {dagbag.py:539} INFO - Filling up the DagBag from /home/joestar/Documents/projects/airflow_etl/airflow_env/lib/python3.8/site-packages/airflow/example_dags/example_branch_day_of_week_operator.py
[2023-09-14T17:13:19.449+0100] {processor.py:839} INFO - DAG(s) dict_keys(['example_weekday_branch_operator']) retrieved from /home/joestar/Documents/projects/airflow_etl/airflow_env/lib/python3.8/site-packages/airflow/example_dags/example_branch_day_of_week_operator.py
[2023-09-14T17:13:19.468+0100] {logging_mixin.py:151} INFO - [2023-09-14T17:13:19.468+0100] {dag.py:2915} INFO - Sync 1 DAGs
[2023-09-14T17:13:19.488+0100] {logging_mixin.py:151} INFO - [2023-09-14T17:13:19.487+0100] {dag.py:3696} INFO - Setting next_dagrun for example_weekday_branch_operator to 2023-09-13T00:00:00+00:00, run_after=2023-09-14T00:00:00+00:00
[2023-09-14T17:13:19.535+0100] {processor.py:179} INFO - Processing /home/joestar/Documents/projects/airflow_etl/airflow_env/lib/python3.8/site-packages/airflow/example_dags/example_branch_day_of_week_operator.py took 0.118 seconds
[2023-09-14T17:14:07.941+0100] {processor.py:157} INFO - Started process (PID=25123) to work on /home/joestar/Documents/projects/airflow_etl/airflow_env/lib/python3.8/site-packages/airflow/example_dags/example_branch_day_of_week_operator.py
[2023-09-14T17:14:07.943+0100] {processor.py:829} INFO - Processing file /home/joestar/Documents/projects/airflow_etl/airflow_env/lib/python3.8/site-packages/airflow/example_dags/example_branch_day_of_week_operator.py for tasks to queue
[2023-09-14T17:14:07.944+0100] {logging_mixin.py:151} INFO - [2023-09-14T17:14:07.943+0100] {dagbag.py:539} INFO - Filling up the DagBag from /home/joestar/Documents/projects/airflow_etl/airflow_env/lib/python3.8/site-packages/airflow/example_dags/example_branch_day_of_week_operator.py
[2023-09-14T17:14:07.954+0100] {processor.py:839} INFO - DAG(s) dict_keys(['example_weekday_branch_operator']) retrieved from /home/joestar/Documents/projects/airflow_etl/airflow_env/lib/python3.8/site-packages/airflow/example_dags/example_branch_day_of_week_operator.py
[2023-09-14T17:14:07.977+0100] {logging_mixin.py:151} INFO - [2023-09-14T17:14:07.976+0100] {dag.py:2915} INFO - Sync 1 DAGs
[2023-09-14T17:14:08.007+0100] {logging_mixin.py:151} INFO - [2023-09-14T17:14:08.007+0100] {dag.py:3696} INFO - Setting next_dagrun for example_weekday_branch_operator to 2023-09-13T00:00:00+00:00, run_after=2023-09-14T00:00:00+00:00
[2023-09-14T17:14:08.051+0100] {processor.py:179} INFO - Processing /home/joestar/Documents/projects/airflow_etl/airflow_env/lib/python3.8/site-packages/airflow/example_dags/example_branch_day_of_week_operator.py took 0.115 seconds
[2023-09-14T17:15:03.570+0100] {processor.py:157} INFO - Started process (PID=25761) to work on /home/joestar/Documents/projects/airflow_etl/airflow_env/lib/python3.8/site-packages/airflow/example_dags/example_branch_day_of_week_operator.py
[2023-09-14T17:15:03.572+0100] {processor.py:829} INFO - Processing file /home/joestar/Documents/projects/airflow_etl/airflow_env/lib/python3.8/site-packages/airflow/example_dags/example_branch_day_of_week_operator.py for tasks to queue
[2023-09-14T17:15:03.576+0100] {logging_mixin.py:151} INFO - [2023-09-14T17:15:03.574+0100] {dagbag.py:539} INFO - Filling up the DagBag from /home/joestar/Documents/projects/airflow_etl/airflow_env/lib/python3.8/site-packages/airflow/example_dags/example_branch_day_of_week_operator.py
[2023-09-14T17:15:03.586+0100] {processor.py:839} INFO - DAG(s) dict_keys(['example_weekday_branch_operator']) retrieved from /home/joestar/Documents/projects/airflow_etl/airflow_env/lib/python3.8/site-packages/airflow/example_dags/example_branch_day_of_week_operator.py
[2023-09-14T17:15:03.604+0100] {logging_mixin.py:151} INFO - [2023-09-14T17:15:03.604+0100] {dag.py:2915} INFO - Sync 1 DAGs
[2023-09-14T17:15:03.628+0100] {logging_mixin.py:151} INFO - [2023-09-14T17:15:03.628+0100] {dag.py:3696} INFO - Setting next_dagrun for example_weekday_branch_operator to 2023-09-13T00:00:00+00:00, run_after=2023-09-14T00:00:00+00:00
[2023-09-14T17:15:03.651+0100] {processor.py:179} INFO - Processing /home/joestar/Documents/projects/airflow_etl/airflow_env/lib/python3.8/site-packages/airflow/example_dags/example_branch_day_of_week_operator.py took 0.088 seconds
[2023-09-14T17:16:00.885+0100] {processor.py:157} INFO - Started process (PID=26055) to work on /home/joestar/Documents/projects/airflow_etl/airflow_env/lib/python3.8/site-packages/airflow/example_dags/example_branch_day_of_week_operator.py
[2023-09-14T17:16:00.886+0100] {processor.py:829} INFO - Processing file /home/joestar/Documents/projects/airflow_etl/airflow_env/lib/python3.8/site-packages/airflow/example_dags/example_branch_day_of_week_operator.py for tasks to queue
[2023-09-14T17:16:00.888+0100] {logging_mixin.py:151} INFO - [2023-09-14T17:16:00.887+0100] {dagbag.py:539} INFO - Filling up the DagBag from /home/joestar/Documents/projects/airflow_etl/airflow_env/lib/python3.8/site-packages/airflow/example_dags/example_branch_day_of_week_operator.py
[2023-09-14T17:16:00.898+0100] {processor.py:839} INFO - DAG(s) dict_keys(['example_weekday_branch_operator']) retrieved from /home/joestar/Documents/projects/airflow_etl/airflow_env/lib/python3.8/site-packages/airflow/example_dags/example_branch_day_of_week_operator.py
[2023-09-14T17:16:00.927+0100] {logging_mixin.py:151} INFO - [2023-09-14T17:16:00.927+0100] {dag.py:2915} INFO - Sync 1 DAGs
[2023-09-14T17:16:00.963+0100] {logging_mixin.py:151} INFO - [2023-09-14T17:16:00.962+0100] {dag.py:3696} INFO - Setting next_dagrun for example_weekday_branch_operator to 2023-09-13T00:00:00+00:00, run_after=2023-09-14T00:00:00+00:00
[2023-09-14T17:16:01.024+0100] {processor.py:179} INFO - Processing /home/joestar/Documents/projects/airflow_etl/airflow_env/lib/python3.8/site-packages/airflow/example_dags/example_branch_day_of_week_operator.py took 0.143 seconds
[2023-09-14T17:16:54.736+0100] {processor.py:157} INFO - Started process (PID=26326) to work on /home/joestar/Documents/projects/airflow_etl/airflow_env/lib/python3.8/site-packages/airflow/example_dags/example_branch_day_of_week_operator.py
[2023-09-14T17:16:54.738+0100] {processor.py:829} INFO - Processing file /home/joestar/Documents/projects/airflow_etl/airflow_env/lib/python3.8/site-packages/airflow/example_dags/example_branch_day_of_week_operator.py for tasks to queue
[2023-09-14T17:16:54.739+0100] {logging_mixin.py:151} INFO - [2023-09-14T17:16:54.739+0100] {dagbag.py:539} INFO - Filling up the DagBag from /home/joestar/Documents/projects/airflow_etl/airflow_env/lib/python3.8/site-packages/airflow/example_dags/example_branch_day_of_week_operator.py
[2023-09-14T17:16:54.753+0100] {processor.py:839} INFO - DAG(s) dict_keys(['example_weekday_branch_operator']) retrieved from /home/joestar/Documents/projects/airflow_etl/airflow_env/lib/python3.8/site-packages/airflow/example_dags/example_branch_day_of_week_operator.py
[2023-09-14T17:16:54.784+0100] {logging_mixin.py:151} INFO - [2023-09-14T17:16:54.784+0100] {dag.py:2915} INFO - Sync 1 DAGs
[2023-09-14T17:16:54.821+0100] {logging_mixin.py:151} INFO - [2023-09-14T17:16:54.821+0100] {dag.py:3696} INFO - Setting next_dagrun for example_weekday_branch_operator to 2023-09-13T00:00:00+00:00, run_after=2023-09-14T00:00:00+00:00
[2023-09-14T17:16:54.860+0100] {processor.py:179} INFO - Processing /home/joestar/Documents/projects/airflow_etl/airflow_env/lib/python3.8/site-packages/airflow/example_dags/example_branch_day_of_week_operator.py took 0.129 seconds
[2023-09-14T17:17:45.238+0100] {processor.py:157} INFO - Started process (PID=26583) to work on /home/joestar/Documents/projects/airflow_etl/airflow_env/lib/python3.8/site-packages/airflow/example_dags/example_branch_day_of_week_operator.py
[2023-09-14T17:17:45.240+0100] {processor.py:829} INFO - Processing file /home/joestar/Documents/projects/airflow_etl/airflow_env/lib/python3.8/site-packages/airflow/example_dags/example_branch_day_of_week_operator.py for tasks to queue
[2023-09-14T17:17:45.241+0100] {logging_mixin.py:151} INFO - [2023-09-14T17:17:45.241+0100] {dagbag.py:539} INFO - Filling up the DagBag from /home/joestar/Documents/projects/airflow_etl/airflow_env/lib/python3.8/site-packages/airflow/example_dags/example_branch_day_of_week_operator.py
[2023-09-14T17:17:45.254+0100] {processor.py:839} INFO - DAG(s) dict_keys(['example_weekday_branch_operator']) retrieved from /home/joestar/Documents/projects/airflow_etl/airflow_env/lib/python3.8/site-packages/airflow/example_dags/example_branch_day_of_week_operator.py
[2023-09-14T17:17:45.278+0100] {logging_mixin.py:151} INFO - [2023-09-14T17:17:45.278+0100] {dag.py:2915} INFO - Sync 1 DAGs
[2023-09-14T17:17:45.309+0100] {logging_mixin.py:151} INFO - [2023-09-14T17:17:45.309+0100] {dag.py:3696} INFO - Setting next_dagrun for example_weekday_branch_operator to 2023-09-13T00:00:00+00:00, run_after=2023-09-14T00:00:00+00:00
[2023-09-14T17:17:45.340+0100] {processor.py:179} INFO - Processing /home/joestar/Documents/projects/airflow_etl/airflow_env/lib/python3.8/site-packages/airflow/example_dags/example_branch_day_of_week_operator.py took 0.106 seconds
[2023-09-14T17:18:34.057+0100] {processor.py:157} INFO - Started process (PID=26856) to work on /home/joestar/Documents/projects/airflow_etl/airflow_env/lib/python3.8/site-packages/airflow/example_dags/example_branch_day_of_week_operator.py
[2023-09-14T17:18:34.058+0100] {processor.py:829} INFO - Processing file /home/joestar/Documents/projects/airflow_etl/airflow_env/lib/python3.8/site-packages/airflow/example_dags/example_branch_day_of_week_operator.py for tasks to queue
[2023-09-14T17:18:34.059+0100] {logging_mixin.py:151} INFO - [2023-09-14T17:18:34.058+0100] {dagbag.py:539} INFO - Filling up the DagBag from /home/joestar/Documents/projects/airflow_etl/airflow_env/lib/python3.8/site-packages/airflow/example_dags/example_branch_day_of_week_operator.py
[2023-09-14T17:18:34.068+0100] {processor.py:839} INFO - DAG(s) dict_keys(['example_weekday_branch_operator']) retrieved from /home/joestar/Documents/projects/airflow_etl/airflow_env/lib/python3.8/site-packages/airflow/example_dags/example_branch_day_of_week_operator.py
[2023-09-14T17:18:34.090+0100] {logging_mixin.py:151} INFO - [2023-09-14T17:18:34.089+0100] {dag.py:2915} INFO - Sync 1 DAGs
[2023-09-14T17:18:34.114+0100] {logging_mixin.py:151} INFO - [2023-09-14T17:18:34.114+0100] {dag.py:3696} INFO - Setting next_dagrun for example_weekday_branch_operator to 2023-09-13T00:00:00+00:00, run_after=2023-09-14T00:00:00+00:00
[2023-09-14T17:18:34.140+0100] {processor.py:179} INFO - Processing /home/joestar/Documents/projects/airflow_etl/airflow_env/lib/python3.8/site-packages/airflow/example_dags/example_branch_day_of_week_operator.py took 0.086 seconds
[2023-09-14T17:19:33.346+0100] {processor.py:157} INFO - Started process (PID=27335) to work on /home/joestar/Documents/projects/airflow_etl/airflow_env/lib/python3.8/site-packages/airflow/example_dags/example_branch_day_of_week_operator.py
[2023-09-14T17:19:33.347+0100] {processor.py:829} INFO - Processing file /home/joestar/Documents/projects/airflow_etl/airflow_env/lib/python3.8/site-packages/airflow/example_dags/example_branch_day_of_week_operator.py for tasks to queue
[2023-09-14T17:19:33.348+0100] {logging_mixin.py:151} INFO - [2023-09-14T17:19:33.348+0100] {dagbag.py:539} INFO - Filling up the DagBag from /home/joestar/Documents/projects/airflow_etl/airflow_env/lib/python3.8/site-packages/airflow/example_dags/example_branch_day_of_week_operator.py
[2023-09-14T17:19:33.355+0100] {processor.py:839} INFO - DAG(s) dict_keys(['example_weekday_branch_operator']) retrieved from /home/joestar/Documents/projects/airflow_etl/airflow_env/lib/python3.8/site-packages/airflow/example_dags/example_branch_day_of_week_operator.py
[2023-09-14T17:19:33.370+0100] {logging_mixin.py:151} INFO - [2023-09-14T17:19:33.370+0100] {dag.py:2915} INFO - Sync 1 DAGs
[2023-09-14T17:19:33.392+0100] {logging_mixin.py:151} INFO - [2023-09-14T17:19:33.392+0100] {dag.py:3696} INFO - Setting next_dagrun for example_weekday_branch_operator to 2023-09-13T00:00:00+00:00, run_after=2023-09-14T00:00:00+00:00
[2023-09-14T17:19:33.424+0100] {processor.py:179} INFO - Processing /home/joestar/Documents/projects/airflow_etl/airflow_env/lib/python3.8/site-packages/airflow/example_dags/example_branch_day_of_week_operator.py took 0.081 seconds
[2023-09-14T17:20:27.338+0100] {processor.py:157} INFO - Started process (PID=27558) to work on /home/joestar/Documents/projects/airflow_etl/airflow_env/lib/python3.8/site-packages/airflow/example_dags/example_branch_day_of_week_operator.py
[2023-09-14T17:20:27.339+0100] {processor.py:829} INFO - Processing file /home/joestar/Documents/projects/airflow_etl/airflow_env/lib/python3.8/site-packages/airflow/example_dags/example_branch_day_of_week_operator.py for tasks to queue
[2023-09-14T17:20:27.340+0100] {logging_mixin.py:151} INFO - [2023-09-14T17:20:27.340+0100] {dagbag.py:539} INFO - Filling up the DagBag from /home/joestar/Documents/projects/airflow_etl/airflow_env/lib/python3.8/site-packages/airflow/example_dags/example_branch_day_of_week_operator.py
[2023-09-14T17:20:27.352+0100] {processor.py:839} INFO - DAG(s) dict_keys(['example_weekday_branch_operator']) retrieved from /home/joestar/Documents/projects/airflow_etl/airflow_env/lib/python3.8/site-packages/airflow/example_dags/example_branch_day_of_week_operator.py
[2023-09-14T17:20:27.377+0100] {logging_mixin.py:151} INFO - [2023-09-14T17:20:27.376+0100] {dag.py:2915} INFO - Sync 1 DAGs
[2023-09-14T17:20:27.403+0100] {logging_mixin.py:151} INFO - [2023-09-14T17:20:27.403+0100] {dag.py:3696} INFO - Setting next_dagrun for example_weekday_branch_operator to 2023-09-13T00:00:00+00:00, run_after=2023-09-14T00:00:00+00:00
[2023-09-14T17:20:27.431+0100] {processor.py:179} INFO - Processing /home/joestar/Documents/projects/airflow_etl/airflow_env/lib/python3.8/site-packages/airflow/example_dags/example_branch_day_of_week_operator.py took 0.096 seconds
[2023-09-14T17:21:18.100+0100] {processor.py:157} INFO - Started process (PID=27790) to work on /home/joestar/Documents/projects/airflow_etl/airflow_env/lib/python3.8/site-packages/airflow/example_dags/example_branch_day_of_week_operator.py
[2023-09-14T17:21:18.101+0100] {processor.py:829} INFO - Processing file /home/joestar/Documents/projects/airflow_etl/airflow_env/lib/python3.8/site-packages/airflow/example_dags/example_branch_day_of_week_operator.py for tasks to queue
[2023-09-14T17:21:18.102+0100] {logging_mixin.py:151} INFO - [2023-09-14T17:21:18.102+0100] {dagbag.py:539} INFO - Filling up the DagBag from /home/joestar/Documents/projects/airflow_etl/airflow_env/lib/python3.8/site-packages/airflow/example_dags/example_branch_day_of_week_operator.py
[2023-09-14T17:21:18.113+0100] {processor.py:839} INFO - DAG(s) dict_keys(['example_weekday_branch_operator']) retrieved from /home/joestar/Documents/projects/airflow_etl/airflow_env/lib/python3.8/site-packages/airflow/example_dags/example_branch_day_of_week_operator.py
[2023-09-14T17:21:18.137+0100] {logging_mixin.py:151} INFO - [2023-09-14T17:21:18.137+0100] {dag.py:2915} INFO - Sync 1 DAGs
[2023-09-14T17:21:18.169+0100] {logging_mixin.py:151} INFO - [2023-09-14T17:21:18.169+0100] {dag.py:3696} INFO - Setting next_dagrun for example_weekday_branch_operator to 2023-09-13T00:00:00+00:00, run_after=2023-09-14T00:00:00+00:00
[2023-09-14T17:21:18.204+0100] {processor.py:179} INFO - Processing /home/joestar/Documents/projects/airflow_etl/airflow_env/lib/python3.8/site-packages/airflow/example_dags/example_branch_day_of_week_operator.py took 0.108 seconds
[2023-09-14T17:22:11.509+0100] {processor.py:157} INFO - Started process (PID=28003) to work on /home/joestar/Documents/projects/airflow_etl/airflow_env/lib/python3.8/site-packages/airflow/example_dags/example_branch_day_of_week_operator.py
[2023-09-14T17:22:11.510+0100] {processor.py:829} INFO - Processing file /home/joestar/Documents/projects/airflow_etl/airflow_env/lib/python3.8/site-packages/airflow/example_dags/example_branch_day_of_week_operator.py for tasks to queue
[2023-09-14T17:22:11.511+0100] {logging_mixin.py:151} INFO - [2023-09-14T17:22:11.511+0100] {dagbag.py:539} INFO - Filling up the DagBag from /home/joestar/Documents/projects/airflow_etl/airflow_env/lib/python3.8/site-packages/airflow/example_dags/example_branch_day_of_week_operator.py
[2023-09-14T17:22:11.519+0100] {processor.py:839} INFO - DAG(s) dict_keys(['example_weekday_branch_operator']) retrieved from /home/joestar/Documents/projects/airflow_etl/airflow_env/lib/python3.8/site-packages/airflow/example_dags/example_branch_day_of_week_operator.py
[2023-09-14T17:22:11.536+0100] {logging_mixin.py:151} INFO - [2023-09-14T17:22:11.536+0100] {dag.py:2915} INFO - Sync 1 DAGs
[2023-09-14T17:22:11.558+0100] {logging_mixin.py:151} INFO - [2023-09-14T17:22:11.558+0100] {dag.py:3696} INFO - Setting next_dagrun for example_weekday_branch_operator to 2023-09-13T00:00:00+00:00, run_after=2023-09-14T00:00:00+00:00
[2023-09-14T17:22:11.585+0100] {processor.py:179} INFO - Processing /home/joestar/Documents/projects/airflow_etl/airflow_env/lib/python3.8/site-packages/airflow/example_dags/example_branch_day_of_week_operator.py took 0.079 seconds
[2023-09-14T17:23:06.221+0100] {processor.py:157} INFO - Started process (PID=28254) to work on /home/joestar/Documents/projects/airflow_etl/airflow_env/lib/python3.8/site-packages/airflow/example_dags/example_branch_day_of_week_operator.py
[2023-09-14T17:23:06.231+0100] {processor.py:829} INFO - Processing file /home/joestar/Documents/projects/airflow_etl/airflow_env/lib/python3.8/site-packages/airflow/example_dags/example_branch_day_of_week_operator.py for tasks to queue
[2023-09-14T17:23:06.232+0100] {logging_mixin.py:151} INFO - [2023-09-14T17:23:06.232+0100] {dagbag.py:539} INFO - Filling up the DagBag from /home/joestar/Documents/projects/airflow_etl/airflow_env/lib/python3.8/site-packages/airflow/example_dags/example_branch_day_of_week_operator.py
[2023-09-14T17:23:06.246+0100] {processor.py:839} INFO - DAG(s) dict_keys(['example_weekday_branch_operator']) retrieved from /home/joestar/Documents/projects/airflow_etl/airflow_env/lib/python3.8/site-packages/airflow/example_dags/example_branch_day_of_week_operator.py
[2023-09-14T17:23:06.284+0100] {logging_mixin.py:151} INFO - [2023-09-14T17:23:06.283+0100] {dag.py:2915} INFO - Sync 1 DAGs
[2023-09-14T17:23:06.372+0100] {logging_mixin.py:151} INFO - [2023-09-14T17:23:06.372+0100] {dag.py:3696} INFO - Setting next_dagrun for example_weekday_branch_operator to 2023-09-13T00:00:00+00:00, run_after=2023-09-14T00:00:00+00:00
[2023-09-14T17:23:06.432+0100] {processor.py:179} INFO - Processing /home/joestar/Documents/projects/airflow_etl/airflow_env/lib/python3.8/site-packages/airflow/example_dags/example_branch_day_of_week_operator.py took 0.215 seconds
[2023-09-14T17:24:03.077+0100] {processor.py:157} INFO - Started process (PID=28514) to work on /home/joestar/Documents/projects/airflow_etl/airflow_env/lib/python3.8/site-packages/airflow/example_dags/example_branch_day_of_week_operator.py
[2023-09-14T17:24:03.079+0100] {processor.py:829} INFO - Processing file /home/joestar/Documents/projects/airflow_etl/airflow_env/lib/python3.8/site-packages/airflow/example_dags/example_branch_day_of_week_operator.py for tasks to queue
[2023-09-14T17:24:03.080+0100] {logging_mixin.py:151} INFO - [2023-09-14T17:24:03.079+0100] {dagbag.py:539} INFO - Filling up the DagBag from /home/joestar/Documents/projects/airflow_etl/airflow_env/lib/python3.8/site-packages/airflow/example_dags/example_branch_day_of_week_operator.py
[2023-09-14T17:24:03.089+0100] {processor.py:839} INFO - DAG(s) dict_keys(['example_weekday_branch_operator']) retrieved from /home/joestar/Documents/projects/airflow_etl/airflow_env/lib/python3.8/site-packages/airflow/example_dags/example_branch_day_of_week_operator.py
[2023-09-14T17:24:03.110+0100] {logging_mixin.py:151} INFO - [2023-09-14T17:24:03.110+0100] {dag.py:2915} INFO - Sync 1 DAGs
[2023-09-14T17:24:03.131+0100] {logging_mixin.py:151} INFO - [2023-09-14T17:24:03.131+0100] {dag.py:3696} INFO - Setting next_dagrun for example_weekday_branch_operator to 2023-09-13T00:00:00+00:00, run_after=2023-09-14T00:00:00+00:00
[2023-09-14T17:24:03.155+0100] {processor.py:179} INFO - Processing /home/joestar/Documents/projects/airflow_etl/airflow_env/lib/python3.8/site-packages/airflow/example_dags/example_branch_day_of_week_operator.py took 0.081 seconds
[2023-09-14T17:25:02.244+0100] {processor.py:157} INFO - Started process (PID=28749) to work on /home/joestar/Documents/projects/airflow_etl/airflow_env/lib/python3.8/site-packages/airflow/example_dags/example_branch_day_of_week_operator.py
[2023-09-14T17:25:02.246+0100] {processor.py:829} INFO - Processing file /home/joestar/Documents/projects/airflow_etl/airflow_env/lib/python3.8/site-packages/airflow/example_dags/example_branch_day_of_week_operator.py for tasks to queue
[2023-09-14T17:25:02.247+0100] {logging_mixin.py:151} INFO - [2023-09-14T17:25:02.247+0100] {dagbag.py:539} INFO - Filling up the DagBag from /home/joestar/Documents/projects/airflow_etl/airflow_env/lib/python3.8/site-packages/airflow/example_dags/example_branch_day_of_week_operator.py
[2023-09-14T17:25:02.262+0100] {processor.py:839} INFO - DAG(s) dict_keys(['example_weekday_branch_operator']) retrieved from /home/joestar/Documents/projects/airflow_etl/airflow_env/lib/python3.8/site-packages/airflow/example_dags/example_branch_day_of_week_operator.py
[2023-09-14T17:25:02.290+0100] {logging_mixin.py:151} INFO - [2023-09-14T17:25:02.290+0100] {dag.py:2915} INFO - Sync 1 DAGs
[2023-09-14T17:25:02.332+0100] {logging_mixin.py:151} INFO - [2023-09-14T17:25:02.331+0100] {dag.py:3696} INFO - Setting next_dagrun for example_weekday_branch_operator to 2023-09-13T00:00:00+00:00, run_after=2023-09-14T00:00:00+00:00
[2023-09-14T17:25:02.388+0100] {processor.py:179} INFO - Processing /home/joestar/Documents/projects/airflow_etl/airflow_env/lib/python3.8/site-packages/airflow/example_dags/example_branch_day_of_week_operator.py took 0.147 seconds
[2023-09-14T17:25:56.069+0100] {processor.py:157} INFO - Started process (PID=28982) to work on /home/joestar/Documents/projects/airflow_etl/airflow_env/lib/python3.8/site-packages/airflow/example_dags/example_branch_day_of_week_operator.py
[2023-09-14T17:25:56.070+0100] {processor.py:829} INFO - Processing file /home/joestar/Documents/projects/airflow_etl/airflow_env/lib/python3.8/site-packages/airflow/example_dags/example_branch_day_of_week_operator.py for tasks to queue
[2023-09-14T17:25:56.071+0100] {logging_mixin.py:151} INFO - [2023-09-14T17:25:56.071+0100] {dagbag.py:539} INFO - Filling up the DagBag from /home/joestar/Documents/projects/airflow_etl/airflow_env/lib/python3.8/site-packages/airflow/example_dags/example_branch_day_of_week_operator.py
[2023-09-14T17:25:56.079+0100] {processor.py:839} INFO - DAG(s) dict_keys(['example_weekday_branch_operator']) retrieved from /home/joestar/Documents/projects/airflow_etl/airflow_env/lib/python3.8/site-packages/airflow/example_dags/example_branch_day_of_week_operator.py
[2023-09-14T17:25:56.100+0100] {logging_mixin.py:151} INFO - [2023-09-14T17:25:56.100+0100] {dag.py:2915} INFO - Sync 1 DAGs
[2023-09-14T17:25:56.127+0100] {logging_mixin.py:151} INFO - [2023-09-14T17:25:56.127+0100] {dag.py:3696} INFO - Setting next_dagrun for example_weekday_branch_operator to 2023-09-13T00:00:00+00:00, run_after=2023-09-14T00:00:00+00:00
[2023-09-14T17:25:56.156+0100] {processor.py:179} INFO - Processing /home/joestar/Documents/projects/airflow_etl/airflow_env/lib/python3.8/site-packages/airflow/example_dags/example_branch_day_of_week_operator.py took 0.091 seconds
[2023-09-14T17:26:49.459+0100] {processor.py:157} INFO - Started process (PID=29202) to work on /home/joestar/Documents/projects/airflow_etl/airflow_env/lib/python3.8/site-packages/airflow/example_dags/example_branch_day_of_week_operator.py
[2023-09-14T17:26:49.460+0100] {processor.py:829} INFO - Processing file /home/joestar/Documents/projects/airflow_etl/airflow_env/lib/python3.8/site-packages/airflow/example_dags/example_branch_day_of_week_operator.py for tasks to queue
[2023-09-14T17:26:49.461+0100] {logging_mixin.py:151} INFO - [2023-09-14T17:26:49.461+0100] {dagbag.py:539} INFO - Filling up the DagBag from /home/joestar/Documents/projects/airflow_etl/airflow_env/lib/python3.8/site-packages/airflow/example_dags/example_branch_day_of_week_operator.py
[2023-09-14T17:26:49.471+0100] {processor.py:839} INFO - DAG(s) dict_keys(['example_weekday_branch_operator']) retrieved from /home/joestar/Documents/projects/airflow_etl/airflow_env/lib/python3.8/site-packages/airflow/example_dags/example_branch_day_of_week_operator.py
[2023-09-14T17:26:49.491+0100] {logging_mixin.py:151} INFO - [2023-09-14T17:26:49.490+0100] {dag.py:2915} INFO - Sync 1 DAGs
[2023-09-14T17:26:49.513+0100] {logging_mixin.py:151} INFO - [2023-09-14T17:26:49.513+0100] {dag.py:3696} INFO - Setting next_dagrun for example_weekday_branch_operator to 2023-09-13T00:00:00+00:00, run_after=2023-09-14T00:00:00+00:00
[2023-09-14T17:26:49.540+0100] {processor.py:179} INFO - Processing /home/joestar/Documents/projects/airflow_etl/airflow_env/lib/python3.8/site-packages/airflow/example_dags/example_branch_day_of_week_operator.py took 0.084 seconds
[2023-09-14T17:27:44.181+0100] {processor.py:157} INFO - Started process (PID=29450) to work on /home/joestar/Documents/projects/airflow_etl/airflow_env/lib/python3.8/site-packages/airflow/example_dags/example_branch_day_of_week_operator.py
[2023-09-14T17:27:44.182+0100] {processor.py:829} INFO - Processing file /home/joestar/Documents/projects/airflow_etl/airflow_env/lib/python3.8/site-packages/airflow/example_dags/example_branch_day_of_week_operator.py for tasks to queue
[2023-09-14T17:27:44.183+0100] {logging_mixin.py:151} INFO - [2023-09-14T17:27:44.183+0100] {dagbag.py:539} INFO - Filling up the DagBag from /home/joestar/Documents/projects/airflow_etl/airflow_env/lib/python3.8/site-packages/airflow/example_dags/example_branch_day_of_week_operator.py
[2023-09-14T17:27:44.191+0100] {processor.py:839} INFO - DAG(s) dict_keys(['example_weekday_branch_operator']) retrieved from /home/joestar/Documents/projects/airflow_etl/airflow_env/lib/python3.8/site-packages/airflow/example_dags/example_branch_day_of_week_operator.py
[2023-09-14T17:27:44.210+0100] {logging_mixin.py:151} INFO - [2023-09-14T17:27:44.210+0100] {dag.py:2915} INFO - Sync 1 DAGs
[2023-09-14T17:27:44.231+0100] {logging_mixin.py:151} INFO - [2023-09-14T17:27:44.231+0100] {dag.py:3696} INFO - Setting next_dagrun for example_weekday_branch_operator to 2023-09-13T00:00:00+00:00, run_after=2023-09-14T00:00:00+00:00
[2023-09-14T17:27:44.263+0100] {processor.py:179} INFO - Processing /home/joestar/Documents/projects/airflow_etl/airflow_env/lib/python3.8/site-packages/airflow/example_dags/example_branch_day_of_week_operator.py took 0.084 seconds
[2023-09-14T17:28:38.459+0100] {processor.py:157} INFO - Started process (PID=29694) to work on /home/joestar/Documents/projects/airflow_etl/airflow_env/lib/python3.8/site-packages/airflow/example_dags/example_branch_day_of_week_operator.py
[2023-09-14T17:28:38.461+0100] {processor.py:829} INFO - Processing file /home/joestar/Documents/projects/airflow_etl/airflow_env/lib/python3.8/site-packages/airflow/example_dags/example_branch_day_of_week_operator.py for tasks to queue
[2023-09-14T17:28:38.462+0100] {logging_mixin.py:151} INFO - [2023-09-14T17:28:38.461+0100] {dagbag.py:539} INFO - Filling up the DagBag from /home/joestar/Documents/projects/airflow_etl/airflow_env/lib/python3.8/site-packages/airflow/example_dags/example_branch_day_of_week_operator.py
[2023-09-14T17:28:38.470+0100] {processor.py:839} INFO - DAG(s) dict_keys(['example_weekday_branch_operator']) retrieved from /home/joestar/Documents/projects/airflow_etl/airflow_env/lib/python3.8/site-packages/airflow/example_dags/example_branch_day_of_week_operator.py
[2023-09-14T17:28:38.490+0100] {logging_mixin.py:151} INFO - [2023-09-14T17:28:38.490+0100] {dag.py:2915} INFO - Sync 1 DAGs
[2023-09-14T17:28:38.513+0100] {logging_mixin.py:151} INFO - [2023-09-14T17:28:38.512+0100] {dag.py:3696} INFO - Setting next_dagrun for example_weekday_branch_operator to 2023-09-13T00:00:00+00:00, run_after=2023-09-14T00:00:00+00:00
[2023-09-14T17:28:38.540+0100] {processor.py:179} INFO - Processing /home/joestar/Documents/projects/airflow_etl/airflow_env/lib/python3.8/site-packages/airflow/example_dags/example_branch_day_of_week_operator.py took 0.083 seconds
[2023-09-14T17:29:30.657+0100] {processor.py:157} INFO - Started process (PID=29951) to work on /home/joestar/Documents/projects/airflow_etl/airflow_env/lib/python3.8/site-packages/airflow/example_dags/example_branch_day_of_week_operator.py
[2023-09-14T17:29:30.658+0100] {processor.py:829} INFO - Processing file /home/joestar/Documents/projects/airflow_etl/airflow_env/lib/python3.8/site-packages/airflow/example_dags/example_branch_day_of_week_operator.py for tasks to queue
[2023-09-14T17:29:30.659+0100] {logging_mixin.py:151} INFO - [2023-09-14T17:29:30.659+0100] {dagbag.py:539} INFO - Filling up the DagBag from /home/joestar/Documents/projects/airflow_etl/airflow_env/lib/python3.8/site-packages/airflow/example_dags/example_branch_day_of_week_operator.py
[2023-09-14T17:29:30.668+0100] {processor.py:839} INFO - DAG(s) dict_keys(['example_weekday_branch_operator']) retrieved from /home/joestar/Documents/projects/airflow_etl/airflow_env/lib/python3.8/site-packages/airflow/example_dags/example_branch_day_of_week_operator.py
[2023-09-14T17:29:30.689+0100] {logging_mixin.py:151} INFO - [2023-09-14T17:29:30.689+0100] {dag.py:2915} INFO - Sync 1 DAGs
[2023-09-14T17:29:30.712+0100] {logging_mixin.py:151} INFO - [2023-09-14T17:29:30.712+0100] {dag.py:3696} INFO - Setting next_dagrun for example_weekday_branch_operator to 2023-09-13T00:00:00+00:00, run_after=2023-09-14T00:00:00+00:00
[2023-09-14T17:29:30.738+0100] {processor.py:179} INFO - Processing /home/joestar/Documents/projects/airflow_etl/airflow_env/lib/python3.8/site-packages/airflow/example_dags/example_branch_day_of_week_operator.py took 0.084 seconds
[2023-09-14T17:30:22.548+0100] {processor.py:157} INFO - Started process (PID=30200) to work on /home/joestar/Documents/projects/airflow_etl/airflow_env/lib/python3.8/site-packages/airflow/example_dags/example_branch_day_of_week_operator.py
[2023-09-14T17:30:22.549+0100] {processor.py:829} INFO - Processing file /home/joestar/Documents/projects/airflow_etl/airflow_env/lib/python3.8/site-packages/airflow/example_dags/example_branch_day_of_week_operator.py for tasks to queue
[2023-09-14T17:30:22.550+0100] {logging_mixin.py:151} INFO - [2023-09-14T17:30:22.549+0100] {dagbag.py:539} INFO - Filling up the DagBag from /home/joestar/Documents/projects/airflow_etl/airflow_env/lib/python3.8/site-packages/airflow/example_dags/example_branch_day_of_week_operator.py
[2023-09-14T17:30:22.557+0100] {processor.py:839} INFO - DAG(s) dict_keys(['example_weekday_branch_operator']) retrieved from /home/joestar/Documents/projects/airflow_etl/airflow_env/lib/python3.8/site-packages/airflow/example_dags/example_branch_day_of_week_operator.py
[2023-09-14T17:30:22.574+0100] {logging_mixin.py:151} INFO - [2023-09-14T17:30:22.573+0100] {dag.py:2915} INFO - Sync 1 DAGs
[2023-09-14T17:30:22.594+0100] {logging_mixin.py:151} INFO - [2023-09-14T17:30:22.594+0100] {dag.py:3696} INFO - Setting next_dagrun for example_weekday_branch_operator to 2023-09-13T00:00:00+00:00, run_after=2023-09-14T00:00:00+00:00
[2023-09-14T17:30:22.620+0100] {processor.py:179} INFO - Processing /home/joestar/Documents/projects/airflow_etl/airflow_env/lib/python3.8/site-packages/airflow/example_dags/example_branch_day_of_week_operator.py took 0.075 seconds
[2023-09-14T17:31:13.165+0100] {processor.py:157} INFO - Started process (PID=30444) to work on /home/joestar/Documents/projects/airflow_etl/airflow_env/lib/python3.8/site-packages/airflow/example_dags/example_branch_day_of_week_operator.py
[2023-09-14T17:31:13.166+0100] {processor.py:829} INFO - Processing file /home/joestar/Documents/projects/airflow_etl/airflow_env/lib/python3.8/site-packages/airflow/example_dags/example_branch_day_of_week_operator.py for tasks to queue
[2023-09-14T17:31:13.167+0100] {logging_mixin.py:151} INFO - [2023-09-14T17:31:13.167+0100] {dagbag.py:539} INFO - Filling up the DagBag from /home/joestar/Documents/projects/airflow_etl/airflow_env/lib/python3.8/site-packages/airflow/example_dags/example_branch_day_of_week_operator.py
[2023-09-14T17:31:13.174+0100] {processor.py:839} INFO - DAG(s) dict_keys(['example_weekday_branch_operator']) retrieved from /home/joestar/Documents/projects/airflow_etl/airflow_env/lib/python3.8/site-packages/airflow/example_dags/example_branch_day_of_week_operator.py
[2023-09-14T17:31:13.190+0100] {logging_mixin.py:151} INFO - [2023-09-14T17:31:13.190+0100] {dag.py:2915} INFO - Sync 1 DAGs
[2023-09-14T17:31:13.219+0100] {logging_mixin.py:151} INFO - [2023-09-14T17:31:13.219+0100] {dag.py:3696} INFO - Setting next_dagrun for example_weekday_branch_operator to 2023-09-13T00:00:00+00:00, run_after=2023-09-14T00:00:00+00:00
[2023-09-14T17:31:13.252+0100] {processor.py:179} INFO - Processing /home/joestar/Documents/projects/airflow_etl/airflow_env/lib/python3.8/site-packages/airflow/example_dags/example_branch_day_of_week_operator.py took 0.089 seconds
[2023-09-14T17:32:03.844+0100] {processor.py:157} INFO - Started process (PID=30663) to work on /home/joestar/Documents/projects/airflow_etl/airflow_env/lib/python3.8/site-packages/airflow/example_dags/example_branch_day_of_week_operator.py
[2023-09-14T17:32:03.845+0100] {processor.py:829} INFO - Processing file /home/joestar/Documents/projects/airflow_etl/airflow_env/lib/python3.8/site-packages/airflow/example_dags/example_branch_day_of_week_operator.py for tasks to queue
[2023-09-14T17:32:03.846+0100] {logging_mixin.py:151} INFO - [2023-09-14T17:32:03.846+0100] {dagbag.py:539} INFO - Filling up the DagBag from /home/joestar/Documents/projects/airflow_etl/airflow_env/lib/python3.8/site-packages/airflow/example_dags/example_branch_day_of_week_operator.py
[2023-09-14T17:32:03.854+0100] {processor.py:839} INFO - DAG(s) dict_keys(['example_weekday_branch_operator']) retrieved from /home/joestar/Documents/projects/airflow_etl/airflow_env/lib/python3.8/site-packages/airflow/example_dags/example_branch_day_of_week_operator.py
[2023-09-14T17:32:03.877+0100] {logging_mixin.py:151} INFO - [2023-09-14T17:32:03.877+0100] {dag.py:2915} INFO - Sync 1 DAGs
[2023-09-14T17:32:03.902+0100] {logging_mixin.py:151} INFO - [2023-09-14T17:32:03.902+0100] {dag.py:3696} INFO - Setting next_dagrun for example_weekday_branch_operator to 2023-09-13T00:00:00+00:00, run_after=2023-09-14T00:00:00+00:00
[2023-09-14T17:32:03.926+0100] {processor.py:179} INFO - Processing /home/joestar/Documents/projects/airflow_etl/airflow_env/lib/python3.8/site-packages/airflow/example_dags/example_branch_day_of_week_operator.py took 0.085 seconds
[2023-09-14T17:32:55.855+0100] {processor.py:157} INFO - Started process (PID=30880) to work on /home/joestar/Documents/projects/airflow_etl/airflow_env/lib/python3.8/site-packages/airflow/example_dags/example_branch_day_of_week_operator.py
[2023-09-14T17:32:55.856+0100] {processor.py:829} INFO - Processing file /home/joestar/Documents/projects/airflow_etl/airflow_env/lib/python3.8/site-packages/airflow/example_dags/example_branch_day_of_week_operator.py for tasks to queue
[2023-09-14T17:32:55.857+0100] {logging_mixin.py:151} INFO - [2023-09-14T17:32:55.857+0100] {dagbag.py:539} INFO - Filling up the DagBag from /home/joestar/Documents/projects/airflow_etl/airflow_env/lib/python3.8/site-packages/airflow/example_dags/example_branch_day_of_week_operator.py
[2023-09-14T17:32:55.867+0100] {processor.py:839} INFO - DAG(s) dict_keys(['example_weekday_branch_operator']) retrieved from /home/joestar/Documents/projects/airflow_etl/airflow_env/lib/python3.8/site-packages/airflow/example_dags/example_branch_day_of_week_operator.py
[2023-09-14T17:32:55.892+0100] {logging_mixin.py:151} INFO - [2023-09-14T17:32:55.891+0100] {dag.py:2915} INFO - Sync 1 DAGs
[2023-09-14T17:32:55.924+0100] {logging_mixin.py:151} INFO - [2023-09-14T17:32:55.924+0100] {dag.py:3696} INFO - Setting next_dagrun for example_weekday_branch_operator to 2023-09-13T00:00:00+00:00, run_after=2023-09-14T00:00:00+00:00
[2023-09-14T17:32:55.959+0100] {processor.py:179} INFO - Processing /home/joestar/Documents/projects/airflow_etl/airflow_env/lib/python3.8/site-packages/airflow/example_dags/example_branch_day_of_week_operator.py took 0.108 seconds
[2023-09-14T17:33:49.362+0100] {processor.py:157} INFO - Started process (PID=31123) to work on /home/joestar/Documents/projects/airflow_etl/airflow_env/lib/python3.8/site-packages/airflow/example_dags/example_branch_day_of_week_operator.py
[2023-09-14T17:33:49.363+0100] {processor.py:829} INFO - Processing file /home/joestar/Documents/projects/airflow_etl/airflow_env/lib/python3.8/site-packages/airflow/example_dags/example_branch_day_of_week_operator.py for tasks to queue
[2023-09-14T17:33:49.364+0100] {logging_mixin.py:151} INFO - [2023-09-14T17:33:49.364+0100] {dagbag.py:539} INFO - Filling up the DagBag from /home/joestar/Documents/projects/airflow_etl/airflow_env/lib/python3.8/site-packages/airflow/example_dags/example_branch_day_of_week_operator.py
[2023-09-14T17:33:49.371+0100] {processor.py:839} INFO - DAG(s) dict_keys(['example_weekday_branch_operator']) retrieved from /home/joestar/Documents/projects/airflow_etl/airflow_env/lib/python3.8/site-packages/airflow/example_dags/example_branch_day_of_week_operator.py
[2023-09-14T17:33:49.394+0100] {logging_mixin.py:151} INFO - [2023-09-14T17:33:49.394+0100] {dag.py:2915} INFO - Sync 1 DAGs
[2023-09-14T17:33:49.415+0100] {logging_mixin.py:151} INFO - [2023-09-14T17:33:49.414+0100] {dag.py:3696} INFO - Setting next_dagrun for example_weekday_branch_operator to 2023-09-13T00:00:00+00:00, run_after=2023-09-14T00:00:00+00:00
[2023-09-14T17:33:49.441+0100] {processor.py:179} INFO - Processing /home/joestar/Documents/projects/airflow_etl/airflow_env/lib/python3.8/site-packages/airflow/example_dags/example_branch_day_of_week_operator.py took 0.081 seconds
[2023-09-14T17:34:43.736+0100] {processor.py:157} INFO - Started process (PID=31379) to work on /home/joestar/Documents/projects/airflow_etl/airflow_env/lib/python3.8/site-packages/airflow/example_dags/example_branch_day_of_week_operator.py
[2023-09-14T17:34:43.737+0100] {processor.py:829} INFO - Processing file /home/joestar/Documents/projects/airflow_etl/airflow_env/lib/python3.8/site-packages/airflow/example_dags/example_branch_day_of_week_operator.py for tasks to queue
[2023-09-14T17:34:43.739+0100] {logging_mixin.py:151} INFO - [2023-09-14T17:34:43.738+0100] {dagbag.py:539} INFO - Filling up the DagBag from /home/joestar/Documents/projects/airflow_etl/airflow_env/lib/python3.8/site-packages/airflow/example_dags/example_branch_day_of_week_operator.py
[2023-09-14T17:34:43.749+0100] {processor.py:839} INFO - DAG(s) dict_keys(['example_weekday_branch_operator']) retrieved from /home/joestar/Documents/projects/airflow_etl/airflow_env/lib/python3.8/site-packages/airflow/example_dags/example_branch_day_of_week_operator.py
[2023-09-14T17:34:43.765+0100] {logging_mixin.py:151} INFO - [2023-09-14T17:34:43.765+0100] {dag.py:2915} INFO - Sync 1 DAGs
[2023-09-14T17:34:43.786+0100] {logging_mixin.py:151} INFO - [2023-09-14T17:34:43.785+0100] {dag.py:3696} INFO - Setting next_dagrun for example_weekday_branch_operator to 2023-09-13T00:00:00+00:00, run_after=2023-09-14T00:00:00+00:00
[2023-09-14T17:34:43.816+0100] {processor.py:179} INFO - Processing /home/joestar/Documents/projects/airflow_etl/airflow_env/lib/python3.8/site-packages/airflow/example_dags/example_branch_day_of_week_operator.py took 0.083 seconds
[2023-09-14T17:35:33.072+0100] {processor.py:157} INFO - Started process (PID=31616) to work on /home/joestar/Documents/projects/airflow_etl/airflow_env/lib/python3.8/site-packages/airflow/example_dags/example_branch_day_of_week_operator.py
[2023-09-14T17:35:33.074+0100] {processor.py:829} INFO - Processing file /home/joestar/Documents/projects/airflow_etl/airflow_env/lib/python3.8/site-packages/airflow/example_dags/example_branch_day_of_week_operator.py for tasks to queue
[2023-09-14T17:35:33.076+0100] {logging_mixin.py:151} INFO - [2023-09-14T17:35:33.075+0100] {dagbag.py:539} INFO - Filling up the DagBag from /home/joestar/Documents/projects/airflow_etl/airflow_env/lib/python3.8/site-packages/airflow/example_dags/example_branch_day_of_week_operator.py
[2023-09-14T17:35:33.086+0100] {processor.py:839} INFO - DAG(s) dict_keys(['example_weekday_branch_operator']) retrieved from /home/joestar/Documents/projects/airflow_etl/airflow_env/lib/python3.8/site-packages/airflow/example_dags/example_branch_day_of_week_operator.py
[2023-09-14T17:35:33.106+0100] {logging_mixin.py:151} INFO - [2023-09-14T17:35:33.106+0100] {dag.py:2915} INFO - Sync 1 DAGs
[2023-09-14T17:35:33.139+0100] {logging_mixin.py:151} INFO - [2023-09-14T17:35:33.138+0100] {dag.py:3696} INFO - Setting next_dagrun for example_weekday_branch_operator to 2023-09-13T00:00:00+00:00, run_after=2023-09-14T00:00:00+00:00
[2023-09-14T17:35:33.180+0100] {processor.py:179} INFO - Processing /home/joestar/Documents/projects/airflow_etl/airflow_env/lib/python3.8/site-packages/airflow/example_dags/example_branch_day_of_week_operator.py took 0.112 seconds
[2023-09-14T17:36:26.109+0100] {processor.py:157} INFO - Started process (PID=31858) to work on /home/joestar/Documents/projects/airflow_etl/airflow_env/lib/python3.8/site-packages/airflow/example_dags/example_branch_day_of_week_operator.py
[2023-09-14T17:36:26.110+0100] {processor.py:829} INFO - Processing file /home/joestar/Documents/projects/airflow_etl/airflow_env/lib/python3.8/site-packages/airflow/example_dags/example_branch_day_of_week_operator.py for tasks to queue
[2023-09-14T17:36:26.112+0100] {logging_mixin.py:151} INFO - [2023-09-14T17:36:26.111+0100] {dagbag.py:539} INFO - Filling up the DagBag from /home/joestar/Documents/projects/airflow_etl/airflow_env/lib/python3.8/site-packages/airflow/example_dags/example_branch_day_of_week_operator.py
[2023-09-14T17:36:26.123+0100] {processor.py:839} INFO - DAG(s) dict_keys(['example_weekday_branch_operator']) retrieved from /home/joestar/Documents/projects/airflow_etl/airflow_env/lib/python3.8/site-packages/airflow/example_dags/example_branch_day_of_week_operator.py
[2023-09-14T17:36:26.141+0100] {logging_mixin.py:151} INFO - [2023-09-14T17:36:26.141+0100] {dag.py:2915} INFO - Sync 1 DAGs
[2023-09-14T17:36:26.173+0100] {logging_mixin.py:151} INFO - [2023-09-14T17:36:26.173+0100] {dag.py:3696} INFO - Setting next_dagrun for example_weekday_branch_operator to 2023-09-13T00:00:00+00:00, run_after=2023-09-14T00:00:00+00:00
[2023-09-14T17:36:26.203+0100] {processor.py:179} INFO - Processing /home/joestar/Documents/projects/airflow_etl/airflow_env/lib/python3.8/site-packages/airflow/example_dags/example_branch_day_of_week_operator.py took 0.097 seconds
[2023-09-14T17:37:19.236+0100] {processor.py:157} INFO - Started process (PID=32103) to work on /home/joestar/Documents/projects/airflow_etl/airflow_env/lib/python3.8/site-packages/airflow/example_dags/example_branch_day_of_week_operator.py
[2023-09-14T17:37:19.237+0100] {processor.py:829} INFO - Processing file /home/joestar/Documents/projects/airflow_etl/airflow_env/lib/python3.8/site-packages/airflow/example_dags/example_branch_day_of_week_operator.py for tasks to queue
[2023-09-14T17:37:19.238+0100] {logging_mixin.py:151} INFO - [2023-09-14T17:37:19.238+0100] {dagbag.py:539} INFO - Filling up the DagBag from /home/joestar/Documents/projects/airflow_etl/airflow_env/lib/python3.8/site-packages/airflow/example_dags/example_branch_day_of_week_operator.py
[2023-09-14T17:37:19.245+0100] {processor.py:839} INFO - DAG(s) dict_keys(['example_weekday_branch_operator']) retrieved from /home/joestar/Documents/projects/airflow_etl/airflow_env/lib/python3.8/site-packages/airflow/example_dags/example_branch_day_of_week_operator.py
[2023-09-14T17:37:19.260+0100] {logging_mixin.py:151} INFO - [2023-09-14T17:37:19.260+0100] {dag.py:2915} INFO - Sync 1 DAGs
[2023-09-14T17:37:19.280+0100] {logging_mixin.py:151} INFO - [2023-09-14T17:37:19.280+0100] {dag.py:3696} INFO - Setting next_dagrun for example_weekday_branch_operator to 2023-09-13T00:00:00+00:00, run_after=2023-09-14T00:00:00+00:00
[2023-09-14T17:37:19.309+0100] {processor.py:179} INFO - Processing /home/joestar/Documents/projects/airflow_etl/airflow_env/lib/python3.8/site-packages/airflow/example_dags/example_branch_day_of_week_operator.py took 0.076 seconds
[2023-09-14T17:38:15.866+0100] {processor.py:157} INFO - Started process (PID=32520) to work on /home/joestar/Documents/projects/airflow_etl/airflow_env/lib/python3.8/site-packages/airflow/example_dags/example_branch_day_of_week_operator.py
[2023-09-14T17:38:15.867+0100] {processor.py:829} INFO - Processing file /home/joestar/Documents/projects/airflow_etl/airflow_env/lib/python3.8/site-packages/airflow/example_dags/example_branch_day_of_week_operator.py for tasks to queue
[2023-09-14T17:38:15.868+0100] {logging_mixin.py:151} INFO - [2023-09-14T17:38:15.868+0100] {dagbag.py:539} INFO - Filling up the DagBag from /home/joestar/Documents/projects/airflow_etl/airflow_env/lib/python3.8/site-packages/airflow/example_dags/example_branch_day_of_week_operator.py
[2023-09-14T17:38:15.884+0100] {processor.py:839} INFO - DAG(s) dict_keys(['example_weekday_branch_operator']) retrieved from /home/joestar/Documents/projects/airflow_etl/airflow_env/lib/python3.8/site-packages/airflow/example_dags/example_branch_day_of_week_operator.py
[2023-09-14T17:38:15.911+0100] {logging_mixin.py:151} INFO - [2023-09-14T17:38:15.911+0100] {dag.py:2915} INFO - Sync 1 DAGs
[2023-09-14T17:38:15.952+0100] {logging_mixin.py:151} INFO - [2023-09-14T17:38:15.952+0100] {dag.py:3696} INFO - Setting next_dagrun for example_weekday_branch_operator to 2023-09-13T00:00:00+00:00, run_after=2023-09-14T00:00:00+00:00
[2023-09-14T17:38:15.993+0100] {processor.py:179} INFO - Processing /home/joestar/Documents/projects/airflow_etl/airflow_env/lib/python3.8/site-packages/airflow/example_dags/example_branch_day_of_week_operator.py took 0.133 seconds
[2023-09-14T17:39:20.533+0100] {processor.py:157} INFO - Started process (PID=32997) to work on /home/joestar/Documents/projects/airflow_etl/airflow_env/lib/python3.8/site-packages/airflow/example_dags/example_branch_day_of_week_operator.py
[2023-09-14T17:39:20.534+0100] {processor.py:829} INFO - Processing file /home/joestar/Documents/projects/airflow_etl/airflow_env/lib/python3.8/site-packages/airflow/example_dags/example_branch_day_of_week_operator.py for tasks to queue
[2023-09-14T17:39:20.535+0100] {logging_mixin.py:151} INFO - [2023-09-14T17:39:20.534+0100] {dagbag.py:539} INFO - Filling up the DagBag from /home/joestar/Documents/projects/airflow_etl/airflow_env/lib/python3.8/site-packages/airflow/example_dags/example_branch_day_of_week_operator.py
[2023-09-14T17:39:20.542+0100] {processor.py:839} INFO - DAG(s) dict_keys(['example_weekday_branch_operator']) retrieved from /home/joestar/Documents/projects/airflow_etl/airflow_env/lib/python3.8/site-packages/airflow/example_dags/example_branch_day_of_week_operator.py
[2023-09-14T17:39:20.558+0100] {logging_mixin.py:151} INFO - [2023-09-14T17:39:20.558+0100] {dag.py:2915} INFO - Sync 1 DAGs
[2023-09-14T17:39:20.579+0100] {logging_mixin.py:151} INFO - [2023-09-14T17:39:20.579+0100] {dag.py:3696} INFO - Setting next_dagrun for example_weekday_branch_operator to 2023-09-13T00:00:00+00:00, run_after=2023-09-14T00:00:00+00:00
[2023-09-14T17:39:20.604+0100] {processor.py:179} INFO - Processing /home/joestar/Documents/projects/airflow_etl/airflow_env/lib/python3.8/site-packages/airflow/example_dags/example_branch_day_of_week_operator.py took 0.074 seconds
[2023-09-14T17:40:21.933+0100] {processor.py:157} INFO - Started process (PID=33356) to work on /home/joestar/Documents/projects/airflow_etl/airflow_env/lib/python3.8/site-packages/airflow/example_dags/example_branch_day_of_week_operator.py
[2023-09-14T17:40:21.940+0100] {processor.py:829} INFO - Processing file /home/joestar/Documents/projects/airflow_etl/airflow_env/lib/python3.8/site-packages/airflow/example_dags/example_branch_day_of_week_operator.py for tasks to queue
[2023-09-14T17:40:21.942+0100] {logging_mixin.py:151} INFO - [2023-09-14T17:40:21.941+0100] {dagbag.py:539} INFO - Filling up the DagBag from /home/joestar/Documents/projects/airflow_etl/airflow_env/lib/python3.8/site-packages/airflow/example_dags/example_branch_day_of_week_operator.py
[2023-09-14T17:40:21.956+0100] {processor.py:839} INFO - DAG(s) dict_keys(['example_weekday_branch_operator']) retrieved from /home/joestar/Documents/projects/airflow_etl/airflow_env/lib/python3.8/site-packages/airflow/example_dags/example_branch_day_of_week_operator.py
[2023-09-14T17:40:22.000+0100] {logging_mixin.py:151} INFO - [2023-09-14T17:40:22.000+0100] {dag.py:2915} INFO - Sync 1 DAGs
[2023-09-14T17:40:22.032+0100] {logging_mixin.py:151} INFO - [2023-09-14T17:40:22.032+0100] {dag.py:3696} INFO - Setting next_dagrun for example_weekday_branch_operator to 2023-09-13T00:00:00+00:00, run_after=2023-09-14T00:00:00+00:00
[2023-09-14T17:40:22.058+0100] {processor.py:179} INFO - Processing /home/joestar/Documents/projects/airflow_etl/airflow_env/lib/python3.8/site-packages/airflow/example_dags/example_branch_day_of_week_operator.py took 0.143 seconds
[2023-09-14T17:41:15.937+0100] {processor.py:157} INFO - Started process (PID=33758) to work on /home/joestar/Documents/projects/airflow_etl/airflow_env/lib/python3.8/site-packages/airflow/example_dags/example_branch_day_of_week_operator.py
[2023-09-14T17:41:15.938+0100] {processor.py:829} INFO - Processing file /home/joestar/Documents/projects/airflow_etl/airflow_env/lib/python3.8/site-packages/airflow/example_dags/example_branch_day_of_week_operator.py for tasks to queue
[2023-09-14T17:41:15.939+0100] {logging_mixin.py:151} INFO - [2023-09-14T17:41:15.939+0100] {dagbag.py:539} INFO - Filling up the DagBag from /home/joestar/Documents/projects/airflow_etl/airflow_env/lib/python3.8/site-packages/airflow/example_dags/example_branch_day_of_week_operator.py
[2023-09-14T17:41:15.950+0100] {processor.py:839} INFO - DAG(s) dict_keys(['example_weekday_branch_operator']) retrieved from /home/joestar/Documents/projects/airflow_etl/airflow_env/lib/python3.8/site-packages/airflow/example_dags/example_branch_day_of_week_operator.py
[2023-09-14T17:41:15.969+0100] {logging_mixin.py:151} INFO - [2023-09-14T17:41:15.969+0100] {dag.py:2915} INFO - Sync 1 DAGs
[2023-09-14T17:41:15.993+0100] {logging_mixin.py:151} INFO - [2023-09-14T17:41:15.993+0100] {dag.py:3696} INFO - Setting next_dagrun for example_weekday_branch_operator to 2023-09-13T00:00:00+00:00, run_after=2023-09-14T00:00:00+00:00
[2023-09-14T17:41:16.030+0100] {processor.py:179} INFO - Processing /home/joestar/Documents/projects/airflow_etl/airflow_env/lib/python3.8/site-packages/airflow/example_dags/example_branch_day_of_week_operator.py took 0.096 seconds
[2023-09-14T17:42:14.777+0100] {processor.py:157} INFO - Started process (PID=34047) to work on /home/joestar/Documents/projects/airflow_etl/airflow_env/lib/python3.8/site-packages/airflow/example_dags/example_branch_day_of_week_operator.py
[2023-09-14T17:42:14.778+0100] {processor.py:829} INFO - Processing file /home/joestar/Documents/projects/airflow_etl/airflow_env/lib/python3.8/site-packages/airflow/example_dags/example_branch_day_of_week_operator.py for tasks to queue
[2023-09-14T17:42:14.780+0100] {logging_mixin.py:151} INFO - [2023-09-14T17:42:14.779+0100] {dagbag.py:539} INFO - Filling up the DagBag from /home/joestar/Documents/projects/airflow_etl/airflow_env/lib/python3.8/site-packages/airflow/example_dags/example_branch_day_of_week_operator.py
[2023-09-14T17:42:14.792+0100] {processor.py:839} INFO - DAG(s) dict_keys(['example_weekday_branch_operator']) retrieved from /home/joestar/Documents/projects/airflow_etl/airflow_env/lib/python3.8/site-packages/airflow/example_dags/example_branch_day_of_week_operator.py
[2023-09-14T17:42:14.837+0100] {logging_mixin.py:151} INFO - [2023-09-14T17:42:14.837+0100] {dag.py:2915} INFO - Sync 1 DAGs
[2023-09-14T17:42:14.875+0100] {logging_mixin.py:151} INFO - [2023-09-14T17:42:14.875+0100] {dag.py:3696} INFO - Setting next_dagrun for example_weekday_branch_operator to 2023-09-13T00:00:00+00:00, run_after=2023-09-14T00:00:00+00:00
[2023-09-14T17:42:14.909+0100] {processor.py:179} INFO - Processing /home/joestar/Documents/projects/airflow_etl/airflow_env/lib/python3.8/site-packages/airflow/example_dags/example_branch_day_of_week_operator.py took 0.137 seconds
[2023-09-14T17:43:00.389+0100] {processor.py:157} INFO - Started process (PID=34256) to work on /home/joestar/Documents/projects/airflow_etl/airflow_env/lib/python3.8/site-packages/airflow/example_dags/example_branch_day_of_week_operator.py
[2023-09-14T17:43:00.390+0100] {processor.py:829} INFO - Processing file /home/joestar/Documents/projects/airflow_etl/airflow_env/lib/python3.8/site-packages/airflow/example_dags/example_branch_day_of_week_operator.py for tasks to queue
[2023-09-14T17:43:00.391+0100] {logging_mixin.py:151} INFO - [2023-09-14T17:43:00.391+0100] {dagbag.py:539} INFO - Filling up the DagBag from /home/joestar/Documents/projects/airflow_etl/airflow_env/lib/python3.8/site-packages/airflow/example_dags/example_branch_day_of_week_operator.py
[2023-09-14T17:43:00.398+0100] {processor.py:839} INFO - DAG(s) dict_keys(['example_weekday_branch_operator']) retrieved from /home/joestar/Documents/projects/airflow_etl/airflow_env/lib/python3.8/site-packages/airflow/example_dags/example_branch_day_of_week_operator.py
[2023-09-14T17:43:00.422+0100] {logging_mixin.py:151} INFO - [2023-09-14T17:43:00.422+0100] {dag.py:2915} INFO - Sync 1 DAGs
[2023-09-14T17:43:00.447+0100] {logging_mixin.py:151} INFO - [2023-09-14T17:43:00.447+0100] {dag.py:3696} INFO - Setting next_dagrun for example_weekday_branch_operator to 2023-09-13T00:00:00+00:00, run_after=2023-09-14T00:00:00+00:00
[2023-09-14T17:43:00.472+0100] {processor.py:179} INFO - Processing /home/joestar/Documents/projects/airflow_etl/airflow_env/lib/python3.8/site-packages/airflow/example_dags/example_branch_day_of_week_operator.py took 0.086 seconds
[2023-09-14T17:43:57.905+0100] {processor.py:157} INFO - Started process (PID=34530) to work on /home/joestar/Documents/projects/airflow_etl/airflow_env/lib/python3.8/site-packages/airflow/example_dags/example_branch_day_of_week_operator.py
[2023-09-14T17:43:57.906+0100] {processor.py:829} INFO - Processing file /home/joestar/Documents/projects/airflow_etl/airflow_env/lib/python3.8/site-packages/airflow/example_dags/example_branch_day_of_week_operator.py for tasks to queue
[2023-09-14T17:43:57.907+0100] {logging_mixin.py:151} INFO - [2023-09-14T17:43:57.906+0100] {dagbag.py:539} INFO - Filling up the DagBag from /home/joestar/Documents/projects/airflow_etl/airflow_env/lib/python3.8/site-packages/airflow/example_dags/example_branch_day_of_week_operator.py
[2023-09-14T17:43:57.915+0100] {processor.py:839} INFO - DAG(s) dict_keys(['example_weekday_branch_operator']) retrieved from /home/joestar/Documents/projects/airflow_etl/airflow_env/lib/python3.8/site-packages/airflow/example_dags/example_branch_day_of_week_operator.py
[2023-09-14T17:43:57.934+0100] {logging_mixin.py:151} INFO - [2023-09-14T17:43:57.934+0100] {dag.py:2915} INFO - Sync 1 DAGs
[2023-09-14T17:43:57.963+0100] {logging_mixin.py:151} INFO - [2023-09-14T17:43:57.963+0100] {dag.py:3696} INFO - Setting next_dagrun for example_weekday_branch_operator to 2023-09-13T00:00:00+00:00, run_after=2023-09-14T00:00:00+00:00
[2023-09-14T17:43:57.988+0100] {processor.py:179} INFO - Processing /home/joestar/Documents/projects/airflow_etl/airflow_env/lib/python3.8/site-packages/airflow/example_dags/example_branch_day_of_week_operator.py took 0.088 seconds
[2023-09-14T17:45:00.452+0100] {processor.py:157} INFO - Started process (PID=34834) to work on /home/joestar/Documents/projects/airflow_etl/airflow_env/lib/python3.8/site-packages/airflow/example_dags/example_branch_day_of_week_operator.py
[2023-09-14T17:45:00.453+0100] {processor.py:829} INFO - Processing file /home/joestar/Documents/projects/airflow_etl/airflow_env/lib/python3.8/site-packages/airflow/example_dags/example_branch_day_of_week_operator.py for tasks to queue
[2023-09-14T17:45:00.454+0100] {logging_mixin.py:151} INFO - [2023-09-14T17:45:00.454+0100] {dagbag.py:539} INFO - Filling up the DagBag from /home/joestar/Documents/projects/airflow_etl/airflow_env/lib/python3.8/site-packages/airflow/example_dags/example_branch_day_of_week_operator.py
[2023-09-14T17:45:00.464+0100] {processor.py:839} INFO - DAG(s) dict_keys(['example_weekday_branch_operator']) retrieved from /home/joestar/Documents/projects/airflow_etl/airflow_env/lib/python3.8/site-packages/airflow/example_dags/example_branch_day_of_week_operator.py
[2023-09-14T17:45:00.483+0100] {logging_mixin.py:151} INFO - [2023-09-14T17:45:00.483+0100] {dag.py:2915} INFO - Sync 1 DAGs
[2023-09-14T17:45:00.514+0100] {logging_mixin.py:151} INFO - [2023-09-14T17:45:00.514+0100] {dag.py:3696} INFO - Setting next_dagrun for example_weekday_branch_operator to 2023-09-13T00:00:00+00:00, run_after=2023-09-14T00:00:00+00:00
[2023-09-14T17:45:00.548+0100] {processor.py:179} INFO - Processing /home/joestar/Documents/projects/airflow_etl/airflow_env/lib/python3.8/site-packages/airflow/example_dags/example_branch_day_of_week_operator.py took 0.099 seconds
[2023-09-14T17:46:00.626+0100] {processor.py:157} INFO - Started process (PID=35084) to work on /home/joestar/Documents/projects/airflow_etl/airflow_env/lib/python3.8/site-packages/airflow/example_dags/example_branch_day_of_week_operator.py
[2023-09-14T17:46:00.627+0100] {processor.py:829} INFO - Processing file /home/joestar/Documents/projects/airflow_etl/airflow_env/lib/python3.8/site-packages/airflow/example_dags/example_branch_day_of_week_operator.py for tasks to queue
[2023-09-14T17:46:00.629+0100] {logging_mixin.py:151} INFO - [2023-09-14T17:46:00.629+0100] {dagbag.py:539} INFO - Filling up the DagBag from /home/joestar/Documents/projects/airflow_etl/airflow_env/lib/python3.8/site-packages/airflow/example_dags/example_branch_day_of_week_operator.py
[2023-09-14T17:46:00.646+0100] {processor.py:839} INFO - DAG(s) dict_keys(['example_weekday_branch_operator']) retrieved from /home/joestar/Documents/projects/airflow_etl/airflow_env/lib/python3.8/site-packages/airflow/example_dags/example_branch_day_of_week_operator.py
[2023-09-14T17:46:00.677+0100] {logging_mixin.py:151} INFO - [2023-09-14T17:46:00.677+0100] {dag.py:2915} INFO - Sync 1 DAGs
[2023-09-14T17:46:00.720+0100] {logging_mixin.py:151} INFO - [2023-09-14T17:46:00.719+0100] {dag.py:3696} INFO - Setting next_dagrun for example_weekday_branch_operator to 2023-09-13T00:00:00+00:00, run_after=2023-09-14T00:00:00+00:00
[2023-09-14T17:46:00.772+0100] {processor.py:179} INFO - Processing /home/joestar/Documents/projects/airflow_etl/airflow_env/lib/python3.8/site-packages/airflow/example_dags/example_branch_day_of_week_operator.py took 0.151 seconds
[2023-09-14T17:47:07.961+0100] {processor.py:157} INFO - Started process (PID=35381) to work on /home/joestar/Documents/projects/airflow_etl/airflow_env/lib/python3.8/site-packages/airflow/example_dags/example_branch_day_of_week_operator.py
[2023-09-14T17:47:07.963+0100] {processor.py:829} INFO - Processing file /home/joestar/Documents/projects/airflow_etl/airflow_env/lib/python3.8/site-packages/airflow/example_dags/example_branch_day_of_week_operator.py for tasks to queue
[2023-09-14T17:47:07.965+0100] {logging_mixin.py:151} INFO - [2023-09-14T17:47:07.964+0100] {dagbag.py:539} INFO - Filling up the DagBag from /home/joestar/Documents/projects/airflow_etl/airflow_env/lib/python3.8/site-packages/airflow/example_dags/example_branch_day_of_week_operator.py
[2023-09-14T17:47:07.979+0100] {processor.py:839} INFO - DAG(s) dict_keys(['example_weekday_branch_operator']) retrieved from /home/joestar/Documents/projects/airflow_etl/airflow_env/lib/python3.8/site-packages/airflow/example_dags/example_branch_day_of_week_operator.py
[2023-09-14T17:47:08.010+0100] {logging_mixin.py:151} INFO - [2023-09-14T17:47:08.009+0100] {dag.py:2915} INFO - Sync 1 DAGs
[2023-09-14T17:47:08.054+0100] {logging_mixin.py:151} INFO - [2023-09-14T17:47:08.054+0100] {dag.py:3696} INFO - Setting next_dagrun for example_weekday_branch_operator to 2023-09-13T00:00:00+00:00, run_after=2023-09-14T00:00:00+00:00
[2023-09-14T17:47:08.097+0100] {processor.py:179} INFO - Processing /home/joestar/Documents/projects/airflow_etl/airflow_env/lib/python3.8/site-packages/airflow/example_dags/example_branch_day_of_week_operator.py took 0.141 seconds
[2023-09-14T17:48:02.273+0100] {processor.py:157} INFO - Started process (PID=35572) to work on /home/joestar/Documents/projects/airflow_etl/airflow_env/lib/python3.8/site-packages/airflow/example_dags/example_branch_day_of_week_operator.py
[2023-09-14T17:48:02.274+0100] {processor.py:829} INFO - Processing file /home/joestar/Documents/projects/airflow_etl/airflow_env/lib/python3.8/site-packages/airflow/example_dags/example_branch_day_of_week_operator.py for tasks to queue
[2023-09-14T17:48:02.275+0100] {logging_mixin.py:151} INFO - [2023-09-14T17:48:02.275+0100] {dagbag.py:539} INFO - Filling up the DagBag from /home/joestar/Documents/projects/airflow_etl/airflow_env/lib/python3.8/site-packages/airflow/example_dags/example_branch_day_of_week_operator.py
[2023-09-14T17:48:02.286+0100] {processor.py:839} INFO - DAG(s) dict_keys(['example_weekday_branch_operator']) retrieved from /home/joestar/Documents/projects/airflow_etl/airflow_env/lib/python3.8/site-packages/airflow/example_dags/example_branch_day_of_week_operator.py
[2023-09-14T17:48:02.313+0100] {logging_mixin.py:151} INFO - [2023-09-14T17:48:02.313+0100] {dag.py:2915} INFO - Sync 1 DAGs
[2023-09-14T17:48:02.353+0100] {logging_mixin.py:151} INFO - [2023-09-14T17:48:02.353+0100] {dag.py:3696} INFO - Setting next_dagrun for example_weekday_branch_operator to 2023-09-13T00:00:00+00:00, run_after=2023-09-14T00:00:00+00:00
[2023-09-14T17:48:02.388+0100] {processor.py:179} INFO - Processing /home/joestar/Documents/projects/airflow_etl/airflow_env/lib/python3.8/site-packages/airflow/example_dags/example_branch_day_of_week_operator.py took 0.120 seconds
[2023-09-14T17:48:57.378+0100] {processor.py:157} INFO - Started process (PID=35800) to work on /home/joestar/Documents/projects/airflow_etl/airflow_env/lib/python3.8/site-packages/airflow/example_dags/example_branch_day_of_week_operator.py
[2023-09-14T17:48:57.379+0100] {processor.py:829} INFO - Processing file /home/joestar/Documents/projects/airflow_etl/airflow_env/lib/python3.8/site-packages/airflow/example_dags/example_branch_day_of_week_operator.py for tasks to queue
[2023-09-14T17:48:57.380+0100] {logging_mixin.py:151} INFO - [2023-09-14T17:48:57.379+0100] {dagbag.py:539} INFO - Filling up the DagBag from /home/joestar/Documents/projects/airflow_etl/airflow_env/lib/python3.8/site-packages/airflow/example_dags/example_branch_day_of_week_operator.py
[2023-09-14T17:48:57.387+0100] {processor.py:839} INFO - DAG(s) dict_keys(['example_weekday_branch_operator']) retrieved from /home/joestar/Documents/projects/airflow_etl/airflow_env/lib/python3.8/site-packages/airflow/example_dags/example_branch_day_of_week_operator.py
[2023-09-14T17:48:57.406+0100] {logging_mixin.py:151} INFO - [2023-09-14T17:48:57.405+0100] {dag.py:2915} INFO - Sync 1 DAGs
[2023-09-14T17:48:57.425+0100] {logging_mixin.py:151} INFO - [2023-09-14T17:48:57.425+0100] {dag.py:3696} INFO - Setting next_dagrun for example_weekday_branch_operator to 2023-09-13T00:00:00+00:00, run_after=2023-09-14T00:00:00+00:00
[2023-09-14T17:48:57.454+0100] {processor.py:179} INFO - Processing /home/joestar/Documents/projects/airflow_etl/airflow_env/lib/python3.8/site-packages/airflow/example_dags/example_branch_day_of_week_operator.py took 0.079 seconds
[2023-09-14T17:49:49.301+0100] {processor.py:157} INFO - Started process (PID=36002) to work on /home/joestar/Documents/projects/airflow_etl/airflow_env/lib/python3.8/site-packages/airflow/example_dags/example_branch_day_of_week_operator.py
[2023-09-14T17:49:49.303+0100] {processor.py:829} INFO - Processing file /home/joestar/Documents/projects/airflow_etl/airflow_env/lib/python3.8/site-packages/airflow/example_dags/example_branch_day_of_week_operator.py for tasks to queue
[2023-09-14T17:49:49.304+0100] {logging_mixin.py:151} INFO - [2023-09-14T17:49:49.303+0100] {dagbag.py:539} INFO - Filling up the DagBag from /home/joestar/Documents/projects/airflow_etl/airflow_env/lib/python3.8/site-packages/airflow/example_dags/example_branch_day_of_week_operator.py
[2023-09-14T17:49:49.317+0100] {processor.py:839} INFO - DAG(s) dict_keys(['example_weekday_branch_operator']) retrieved from /home/joestar/Documents/projects/airflow_etl/airflow_env/lib/python3.8/site-packages/airflow/example_dags/example_branch_day_of_week_operator.py
[2023-09-14T17:49:49.347+0100] {logging_mixin.py:151} INFO - [2023-09-14T17:49:49.346+0100] {dag.py:2915} INFO - Sync 1 DAGs
[2023-09-14T17:49:49.383+0100] {logging_mixin.py:151} INFO - [2023-09-14T17:49:49.382+0100] {dag.py:3696} INFO - Setting next_dagrun for example_weekday_branch_operator to 2023-09-13T00:00:00+00:00, run_after=2023-09-14T00:00:00+00:00
[2023-09-14T17:49:49.433+0100] {processor.py:179} INFO - Processing /home/joestar/Documents/projects/airflow_etl/airflow_env/lib/python3.8/site-packages/airflow/example_dags/example_branch_day_of_week_operator.py took 0.136 seconds
[2023-09-14T17:50:49.755+0100] {processor.py:157} INFO - Started process (PID=36292) to work on /home/joestar/Documents/projects/airflow_etl/airflow_env/lib/python3.8/site-packages/airflow/example_dags/example_branch_day_of_week_operator.py
[2023-09-14T17:50:49.756+0100] {processor.py:829} INFO - Processing file /home/joestar/Documents/projects/airflow_etl/airflow_env/lib/python3.8/site-packages/airflow/example_dags/example_branch_day_of_week_operator.py for tasks to queue
[2023-09-14T17:50:49.758+0100] {logging_mixin.py:151} INFO - [2023-09-14T17:50:49.757+0100] {dagbag.py:539} INFO - Filling up the DagBag from /home/joestar/Documents/projects/airflow_etl/airflow_env/lib/python3.8/site-packages/airflow/example_dags/example_branch_day_of_week_operator.py
[2023-09-14T17:50:49.772+0100] {processor.py:839} INFO - DAG(s) dict_keys(['example_weekday_branch_operator']) retrieved from /home/joestar/Documents/projects/airflow_etl/airflow_env/lib/python3.8/site-packages/airflow/example_dags/example_branch_day_of_week_operator.py
[2023-09-14T17:50:49.801+0100] {logging_mixin.py:151} INFO - [2023-09-14T17:50:49.801+0100] {dag.py:2915} INFO - Sync 1 DAGs
[2023-09-14T17:50:49.835+0100] {logging_mixin.py:151} INFO - [2023-09-14T17:50:49.835+0100] {dag.py:3696} INFO - Setting next_dagrun for example_weekday_branch_operator to 2023-09-13T00:00:00+00:00, run_after=2023-09-14T00:00:00+00:00
[2023-09-14T17:50:49.879+0100] {processor.py:179} INFO - Processing /home/joestar/Documents/projects/airflow_etl/airflow_env/lib/python3.8/site-packages/airflow/example_dags/example_branch_day_of_week_operator.py took 0.130 seconds
[2023-09-14T17:51:47.064+0100] {processor.py:157} INFO - Started process (PID=36546) to work on /home/joestar/Documents/projects/airflow_etl/airflow_env/lib/python3.8/site-packages/airflow/example_dags/example_branch_day_of_week_operator.py
[2023-09-14T17:51:47.065+0100] {processor.py:829} INFO - Processing file /home/joestar/Documents/projects/airflow_etl/airflow_env/lib/python3.8/site-packages/airflow/example_dags/example_branch_day_of_week_operator.py for tasks to queue
[2023-09-14T17:51:47.066+0100] {logging_mixin.py:151} INFO - [2023-09-14T17:51:47.066+0100] {dagbag.py:539} INFO - Filling up the DagBag from /home/joestar/Documents/projects/airflow_etl/airflow_env/lib/python3.8/site-packages/airflow/example_dags/example_branch_day_of_week_operator.py
[2023-09-14T17:51:47.077+0100] {processor.py:839} INFO - DAG(s) dict_keys(['example_weekday_branch_operator']) retrieved from /home/joestar/Documents/projects/airflow_etl/airflow_env/lib/python3.8/site-packages/airflow/example_dags/example_branch_day_of_week_operator.py
[2023-09-14T17:51:47.099+0100] {logging_mixin.py:151} INFO - [2023-09-14T17:51:47.098+0100] {dag.py:2915} INFO - Sync 1 DAGs
[2023-09-14T17:51:47.124+0100] {logging_mixin.py:151} INFO - [2023-09-14T17:51:47.124+0100] {dag.py:3696} INFO - Setting next_dagrun for example_weekday_branch_operator to 2023-09-13T00:00:00+00:00, run_after=2023-09-14T00:00:00+00:00
[2023-09-14T17:51:47.155+0100] {processor.py:179} INFO - Processing /home/joestar/Documents/projects/airflow_etl/airflow_env/lib/python3.8/site-packages/airflow/example_dags/example_branch_day_of_week_operator.py took 0.095 seconds
[2023-09-14T17:52:44.579+0100] {processor.py:157} INFO - Started process (PID=36807) to work on /home/joestar/Documents/projects/airflow_etl/airflow_env/lib/python3.8/site-packages/airflow/example_dags/example_branch_day_of_week_operator.py
[2023-09-14T17:52:44.580+0100] {processor.py:829} INFO - Processing file /home/joestar/Documents/projects/airflow_etl/airflow_env/lib/python3.8/site-packages/airflow/example_dags/example_branch_day_of_week_operator.py for tasks to queue
[2023-09-14T17:52:44.581+0100] {logging_mixin.py:151} INFO - [2023-09-14T17:52:44.581+0100] {dagbag.py:539} INFO - Filling up the DagBag from /home/joestar/Documents/projects/airflow_etl/airflow_env/lib/python3.8/site-packages/airflow/example_dags/example_branch_day_of_week_operator.py
[2023-09-14T17:52:44.589+0100] {processor.py:839} INFO - DAG(s) dict_keys(['example_weekday_branch_operator']) retrieved from /home/joestar/Documents/projects/airflow_etl/airflow_env/lib/python3.8/site-packages/airflow/example_dags/example_branch_day_of_week_operator.py
[2023-09-14T17:52:44.606+0100] {logging_mixin.py:151} INFO - [2023-09-14T17:52:44.606+0100] {dag.py:2915} INFO - Sync 1 DAGs
[2023-09-14T17:52:44.627+0100] {logging_mixin.py:151} INFO - [2023-09-14T17:52:44.627+0100] {dag.py:3696} INFO - Setting next_dagrun for example_weekday_branch_operator to 2023-09-13T00:00:00+00:00, run_after=2023-09-14T00:00:00+00:00
[2023-09-14T17:52:44.652+0100] {processor.py:179} INFO - Processing /home/joestar/Documents/projects/airflow_etl/airflow_env/lib/python3.8/site-packages/airflow/example_dags/example_branch_day_of_week_operator.py took 0.075 seconds
[2023-09-14T18:03:21.876+0100] {processor.py:157} INFO - Started process (PID=38802) to work on /home/joestar/Documents/projects/airflow_etl/airflow_env/lib/python3.8/site-packages/airflow/example_dags/example_branch_day_of_week_operator.py
[2023-09-14T18:03:21.878+0100] {processor.py:829} INFO - Processing file /home/joestar/Documents/projects/airflow_etl/airflow_env/lib/python3.8/site-packages/airflow/example_dags/example_branch_day_of_week_operator.py for tasks to queue
[2023-09-14T18:03:21.879+0100] {logging_mixin.py:151} INFO - [2023-09-14T18:03:21.879+0100] {dagbag.py:539} INFO - Filling up the DagBag from /home/joestar/Documents/projects/airflow_etl/airflow_env/lib/python3.8/site-packages/airflow/example_dags/example_branch_day_of_week_operator.py
[2023-09-14T18:03:21.893+0100] {processor.py:839} INFO - DAG(s) dict_keys(['example_weekday_branch_operator']) retrieved from /home/joestar/Documents/projects/airflow_etl/airflow_env/lib/python3.8/site-packages/airflow/example_dags/example_branch_day_of_week_operator.py
[2023-09-14T18:03:21.926+0100] {logging_mixin.py:151} INFO - [2023-09-14T18:03:21.925+0100] {dag.py:2915} INFO - Sync 1 DAGs
[2023-09-14T18:03:21.967+0100] {logging_mixin.py:151} INFO - [2023-09-14T18:03:21.967+0100] {dag.py:3696} INFO - Setting next_dagrun for example_weekday_branch_operator to 2023-09-13T00:00:00+00:00, run_after=2023-09-14T00:00:00+00:00
[2023-09-14T18:03:22.009+0100] {processor.py:179} INFO - Processing /home/joestar/Documents/projects/airflow_etl/airflow_env/lib/python3.8/site-packages/airflow/example_dags/example_branch_day_of_week_operator.py took 0.137 seconds
[2023-09-14T18:04:13.717+0100] {processor.py:157} INFO - Started process (PID=39006) to work on /home/joestar/Documents/projects/airflow_etl/airflow_env/lib/python3.8/site-packages/airflow/example_dags/example_branch_day_of_week_operator.py
[2023-09-14T18:04:13.718+0100] {processor.py:829} INFO - Processing file /home/joestar/Documents/projects/airflow_etl/airflow_env/lib/python3.8/site-packages/airflow/example_dags/example_branch_day_of_week_operator.py for tasks to queue
[2023-09-14T18:04:13.719+0100] {logging_mixin.py:151} INFO - [2023-09-14T18:04:13.719+0100] {dagbag.py:539} INFO - Filling up the DagBag from /home/joestar/Documents/projects/airflow_etl/airflow_env/lib/python3.8/site-packages/airflow/example_dags/example_branch_day_of_week_operator.py
[2023-09-14T18:04:13.726+0100] {processor.py:839} INFO - DAG(s) dict_keys(['example_weekday_branch_operator']) retrieved from /home/joestar/Documents/projects/airflow_etl/airflow_env/lib/python3.8/site-packages/airflow/example_dags/example_branch_day_of_week_operator.py
[2023-09-14T18:04:13.742+0100] {logging_mixin.py:151} INFO - [2023-09-14T18:04:13.742+0100] {dag.py:2915} INFO - Sync 1 DAGs
[2023-09-14T18:04:13.762+0100] {logging_mixin.py:151} INFO - [2023-09-14T18:04:13.762+0100] {dag.py:3696} INFO - Setting next_dagrun for example_weekday_branch_operator to 2023-09-13T00:00:00+00:00, run_after=2023-09-14T00:00:00+00:00
[2023-09-14T18:04:13.807+0100] {processor.py:179} INFO - Processing /home/joestar/Documents/projects/airflow_etl/airflow_env/lib/python3.8/site-packages/airflow/example_dags/example_branch_day_of_week_operator.py took 0.092 seconds
