[2023-09-14T17:12:13.343+0100] {processor.py:157} INFO - Started process (PID=24304) to work on /home/joestar/Documents/projects/airflow_etl/airflow_env/lib/python3.8/site-packages/airflow/example_dags/example_nested_branch_dag.py
[2023-09-14T17:12:13.345+0100] {processor.py:829} INFO - Processing file /home/joestar/Documents/projects/airflow_etl/airflow_env/lib/python3.8/site-packages/airflow/example_dags/example_nested_branch_dag.py for tasks to queue
[2023-09-14T17:12:13.346+0100] {logging_mixin.py:151} INFO - [2023-09-14T17:12:13.345+0100] {dagbag.py:539} INFO - Filling up the DagBag from /home/joestar/Documents/projects/airflow_etl/airflow_env/lib/python3.8/site-packages/airflow/example_dags/example_nested_branch_dag.py
[2023-09-14T17:12:13.360+0100] {processor.py:839} INFO - DAG(s) dict_keys(['example_nested_branch_dag']) retrieved from /home/joestar/Documents/projects/airflow_etl/airflow_env/lib/python3.8/site-packages/airflow/example_dags/example_nested_branch_dag.py
[2023-09-14T17:12:13.465+0100] {logging_mixin.py:151} INFO - [2023-09-14T17:12:13.464+0100] {manager.py:499} INFO - Created Permission View: %s
[2023-09-14T17:12:13.492+0100] {logging_mixin.py:151} INFO - [2023-09-14T17:12:13.491+0100] {manager.py:499} INFO - Created Permission View: %s
[2023-09-14T17:12:13.505+0100] {logging_mixin.py:151} INFO - [2023-09-14T17:12:13.505+0100] {manager.py:499} INFO - Created Permission View: %s
[2023-09-14T17:12:13.506+0100] {logging_mixin.py:151} INFO - [2023-09-14T17:12:13.506+0100] {security.py:708} INFO - Not syncing DAG-level permissions for DAG 'DAG:example_nested_branch_dag' as access control is unset.
[2023-09-14T17:12:13.506+0100] {logging_mixin.py:151} INFO - [2023-09-14T17:12:13.506+0100] {dag.py:2915} INFO - Sync 1 DAGs
[2023-09-14T17:12:13.516+0100] {logging_mixin.py:151} INFO - [2023-09-14T17:12:13.516+0100] {dag.py:2937} INFO - Creating ORM DAG for example_nested_branch_dag
[2023-09-14T17:12:13.525+0100] {logging_mixin.py:151} INFO - [2023-09-14T17:12:13.525+0100] {dag.py:3696} INFO - Setting next_dagrun for example_nested_branch_dag to 2023-09-13T00:00:00+00:00, run_after=2023-09-14T00:00:00+00:00
[2023-09-14T17:12:13.562+0100] {processor.py:179} INFO - Processing /home/joestar/Documents/projects/airflow_etl/airflow_env/lib/python3.8/site-packages/airflow/example_dags/example_nested_branch_dag.py took 0.224 seconds
[2023-09-14T17:13:06.658+0100] {processor.py:157} INFO - Started process (PID=24711) to work on /home/joestar/Documents/projects/airflow_etl/airflow_env/lib/python3.8/site-packages/airflow/example_dags/example_nested_branch_dag.py
[2023-09-14T17:13:06.661+0100] {processor.py:829} INFO - Processing file /home/joestar/Documents/projects/airflow_etl/airflow_env/lib/python3.8/site-packages/airflow/example_dags/example_nested_branch_dag.py for tasks to queue
[2023-09-14T17:13:06.664+0100] {logging_mixin.py:151} INFO - [2023-09-14T17:13:06.663+0100] {dagbag.py:539} INFO - Filling up the DagBag from /home/joestar/Documents/projects/airflow_etl/airflow_env/lib/python3.8/site-packages/airflow/example_dags/example_nested_branch_dag.py
[2023-09-14T17:13:06.678+0100] {processor.py:839} INFO - DAG(s) dict_keys(['example_nested_branch_dag']) retrieved from /home/joestar/Documents/projects/airflow_etl/airflow_env/lib/python3.8/site-packages/airflow/example_dags/example_nested_branch_dag.py
[2023-09-14T17:13:06.700+0100] {logging_mixin.py:151} INFO - [2023-09-14T17:13:06.700+0100] {dag.py:2915} INFO - Sync 1 DAGs
[2023-09-14T17:13:06.729+0100] {logging_mixin.py:151} INFO - [2023-09-14T17:13:06.729+0100] {dag.py:3696} INFO - Setting next_dagrun for example_nested_branch_dag to 2023-09-13T00:00:00+00:00, run_after=2023-09-14T00:00:00+00:00
[2023-09-14T17:13:06.757+0100] {processor.py:179} INFO - Processing /home/joestar/Documents/projects/airflow_etl/airflow_env/lib/python3.8/site-packages/airflow/example_dags/example_nested_branch_dag.py took 0.104 seconds
[2023-09-14T17:13:55.958+0100] {processor.py:157} INFO - Started process (PID=25062) to work on /home/joestar/Documents/projects/airflow_etl/airflow_env/lib/python3.8/site-packages/airflow/example_dags/example_nested_branch_dag.py
[2023-09-14T17:13:55.959+0100] {processor.py:829} INFO - Processing file /home/joestar/Documents/projects/airflow_etl/airflow_env/lib/python3.8/site-packages/airflow/example_dags/example_nested_branch_dag.py for tasks to queue
[2023-09-14T17:13:55.960+0100] {logging_mixin.py:151} INFO - [2023-09-14T17:13:55.959+0100] {dagbag.py:539} INFO - Filling up the DagBag from /home/joestar/Documents/projects/airflow_etl/airflow_env/lib/python3.8/site-packages/airflow/example_dags/example_nested_branch_dag.py
[2023-09-14T17:13:55.971+0100] {processor.py:839} INFO - DAG(s) dict_keys(['example_nested_branch_dag']) retrieved from /home/joestar/Documents/projects/airflow_etl/airflow_env/lib/python3.8/site-packages/airflow/example_dags/example_nested_branch_dag.py
[2023-09-14T17:13:55.985+0100] {logging_mixin.py:151} INFO - [2023-09-14T17:13:55.985+0100] {dag.py:2915} INFO - Sync 1 DAGs
[2023-09-14T17:13:56.003+0100] {logging_mixin.py:151} INFO - [2023-09-14T17:13:56.003+0100] {dag.py:3696} INFO - Setting next_dagrun for example_nested_branch_dag to 2023-09-13T00:00:00+00:00, run_after=2023-09-14T00:00:00+00:00
[2023-09-14T17:13:56.025+0100] {processor.py:179} INFO - Processing /home/joestar/Documents/projects/airflow_etl/airflow_env/lib/python3.8/site-packages/airflow/example_dags/example_nested_branch_dag.py took 0.071 seconds
[2023-09-14T17:14:40.885+0100] {processor.py:157} INFO - Started process (PID=25387) to work on /home/joestar/Documents/projects/airflow_etl/airflow_env/lib/python3.8/site-packages/airflow/example_dags/example_nested_branch_dag.py
[2023-09-14T17:14:40.887+0100] {processor.py:829} INFO - Processing file /home/joestar/Documents/projects/airflow_etl/airflow_env/lib/python3.8/site-packages/airflow/example_dags/example_nested_branch_dag.py for tasks to queue
[2023-09-14T17:14:40.888+0100] {logging_mixin.py:151} INFO - [2023-09-14T17:14:40.887+0100] {dagbag.py:539} INFO - Filling up the DagBag from /home/joestar/Documents/projects/airflow_etl/airflow_env/lib/python3.8/site-packages/airflow/example_dags/example_nested_branch_dag.py
[2023-09-14T17:14:40.907+0100] {processor.py:839} INFO - DAG(s) dict_keys(['example_nested_branch_dag']) retrieved from /home/joestar/Documents/projects/airflow_etl/airflow_env/lib/python3.8/site-packages/airflow/example_dags/example_nested_branch_dag.py
[2023-09-14T17:14:40.936+0100] {logging_mixin.py:151} INFO - [2023-09-14T17:14:40.936+0100] {dag.py:2915} INFO - Sync 1 DAGs
[2023-09-14T17:14:40.970+0100] {logging_mixin.py:151} INFO - [2023-09-14T17:14:40.970+0100] {dag.py:3696} INFO - Setting next_dagrun for example_nested_branch_dag to 2023-09-13T00:00:00+00:00, run_after=2023-09-14T00:00:00+00:00
[2023-09-14T17:14:41.021+0100] {processor.py:179} INFO - Processing /home/joestar/Documents/projects/airflow_etl/airflow_env/lib/python3.8/site-packages/airflow/example_dags/example_nested_branch_dag.py took 0.140 seconds
[2023-09-14T17:15:36.242+0100] {processor.py:157} INFO - Started process (PID=25954) to work on /home/joestar/Documents/projects/airflow_etl/airflow_env/lib/python3.8/site-packages/airflow/example_dags/example_nested_branch_dag.py
[2023-09-14T17:15:36.243+0100] {processor.py:829} INFO - Processing file /home/joestar/Documents/projects/airflow_etl/airflow_env/lib/python3.8/site-packages/airflow/example_dags/example_nested_branch_dag.py for tasks to queue
[2023-09-14T17:15:36.244+0100] {logging_mixin.py:151} INFO - [2023-09-14T17:15:36.244+0100] {dagbag.py:539} INFO - Filling up the DagBag from /home/joestar/Documents/projects/airflow_etl/airflow_env/lib/python3.8/site-packages/airflow/example_dags/example_nested_branch_dag.py
[2023-09-14T17:15:36.262+0100] {processor.py:839} INFO - DAG(s) dict_keys(['example_nested_branch_dag']) retrieved from /home/joestar/Documents/projects/airflow_etl/airflow_env/lib/python3.8/site-packages/airflow/example_dags/example_nested_branch_dag.py
[2023-09-14T17:15:36.281+0100] {logging_mixin.py:151} INFO - [2023-09-14T17:15:36.280+0100] {dag.py:2915} INFO - Sync 1 DAGs
[2023-09-14T17:15:36.301+0100] {logging_mixin.py:151} INFO - [2023-09-14T17:15:36.301+0100] {dag.py:3696} INFO - Setting next_dagrun for example_nested_branch_dag to 2023-09-13T00:00:00+00:00, run_after=2023-09-14T00:00:00+00:00
[2023-09-14T17:15:36.330+0100] {processor.py:179} INFO - Processing /home/joestar/Documents/projects/airflow_etl/airflow_env/lib/python3.8/site-packages/airflow/example_dags/example_nested_branch_dag.py took 0.092 seconds
[2023-09-14T17:16:30.280+0100] {processor.py:157} INFO - Started process (PID=26205) to work on /home/joestar/Documents/projects/airflow_etl/airflow_env/lib/python3.8/site-packages/airflow/example_dags/example_nested_branch_dag.py
[2023-09-14T17:16:30.281+0100] {processor.py:829} INFO - Processing file /home/joestar/Documents/projects/airflow_etl/airflow_env/lib/python3.8/site-packages/airflow/example_dags/example_nested_branch_dag.py for tasks to queue
[2023-09-14T17:16:30.282+0100] {logging_mixin.py:151} INFO - [2023-09-14T17:16:30.282+0100] {dagbag.py:539} INFO - Filling up the DagBag from /home/joestar/Documents/projects/airflow_etl/airflow_env/lib/python3.8/site-packages/airflow/example_dags/example_nested_branch_dag.py
[2023-09-14T17:16:30.294+0100] {processor.py:839} INFO - DAG(s) dict_keys(['example_nested_branch_dag']) retrieved from /home/joestar/Documents/projects/airflow_etl/airflow_env/lib/python3.8/site-packages/airflow/example_dags/example_nested_branch_dag.py
[2023-09-14T17:16:30.311+0100] {logging_mixin.py:151} INFO - [2023-09-14T17:16:30.311+0100] {dag.py:2915} INFO - Sync 1 DAGs
[2023-09-14T17:16:30.340+0100] {logging_mixin.py:151} INFO - [2023-09-14T17:16:30.340+0100] {dag.py:3696} INFO - Setting next_dagrun for example_nested_branch_dag to 2023-09-13T00:00:00+00:00, run_after=2023-09-14T00:00:00+00:00
[2023-09-14T17:16:30.368+0100] {processor.py:179} INFO - Processing /home/joestar/Documents/projects/airflow_etl/airflow_env/lib/python3.8/site-packages/airflow/example_dags/example_nested_branch_dag.py took 0.091 seconds
[2023-09-14T17:17:20.102+0100] {processor.py:157} INFO - Started process (PID=26450) to work on /home/joestar/Documents/projects/airflow_etl/airflow_env/lib/python3.8/site-packages/airflow/example_dags/example_nested_branch_dag.py
[2023-09-14T17:17:20.104+0100] {processor.py:829} INFO - Processing file /home/joestar/Documents/projects/airflow_etl/airflow_env/lib/python3.8/site-packages/airflow/example_dags/example_nested_branch_dag.py for tasks to queue
[2023-09-14T17:17:20.105+0100] {logging_mixin.py:151} INFO - [2023-09-14T17:17:20.104+0100] {dagbag.py:539} INFO - Filling up the DagBag from /home/joestar/Documents/projects/airflow_etl/airflow_env/lib/python3.8/site-packages/airflow/example_dags/example_nested_branch_dag.py
[2023-09-14T17:17:20.120+0100] {processor.py:839} INFO - DAG(s) dict_keys(['example_nested_branch_dag']) retrieved from /home/joestar/Documents/projects/airflow_etl/airflow_env/lib/python3.8/site-packages/airflow/example_dags/example_nested_branch_dag.py
[2023-09-14T17:17:20.145+0100] {logging_mixin.py:151} INFO - [2023-09-14T17:17:20.145+0100] {dag.py:2915} INFO - Sync 1 DAGs
[2023-09-14T17:17:20.180+0100] {logging_mixin.py:151} INFO - [2023-09-14T17:17:20.180+0100] {dag.py:3696} INFO - Setting next_dagrun for example_nested_branch_dag to 2023-09-13T00:00:00+00:00, run_after=2023-09-14T00:00:00+00:00
[2023-09-14T17:17:20.229+0100] {processor.py:179} INFO - Processing /home/joestar/Documents/projects/airflow_etl/airflow_env/lib/python3.8/site-packages/airflow/example_dags/example_nested_branch_dag.py took 0.130 seconds
[2023-09-14T17:17:56.880+0100] {processor.py:157} INFO - Started process (PID=26682) to work on /home/joestar/Documents/projects/airflow_etl/airflow_env/lib/python3.8/site-packages/airflow/example_dags/example_nested_branch_dag.py
[2023-09-14T17:17:56.882+0100] {processor.py:829} INFO - Processing file /home/joestar/Documents/projects/airflow_etl/airflow_env/lib/python3.8/site-packages/airflow/example_dags/example_nested_branch_dag.py for tasks to queue
[2023-09-14T17:17:56.883+0100] {logging_mixin.py:151} INFO - [2023-09-14T17:17:56.882+0100] {dagbag.py:539} INFO - Filling up the DagBag from /home/joestar/Documents/projects/airflow_etl/airflow_env/lib/python3.8/site-packages/airflow/example_dags/example_nested_branch_dag.py
[2023-09-14T17:17:56.897+0100] {processor.py:839} INFO - DAG(s) dict_keys(['example_nested_branch_dag']) retrieved from /home/joestar/Documents/projects/airflow_etl/airflow_env/lib/python3.8/site-packages/airflow/example_dags/example_nested_branch_dag.py
[2023-09-14T17:17:56.916+0100] {logging_mixin.py:151} INFO - [2023-09-14T17:17:56.916+0100] {dag.py:2915} INFO - Sync 1 DAGs
[2023-09-14T17:17:56.946+0100] {logging_mixin.py:151} INFO - [2023-09-14T17:17:56.946+0100] {dag.py:3696} INFO - Setting next_dagrun for example_nested_branch_dag to 2023-09-13T00:00:00+00:00, run_after=2023-09-14T00:00:00+00:00
[2023-09-14T17:17:56.978+0100] {processor.py:179} INFO - Processing /home/joestar/Documents/projects/airflow_etl/airflow_env/lib/python3.8/site-packages/airflow/example_dags/example_nested_branch_dag.py took 0.102 seconds
[2023-09-14T17:18:46.573+0100] {processor.py:157} INFO - Started process (PID=27082) to work on /home/joestar/Documents/projects/airflow_etl/airflow_env/lib/python3.8/site-packages/airflow/example_dags/example_nested_branch_dag.py
[2023-09-14T17:18:46.575+0100] {processor.py:829} INFO - Processing file /home/joestar/Documents/projects/airflow_etl/airflow_env/lib/python3.8/site-packages/airflow/example_dags/example_nested_branch_dag.py for tasks to queue
[2023-09-14T17:18:46.578+0100] {logging_mixin.py:151} INFO - [2023-09-14T17:18:46.577+0100] {dagbag.py:539} INFO - Filling up the DagBag from /home/joestar/Documents/projects/airflow_etl/airflow_env/lib/python3.8/site-packages/airflow/example_dags/example_nested_branch_dag.py
[2023-09-14T17:18:46.593+0100] {processor.py:839} INFO - DAG(s) dict_keys(['example_nested_branch_dag']) retrieved from /home/joestar/Documents/projects/airflow_etl/airflow_env/lib/python3.8/site-packages/airflow/example_dags/example_nested_branch_dag.py
[2023-09-14T17:18:46.632+0100] {logging_mixin.py:151} INFO - [2023-09-14T17:18:46.632+0100] {dag.py:2915} INFO - Sync 1 DAGs
[2023-09-14T17:18:46.685+0100] {logging_mixin.py:151} INFO - [2023-09-14T17:18:46.685+0100] {dag.py:3696} INFO - Setting next_dagrun for example_nested_branch_dag to 2023-09-13T00:00:00+00:00, run_after=2023-09-14T00:00:00+00:00
[2023-09-14T17:18:46.730+0100] {processor.py:179} INFO - Processing /home/joestar/Documents/projects/airflow_etl/airflow_env/lib/python3.8/site-packages/airflow/example_dags/example_nested_branch_dag.py took 0.163 seconds
[2023-09-14T17:19:29.403+0100] {processor.py:157} INFO - Started process (PID=27302) to work on /home/joestar/Documents/projects/airflow_etl/airflow_env/lib/python3.8/site-packages/airflow/example_dags/example_nested_branch_dag.py
[2023-09-14T17:19:29.404+0100] {processor.py:829} INFO - Processing file /home/joestar/Documents/projects/airflow_etl/airflow_env/lib/python3.8/site-packages/airflow/example_dags/example_nested_branch_dag.py for tasks to queue
[2023-09-14T17:19:29.405+0100] {logging_mixin.py:151} INFO - [2023-09-14T17:19:29.405+0100] {dagbag.py:539} INFO - Filling up the DagBag from /home/joestar/Documents/projects/airflow_etl/airflow_env/lib/python3.8/site-packages/airflow/example_dags/example_nested_branch_dag.py
[2023-09-14T17:19:29.415+0100] {processor.py:839} INFO - DAG(s) dict_keys(['example_nested_branch_dag']) retrieved from /home/joestar/Documents/projects/airflow_etl/airflow_env/lib/python3.8/site-packages/airflow/example_dags/example_nested_branch_dag.py
[2023-09-14T17:19:29.432+0100] {logging_mixin.py:151} INFO - [2023-09-14T17:19:29.432+0100] {dag.py:2915} INFO - Sync 1 DAGs
[2023-09-14T17:19:29.455+0100] {logging_mixin.py:151} INFO - [2023-09-14T17:19:29.454+0100] {dag.py:3696} INFO - Setting next_dagrun for example_nested_branch_dag to 2023-09-13T00:00:00+00:00, run_after=2023-09-14T00:00:00+00:00
[2023-09-14T17:19:29.478+0100] {processor.py:179} INFO - Processing /home/joestar/Documents/projects/airflow_etl/airflow_env/lib/python3.8/site-packages/airflow/example_dags/example_nested_branch_dag.py took 0.078 seconds
[2023-09-14T17:20:23.225+0100] {processor.py:157} INFO - Started process (PID=27540) to work on /home/joestar/Documents/projects/airflow_etl/airflow_env/lib/python3.8/site-packages/airflow/example_dags/example_nested_branch_dag.py
[2023-09-14T17:20:23.227+0100] {processor.py:829} INFO - Processing file /home/joestar/Documents/projects/airflow_etl/airflow_env/lib/python3.8/site-packages/airflow/example_dags/example_nested_branch_dag.py for tasks to queue
[2023-09-14T17:20:23.228+0100] {logging_mixin.py:151} INFO - [2023-09-14T17:20:23.227+0100] {dagbag.py:539} INFO - Filling up the DagBag from /home/joestar/Documents/projects/airflow_etl/airflow_env/lib/python3.8/site-packages/airflow/example_dags/example_nested_branch_dag.py
[2023-09-14T17:20:23.238+0100] {processor.py:839} INFO - DAG(s) dict_keys(['example_nested_branch_dag']) retrieved from /home/joestar/Documents/projects/airflow_etl/airflow_env/lib/python3.8/site-packages/airflow/example_dags/example_nested_branch_dag.py
[2023-09-14T17:20:23.254+0100] {logging_mixin.py:151} INFO - [2023-09-14T17:20:23.254+0100] {dag.py:2915} INFO - Sync 1 DAGs
[2023-09-14T17:20:23.273+0100] {logging_mixin.py:151} INFO - [2023-09-14T17:20:23.273+0100] {dag.py:3696} INFO - Setting next_dagrun for example_nested_branch_dag to 2023-09-13T00:00:00+00:00, run_after=2023-09-14T00:00:00+00:00
[2023-09-14T17:20:23.301+0100] {processor.py:179} INFO - Processing /home/joestar/Documents/projects/airflow_etl/airflow_env/lib/python3.8/site-packages/airflow/example_dags/example_nested_branch_dag.py took 0.080 seconds
[2023-09-14T17:21:14.093+0100] {processor.py:157} INFO - Started process (PID=27771) to work on /home/joestar/Documents/projects/airflow_etl/airflow_env/lib/python3.8/site-packages/airflow/example_dags/example_nested_branch_dag.py
[2023-09-14T17:21:14.094+0100] {processor.py:829} INFO - Processing file /home/joestar/Documents/projects/airflow_etl/airflow_env/lib/python3.8/site-packages/airflow/example_dags/example_nested_branch_dag.py for tasks to queue
[2023-09-14T17:21:14.095+0100] {logging_mixin.py:151} INFO - [2023-09-14T17:21:14.095+0100] {dagbag.py:539} INFO - Filling up the DagBag from /home/joestar/Documents/projects/airflow_etl/airflow_env/lib/python3.8/site-packages/airflow/example_dags/example_nested_branch_dag.py
[2023-09-14T17:21:14.107+0100] {processor.py:839} INFO - DAG(s) dict_keys(['example_nested_branch_dag']) retrieved from /home/joestar/Documents/projects/airflow_etl/airflow_env/lib/python3.8/site-packages/airflow/example_dags/example_nested_branch_dag.py
[2023-09-14T17:21:14.123+0100] {logging_mixin.py:151} INFO - [2023-09-14T17:21:14.122+0100] {dag.py:2915} INFO - Sync 1 DAGs
[2023-09-14T17:21:14.142+0100] {logging_mixin.py:151} INFO - [2023-09-14T17:21:14.141+0100] {dag.py:3696} INFO - Setting next_dagrun for example_nested_branch_dag to 2023-09-13T00:00:00+00:00, run_after=2023-09-14T00:00:00+00:00
[2023-09-14T17:21:14.167+0100] {processor.py:179} INFO - Processing /home/joestar/Documents/projects/airflow_etl/airflow_env/lib/python3.8/site-packages/airflow/example_dags/example_nested_branch_dag.py took 0.076 seconds
[2023-09-14T17:22:04.876+0100] {processor.py:157} INFO - Started process (PID=27978) to work on /home/joestar/Documents/projects/airflow_etl/airflow_env/lib/python3.8/site-packages/airflow/example_dags/example_nested_branch_dag.py
[2023-09-14T17:22:04.877+0100] {processor.py:829} INFO - Processing file /home/joestar/Documents/projects/airflow_etl/airflow_env/lib/python3.8/site-packages/airflow/example_dags/example_nested_branch_dag.py for tasks to queue
[2023-09-14T17:22:04.878+0100] {logging_mixin.py:151} INFO - [2023-09-14T17:22:04.877+0100] {dagbag.py:539} INFO - Filling up the DagBag from /home/joestar/Documents/projects/airflow_etl/airflow_env/lib/python3.8/site-packages/airflow/example_dags/example_nested_branch_dag.py
[2023-09-14T17:22:04.893+0100] {processor.py:839} INFO - DAG(s) dict_keys(['example_nested_branch_dag']) retrieved from /home/joestar/Documents/projects/airflow_etl/airflow_env/lib/python3.8/site-packages/airflow/example_dags/example_nested_branch_dag.py
[2023-09-14T17:22:04.917+0100] {logging_mixin.py:151} INFO - [2023-09-14T17:22:04.917+0100] {dag.py:2915} INFO - Sync 1 DAGs
[2023-09-14T17:22:04.952+0100] {logging_mixin.py:151} INFO - [2023-09-14T17:22:04.952+0100] {dag.py:3696} INFO - Setting next_dagrun for example_nested_branch_dag to 2023-09-13T00:00:00+00:00, run_after=2023-09-14T00:00:00+00:00
[2023-09-14T17:22:04.979+0100] {processor.py:179} INFO - Processing /home/joestar/Documents/projects/airflow_etl/airflow_env/lib/python3.8/site-packages/airflow/example_dags/example_nested_branch_dag.py took 0.106 seconds
[2023-09-14T17:22:58.509+0100] {processor.py:157} INFO - Started process (PID=28223) to work on /home/joestar/Documents/projects/airflow_etl/airflow_env/lib/python3.8/site-packages/airflow/example_dags/example_nested_branch_dag.py
[2023-09-14T17:22:58.510+0100] {processor.py:829} INFO - Processing file /home/joestar/Documents/projects/airflow_etl/airflow_env/lib/python3.8/site-packages/airflow/example_dags/example_nested_branch_dag.py for tasks to queue
[2023-09-14T17:22:58.511+0100] {logging_mixin.py:151} INFO - [2023-09-14T17:22:58.511+0100] {dagbag.py:539} INFO - Filling up the DagBag from /home/joestar/Documents/projects/airflow_etl/airflow_env/lib/python3.8/site-packages/airflow/example_dags/example_nested_branch_dag.py
[2023-09-14T17:22:58.520+0100] {processor.py:839} INFO - DAG(s) dict_keys(['example_nested_branch_dag']) retrieved from /home/joestar/Documents/projects/airflow_etl/airflow_env/lib/python3.8/site-packages/airflow/example_dags/example_nested_branch_dag.py
[2023-09-14T17:22:58.534+0100] {logging_mixin.py:151} INFO - [2023-09-14T17:22:58.534+0100] {dag.py:2915} INFO - Sync 1 DAGs
[2023-09-14T17:22:58.553+0100] {logging_mixin.py:151} INFO - [2023-09-14T17:22:58.552+0100] {dag.py:3696} INFO - Setting next_dagrun for example_nested_branch_dag to 2023-09-13T00:00:00+00:00, run_after=2023-09-14T00:00:00+00:00
[2023-09-14T17:22:58.579+0100] {processor.py:179} INFO - Processing /home/joestar/Documents/projects/airflow_etl/airflow_env/lib/python3.8/site-packages/airflow/example_dags/example_nested_branch_dag.py took 0.072 seconds
[2023-09-14T17:23:54.695+0100] {processor.py:157} INFO - Started process (PID=28481) to work on /home/joestar/Documents/projects/airflow_etl/airflow_env/lib/python3.8/site-packages/airflow/example_dags/example_nested_branch_dag.py
[2023-09-14T17:23:54.696+0100] {processor.py:829} INFO - Processing file /home/joestar/Documents/projects/airflow_etl/airflow_env/lib/python3.8/site-packages/airflow/example_dags/example_nested_branch_dag.py for tasks to queue
[2023-09-14T17:23:54.697+0100] {logging_mixin.py:151} INFO - [2023-09-14T17:23:54.697+0100] {dagbag.py:539} INFO - Filling up the DagBag from /home/joestar/Documents/projects/airflow_etl/airflow_env/lib/python3.8/site-packages/airflow/example_dags/example_nested_branch_dag.py
[2023-09-14T17:23:54.707+0100] {processor.py:839} INFO - DAG(s) dict_keys(['example_nested_branch_dag']) retrieved from /home/joestar/Documents/projects/airflow_etl/airflow_env/lib/python3.8/site-packages/airflow/example_dags/example_nested_branch_dag.py
[2023-09-14T17:23:54.724+0100] {logging_mixin.py:151} INFO - [2023-09-14T17:23:54.724+0100] {dag.py:2915} INFO - Sync 1 DAGs
[2023-09-14T17:23:54.754+0100] {logging_mixin.py:151} INFO - [2023-09-14T17:23:54.754+0100] {dag.py:3696} INFO - Setting next_dagrun for example_nested_branch_dag to 2023-09-13T00:00:00+00:00, run_after=2023-09-14T00:00:00+00:00
[2023-09-14T17:23:54.785+0100] {processor.py:179} INFO - Processing /home/joestar/Documents/projects/airflow_etl/airflow_env/lib/python3.8/site-packages/airflow/example_dags/example_nested_branch_dag.py took 0.093 seconds
[2023-09-14T17:24:36.227+0100] {processor.py:157} INFO - Started process (PID=28646) to work on /home/joestar/Documents/projects/airflow_etl/airflow_env/lib/python3.8/site-packages/airflow/example_dags/example_nested_branch_dag.py
[2023-09-14T17:24:36.228+0100] {processor.py:829} INFO - Processing file /home/joestar/Documents/projects/airflow_etl/airflow_env/lib/python3.8/site-packages/airflow/example_dags/example_nested_branch_dag.py for tasks to queue
[2023-09-14T17:24:36.229+0100] {logging_mixin.py:151} INFO - [2023-09-14T17:24:36.229+0100] {dagbag.py:539} INFO - Filling up the DagBag from /home/joestar/Documents/projects/airflow_etl/airflow_env/lib/python3.8/site-packages/airflow/example_dags/example_nested_branch_dag.py
[2023-09-14T17:24:36.238+0100] {processor.py:839} INFO - DAG(s) dict_keys(['example_nested_branch_dag']) retrieved from /home/joestar/Documents/projects/airflow_etl/airflow_env/lib/python3.8/site-packages/airflow/example_dags/example_nested_branch_dag.py
[2023-09-14T17:24:36.254+0100] {logging_mixin.py:151} INFO - [2023-09-14T17:24:36.254+0100] {dag.py:2915} INFO - Sync 1 DAGs
[2023-09-14T17:24:36.274+0100] {logging_mixin.py:151} INFO - [2023-09-14T17:24:36.274+0100] {dag.py:3696} INFO - Setting next_dagrun for example_nested_branch_dag to 2023-09-13T00:00:00+00:00, run_after=2023-09-14T00:00:00+00:00
[2023-09-14T17:24:36.300+0100] {processor.py:179} INFO - Processing /home/joestar/Documents/projects/airflow_etl/airflow_env/lib/python3.8/site-packages/airflow/example_dags/example_nested_branch_dag.py took 0.076 seconds
[2023-09-14T17:25:16.040+0100] {processor.py:157} INFO - Started process (PID=28807) to work on /home/joestar/Documents/projects/airflow_etl/airflow_env/lib/python3.8/site-packages/airflow/example_dags/example_nested_branch_dag.py
[2023-09-14T17:25:16.041+0100] {processor.py:829} INFO - Processing file /home/joestar/Documents/projects/airflow_etl/airflow_env/lib/python3.8/site-packages/airflow/example_dags/example_nested_branch_dag.py for tasks to queue
[2023-09-14T17:25:16.042+0100] {logging_mixin.py:151} INFO - [2023-09-14T17:25:16.042+0100] {dagbag.py:539} INFO - Filling up the DagBag from /home/joestar/Documents/projects/airflow_etl/airflow_env/lib/python3.8/site-packages/airflow/example_dags/example_nested_branch_dag.py
[2023-09-14T17:25:16.058+0100] {processor.py:839} INFO - DAG(s) dict_keys(['example_nested_branch_dag']) retrieved from /home/joestar/Documents/projects/airflow_etl/airflow_env/lib/python3.8/site-packages/airflow/example_dags/example_nested_branch_dag.py
[2023-09-14T17:25:16.085+0100] {logging_mixin.py:151} INFO - [2023-09-14T17:25:16.085+0100] {dag.py:2915} INFO - Sync 1 DAGs
[2023-09-14T17:25:16.120+0100] {logging_mixin.py:151} INFO - [2023-09-14T17:25:16.120+0100] {dag.py:3696} INFO - Setting next_dagrun for example_nested_branch_dag to 2023-09-13T00:00:00+00:00, run_after=2023-09-14T00:00:00+00:00
[2023-09-14T17:25:16.222+0100] {processor.py:179} INFO - Processing /home/joestar/Documents/projects/airflow_etl/airflow_env/lib/python3.8/site-packages/airflow/example_dags/example_nested_branch_dag.py took 0.186 seconds
[2023-09-14T17:26:09.334+0100] {processor.py:157} INFO - Started process (PID=29040) to work on /home/joestar/Documents/projects/airflow_etl/airflow_env/lib/python3.8/site-packages/airflow/example_dags/example_nested_branch_dag.py
[2023-09-14T17:26:09.335+0100] {processor.py:829} INFO - Processing file /home/joestar/Documents/projects/airflow_etl/airflow_env/lib/python3.8/site-packages/airflow/example_dags/example_nested_branch_dag.py for tasks to queue
[2023-09-14T17:26:09.337+0100] {logging_mixin.py:151} INFO - [2023-09-14T17:26:09.336+0100] {dagbag.py:539} INFO - Filling up the DagBag from /home/joestar/Documents/projects/airflow_etl/airflow_env/lib/python3.8/site-packages/airflow/example_dags/example_nested_branch_dag.py
[2023-09-14T17:26:09.352+0100] {processor.py:839} INFO - DAG(s) dict_keys(['example_nested_branch_dag']) retrieved from /home/joestar/Documents/projects/airflow_etl/airflow_env/lib/python3.8/site-packages/airflow/example_dags/example_nested_branch_dag.py
[2023-09-14T17:26:09.377+0100] {logging_mixin.py:151} INFO - [2023-09-14T17:26:09.377+0100] {dag.py:2915} INFO - Sync 1 DAGs
[2023-09-14T17:26:09.414+0100] {logging_mixin.py:151} INFO - [2023-09-14T17:26:09.414+0100] {dag.py:3696} INFO - Setting next_dagrun for example_nested_branch_dag to 2023-09-13T00:00:00+00:00, run_after=2023-09-14T00:00:00+00:00
[2023-09-14T17:26:09.451+0100] {processor.py:179} INFO - Processing /home/joestar/Documents/projects/airflow_etl/airflow_env/lib/python3.8/site-packages/airflow/example_dags/example_nested_branch_dag.py took 0.121 seconds
[2023-09-14T17:27:01.403+0100] {processor.py:157} INFO - Started process (PID=29282) to work on /home/joestar/Documents/projects/airflow_etl/airflow_env/lib/python3.8/site-packages/airflow/example_dags/example_nested_branch_dag.py
[2023-09-14T17:27:01.405+0100] {processor.py:829} INFO - Processing file /home/joestar/Documents/projects/airflow_etl/airflow_env/lib/python3.8/site-packages/airflow/example_dags/example_nested_branch_dag.py for tasks to queue
[2023-09-14T17:27:01.406+0100] {logging_mixin.py:151} INFO - [2023-09-14T17:27:01.405+0100] {dagbag.py:539} INFO - Filling up the DagBag from /home/joestar/Documents/projects/airflow_etl/airflow_env/lib/python3.8/site-packages/airflow/example_dags/example_nested_branch_dag.py
[2023-09-14T17:27:01.421+0100] {processor.py:839} INFO - DAG(s) dict_keys(['example_nested_branch_dag']) retrieved from /home/joestar/Documents/projects/airflow_etl/airflow_env/lib/python3.8/site-packages/airflow/example_dags/example_nested_branch_dag.py
[2023-09-14T17:27:01.448+0100] {logging_mixin.py:151} INFO - [2023-09-14T17:27:01.448+0100] {dag.py:2915} INFO - Sync 1 DAGs
[2023-09-14T17:27:01.482+0100] {logging_mixin.py:151} INFO - [2023-09-14T17:27:01.481+0100] {dag.py:3696} INFO - Setting next_dagrun for example_nested_branch_dag to 2023-09-13T00:00:00+00:00, run_after=2023-09-14T00:00:00+00:00
[2023-09-14T17:27:01.535+0100] {processor.py:179} INFO - Processing /home/joestar/Documents/projects/airflow_etl/airflow_env/lib/python3.8/site-packages/airflow/example_dags/example_nested_branch_dag.py took 0.137 seconds
[2023-09-14T17:27:58.489+0100] {processor.py:157} INFO - Started process (PID=29525) to work on /home/joestar/Documents/projects/airflow_etl/airflow_env/lib/python3.8/site-packages/airflow/example_dags/example_nested_branch_dag.py
[2023-09-14T17:27:58.490+0100] {processor.py:829} INFO - Processing file /home/joestar/Documents/projects/airflow_etl/airflow_env/lib/python3.8/site-packages/airflow/example_dags/example_nested_branch_dag.py for tasks to queue
[2023-09-14T17:27:58.492+0100] {logging_mixin.py:151} INFO - [2023-09-14T17:27:58.491+0100] {dagbag.py:539} INFO - Filling up the DagBag from /home/joestar/Documents/projects/airflow_etl/airflow_env/lib/python3.8/site-packages/airflow/example_dags/example_nested_branch_dag.py
[2023-09-14T17:27:58.510+0100] {processor.py:839} INFO - DAG(s) dict_keys(['example_nested_branch_dag']) retrieved from /home/joestar/Documents/projects/airflow_etl/airflow_env/lib/python3.8/site-packages/airflow/example_dags/example_nested_branch_dag.py
[2023-09-14T17:27:58.543+0100] {logging_mixin.py:151} INFO - [2023-09-14T17:27:58.542+0100] {dag.py:2915} INFO - Sync 1 DAGs
[2023-09-14T17:27:58.580+0100] {logging_mixin.py:151} INFO - [2023-09-14T17:27:58.580+0100] {dag.py:3696} INFO - Setting next_dagrun for example_nested_branch_dag to 2023-09-13T00:00:00+00:00, run_after=2023-09-14T00:00:00+00:00
[2023-09-14T17:27:58.614+0100] {processor.py:179} INFO - Processing /home/joestar/Documents/projects/airflow_etl/airflow_env/lib/python3.8/site-packages/airflow/example_dags/example_nested_branch_dag.py took 0.129 seconds
[2023-09-14T17:28:50.351+0100] {processor.py:157} INFO - Started process (PID=29750) to work on /home/joestar/Documents/projects/airflow_etl/airflow_env/lib/python3.8/site-packages/airflow/example_dags/example_nested_branch_dag.py
[2023-09-14T17:28:50.352+0100] {processor.py:829} INFO - Processing file /home/joestar/Documents/projects/airflow_etl/airflow_env/lib/python3.8/site-packages/airflow/example_dags/example_nested_branch_dag.py for tasks to queue
[2023-09-14T17:28:50.353+0100] {logging_mixin.py:151} INFO - [2023-09-14T17:28:50.353+0100] {dagbag.py:539} INFO - Filling up the DagBag from /home/joestar/Documents/projects/airflow_etl/airflow_env/lib/python3.8/site-packages/airflow/example_dags/example_nested_branch_dag.py
[2023-09-14T17:28:50.369+0100] {processor.py:839} INFO - DAG(s) dict_keys(['example_nested_branch_dag']) retrieved from /home/joestar/Documents/projects/airflow_etl/airflow_env/lib/python3.8/site-packages/airflow/example_dags/example_nested_branch_dag.py
[2023-09-14T17:28:50.395+0100] {logging_mixin.py:151} INFO - [2023-09-14T17:28:50.395+0100] {dag.py:2915} INFO - Sync 1 DAGs
[2023-09-14T17:28:50.429+0100] {logging_mixin.py:151} INFO - [2023-09-14T17:28:50.429+0100] {dag.py:3696} INFO - Setting next_dagrun for example_nested_branch_dag to 2023-09-13T00:00:00+00:00, run_after=2023-09-14T00:00:00+00:00
[2023-09-14T17:28:50.464+0100] {processor.py:179} INFO - Processing /home/joestar/Documents/projects/airflow_etl/airflow_env/lib/python3.8/site-packages/airflow/example_dags/example_nested_branch_dag.py took 0.117 seconds
[2023-09-14T17:29:42.167+0100] {processor.py:157} INFO - Started process (PID=30001) to work on /home/joestar/Documents/projects/airflow_etl/airflow_env/lib/python3.8/site-packages/airflow/example_dags/example_nested_branch_dag.py
[2023-09-14T17:29:42.169+0100] {processor.py:829} INFO - Processing file /home/joestar/Documents/projects/airflow_etl/airflow_env/lib/python3.8/site-packages/airflow/example_dags/example_nested_branch_dag.py for tasks to queue
[2023-09-14T17:29:42.170+0100] {logging_mixin.py:151} INFO - [2023-09-14T17:29:42.169+0100] {dagbag.py:539} INFO - Filling up the DagBag from /home/joestar/Documents/projects/airflow_etl/airflow_env/lib/python3.8/site-packages/airflow/example_dags/example_nested_branch_dag.py
[2023-09-14T17:29:42.180+0100] {processor.py:839} INFO - DAG(s) dict_keys(['example_nested_branch_dag']) retrieved from /home/joestar/Documents/projects/airflow_etl/airflow_env/lib/python3.8/site-packages/airflow/example_dags/example_nested_branch_dag.py
[2023-09-14T17:29:42.195+0100] {logging_mixin.py:151} INFO - [2023-09-14T17:29:42.195+0100] {dag.py:2915} INFO - Sync 1 DAGs
[2023-09-14T17:29:42.215+0100] {logging_mixin.py:151} INFO - [2023-09-14T17:29:42.215+0100] {dag.py:3696} INFO - Setting next_dagrun for example_nested_branch_dag to 2023-09-13T00:00:00+00:00, run_after=2023-09-14T00:00:00+00:00
[2023-09-14T17:29:42.242+0100] {processor.py:179} INFO - Processing /home/joestar/Documents/projects/airflow_etl/airflow_env/lib/python3.8/site-packages/airflow/example_dags/example_nested_branch_dag.py took 0.078 seconds
[2023-09-14T17:30:34.826+0100] {processor.py:157} INFO - Started process (PID=30251) to work on /home/joestar/Documents/projects/airflow_etl/airflow_env/lib/python3.8/site-packages/airflow/example_dags/example_nested_branch_dag.py
[2023-09-14T17:30:34.828+0100] {processor.py:829} INFO - Processing file /home/joestar/Documents/projects/airflow_etl/airflow_env/lib/python3.8/site-packages/airflow/example_dags/example_nested_branch_dag.py for tasks to queue
[2023-09-14T17:30:34.831+0100] {logging_mixin.py:151} INFO - [2023-09-14T17:30:34.830+0100] {dagbag.py:539} INFO - Filling up the DagBag from /home/joestar/Documents/projects/airflow_etl/airflow_env/lib/python3.8/site-packages/airflow/example_dags/example_nested_branch_dag.py
[2023-09-14T17:30:34.851+0100] {processor.py:839} INFO - DAG(s) dict_keys(['example_nested_branch_dag']) retrieved from /home/joestar/Documents/projects/airflow_etl/airflow_env/lib/python3.8/site-packages/airflow/example_dags/example_nested_branch_dag.py
[2023-09-14T17:30:34.868+0100] {logging_mixin.py:151} INFO - [2023-09-14T17:30:34.867+0100] {dag.py:2915} INFO - Sync 1 DAGs
[2023-09-14T17:30:34.885+0100] {logging_mixin.py:151} INFO - [2023-09-14T17:30:34.885+0100] {dag.py:3696} INFO - Setting next_dagrun for example_nested_branch_dag to 2023-09-13T00:00:00+00:00, run_after=2023-09-14T00:00:00+00:00
[2023-09-14T17:30:34.907+0100] {processor.py:179} INFO - Processing /home/joestar/Documents/projects/airflow_etl/airflow_env/lib/python3.8/site-packages/airflow/example_dags/example_nested_branch_dag.py took 0.089 seconds
[2023-09-14T17:31:24.345+0100] {processor.py:157} INFO - Started process (PID=30483) to work on /home/joestar/Documents/projects/airflow_etl/airflow_env/lib/python3.8/site-packages/airflow/example_dags/example_nested_branch_dag.py
[2023-09-14T17:31:24.348+0100] {processor.py:829} INFO - Processing file /home/joestar/Documents/projects/airflow_etl/airflow_env/lib/python3.8/site-packages/airflow/example_dags/example_nested_branch_dag.py for tasks to queue
[2023-09-14T17:31:24.351+0100] {logging_mixin.py:151} INFO - [2023-09-14T17:31:24.350+0100] {dagbag.py:539} INFO - Filling up the DagBag from /home/joestar/Documents/projects/airflow_etl/airflow_env/lib/python3.8/site-packages/airflow/example_dags/example_nested_branch_dag.py
[2023-09-14T17:31:24.389+0100] {processor.py:839} INFO - DAG(s) dict_keys(['example_nested_branch_dag']) retrieved from /home/joestar/Documents/projects/airflow_etl/airflow_env/lib/python3.8/site-packages/airflow/example_dags/example_nested_branch_dag.py
[2023-09-14T17:31:24.421+0100] {logging_mixin.py:151} INFO - [2023-09-14T17:31:24.421+0100] {dag.py:2915} INFO - Sync 1 DAGs
[2023-09-14T17:31:24.443+0100] {logging_mixin.py:151} INFO - [2023-09-14T17:31:24.443+0100] {dag.py:3696} INFO - Setting next_dagrun for example_nested_branch_dag to 2023-09-13T00:00:00+00:00, run_after=2023-09-14T00:00:00+00:00
[2023-09-14T17:31:24.468+0100] {processor.py:179} INFO - Processing /home/joestar/Documents/projects/airflow_etl/airflow_env/lib/python3.8/site-packages/airflow/example_dags/example_nested_branch_dag.py took 0.133 seconds
[2023-09-14T17:32:16.370+0100] {processor.py:157} INFO - Started process (PID=30716) to work on /home/joestar/Documents/projects/airflow_etl/airflow_env/lib/python3.8/site-packages/airflow/example_dags/example_nested_branch_dag.py
[2023-09-14T17:32:16.372+0100] {processor.py:829} INFO - Processing file /home/joestar/Documents/projects/airflow_etl/airflow_env/lib/python3.8/site-packages/airflow/example_dags/example_nested_branch_dag.py for tasks to queue
[2023-09-14T17:32:16.376+0100] {logging_mixin.py:151} INFO - [2023-09-14T17:32:16.374+0100] {dagbag.py:539} INFO - Filling up the DagBag from /home/joestar/Documents/projects/airflow_etl/airflow_env/lib/python3.8/site-packages/airflow/example_dags/example_nested_branch_dag.py
[2023-09-14T17:32:16.388+0100] {processor.py:839} INFO - DAG(s) dict_keys(['example_nested_branch_dag']) retrieved from /home/joestar/Documents/projects/airflow_etl/airflow_env/lib/python3.8/site-packages/airflow/example_dags/example_nested_branch_dag.py
[2023-09-14T17:32:16.405+0100] {logging_mixin.py:151} INFO - [2023-09-14T17:32:16.405+0100] {dag.py:2915} INFO - Sync 1 DAGs
[2023-09-14T17:32:16.429+0100] {logging_mixin.py:151} INFO - [2023-09-14T17:32:16.429+0100] {dag.py:3696} INFO - Setting next_dagrun for example_nested_branch_dag to 2023-09-13T00:00:00+00:00, run_after=2023-09-14T00:00:00+00:00
[2023-09-14T17:32:16.479+0100] {processor.py:179} INFO - Processing /home/joestar/Documents/projects/airflow_etl/airflow_env/lib/python3.8/site-packages/airflow/example_dags/example_nested_branch_dag.py took 0.111 seconds
[2023-09-14T17:33:08.437+0100] {processor.py:157} INFO - Started process (PID=30951) to work on /home/joestar/Documents/projects/airflow_etl/airflow_env/lib/python3.8/site-packages/airflow/example_dags/example_nested_branch_dag.py
[2023-09-14T17:33:08.438+0100] {processor.py:829} INFO - Processing file /home/joestar/Documents/projects/airflow_etl/airflow_env/lib/python3.8/site-packages/airflow/example_dags/example_nested_branch_dag.py for tasks to queue
[2023-09-14T17:33:08.441+0100] {logging_mixin.py:151} INFO - [2023-09-14T17:33:08.438+0100] {dagbag.py:539} INFO - Filling up the DagBag from /home/joestar/Documents/projects/airflow_etl/airflow_env/lib/python3.8/site-packages/airflow/example_dags/example_nested_branch_dag.py
[2023-09-14T17:33:08.456+0100] {processor.py:839} INFO - DAG(s) dict_keys(['example_nested_branch_dag']) retrieved from /home/joestar/Documents/projects/airflow_etl/airflow_env/lib/python3.8/site-packages/airflow/example_dags/example_nested_branch_dag.py
[2023-09-14T17:33:08.483+0100] {logging_mixin.py:151} INFO - [2023-09-14T17:33:08.483+0100] {dag.py:2915} INFO - Sync 1 DAGs
[2023-09-14T17:33:08.516+0100] {logging_mixin.py:151} INFO - [2023-09-14T17:33:08.515+0100] {dag.py:3696} INFO - Setting next_dagrun for example_nested_branch_dag to 2023-09-13T00:00:00+00:00, run_after=2023-09-14T00:00:00+00:00
[2023-09-14T17:33:08.552+0100] {processor.py:179} INFO - Processing /home/joestar/Documents/projects/airflow_etl/airflow_env/lib/python3.8/site-packages/airflow/example_dags/example_nested_branch_dag.py took 0.122 seconds
[2023-09-14T17:34:02.108+0100] {processor.py:157} INFO - Started process (PID=31198) to work on /home/joestar/Documents/projects/airflow_etl/airflow_env/lib/python3.8/site-packages/airflow/example_dags/example_nested_branch_dag.py
[2023-09-14T17:34:02.109+0100] {processor.py:829} INFO - Processing file /home/joestar/Documents/projects/airflow_etl/airflow_env/lib/python3.8/site-packages/airflow/example_dags/example_nested_branch_dag.py for tasks to queue
[2023-09-14T17:34:02.111+0100] {logging_mixin.py:151} INFO - [2023-09-14T17:34:02.110+0100] {dagbag.py:539} INFO - Filling up the DagBag from /home/joestar/Documents/projects/airflow_etl/airflow_env/lib/python3.8/site-packages/airflow/example_dags/example_nested_branch_dag.py
[2023-09-14T17:34:02.126+0100] {processor.py:839} INFO - DAG(s) dict_keys(['example_nested_branch_dag']) retrieved from /home/joestar/Documents/projects/airflow_etl/airflow_env/lib/python3.8/site-packages/airflow/example_dags/example_nested_branch_dag.py
[2023-09-14T17:34:02.149+0100] {logging_mixin.py:151} INFO - [2023-09-14T17:34:02.149+0100] {dag.py:2915} INFO - Sync 1 DAGs
[2023-09-14T17:34:02.177+0100] {logging_mixin.py:151} INFO - [2023-09-14T17:34:02.177+0100] {dag.py:3696} INFO - Setting next_dagrun for example_nested_branch_dag to 2023-09-13T00:00:00+00:00, run_after=2023-09-14T00:00:00+00:00
[2023-09-14T17:34:02.221+0100] {processor.py:179} INFO - Processing /home/joestar/Documents/projects/airflow_etl/airflow_env/lib/python3.8/site-packages/airflow/example_dags/example_nested_branch_dag.py took 0.117 seconds
[2023-09-14T17:34:55.670+0100] {processor.py:157} INFO - Started process (PID=31430) to work on /home/joestar/Documents/projects/airflow_etl/airflow_env/lib/python3.8/site-packages/airflow/example_dags/example_nested_branch_dag.py
[2023-09-14T17:34:55.671+0100] {processor.py:829} INFO - Processing file /home/joestar/Documents/projects/airflow_etl/airflow_env/lib/python3.8/site-packages/airflow/example_dags/example_nested_branch_dag.py for tasks to queue
[2023-09-14T17:34:55.672+0100] {logging_mixin.py:151} INFO - [2023-09-14T17:34:55.672+0100] {dagbag.py:539} INFO - Filling up the DagBag from /home/joestar/Documents/projects/airflow_etl/airflow_env/lib/python3.8/site-packages/airflow/example_dags/example_nested_branch_dag.py
[2023-09-14T17:34:55.684+0100] {processor.py:839} INFO - DAG(s) dict_keys(['example_nested_branch_dag']) retrieved from /home/joestar/Documents/projects/airflow_etl/airflow_env/lib/python3.8/site-packages/airflow/example_dags/example_nested_branch_dag.py
[2023-09-14T17:34:55.703+0100] {logging_mixin.py:151} INFO - [2023-09-14T17:34:55.703+0100] {dag.py:2915} INFO - Sync 1 DAGs
[2023-09-14T17:34:55.722+0100] {logging_mixin.py:151} INFO - [2023-09-14T17:34:55.722+0100] {dag.py:3696} INFO - Setting next_dagrun for example_nested_branch_dag to 2023-09-13T00:00:00+00:00, run_after=2023-09-14T00:00:00+00:00
[2023-09-14T17:34:55.748+0100] {processor.py:179} INFO - Processing /home/joestar/Documents/projects/airflow_etl/airflow_env/lib/python3.8/site-packages/airflow/example_dags/example_nested_branch_dag.py took 0.082 seconds
[2023-09-14T17:35:45.999+0100] {processor.py:157} INFO - Started process (PID=31670) to work on /home/joestar/Documents/projects/airflow_etl/airflow_env/lib/python3.8/site-packages/airflow/example_dags/example_nested_branch_dag.py
[2023-09-14T17:35:46.000+0100] {processor.py:829} INFO - Processing file /home/joestar/Documents/projects/airflow_etl/airflow_env/lib/python3.8/site-packages/airflow/example_dags/example_nested_branch_dag.py for tasks to queue
[2023-09-14T17:35:46.000+0100] {logging_mixin.py:151} INFO - [2023-09-14T17:35:46.000+0100] {dagbag.py:539} INFO - Filling up the DagBag from /home/joestar/Documents/projects/airflow_etl/airflow_env/lib/python3.8/site-packages/airflow/example_dags/example_nested_branch_dag.py
[2023-09-14T17:35:46.009+0100] {processor.py:839} INFO - DAG(s) dict_keys(['example_nested_branch_dag']) retrieved from /home/joestar/Documents/projects/airflow_etl/airflow_env/lib/python3.8/site-packages/airflow/example_dags/example_nested_branch_dag.py
[2023-09-14T17:35:46.025+0100] {logging_mixin.py:151} INFO - [2023-09-14T17:35:46.025+0100] {dag.py:2915} INFO - Sync 1 DAGs
[2023-09-14T17:35:46.045+0100] {logging_mixin.py:151} INFO - [2023-09-14T17:35:46.044+0100] {dag.py:3696} INFO - Setting next_dagrun for example_nested_branch_dag to 2023-09-13T00:00:00+00:00, run_after=2023-09-14T00:00:00+00:00
[2023-09-14T17:35:46.069+0100] {processor.py:179} INFO - Processing /home/joestar/Documents/projects/airflow_etl/airflow_env/lib/python3.8/site-packages/airflow/example_dags/example_nested_branch_dag.py took 0.073 seconds
[2023-09-14T17:36:38.090+0100] {processor.py:157} INFO - Started process (PID=31906) to work on /home/joestar/Documents/projects/airflow_etl/airflow_env/lib/python3.8/site-packages/airflow/example_dags/example_nested_branch_dag.py
[2023-09-14T17:36:38.091+0100] {processor.py:829} INFO - Processing file /home/joestar/Documents/projects/airflow_etl/airflow_env/lib/python3.8/site-packages/airflow/example_dags/example_nested_branch_dag.py for tasks to queue
[2023-09-14T17:36:38.092+0100] {logging_mixin.py:151} INFO - [2023-09-14T17:36:38.092+0100] {dagbag.py:539} INFO - Filling up the DagBag from /home/joestar/Documents/projects/airflow_etl/airflow_env/lib/python3.8/site-packages/airflow/example_dags/example_nested_branch_dag.py
[2023-09-14T17:36:38.106+0100] {processor.py:839} INFO - DAG(s) dict_keys(['example_nested_branch_dag']) retrieved from /home/joestar/Documents/projects/airflow_etl/airflow_env/lib/python3.8/site-packages/airflow/example_dags/example_nested_branch_dag.py
[2023-09-14T17:36:38.127+0100] {logging_mixin.py:151} INFO - [2023-09-14T17:36:38.127+0100] {dag.py:2915} INFO - Sync 1 DAGs
[2023-09-14T17:36:38.150+0100] {logging_mixin.py:151} INFO - [2023-09-14T17:36:38.150+0100] {dag.py:3696} INFO - Setting next_dagrun for example_nested_branch_dag to 2023-09-13T00:00:00+00:00, run_after=2023-09-14T00:00:00+00:00
[2023-09-14T17:36:38.183+0100] {processor.py:179} INFO - Processing /home/joestar/Documents/projects/airflow_etl/airflow_env/lib/python3.8/site-packages/airflow/example_dags/example_nested_branch_dag.py took 0.098 seconds
[2023-09-14T17:37:32.703+0100] {processor.py:157} INFO - Started process (PID=32174) to work on /home/joestar/Documents/projects/airflow_etl/airflow_env/lib/python3.8/site-packages/airflow/example_dags/example_nested_branch_dag.py
[2023-09-14T17:37:32.704+0100] {processor.py:829} INFO - Processing file /home/joestar/Documents/projects/airflow_etl/airflow_env/lib/python3.8/site-packages/airflow/example_dags/example_nested_branch_dag.py for tasks to queue
[2023-09-14T17:37:32.705+0100] {logging_mixin.py:151} INFO - [2023-09-14T17:37:32.705+0100] {dagbag.py:539} INFO - Filling up the DagBag from /home/joestar/Documents/projects/airflow_etl/airflow_env/lib/python3.8/site-packages/airflow/example_dags/example_nested_branch_dag.py
[2023-09-14T17:37:32.716+0100] {processor.py:839} INFO - DAG(s) dict_keys(['example_nested_branch_dag']) retrieved from /home/joestar/Documents/projects/airflow_etl/airflow_env/lib/python3.8/site-packages/airflow/example_dags/example_nested_branch_dag.py
[2023-09-14T17:37:32.738+0100] {logging_mixin.py:151} INFO - [2023-09-14T17:37:32.738+0100] {dag.py:2915} INFO - Sync 1 DAGs
[2023-09-14T17:37:32.761+0100] {logging_mixin.py:151} INFO - [2023-09-14T17:37:32.760+0100] {dag.py:3696} INFO - Setting next_dagrun for example_nested_branch_dag to 2023-09-13T00:00:00+00:00, run_after=2023-09-14T00:00:00+00:00
[2023-09-14T17:37:32.790+0100] {processor.py:179} INFO - Processing /home/joestar/Documents/projects/airflow_etl/airflow_env/lib/python3.8/site-packages/airflow/example_dags/example_nested_branch_dag.py took 0.090 seconds
[2023-09-14T17:38:30.791+0100] {processor.py:157} INFO - Started process (PID=32655) to work on /home/joestar/Documents/projects/airflow_etl/airflow_env/lib/python3.8/site-packages/airflow/example_dags/example_nested_branch_dag.py
[2023-09-14T17:38:30.795+0100] {processor.py:829} INFO - Processing file /home/joestar/Documents/projects/airflow_etl/airflow_env/lib/python3.8/site-packages/airflow/example_dags/example_nested_branch_dag.py for tasks to queue
[2023-09-14T17:38:30.796+0100] {logging_mixin.py:151} INFO - [2023-09-14T17:38:30.796+0100] {dagbag.py:539} INFO - Filling up the DagBag from /home/joestar/Documents/projects/airflow_etl/airflow_env/lib/python3.8/site-packages/airflow/example_dags/example_nested_branch_dag.py
[2023-09-14T17:38:30.816+0100] {processor.py:839} INFO - DAG(s) dict_keys(['example_nested_branch_dag']) retrieved from /home/joestar/Documents/projects/airflow_etl/airflow_env/lib/python3.8/site-packages/airflow/example_dags/example_nested_branch_dag.py
[2023-09-14T17:38:30.845+0100] {logging_mixin.py:151} INFO - [2023-09-14T17:38:30.845+0100] {dag.py:2915} INFO - Sync 1 DAGs
[2023-09-14T17:38:30.885+0100] {logging_mixin.py:151} INFO - [2023-09-14T17:38:30.884+0100] {dag.py:3696} INFO - Setting next_dagrun for example_nested_branch_dag to 2023-09-13T00:00:00+00:00, run_after=2023-09-14T00:00:00+00:00
[2023-09-14T17:38:30.932+0100] {processor.py:179} INFO - Processing /home/joestar/Documents/projects/airflow_etl/airflow_env/lib/python3.8/site-packages/airflow/example_dags/example_nested_branch_dag.py took 0.144 seconds
[2023-09-14T17:39:15.270+0100] {processor.py:157} INFO - Started process (PID=32951) to work on /home/joestar/Documents/projects/airflow_etl/airflow_env/lib/python3.8/site-packages/airflow/example_dags/example_nested_branch_dag.py
[2023-09-14T17:39:15.272+0100] {processor.py:829} INFO - Processing file /home/joestar/Documents/projects/airflow_etl/airflow_env/lib/python3.8/site-packages/airflow/example_dags/example_nested_branch_dag.py for tasks to queue
[2023-09-14T17:39:15.273+0100] {logging_mixin.py:151} INFO - [2023-09-14T17:39:15.273+0100] {dagbag.py:539} INFO - Filling up the DagBag from /home/joestar/Documents/projects/airflow_etl/airflow_env/lib/python3.8/site-packages/airflow/example_dags/example_nested_branch_dag.py
[2023-09-14T17:39:15.285+0100] {processor.py:839} INFO - DAG(s) dict_keys(['example_nested_branch_dag']) retrieved from /home/joestar/Documents/projects/airflow_etl/airflow_env/lib/python3.8/site-packages/airflow/example_dags/example_nested_branch_dag.py
[2023-09-14T17:39:15.310+0100] {logging_mixin.py:151} INFO - [2023-09-14T17:39:15.310+0100] {dag.py:2915} INFO - Sync 1 DAGs
[2023-09-14T17:39:15.337+0100] {logging_mixin.py:151} INFO - [2023-09-14T17:39:15.336+0100] {dag.py:3696} INFO - Setting next_dagrun for example_nested_branch_dag to 2023-09-13T00:00:00+00:00, run_after=2023-09-14T00:00:00+00:00
[2023-09-14T17:39:15.365+0100] {processor.py:179} INFO - Processing /home/joestar/Documents/projects/airflow_etl/airflow_env/lib/python3.8/site-packages/airflow/example_dags/example_nested_branch_dag.py took 0.098 seconds
[2023-09-14T17:40:01.289+0100] {processor.py:157} INFO - Started process (PID=33246) to work on /home/joestar/Documents/projects/airflow_etl/airflow_env/lib/python3.8/site-packages/airflow/example_dags/example_nested_branch_dag.py
[2023-09-14T17:40:01.290+0100] {processor.py:829} INFO - Processing file /home/joestar/Documents/projects/airflow_etl/airflow_env/lib/python3.8/site-packages/airflow/example_dags/example_nested_branch_dag.py for tasks to queue
[2023-09-14T17:40:01.292+0100] {logging_mixin.py:151} INFO - [2023-09-14T17:40:01.291+0100] {dagbag.py:539} INFO - Filling up the DagBag from /home/joestar/Documents/projects/airflow_etl/airflow_env/lib/python3.8/site-packages/airflow/example_dags/example_nested_branch_dag.py
[2023-09-14T17:40:01.302+0100] {processor.py:839} INFO - DAG(s) dict_keys(['example_nested_branch_dag']) retrieved from /home/joestar/Documents/projects/airflow_etl/airflow_env/lib/python3.8/site-packages/airflow/example_dags/example_nested_branch_dag.py
[2023-09-14T17:40:01.318+0100] {logging_mixin.py:151} INFO - [2023-09-14T17:40:01.318+0100] {dag.py:2915} INFO - Sync 1 DAGs
[2023-09-14T17:40:01.336+0100] {logging_mixin.py:151} INFO - [2023-09-14T17:40:01.336+0100] {dag.py:3696} INFO - Setting next_dagrun for example_nested_branch_dag to 2023-09-13T00:00:00+00:00, run_after=2023-09-14T00:00:00+00:00
[2023-09-14T17:40:01.368+0100] {processor.py:179} INFO - Processing /home/joestar/Documents/projects/airflow_etl/airflow_env/lib/python3.8/site-packages/airflow/example_dags/example_nested_branch_dag.py took 0.082 seconds
[2023-09-14T17:40:41.328+0100] {processor.py:157} INFO - Started process (PID=33490) to work on /home/joestar/Documents/projects/airflow_etl/airflow_env/lib/python3.8/site-packages/airflow/example_dags/example_nested_branch_dag.py
[2023-09-14T17:40:41.329+0100] {processor.py:829} INFO - Processing file /home/joestar/Documents/projects/airflow_etl/airflow_env/lib/python3.8/site-packages/airflow/example_dags/example_nested_branch_dag.py for tasks to queue
[2023-09-14T17:40:41.330+0100] {logging_mixin.py:151} INFO - [2023-09-14T17:40:41.330+0100] {dagbag.py:539} INFO - Filling up the DagBag from /home/joestar/Documents/projects/airflow_etl/airflow_env/lib/python3.8/site-packages/airflow/example_dags/example_nested_branch_dag.py
[2023-09-14T17:40:41.339+0100] {processor.py:839} INFO - DAG(s) dict_keys(['example_nested_branch_dag']) retrieved from /home/joestar/Documents/projects/airflow_etl/airflow_env/lib/python3.8/site-packages/airflow/example_dags/example_nested_branch_dag.py
[2023-09-14T17:40:41.357+0100] {logging_mixin.py:151} INFO - [2023-09-14T17:40:41.356+0100] {dag.py:2915} INFO - Sync 1 DAGs
[2023-09-14T17:40:41.381+0100] {logging_mixin.py:151} INFO - [2023-09-14T17:40:41.380+0100] {dag.py:3696} INFO - Setting next_dagrun for example_nested_branch_dag to 2023-09-13T00:00:00+00:00, run_after=2023-09-14T00:00:00+00:00
[2023-09-14T17:40:41.412+0100] {processor.py:179} INFO - Processing /home/joestar/Documents/projects/airflow_etl/airflow_env/lib/python3.8/site-packages/airflow/example_dags/example_nested_branch_dag.py took 0.088 seconds
[2023-09-14T17:41:33.172+0100] {processor.py:157} INFO - Started process (PID=33880) to work on /home/joestar/Documents/projects/airflow_etl/airflow_env/lib/python3.8/site-packages/airflow/example_dags/example_nested_branch_dag.py
[2023-09-14T17:41:33.173+0100] {processor.py:829} INFO - Processing file /home/joestar/Documents/projects/airflow_etl/airflow_env/lib/python3.8/site-packages/airflow/example_dags/example_nested_branch_dag.py for tasks to queue
[2023-09-14T17:41:33.174+0100] {logging_mixin.py:151} INFO - [2023-09-14T17:41:33.173+0100] {dagbag.py:539} INFO - Filling up the DagBag from /home/joestar/Documents/projects/airflow_etl/airflow_env/lib/python3.8/site-packages/airflow/example_dags/example_nested_branch_dag.py
[2023-09-14T17:41:33.186+0100] {processor.py:839} INFO - DAG(s) dict_keys(['example_nested_branch_dag']) retrieved from /home/joestar/Documents/projects/airflow_etl/airflow_env/lib/python3.8/site-packages/airflow/example_dags/example_nested_branch_dag.py
[2023-09-14T17:41:33.207+0100] {logging_mixin.py:151} INFO - [2023-09-14T17:41:33.207+0100] {dag.py:2915} INFO - Sync 1 DAGs
[2023-09-14T17:41:33.232+0100] {logging_mixin.py:151} INFO - [2023-09-14T17:41:33.232+0100] {dag.py:3696} INFO - Setting next_dagrun for example_nested_branch_dag to 2023-09-13T00:00:00+00:00, run_after=2023-09-14T00:00:00+00:00
[2023-09-14T17:41:33.280+0100] {processor.py:179} INFO - Processing /home/joestar/Documents/projects/airflow_etl/airflow_env/lib/python3.8/site-packages/airflow/example_dags/example_nested_branch_dag.py took 0.112 seconds
[2023-09-14T17:42:35.052+0100] {processor.py:157} INFO - Started process (PID=34153) to work on /home/joestar/Documents/projects/airflow_etl/airflow_env/lib/python3.8/site-packages/airflow/example_dags/example_nested_branch_dag.py
[2023-09-14T17:42:35.053+0100] {processor.py:829} INFO - Processing file /home/joestar/Documents/projects/airflow_etl/airflow_env/lib/python3.8/site-packages/airflow/example_dags/example_nested_branch_dag.py for tasks to queue
[2023-09-14T17:42:35.054+0100] {logging_mixin.py:151} INFO - [2023-09-14T17:42:35.054+0100] {dagbag.py:539} INFO - Filling up the DagBag from /home/joestar/Documents/projects/airflow_etl/airflow_env/lib/python3.8/site-packages/airflow/example_dags/example_nested_branch_dag.py
[2023-09-14T17:42:35.070+0100] {processor.py:839} INFO - DAG(s) dict_keys(['example_nested_branch_dag']) retrieved from /home/joestar/Documents/projects/airflow_etl/airflow_env/lib/python3.8/site-packages/airflow/example_dags/example_nested_branch_dag.py
[2023-09-14T17:42:35.096+0100] {logging_mixin.py:151} INFO - [2023-09-14T17:42:35.096+0100] {dag.py:2915} INFO - Sync 1 DAGs
[2023-09-14T17:42:35.130+0100] {logging_mixin.py:151} INFO - [2023-09-14T17:42:35.130+0100] {dag.py:3696} INFO - Setting next_dagrun for example_nested_branch_dag to 2023-09-13T00:00:00+00:00, run_after=2023-09-14T00:00:00+00:00
[2023-09-14T17:42:35.170+0100] {processor.py:179} INFO - Processing /home/joestar/Documents/projects/airflow_etl/airflow_env/lib/python3.8/site-packages/airflow/example_dags/example_nested_branch_dag.py took 0.122 seconds
[2023-09-14T17:43:17.959+0100] {processor.py:157} INFO - Started process (PID=34324) to work on /home/joestar/Documents/projects/airflow_etl/airflow_env/lib/python3.8/site-packages/airflow/example_dags/example_nested_branch_dag.py
[2023-09-14T17:43:17.960+0100] {processor.py:829} INFO - Processing file /home/joestar/Documents/projects/airflow_etl/airflow_env/lib/python3.8/site-packages/airflow/example_dags/example_nested_branch_dag.py for tasks to queue
[2023-09-14T17:43:17.961+0100] {logging_mixin.py:151} INFO - [2023-09-14T17:43:17.960+0100] {dagbag.py:539} INFO - Filling up the DagBag from /home/joestar/Documents/projects/airflow_etl/airflow_env/lib/python3.8/site-packages/airflow/example_dags/example_nested_branch_dag.py
[2023-09-14T17:43:17.971+0100] {processor.py:839} INFO - DAG(s) dict_keys(['example_nested_branch_dag']) retrieved from /home/joestar/Documents/projects/airflow_etl/airflow_env/lib/python3.8/site-packages/airflow/example_dags/example_nested_branch_dag.py
[2023-09-14T17:43:17.991+0100] {logging_mixin.py:151} INFO - [2023-09-14T17:43:17.991+0100] {dag.py:2915} INFO - Sync 1 DAGs
[2023-09-14T17:43:18.014+0100] {logging_mixin.py:151} INFO - [2023-09-14T17:43:18.014+0100] {dag.py:3696} INFO - Setting next_dagrun for example_nested_branch_dag to 2023-09-13T00:00:00+00:00, run_after=2023-09-14T00:00:00+00:00
[2023-09-14T17:43:18.047+0100] {processor.py:179} INFO - Processing /home/joestar/Documents/projects/airflow_etl/airflow_env/lib/python3.8/site-packages/airflow/example_dags/example_nested_branch_dag.py took 0.092 seconds
[2023-09-14T17:44:16.117+0100] {processor.py:157} INFO - Started process (PID=34643) to work on /home/joestar/Documents/projects/airflow_etl/airflow_env/lib/python3.8/site-packages/airflow/example_dags/example_nested_branch_dag.py
[2023-09-14T17:44:16.118+0100] {processor.py:829} INFO - Processing file /home/joestar/Documents/projects/airflow_etl/airflow_env/lib/python3.8/site-packages/airflow/example_dags/example_nested_branch_dag.py for tasks to queue
[2023-09-14T17:44:16.118+0100] {logging_mixin.py:151} INFO - [2023-09-14T17:44:16.118+0100] {dagbag.py:539} INFO - Filling up the DagBag from /home/joestar/Documents/projects/airflow_etl/airflow_env/lib/python3.8/site-packages/airflow/example_dags/example_nested_branch_dag.py
[2023-09-14T17:44:16.128+0100] {processor.py:839} INFO - DAG(s) dict_keys(['example_nested_branch_dag']) retrieved from /home/joestar/Documents/projects/airflow_etl/airflow_env/lib/python3.8/site-packages/airflow/example_dags/example_nested_branch_dag.py
[2023-09-14T17:44:16.144+0100] {logging_mixin.py:151} INFO - [2023-09-14T17:44:16.143+0100] {dag.py:2915} INFO - Sync 1 DAGs
[2023-09-14T17:44:16.164+0100] {logging_mixin.py:151} INFO - [2023-09-14T17:44:16.164+0100] {dag.py:3696} INFO - Setting next_dagrun for example_nested_branch_dag to 2023-09-13T00:00:00+00:00, run_after=2023-09-14T00:00:00+00:00
[2023-09-14T17:44:16.190+0100] {processor.py:179} INFO - Processing /home/joestar/Documents/projects/airflow_etl/airflow_env/lib/python3.8/site-packages/airflow/example_dags/example_nested_branch_dag.py took 0.076 seconds
[2023-09-14T17:44:57.949+0100] {processor.py:157} INFO - Started process (PID=34823) to work on /home/joestar/Documents/projects/airflow_etl/airflow_env/lib/python3.8/site-packages/airflow/example_dags/example_nested_branch_dag.py
[2023-09-14T17:44:57.950+0100] {processor.py:829} INFO - Processing file /home/joestar/Documents/projects/airflow_etl/airflow_env/lib/python3.8/site-packages/airflow/example_dags/example_nested_branch_dag.py for tasks to queue
[2023-09-14T17:44:57.951+0100] {logging_mixin.py:151} INFO - [2023-09-14T17:44:57.951+0100] {dagbag.py:539} INFO - Filling up the DagBag from /home/joestar/Documents/projects/airflow_etl/airflow_env/lib/python3.8/site-packages/airflow/example_dags/example_nested_branch_dag.py
[2023-09-14T17:44:57.962+0100] {processor.py:839} INFO - DAG(s) dict_keys(['example_nested_branch_dag']) retrieved from /home/joestar/Documents/projects/airflow_etl/airflow_env/lib/python3.8/site-packages/airflow/example_dags/example_nested_branch_dag.py
[2023-09-14T17:44:57.981+0100] {logging_mixin.py:151} INFO - [2023-09-14T17:44:57.981+0100] {dag.py:2915} INFO - Sync 1 DAGs
[2023-09-14T17:44:58.005+0100] {logging_mixin.py:151} INFO - [2023-09-14T17:44:58.005+0100] {dag.py:3696} INFO - Setting next_dagrun for example_nested_branch_dag to 2023-09-13T00:00:00+00:00, run_after=2023-09-14T00:00:00+00:00
[2023-09-14T17:44:58.051+0100] {processor.py:179} INFO - Processing /home/joestar/Documents/projects/airflow_etl/airflow_env/lib/python3.8/site-packages/airflow/example_dags/example_nested_branch_dag.py took 0.105 seconds
[2023-09-14T17:45:55.448+0100] {processor.py:157} INFO - Started process (PID=35057) to work on /home/joestar/Documents/projects/airflow_etl/airflow_env/lib/python3.8/site-packages/airflow/example_dags/example_nested_branch_dag.py
[2023-09-14T17:45:55.449+0100] {processor.py:829} INFO - Processing file /home/joestar/Documents/projects/airflow_etl/airflow_env/lib/python3.8/site-packages/airflow/example_dags/example_nested_branch_dag.py for tasks to queue
[2023-09-14T17:45:55.450+0100] {logging_mixin.py:151} INFO - [2023-09-14T17:45:55.450+0100] {dagbag.py:539} INFO - Filling up the DagBag from /home/joestar/Documents/projects/airflow_etl/airflow_env/lib/python3.8/site-packages/airflow/example_dags/example_nested_branch_dag.py
[2023-09-14T17:45:55.461+0100] {processor.py:839} INFO - DAG(s) dict_keys(['example_nested_branch_dag']) retrieved from /home/joestar/Documents/projects/airflow_etl/airflow_env/lib/python3.8/site-packages/airflow/example_dags/example_nested_branch_dag.py
[2023-09-14T17:45:55.485+0100] {logging_mixin.py:151} INFO - [2023-09-14T17:45:55.485+0100] {dag.py:2915} INFO - Sync 1 DAGs
[2023-09-14T17:45:55.511+0100] {logging_mixin.py:151} INFO - [2023-09-14T17:45:55.511+0100] {dag.py:3696} INFO - Setting next_dagrun for example_nested_branch_dag to 2023-09-13T00:00:00+00:00, run_after=2023-09-14T00:00:00+00:00
[2023-09-14T17:45:55.542+0100] {processor.py:179} INFO - Processing /home/joestar/Documents/projects/airflow_etl/airflow_env/lib/python3.8/site-packages/airflow/example_dags/example_nested_branch_dag.py took 0.097 seconds
[2023-09-14T17:46:35.513+0100] {processor.py:157} INFO - Started process (PID=35239) to work on /home/joestar/Documents/projects/airflow_etl/airflow_env/lib/python3.8/site-packages/airflow/example_dags/example_nested_branch_dag.py
[2023-09-14T17:46:35.514+0100] {processor.py:829} INFO - Processing file /home/joestar/Documents/projects/airflow_etl/airflow_env/lib/python3.8/site-packages/airflow/example_dags/example_nested_branch_dag.py for tasks to queue
[2023-09-14T17:46:35.515+0100] {logging_mixin.py:151} INFO - [2023-09-14T17:46:35.515+0100] {dagbag.py:539} INFO - Filling up the DagBag from /home/joestar/Documents/projects/airflow_etl/airflow_env/lib/python3.8/site-packages/airflow/example_dags/example_nested_branch_dag.py
[2023-09-14T17:46:35.530+0100] {processor.py:839} INFO - DAG(s) dict_keys(['example_nested_branch_dag']) retrieved from /home/joestar/Documents/projects/airflow_etl/airflow_env/lib/python3.8/site-packages/airflow/example_dags/example_nested_branch_dag.py
[2023-09-14T17:46:35.556+0100] {logging_mixin.py:151} INFO - [2023-09-14T17:46:35.556+0100] {dag.py:2915} INFO - Sync 1 DAGs
[2023-09-14T17:46:35.589+0100] {logging_mixin.py:151} INFO - [2023-09-14T17:46:35.589+0100] {dag.py:3696} INFO - Setting next_dagrun for example_nested_branch_dag to 2023-09-13T00:00:00+00:00, run_after=2023-09-14T00:00:00+00:00
[2023-09-14T17:46:35.625+0100] {processor.py:179} INFO - Processing /home/joestar/Documents/projects/airflow_etl/airflow_env/lib/python3.8/site-packages/airflow/example_dags/example_nested_branch_dag.py took 0.117 seconds
[2023-09-14T17:47:27.218+0100] {processor.py:157} INFO - Started process (PID=35454) to work on /home/joestar/Documents/projects/airflow_etl/airflow_env/lib/python3.8/site-packages/airflow/example_dags/example_nested_branch_dag.py
[2023-09-14T17:47:27.219+0100] {processor.py:829} INFO - Processing file /home/joestar/Documents/projects/airflow_etl/airflow_env/lib/python3.8/site-packages/airflow/example_dags/example_nested_branch_dag.py for tasks to queue
[2023-09-14T17:47:27.220+0100] {logging_mixin.py:151} INFO - [2023-09-14T17:47:27.219+0100] {dagbag.py:539} INFO - Filling up the DagBag from /home/joestar/Documents/projects/airflow_etl/airflow_env/lib/python3.8/site-packages/airflow/example_dags/example_nested_branch_dag.py
[2023-09-14T17:47:27.233+0100] {processor.py:839} INFO - DAG(s) dict_keys(['example_nested_branch_dag']) retrieved from /home/joestar/Documents/projects/airflow_etl/airflow_env/lib/python3.8/site-packages/airflow/example_dags/example_nested_branch_dag.py
[2023-09-14T17:47:27.250+0100] {logging_mixin.py:151} INFO - [2023-09-14T17:47:27.250+0100] {dag.py:2915} INFO - Sync 1 DAGs
[2023-09-14T17:47:27.272+0100] {logging_mixin.py:151} INFO - [2023-09-14T17:47:27.272+0100] {dag.py:3696} INFO - Setting next_dagrun for example_nested_branch_dag to 2023-09-13T00:00:00+00:00, run_after=2023-09-14T00:00:00+00:00
[2023-09-14T17:47:27.297+0100] {processor.py:179} INFO - Processing /home/joestar/Documents/projects/airflow_etl/airflow_env/lib/python3.8/site-packages/airflow/example_dags/example_nested_branch_dag.py took 0.084 seconds
[2023-09-14T17:48:46.274+0100] {processor.py:157} INFO - Started process (PID=35755) to work on /home/joestar/Documents/projects/airflow_etl/airflow_env/lib/python3.8/site-packages/airflow/example_dags/example_nested_branch_dag.py
[2023-09-14T17:48:46.275+0100] {processor.py:829} INFO - Processing file /home/joestar/Documents/projects/airflow_etl/airflow_env/lib/python3.8/site-packages/airflow/example_dags/example_nested_branch_dag.py for tasks to queue
[2023-09-14T17:48:46.276+0100] {logging_mixin.py:151} INFO - [2023-09-14T17:48:46.276+0100] {dagbag.py:539} INFO - Filling up the DagBag from /home/joestar/Documents/projects/airflow_etl/airflow_env/lib/python3.8/site-packages/airflow/example_dags/example_nested_branch_dag.py
[2023-09-14T17:48:46.293+0100] {processor.py:839} INFO - DAG(s) dict_keys(['example_nested_branch_dag']) retrieved from /home/joestar/Documents/projects/airflow_etl/airflow_env/lib/python3.8/site-packages/airflow/example_dags/example_nested_branch_dag.py
[2023-09-14T17:48:46.324+0100] {logging_mixin.py:151} INFO - [2023-09-14T17:48:46.324+0100] {dag.py:2915} INFO - Sync 1 DAGs
[2023-09-14T17:48:46.361+0100] {logging_mixin.py:151} INFO - [2023-09-14T17:48:46.361+0100] {dag.py:3696} INFO - Setting next_dagrun for example_nested_branch_dag to 2023-09-13T00:00:00+00:00, run_after=2023-09-14T00:00:00+00:00
[2023-09-14T17:48:46.394+0100] {processor.py:179} INFO - Processing /home/joestar/Documents/projects/airflow_etl/airflow_env/lib/python3.8/site-packages/airflow/example_dags/example_nested_branch_dag.py took 0.125 seconds
[2023-09-14T17:49:35.090+0100] {processor.py:157} INFO - Started process (PID=35957) to work on /home/joestar/Documents/projects/airflow_etl/airflow_env/lib/python3.8/site-packages/airflow/example_dags/example_nested_branch_dag.py
[2023-09-14T17:49:35.092+0100] {processor.py:829} INFO - Processing file /home/joestar/Documents/projects/airflow_etl/airflow_env/lib/python3.8/site-packages/airflow/example_dags/example_nested_branch_dag.py for tasks to queue
[2023-09-14T17:49:35.093+0100] {logging_mixin.py:151} INFO - [2023-09-14T17:49:35.092+0100] {dagbag.py:539} INFO - Filling up the DagBag from /home/joestar/Documents/projects/airflow_etl/airflow_env/lib/python3.8/site-packages/airflow/example_dags/example_nested_branch_dag.py
[2023-09-14T17:49:35.114+0100] {processor.py:839} INFO - DAG(s) dict_keys(['example_nested_branch_dag']) retrieved from /home/joestar/Documents/projects/airflow_etl/airflow_env/lib/python3.8/site-packages/airflow/example_dags/example_nested_branch_dag.py
[2023-09-14T17:49:35.157+0100] {logging_mixin.py:151} INFO - [2023-09-14T17:49:35.157+0100] {dag.py:2915} INFO - Sync 1 DAGs
[2023-09-14T17:49:35.213+0100] {logging_mixin.py:151} INFO - [2023-09-14T17:49:35.213+0100] {dag.py:3696} INFO - Setting next_dagrun for example_nested_branch_dag to 2023-09-13T00:00:00+00:00, run_after=2023-09-14T00:00:00+00:00
[2023-09-14T17:49:35.386+0100] {processor.py:179} INFO - Processing /home/joestar/Documents/projects/airflow_etl/airflow_env/lib/python3.8/site-packages/airflow/example_dags/example_nested_branch_dag.py took 0.305 seconds
[2023-09-14T17:50:26.403+0100] {processor.py:157} INFO - Started process (PID=36184) to work on /home/joestar/Documents/projects/airflow_etl/airflow_env/lib/python3.8/site-packages/airflow/example_dags/example_nested_branch_dag.py
[2023-09-14T17:50:26.404+0100] {processor.py:829} INFO - Processing file /home/joestar/Documents/projects/airflow_etl/airflow_env/lib/python3.8/site-packages/airflow/example_dags/example_nested_branch_dag.py for tasks to queue
[2023-09-14T17:50:26.405+0100] {logging_mixin.py:151} INFO - [2023-09-14T17:50:26.405+0100] {dagbag.py:539} INFO - Filling up the DagBag from /home/joestar/Documents/projects/airflow_etl/airflow_env/lib/python3.8/site-packages/airflow/example_dags/example_nested_branch_dag.py
[2023-09-14T17:50:26.418+0100] {processor.py:839} INFO - DAG(s) dict_keys(['example_nested_branch_dag']) retrieved from /home/joestar/Documents/projects/airflow_etl/airflow_env/lib/python3.8/site-packages/airflow/example_dags/example_nested_branch_dag.py
[2023-09-14T17:50:26.443+0100] {logging_mixin.py:151} INFO - [2023-09-14T17:50:26.443+0100] {dag.py:2915} INFO - Sync 1 DAGs
[2023-09-14T17:50:26.464+0100] {logging_mixin.py:151} INFO - [2023-09-14T17:50:26.463+0100] {dag.py:3696} INFO - Setting next_dagrun for example_nested_branch_dag to 2023-09-13T00:00:00+00:00, run_after=2023-09-14T00:00:00+00:00
[2023-09-14T17:50:26.491+0100] {processor.py:179} INFO - Processing /home/joestar/Documents/projects/airflow_etl/airflow_env/lib/python3.8/site-packages/airflow/example_dags/example_nested_branch_dag.py took 0.091 seconds
[2023-09-14T17:51:07.484+0100] {processor.py:157} INFO - Started process (PID=36366) to work on /home/joestar/Documents/projects/airflow_etl/airflow_env/lib/python3.8/site-packages/airflow/example_dags/example_nested_branch_dag.py
[2023-09-14T17:51:07.485+0100] {processor.py:829} INFO - Processing file /home/joestar/Documents/projects/airflow_etl/airflow_env/lib/python3.8/site-packages/airflow/example_dags/example_nested_branch_dag.py for tasks to queue
[2023-09-14T17:51:07.486+0100] {logging_mixin.py:151} INFO - [2023-09-14T17:51:07.486+0100] {dagbag.py:539} INFO - Filling up the DagBag from /home/joestar/Documents/projects/airflow_etl/airflow_env/lib/python3.8/site-packages/airflow/example_dags/example_nested_branch_dag.py
[2023-09-14T17:51:07.496+0100] {processor.py:839} INFO - DAG(s) dict_keys(['example_nested_branch_dag']) retrieved from /home/joestar/Documents/projects/airflow_etl/airflow_env/lib/python3.8/site-packages/airflow/example_dags/example_nested_branch_dag.py
[2023-09-14T17:51:07.512+0100] {logging_mixin.py:151} INFO - [2023-09-14T17:51:07.512+0100] {dag.py:2915} INFO - Sync 1 DAGs
[2023-09-14T17:51:07.533+0100] {logging_mixin.py:151} INFO - [2023-09-14T17:51:07.533+0100] {dag.py:3696} INFO - Setting next_dagrun for example_nested_branch_dag to 2023-09-13T00:00:00+00:00, run_after=2023-09-14T00:00:00+00:00
[2023-09-14T17:51:07.561+0100] {processor.py:179} INFO - Processing /home/joestar/Documents/projects/airflow_etl/airflow_env/lib/python3.8/site-packages/airflow/example_dags/example_nested_branch_dag.py took 0.081 seconds
[2023-09-14T17:52:02.384+0100] {processor.py:157} INFO - Started process (PID=36609) to work on /home/joestar/Documents/projects/airflow_etl/airflow_env/lib/python3.8/site-packages/airflow/example_dags/example_nested_branch_dag.py
[2023-09-14T17:52:02.385+0100] {processor.py:829} INFO - Processing file /home/joestar/Documents/projects/airflow_etl/airflow_env/lib/python3.8/site-packages/airflow/example_dags/example_nested_branch_dag.py for tasks to queue
[2023-09-14T17:52:02.386+0100] {logging_mixin.py:151} INFO - [2023-09-14T17:52:02.385+0100] {dagbag.py:539} INFO - Filling up the DagBag from /home/joestar/Documents/projects/airflow_etl/airflow_env/lib/python3.8/site-packages/airflow/example_dags/example_nested_branch_dag.py
[2023-09-14T17:52:02.395+0100] {processor.py:839} INFO - DAG(s) dict_keys(['example_nested_branch_dag']) retrieved from /home/joestar/Documents/projects/airflow_etl/airflow_env/lib/python3.8/site-packages/airflow/example_dags/example_nested_branch_dag.py
[2023-09-14T17:52:02.411+0100] {logging_mixin.py:151} INFO - [2023-09-14T17:52:02.411+0100] {dag.py:2915} INFO - Sync 1 DAGs
[2023-09-14T17:52:02.431+0100] {logging_mixin.py:151} INFO - [2023-09-14T17:52:02.431+0100] {dag.py:3696} INFO - Setting next_dagrun for example_nested_branch_dag to 2023-09-13T00:00:00+00:00, run_after=2023-09-14T00:00:00+00:00
[2023-09-14T17:52:02.480+0100] {processor.py:179} INFO - Processing /home/joestar/Documents/projects/airflow_etl/airflow_env/lib/python3.8/site-packages/airflow/example_dags/example_nested_branch_dag.py took 0.099 seconds
[2023-09-14T17:52:42.888+0100] {processor.py:157} INFO - Started process (PID=36798) to work on /home/joestar/Documents/projects/airflow_etl/airflow_env/lib/python3.8/site-packages/airflow/example_dags/example_nested_branch_dag.py
[2023-09-14T17:52:42.889+0100] {processor.py:829} INFO - Processing file /home/joestar/Documents/projects/airflow_etl/airflow_env/lib/python3.8/site-packages/airflow/example_dags/example_nested_branch_dag.py for tasks to queue
[2023-09-14T17:52:42.891+0100] {logging_mixin.py:151} INFO - [2023-09-14T17:52:42.890+0100] {dagbag.py:539} INFO - Filling up the DagBag from /home/joestar/Documents/projects/airflow_etl/airflow_env/lib/python3.8/site-packages/airflow/example_dags/example_nested_branch_dag.py
[2023-09-14T17:52:42.908+0100] {processor.py:839} INFO - DAG(s) dict_keys(['example_nested_branch_dag']) retrieved from /home/joestar/Documents/projects/airflow_etl/airflow_env/lib/python3.8/site-packages/airflow/example_dags/example_nested_branch_dag.py
[2023-09-14T17:52:42.938+0100] {logging_mixin.py:151} INFO - [2023-09-14T17:52:42.938+0100] {dag.py:2915} INFO - Sync 1 DAGs
[2023-09-14T17:52:42.982+0100] {logging_mixin.py:151} INFO - [2023-09-14T17:52:42.981+0100] {dag.py:3696} INFO - Setting next_dagrun for example_nested_branch_dag to 2023-09-13T00:00:00+00:00, run_after=2023-09-14T00:00:00+00:00
[2023-09-14T17:52:43.019+0100] {processor.py:179} INFO - Processing /home/joestar/Documents/projects/airflow_etl/airflow_env/lib/python3.8/site-packages/airflow/example_dags/example_nested_branch_dag.py took 0.136 seconds
[2023-09-14T18:03:07.770+0100] {processor.py:157} INFO - Started process (PID=38720) to work on /home/joestar/Documents/projects/airflow_etl/airflow_env/lib/python3.8/site-packages/airflow/example_dags/example_nested_branch_dag.py
[2023-09-14T18:03:07.771+0100] {processor.py:829} INFO - Processing file /home/joestar/Documents/projects/airflow_etl/airflow_env/lib/python3.8/site-packages/airflow/example_dags/example_nested_branch_dag.py for tasks to queue
[2023-09-14T18:03:07.772+0100] {logging_mixin.py:151} INFO - [2023-09-14T18:03:07.772+0100] {dagbag.py:539} INFO - Filling up the DagBag from /home/joestar/Documents/projects/airflow_etl/airflow_env/lib/python3.8/site-packages/airflow/example_dags/example_nested_branch_dag.py
[2023-09-14T18:03:07.784+0100] {processor.py:839} INFO - DAG(s) dict_keys(['example_nested_branch_dag']) retrieved from /home/joestar/Documents/projects/airflow_etl/airflow_env/lib/python3.8/site-packages/airflow/example_dags/example_nested_branch_dag.py
[2023-09-14T18:03:07.805+0100] {logging_mixin.py:151} INFO - [2023-09-14T18:03:07.805+0100] {dag.py:2915} INFO - Sync 1 DAGs
[2023-09-14T18:03:07.827+0100] {logging_mixin.py:151} INFO - [2023-09-14T18:03:07.827+0100] {dag.py:3696} INFO - Setting next_dagrun for example_nested_branch_dag to 2023-09-13T00:00:00+00:00, run_after=2023-09-14T00:00:00+00:00
[2023-09-14T18:03:07.857+0100] {processor.py:179} INFO - Processing /home/joestar/Documents/projects/airflow_etl/airflow_env/lib/python3.8/site-packages/airflow/example_dags/example_nested_branch_dag.py took 0.090 seconds
[2023-09-14T18:04:01.038+0100] {processor.py:157} INFO - Started process (PID=38956) to work on /home/joestar/Documents/projects/airflow_etl/airflow_env/lib/python3.8/site-packages/airflow/example_dags/example_nested_branch_dag.py
[2023-09-14T18:04:01.039+0100] {processor.py:829} INFO - Processing file /home/joestar/Documents/projects/airflow_etl/airflow_env/lib/python3.8/site-packages/airflow/example_dags/example_nested_branch_dag.py for tasks to queue
[2023-09-14T18:04:01.040+0100] {logging_mixin.py:151} INFO - [2023-09-14T18:04:01.040+0100] {dagbag.py:539} INFO - Filling up the DagBag from /home/joestar/Documents/projects/airflow_etl/airflow_env/lib/python3.8/site-packages/airflow/example_dags/example_nested_branch_dag.py
[2023-09-14T18:04:01.051+0100] {processor.py:839} INFO - DAG(s) dict_keys(['example_nested_branch_dag']) retrieved from /home/joestar/Documents/projects/airflow_etl/airflow_env/lib/python3.8/site-packages/airflow/example_dags/example_nested_branch_dag.py
[2023-09-14T18:04:01.073+0100] {logging_mixin.py:151} INFO - [2023-09-14T18:04:01.073+0100] {dag.py:2915} INFO - Sync 1 DAGs
[2023-09-14T18:04:01.097+0100] {logging_mixin.py:151} INFO - [2023-09-14T18:04:01.096+0100] {dag.py:3696} INFO - Setting next_dagrun for example_nested_branch_dag to 2023-09-13T00:00:00+00:00, run_after=2023-09-14T00:00:00+00:00
[2023-09-14T18:04:01.121+0100] {processor.py:179} INFO - Processing /home/joestar/Documents/projects/airflow_etl/airflow_env/lib/python3.8/site-packages/airflow/example_dags/example_nested_branch_dag.py took 0.086 seconds
[2023-09-14T18:04:49.192+0100] {processor.py:157} INFO - Started process (PID=39183) to work on /home/joestar/Documents/projects/airflow_etl/airflow_env/lib/python3.8/site-packages/airflow/example_dags/example_nested_branch_dag.py
[2023-09-14T18:04:49.193+0100] {processor.py:829} INFO - Processing file /home/joestar/Documents/projects/airflow_etl/airflow_env/lib/python3.8/site-packages/airflow/example_dags/example_nested_branch_dag.py for tasks to queue
[2023-09-14T18:04:49.194+0100] {logging_mixin.py:151} INFO - [2023-09-14T18:04:49.194+0100] {dagbag.py:539} INFO - Filling up the DagBag from /home/joestar/Documents/projects/airflow_etl/airflow_env/lib/python3.8/site-packages/airflow/example_dags/example_nested_branch_dag.py
[2023-09-14T18:04:49.205+0100] {processor.py:839} INFO - DAG(s) dict_keys(['example_nested_branch_dag']) retrieved from /home/joestar/Documents/projects/airflow_etl/airflow_env/lib/python3.8/site-packages/airflow/example_dags/example_nested_branch_dag.py
[2023-09-14T18:04:49.220+0100] {logging_mixin.py:151} INFO - [2023-09-14T18:04:49.220+0100] {dag.py:2915} INFO - Sync 1 DAGs
[2023-09-14T18:04:49.243+0100] {logging_mixin.py:151} INFO - [2023-09-14T18:04:49.243+0100] {dag.py:3696} INFO - Setting next_dagrun for example_nested_branch_dag to 2023-09-13T00:00:00+00:00, run_after=2023-09-14T00:00:00+00:00
[2023-09-14T18:04:49.270+0100] {processor.py:179} INFO - Processing /home/joestar/Documents/projects/airflow_etl/airflow_env/lib/python3.8/site-packages/airflow/example_dags/example_nested_branch_dag.py took 0.081 seconds
