[2023-09-14T17:12:14.115+0100] {processor.py:157} INFO - Started process (PID=24314) to work on /home/joestar/Documents/projects/airflow_etl/airflow_env/lib/python3.8/site-packages/airflow/example_dags/example_setup_teardown_taskflow.py
[2023-09-14T17:12:14.116+0100] {processor.py:829} INFO - Processing file /home/joestar/Documents/projects/airflow_etl/airflow_env/lib/python3.8/site-packages/airflow/example_dags/example_setup_teardown_taskflow.py for tasks to queue
[2023-09-14T17:12:14.116+0100] {logging_mixin.py:151} INFO - [2023-09-14T17:12:14.116+0100] {dagbag.py:539} INFO - Filling up the DagBag from /home/joestar/Documents/projects/airflow_etl/airflow_env/lib/python3.8/site-packages/airflow/example_dags/example_setup_teardown_taskflow.py
[2023-09-14T17:12:14.126+0100] {processor.py:839} INFO - DAG(s) dict_keys(['example_setup_teardown_taskflow']) retrieved from /home/joestar/Documents/projects/airflow_etl/airflow_env/lib/python3.8/site-packages/airflow/example_dags/example_setup_teardown_taskflow.py
[2023-09-14T17:12:14.226+0100] {logging_mixin.py:151} INFO - [2023-09-14T17:12:14.225+0100] {manager.py:499} INFO - Created Permission View: %s
[2023-09-14T17:12:14.246+0100] {logging_mixin.py:151} INFO - [2023-09-14T17:12:14.245+0100] {manager.py:499} INFO - Created Permission View: %s
[2023-09-14T17:12:14.277+0100] {logging_mixin.py:151} INFO - [2023-09-14T17:12:14.276+0100] {manager.py:499} INFO - Created Permission View: %s
[2023-09-14T17:12:14.277+0100] {logging_mixin.py:151} INFO - [2023-09-14T17:12:14.277+0100] {security.py:708} INFO - Not syncing DAG-level permissions for DAG 'DAG:example_setup_teardown_taskflow' as access control is unset.
[2023-09-14T17:12:14.277+0100] {logging_mixin.py:151} INFO - [2023-09-14T17:12:14.277+0100] {dag.py:2915} INFO - Sync 1 DAGs
[2023-09-14T17:12:14.291+0100] {logging_mixin.py:151} INFO - [2023-09-14T17:12:14.290+0100] {dag.py:2937} INFO - Creating ORM DAG for example_setup_teardown_taskflow
[2023-09-14T17:12:14.299+0100] {logging_mixin.py:151} INFO - [2023-09-14T17:12:14.299+0100] {dag.py:3696} INFO - Setting next_dagrun for example_setup_teardown_taskflow to 2023-09-13T16:12:14.299289+00:00, run_after=2023-09-14T16:12:14.299289+00:00
[2023-09-14T17:12:14.352+0100] {processor.py:179} INFO - Processing /home/joestar/Documents/projects/airflow_etl/airflow_env/lib/python3.8/site-packages/airflow/example_dags/example_setup_teardown_taskflow.py took 0.240 seconds
[2023-09-14T17:13:07.914+0100] {processor.py:157} INFO - Started process (PID=24733) to work on /home/joestar/Documents/projects/airflow_etl/airflow_env/lib/python3.8/site-packages/airflow/example_dags/example_setup_teardown_taskflow.py
[2023-09-14T17:13:07.916+0100] {processor.py:829} INFO - Processing file /home/joestar/Documents/projects/airflow_etl/airflow_env/lib/python3.8/site-packages/airflow/example_dags/example_setup_teardown_taskflow.py for tasks to queue
[2023-09-14T17:13:07.917+0100] {logging_mixin.py:151} INFO - [2023-09-14T17:13:07.916+0100] {dagbag.py:539} INFO - Filling up the DagBag from /home/joestar/Documents/projects/airflow_etl/airflow_env/lib/python3.8/site-packages/airflow/example_dags/example_setup_teardown_taskflow.py
[2023-09-14T17:13:07.930+0100] {processor.py:839} INFO - DAG(s) dict_keys(['example_setup_teardown_taskflow']) retrieved from /home/joestar/Documents/projects/airflow_etl/airflow_env/lib/python3.8/site-packages/airflow/example_dags/example_setup_teardown_taskflow.py
[2023-09-14T17:13:07.960+0100] {logging_mixin.py:151} INFO - [2023-09-14T17:13:07.960+0100] {dag.py:2915} INFO - Sync 1 DAGs
[2023-09-14T17:13:07.982+0100] {logging_mixin.py:151} INFO - [2023-09-14T17:13:07.982+0100] {dag.py:3696} INFO - Setting next_dagrun for example_setup_teardown_taskflow to 2023-09-13T16:13:07.982257+00:00, run_after=2023-09-14T16:13:07.982257+00:00
[2023-09-14T17:13:08.012+0100] {processor.py:179} INFO - Processing /home/joestar/Documents/projects/airflow_etl/airflow_env/lib/python3.8/site-packages/airflow/example_dags/example_setup_teardown_taskflow.py took 0.102 seconds
[2023-09-14T17:13:56.519+0100] {processor.py:157} INFO - Started process (PID=25064) to work on /home/joestar/Documents/projects/airflow_etl/airflow_env/lib/python3.8/site-packages/airflow/example_dags/example_setup_teardown_taskflow.py
[2023-09-14T17:13:56.521+0100] {processor.py:829} INFO - Processing file /home/joestar/Documents/projects/airflow_etl/airflow_env/lib/python3.8/site-packages/airflow/example_dags/example_setup_teardown_taskflow.py for tasks to queue
[2023-09-14T17:13:56.523+0100] {logging_mixin.py:151} INFO - [2023-09-14T17:13:56.522+0100] {dagbag.py:539} INFO - Filling up the DagBag from /home/joestar/Documents/projects/airflow_etl/airflow_env/lib/python3.8/site-packages/airflow/example_dags/example_setup_teardown_taskflow.py
[2023-09-14T17:13:56.540+0100] {processor.py:839} INFO - DAG(s) dict_keys(['example_setup_teardown_taskflow']) retrieved from /home/joestar/Documents/projects/airflow_etl/airflow_env/lib/python3.8/site-packages/airflow/example_dags/example_setup_teardown_taskflow.py
[2023-09-14T17:13:56.557+0100] {logging_mixin.py:151} INFO - [2023-09-14T17:13:56.557+0100] {dag.py:2915} INFO - Sync 1 DAGs
[2023-09-14T17:13:56.574+0100] {logging_mixin.py:151} INFO - [2023-09-14T17:13:56.574+0100] {dag.py:3696} INFO - Setting next_dagrun for example_setup_teardown_taskflow to 2023-09-13T16:13:56.574207+00:00, run_after=2023-09-14T16:13:56.574207+00:00
[2023-09-14T17:13:56.607+0100] {processor.py:179} INFO - Processing /home/joestar/Documents/projects/airflow_etl/airflow_env/lib/python3.8/site-packages/airflow/example_dags/example_setup_teardown_taskflow.py took 0.093 seconds
[2023-09-14T17:14:42.172+0100] {processor.py:157} INFO - Started process (PID=25395) to work on /home/joestar/Documents/projects/airflow_etl/airflow_env/lib/python3.8/site-packages/airflow/example_dags/example_setup_teardown_taskflow.py
[2023-09-14T17:14:42.174+0100] {processor.py:829} INFO - Processing file /home/joestar/Documents/projects/airflow_etl/airflow_env/lib/python3.8/site-packages/airflow/example_dags/example_setup_teardown_taskflow.py for tasks to queue
[2023-09-14T17:14:42.176+0100] {logging_mixin.py:151} INFO - [2023-09-14T17:14:42.176+0100] {dagbag.py:539} INFO - Filling up the DagBag from /home/joestar/Documents/projects/airflow_etl/airflow_env/lib/python3.8/site-packages/airflow/example_dags/example_setup_teardown_taskflow.py
[2023-09-14T17:14:42.191+0100] {processor.py:839} INFO - DAG(s) dict_keys(['example_setup_teardown_taskflow']) retrieved from /home/joestar/Documents/projects/airflow_etl/airflow_env/lib/python3.8/site-packages/airflow/example_dags/example_setup_teardown_taskflow.py
[2023-09-14T17:14:42.207+0100] {logging_mixin.py:151} INFO - [2023-09-14T17:14:42.206+0100] {dag.py:2915} INFO - Sync 1 DAGs
[2023-09-14T17:14:42.224+0100] {logging_mixin.py:151} INFO - [2023-09-14T17:14:42.224+0100] {dag.py:3696} INFO - Setting next_dagrun for example_setup_teardown_taskflow to 2023-09-13T16:14:42.224216+00:00, run_after=2023-09-14T16:14:42.224216+00:00
[2023-09-14T17:14:42.261+0100] {processor.py:179} INFO - Processing /home/joestar/Documents/projects/airflow_etl/airflow_env/lib/python3.8/site-packages/airflow/example_dags/example_setup_teardown_taskflow.py took 0.098 seconds
[2023-09-14T17:15:37.395+0100] {processor.py:157} INFO - Started process (PID=25960) to work on /home/joestar/Documents/projects/airflow_etl/airflow_env/lib/python3.8/site-packages/airflow/example_dags/example_setup_teardown_taskflow.py
[2023-09-14T17:15:37.396+0100] {processor.py:829} INFO - Processing file /home/joestar/Documents/projects/airflow_etl/airflow_env/lib/python3.8/site-packages/airflow/example_dags/example_setup_teardown_taskflow.py for tasks to queue
[2023-09-14T17:15:37.398+0100] {logging_mixin.py:151} INFO - [2023-09-14T17:15:37.397+0100] {dagbag.py:539} INFO - Filling up the DagBag from /home/joestar/Documents/projects/airflow_etl/airflow_env/lib/python3.8/site-packages/airflow/example_dags/example_setup_teardown_taskflow.py
[2023-09-14T17:15:37.415+0100] {processor.py:839} INFO - DAG(s) dict_keys(['example_setup_teardown_taskflow']) retrieved from /home/joestar/Documents/projects/airflow_etl/airflow_env/lib/python3.8/site-packages/airflow/example_dags/example_setup_teardown_taskflow.py
[2023-09-14T17:15:37.442+0100] {logging_mixin.py:151} INFO - [2023-09-14T17:15:37.442+0100] {dag.py:2915} INFO - Sync 1 DAGs
[2023-09-14T17:15:37.473+0100] {logging_mixin.py:151} INFO - [2023-09-14T17:15:37.473+0100] {dag.py:3696} INFO - Setting next_dagrun for example_setup_teardown_taskflow to 2023-09-13T16:15:37.473042+00:00, run_after=2023-09-14T16:15:37.473042+00:00
[2023-09-14T17:15:37.511+0100] {processor.py:179} INFO - Processing /home/joestar/Documents/projects/airflow_etl/airflow_env/lib/python3.8/site-packages/airflow/example_dags/example_setup_teardown_taskflow.py took 0.120 seconds
[2023-09-14T17:16:31.416+0100] {processor.py:157} INFO - Started process (PID=26211) to work on /home/joestar/Documents/projects/airflow_etl/airflow_env/lib/python3.8/site-packages/airflow/example_dags/example_setup_teardown_taskflow.py
[2023-09-14T17:16:31.417+0100] {processor.py:829} INFO - Processing file /home/joestar/Documents/projects/airflow_etl/airflow_env/lib/python3.8/site-packages/airflow/example_dags/example_setup_teardown_taskflow.py for tasks to queue
[2023-09-14T17:16:31.418+0100] {logging_mixin.py:151} INFO - [2023-09-14T17:16:31.418+0100] {dagbag.py:539} INFO - Filling up the DagBag from /home/joestar/Documents/projects/airflow_etl/airflow_env/lib/python3.8/site-packages/airflow/example_dags/example_setup_teardown_taskflow.py
[2023-09-14T17:16:31.427+0100] {processor.py:839} INFO - DAG(s) dict_keys(['example_setup_teardown_taskflow']) retrieved from /home/joestar/Documents/projects/airflow_etl/airflow_env/lib/python3.8/site-packages/airflow/example_dags/example_setup_teardown_taskflow.py
[2023-09-14T17:16:31.442+0100] {logging_mixin.py:151} INFO - [2023-09-14T17:16:31.442+0100] {dag.py:2915} INFO - Sync 1 DAGs
[2023-09-14T17:16:31.460+0100] {logging_mixin.py:151} INFO - [2023-09-14T17:16:31.460+0100] {dag.py:3696} INFO - Setting next_dagrun for example_setup_teardown_taskflow to 2023-09-13T16:16:31.460548+00:00, run_after=2023-09-14T16:16:31.460548+00:00
[2023-09-14T17:16:31.485+0100] {processor.py:179} INFO - Processing /home/joestar/Documents/projects/airflow_etl/airflow_env/lib/python3.8/site-packages/airflow/example_dags/example_setup_teardown_taskflow.py took 0.072 seconds
[2023-09-14T17:17:21.381+0100] {processor.py:157} INFO - Started process (PID=26457) to work on /home/joestar/Documents/projects/airflow_etl/airflow_env/lib/python3.8/site-packages/airflow/example_dags/example_setup_teardown_taskflow.py
[2023-09-14T17:17:21.382+0100] {processor.py:829} INFO - Processing file /home/joestar/Documents/projects/airflow_etl/airflow_env/lib/python3.8/site-packages/airflow/example_dags/example_setup_teardown_taskflow.py for tasks to queue
[2023-09-14T17:17:21.383+0100] {logging_mixin.py:151} INFO - [2023-09-14T17:17:21.383+0100] {dagbag.py:539} INFO - Filling up the DagBag from /home/joestar/Documents/projects/airflow_etl/airflow_env/lib/python3.8/site-packages/airflow/example_dags/example_setup_teardown_taskflow.py
[2023-09-14T17:17:21.393+0100] {processor.py:839} INFO - DAG(s) dict_keys(['example_setup_teardown_taskflow']) retrieved from /home/joestar/Documents/projects/airflow_etl/airflow_env/lib/python3.8/site-packages/airflow/example_dags/example_setup_teardown_taskflow.py
[2023-09-14T17:17:21.410+0100] {logging_mixin.py:151} INFO - [2023-09-14T17:17:21.409+0100] {dag.py:2915} INFO - Sync 1 DAGs
[2023-09-14T17:17:21.435+0100] {logging_mixin.py:151} INFO - [2023-09-14T17:17:21.434+0100] {dag.py:3696} INFO - Setting next_dagrun for example_setup_teardown_taskflow to 2023-09-13T16:17:21.434576+00:00, run_after=2023-09-14T16:17:21.434576+00:00
[2023-09-14T17:17:21.462+0100] {processor.py:179} INFO - Processing /home/joestar/Documents/projects/airflow_etl/airflow_env/lib/python3.8/site-packages/airflow/example_dags/example_setup_teardown_taskflow.py took 0.083 seconds
[2023-09-14T17:18:10.967+0100] {processor.py:157} INFO - Started process (PID=26742) to work on /home/joestar/Documents/projects/airflow_etl/airflow_env/lib/python3.8/site-packages/airflow/example_dags/example_setup_teardown_taskflow.py
[2023-09-14T17:18:10.968+0100] {processor.py:829} INFO - Processing file /home/joestar/Documents/projects/airflow_etl/airflow_env/lib/python3.8/site-packages/airflow/example_dags/example_setup_teardown_taskflow.py for tasks to queue
[2023-09-14T17:18:10.970+0100] {logging_mixin.py:151} INFO - [2023-09-14T17:18:10.969+0100] {dagbag.py:539} INFO - Filling up the DagBag from /home/joestar/Documents/projects/airflow_etl/airflow_env/lib/python3.8/site-packages/airflow/example_dags/example_setup_teardown_taskflow.py
[2023-09-14T17:18:10.983+0100] {processor.py:839} INFO - DAG(s) dict_keys(['example_setup_teardown_taskflow']) retrieved from /home/joestar/Documents/projects/airflow_etl/airflow_env/lib/python3.8/site-packages/airflow/example_dags/example_setup_teardown_taskflow.py
[2023-09-14T17:18:11.006+0100] {logging_mixin.py:151} INFO - [2023-09-14T17:18:11.006+0100] {dag.py:2915} INFO - Sync 1 DAGs
[2023-09-14T17:18:11.031+0100] {logging_mixin.py:151} INFO - [2023-09-14T17:18:11.031+0100] {dag.py:3696} INFO - Setting next_dagrun for example_setup_teardown_taskflow to 2023-09-13T16:18:11.031308+00:00, run_after=2023-09-14T16:18:11.031308+00:00
[2023-09-14T17:18:11.062+0100] {processor.py:179} INFO - Processing /home/joestar/Documents/projects/airflow_etl/airflow_env/lib/python3.8/site-packages/airflow/example_dags/example_setup_teardown_taskflow.py took 0.098 seconds
[2023-09-14T17:19:05.035+0100] {processor.py:157} INFO - Started process (PID=27201) to work on /home/joestar/Documents/projects/airflow_etl/airflow_env/lib/python3.8/site-packages/airflow/example_dags/example_setup_teardown_taskflow.py
[2023-09-14T17:19:05.036+0100] {processor.py:829} INFO - Processing file /home/joestar/Documents/projects/airflow_etl/airflow_env/lib/python3.8/site-packages/airflow/example_dags/example_setup_teardown_taskflow.py for tasks to queue
[2023-09-14T17:19:05.037+0100] {logging_mixin.py:151} INFO - [2023-09-14T17:19:05.036+0100] {dagbag.py:539} INFO - Filling up the DagBag from /home/joestar/Documents/projects/airflow_etl/airflow_env/lib/python3.8/site-packages/airflow/example_dags/example_setup_teardown_taskflow.py
[2023-09-14T17:19:05.046+0100] {processor.py:839} INFO - DAG(s) dict_keys(['example_setup_teardown_taskflow']) retrieved from /home/joestar/Documents/projects/airflow_etl/airflow_env/lib/python3.8/site-packages/airflow/example_dags/example_setup_teardown_taskflow.py
[2023-09-14T17:19:05.062+0100] {logging_mixin.py:151} INFO - [2023-09-14T17:19:05.062+0100] {dag.py:2915} INFO - Sync 1 DAGs
[2023-09-14T17:19:05.081+0100] {logging_mixin.py:151} INFO - [2023-09-14T17:19:05.081+0100] {dag.py:3696} INFO - Setting next_dagrun for example_setup_teardown_taskflow to 2023-09-13T16:19:05.080992+00:00, run_after=2023-09-14T16:19:05.080992+00:00
[2023-09-14T17:19:05.105+0100] {processor.py:179} INFO - Processing /home/joestar/Documents/projects/airflow_etl/airflow_env/lib/python3.8/site-packages/airflow/example_dags/example_setup_teardown_taskflow.py took 0.073 seconds
[2023-09-14T17:19:45.908+0100] {processor.py:157} INFO - Started process (PID=27391) to work on /home/joestar/Documents/projects/airflow_etl/airflow_env/lib/python3.8/site-packages/airflow/example_dags/example_setup_teardown_taskflow.py
[2023-09-14T17:19:45.909+0100] {processor.py:829} INFO - Processing file /home/joestar/Documents/projects/airflow_etl/airflow_env/lib/python3.8/site-packages/airflow/example_dags/example_setup_teardown_taskflow.py for tasks to queue
[2023-09-14T17:19:45.910+0100] {logging_mixin.py:151} INFO - [2023-09-14T17:19:45.909+0100] {dagbag.py:539} INFO - Filling up the DagBag from /home/joestar/Documents/projects/airflow_etl/airflow_env/lib/python3.8/site-packages/airflow/example_dags/example_setup_teardown_taskflow.py
[2023-09-14T17:19:45.919+0100] {processor.py:839} INFO - DAG(s) dict_keys(['example_setup_teardown_taskflow']) retrieved from /home/joestar/Documents/projects/airflow_etl/airflow_env/lib/python3.8/site-packages/airflow/example_dags/example_setup_teardown_taskflow.py
[2023-09-14T17:19:45.935+0100] {logging_mixin.py:151} INFO - [2023-09-14T17:19:45.934+0100] {dag.py:2915} INFO - Sync 1 DAGs
[2023-09-14T17:19:45.953+0100] {logging_mixin.py:151} INFO - [2023-09-14T17:19:45.953+0100] {dag.py:3696} INFO - Setting next_dagrun for example_setup_teardown_taskflow to 2023-09-13T16:19:45.953247+00:00, run_after=2023-09-14T16:19:45.953247+00:00
[2023-09-14T17:19:45.978+0100] {processor.py:179} INFO - Processing /home/joestar/Documents/projects/airflow_etl/airflow_env/lib/python3.8/site-packages/airflow/example_dags/example_setup_teardown_taskflow.py took 0.073 seconds
[2023-09-14T17:20:36.493+0100] {processor.py:157} INFO - Started process (PID=27594) to work on /home/joestar/Documents/projects/airflow_etl/airflow_env/lib/python3.8/site-packages/airflow/example_dags/example_setup_teardown_taskflow.py
[2023-09-14T17:20:36.494+0100] {processor.py:829} INFO - Processing file /home/joestar/Documents/projects/airflow_etl/airflow_env/lib/python3.8/site-packages/airflow/example_dags/example_setup_teardown_taskflow.py for tasks to queue
[2023-09-14T17:20:36.495+0100] {logging_mixin.py:151} INFO - [2023-09-14T17:20:36.495+0100] {dagbag.py:539} INFO - Filling up the DagBag from /home/joestar/Documents/projects/airflow_etl/airflow_env/lib/python3.8/site-packages/airflow/example_dags/example_setup_teardown_taskflow.py
[2023-09-14T17:20:36.509+0100] {processor.py:839} INFO - DAG(s) dict_keys(['example_setup_teardown_taskflow']) retrieved from /home/joestar/Documents/projects/airflow_etl/airflow_env/lib/python3.8/site-packages/airflow/example_dags/example_setup_teardown_taskflow.py
[2023-09-14T17:20:36.529+0100] {logging_mixin.py:151} INFO - [2023-09-14T17:20:36.528+0100] {dag.py:2915} INFO - Sync 1 DAGs
[2023-09-14T17:20:36.562+0100] {logging_mixin.py:151} INFO - [2023-09-14T17:20:36.561+0100] {dag.py:3696} INFO - Setting next_dagrun for example_setup_teardown_taskflow to 2023-09-13T16:20:36.560809+00:00, run_after=2023-09-14T16:20:36.560809+00:00
[2023-09-14T17:20:36.596+0100] {processor.py:179} INFO - Processing /home/joestar/Documents/projects/airflow_etl/airflow_env/lib/python3.8/site-packages/airflow/example_dags/example_setup_teardown_taskflow.py took 0.107 seconds
[2023-09-14T17:21:27.565+0100] {processor.py:157} INFO - Started process (PID=27827) to work on /home/joestar/Documents/projects/airflow_etl/airflow_env/lib/python3.8/site-packages/airflow/example_dags/example_setup_teardown_taskflow.py
[2023-09-14T17:21:27.566+0100] {processor.py:829} INFO - Processing file /home/joestar/Documents/projects/airflow_etl/airflow_env/lib/python3.8/site-packages/airflow/example_dags/example_setup_teardown_taskflow.py for tasks to queue
[2023-09-14T17:21:27.567+0100] {logging_mixin.py:151} INFO - [2023-09-14T17:21:27.567+0100] {dagbag.py:539} INFO - Filling up the DagBag from /home/joestar/Documents/projects/airflow_etl/airflow_env/lib/python3.8/site-packages/airflow/example_dags/example_setup_teardown_taskflow.py
[2023-09-14T17:21:27.582+0100] {processor.py:839} INFO - DAG(s) dict_keys(['example_setup_teardown_taskflow']) retrieved from /home/joestar/Documents/projects/airflow_etl/airflow_env/lib/python3.8/site-packages/airflow/example_dags/example_setup_teardown_taskflow.py
[2023-09-14T17:21:27.604+0100] {logging_mixin.py:151} INFO - [2023-09-14T17:21:27.604+0100] {dag.py:2915} INFO - Sync 1 DAGs
[2023-09-14T17:21:27.634+0100] {logging_mixin.py:151} INFO - [2023-09-14T17:21:27.634+0100] {dag.py:3696} INFO - Setting next_dagrun for example_setup_teardown_taskflow to 2023-09-13T16:21:27.634317+00:00, run_after=2023-09-14T16:21:27.634317+00:00
[2023-09-14T17:21:27.672+0100] {processor.py:179} INFO - Processing /home/joestar/Documents/projects/airflow_etl/airflow_env/lib/python3.8/site-packages/airflow/example_dags/example_setup_teardown_taskflow.py took 0.109 seconds
[2023-09-14T17:22:05.844+0100] {processor.py:157} INFO - Started process (PID=27981) to work on /home/joestar/Documents/projects/airflow_etl/airflow_env/lib/python3.8/site-packages/airflow/example_dags/example_setup_teardown_taskflow.py
[2023-09-14T17:22:05.845+0100] {processor.py:829} INFO - Processing file /home/joestar/Documents/projects/airflow_etl/airflow_env/lib/python3.8/site-packages/airflow/example_dags/example_setup_teardown_taskflow.py for tasks to queue
[2023-09-14T17:22:05.846+0100] {logging_mixin.py:151} INFO - [2023-09-14T17:22:05.846+0100] {dagbag.py:539} INFO - Filling up the DagBag from /home/joestar/Documents/projects/airflow_etl/airflow_env/lib/python3.8/site-packages/airflow/example_dags/example_setup_teardown_taskflow.py
[2023-09-14T17:22:05.856+0100] {processor.py:839} INFO - DAG(s) dict_keys(['example_setup_teardown_taskflow']) retrieved from /home/joestar/Documents/projects/airflow_etl/airflow_env/lib/python3.8/site-packages/airflow/example_dags/example_setup_teardown_taskflow.py
[2023-09-14T17:22:05.871+0100] {logging_mixin.py:151} INFO - [2023-09-14T17:22:05.871+0100] {dag.py:2915} INFO - Sync 1 DAGs
[2023-09-14T17:22:05.890+0100] {logging_mixin.py:151} INFO - [2023-09-14T17:22:05.890+0100] {dag.py:3696} INFO - Setting next_dagrun for example_setup_teardown_taskflow to 2023-09-13T16:22:05.890511+00:00, run_after=2023-09-14T16:22:05.890511+00:00
[2023-09-14T17:22:05.920+0100] {processor.py:179} INFO - Processing /home/joestar/Documents/projects/airflow_etl/airflow_env/lib/python3.8/site-packages/airflow/example_dags/example_setup_teardown_taskflow.py took 0.080 seconds
[2023-09-14T17:22:59.654+0100] {processor.py:157} INFO - Started process (PID=28227) to work on /home/joestar/Documents/projects/airflow_etl/airflow_env/lib/python3.8/site-packages/airflow/example_dags/example_setup_teardown_taskflow.py
[2023-09-14T17:22:59.654+0100] {processor.py:829} INFO - Processing file /home/joestar/Documents/projects/airflow_etl/airflow_env/lib/python3.8/site-packages/airflow/example_dags/example_setup_teardown_taskflow.py for tasks to queue
[2023-09-14T17:22:59.655+0100] {logging_mixin.py:151} INFO - [2023-09-14T17:22:59.655+0100] {dagbag.py:539} INFO - Filling up the DagBag from /home/joestar/Documents/projects/airflow_etl/airflow_env/lib/python3.8/site-packages/airflow/example_dags/example_setup_teardown_taskflow.py
[2023-09-14T17:22:59.665+0100] {processor.py:839} INFO - DAG(s) dict_keys(['example_setup_teardown_taskflow']) retrieved from /home/joestar/Documents/projects/airflow_etl/airflow_env/lib/python3.8/site-packages/airflow/example_dags/example_setup_teardown_taskflow.py
[2023-09-14T17:22:59.682+0100] {logging_mixin.py:151} INFO - [2023-09-14T17:22:59.682+0100] {dag.py:2915} INFO - Sync 1 DAGs
[2023-09-14T17:22:59.703+0100] {logging_mixin.py:151} INFO - [2023-09-14T17:22:59.703+0100] {dag.py:3696} INFO - Setting next_dagrun for example_setup_teardown_taskflow to 2023-09-13T16:22:59.703041+00:00, run_after=2023-09-14T16:22:59.703041+00:00
[2023-09-14T17:22:59.733+0100] {processor.py:179} INFO - Processing /home/joestar/Documents/projects/airflow_etl/airflow_env/lib/python3.8/site-packages/airflow/example_dags/example_setup_teardown_taskflow.py took 0.082 seconds
[2023-09-14T17:23:55.673+0100] {processor.py:157} INFO - Started process (PID=28485) to work on /home/joestar/Documents/projects/airflow_etl/airflow_env/lib/python3.8/site-packages/airflow/example_dags/example_setup_teardown_taskflow.py
[2023-09-14T17:23:55.674+0100] {processor.py:829} INFO - Processing file /home/joestar/Documents/projects/airflow_etl/airflow_env/lib/python3.8/site-packages/airflow/example_dags/example_setup_teardown_taskflow.py for tasks to queue
[2023-09-14T17:23:55.675+0100] {logging_mixin.py:151} INFO - [2023-09-14T17:23:55.675+0100] {dagbag.py:539} INFO - Filling up the DagBag from /home/joestar/Documents/projects/airflow_etl/airflow_env/lib/python3.8/site-packages/airflow/example_dags/example_setup_teardown_taskflow.py
[2023-09-14T17:23:55.691+0100] {processor.py:839} INFO - DAG(s) dict_keys(['example_setup_teardown_taskflow']) retrieved from /home/joestar/Documents/projects/airflow_etl/airflow_env/lib/python3.8/site-packages/airflow/example_dags/example_setup_teardown_taskflow.py
[2023-09-14T17:23:55.717+0100] {logging_mixin.py:151} INFO - [2023-09-14T17:23:55.716+0100] {dag.py:2915} INFO - Sync 1 DAGs
[2023-09-14T17:23:55.744+0100] {logging_mixin.py:151} INFO - [2023-09-14T17:23:55.744+0100] {dag.py:3696} INFO - Setting next_dagrun for example_setup_teardown_taskflow to 2023-09-13T16:23:55.743860+00:00, run_after=2023-09-14T16:23:55.743860+00:00
[2023-09-14T17:23:55.779+0100] {processor.py:179} INFO - Processing /home/joestar/Documents/projects/airflow_etl/airflow_env/lib/python3.8/site-packages/airflow/example_dags/example_setup_teardown_taskflow.py took 0.109 seconds
[2023-09-14T17:24:37.406+0100] {processor.py:157} INFO - Started process (PID=28650) to work on /home/joestar/Documents/projects/airflow_etl/airflow_env/lib/python3.8/site-packages/airflow/example_dags/example_setup_teardown_taskflow.py
[2023-09-14T17:24:37.408+0100] {processor.py:829} INFO - Processing file /home/joestar/Documents/projects/airflow_etl/airflow_env/lib/python3.8/site-packages/airflow/example_dags/example_setup_teardown_taskflow.py for tasks to queue
[2023-09-14T17:24:37.409+0100] {logging_mixin.py:151} INFO - [2023-09-14T17:24:37.409+0100] {dagbag.py:539} INFO - Filling up the DagBag from /home/joestar/Documents/projects/airflow_etl/airflow_env/lib/python3.8/site-packages/airflow/example_dags/example_setup_teardown_taskflow.py
[2023-09-14T17:24:37.426+0100] {processor.py:839} INFO - DAG(s) dict_keys(['example_setup_teardown_taskflow']) retrieved from /home/joestar/Documents/projects/airflow_etl/airflow_env/lib/python3.8/site-packages/airflow/example_dags/example_setup_teardown_taskflow.py
[2023-09-14T17:24:37.452+0100] {logging_mixin.py:151} INFO - [2023-09-14T17:24:37.451+0100] {dag.py:2915} INFO - Sync 1 DAGs
[2023-09-14T17:24:37.482+0100] {logging_mixin.py:151} INFO - [2023-09-14T17:24:37.482+0100] {dag.py:3696} INFO - Setting next_dagrun for example_setup_teardown_taskflow to 2023-09-13T16:24:37.482087+00:00, run_after=2023-09-14T16:24:37.482087+00:00
[2023-09-14T17:24:37.515+0100] {processor.py:179} INFO - Processing /home/joestar/Documents/projects/airflow_etl/airflow_env/lib/python3.8/site-packages/airflow/example_dags/example_setup_teardown_taskflow.py took 0.112 seconds
[2023-09-14T17:25:34.186+0100] {processor.py:157} INFO - Started process (PID=28877) to work on /home/joestar/Documents/projects/airflow_etl/airflow_env/lib/python3.8/site-packages/airflow/example_dags/example_setup_teardown_taskflow.py
[2023-09-14T17:25:34.187+0100] {processor.py:829} INFO - Processing file /home/joestar/Documents/projects/airflow_etl/airflow_env/lib/python3.8/site-packages/airflow/example_dags/example_setup_teardown_taskflow.py for tasks to queue
[2023-09-14T17:25:34.188+0100] {logging_mixin.py:151} INFO - [2023-09-14T17:25:34.187+0100] {dagbag.py:539} INFO - Filling up the DagBag from /home/joestar/Documents/projects/airflow_etl/airflow_env/lib/python3.8/site-packages/airflow/example_dags/example_setup_teardown_taskflow.py
[2023-09-14T17:25:34.198+0100] {processor.py:839} INFO - DAG(s) dict_keys(['example_setup_teardown_taskflow']) retrieved from /home/joestar/Documents/projects/airflow_etl/airflow_env/lib/python3.8/site-packages/airflow/example_dags/example_setup_teardown_taskflow.py
[2023-09-14T17:25:34.214+0100] {logging_mixin.py:151} INFO - [2023-09-14T17:25:34.214+0100] {dag.py:2915} INFO - Sync 1 DAGs
[2023-09-14T17:25:34.232+0100] {logging_mixin.py:151} INFO - [2023-09-14T17:25:34.232+0100] {dag.py:3696} INFO - Setting next_dagrun for example_setup_teardown_taskflow to 2023-09-13T16:25:34.232539+00:00, run_after=2023-09-14T16:25:34.232539+00:00
[2023-09-14T17:25:34.256+0100] {processor.py:179} INFO - Processing /home/joestar/Documents/projects/airflow_etl/airflow_env/lib/python3.8/site-packages/airflow/example_dags/example_setup_teardown_taskflow.py took 0.074 seconds
[2023-09-14T17:26:28.633+0100] {processor.py:157} INFO - Started process (PID=29120) to work on /home/joestar/Documents/projects/airflow_etl/airflow_env/lib/python3.8/site-packages/airflow/example_dags/example_setup_teardown_taskflow.py
[2023-09-14T17:26:28.634+0100] {processor.py:829} INFO - Processing file /home/joestar/Documents/projects/airflow_etl/airflow_env/lib/python3.8/site-packages/airflow/example_dags/example_setup_teardown_taskflow.py for tasks to queue
[2023-09-14T17:26:28.635+0100] {logging_mixin.py:151} INFO - [2023-09-14T17:26:28.635+0100] {dagbag.py:539} INFO - Filling up the DagBag from /home/joestar/Documents/projects/airflow_etl/airflow_env/lib/python3.8/site-packages/airflow/example_dags/example_setup_teardown_taskflow.py
[2023-09-14T17:26:28.644+0100] {processor.py:839} INFO - DAG(s) dict_keys(['example_setup_teardown_taskflow']) retrieved from /home/joestar/Documents/projects/airflow_etl/airflow_env/lib/python3.8/site-packages/airflow/example_dags/example_setup_teardown_taskflow.py
[2023-09-14T17:26:28.659+0100] {logging_mixin.py:151} INFO - [2023-09-14T17:26:28.659+0100] {dag.py:2915} INFO - Sync 1 DAGs
[2023-09-14T17:26:28.677+0100] {logging_mixin.py:151} INFO - [2023-09-14T17:26:28.677+0100] {dag.py:3696} INFO - Setting next_dagrun for example_setup_teardown_taskflow to 2023-09-13T16:26:28.677355+00:00, run_after=2023-09-14T16:26:28.677355+00:00
[2023-09-14T17:26:28.706+0100] {processor.py:179} INFO - Processing /home/joestar/Documents/projects/airflow_etl/airflow_env/lib/python3.8/site-packages/airflow/example_dags/example_setup_teardown_taskflow.py took 0.075 seconds
[2023-09-14T17:27:20.115+0100] {processor.py:157} INFO - Started process (PID=29354) to work on /home/joestar/Documents/projects/airflow_etl/airflow_env/lib/python3.8/site-packages/airflow/example_dags/example_setup_teardown_taskflow.py
[2023-09-14T17:27:20.116+0100] {processor.py:829} INFO - Processing file /home/joestar/Documents/projects/airflow_etl/airflow_env/lib/python3.8/site-packages/airflow/example_dags/example_setup_teardown_taskflow.py for tasks to queue
[2023-09-14T17:27:20.117+0100] {logging_mixin.py:151} INFO - [2023-09-14T17:27:20.117+0100] {dagbag.py:539} INFO - Filling up the DagBag from /home/joestar/Documents/projects/airflow_etl/airflow_env/lib/python3.8/site-packages/airflow/example_dags/example_setup_teardown_taskflow.py
[2023-09-14T17:27:20.132+0100] {processor.py:839} INFO - DAG(s) dict_keys(['example_setup_teardown_taskflow']) retrieved from /home/joestar/Documents/projects/airflow_etl/airflow_env/lib/python3.8/site-packages/airflow/example_dags/example_setup_teardown_taskflow.py
[2023-09-14T17:27:20.151+0100] {logging_mixin.py:151} INFO - [2023-09-14T17:27:20.151+0100] {dag.py:2915} INFO - Sync 1 DAGs
[2023-09-14T17:27:20.180+0100] {logging_mixin.py:151} INFO - [2023-09-14T17:27:20.180+0100] {dag.py:3696} INFO - Setting next_dagrun for example_setup_teardown_taskflow to 2023-09-13T16:27:20.180363+00:00, run_after=2023-09-14T16:27:20.180363+00:00
[2023-09-14T17:27:20.211+0100] {processor.py:179} INFO - Processing /home/joestar/Documents/projects/airflow_etl/airflow_env/lib/python3.8/site-packages/airflow/example_dags/example_setup_teardown_taskflow.py took 0.099 seconds
[2023-09-14T17:28:16.402+0100] {processor.py:157} INFO - Started process (PID=29606) to work on /home/joestar/Documents/projects/airflow_etl/airflow_env/lib/python3.8/site-packages/airflow/example_dags/example_setup_teardown_taskflow.py
[2023-09-14T17:28:16.405+0100] {processor.py:829} INFO - Processing file /home/joestar/Documents/projects/airflow_etl/airflow_env/lib/python3.8/site-packages/airflow/example_dags/example_setup_teardown_taskflow.py for tasks to queue
[2023-09-14T17:28:16.407+0100] {logging_mixin.py:151} INFO - [2023-09-14T17:28:16.406+0100] {dagbag.py:539} INFO - Filling up the DagBag from /home/joestar/Documents/projects/airflow_etl/airflow_env/lib/python3.8/site-packages/airflow/example_dags/example_setup_teardown_taskflow.py
[2023-09-14T17:28:16.431+0100] {processor.py:839} INFO - DAG(s) dict_keys(['example_setup_teardown_taskflow']) retrieved from /home/joestar/Documents/projects/airflow_etl/airflow_env/lib/python3.8/site-packages/airflow/example_dags/example_setup_teardown_taskflow.py
[2023-09-14T17:28:16.452+0100] {logging_mixin.py:151} INFO - [2023-09-14T17:28:16.451+0100] {dag.py:2915} INFO - Sync 1 DAGs
[2023-09-14T17:28:16.474+0100] {logging_mixin.py:151} INFO - [2023-09-14T17:28:16.474+0100] {dag.py:3696} INFO - Setting next_dagrun for example_setup_teardown_taskflow to 2023-09-13T16:28:16.473964+00:00, run_after=2023-09-14T16:28:16.473964+00:00
[2023-09-14T17:28:16.503+0100] {processor.py:179} INFO - Processing /home/joestar/Documents/projects/airflow_etl/airflow_env/lib/python3.8/site-packages/airflow/example_dags/example_setup_teardown_taskflow.py took 0.109 seconds
[2023-09-14T17:29:07.609+0100] {processor.py:157} INFO - Started process (PID=29859) to work on /home/joestar/Documents/projects/airflow_etl/airflow_env/lib/python3.8/site-packages/airflow/example_dags/example_setup_teardown_taskflow.py
[2023-09-14T17:29:07.610+0100] {processor.py:829} INFO - Processing file /home/joestar/Documents/projects/airflow_etl/airflow_env/lib/python3.8/site-packages/airflow/example_dags/example_setup_teardown_taskflow.py for tasks to queue
[2023-09-14T17:29:07.611+0100] {logging_mixin.py:151} INFO - [2023-09-14T17:29:07.611+0100] {dagbag.py:539} INFO - Filling up the DagBag from /home/joestar/Documents/projects/airflow_etl/airflow_env/lib/python3.8/site-packages/airflow/example_dags/example_setup_teardown_taskflow.py
[2023-09-14T17:29:07.624+0100] {processor.py:839} INFO - DAG(s) dict_keys(['example_setup_teardown_taskflow']) retrieved from /home/joestar/Documents/projects/airflow_etl/airflow_env/lib/python3.8/site-packages/airflow/example_dags/example_setup_teardown_taskflow.py
[2023-09-14T17:29:07.642+0100] {logging_mixin.py:151} INFO - [2023-09-14T17:29:07.642+0100] {dag.py:2915} INFO - Sync 1 DAGs
[2023-09-14T17:29:07.667+0100] {logging_mixin.py:151} INFO - [2023-09-14T17:29:07.667+0100] {dag.py:3696} INFO - Setting next_dagrun for example_setup_teardown_taskflow to 2023-09-13T16:29:07.666869+00:00, run_after=2023-09-14T16:29:07.666869+00:00
[2023-09-14T17:29:07.698+0100] {processor.py:179} INFO - Processing /home/joestar/Documents/projects/airflow_etl/airflow_env/lib/python3.8/site-packages/airflow/example_dags/example_setup_teardown_taskflow.py took 0.091 seconds
[2023-09-14T17:29:59.367+0100] {processor.py:157} INFO - Started process (PID=30105) to work on /home/joestar/Documents/projects/airflow_etl/airflow_env/lib/python3.8/site-packages/airflow/example_dags/example_setup_teardown_taskflow.py
[2023-09-14T17:29:59.368+0100] {processor.py:829} INFO - Processing file /home/joestar/Documents/projects/airflow_etl/airflow_env/lib/python3.8/site-packages/airflow/example_dags/example_setup_teardown_taskflow.py for tasks to queue
[2023-09-14T17:29:59.369+0100] {logging_mixin.py:151} INFO - [2023-09-14T17:29:59.369+0100] {dagbag.py:539} INFO - Filling up the DagBag from /home/joestar/Documents/projects/airflow_etl/airflow_env/lib/python3.8/site-packages/airflow/example_dags/example_setup_teardown_taskflow.py
[2023-09-14T17:29:59.382+0100] {processor.py:839} INFO - DAG(s) dict_keys(['example_setup_teardown_taskflow']) retrieved from /home/joestar/Documents/projects/airflow_etl/airflow_env/lib/python3.8/site-packages/airflow/example_dags/example_setup_teardown_taskflow.py
[2023-09-14T17:29:59.397+0100] {logging_mixin.py:151} INFO - [2023-09-14T17:29:59.397+0100] {dag.py:2915} INFO - Sync 1 DAGs
[2023-09-14T17:29:59.415+0100] {logging_mixin.py:151} INFO - [2023-09-14T17:29:59.415+0100] {dag.py:3696} INFO - Setting next_dagrun for example_setup_teardown_taskflow to 2023-09-13T16:29:59.415090+00:00, run_after=2023-09-14T16:29:59.415090+00:00
[2023-09-14T17:29:59.442+0100] {processor.py:179} INFO - Processing /home/joestar/Documents/projects/airflow_etl/airflow_env/lib/python3.8/site-packages/airflow/example_dags/example_setup_teardown_taskflow.py took 0.077 seconds
[2023-09-14T17:30:52.852+0100] {processor.py:157} INFO - Started process (PID=30323) to work on /home/joestar/Documents/projects/airflow_etl/airflow_env/lib/python3.8/site-packages/airflow/example_dags/example_setup_teardown_taskflow.py
[2023-09-14T17:30:52.853+0100] {processor.py:829} INFO - Processing file /home/joestar/Documents/projects/airflow_etl/airflow_env/lib/python3.8/site-packages/airflow/example_dags/example_setup_teardown_taskflow.py for tasks to queue
[2023-09-14T17:30:52.854+0100] {logging_mixin.py:151} INFO - [2023-09-14T17:30:52.854+0100] {dagbag.py:539} INFO - Filling up the DagBag from /home/joestar/Documents/projects/airflow_etl/airflow_env/lib/python3.8/site-packages/airflow/example_dags/example_setup_teardown_taskflow.py
[2023-09-14T17:30:52.868+0100] {processor.py:839} INFO - DAG(s) dict_keys(['example_setup_teardown_taskflow']) retrieved from /home/joestar/Documents/projects/airflow_etl/airflow_env/lib/python3.8/site-packages/airflow/example_dags/example_setup_teardown_taskflow.py
[2023-09-14T17:30:52.891+0100] {logging_mixin.py:151} INFO - [2023-09-14T17:30:52.891+0100] {dag.py:2915} INFO - Sync 1 DAGs
[2023-09-14T17:30:52.912+0100] {logging_mixin.py:151} INFO - [2023-09-14T17:30:52.911+0100] {dag.py:3696} INFO - Setting next_dagrun for example_setup_teardown_taskflow to 2023-09-13T16:30:52.911767+00:00, run_after=2023-09-14T16:30:52.911767+00:00
[2023-09-14T17:30:52.936+0100] {processor.py:179} INFO - Processing /home/joestar/Documents/projects/airflow_etl/airflow_env/lib/python3.8/site-packages/airflow/example_dags/example_setup_teardown_taskflow.py took 0.087 seconds
[2023-09-14T17:31:41.735+0100] {processor.py:157} INFO - Started process (PID=30554) to work on /home/joestar/Documents/projects/airflow_etl/airflow_env/lib/python3.8/site-packages/airflow/example_dags/example_setup_teardown_taskflow.py
[2023-09-14T17:31:41.736+0100] {processor.py:829} INFO - Processing file /home/joestar/Documents/projects/airflow_etl/airflow_env/lib/python3.8/site-packages/airflow/example_dags/example_setup_teardown_taskflow.py for tasks to queue
[2023-09-14T17:31:41.737+0100] {logging_mixin.py:151} INFO - [2023-09-14T17:31:41.737+0100] {dagbag.py:539} INFO - Filling up the DagBag from /home/joestar/Documents/projects/airflow_etl/airflow_env/lib/python3.8/site-packages/airflow/example_dags/example_setup_teardown_taskflow.py
[2023-09-14T17:31:41.751+0100] {processor.py:839} INFO - DAG(s) dict_keys(['example_setup_teardown_taskflow']) retrieved from /home/joestar/Documents/projects/airflow_etl/airflow_env/lib/python3.8/site-packages/airflow/example_dags/example_setup_teardown_taskflow.py
[2023-09-14T17:31:41.774+0100] {logging_mixin.py:151} INFO - [2023-09-14T17:31:41.773+0100] {dag.py:2915} INFO - Sync 1 DAGs
[2023-09-14T17:31:41.802+0100] {logging_mixin.py:151} INFO - [2023-09-14T17:31:41.802+0100] {dag.py:3696} INFO - Setting next_dagrun for example_setup_teardown_taskflow to 2023-09-13T16:31:41.802077+00:00, run_after=2023-09-14T16:31:41.802077+00:00
[2023-09-14T17:31:41.859+0100] {processor.py:179} INFO - Processing /home/joestar/Documents/projects/airflow_etl/airflow_env/lib/python3.8/site-packages/airflow/example_dags/example_setup_teardown_taskflow.py took 0.127 seconds
[2023-09-14T17:32:33.775+0100] {processor.py:157} INFO - Started process (PID=30789) to work on /home/joestar/Documents/projects/airflow_etl/airflow_env/lib/python3.8/site-packages/airflow/example_dags/example_setup_teardown_taskflow.py
[2023-09-14T17:32:33.776+0100] {processor.py:829} INFO - Processing file /home/joestar/Documents/projects/airflow_etl/airflow_env/lib/python3.8/site-packages/airflow/example_dags/example_setup_teardown_taskflow.py for tasks to queue
[2023-09-14T17:32:33.777+0100] {logging_mixin.py:151} INFO - [2023-09-14T17:32:33.777+0100] {dagbag.py:539} INFO - Filling up the DagBag from /home/joestar/Documents/projects/airflow_etl/airflow_env/lib/python3.8/site-packages/airflow/example_dags/example_setup_teardown_taskflow.py
[2023-09-14T17:32:33.789+0100] {processor.py:839} INFO - DAG(s) dict_keys(['example_setup_teardown_taskflow']) retrieved from /home/joestar/Documents/projects/airflow_etl/airflow_env/lib/python3.8/site-packages/airflow/example_dags/example_setup_teardown_taskflow.py
[2023-09-14T17:32:33.805+0100] {logging_mixin.py:151} INFO - [2023-09-14T17:32:33.805+0100] {dag.py:2915} INFO - Sync 1 DAGs
[2023-09-14T17:32:33.828+0100] {logging_mixin.py:151} INFO - [2023-09-14T17:32:33.828+0100] {dag.py:3696} INFO - Setting next_dagrun for example_setup_teardown_taskflow to 2023-09-13T16:32:33.828120+00:00, run_after=2023-09-14T16:32:33.828120+00:00
[2023-09-14T17:32:33.854+0100] {processor.py:179} INFO - Processing /home/joestar/Documents/projects/airflow_etl/airflow_env/lib/python3.8/site-packages/airflow/example_dags/example_setup_teardown_taskflow.py took 0.081 seconds
[2023-09-14T17:33:26.804+0100] {processor.py:157} INFO - Started process (PID=31029) to work on /home/joestar/Documents/projects/airflow_etl/airflow_env/lib/python3.8/site-packages/airflow/example_dags/example_setup_teardown_taskflow.py
[2023-09-14T17:33:26.805+0100] {processor.py:829} INFO - Processing file /home/joestar/Documents/projects/airflow_etl/airflow_env/lib/python3.8/site-packages/airflow/example_dags/example_setup_teardown_taskflow.py for tasks to queue
[2023-09-14T17:33:26.806+0100] {logging_mixin.py:151} INFO - [2023-09-14T17:33:26.805+0100] {dagbag.py:539} INFO - Filling up the DagBag from /home/joestar/Documents/projects/airflow_etl/airflow_env/lib/python3.8/site-packages/airflow/example_dags/example_setup_teardown_taskflow.py
[2023-09-14T17:33:26.817+0100] {processor.py:839} INFO - DAG(s) dict_keys(['example_setup_teardown_taskflow']) retrieved from /home/joestar/Documents/projects/airflow_etl/airflow_env/lib/python3.8/site-packages/airflow/example_dags/example_setup_teardown_taskflow.py
[2023-09-14T17:33:26.834+0100] {logging_mixin.py:151} INFO - [2023-09-14T17:33:26.834+0100] {dag.py:2915} INFO - Sync 1 DAGs
[2023-09-14T17:33:26.859+0100] {logging_mixin.py:151} INFO - [2023-09-14T17:33:26.859+0100] {dag.py:3696} INFO - Setting next_dagrun for example_setup_teardown_taskflow to 2023-09-13T16:33:26.859055+00:00, run_after=2023-09-14T16:33:26.859055+00:00
[2023-09-14T17:33:26.890+0100] {processor.py:179} INFO - Processing /home/joestar/Documents/projects/airflow_etl/airflow_env/lib/python3.8/site-packages/airflow/example_dags/example_setup_teardown_taskflow.py took 0.090 seconds
[2023-09-14T17:34:20.963+0100] {processor.py:157} INFO - Started process (PID=31278) to work on /home/joestar/Documents/projects/airflow_etl/airflow_env/lib/python3.8/site-packages/airflow/example_dags/example_setup_teardown_taskflow.py
[2023-09-14T17:34:20.964+0100] {processor.py:829} INFO - Processing file /home/joestar/Documents/projects/airflow_etl/airflow_env/lib/python3.8/site-packages/airflow/example_dags/example_setup_teardown_taskflow.py for tasks to queue
[2023-09-14T17:34:20.966+0100] {logging_mixin.py:151} INFO - [2023-09-14T17:34:20.965+0100] {dagbag.py:539} INFO - Filling up the DagBag from /home/joestar/Documents/projects/airflow_etl/airflow_env/lib/python3.8/site-packages/airflow/example_dags/example_setup_teardown_taskflow.py
[2023-09-14T17:34:20.980+0100] {processor.py:839} INFO - DAG(s) dict_keys(['example_setup_teardown_taskflow']) retrieved from /home/joestar/Documents/projects/airflow_etl/airflow_env/lib/python3.8/site-packages/airflow/example_dags/example_setup_teardown_taskflow.py
[2023-09-14T17:34:21.000+0100] {logging_mixin.py:151} INFO - [2023-09-14T17:34:20.999+0100] {dag.py:2915} INFO - Sync 1 DAGs
[2023-09-14T17:34:21.022+0100] {logging_mixin.py:151} INFO - [2023-09-14T17:34:21.022+0100] {dag.py:3696} INFO - Setting next_dagrun for example_setup_teardown_taskflow to 2023-09-13T16:34:21.022208+00:00, run_after=2023-09-14T16:34:21.022208+00:00
[2023-09-14T17:34:21.054+0100] {processor.py:179} INFO - Processing /home/joestar/Documents/projects/airflow_etl/airflow_env/lib/python3.8/site-packages/airflow/example_dags/example_setup_teardown_taskflow.py took 0.094 seconds
[2023-09-14T17:35:10.760+0100] {processor.py:157} INFO - Started process (PID=31528) to work on /home/joestar/Documents/projects/airflow_etl/airflow_env/lib/python3.8/site-packages/airflow/example_dags/example_setup_teardown_taskflow.py
[2023-09-14T17:35:10.761+0100] {processor.py:829} INFO - Processing file /home/joestar/Documents/projects/airflow_etl/airflow_env/lib/python3.8/site-packages/airflow/example_dags/example_setup_teardown_taskflow.py for tasks to queue
[2023-09-14T17:35:10.762+0100] {logging_mixin.py:151} INFO - [2023-09-14T17:35:10.761+0100] {dagbag.py:539} INFO - Filling up the DagBag from /home/joestar/Documents/projects/airflow_etl/airflow_env/lib/python3.8/site-packages/airflow/example_dags/example_setup_teardown_taskflow.py
[2023-09-14T17:35:10.774+0100] {processor.py:839} INFO - DAG(s) dict_keys(['example_setup_teardown_taskflow']) retrieved from /home/joestar/Documents/projects/airflow_etl/airflow_env/lib/python3.8/site-packages/airflow/example_dags/example_setup_teardown_taskflow.py
[2023-09-14T17:35:10.790+0100] {logging_mixin.py:151} INFO - [2023-09-14T17:35:10.790+0100] {dag.py:2915} INFO - Sync 1 DAGs
[2023-09-14T17:35:10.817+0100] {logging_mixin.py:151} INFO - [2023-09-14T17:35:10.817+0100] {dag.py:3696} INFO - Setting next_dagrun for example_setup_teardown_taskflow to 2023-09-13T16:35:10.816762+00:00, run_after=2023-09-14T16:35:10.816762+00:00
[2023-09-14T17:35:10.847+0100] {processor.py:179} INFO - Processing /home/joestar/Documents/projects/airflow_etl/airflow_env/lib/python3.8/site-packages/airflow/example_dags/example_setup_teardown_taskflow.py took 0.090 seconds
[2023-09-14T17:36:03.854+0100] {processor.py:157} INFO - Started process (PID=31759) to work on /home/joestar/Documents/projects/airflow_etl/airflow_env/lib/python3.8/site-packages/airflow/example_dags/example_setup_teardown_taskflow.py
[2023-09-14T17:36:03.856+0100] {processor.py:829} INFO - Processing file /home/joestar/Documents/projects/airflow_etl/airflow_env/lib/python3.8/site-packages/airflow/example_dags/example_setup_teardown_taskflow.py for tasks to queue
[2023-09-14T17:36:03.857+0100] {logging_mixin.py:151} INFO - [2023-09-14T17:36:03.856+0100] {dagbag.py:539} INFO - Filling up the DagBag from /home/joestar/Documents/projects/airflow_etl/airflow_env/lib/python3.8/site-packages/airflow/example_dags/example_setup_teardown_taskflow.py
[2023-09-14T17:36:03.871+0100] {processor.py:839} INFO - DAG(s) dict_keys(['example_setup_teardown_taskflow']) retrieved from /home/joestar/Documents/projects/airflow_etl/airflow_env/lib/python3.8/site-packages/airflow/example_dags/example_setup_teardown_taskflow.py
[2023-09-14T17:36:03.893+0100] {logging_mixin.py:151} INFO - [2023-09-14T17:36:03.893+0100] {dag.py:2915} INFO - Sync 1 DAGs
[2023-09-14T17:36:03.915+0100] {logging_mixin.py:151} INFO - [2023-09-14T17:36:03.915+0100] {dag.py:3696} INFO - Setting next_dagrun for example_setup_teardown_taskflow to 2023-09-13T16:36:03.915480+00:00, run_after=2023-09-14T16:36:03.915480+00:00
[2023-09-14T17:36:03.942+0100] {processor.py:179} INFO - Processing /home/joestar/Documents/projects/airflow_etl/airflow_env/lib/python3.8/site-packages/airflow/example_dags/example_setup_teardown_taskflow.py took 0.091 seconds
[2023-09-14T17:36:56.026+0100] {processor.py:157} INFO - Started process (PID=31986) to work on /home/joestar/Documents/projects/airflow_etl/airflow_env/lib/python3.8/site-packages/airflow/example_dags/example_setup_teardown_taskflow.py
[2023-09-14T17:36:56.027+0100] {processor.py:829} INFO - Processing file /home/joestar/Documents/projects/airflow_etl/airflow_env/lib/python3.8/site-packages/airflow/example_dags/example_setup_teardown_taskflow.py for tasks to queue
[2023-09-14T17:36:56.028+0100] {logging_mixin.py:151} INFO - [2023-09-14T17:36:56.028+0100] {dagbag.py:539} INFO - Filling up the DagBag from /home/joestar/Documents/projects/airflow_etl/airflow_env/lib/python3.8/site-packages/airflow/example_dags/example_setup_teardown_taskflow.py
[2023-09-14T17:36:56.044+0100] {processor.py:839} INFO - DAG(s) dict_keys(['example_setup_teardown_taskflow']) retrieved from /home/joestar/Documents/projects/airflow_etl/airflow_env/lib/python3.8/site-packages/airflow/example_dags/example_setup_teardown_taskflow.py
[2023-09-14T17:36:56.068+0100] {logging_mixin.py:151} INFO - [2023-09-14T17:36:56.067+0100] {dag.py:2915} INFO - Sync 1 DAGs
[2023-09-14T17:36:56.098+0100] {logging_mixin.py:151} INFO - [2023-09-14T17:36:56.098+0100] {dag.py:3696} INFO - Setting next_dagrun for example_setup_teardown_taskflow to 2023-09-13T16:36:56.098251+00:00, run_after=2023-09-14T16:36:56.098251+00:00
[2023-09-14T17:36:56.133+0100] {processor.py:179} INFO - Processing /home/joestar/Documents/projects/airflow_etl/airflow_env/lib/python3.8/site-packages/airflow/example_dags/example_setup_teardown_taskflow.py took 0.111 seconds
[2023-09-14T17:37:52.987+0100] {processor.py:157} INFO - Started process (PID=32345) to work on /home/joestar/Documents/projects/airflow_etl/airflow_env/lib/python3.8/site-packages/airflow/example_dags/example_setup_teardown_taskflow.py
[2023-09-14T17:37:52.988+0100] {processor.py:829} INFO - Processing file /home/joestar/Documents/projects/airflow_etl/airflow_env/lib/python3.8/site-packages/airflow/example_dags/example_setup_teardown_taskflow.py for tasks to queue
[2023-09-14T17:37:52.989+0100] {logging_mixin.py:151} INFO - [2023-09-14T17:37:52.988+0100] {dagbag.py:539} INFO - Filling up the DagBag from /home/joestar/Documents/projects/airflow_etl/airflow_env/lib/python3.8/site-packages/airflow/example_dags/example_setup_teardown_taskflow.py
[2023-09-14T17:37:53.001+0100] {processor.py:839} INFO - DAG(s) dict_keys(['example_setup_teardown_taskflow']) retrieved from /home/joestar/Documents/projects/airflow_etl/airflow_env/lib/python3.8/site-packages/airflow/example_dags/example_setup_teardown_taskflow.py
[2023-09-14T17:37:53.021+0100] {logging_mixin.py:151} INFO - [2023-09-14T17:37:53.020+0100] {dag.py:2915} INFO - Sync 1 DAGs
[2023-09-14T17:37:53.049+0100] {logging_mixin.py:151} INFO - [2023-09-14T17:37:53.048+0100] {dag.py:3696} INFO - Setting next_dagrun for example_setup_teardown_taskflow to 2023-09-13T16:37:53.048663+00:00, run_after=2023-09-14T16:37:53.048663+00:00
[2023-09-14T17:37:53.079+0100] {processor.py:179} INFO - Processing /home/joestar/Documents/projects/airflow_etl/airflow_env/lib/python3.8/site-packages/airflow/example_dags/example_setup_teardown_taskflow.py took 0.096 seconds
[2023-09-14T17:38:52.761+0100] {processor.py:157} INFO - Started process (PID=32816) to work on /home/joestar/Documents/projects/airflow_etl/airflow_env/lib/python3.8/site-packages/airflow/example_dags/example_setup_teardown_taskflow.py
[2023-09-14T17:38:52.771+0100] {processor.py:829} INFO - Processing file /home/joestar/Documents/projects/airflow_etl/airflow_env/lib/python3.8/site-packages/airflow/example_dags/example_setup_teardown_taskflow.py for tasks to queue
[2023-09-14T17:38:52.773+0100] {logging_mixin.py:151} INFO - [2023-09-14T17:38:52.772+0100] {dagbag.py:539} INFO - Filling up the DagBag from /home/joestar/Documents/projects/airflow_etl/airflow_env/lib/python3.8/site-packages/airflow/example_dags/example_setup_teardown_taskflow.py
[2023-09-14T17:38:52.796+0100] {processor.py:839} INFO - DAG(s) dict_keys(['example_setup_teardown_taskflow']) retrieved from /home/joestar/Documents/projects/airflow_etl/airflow_env/lib/python3.8/site-packages/airflow/example_dags/example_setup_teardown_taskflow.py
[2023-09-14T17:38:52.870+0100] {logging_mixin.py:151} INFO - [2023-09-14T17:38:52.870+0100] {dag.py:2915} INFO - Sync 1 DAGs
[2023-09-14T17:38:52.970+0100] {logging_mixin.py:151} INFO - [2023-09-14T17:38:52.970+0100] {dag.py:3696} INFO - Setting next_dagrun for example_setup_teardown_taskflow to 2023-09-13T16:38:52.969777+00:00, run_after=2023-09-14T16:38:52.969777+00:00
[2023-09-14T17:38:53.094+0100] {processor.py:179} INFO - Processing /home/joestar/Documents/projects/airflow_etl/airflow_env/lib/python3.8/site-packages/airflow/example_dags/example_setup_teardown_taskflow.py took 0.346 seconds
[2023-09-14T17:39:38.491+0100] {processor.py:157} INFO - Started process (PID=33111) to work on /home/joestar/Documents/projects/airflow_etl/airflow_env/lib/python3.8/site-packages/airflow/example_dags/example_setup_teardown_taskflow.py
[2023-09-14T17:39:38.492+0100] {processor.py:829} INFO - Processing file /home/joestar/Documents/projects/airflow_etl/airflow_env/lib/python3.8/site-packages/airflow/example_dags/example_setup_teardown_taskflow.py for tasks to queue
[2023-09-14T17:39:38.493+0100] {logging_mixin.py:151} INFO - [2023-09-14T17:39:38.493+0100] {dagbag.py:539} INFO - Filling up the DagBag from /home/joestar/Documents/projects/airflow_etl/airflow_env/lib/python3.8/site-packages/airflow/example_dags/example_setup_teardown_taskflow.py
[2023-09-14T17:39:38.505+0100] {processor.py:839} INFO - DAG(s) dict_keys(['example_setup_teardown_taskflow']) retrieved from /home/joestar/Documents/projects/airflow_etl/airflow_env/lib/python3.8/site-packages/airflow/example_dags/example_setup_teardown_taskflow.py
[2023-09-14T17:39:38.525+0100] {logging_mixin.py:151} INFO - [2023-09-14T17:39:38.524+0100] {dag.py:2915} INFO - Sync 1 DAGs
[2023-09-14T17:39:38.547+0100] {logging_mixin.py:151} INFO - [2023-09-14T17:39:38.547+0100] {dag.py:3696} INFO - Setting next_dagrun for example_setup_teardown_taskflow to 2023-09-13T16:39:38.546802+00:00, run_after=2023-09-14T16:39:38.546802+00:00
[2023-09-14T17:39:38.574+0100] {processor.py:179} INFO - Processing /home/joestar/Documents/projects/airflow_etl/airflow_env/lib/python3.8/site-packages/airflow/example_dags/example_setup_teardown_taskflow.py took 0.087 seconds
[2023-09-14T17:40:19.108+0100] {processor.py:157} INFO - Started process (PID=33343) to work on /home/joestar/Documents/projects/airflow_etl/airflow_env/lib/python3.8/site-packages/airflow/example_dags/example_setup_teardown_taskflow.py
[2023-09-14T17:40:19.109+0100] {processor.py:829} INFO - Processing file /home/joestar/Documents/projects/airflow_etl/airflow_env/lib/python3.8/site-packages/airflow/example_dags/example_setup_teardown_taskflow.py for tasks to queue
[2023-09-14T17:40:19.110+0100] {logging_mixin.py:151} INFO - [2023-09-14T17:40:19.110+0100] {dagbag.py:539} INFO - Filling up the DagBag from /home/joestar/Documents/projects/airflow_etl/airflow_env/lib/python3.8/site-packages/airflow/example_dags/example_setup_teardown_taskflow.py
[2023-09-14T17:40:19.121+0100] {processor.py:839} INFO - DAG(s) dict_keys(['example_setup_teardown_taskflow']) retrieved from /home/joestar/Documents/projects/airflow_etl/airflow_env/lib/python3.8/site-packages/airflow/example_dags/example_setup_teardown_taskflow.py
[2023-09-14T17:40:19.135+0100] {logging_mixin.py:151} INFO - [2023-09-14T17:40:19.135+0100] {dag.py:2915} INFO - Sync 1 DAGs
[2023-09-14T17:40:19.152+0100] {logging_mixin.py:151} INFO - [2023-09-14T17:40:19.152+0100] {dag.py:3696} INFO - Setting next_dagrun for example_setup_teardown_taskflow to 2023-09-13T16:40:19.152496+00:00, run_after=2023-09-14T16:40:19.152496+00:00
[2023-09-14T17:40:19.176+0100] {processor.py:179} INFO - Processing /home/joestar/Documents/projects/airflow_etl/airflow_env/lib/python3.8/site-packages/airflow/example_dags/example_setup_teardown_taskflow.py took 0.071 seconds
[2023-09-14T17:40:58.621+0100] {processor.py:157} INFO - Started process (PID=33599) to work on /home/joestar/Documents/projects/airflow_etl/airflow_env/lib/python3.8/site-packages/airflow/example_dags/example_setup_teardown_taskflow.py
[2023-09-14T17:40:58.623+0100] {processor.py:829} INFO - Processing file /home/joestar/Documents/projects/airflow_etl/airflow_env/lib/python3.8/site-packages/airflow/example_dags/example_setup_teardown_taskflow.py for tasks to queue
[2023-09-14T17:40:58.624+0100] {logging_mixin.py:151} INFO - [2023-09-14T17:40:58.623+0100] {dagbag.py:539} INFO - Filling up the DagBag from /home/joestar/Documents/projects/airflow_etl/airflow_env/lib/python3.8/site-packages/airflow/example_dags/example_setup_teardown_taskflow.py
[2023-09-14T17:40:58.635+0100] {processor.py:839} INFO - DAG(s) dict_keys(['example_setup_teardown_taskflow']) retrieved from /home/joestar/Documents/projects/airflow_etl/airflow_env/lib/python3.8/site-packages/airflow/example_dags/example_setup_teardown_taskflow.py
[2023-09-14T17:40:58.655+0100] {logging_mixin.py:151} INFO - [2023-09-14T17:40:58.655+0100] {dag.py:2915} INFO - Sync 1 DAGs
[2023-09-14T17:40:58.685+0100] {logging_mixin.py:151} INFO - [2023-09-14T17:40:58.685+0100] {dag.py:3696} INFO - Setting next_dagrun for example_setup_teardown_taskflow to 2023-09-13T16:40:58.684980+00:00, run_after=2023-09-14T16:40:58.684980+00:00
[2023-09-14T17:40:58.719+0100] {processor.py:179} INFO - Processing /home/joestar/Documents/projects/airflow_etl/airflow_env/lib/python3.8/site-packages/airflow/example_dags/example_setup_teardown_taskflow.py took 0.101 seconds
[2023-09-14T17:41:51.288+0100] {processor.py:157} INFO - Started process (PID=33950) to work on /home/joestar/Documents/projects/airflow_etl/airflow_env/lib/python3.8/site-packages/airflow/example_dags/example_setup_teardown_taskflow.py
[2023-09-14T17:41:51.289+0100] {processor.py:829} INFO - Processing file /home/joestar/Documents/projects/airflow_etl/airflow_env/lib/python3.8/site-packages/airflow/example_dags/example_setup_teardown_taskflow.py for tasks to queue
[2023-09-14T17:41:51.290+0100] {logging_mixin.py:151} INFO - [2023-09-14T17:41:51.289+0100] {dagbag.py:539} INFO - Filling up the DagBag from /home/joestar/Documents/projects/airflow_etl/airflow_env/lib/python3.8/site-packages/airflow/example_dags/example_setup_teardown_taskflow.py
[2023-09-14T17:41:51.299+0100] {processor.py:839} INFO - DAG(s) dict_keys(['example_setup_teardown_taskflow']) retrieved from /home/joestar/Documents/projects/airflow_etl/airflow_env/lib/python3.8/site-packages/airflow/example_dags/example_setup_teardown_taskflow.py
[2023-09-14T17:41:51.320+0100] {logging_mixin.py:151} INFO - [2023-09-14T17:41:51.320+0100] {dag.py:2915} INFO - Sync 1 DAGs
[2023-09-14T17:41:51.343+0100] {logging_mixin.py:151} INFO - [2023-09-14T17:41:51.343+0100] {dag.py:3696} INFO - Setting next_dagrun for example_setup_teardown_taskflow to 2023-09-13T16:41:51.343565+00:00, run_after=2023-09-14T16:41:51.343565+00:00
[2023-09-14T17:41:51.376+0100] {processor.py:179} INFO - Processing /home/joestar/Documents/projects/airflow_etl/airflow_env/lib/python3.8/site-packages/airflow/example_dags/example_setup_teardown_taskflow.py took 0.092 seconds
[2023-09-14T17:42:36.351+0100] {processor.py:157} INFO - Started process (PID=34158) to work on /home/joestar/Documents/projects/airflow_etl/airflow_env/lib/python3.8/site-packages/airflow/example_dags/example_setup_teardown_taskflow.py
[2023-09-14T17:42:36.353+0100] {processor.py:829} INFO - Processing file /home/joestar/Documents/projects/airflow_etl/airflow_env/lib/python3.8/site-packages/airflow/example_dags/example_setup_teardown_taskflow.py for tasks to queue
[2023-09-14T17:42:36.354+0100] {logging_mixin.py:151} INFO - [2023-09-14T17:42:36.354+0100] {dagbag.py:539} INFO - Filling up the DagBag from /home/joestar/Documents/projects/airflow_etl/airflow_env/lib/python3.8/site-packages/airflow/example_dags/example_setup_teardown_taskflow.py
[2023-09-14T17:42:36.374+0100] {processor.py:839} INFO - DAG(s) dict_keys(['example_setup_teardown_taskflow']) retrieved from /home/joestar/Documents/projects/airflow_etl/airflow_env/lib/python3.8/site-packages/airflow/example_dags/example_setup_teardown_taskflow.py
[2023-09-14T17:42:36.408+0100] {logging_mixin.py:151} INFO - [2023-09-14T17:42:36.408+0100] {dag.py:2915} INFO - Sync 1 DAGs
[2023-09-14T17:42:36.445+0100] {logging_mixin.py:151} INFO - [2023-09-14T17:42:36.445+0100] {dag.py:3696} INFO - Setting next_dagrun for example_setup_teardown_taskflow to 2023-09-13T16:42:36.445364+00:00, run_after=2023-09-14T16:42:36.445364+00:00
[2023-09-14T17:42:36.487+0100] {processor.py:179} INFO - Processing /home/joestar/Documents/projects/airflow_etl/airflow_env/lib/python3.8/site-packages/airflow/example_dags/example_setup_teardown_taskflow.py took 0.141 seconds
[2023-09-14T17:43:18.508+0100] {processor.py:157} INFO - Started process (PID=34327) to work on /home/joestar/Documents/projects/airflow_etl/airflow_env/lib/python3.8/site-packages/airflow/example_dags/example_setup_teardown_taskflow.py
[2023-09-14T17:43:18.509+0100] {processor.py:829} INFO - Processing file /home/joestar/Documents/projects/airflow_etl/airflow_env/lib/python3.8/site-packages/airflow/example_dags/example_setup_teardown_taskflow.py for tasks to queue
[2023-09-14T17:43:18.509+0100] {logging_mixin.py:151} INFO - [2023-09-14T17:43:18.509+0100] {dagbag.py:539} INFO - Filling up the DagBag from /home/joestar/Documents/projects/airflow_etl/airflow_env/lib/python3.8/site-packages/airflow/example_dags/example_setup_teardown_taskflow.py
[2023-09-14T17:43:18.523+0100] {processor.py:839} INFO - DAG(s) dict_keys(['example_setup_teardown_taskflow']) retrieved from /home/joestar/Documents/projects/airflow_etl/airflow_env/lib/python3.8/site-packages/airflow/example_dags/example_setup_teardown_taskflow.py
[2023-09-14T17:43:18.539+0100] {logging_mixin.py:151} INFO - [2023-09-14T17:43:18.539+0100] {dag.py:2915} INFO - Sync 1 DAGs
[2023-09-14T17:43:18.558+0100] {logging_mixin.py:151} INFO - [2023-09-14T17:43:18.558+0100] {dag.py:3696} INFO - Setting next_dagrun for example_setup_teardown_taskflow to 2023-09-13T16:43:18.558176+00:00, run_after=2023-09-14T16:43:18.558176+00:00
[2023-09-14T17:43:18.582+0100] {processor.py:179} INFO - Processing /home/joestar/Documents/projects/airflow_etl/airflow_env/lib/python3.8/site-packages/airflow/example_dags/example_setup_teardown_taskflow.py took 0.077 seconds
[2023-09-14T17:44:16.674+0100] {processor.py:157} INFO - Started process (PID=34644) to work on /home/joestar/Documents/projects/airflow_etl/airflow_env/lib/python3.8/site-packages/airflow/example_dags/example_setup_teardown_taskflow.py
[2023-09-14T17:44:16.677+0100] {processor.py:829} INFO - Processing file /home/joestar/Documents/projects/airflow_etl/airflow_env/lib/python3.8/site-packages/airflow/example_dags/example_setup_teardown_taskflow.py for tasks to queue
[2023-09-14T17:44:16.679+0100] {logging_mixin.py:151} INFO - [2023-09-14T17:44:16.678+0100] {dagbag.py:539} INFO - Filling up the DagBag from /home/joestar/Documents/projects/airflow_etl/airflow_env/lib/python3.8/site-packages/airflow/example_dags/example_setup_teardown_taskflow.py
[2023-09-14T17:44:16.694+0100] {processor.py:839} INFO - DAG(s) dict_keys(['example_setup_teardown_taskflow']) retrieved from /home/joestar/Documents/projects/airflow_etl/airflow_env/lib/python3.8/site-packages/airflow/example_dags/example_setup_teardown_taskflow.py
[2023-09-14T17:44:16.715+0100] {logging_mixin.py:151} INFO - [2023-09-14T17:44:16.715+0100] {dag.py:2915} INFO - Sync 1 DAGs
[2023-09-14T17:44:16.740+0100] {logging_mixin.py:151} INFO - [2023-09-14T17:44:16.739+0100] {dag.py:3696} INFO - Setting next_dagrun for example_setup_teardown_taskflow to 2023-09-13T16:44:16.739591+00:00, run_after=2023-09-14T16:44:16.739591+00:00
[2023-09-14T17:44:16.782+0100] {processor.py:179} INFO - Processing /home/joestar/Documents/projects/airflow_etl/airflow_env/lib/python3.8/site-packages/airflow/example_dags/example_setup_teardown_taskflow.py took 0.114 seconds
[2023-09-14T17:44:58.530+0100] {processor.py:157} INFO - Started process (PID=34825) to work on /home/joestar/Documents/projects/airflow_etl/airflow_env/lib/python3.8/site-packages/airflow/example_dags/example_setup_teardown_taskflow.py
[2023-09-14T17:44:58.531+0100] {processor.py:829} INFO - Processing file /home/joestar/Documents/projects/airflow_etl/airflow_env/lib/python3.8/site-packages/airflow/example_dags/example_setup_teardown_taskflow.py for tasks to queue
[2023-09-14T17:44:58.532+0100] {logging_mixin.py:151} INFO - [2023-09-14T17:44:58.531+0100] {dagbag.py:539} INFO - Filling up the DagBag from /home/joestar/Documents/projects/airflow_etl/airflow_env/lib/python3.8/site-packages/airflow/example_dags/example_setup_teardown_taskflow.py
[2023-09-14T17:44:58.544+0100] {processor.py:839} INFO - DAG(s) dict_keys(['example_setup_teardown_taskflow']) retrieved from /home/joestar/Documents/projects/airflow_etl/airflow_env/lib/python3.8/site-packages/airflow/example_dags/example_setup_teardown_taskflow.py
[2023-09-14T17:44:58.564+0100] {logging_mixin.py:151} INFO - [2023-09-14T17:44:58.563+0100] {dag.py:2915} INFO - Sync 1 DAGs
[2023-09-14T17:44:58.587+0100] {logging_mixin.py:151} INFO - [2023-09-14T17:44:58.587+0100] {dag.py:3696} INFO - Setting next_dagrun for example_setup_teardown_taskflow to 2023-09-13T16:44:58.586544+00:00, run_after=2023-09-14T16:44:58.586544+00:00
[2023-09-14T17:44:58.619+0100] {processor.py:179} INFO - Processing /home/joestar/Documents/projects/airflow_etl/airflow_env/lib/python3.8/site-packages/airflow/example_dags/example_setup_teardown_taskflow.py took 0.093 seconds
[2023-09-14T17:45:56.620+0100] {processor.py:157} INFO - Started process (PID=35059) to work on /home/joestar/Documents/projects/airflow_etl/airflow_env/lib/python3.8/site-packages/airflow/example_dags/example_setup_teardown_taskflow.py
[2023-09-14T17:45:56.622+0100] {processor.py:829} INFO - Processing file /home/joestar/Documents/projects/airflow_etl/airflow_env/lib/python3.8/site-packages/airflow/example_dags/example_setup_teardown_taskflow.py for tasks to queue
[2023-09-14T17:45:56.623+0100] {logging_mixin.py:151} INFO - [2023-09-14T17:45:56.622+0100] {dagbag.py:539} INFO - Filling up the DagBag from /home/joestar/Documents/projects/airflow_etl/airflow_env/lib/python3.8/site-packages/airflow/example_dags/example_setup_teardown_taskflow.py
[2023-09-14T17:45:56.638+0100] {processor.py:839} INFO - DAG(s) dict_keys(['example_setup_teardown_taskflow']) retrieved from /home/joestar/Documents/projects/airflow_etl/airflow_env/lib/python3.8/site-packages/airflow/example_dags/example_setup_teardown_taskflow.py
[2023-09-14T17:45:56.663+0100] {logging_mixin.py:151} INFO - [2023-09-14T17:45:56.662+0100] {dag.py:2915} INFO - Sync 1 DAGs
[2023-09-14T17:45:56.693+0100] {logging_mixin.py:151} INFO - [2023-09-14T17:45:56.692+0100] {dag.py:3696} INFO - Setting next_dagrun for example_setup_teardown_taskflow to 2023-09-13T16:45:56.692610+00:00, run_after=2023-09-14T16:45:56.692610+00:00
[2023-09-14T17:45:56.726+0100] {processor.py:179} INFO - Processing /home/joestar/Documents/projects/airflow_etl/airflow_env/lib/python3.8/site-packages/airflow/example_dags/example_setup_teardown_taskflow.py took 0.109 seconds
[2023-09-14T17:46:36.778+0100] {processor.py:157} INFO - Started process (PID=35243) to work on /home/joestar/Documents/projects/airflow_etl/airflow_env/lib/python3.8/site-packages/airflow/example_dags/example_setup_teardown_taskflow.py
[2023-09-14T17:46:36.780+0100] {processor.py:829} INFO - Processing file /home/joestar/Documents/projects/airflow_etl/airflow_env/lib/python3.8/site-packages/airflow/example_dags/example_setup_teardown_taskflow.py for tasks to queue
[2023-09-14T17:46:36.781+0100] {logging_mixin.py:151} INFO - [2023-09-14T17:46:36.781+0100] {dagbag.py:539} INFO - Filling up the DagBag from /home/joestar/Documents/projects/airflow_etl/airflow_env/lib/python3.8/site-packages/airflow/example_dags/example_setup_teardown_taskflow.py
[2023-09-14T17:46:36.800+0100] {processor.py:839} INFO - DAG(s) dict_keys(['example_setup_teardown_taskflow']) retrieved from /home/joestar/Documents/projects/airflow_etl/airflow_env/lib/python3.8/site-packages/airflow/example_dags/example_setup_teardown_taskflow.py
[2023-09-14T17:46:36.830+0100] {logging_mixin.py:151} INFO - [2023-09-14T17:46:36.829+0100] {dag.py:2915} INFO - Sync 1 DAGs
[2023-09-14T17:46:36.866+0100] {logging_mixin.py:151} INFO - [2023-09-14T17:46:36.866+0100] {dag.py:3696} INFO - Setting next_dagrun for example_setup_teardown_taskflow to 2023-09-13T16:46:36.865072+00:00, run_after=2023-09-14T16:46:36.865072+00:00
[2023-09-14T17:46:36.909+0100] {processor.py:179} INFO - Processing /home/joestar/Documents/projects/airflow_etl/airflow_env/lib/python3.8/site-packages/airflow/example_dags/example_setup_teardown_taskflow.py took 0.136 seconds
[2023-09-14T17:47:28.365+0100] {processor.py:157} INFO - Started process (PID=35459) to work on /home/joestar/Documents/projects/airflow_etl/airflow_env/lib/python3.8/site-packages/airflow/example_dags/example_setup_teardown_taskflow.py
[2023-09-14T17:47:28.366+0100] {processor.py:829} INFO - Processing file /home/joestar/Documents/projects/airflow_etl/airflow_env/lib/python3.8/site-packages/airflow/example_dags/example_setup_teardown_taskflow.py for tasks to queue
[2023-09-14T17:47:28.367+0100] {logging_mixin.py:151} INFO - [2023-09-14T17:47:28.367+0100] {dagbag.py:539} INFO - Filling up the DagBag from /home/joestar/Documents/projects/airflow_etl/airflow_env/lib/python3.8/site-packages/airflow/example_dags/example_setup_teardown_taskflow.py
[2023-09-14T17:47:28.384+0100] {processor.py:839} INFO - DAG(s) dict_keys(['example_setup_teardown_taskflow']) retrieved from /home/joestar/Documents/projects/airflow_etl/airflow_env/lib/python3.8/site-packages/airflow/example_dags/example_setup_teardown_taskflow.py
[2023-09-14T17:47:28.414+0100] {logging_mixin.py:151} INFO - [2023-09-14T17:47:28.413+0100] {dag.py:2915} INFO - Sync 1 DAGs
[2023-09-14T17:47:28.446+0100] {logging_mixin.py:151} INFO - [2023-09-14T17:47:28.446+0100] {dag.py:3696} INFO - Setting next_dagrun for example_setup_teardown_taskflow to 2023-09-13T16:47:28.445984+00:00, run_after=2023-09-14T16:47:28.445984+00:00
[2023-09-14T17:47:28.485+0100] {processor.py:179} INFO - Processing /home/joestar/Documents/projects/airflow_etl/airflow_env/lib/python3.8/site-packages/airflow/example_dags/example_setup_teardown_taskflow.py took 0.125 seconds
[2023-09-14T17:48:46.552+0100] {processor.py:157} INFO - Started process (PID=35758) to work on /home/joestar/Documents/projects/airflow_etl/airflow_env/lib/python3.8/site-packages/airflow/example_dags/example_setup_teardown_taskflow.py
[2023-09-14T17:48:46.554+0100] {processor.py:829} INFO - Processing file /home/joestar/Documents/projects/airflow_etl/airflow_env/lib/python3.8/site-packages/airflow/example_dags/example_setup_teardown_taskflow.py for tasks to queue
[2023-09-14T17:48:46.555+0100] {logging_mixin.py:151} INFO - [2023-09-14T17:48:46.554+0100] {dagbag.py:539} INFO - Filling up the DagBag from /home/joestar/Documents/projects/airflow_etl/airflow_env/lib/python3.8/site-packages/airflow/example_dags/example_setup_teardown_taskflow.py
[2023-09-14T17:48:46.568+0100] {processor.py:839} INFO - DAG(s) dict_keys(['example_setup_teardown_taskflow']) retrieved from /home/joestar/Documents/projects/airflow_etl/airflow_env/lib/python3.8/site-packages/airflow/example_dags/example_setup_teardown_taskflow.py
[2023-09-14T17:48:46.591+0100] {logging_mixin.py:151} INFO - [2023-09-14T17:48:46.591+0100] {dag.py:2915} INFO - Sync 1 DAGs
[2023-09-14T17:48:46.617+0100] {logging_mixin.py:151} INFO - [2023-09-14T17:48:46.617+0100] {dag.py:3696} INFO - Setting next_dagrun for example_setup_teardown_taskflow to 2023-09-13T16:48:46.617443+00:00, run_after=2023-09-14T16:48:46.617443+00:00
[2023-09-14T17:48:46.644+0100] {processor.py:179} INFO - Processing /home/joestar/Documents/projects/airflow_etl/airflow_env/lib/python3.8/site-packages/airflow/example_dags/example_setup_teardown_taskflow.py took 0.095 seconds
[2023-09-14T17:49:36.611+0100] {processor.py:157} INFO - Started process (PID=35961) to work on /home/joestar/Documents/projects/airflow_etl/airflow_env/lib/python3.8/site-packages/airflow/example_dags/example_setup_teardown_taskflow.py
[2023-09-14T17:49:36.612+0100] {processor.py:829} INFO - Processing file /home/joestar/Documents/projects/airflow_etl/airflow_env/lib/python3.8/site-packages/airflow/example_dags/example_setup_teardown_taskflow.py for tasks to queue
[2023-09-14T17:49:36.613+0100] {logging_mixin.py:151} INFO - [2023-09-14T17:49:36.613+0100] {dagbag.py:539} INFO - Filling up the DagBag from /home/joestar/Documents/projects/airflow_etl/airflow_env/lib/python3.8/site-packages/airflow/example_dags/example_setup_teardown_taskflow.py
[2023-09-14T17:49:36.630+0100] {processor.py:839} INFO - DAG(s) dict_keys(['example_setup_teardown_taskflow']) retrieved from /home/joestar/Documents/projects/airflow_etl/airflow_env/lib/python3.8/site-packages/airflow/example_dags/example_setup_teardown_taskflow.py
[2023-09-14T17:49:36.659+0100] {logging_mixin.py:151} INFO - [2023-09-14T17:49:36.659+0100] {dag.py:2915} INFO - Sync 1 DAGs
[2023-09-14T17:49:36.698+0100] {logging_mixin.py:151} INFO - [2023-09-14T17:49:36.697+0100] {dag.py:3696} INFO - Setting next_dagrun for example_setup_teardown_taskflow to 2023-09-13T16:49:36.697529+00:00, run_after=2023-09-14T16:49:36.697529+00:00
[2023-09-14T17:49:36.737+0100] {processor.py:179} INFO - Processing /home/joestar/Documents/projects/airflow_etl/airflow_env/lib/python3.8/site-packages/airflow/example_dags/example_setup_teardown_taskflow.py took 0.130 seconds
[2023-09-14T17:50:26.658+0100] {processor.py:157} INFO - Started process (PID=36185) to work on /home/joestar/Documents/projects/airflow_etl/airflow_env/lib/python3.8/site-packages/airflow/example_dags/example_setup_teardown_taskflow.py
[2023-09-14T17:50:26.659+0100] {processor.py:829} INFO - Processing file /home/joestar/Documents/projects/airflow_etl/airflow_env/lib/python3.8/site-packages/airflow/example_dags/example_setup_teardown_taskflow.py for tasks to queue
[2023-09-14T17:50:26.660+0100] {logging_mixin.py:151} INFO - [2023-09-14T17:50:26.659+0100] {dagbag.py:539} INFO - Filling up the DagBag from /home/joestar/Documents/projects/airflow_etl/airflow_env/lib/python3.8/site-packages/airflow/example_dags/example_setup_teardown_taskflow.py
[2023-09-14T17:50:26.670+0100] {processor.py:839} INFO - DAG(s) dict_keys(['example_setup_teardown_taskflow']) retrieved from /home/joestar/Documents/projects/airflow_etl/airflow_env/lib/python3.8/site-packages/airflow/example_dags/example_setup_teardown_taskflow.py
[2023-09-14T17:50:26.685+0100] {logging_mixin.py:151} INFO - [2023-09-14T17:50:26.685+0100] {dag.py:2915} INFO - Sync 1 DAGs
[2023-09-14T17:50:26.704+0100] {logging_mixin.py:151} INFO - [2023-09-14T17:50:26.703+0100] {dag.py:3696} INFO - Setting next_dagrun for example_setup_teardown_taskflow to 2023-09-13T16:50:26.703705+00:00, run_after=2023-09-14T16:50:26.703705+00:00
[2023-09-14T17:50:26.731+0100] {processor.py:179} INFO - Processing /home/joestar/Documents/projects/airflow_etl/airflow_env/lib/python3.8/site-packages/airflow/example_dags/example_setup_teardown_taskflow.py took 0.077 seconds
[2023-09-14T17:51:07.928+0100] {processor.py:157} INFO - Started process (PID=36384) to work on /home/joestar/Documents/projects/airflow_etl/airflow_env/lib/python3.8/site-packages/airflow/example_dags/example_setup_teardown_taskflow.py
[2023-09-14T17:51:07.929+0100] {processor.py:829} INFO - Processing file /home/joestar/Documents/projects/airflow_etl/airflow_env/lib/python3.8/site-packages/airflow/example_dags/example_setup_teardown_taskflow.py for tasks to queue
[2023-09-14T17:51:07.930+0100] {logging_mixin.py:151} INFO - [2023-09-14T17:51:07.930+0100] {dagbag.py:539} INFO - Filling up the DagBag from /home/joestar/Documents/projects/airflow_etl/airflow_env/lib/python3.8/site-packages/airflow/example_dags/example_setup_teardown_taskflow.py
[2023-09-14T17:51:07.940+0100] {processor.py:839} INFO - DAG(s) dict_keys(['example_setup_teardown_taskflow']) retrieved from /home/joestar/Documents/projects/airflow_etl/airflow_env/lib/python3.8/site-packages/airflow/example_dags/example_setup_teardown_taskflow.py
[2023-09-14T17:51:07.956+0100] {logging_mixin.py:151} INFO - [2023-09-14T17:51:07.956+0100] {dag.py:2915} INFO - Sync 1 DAGs
[2023-09-14T17:51:07.994+0100] {logging_mixin.py:151} INFO - [2023-09-14T17:51:07.994+0100] {dag.py:3696} INFO - Setting next_dagrun for example_setup_teardown_taskflow to 2023-09-13T16:51:07.994118+00:00, run_after=2023-09-14T16:51:07.994118+00:00
[2023-09-14T17:51:08.032+0100] {processor.py:179} INFO - Processing /home/joestar/Documents/projects/airflow_etl/airflow_env/lib/python3.8/site-packages/airflow/example_dags/example_setup_teardown_taskflow.py took 0.107 seconds
[2023-09-14T17:52:03.659+0100] {processor.py:157} INFO - Started process (PID=36614) to work on /home/joestar/Documents/projects/airflow_etl/airflow_env/lib/python3.8/site-packages/airflow/example_dags/example_setup_teardown_taskflow.py
[2023-09-14T17:52:03.662+0100] {processor.py:829} INFO - Processing file /home/joestar/Documents/projects/airflow_etl/airflow_env/lib/python3.8/site-packages/airflow/example_dags/example_setup_teardown_taskflow.py for tasks to queue
[2023-09-14T17:52:03.667+0100] {logging_mixin.py:151} INFO - [2023-09-14T17:52:03.664+0100] {dagbag.py:539} INFO - Filling up the DagBag from /home/joestar/Documents/projects/airflow_etl/airflow_env/lib/python3.8/site-packages/airflow/example_dags/example_setup_teardown_taskflow.py
[2023-09-14T17:52:03.711+0100] {processor.py:839} INFO - DAG(s) dict_keys(['example_setup_teardown_taskflow']) retrieved from /home/joestar/Documents/projects/airflow_etl/airflow_env/lib/python3.8/site-packages/airflow/example_dags/example_setup_teardown_taskflow.py
[2023-09-14T17:52:03.761+0100] {logging_mixin.py:151} INFO - [2023-09-14T17:52:03.760+0100] {dag.py:2915} INFO - Sync 1 DAGs
[2023-09-14T17:52:03.792+0100] {logging_mixin.py:151} INFO - [2023-09-14T17:52:03.792+0100] {dag.py:3696} INFO - Setting next_dagrun for example_setup_teardown_taskflow to 2023-09-13T16:52:03.792251+00:00, run_after=2023-09-14T16:52:03.792251+00:00
[2023-09-14T17:52:03.817+0100] {processor.py:179} INFO - Processing /home/joestar/Documents/projects/airflow_etl/airflow_env/lib/python3.8/site-packages/airflow/example_dags/example_setup_teardown_taskflow.py took 0.167 seconds
[2023-09-14T17:52:43.282+0100] {processor.py:157} INFO - Started process (PID=36800) to work on /home/joestar/Documents/projects/airflow_etl/airflow_env/lib/python3.8/site-packages/airflow/example_dags/example_setup_teardown_taskflow.py
[2023-09-14T17:52:43.284+0100] {processor.py:829} INFO - Processing file /home/joestar/Documents/projects/airflow_etl/airflow_env/lib/python3.8/site-packages/airflow/example_dags/example_setup_teardown_taskflow.py for tasks to queue
[2023-09-14T17:52:43.285+0100] {logging_mixin.py:151} INFO - [2023-09-14T17:52:43.285+0100] {dagbag.py:539} INFO - Filling up the DagBag from /home/joestar/Documents/projects/airflow_etl/airflow_env/lib/python3.8/site-packages/airflow/example_dags/example_setup_teardown_taskflow.py
[2023-09-14T17:52:43.306+0100] {processor.py:839} INFO - DAG(s) dict_keys(['example_setup_teardown_taskflow']) retrieved from /home/joestar/Documents/projects/airflow_etl/airflow_env/lib/python3.8/site-packages/airflow/example_dags/example_setup_teardown_taskflow.py
[2023-09-14T17:52:43.339+0100] {logging_mixin.py:151} INFO - [2023-09-14T17:52:43.339+0100] {dag.py:2915} INFO - Sync 1 DAGs
[2023-09-14T17:52:43.385+0100] {logging_mixin.py:151} INFO - [2023-09-14T17:52:43.385+0100] {dag.py:3696} INFO - Setting next_dagrun for example_setup_teardown_taskflow to 2023-09-13T16:52:43.384647+00:00, run_after=2023-09-14T16:52:43.384647+00:00
[2023-09-14T17:52:43.430+0100] {processor.py:179} INFO - Processing /home/joestar/Documents/projects/airflow_etl/airflow_env/lib/python3.8/site-packages/airflow/example_dags/example_setup_teardown_taskflow.py took 0.152 seconds
[2023-09-14T18:03:08.918+0100] {processor.py:157} INFO - Started process (PID=38726) to work on /home/joestar/Documents/projects/airflow_etl/airflow_env/lib/python3.8/site-packages/airflow/example_dags/example_setup_teardown_taskflow.py
[2023-09-14T18:03:08.919+0100] {processor.py:829} INFO - Processing file /home/joestar/Documents/projects/airflow_etl/airflow_env/lib/python3.8/site-packages/airflow/example_dags/example_setup_teardown_taskflow.py for tasks to queue
[2023-09-14T18:03:08.920+0100] {logging_mixin.py:151} INFO - [2023-09-14T18:03:08.920+0100] {dagbag.py:539} INFO - Filling up the DagBag from /home/joestar/Documents/projects/airflow_etl/airflow_env/lib/python3.8/site-packages/airflow/example_dags/example_setup_teardown_taskflow.py
[2023-09-14T18:03:08.930+0100] {processor.py:839} INFO - DAG(s) dict_keys(['example_setup_teardown_taskflow']) retrieved from /home/joestar/Documents/projects/airflow_etl/airflow_env/lib/python3.8/site-packages/airflow/example_dags/example_setup_teardown_taskflow.py
[2023-09-14T18:03:08.947+0100] {logging_mixin.py:151} INFO - [2023-09-14T18:03:08.946+0100] {dag.py:2915} INFO - Sync 1 DAGs
[2023-09-14T18:03:08.966+0100] {logging_mixin.py:151} INFO - [2023-09-14T18:03:08.966+0100] {dag.py:3696} INFO - Setting next_dagrun for example_setup_teardown_taskflow to 2023-09-13T17:03:08.966121+00:00, run_after=2023-09-14T17:03:08.966121+00:00
[2023-09-14T18:03:08.990+0100] {processor.py:179} INFO - Processing /home/joestar/Documents/projects/airflow_etl/airflow_env/lib/python3.8/site-packages/airflow/example_dags/example_setup_teardown_taskflow.py took 0.075 seconds
[2023-09-14T18:04:02.072+0100] {processor.py:157} INFO - Started process (PID=38960) to work on /home/joestar/Documents/projects/airflow_etl/airflow_env/lib/python3.8/site-packages/airflow/example_dags/example_setup_teardown_taskflow.py
[2023-09-14T18:04:02.073+0100] {processor.py:829} INFO - Processing file /home/joestar/Documents/projects/airflow_etl/airflow_env/lib/python3.8/site-packages/airflow/example_dags/example_setup_teardown_taskflow.py for tasks to queue
[2023-09-14T18:04:02.074+0100] {logging_mixin.py:151} INFO - [2023-09-14T18:04:02.074+0100] {dagbag.py:539} INFO - Filling up the DagBag from /home/joestar/Documents/projects/airflow_etl/airflow_env/lib/python3.8/site-packages/airflow/example_dags/example_setup_teardown_taskflow.py
[2023-09-14T18:04:02.085+0100] {processor.py:839} INFO - DAG(s) dict_keys(['example_setup_teardown_taskflow']) retrieved from /home/joestar/Documents/projects/airflow_etl/airflow_env/lib/python3.8/site-packages/airflow/example_dags/example_setup_teardown_taskflow.py
[2023-09-14T18:04:02.101+0100] {logging_mixin.py:151} INFO - [2023-09-14T18:04:02.100+0100] {dag.py:2915} INFO - Sync 1 DAGs
[2023-09-14T18:04:02.126+0100] {logging_mixin.py:151} INFO - [2023-09-14T18:04:02.126+0100] {dag.py:3696} INFO - Setting next_dagrun for example_setup_teardown_taskflow to 2023-09-13T17:04:02.126334+00:00, run_after=2023-09-14T17:04:02.126334+00:00
[2023-09-14T18:04:02.151+0100] {processor.py:179} INFO - Processing /home/joestar/Documents/projects/airflow_etl/airflow_env/lib/python3.8/site-packages/airflow/example_dags/example_setup_teardown_taskflow.py took 0.081 seconds
[2023-09-14T18:04:49.635+0100] {processor.py:157} INFO - Started process (PID=39184) to work on /home/joestar/Documents/projects/airflow_etl/airflow_env/lib/python3.8/site-packages/airflow/example_dags/example_setup_teardown_taskflow.py
[2023-09-14T18:04:49.637+0100] {processor.py:829} INFO - Processing file /home/joestar/Documents/projects/airflow_etl/airflow_env/lib/python3.8/site-packages/airflow/example_dags/example_setup_teardown_taskflow.py for tasks to queue
[2023-09-14T18:04:49.638+0100] {logging_mixin.py:151} INFO - [2023-09-14T18:04:49.637+0100] {dagbag.py:539} INFO - Filling up the DagBag from /home/joestar/Documents/projects/airflow_etl/airflow_env/lib/python3.8/site-packages/airflow/example_dags/example_setup_teardown_taskflow.py
[2023-09-14T18:04:49.656+0100] {processor.py:839} INFO - DAG(s) dict_keys(['example_setup_teardown_taskflow']) retrieved from /home/joestar/Documents/projects/airflow_etl/airflow_env/lib/python3.8/site-packages/airflow/example_dags/example_setup_teardown_taskflow.py
[2023-09-14T18:04:49.687+0100] {logging_mixin.py:151} INFO - [2023-09-14T18:04:49.687+0100] {dag.py:2915} INFO - Sync 1 DAGs
[2023-09-14T18:04:49.722+0100] {logging_mixin.py:151} INFO - [2023-09-14T18:04:49.721+0100] {dag.py:3696} INFO - Setting next_dagrun for example_setup_teardown_taskflow to 2023-09-13T17:04:49.721458+00:00, run_after=2023-09-14T17:04:49.721458+00:00
[2023-09-14T18:04:49.758+0100] {processor.py:179} INFO - Processing /home/joestar/Documents/projects/airflow_etl/airflow_env/lib/python3.8/site-packages/airflow/example_dags/example_setup_teardown_taskflow.py took 0.127 seconds
