[2023-09-14T17:12:43.406+0100] {processor.py:157} INFO - Started process (PID=24530) to work on /home/joestar/Documents/projects/airflow_etl/airflow_env/lib/python3.8/site-packages/airflow/example_dags/example_kubernetes_executor.py
[2023-09-14T17:12:43.407+0100] {processor.py:829} INFO - Processing file /home/joestar/Documents/projects/airflow_etl/airflow_env/lib/python3.8/site-packages/airflow/example_dags/example_kubernetes_executor.py for tasks to queue
[2023-09-14T17:12:43.408+0100] {logging_mixin.py:151} INFO - [2023-09-14T17:12:43.408+0100] {dagbag.py:539} INFO - Filling up the DagBag from /home/joestar/Documents/projects/airflow_etl/airflow_env/lib/python3.8/site-packages/airflow/example_dags/example_kubernetes_executor.py
[2023-09-14T17:12:43.412+0100] {logging_mixin.py:151} INFO - [2023-09-14T17:12:43.411+0100] {example_kubernetes_executor.py:38} WARNING - The example_kubernetes_executor example DAG requires the kubernetes provider. Please install it with: pip install apache-airflow[cncf.kubernetes]
[2023-09-14T17:12:43.412+0100] {processor.py:841} WARNING - No viable dags retrieved from /home/joestar/Documents/projects/airflow_etl/airflow_env/lib/python3.8/site-packages/airflow/example_dags/example_kubernetes_executor.py
[2023-09-14T17:12:43.432+0100] {processor.py:179} INFO - Processing /home/joestar/Documents/projects/airflow_etl/airflow_env/lib/python3.8/site-packages/airflow/example_dags/example_kubernetes_executor.py took 0.029 seconds
[2023-09-14T17:13:33.508+0100] {processor.py:157} INFO - Started process (PID=24886) to work on /home/joestar/Documents/projects/airflow_etl/airflow_env/lib/python3.8/site-packages/airflow/example_dags/example_kubernetes_executor.py
[2023-09-14T17:13:33.509+0100] {processor.py:829} INFO - Processing file /home/joestar/Documents/projects/airflow_etl/airflow_env/lib/python3.8/site-packages/airflow/example_dags/example_kubernetes_executor.py for tasks to queue
[2023-09-14T17:13:33.510+0100] {logging_mixin.py:151} INFO - [2023-09-14T17:13:33.510+0100] {dagbag.py:539} INFO - Filling up the DagBag from /home/joestar/Documents/projects/airflow_etl/airflow_env/lib/python3.8/site-packages/airflow/example_dags/example_kubernetes_executor.py
[2023-09-14T17:13:33.513+0100] {logging_mixin.py:151} INFO - [2023-09-14T17:13:33.513+0100] {example_kubernetes_executor.py:38} WARNING - The example_kubernetes_executor example DAG requires the kubernetes provider. Please install it with: pip install apache-airflow[cncf.kubernetes]
[2023-09-14T17:13:33.514+0100] {processor.py:841} WARNING - No viable dags retrieved from /home/joestar/Documents/projects/airflow_etl/airflow_env/lib/python3.8/site-packages/airflow/example_dags/example_kubernetes_executor.py
[2023-09-14T17:13:33.524+0100] {processor.py:179} INFO - Processing /home/joestar/Documents/projects/airflow_etl/airflow_env/lib/python3.8/site-packages/airflow/example_dags/example_kubernetes_executor.py took 0.019 seconds
[2023-09-14T17:14:29.611+0100] {processor.py:157} INFO - Started process (PID=25270) to work on /home/joestar/Documents/projects/airflow_etl/airflow_env/lib/python3.8/site-packages/airflow/example_dags/example_kubernetes_executor.py
[2023-09-14T17:14:29.616+0100] {processor.py:829} INFO - Processing file /home/joestar/Documents/projects/airflow_etl/airflow_env/lib/python3.8/site-packages/airflow/example_dags/example_kubernetes_executor.py for tasks to queue
[2023-09-14T17:14:29.621+0100] {logging_mixin.py:151} INFO - [2023-09-14T17:14:29.619+0100] {dagbag.py:539} INFO - Filling up the DagBag from /home/joestar/Documents/projects/airflow_etl/airflow_env/lib/python3.8/site-packages/airflow/example_dags/example_kubernetes_executor.py
[2023-09-14T17:14:29.637+0100] {logging_mixin.py:151} INFO - [2023-09-14T17:14:29.637+0100] {example_kubernetes_executor.py:38} WARNING - The example_kubernetes_executor example DAG requires the kubernetes provider. Please install it with: pip install apache-airflow[cncf.kubernetes]
[2023-09-14T17:14:29.638+0100] {processor.py:841} WARNING - No viable dags retrieved from /home/joestar/Documents/projects/airflow_etl/airflow_env/lib/python3.8/site-packages/airflow/example_dags/example_kubernetes_executor.py
[2023-09-14T17:14:29.661+0100] {processor.py:179} INFO - Processing /home/joestar/Documents/projects/airflow_etl/airflow_env/lib/python3.8/site-packages/airflow/example_dags/example_kubernetes_executor.py took 0.065 seconds
[2023-09-14T17:15:29.101+0100] {processor.py:157} INFO - Started process (PID=25928) to work on /home/joestar/Documents/projects/airflow_etl/airflow_env/lib/python3.8/site-packages/airflow/example_dags/example_kubernetes_executor.py
[2023-09-14T17:15:29.102+0100] {processor.py:829} INFO - Processing file /home/joestar/Documents/projects/airflow_etl/airflow_env/lib/python3.8/site-packages/airflow/example_dags/example_kubernetes_executor.py for tasks to queue
[2023-09-14T17:15:29.103+0100] {logging_mixin.py:151} INFO - [2023-09-14T17:15:29.103+0100] {dagbag.py:539} INFO - Filling up the DagBag from /home/joestar/Documents/projects/airflow_etl/airflow_env/lib/python3.8/site-packages/airflow/example_dags/example_kubernetes_executor.py
[2023-09-14T17:15:29.106+0100] {logging_mixin.py:151} INFO - [2023-09-14T17:15:29.106+0100] {example_kubernetes_executor.py:38} WARNING - The example_kubernetes_executor example DAG requires the kubernetes provider. Please install it with: pip install apache-airflow[cncf.kubernetes]
[2023-09-14T17:15:29.106+0100] {processor.py:841} WARNING - No viable dags retrieved from /home/joestar/Documents/projects/airflow_etl/airflow_env/lib/python3.8/site-packages/airflow/example_dags/example_kubernetes_executor.py
[2023-09-14T17:15:29.117+0100] {processor.py:179} INFO - Processing /home/joestar/Documents/projects/airflow_etl/airflow_env/lib/python3.8/site-packages/airflow/example_dags/example_kubernetes_executor.py took 0.018 seconds
[2023-09-14T17:16:23.238+0100] {processor.py:157} INFO - Started process (PID=26179) to work on /home/joestar/Documents/projects/airflow_etl/airflow_env/lib/python3.8/site-packages/airflow/example_dags/example_kubernetes_executor.py
[2023-09-14T17:16:23.238+0100] {processor.py:829} INFO - Processing file /home/joestar/Documents/projects/airflow_etl/airflow_env/lib/python3.8/site-packages/airflow/example_dags/example_kubernetes_executor.py for tasks to queue
[2023-09-14T17:16:23.239+0100] {logging_mixin.py:151} INFO - [2023-09-14T17:16:23.239+0100] {dagbag.py:539} INFO - Filling up the DagBag from /home/joestar/Documents/projects/airflow_etl/airflow_env/lib/python3.8/site-packages/airflow/example_dags/example_kubernetes_executor.py
[2023-09-14T17:16:23.243+0100] {logging_mixin.py:151} INFO - [2023-09-14T17:16:23.243+0100] {example_kubernetes_executor.py:38} WARNING - The example_kubernetes_executor example DAG requires the kubernetes provider. Please install it with: pip install apache-airflow[cncf.kubernetes]
[2023-09-14T17:16:23.243+0100] {processor.py:841} WARNING - No viable dags retrieved from /home/joestar/Documents/projects/airflow_etl/airflow_env/lib/python3.8/site-packages/airflow/example_dags/example_kubernetes_executor.py
[2023-09-14T17:16:23.254+0100] {processor.py:179} INFO - Processing /home/joestar/Documents/projects/airflow_etl/airflow_env/lib/python3.8/site-packages/airflow/example_dags/example_kubernetes_executor.py took 0.019 seconds
[2023-09-14T17:17:15.101+0100] {processor.py:157} INFO - Started process (PID=26431) to work on /home/joestar/Documents/projects/airflow_etl/airflow_env/lib/python3.8/site-packages/airflow/example_dags/example_kubernetes_executor.py
[2023-09-14T17:17:15.102+0100] {processor.py:829} INFO - Processing file /home/joestar/Documents/projects/airflow_etl/airflow_env/lib/python3.8/site-packages/airflow/example_dags/example_kubernetes_executor.py for tasks to queue
[2023-09-14T17:17:15.103+0100] {logging_mixin.py:151} INFO - [2023-09-14T17:17:15.102+0100] {dagbag.py:539} INFO - Filling up the DagBag from /home/joestar/Documents/projects/airflow_etl/airflow_env/lib/python3.8/site-packages/airflow/example_dags/example_kubernetes_executor.py
[2023-09-14T17:17:15.106+0100] {logging_mixin.py:151} INFO - [2023-09-14T17:17:15.106+0100] {example_kubernetes_executor.py:38} WARNING - The example_kubernetes_executor example DAG requires the kubernetes provider. Please install it with: pip install apache-airflow[cncf.kubernetes]
[2023-09-14T17:17:15.106+0100] {processor.py:841} WARNING - No viable dags retrieved from /home/joestar/Documents/projects/airflow_etl/airflow_env/lib/python3.8/site-packages/airflow/example_dags/example_kubernetes_executor.py
[2023-09-14T17:17:15.115+0100] {processor.py:179} INFO - Processing /home/joestar/Documents/projects/airflow_etl/airflow_env/lib/python3.8/site-packages/airflow/example_dags/example_kubernetes_executor.py took 0.017 seconds
[2023-09-14T17:18:05.991+0100] {processor.py:157} INFO - Started process (PID=26723) to work on /home/joestar/Documents/projects/airflow_etl/airflow_env/lib/python3.8/site-packages/airflow/example_dags/example_kubernetes_executor.py
[2023-09-14T17:18:05.993+0100] {processor.py:829} INFO - Processing file /home/joestar/Documents/projects/airflow_etl/airflow_env/lib/python3.8/site-packages/airflow/example_dags/example_kubernetes_executor.py for tasks to queue
[2023-09-14T17:18:05.994+0100] {logging_mixin.py:151} INFO - [2023-09-14T17:18:05.993+0100] {dagbag.py:539} INFO - Filling up the DagBag from /home/joestar/Documents/projects/airflow_etl/airflow_env/lib/python3.8/site-packages/airflow/example_dags/example_kubernetes_executor.py
[2023-09-14T17:18:05.998+0100] {logging_mixin.py:151} INFO - [2023-09-14T17:18:05.998+0100] {example_kubernetes_executor.py:38} WARNING - The example_kubernetes_executor example DAG requires the kubernetes provider. Please install it with: pip install apache-airflow[cncf.kubernetes]
[2023-09-14T17:18:05.998+0100] {processor.py:841} WARNING - No viable dags retrieved from /home/joestar/Documents/projects/airflow_etl/airflow_env/lib/python3.8/site-packages/airflow/example_dags/example_kubernetes_executor.py
[2023-09-14T17:18:06.007+0100] {processor.py:179} INFO - Processing /home/joestar/Documents/projects/airflow_etl/airflow_env/lib/python3.8/site-packages/airflow/example_dags/example_kubernetes_executor.py took 0.021 seconds
[2023-09-14T17:18:57.416+0100] {processor.py:157} INFO - Started process (PID=27163) to work on /home/joestar/Documents/projects/airflow_etl/airflow_env/lib/python3.8/site-packages/airflow/example_dags/example_kubernetes_executor.py
[2023-09-14T17:18:57.417+0100] {processor.py:829} INFO - Processing file /home/joestar/Documents/projects/airflow_etl/airflow_env/lib/python3.8/site-packages/airflow/example_dags/example_kubernetes_executor.py for tasks to queue
[2023-09-14T17:18:57.419+0100] {logging_mixin.py:151} INFO - [2023-09-14T17:18:57.418+0100] {dagbag.py:539} INFO - Filling up the DagBag from /home/joestar/Documents/projects/airflow_etl/airflow_env/lib/python3.8/site-packages/airflow/example_dags/example_kubernetes_executor.py
[2023-09-14T17:18:57.423+0100] {logging_mixin.py:151} INFO - [2023-09-14T17:18:57.423+0100] {example_kubernetes_executor.py:38} WARNING - The example_kubernetes_executor example DAG requires the kubernetes provider. Please install it with: pip install apache-airflow[cncf.kubernetes]
[2023-09-14T17:18:57.424+0100] {processor.py:841} WARNING - No viable dags retrieved from /home/joestar/Documents/projects/airflow_etl/airflow_env/lib/python3.8/site-packages/airflow/example_dags/example_kubernetes_executor.py
[2023-09-14T17:18:57.437+0100] {processor.py:179} INFO - Processing /home/joestar/Documents/projects/airflow_etl/airflow_env/lib/python3.8/site-packages/airflow/example_dags/example_kubernetes_executor.py took 0.025 seconds
[2023-09-14T17:19:57.508+0100] {processor.py:157} INFO - Started process (PID=27438) to work on /home/joestar/Documents/projects/airflow_etl/airflow_env/lib/python3.8/site-packages/airflow/example_dags/example_kubernetes_executor.py
[2023-09-14T17:19:57.511+0100] {processor.py:829} INFO - Processing file /home/joestar/Documents/projects/airflow_etl/airflow_env/lib/python3.8/site-packages/airflow/example_dags/example_kubernetes_executor.py for tasks to queue
[2023-09-14T17:19:57.512+0100] {logging_mixin.py:151} INFO - [2023-09-14T17:19:57.512+0100] {dagbag.py:539} INFO - Filling up the DagBag from /home/joestar/Documents/projects/airflow_etl/airflow_env/lib/python3.8/site-packages/airflow/example_dags/example_kubernetes_executor.py
[2023-09-14T17:19:57.517+0100] {logging_mixin.py:151} INFO - [2023-09-14T17:19:57.516+0100] {example_kubernetes_executor.py:38} WARNING - The example_kubernetes_executor example DAG requires the kubernetes provider. Please install it with: pip install apache-airflow[cncf.kubernetes]
[2023-09-14T17:19:57.517+0100] {processor.py:841} WARNING - No viable dags retrieved from /home/joestar/Documents/projects/airflow_etl/airflow_env/lib/python3.8/site-packages/airflow/example_dags/example_kubernetes_executor.py
[2023-09-14T17:19:57.535+0100] {processor.py:179} INFO - Processing /home/joestar/Documents/projects/airflow_etl/airflow_env/lib/python3.8/site-packages/airflow/example_dags/example_kubernetes_executor.py took 0.032 seconds
[2023-09-14T17:20:48.180+0100] {processor.py:157} INFO - Started process (PID=27643) to work on /home/joestar/Documents/projects/airflow_etl/airflow_env/lib/python3.8/site-packages/airflow/example_dags/example_kubernetes_executor.py
[2023-09-14T17:20:48.181+0100] {processor.py:829} INFO - Processing file /home/joestar/Documents/projects/airflow_etl/airflow_env/lib/python3.8/site-packages/airflow/example_dags/example_kubernetes_executor.py for tasks to queue
[2023-09-14T17:20:48.182+0100] {logging_mixin.py:151} INFO - [2023-09-14T17:20:48.181+0100] {dagbag.py:539} INFO - Filling up the DagBag from /home/joestar/Documents/projects/airflow_etl/airflow_env/lib/python3.8/site-packages/airflow/example_dags/example_kubernetes_executor.py
[2023-09-14T17:20:48.185+0100] {logging_mixin.py:151} INFO - [2023-09-14T17:20:48.184+0100] {example_kubernetes_executor.py:38} WARNING - The example_kubernetes_executor example DAG requires the kubernetes provider. Please install it with: pip install apache-airflow[cncf.kubernetes]
[2023-09-14T17:20:48.185+0100] {processor.py:841} WARNING - No viable dags retrieved from /home/joestar/Documents/projects/airflow_etl/airflow_env/lib/python3.8/site-packages/airflow/example_dags/example_kubernetes_executor.py
[2023-09-14T17:20:48.193+0100] {processor.py:179} INFO - Processing /home/joestar/Documents/projects/airflow_etl/airflow_env/lib/python3.8/site-packages/airflow/example_dags/example_kubernetes_executor.py took 0.016 seconds
[2023-09-14T17:21:40.206+0100] {processor.py:157} INFO - Started process (PID=27877) to work on /home/joestar/Documents/projects/airflow_etl/airflow_env/lib/python3.8/site-packages/airflow/example_dags/example_kubernetes_executor.py
[2023-09-14T17:21:40.207+0100] {processor.py:829} INFO - Processing file /home/joestar/Documents/projects/airflow_etl/airflow_env/lib/python3.8/site-packages/airflow/example_dags/example_kubernetes_executor.py for tasks to queue
[2023-09-14T17:21:40.208+0100] {logging_mixin.py:151} INFO - [2023-09-14T17:21:40.208+0100] {dagbag.py:539} INFO - Filling up the DagBag from /home/joestar/Documents/projects/airflow_etl/airflow_env/lib/python3.8/site-packages/airflow/example_dags/example_kubernetes_executor.py
[2023-09-14T17:21:40.211+0100] {logging_mixin.py:151} INFO - [2023-09-14T17:21:40.211+0100] {example_kubernetes_executor.py:38} WARNING - The example_kubernetes_executor example DAG requires the kubernetes provider. Please install it with: pip install apache-airflow[cncf.kubernetes]
[2023-09-14T17:21:40.211+0100] {processor.py:841} WARNING - No viable dags retrieved from /home/joestar/Documents/projects/airflow_etl/airflow_env/lib/python3.8/site-packages/airflow/example_dags/example_kubernetes_executor.py
[2023-09-14T17:21:40.220+0100] {processor.py:179} INFO - Processing /home/joestar/Documents/projects/airflow_etl/airflow_env/lib/python3.8/site-packages/airflow/example_dags/example_kubernetes_executor.py took 0.017 seconds
[2023-09-14T17:22:33.471+0100] {processor.py:157} INFO - Started process (PID=28098) to work on /home/joestar/Documents/projects/airflow_etl/airflow_env/lib/python3.8/site-packages/airflow/example_dags/example_kubernetes_executor.py
[2023-09-14T17:22:33.472+0100] {processor.py:829} INFO - Processing file /home/joestar/Documents/projects/airflow_etl/airflow_env/lib/python3.8/site-packages/airflow/example_dags/example_kubernetes_executor.py for tasks to queue
[2023-09-14T17:22:33.473+0100] {logging_mixin.py:151} INFO - [2023-09-14T17:22:33.473+0100] {dagbag.py:539} INFO - Filling up the DagBag from /home/joestar/Documents/projects/airflow_etl/airflow_env/lib/python3.8/site-packages/airflow/example_dags/example_kubernetes_executor.py
[2023-09-14T17:22:33.477+0100] {logging_mixin.py:151} INFO - [2023-09-14T17:22:33.476+0100] {example_kubernetes_executor.py:38} WARNING - The example_kubernetes_executor example DAG requires the kubernetes provider. Please install it with: pip install apache-airflow[cncf.kubernetes]
[2023-09-14T17:22:33.477+0100] {processor.py:841} WARNING - No viable dags retrieved from /home/joestar/Documents/projects/airflow_etl/airflow_env/lib/python3.8/site-packages/airflow/example_dags/example_kubernetes_executor.py
[2023-09-14T17:22:33.488+0100] {processor.py:179} INFO - Processing /home/joestar/Documents/projects/airflow_etl/airflow_env/lib/python3.8/site-packages/airflow/example_dags/example_kubernetes_executor.py took 0.020 seconds
[2023-09-14T17:23:27.572+0100] {processor.py:157} INFO - Started process (PID=28348) to work on /home/joestar/Documents/projects/airflow_etl/airflow_env/lib/python3.8/site-packages/airflow/example_dags/example_kubernetes_executor.py
[2023-09-14T17:23:27.574+0100] {processor.py:829} INFO - Processing file /home/joestar/Documents/projects/airflow_etl/airflow_env/lib/python3.8/site-packages/airflow/example_dags/example_kubernetes_executor.py for tasks to queue
[2023-09-14T17:23:27.575+0100] {logging_mixin.py:151} INFO - [2023-09-14T17:23:27.575+0100] {dagbag.py:539} INFO - Filling up the DagBag from /home/joestar/Documents/projects/airflow_etl/airflow_env/lib/python3.8/site-packages/airflow/example_dags/example_kubernetes_executor.py
[2023-09-14T17:23:27.578+0100] {logging_mixin.py:151} INFO - [2023-09-14T17:23:27.578+0100] {example_kubernetes_executor.py:38} WARNING - The example_kubernetes_executor example DAG requires the kubernetes provider. Please install it with: pip install apache-airflow[cncf.kubernetes]
[2023-09-14T17:23:27.579+0100] {processor.py:841} WARNING - No viable dags retrieved from /home/joestar/Documents/projects/airflow_etl/airflow_env/lib/python3.8/site-packages/airflow/example_dags/example_kubernetes_executor.py
[2023-09-14T17:23:27.589+0100] {processor.py:179} INFO - Processing /home/joestar/Documents/projects/airflow_etl/airflow_env/lib/python3.8/site-packages/airflow/example_dags/example_kubernetes_executor.py took 0.023 seconds
[2023-09-14T17:24:27.080+0100] {processor.py:157} INFO - Started process (PID=28607) to work on /home/joestar/Documents/projects/airflow_etl/airflow_env/lib/python3.8/site-packages/airflow/example_dags/example_kubernetes_executor.py
[2023-09-14T17:24:27.081+0100] {processor.py:829} INFO - Processing file /home/joestar/Documents/projects/airflow_etl/airflow_env/lib/python3.8/site-packages/airflow/example_dags/example_kubernetes_executor.py for tasks to queue
[2023-09-14T17:24:27.082+0100] {logging_mixin.py:151} INFO - [2023-09-14T17:24:27.082+0100] {dagbag.py:539} INFO - Filling up the DagBag from /home/joestar/Documents/projects/airflow_etl/airflow_env/lib/python3.8/site-packages/airflow/example_dags/example_kubernetes_executor.py
[2023-09-14T17:24:27.086+0100] {logging_mixin.py:151} INFO - [2023-09-14T17:24:27.086+0100] {example_kubernetes_executor.py:38} WARNING - The example_kubernetes_executor example DAG requires the kubernetes provider. Please install it with: pip install apache-airflow[cncf.kubernetes]
[2023-09-14T17:24:27.087+0100] {processor.py:841} WARNING - No viable dags retrieved from /home/joestar/Documents/projects/airflow_etl/airflow_env/lib/python3.8/site-packages/airflow/example_dags/example_kubernetes_executor.py
[2023-09-14T17:24:27.099+0100] {processor.py:179} INFO - Processing /home/joestar/Documents/projects/airflow_etl/airflow_env/lib/python3.8/site-packages/airflow/example_dags/example_kubernetes_executor.py took 0.023 seconds
[2023-09-14T17:25:25.147+0100] {processor.py:157} INFO - Started process (PID=28845) to work on /home/joestar/Documents/projects/airflow_etl/airflow_env/lib/python3.8/site-packages/airflow/example_dags/example_kubernetes_executor.py
[2023-09-14T17:25:25.148+0100] {processor.py:829} INFO - Processing file /home/joestar/Documents/projects/airflow_etl/airflow_env/lib/python3.8/site-packages/airflow/example_dags/example_kubernetes_executor.py for tasks to queue
[2023-09-14T17:25:25.149+0100] {logging_mixin.py:151} INFO - [2023-09-14T17:25:25.149+0100] {dagbag.py:539} INFO - Filling up the DagBag from /home/joestar/Documents/projects/airflow_etl/airflow_env/lib/python3.8/site-packages/airflow/example_dags/example_kubernetes_executor.py
[2023-09-14T17:25:25.153+0100] {logging_mixin.py:151} INFO - [2023-09-14T17:25:25.153+0100] {example_kubernetes_executor.py:38} WARNING - The example_kubernetes_executor example DAG requires the kubernetes provider. Please install it with: pip install apache-airflow[cncf.kubernetes]
[2023-09-14T17:25:25.154+0100] {processor.py:841} WARNING - No viable dags retrieved from /home/joestar/Documents/projects/airflow_etl/airflow_env/lib/python3.8/site-packages/airflow/example_dags/example_kubernetes_executor.py
[2023-09-14T17:25:25.167+0100] {processor.py:179} INFO - Processing /home/joestar/Documents/projects/airflow_etl/airflow_env/lib/python3.8/site-packages/airflow/example_dags/example_kubernetes_executor.py took 0.023 seconds
[2023-09-14T17:26:18.366+0100] {processor.py:157} INFO - Started process (PID=29079) to work on /home/joestar/Documents/projects/airflow_etl/airflow_env/lib/python3.8/site-packages/airflow/example_dags/example_kubernetes_executor.py
[2023-09-14T17:26:18.367+0100] {processor.py:829} INFO - Processing file /home/joestar/Documents/projects/airflow_etl/airflow_env/lib/python3.8/site-packages/airflow/example_dags/example_kubernetes_executor.py for tasks to queue
[2023-09-14T17:26:18.368+0100] {logging_mixin.py:151} INFO - [2023-09-14T17:26:18.367+0100] {dagbag.py:539} INFO - Filling up the DagBag from /home/joestar/Documents/projects/airflow_etl/airflow_env/lib/python3.8/site-packages/airflow/example_dags/example_kubernetes_executor.py
[2023-09-14T17:26:18.371+0100] {logging_mixin.py:151} INFO - [2023-09-14T17:26:18.371+0100] {example_kubernetes_executor.py:38} WARNING - The example_kubernetes_executor example DAG requires the kubernetes provider. Please install it with: pip install apache-airflow[cncf.kubernetes]
[2023-09-14T17:26:18.371+0100] {processor.py:841} WARNING - No viable dags retrieved from /home/joestar/Documents/projects/airflow_etl/airflow_env/lib/python3.8/site-packages/airflow/example_dags/example_kubernetes_executor.py
[2023-09-14T17:26:18.381+0100] {processor.py:179} INFO - Processing /home/joestar/Documents/projects/airflow_etl/airflow_env/lib/python3.8/site-packages/airflow/example_dags/example_kubernetes_executor.py took 0.018 seconds
[2023-09-14T17:27:11.300+0100] {processor.py:157} INFO - Started process (PID=29322) to work on /home/joestar/Documents/projects/airflow_etl/airflow_env/lib/python3.8/site-packages/airflow/example_dags/example_kubernetes_executor.py
[2023-09-14T17:27:11.302+0100] {processor.py:829} INFO - Processing file /home/joestar/Documents/projects/airflow_etl/airflow_env/lib/python3.8/site-packages/airflow/example_dags/example_kubernetes_executor.py for tasks to queue
[2023-09-14T17:27:11.303+0100] {logging_mixin.py:151} INFO - [2023-09-14T17:27:11.303+0100] {dagbag.py:539} INFO - Filling up the DagBag from /home/joestar/Documents/projects/airflow_etl/airflow_env/lib/python3.8/site-packages/airflow/example_dags/example_kubernetes_executor.py
[2023-09-14T17:27:11.308+0100] {logging_mixin.py:151} INFO - [2023-09-14T17:27:11.307+0100] {example_kubernetes_executor.py:38} WARNING - The example_kubernetes_executor example DAG requires the kubernetes provider. Please install it with: pip install apache-airflow[cncf.kubernetes]
[2023-09-14T17:27:11.308+0100] {processor.py:841} WARNING - No viable dags retrieved from /home/joestar/Documents/projects/airflow_etl/airflow_env/lib/python3.8/site-packages/airflow/example_dags/example_kubernetes_executor.py
[2023-09-14T17:27:11.329+0100] {processor.py:179} INFO - Processing /home/joestar/Documents/projects/airflow_etl/airflow_env/lib/python3.8/site-packages/airflow/example_dags/example_kubernetes_executor.py took 0.033 seconds
[2023-09-14T17:28:07.063+0100] {processor.py:157} INFO - Started process (PID=29563) to work on /home/joestar/Documents/projects/airflow_etl/airflow_env/lib/python3.8/site-packages/airflow/example_dags/example_kubernetes_executor.py
[2023-09-14T17:28:07.065+0100] {processor.py:829} INFO - Processing file /home/joestar/Documents/projects/airflow_etl/airflow_env/lib/python3.8/site-packages/airflow/example_dags/example_kubernetes_executor.py for tasks to queue
[2023-09-14T17:28:07.066+0100] {logging_mixin.py:151} INFO - [2023-09-14T17:28:07.065+0100] {dagbag.py:539} INFO - Filling up the DagBag from /home/joestar/Documents/projects/airflow_etl/airflow_env/lib/python3.8/site-packages/airflow/example_dags/example_kubernetes_executor.py
[2023-09-14T17:28:07.070+0100] {logging_mixin.py:151} INFO - [2023-09-14T17:28:07.070+0100] {example_kubernetes_executor.py:38} WARNING - The example_kubernetes_executor example DAG requires the kubernetes provider. Please install it with: pip install apache-airflow[cncf.kubernetes]
[2023-09-14T17:28:07.070+0100] {processor.py:841} WARNING - No viable dags retrieved from /home/joestar/Documents/projects/airflow_etl/airflow_env/lib/python3.8/site-packages/airflow/example_dags/example_kubernetes_executor.py
[2023-09-14T17:28:07.085+0100] {processor.py:179} INFO - Processing /home/joestar/Documents/projects/airflow_etl/airflow_env/lib/python3.8/site-packages/airflow/example_dags/example_kubernetes_executor.py took 0.026 seconds
[2023-09-14T17:28:58.947+0100] {processor.py:157} INFO - Started process (PID=29821) to work on /home/joestar/Documents/projects/airflow_etl/airflow_env/lib/python3.8/site-packages/airflow/example_dags/example_kubernetes_executor.py
[2023-09-14T17:28:58.947+0100] {processor.py:829} INFO - Processing file /home/joestar/Documents/projects/airflow_etl/airflow_env/lib/python3.8/site-packages/airflow/example_dags/example_kubernetes_executor.py for tasks to queue
[2023-09-14T17:28:58.948+0100] {logging_mixin.py:151} INFO - [2023-09-14T17:28:58.948+0100] {dagbag.py:539} INFO - Filling up the DagBag from /home/joestar/Documents/projects/airflow_etl/airflow_env/lib/python3.8/site-packages/airflow/example_dags/example_kubernetes_executor.py
[2023-09-14T17:28:58.951+0100] {logging_mixin.py:151} INFO - [2023-09-14T17:28:58.951+0100] {example_kubernetes_executor.py:38} WARNING - The example_kubernetes_executor example DAG requires the kubernetes provider. Please install it with: pip install apache-airflow[cncf.kubernetes]
[2023-09-14T17:28:58.951+0100] {processor.py:841} WARNING - No viable dags retrieved from /home/joestar/Documents/projects/airflow_etl/airflow_env/lib/python3.8/site-packages/airflow/example_dags/example_kubernetes_executor.py
[2023-09-14T17:28:58.959+0100] {processor.py:179} INFO - Processing /home/joestar/Documents/projects/airflow_etl/airflow_env/lib/python3.8/site-packages/airflow/example_dags/example_kubernetes_executor.py took 0.015 seconds
[2023-09-14T17:29:51.478+0100] {processor.py:157} INFO - Started process (PID=30044) to work on /home/joestar/Documents/projects/airflow_etl/airflow_env/lib/python3.8/site-packages/airflow/example_dags/example_kubernetes_executor.py
[2023-09-14T17:29:51.479+0100] {processor.py:829} INFO - Processing file /home/joestar/Documents/projects/airflow_etl/airflow_env/lib/python3.8/site-packages/airflow/example_dags/example_kubernetes_executor.py for tasks to queue
[2023-09-14T17:29:51.480+0100] {logging_mixin.py:151} INFO - [2023-09-14T17:29:51.480+0100] {dagbag.py:539} INFO - Filling up the DagBag from /home/joestar/Documents/projects/airflow_etl/airflow_env/lib/python3.8/site-packages/airflow/example_dags/example_kubernetes_executor.py
[2023-09-14T17:29:51.484+0100] {logging_mixin.py:151} INFO - [2023-09-14T17:29:51.483+0100] {example_kubernetes_executor.py:38} WARNING - The example_kubernetes_executor example DAG requires the kubernetes provider. Please install it with: pip install apache-airflow[cncf.kubernetes]
[2023-09-14T17:29:51.484+0100] {processor.py:841} WARNING - No viable dags retrieved from /home/joestar/Documents/projects/airflow_etl/airflow_env/lib/python3.8/site-packages/airflow/example_dags/example_kubernetes_executor.py
[2023-09-14T17:29:51.498+0100] {processor.py:179} INFO - Processing /home/joestar/Documents/projects/airflow_etl/airflow_env/lib/python3.8/site-packages/airflow/example_dags/example_kubernetes_executor.py took 0.023 seconds
[2023-09-14T17:30:44.626+0100] {processor.py:157} INFO - Started process (PID=30290) to work on /home/joestar/Documents/projects/airflow_etl/airflow_env/lib/python3.8/site-packages/airflow/example_dags/example_kubernetes_executor.py
[2023-09-14T17:30:44.627+0100] {processor.py:829} INFO - Processing file /home/joestar/Documents/projects/airflow_etl/airflow_env/lib/python3.8/site-packages/airflow/example_dags/example_kubernetes_executor.py for tasks to queue
[2023-09-14T17:30:44.628+0100] {logging_mixin.py:151} INFO - [2023-09-14T17:30:44.627+0100] {dagbag.py:539} INFO - Filling up the DagBag from /home/joestar/Documents/projects/airflow_etl/airflow_env/lib/python3.8/site-packages/airflow/example_dags/example_kubernetes_executor.py
[2023-09-14T17:30:44.631+0100] {logging_mixin.py:151} INFO - [2023-09-14T17:30:44.630+0100] {example_kubernetes_executor.py:38} WARNING - The example_kubernetes_executor example DAG requires the kubernetes provider. Please install it with: pip install apache-airflow[cncf.kubernetes]
[2023-09-14T17:30:44.631+0100] {processor.py:841} WARNING - No viable dags retrieved from /home/joestar/Documents/projects/airflow_etl/airflow_env/lib/python3.8/site-packages/airflow/example_dags/example_kubernetes_executor.py
[2023-09-14T17:30:44.641+0100] {processor.py:179} INFO - Processing /home/joestar/Documents/projects/airflow_etl/airflow_env/lib/python3.8/site-packages/airflow/example_dags/example_kubernetes_executor.py took 0.019 seconds
[2023-09-14T17:31:34.026+0100] {processor.py:157} INFO - Started process (PID=30522) to work on /home/joestar/Documents/projects/airflow_etl/airflow_env/lib/python3.8/site-packages/airflow/example_dags/example_kubernetes_executor.py
[2023-09-14T17:31:34.027+0100] {processor.py:829} INFO - Processing file /home/joestar/Documents/projects/airflow_etl/airflow_env/lib/python3.8/site-packages/airflow/example_dags/example_kubernetes_executor.py for tasks to queue
[2023-09-14T17:31:34.028+0100] {logging_mixin.py:151} INFO - [2023-09-14T17:31:34.028+0100] {dagbag.py:539} INFO - Filling up the DagBag from /home/joestar/Documents/projects/airflow_etl/airflow_env/lib/python3.8/site-packages/airflow/example_dags/example_kubernetes_executor.py
[2023-09-14T17:31:34.032+0100] {logging_mixin.py:151} INFO - [2023-09-14T17:31:34.032+0100] {example_kubernetes_executor.py:38} WARNING - The example_kubernetes_executor example DAG requires the kubernetes provider. Please install it with: pip install apache-airflow[cncf.kubernetes]
[2023-09-14T17:31:34.032+0100] {processor.py:841} WARNING - No viable dags retrieved from /home/joestar/Documents/projects/airflow_etl/airflow_env/lib/python3.8/site-packages/airflow/example_dags/example_kubernetes_executor.py
[2023-09-14T17:31:34.041+0100] {processor.py:179} INFO - Processing /home/joestar/Documents/projects/airflow_etl/airflow_env/lib/python3.8/site-packages/airflow/example_dags/example_kubernetes_executor.py took 0.019 seconds
[2023-09-14T17:32:25.082+0100] {processor.py:157} INFO - Started process (PID=30754) to work on /home/joestar/Documents/projects/airflow_etl/airflow_env/lib/python3.8/site-packages/airflow/example_dags/example_kubernetes_executor.py
[2023-09-14T17:32:25.083+0100] {processor.py:829} INFO - Processing file /home/joestar/Documents/projects/airflow_etl/airflow_env/lib/python3.8/site-packages/airflow/example_dags/example_kubernetes_executor.py for tasks to queue
[2023-09-14T17:32:25.084+0100] {logging_mixin.py:151} INFO - [2023-09-14T17:32:25.083+0100] {dagbag.py:539} INFO - Filling up the DagBag from /home/joestar/Documents/projects/airflow_etl/airflow_env/lib/python3.8/site-packages/airflow/example_dags/example_kubernetes_executor.py
[2023-09-14T17:32:25.087+0100] {logging_mixin.py:151} INFO - [2023-09-14T17:32:25.087+0100] {example_kubernetes_executor.py:38} WARNING - The example_kubernetes_executor example DAG requires the kubernetes provider. Please install it with: pip install apache-airflow[cncf.kubernetes]
[2023-09-14T17:32:25.087+0100] {processor.py:841} WARNING - No viable dags retrieved from /home/joestar/Documents/projects/airflow_etl/airflow_env/lib/python3.8/site-packages/airflow/example_dags/example_kubernetes_executor.py
[2023-09-14T17:32:25.099+0100] {processor.py:179} INFO - Processing /home/joestar/Documents/projects/airflow_etl/airflow_env/lib/python3.8/site-packages/airflow/example_dags/example_kubernetes_executor.py took 0.020 seconds
[2023-09-14T17:33:17.431+0100] {processor.py:157} INFO - Started process (PID=30990) to work on /home/joestar/Documents/projects/airflow_etl/airflow_env/lib/python3.8/site-packages/airflow/example_dags/example_kubernetes_executor.py
[2023-09-14T17:33:17.432+0100] {processor.py:829} INFO - Processing file /home/joestar/Documents/projects/airflow_etl/airflow_env/lib/python3.8/site-packages/airflow/example_dags/example_kubernetes_executor.py for tasks to queue
[2023-09-14T17:33:17.433+0100] {logging_mixin.py:151} INFO - [2023-09-14T17:33:17.433+0100] {dagbag.py:539} INFO - Filling up the DagBag from /home/joestar/Documents/projects/airflow_etl/airflow_env/lib/python3.8/site-packages/airflow/example_dags/example_kubernetes_executor.py
[2023-09-14T17:33:17.437+0100] {logging_mixin.py:151} INFO - [2023-09-14T17:33:17.437+0100] {example_kubernetes_executor.py:38} WARNING - The example_kubernetes_executor example DAG requires the kubernetes provider. Please install it with: pip install apache-airflow[cncf.kubernetes]
[2023-09-14T17:33:17.437+0100] {processor.py:841} WARNING - No viable dags retrieved from /home/joestar/Documents/projects/airflow_etl/airflow_env/lib/python3.8/site-packages/airflow/example_dags/example_kubernetes_executor.py
[2023-09-14T17:33:17.449+0100] {processor.py:179} INFO - Processing /home/joestar/Documents/projects/airflow_etl/airflow_env/lib/python3.8/site-packages/airflow/example_dags/example_kubernetes_executor.py took 0.021 seconds
[2023-09-14T17:34:11.459+0100] {processor.py:157} INFO - Started process (PID=31243) to work on /home/joestar/Documents/projects/airflow_etl/airflow_env/lib/python3.8/site-packages/airflow/example_dags/example_kubernetes_executor.py
[2023-09-14T17:34:11.460+0100] {processor.py:829} INFO - Processing file /home/joestar/Documents/projects/airflow_etl/airflow_env/lib/python3.8/site-packages/airflow/example_dags/example_kubernetes_executor.py for tasks to queue
[2023-09-14T17:34:11.461+0100] {logging_mixin.py:151} INFO - [2023-09-14T17:34:11.460+0100] {dagbag.py:539} INFO - Filling up the DagBag from /home/joestar/Documents/projects/airflow_etl/airflow_env/lib/python3.8/site-packages/airflow/example_dags/example_kubernetes_executor.py
[2023-09-14T17:34:11.464+0100] {logging_mixin.py:151} INFO - [2023-09-14T17:34:11.464+0100] {example_kubernetes_executor.py:38} WARNING - The example_kubernetes_executor example DAG requires the kubernetes provider. Please install it with: pip install apache-airflow[cncf.kubernetes]
[2023-09-14T17:34:11.464+0100] {processor.py:841} WARNING - No viable dags retrieved from /home/joestar/Documents/projects/airflow_etl/airflow_env/lib/python3.8/site-packages/airflow/example_dags/example_kubernetes_executor.py
[2023-09-14T17:34:11.473+0100] {processor.py:179} INFO - Processing /home/joestar/Documents/projects/airflow_etl/airflow_env/lib/python3.8/site-packages/airflow/example_dags/example_kubernetes_executor.py took 0.017 seconds
[2023-09-14T17:35:04.414+0100] {processor.py:157} INFO - Started process (PID=31475) to work on /home/joestar/Documents/projects/airflow_etl/airflow_env/lib/python3.8/site-packages/airflow/example_dags/example_kubernetes_executor.py
[2023-09-14T17:35:04.416+0100] {processor.py:829} INFO - Processing file /home/joestar/Documents/projects/airflow_etl/airflow_env/lib/python3.8/site-packages/airflow/example_dags/example_kubernetes_executor.py for tasks to queue
[2023-09-14T17:35:04.418+0100] {logging_mixin.py:151} INFO - [2023-09-14T17:35:04.418+0100] {dagbag.py:539} INFO - Filling up the DagBag from /home/joestar/Documents/projects/airflow_etl/airflow_env/lib/python3.8/site-packages/airflow/example_dags/example_kubernetes_executor.py
[2023-09-14T17:35:04.426+0100] {logging_mixin.py:151} INFO - [2023-09-14T17:35:04.425+0100] {example_kubernetes_executor.py:38} WARNING - The example_kubernetes_executor example DAG requires the kubernetes provider. Please install it with: pip install apache-airflow[cncf.kubernetes]
[2023-09-14T17:35:04.427+0100] {processor.py:841} WARNING - No viable dags retrieved from /home/joestar/Documents/projects/airflow_etl/airflow_env/lib/python3.8/site-packages/airflow/example_dags/example_kubernetes_executor.py
[2023-09-14T17:35:04.452+0100] {processor.py:179} INFO - Processing /home/joestar/Documents/projects/airflow_etl/airflow_env/lib/python3.8/site-packages/airflow/example_dags/example_kubernetes_executor.py took 0.046 seconds
[2023-09-14T17:35:55.835+0100] {processor.py:157} INFO - Started process (PID=31708) to work on /home/joestar/Documents/projects/airflow_etl/airflow_env/lib/python3.8/site-packages/airflow/example_dags/example_kubernetes_executor.py
[2023-09-14T17:35:55.835+0100] {processor.py:829} INFO - Processing file /home/joestar/Documents/projects/airflow_etl/airflow_env/lib/python3.8/site-packages/airflow/example_dags/example_kubernetes_executor.py for tasks to queue
[2023-09-14T17:35:55.836+0100] {logging_mixin.py:151} INFO - [2023-09-14T17:35:55.836+0100] {dagbag.py:539} INFO - Filling up the DagBag from /home/joestar/Documents/projects/airflow_etl/airflow_env/lib/python3.8/site-packages/airflow/example_dags/example_kubernetes_executor.py
[2023-09-14T17:35:55.840+0100] {logging_mixin.py:151} INFO - [2023-09-14T17:35:55.839+0100] {example_kubernetes_executor.py:38} WARNING - The example_kubernetes_executor example DAG requires the kubernetes provider. Please install it with: pip install apache-airflow[cncf.kubernetes]
[2023-09-14T17:35:55.840+0100] {processor.py:841} WARNING - No viable dags retrieved from /home/joestar/Documents/projects/airflow_etl/airflow_env/lib/python3.8/site-packages/airflow/example_dags/example_kubernetes_executor.py
[2023-09-14T17:35:55.850+0100] {processor.py:179} INFO - Processing /home/joestar/Documents/projects/airflow_etl/airflow_env/lib/python3.8/site-packages/airflow/example_dags/example_kubernetes_executor.py took 0.018 seconds
[2023-09-14T17:36:47.010+0100] {processor.py:157} INFO - Started process (PID=31945) to work on /home/joestar/Documents/projects/airflow_etl/airflow_env/lib/python3.8/site-packages/airflow/example_dags/example_kubernetes_executor.py
[2023-09-14T17:36:47.011+0100] {processor.py:829} INFO - Processing file /home/joestar/Documents/projects/airflow_etl/airflow_env/lib/python3.8/site-packages/airflow/example_dags/example_kubernetes_executor.py for tasks to queue
[2023-09-14T17:36:47.013+0100] {logging_mixin.py:151} INFO - [2023-09-14T17:36:47.012+0100] {dagbag.py:539} INFO - Filling up the DagBag from /home/joestar/Documents/projects/airflow_etl/airflow_env/lib/python3.8/site-packages/airflow/example_dags/example_kubernetes_executor.py
[2023-09-14T17:36:47.017+0100] {logging_mixin.py:151} INFO - [2023-09-14T17:36:47.017+0100] {example_kubernetes_executor.py:38} WARNING - The example_kubernetes_executor example DAG requires the kubernetes provider. Please install it with: pip install apache-airflow[cncf.kubernetes]
[2023-09-14T17:36:47.017+0100] {processor.py:841} WARNING - No viable dags retrieved from /home/joestar/Documents/projects/airflow_etl/airflow_env/lib/python3.8/site-packages/airflow/example_dags/example_kubernetes_executor.py
[2023-09-14T17:36:47.031+0100] {processor.py:179} INFO - Processing /home/joestar/Documents/projects/airflow_etl/airflow_env/lib/python3.8/site-packages/airflow/example_dags/example_kubernetes_executor.py took 0.024 seconds
[2023-09-14T17:37:41.701+0100] {processor.py:157} INFO - Started process (PID=32228) to work on /home/joestar/Documents/projects/airflow_etl/airflow_env/lib/python3.8/site-packages/airflow/example_dags/example_kubernetes_executor.py
[2023-09-14T17:37:41.702+0100] {processor.py:829} INFO - Processing file /home/joestar/Documents/projects/airflow_etl/airflow_env/lib/python3.8/site-packages/airflow/example_dags/example_kubernetes_executor.py for tasks to queue
[2023-09-14T17:37:41.703+0100] {logging_mixin.py:151} INFO - [2023-09-14T17:37:41.702+0100] {dagbag.py:539} INFO - Filling up the DagBag from /home/joestar/Documents/projects/airflow_etl/airflow_env/lib/python3.8/site-packages/airflow/example_dags/example_kubernetes_executor.py
[2023-09-14T17:37:41.706+0100] {logging_mixin.py:151} INFO - [2023-09-14T17:37:41.705+0100] {example_kubernetes_executor.py:38} WARNING - The example_kubernetes_executor example DAG requires the kubernetes provider. Please install it with: pip install apache-airflow[cncf.kubernetes]
[2023-09-14T17:37:41.706+0100] {processor.py:841} WARNING - No viable dags retrieved from /home/joestar/Documents/projects/airflow_etl/airflow_env/lib/python3.8/site-packages/airflow/example_dags/example_kubernetes_executor.py
[2023-09-14T17:37:41.715+0100] {processor.py:179} INFO - Processing /home/joestar/Documents/projects/airflow_etl/airflow_env/lib/python3.8/site-packages/airflow/example_dags/example_kubernetes_executor.py took 0.017 seconds
[2023-09-14T17:38:39.968+0100] {processor.py:157} INFO - Started process (PID=32732) to work on /home/joestar/Documents/projects/airflow_etl/airflow_env/lib/python3.8/site-packages/airflow/example_dags/example_kubernetes_executor.py
[2023-09-14T17:38:39.975+0100] {processor.py:829} INFO - Processing file /home/joestar/Documents/projects/airflow_etl/airflow_env/lib/python3.8/site-packages/airflow/example_dags/example_kubernetes_executor.py for tasks to queue
[2023-09-14T17:38:39.976+0100] {logging_mixin.py:151} INFO - [2023-09-14T17:38:39.975+0100] {dagbag.py:539} INFO - Filling up the DagBag from /home/joestar/Documents/projects/airflow_etl/airflow_env/lib/python3.8/site-packages/airflow/example_dags/example_kubernetes_executor.py
[2023-09-14T17:38:39.980+0100] {logging_mixin.py:151} INFO - [2023-09-14T17:38:39.980+0100] {example_kubernetes_executor.py:38} WARNING - The example_kubernetes_executor example DAG requires the kubernetes provider. Please install it with: pip install apache-airflow[cncf.kubernetes]
[2023-09-14T17:38:39.981+0100] {processor.py:841} WARNING - No viable dags retrieved from /home/joestar/Documents/projects/airflow_etl/airflow_env/lib/python3.8/site-packages/airflow/example_dags/example_kubernetes_executor.py
[2023-09-14T17:38:40.007+0100] {processor.py:179} INFO - Processing /home/joestar/Documents/projects/airflow_etl/airflow_env/lib/python3.8/site-packages/airflow/example_dags/example_kubernetes_executor.py took 0.051 seconds
[2023-09-14T17:39:49.374+0100] {processor.py:157} INFO - Started process (PID=33152) to work on /home/joestar/Documents/projects/airflow_etl/airflow_env/lib/python3.8/site-packages/airflow/example_dags/example_kubernetes_executor.py
[2023-09-14T17:39:49.376+0100] {processor.py:829} INFO - Processing file /home/joestar/Documents/projects/airflow_etl/airflow_env/lib/python3.8/site-packages/airflow/example_dags/example_kubernetes_executor.py for tasks to queue
[2023-09-14T17:39:49.379+0100] {logging_mixin.py:151} INFO - [2023-09-14T17:39:49.378+0100] {dagbag.py:539} INFO - Filling up the DagBag from /home/joestar/Documents/projects/airflow_etl/airflow_env/lib/python3.8/site-packages/airflow/example_dags/example_kubernetes_executor.py
[2023-09-14T17:39:49.387+0100] {logging_mixin.py:151} INFO - [2023-09-14T17:39:49.386+0100] {example_kubernetes_executor.py:38} WARNING - The example_kubernetes_executor example DAG requires the kubernetes provider. Please install it with: pip install apache-airflow[cncf.kubernetes]
[2023-09-14T17:39:49.388+0100] {processor.py:841} WARNING - No viable dags retrieved from /home/joestar/Documents/projects/airflow_etl/airflow_env/lib/python3.8/site-packages/airflow/example_dags/example_kubernetes_executor.py
[2023-09-14T17:39:49.411+0100] {processor.py:179} INFO - Processing /home/joestar/Documents/projects/airflow_etl/airflow_env/lib/python3.8/site-packages/airflow/example_dags/example_kubernetes_executor.py took 0.041 seconds
[2023-09-14T17:40:49.013+0100] {processor.py:157} INFO - Started process (PID=33515) to work on /home/joestar/Documents/projects/airflow_etl/airflow_env/lib/python3.8/site-packages/airflow/example_dags/example_kubernetes_executor.py
[2023-09-14T17:40:49.016+0100] {processor.py:829} INFO - Processing file /home/joestar/Documents/projects/airflow_etl/airflow_env/lib/python3.8/site-packages/airflow/example_dags/example_kubernetes_executor.py for tasks to queue
[2023-09-14T17:40:49.019+0100] {logging_mixin.py:151} INFO - [2023-09-14T17:40:49.018+0100] {dagbag.py:539} INFO - Filling up the DagBag from /home/joestar/Documents/projects/airflow_etl/airflow_env/lib/python3.8/site-packages/airflow/example_dags/example_kubernetes_executor.py
[2023-09-14T17:40:49.031+0100] {logging_mixin.py:151} INFO - [2023-09-14T17:40:49.031+0100] {example_kubernetes_executor.py:38} WARNING - The example_kubernetes_executor example DAG requires the kubernetes provider. Please install it with: pip install apache-airflow[cncf.kubernetes]
[2023-09-14T17:40:49.032+0100] {processor.py:841} WARNING - No viable dags retrieved from /home/joestar/Documents/projects/airflow_etl/airflow_env/lib/python3.8/site-packages/airflow/example_dags/example_kubernetes_executor.py
[2023-09-14T17:40:49.053+0100] {processor.py:179} INFO - Processing /home/joestar/Documents/projects/airflow_etl/airflow_env/lib/python3.8/site-packages/airflow/example_dags/example_kubernetes_executor.py took 0.051 seconds
[2023-09-14T17:41:42.137+0100] {processor.py:157} INFO - Started process (PID=33914) to work on /home/joestar/Documents/projects/airflow_etl/airflow_env/lib/python3.8/site-packages/airflow/example_dags/example_kubernetes_executor.py
[2023-09-14T17:41:42.139+0100] {processor.py:829} INFO - Processing file /home/joestar/Documents/projects/airflow_etl/airflow_env/lib/python3.8/site-packages/airflow/example_dags/example_kubernetes_executor.py for tasks to queue
[2023-09-14T17:41:42.140+0100] {logging_mixin.py:151} INFO - [2023-09-14T17:41:42.140+0100] {dagbag.py:539} INFO - Filling up the DagBag from /home/joestar/Documents/projects/airflow_etl/airflow_env/lib/python3.8/site-packages/airflow/example_dags/example_kubernetes_executor.py
[2023-09-14T17:41:42.146+0100] {logging_mixin.py:151} INFO - [2023-09-14T17:41:42.146+0100] {example_kubernetes_executor.py:38} WARNING - The example_kubernetes_executor example DAG requires the kubernetes provider. Please install it with: pip install apache-airflow[cncf.kubernetes]
[2023-09-14T17:41:42.147+0100] {processor.py:841} WARNING - No viable dags retrieved from /home/joestar/Documents/projects/airflow_etl/airflow_env/lib/python3.8/site-packages/airflow/example_dags/example_kubernetes_executor.py
[2023-09-14T17:41:42.166+0100] {processor.py:179} INFO - Processing /home/joestar/Documents/projects/airflow_etl/airflow_env/lib/python3.8/site-packages/airflow/example_dags/example_kubernetes_executor.py took 0.035 seconds
[2023-09-14T17:42:47.160+0100] {processor.py:157} INFO - Started process (PID=34200) to work on /home/joestar/Documents/projects/airflow_etl/airflow_env/lib/python3.8/site-packages/airflow/example_dags/example_kubernetes_executor.py
[2023-09-14T17:42:47.162+0100] {processor.py:829} INFO - Processing file /home/joestar/Documents/projects/airflow_etl/airflow_env/lib/python3.8/site-packages/airflow/example_dags/example_kubernetes_executor.py for tasks to queue
[2023-09-14T17:42:47.163+0100] {logging_mixin.py:151} INFO - [2023-09-14T17:42:47.162+0100] {dagbag.py:539} INFO - Filling up the DagBag from /home/joestar/Documents/projects/airflow_etl/airflow_env/lib/python3.8/site-packages/airflow/example_dags/example_kubernetes_executor.py
[2023-09-14T17:42:47.168+0100] {logging_mixin.py:151} INFO - [2023-09-14T17:42:47.168+0100] {example_kubernetes_executor.py:38} WARNING - The example_kubernetes_executor example DAG requires the kubernetes provider. Please install it with: pip install apache-airflow[cncf.kubernetes]
[2023-09-14T17:42:47.168+0100] {processor.py:841} WARNING - No viable dags retrieved from /home/joestar/Documents/projects/airflow_etl/airflow_env/lib/python3.8/site-packages/airflow/example_dags/example_kubernetes_executor.py
[2023-09-14T17:42:47.187+0100] {processor.py:179} INFO - Processing /home/joestar/Documents/projects/airflow_etl/airflow_env/lib/python3.8/site-packages/airflow/example_dags/example_kubernetes_executor.py took 0.031 seconds
[2023-09-14T17:43:43.228+0100] {processor.py:157} INFO - Started process (PID=34462) to work on /home/joestar/Documents/projects/airflow_etl/airflow_env/lib/python3.8/site-packages/airflow/example_dags/example_kubernetes_executor.py
[2023-09-14T17:43:43.229+0100] {processor.py:829} INFO - Processing file /home/joestar/Documents/projects/airflow_etl/airflow_env/lib/python3.8/site-packages/airflow/example_dags/example_kubernetes_executor.py for tasks to queue
[2023-09-14T17:43:43.230+0100] {logging_mixin.py:151} INFO - [2023-09-14T17:43:43.230+0100] {dagbag.py:539} INFO - Filling up the DagBag from /home/joestar/Documents/projects/airflow_etl/airflow_env/lib/python3.8/site-packages/airflow/example_dags/example_kubernetes_executor.py
[2023-09-14T17:43:43.235+0100] {logging_mixin.py:151} INFO - [2023-09-14T17:43:43.235+0100] {example_kubernetes_executor.py:38} WARNING - The example_kubernetes_executor example DAG requires the kubernetes provider. Please install it with: pip install apache-airflow[cncf.kubernetes]
[2023-09-14T17:43:43.236+0100] {processor.py:841} WARNING - No viable dags retrieved from /home/joestar/Documents/projects/airflow_etl/airflow_env/lib/python3.8/site-packages/airflow/example_dags/example_kubernetes_executor.py
[2023-09-14T17:43:43.249+0100] {processor.py:179} INFO - Processing /home/joestar/Documents/projects/airflow_etl/airflow_env/lib/python3.8/site-packages/airflow/example_dags/example_kubernetes_executor.py took 0.026 seconds
[2023-09-14T17:44:46.183+0100] {processor.py:157} INFO - Started process (PID=34775) to work on /home/joestar/Documents/projects/airflow_etl/airflow_env/lib/python3.8/site-packages/airflow/example_dags/example_kubernetes_executor.py
[2023-09-14T17:44:46.184+0100] {processor.py:829} INFO - Processing file /home/joestar/Documents/projects/airflow_etl/airflow_env/lib/python3.8/site-packages/airflow/example_dags/example_kubernetes_executor.py for tasks to queue
[2023-09-14T17:44:46.185+0100] {logging_mixin.py:151} INFO - [2023-09-14T17:44:46.185+0100] {dagbag.py:539} INFO - Filling up the DagBag from /home/joestar/Documents/projects/airflow_etl/airflow_env/lib/python3.8/site-packages/airflow/example_dags/example_kubernetes_executor.py
[2023-09-14T17:44:46.189+0100] {logging_mixin.py:151} INFO - [2023-09-14T17:44:46.189+0100] {example_kubernetes_executor.py:38} WARNING - The example_kubernetes_executor example DAG requires the kubernetes provider. Please install it with: pip install apache-airflow[cncf.kubernetes]
[2023-09-14T17:44:46.190+0100] {processor.py:841} WARNING - No viable dags retrieved from /home/joestar/Documents/projects/airflow_etl/airflow_env/lib/python3.8/site-packages/airflow/example_dags/example_kubernetes_executor.py
[2023-09-14T17:44:46.201+0100] {processor.py:179} INFO - Processing /home/joestar/Documents/projects/airflow_etl/airflow_env/lib/python3.8/site-packages/airflow/example_dags/example_kubernetes_executor.py took 0.021 seconds
[2023-09-14T17:45:46.293+0100] {processor.py:157} INFO - Started process (PID=35016) to work on /home/joestar/Documents/projects/airflow_etl/airflow_env/lib/python3.8/site-packages/airflow/example_dags/example_kubernetes_executor.py
[2023-09-14T17:45:46.295+0100] {processor.py:829} INFO - Processing file /home/joestar/Documents/projects/airflow_etl/airflow_env/lib/python3.8/site-packages/airflow/example_dags/example_kubernetes_executor.py for tasks to queue
[2023-09-14T17:45:46.296+0100] {logging_mixin.py:151} INFO - [2023-09-14T17:45:46.295+0100] {dagbag.py:539} INFO - Filling up the DagBag from /home/joestar/Documents/projects/airflow_etl/airflow_env/lib/python3.8/site-packages/airflow/example_dags/example_kubernetes_executor.py
[2023-09-14T17:45:46.301+0100] {logging_mixin.py:151} INFO - [2023-09-14T17:45:46.301+0100] {example_kubernetes_executor.py:38} WARNING - The example_kubernetes_executor example DAG requires the kubernetes provider. Please install it with: pip install apache-airflow[cncf.kubernetes]
[2023-09-14T17:45:46.302+0100] {processor.py:841} WARNING - No viable dags retrieved from /home/joestar/Documents/projects/airflow_etl/airflow_env/lib/python3.8/site-packages/airflow/example_dags/example_kubernetes_executor.py
[2023-09-14T17:45:46.331+0100] {processor.py:179} INFO - Processing /home/joestar/Documents/projects/airflow_etl/airflow_env/lib/python3.8/site-packages/airflow/example_dags/example_kubernetes_executor.py took 0.043 seconds
[2023-09-14T17:46:49.468+0100] {processor.py:157} INFO - Started process (PID=35289) to work on /home/joestar/Documents/projects/airflow_etl/airflow_env/lib/python3.8/site-packages/airflow/example_dags/example_kubernetes_executor.py
[2023-09-14T17:46:49.469+0100] {processor.py:829} INFO - Processing file /home/joestar/Documents/projects/airflow_etl/airflow_env/lib/python3.8/site-packages/airflow/example_dags/example_kubernetes_executor.py for tasks to queue
[2023-09-14T17:46:49.470+0100] {logging_mixin.py:151} INFO - [2023-09-14T17:46:49.469+0100] {dagbag.py:539} INFO - Filling up the DagBag from /home/joestar/Documents/projects/airflow_etl/airflow_env/lib/python3.8/site-packages/airflow/example_dags/example_kubernetes_executor.py
[2023-09-14T17:46:49.474+0100] {logging_mixin.py:151} INFO - [2023-09-14T17:46:49.474+0100] {example_kubernetes_executor.py:38} WARNING - The example_kubernetes_executor example DAG requires the kubernetes provider. Please install it with: pip install apache-airflow[cncf.kubernetes]
[2023-09-14T17:46:49.475+0100] {processor.py:841} WARNING - No viable dags retrieved from /home/joestar/Documents/projects/airflow_etl/airflow_env/lib/python3.8/site-packages/airflow/example_dags/example_kubernetes_executor.py
[2023-09-14T17:46:49.487+0100] {processor.py:179} INFO - Processing /home/joestar/Documents/projects/airflow_etl/airflow_env/lib/python3.8/site-packages/airflow/example_dags/example_kubernetes_executor.py took 0.023 seconds
[2023-09-14T17:48:08.321+0100] {processor.py:157} INFO - Started process (PID=35616) to work on /home/joestar/Documents/projects/airflow_etl/airflow_env/lib/python3.8/site-packages/airflow/example_dags/example_kubernetes_executor.py
[2023-09-14T17:48:08.322+0100] {processor.py:829} INFO - Processing file /home/joestar/Documents/projects/airflow_etl/airflow_env/lib/python3.8/site-packages/airflow/example_dags/example_kubernetes_executor.py for tasks to queue
[2023-09-14T17:48:08.324+0100] {logging_mixin.py:151} INFO - [2023-09-14T17:48:08.323+0100] {dagbag.py:539} INFO - Filling up the DagBag from /home/joestar/Documents/projects/airflow_etl/airflow_env/lib/python3.8/site-packages/airflow/example_dags/example_kubernetes_executor.py
[2023-09-14T17:48:08.328+0100] {logging_mixin.py:151} INFO - [2023-09-14T17:48:08.328+0100] {example_kubernetes_executor.py:38} WARNING - The example_kubernetes_executor example DAG requires the kubernetes provider. Please install it with: pip install apache-airflow[cncf.kubernetes]
[2023-09-14T17:48:08.329+0100] {processor.py:841} WARNING - No viable dags retrieved from /home/joestar/Documents/projects/airflow_etl/airflow_env/lib/python3.8/site-packages/airflow/example_dags/example_kubernetes_executor.py
[2023-09-14T17:48:08.354+0100] {processor.py:179} INFO - Processing /home/joestar/Documents/projects/airflow_etl/airflow_env/lib/python3.8/site-packages/airflow/example_dags/example_kubernetes_executor.py took 0.038 seconds
[2023-09-14T17:49:11.950+0100] {processor.py:157} INFO - Started process (PID=35867) to work on /home/joestar/Documents/projects/airflow_etl/airflow_env/lib/python3.8/site-packages/airflow/example_dags/example_kubernetes_executor.py
[2023-09-14T17:49:11.951+0100] {processor.py:829} INFO - Processing file /home/joestar/Documents/projects/airflow_etl/airflow_env/lib/python3.8/site-packages/airflow/example_dags/example_kubernetes_executor.py for tasks to queue
[2023-09-14T17:49:11.952+0100] {logging_mixin.py:151} INFO - [2023-09-14T17:49:11.952+0100] {dagbag.py:539} INFO - Filling up the DagBag from /home/joestar/Documents/projects/airflow_etl/airflow_env/lib/python3.8/site-packages/airflow/example_dags/example_kubernetes_executor.py
[2023-09-14T17:49:11.955+0100] {logging_mixin.py:151} INFO - [2023-09-14T17:49:11.955+0100] {example_kubernetes_executor.py:38} WARNING - The example_kubernetes_executor example DAG requires the kubernetes provider. Please install it with: pip install apache-airflow[cncf.kubernetes]
[2023-09-14T17:49:11.955+0100] {processor.py:841} WARNING - No viable dags retrieved from /home/joestar/Documents/projects/airflow_etl/airflow_env/lib/python3.8/site-packages/airflow/example_dags/example_kubernetes_executor.py
[2023-09-14T17:49:11.964+0100] {processor.py:179} INFO - Processing /home/joestar/Documents/projects/airflow_etl/airflow_env/lib/python3.8/site-packages/airflow/example_dags/example_kubernetes_executor.py took 0.016 seconds
[2023-09-14T17:50:14.891+0100] {processor.py:157} INFO - Started process (PID=36136) to work on /home/joestar/Documents/projects/airflow_etl/airflow_env/lib/python3.8/site-packages/airflow/example_dags/example_kubernetes_executor.py
[2023-09-14T17:50:14.892+0100] {processor.py:829} INFO - Processing file /home/joestar/Documents/projects/airflow_etl/airflow_env/lib/python3.8/site-packages/airflow/example_dags/example_kubernetes_executor.py for tasks to queue
[2023-09-14T17:50:14.893+0100] {logging_mixin.py:151} INFO - [2023-09-14T17:50:14.892+0100] {dagbag.py:539} INFO - Filling up the DagBag from /home/joestar/Documents/projects/airflow_etl/airflow_env/lib/python3.8/site-packages/airflow/example_dags/example_kubernetes_executor.py
[2023-09-14T17:50:14.896+0100] {logging_mixin.py:151} INFO - [2023-09-14T17:50:14.895+0100] {example_kubernetes_executor.py:38} WARNING - The example_kubernetes_executor example DAG requires the kubernetes provider. Please install it with: pip install apache-airflow[cncf.kubernetes]
[2023-09-14T17:50:14.896+0100] {processor.py:841} WARNING - No viable dags retrieved from /home/joestar/Documents/projects/airflow_etl/airflow_env/lib/python3.8/site-packages/airflow/example_dags/example_kubernetes_executor.py
[2023-09-14T17:50:14.905+0100] {processor.py:179} INFO - Processing /home/joestar/Documents/projects/airflow_etl/airflow_env/lib/python3.8/site-packages/airflow/example_dags/example_kubernetes_executor.py took 0.017 seconds
[2023-09-14T17:51:14.519+0100] {processor.py:157} INFO - Started process (PID=36415) to work on /home/joestar/Documents/projects/airflow_etl/airflow_env/lib/python3.8/site-packages/airflow/example_dags/example_kubernetes_executor.py
[2023-09-14T17:51:14.520+0100] {processor.py:829} INFO - Processing file /home/joestar/Documents/projects/airflow_etl/airflow_env/lib/python3.8/site-packages/airflow/example_dags/example_kubernetes_executor.py for tasks to queue
[2023-09-14T17:51:14.521+0100] {logging_mixin.py:151} INFO - [2023-09-14T17:51:14.520+0100] {dagbag.py:539} INFO - Filling up the DagBag from /home/joestar/Documents/projects/airflow_etl/airflow_env/lib/python3.8/site-packages/airflow/example_dags/example_kubernetes_executor.py
[2023-09-14T17:51:14.524+0100] {logging_mixin.py:151} INFO - [2023-09-14T17:51:14.523+0100] {example_kubernetes_executor.py:38} WARNING - The example_kubernetes_executor example DAG requires the kubernetes provider. Please install it with: pip install apache-airflow[cncf.kubernetes]
[2023-09-14T17:51:14.524+0100] {processor.py:841} WARNING - No viable dags retrieved from /home/joestar/Documents/projects/airflow_etl/airflow_env/lib/python3.8/site-packages/airflow/example_dags/example_kubernetes_executor.py
[2023-09-14T17:51:14.532+0100] {processor.py:179} INFO - Processing /home/joestar/Documents/projects/airflow_etl/airflow_env/lib/python3.8/site-packages/airflow/example_dags/example_kubernetes_executor.py took 0.016 seconds
[2023-09-14T17:52:11.388+0100] {processor.py:157} INFO - Started process (PID=36662) to work on /home/joestar/Documents/projects/airflow_etl/airflow_env/lib/python3.8/site-packages/airflow/example_dags/example_kubernetes_executor.py
[2023-09-14T17:52:11.390+0100] {processor.py:829} INFO - Processing file /home/joestar/Documents/projects/airflow_etl/airflow_env/lib/python3.8/site-packages/airflow/example_dags/example_kubernetes_executor.py for tasks to queue
[2023-09-14T17:52:11.391+0100] {logging_mixin.py:151} INFO - [2023-09-14T17:52:11.390+0100] {dagbag.py:539} INFO - Filling up the DagBag from /home/joestar/Documents/projects/airflow_etl/airflow_env/lib/python3.8/site-packages/airflow/example_dags/example_kubernetes_executor.py
[2023-09-14T17:52:11.394+0100] {logging_mixin.py:151} INFO - [2023-09-14T17:52:11.394+0100] {example_kubernetes_executor.py:38} WARNING - The example_kubernetes_executor example DAG requires the kubernetes provider. Please install it with: pip install apache-airflow[cncf.kubernetes]
[2023-09-14T17:52:11.395+0100] {processor.py:841} WARNING - No viable dags retrieved from /home/joestar/Documents/projects/airflow_etl/airflow_env/lib/python3.8/site-packages/airflow/example_dags/example_kubernetes_executor.py
[2023-09-14T17:52:11.408+0100] {processor.py:179} INFO - Processing /home/joestar/Documents/projects/airflow_etl/airflow_env/lib/python3.8/site-packages/airflow/example_dags/example_kubernetes_executor.py took 0.023 seconds
[2023-09-14T17:53:09.075+0100] {processor.py:157} INFO - Started process (PID=36924) to work on /home/joestar/Documents/projects/airflow_etl/airflow_env/lib/python3.8/site-packages/airflow/example_dags/example_kubernetes_executor.py
[2023-09-14T17:53:09.076+0100] {processor.py:829} INFO - Processing file /home/joestar/Documents/projects/airflow_etl/airflow_env/lib/python3.8/site-packages/airflow/example_dags/example_kubernetes_executor.py for tasks to queue
[2023-09-14T17:53:09.078+0100] {logging_mixin.py:151} INFO - [2023-09-14T17:53:09.077+0100] {dagbag.py:539} INFO - Filling up the DagBag from /home/joestar/Documents/projects/airflow_etl/airflow_env/lib/python3.8/site-packages/airflow/example_dags/example_kubernetes_executor.py
[2023-09-14T17:53:09.081+0100] {logging_mixin.py:151} INFO - [2023-09-14T17:53:09.081+0100] {example_kubernetes_executor.py:38} WARNING - The example_kubernetes_executor example DAG requires the kubernetes provider. Please install it with: pip install apache-airflow[cncf.kubernetes]
[2023-09-14T17:53:09.082+0100] {processor.py:841} WARNING - No viable dags retrieved from /home/joestar/Documents/projects/airflow_etl/airflow_env/lib/python3.8/site-packages/airflow/example_dags/example_kubernetes_executor.py
[2023-09-14T17:53:09.092+0100] {processor.py:179} INFO - Processing /home/joestar/Documents/projects/airflow_etl/airflow_env/lib/python3.8/site-packages/airflow/example_dags/example_kubernetes_executor.py took 0.021 seconds
[2023-09-14T18:03:36.764+0100] {processor.py:157} INFO - Started process (PID=38855) to work on /home/joestar/Documents/projects/airflow_etl/airflow_env/lib/python3.8/site-packages/airflow/example_dags/example_kubernetes_executor.py
[2023-09-14T18:03:36.765+0100] {processor.py:829} INFO - Processing file /home/joestar/Documents/projects/airflow_etl/airflow_env/lib/python3.8/site-packages/airflow/example_dags/example_kubernetes_executor.py for tasks to queue
[2023-09-14T18:03:36.766+0100] {logging_mixin.py:151} INFO - [2023-09-14T18:03:36.765+0100] {dagbag.py:539} INFO - Filling up the DagBag from /home/joestar/Documents/projects/airflow_etl/airflow_env/lib/python3.8/site-packages/airflow/example_dags/example_kubernetes_executor.py
[2023-09-14T18:03:36.770+0100] {logging_mixin.py:151} INFO - [2023-09-14T18:03:36.770+0100] {example_kubernetes_executor.py:38} WARNING - The example_kubernetes_executor example DAG requires the kubernetes provider. Please install it with: pip install apache-airflow[cncf.kubernetes]
[2023-09-14T18:03:36.771+0100] {processor.py:841} WARNING - No viable dags retrieved from /home/joestar/Documents/projects/airflow_etl/airflow_env/lib/python3.8/site-packages/airflow/example_dags/example_kubernetes_executor.py
[2023-09-14T18:03:36.784+0100] {processor.py:179} INFO - Processing /home/joestar/Documents/projects/airflow_etl/airflow_env/lib/python3.8/site-packages/airflow/example_dags/example_kubernetes_executor.py took 0.025 seconds
[2023-09-14T18:04:39.481+0100] {processor.py:157} INFO - Started process (PID=39145) to work on /home/joestar/Documents/projects/airflow_etl/airflow_env/lib/python3.8/site-packages/airflow/example_dags/example_kubernetes_executor.py
[2023-09-14T18:04:39.482+0100] {processor.py:829} INFO - Processing file /home/joestar/Documents/projects/airflow_etl/airflow_env/lib/python3.8/site-packages/airflow/example_dags/example_kubernetes_executor.py for tasks to queue
[2023-09-14T18:04:39.483+0100] {logging_mixin.py:151} INFO - [2023-09-14T18:04:39.482+0100] {dagbag.py:539} INFO - Filling up the DagBag from /home/joestar/Documents/projects/airflow_etl/airflow_env/lib/python3.8/site-packages/airflow/example_dags/example_kubernetes_executor.py
[2023-09-14T18:04:39.486+0100] {logging_mixin.py:151} INFO - [2023-09-14T18:04:39.486+0100] {example_kubernetes_executor.py:38} WARNING - The example_kubernetes_executor example DAG requires the kubernetes provider. Please install it with: pip install apache-airflow[cncf.kubernetes]
[2023-09-14T18:04:39.487+0100] {processor.py:841} WARNING - No viable dags retrieved from /home/joestar/Documents/projects/airflow_etl/airflow_env/lib/python3.8/site-packages/airflow/example_dags/example_kubernetes_executor.py
[2023-09-14T18:04:39.496+0100] {processor.py:179} INFO - Processing /home/joestar/Documents/projects/airflow_etl/airflow_env/lib/python3.8/site-packages/airflow/example_dags/example_kubernetes_executor.py took 0.018 seconds
