[2023-09-14T17:12:17.700+0100] {processor.py:157} INFO - Started process (PID=24337) to work on /home/joestar/Documents/projects/airflow_etl/airflow_env/lib/python3.8/site-packages/airflow/example_dags/example_branch_operator.py
[2023-09-14T17:12:17.701+0100] {processor.py:829} INFO - Processing file /home/joestar/Documents/projects/airflow_etl/airflow_env/lib/python3.8/site-packages/airflow/example_dags/example_branch_operator.py for tasks to queue
[2023-09-14T17:12:17.702+0100] {logging_mixin.py:151} INFO - [2023-09-14T17:12:17.701+0100] {dagbag.py:539} INFO - Filling up the DagBag from /home/joestar/Documents/projects/airflow_etl/airflow_env/lib/python3.8/site-packages/airflow/example_dags/example_branch_operator.py
[2023-09-14T17:12:17.711+0100] {processor.py:839} INFO - DAG(s) dict_keys(['example_branch_operator']) retrieved from /home/joestar/Documents/projects/airflow_etl/airflow_env/lib/python3.8/site-packages/airflow/example_dags/example_branch_operator.py
[2023-09-14T17:12:17.830+0100] {logging_mixin.py:151} INFO - [2023-09-14T17:12:17.830+0100] {manager.py:499} INFO - Created Permission View: %s
[2023-09-14T17:12:17.848+0100] {logging_mixin.py:151} INFO - [2023-09-14T17:12:17.847+0100] {manager.py:499} INFO - Created Permission View: %s
[2023-09-14T17:12:17.861+0100] {logging_mixin.py:151} INFO - [2023-09-14T17:12:17.860+0100] {manager.py:499} INFO - Created Permission View: %s
[2023-09-14T17:12:17.861+0100] {logging_mixin.py:151} INFO - [2023-09-14T17:12:17.861+0100] {security.py:708} INFO - Not syncing DAG-level permissions for DAG 'DAG:example_branch_operator' as access control is unset.
[2023-09-14T17:12:17.861+0100] {logging_mixin.py:151} INFO - [2023-09-14T17:12:17.861+0100] {dag.py:2915} INFO - Sync 1 DAGs
[2023-09-14T17:12:17.870+0100] {logging_mixin.py:151} INFO - [2023-09-14T17:12:17.870+0100] {dag.py:2937} INFO - Creating ORM DAG for example_branch_operator
[2023-09-14T17:12:17.878+0100] {logging_mixin.py:151} INFO - [2023-09-14T17:12:17.878+0100] {dag.py:3696} INFO - Setting next_dagrun for example_branch_operator to 2023-09-13T00:00:00+00:00, run_after=2023-09-14T00:00:00+00:00
[2023-09-14T17:12:17.915+0100] {processor.py:179} INFO - Processing /home/joestar/Documents/projects/airflow_etl/airflow_env/lib/python3.8/site-packages/airflow/example_dags/example_branch_operator.py took 0.219 seconds
[2023-09-14T17:13:11.230+0100] {processor.py:157} INFO - Started process (PID=24761) to work on /home/joestar/Documents/projects/airflow_etl/airflow_env/lib/python3.8/site-packages/airflow/example_dags/example_branch_operator.py
[2023-09-14T17:13:11.234+0100] {processor.py:829} INFO - Processing file /home/joestar/Documents/projects/airflow_etl/airflow_env/lib/python3.8/site-packages/airflow/example_dags/example_branch_operator.py for tasks to queue
[2023-09-14T17:13:11.239+0100] {logging_mixin.py:151} INFO - [2023-09-14T17:13:11.237+0100] {dagbag.py:539} INFO - Filling up the DagBag from /home/joestar/Documents/projects/airflow_etl/airflow_env/lib/python3.8/site-packages/airflow/example_dags/example_branch_operator.py
[2023-09-14T17:13:11.291+0100] {processor.py:839} INFO - DAG(s) dict_keys(['example_branch_operator']) retrieved from /home/joestar/Documents/projects/airflow_etl/airflow_env/lib/python3.8/site-packages/airflow/example_dags/example_branch_operator.py
[2023-09-14T17:13:11.339+0100] {logging_mixin.py:151} INFO - [2023-09-14T17:13:11.338+0100] {dag.py:2915} INFO - Sync 1 DAGs
[2023-09-14T17:13:11.362+0100] {logging_mixin.py:151} INFO - [2023-09-14T17:13:11.361+0100] {dag.py:3696} INFO - Setting next_dagrun for example_branch_operator to 2023-09-13T00:00:00+00:00, run_after=2023-09-14T00:00:00+00:00
[2023-09-14T17:13:11.392+0100] {processor.py:179} INFO - Processing /home/joestar/Documents/projects/airflow_etl/airflow_env/lib/python3.8/site-packages/airflow/example_dags/example_branch_operator.py took 0.176 seconds
[2023-09-14T17:14:00.120+0100] {processor.py:157} INFO - Started process (PID=25089) to work on /home/joestar/Documents/projects/airflow_etl/airflow_env/lib/python3.8/site-packages/airflow/example_dags/example_branch_operator.py
[2023-09-14T17:14:00.122+0100] {processor.py:829} INFO - Processing file /home/joestar/Documents/projects/airflow_etl/airflow_env/lib/python3.8/site-packages/airflow/example_dags/example_branch_operator.py for tasks to queue
[2023-09-14T17:14:00.123+0100] {logging_mixin.py:151} INFO - [2023-09-14T17:14:00.122+0100] {dagbag.py:539} INFO - Filling up the DagBag from /home/joestar/Documents/projects/airflow_etl/airflow_env/lib/python3.8/site-packages/airflow/example_dags/example_branch_operator.py
[2023-09-14T17:14:00.136+0100] {processor.py:839} INFO - DAG(s) dict_keys(['example_branch_operator']) retrieved from /home/joestar/Documents/projects/airflow_etl/airflow_env/lib/python3.8/site-packages/airflow/example_dags/example_branch_operator.py
[2023-09-14T17:14:00.159+0100] {logging_mixin.py:151} INFO - [2023-09-14T17:14:00.159+0100] {dag.py:2915} INFO - Sync 1 DAGs
[2023-09-14T17:14:00.184+0100] {logging_mixin.py:151} INFO - [2023-09-14T17:14:00.183+0100] {dag.py:3696} INFO - Setting next_dagrun for example_branch_operator to 2023-09-13T00:00:00+00:00, run_after=2023-09-14T00:00:00+00:00
[2023-09-14T17:14:00.210+0100] {processor.py:179} INFO - Processing /home/joestar/Documents/projects/airflow_etl/airflow_env/lib/python3.8/site-packages/airflow/example_dags/example_branch_operator.py took 0.096 seconds
[2023-09-14T17:14:45.021+0100] {processor.py:157} INFO - Started process (PID=25421) to work on /home/joestar/Documents/projects/airflow_etl/airflow_env/lib/python3.8/site-packages/airflow/example_dags/example_branch_operator.py
[2023-09-14T17:14:45.022+0100] {processor.py:829} INFO - Processing file /home/joestar/Documents/projects/airflow_etl/airflow_env/lib/python3.8/site-packages/airflow/example_dags/example_branch_operator.py for tasks to queue
[2023-09-14T17:14:45.024+0100] {logging_mixin.py:151} INFO - [2023-09-14T17:14:45.023+0100] {dagbag.py:539} INFO - Filling up the DagBag from /home/joestar/Documents/projects/airflow_etl/airflow_env/lib/python3.8/site-packages/airflow/example_dags/example_branch_operator.py
[2023-09-14T17:14:45.037+0100] {processor.py:839} INFO - DAG(s) dict_keys(['example_branch_operator']) retrieved from /home/joestar/Documents/projects/airflow_etl/airflow_env/lib/python3.8/site-packages/airflow/example_dags/example_branch_operator.py
[2023-09-14T17:14:45.054+0100] {logging_mixin.py:151} INFO - [2023-09-14T17:14:45.054+0100] {dag.py:2915} INFO - Sync 1 DAGs
[2023-09-14T17:14:45.074+0100] {logging_mixin.py:151} INFO - [2023-09-14T17:14:45.074+0100] {dag.py:3696} INFO - Setting next_dagrun for example_branch_operator to 2023-09-13T00:00:00+00:00, run_after=2023-09-14T00:00:00+00:00
[2023-09-14T17:14:45.109+0100] {processor.py:179} INFO - Processing /home/joestar/Documents/projects/airflow_etl/airflow_env/lib/python3.8/site-packages/airflow/example_dags/example_branch_operator.py took 0.092 seconds
[2023-09-14T17:15:40.238+0100] {processor.py:157} INFO - Started process (PID=25974) to work on /home/joestar/Documents/projects/airflow_etl/airflow_env/lib/python3.8/site-packages/airflow/example_dags/example_branch_operator.py
[2023-09-14T17:15:40.239+0100] {processor.py:829} INFO - Processing file /home/joestar/Documents/projects/airflow_etl/airflow_env/lib/python3.8/site-packages/airflow/example_dags/example_branch_operator.py for tasks to queue
[2023-09-14T17:15:40.240+0100] {logging_mixin.py:151} INFO - [2023-09-14T17:15:40.240+0100] {dagbag.py:539} INFO - Filling up the DagBag from /home/joestar/Documents/projects/airflow_etl/airflow_env/lib/python3.8/site-packages/airflow/example_dags/example_branch_operator.py
[2023-09-14T17:15:40.255+0100] {processor.py:839} INFO - DAG(s) dict_keys(['example_branch_operator']) retrieved from /home/joestar/Documents/projects/airflow_etl/airflow_env/lib/python3.8/site-packages/airflow/example_dags/example_branch_operator.py
[2023-09-14T17:15:40.290+0100] {logging_mixin.py:151} INFO - [2023-09-14T17:15:40.290+0100] {dag.py:2915} INFO - Sync 1 DAGs
[2023-09-14T17:15:40.333+0100] {logging_mixin.py:151} INFO - [2023-09-14T17:15:40.333+0100] {dag.py:3696} INFO - Setting next_dagrun for example_branch_operator to 2023-09-13T00:00:00+00:00, run_after=2023-09-14T00:00:00+00:00
[2023-09-14T17:15:40.384+0100] {processor.py:179} INFO - Processing /home/joestar/Documents/projects/airflow_etl/airflow_env/lib/python3.8/site-packages/airflow/example_dags/example_branch_operator.py took 0.150 seconds
[2023-09-14T17:16:34.848+0100] {processor.py:157} INFO - Started process (PID=26223) to work on /home/joestar/Documents/projects/airflow_etl/airflow_env/lib/python3.8/site-packages/airflow/example_dags/example_branch_operator.py
[2023-09-14T17:16:34.850+0100] {processor.py:829} INFO - Processing file /home/joestar/Documents/projects/airflow_etl/airflow_env/lib/python3.8/site-packages/airflow/example_dags/example_branch_operator.py for tasks to queue
[2023-09-14T17:16:34.851+0100] {logging_mixin.py:151} INFO - [2023-09-14T17:16:34.850+0100] {dagbag.py:539} INFO - Filling up the DagBag from /home/joestar/Documents/projects/airflow_etl/airflow_env/lib/python3.8/site-packages/airflow/example_dags/example_branch_operator.py
[2023-09-14T17:16:34.861+0100] {processor.py:839} INFO - DAG(s) dict_keys(['example_branch_operator']) retrieved from /home/joestar/Documents/projects/airflow_etl/airflow_env/lib/python3.8/site-packages/airflow/example_dags/example_branch_operator.py
[2023-09-14T17:16:34.884+0100] {logging_mixin.py:151} INFO - [2023-09-14T17:16:34.883+0100] {dag.py:2915} INFO - Sync 1 DAGs
[2023-09-14T17:16:34.914+0100] {logging_mixin.py:151} INFO - [2023-09-14T17:16:34.913+0100] {dag.py:3696} INFO - Setting next_dagrun for example_branch_operator to 2023-09-13T00:00:00+00:00, run_after=2023-09-14T00:00:00+00:00
[2023-09-14T17:16:34.947+0100] {processor.py:179} INFO - Processing /home/joestar/Documents/projects/airflow_etl/airflow_env/lib/python3.8/site-packages/airflow/example_dags/example_branch_operator.py took 0.104 seconds
[2023-09-14T17:17:24.387+0100] {processor.py:157} INFO - Started process (PID=26468) to work on /home/joestar/Documents/projects/airflow_etl/airflow_env/lib/python3.8/site-packages/airflow/example_dags/example_branch_operator.py
[2023-09-14T17:17:24.388+0100] {processor.py:829} INFO - Processing file /home/joestar/Documents/projects/airflow_etl/airflow_env/lib/python3.8/site-packages/airflow/example_dags/example_branch_operator.py for tasks to queue
[2023-09-14T17:17:24.390+0100] {logging_mixin.py:151} INFO - [2023-09-14T17:17:24.389+0100] {dagbag.py:539} INFO - Filling up the DagBag from /home/joestar/Documents/projects/airflow_etl/airflow_env/lib/python3.8/site-packages/airflow/example_dags/example_branch_operator.py
[2023-09-14T17:17:24.403+0100] {processor.py:839} INFO - DAG(s) dict_keys(['example_branch_operator']) retrieved from /home/joestar/Documents/projects/airflow_etl/airflow_env/lib/python3.8/site-packages/airflow/example_dags/example_branch_operator.py
[2023-09-14T17:17:24.427+0100] {logging_mixin.py:151} INFO - [2023-09-14T17:17:24.427+0100] {dag.py:2915} INFO - Sync 1 DAGs
[2023-09-14T17:17:24.462+0100] {logging_mixin.py:151} INFO - [2023-09-14T17:17:24.462+0100] {dag.py:3696} INFO - Setting next_dagrun for example_branch_operator to 2023-09-13T00:00:00+00:00, run_after=2023-09-14T00:00:00+00:00
[2023-09-14T17:17:24.494+0100] {processor.py:179} INFO - Processing /home/joestar/Documents/projects/airflow_etl/airflow_env/lib/python3.8/site-packages/airflow/example_dags/example_branch_operator.py took 0.112 seconds
[2023-09-14T17:18:13.826+0100] {processor.py:157} INFO - Started process (PID=26757) to work on /home/joestar/Documents/projects/airflow_etl/airflow_env/lib/python3.8/site-packages/airflow/example_dags/example_branch_operator.py
[2023-09-14T17:18:13.827+0100] {processor.py:829} INFO - Processing file /home/joestar/Documents/projects/airflow_etl/airflow_env/lib/python3.8/site-packages/airflow/example_dags/example_branch_operator.py for tasks to queue
[2023-09-14T17:18:13.828+0100] {logging_mixin.py:151} INFO - [2023-09-14T17:18:13.828+0100] {dagbag.py:539} INFO - Filling up the DagBag from /home/joestar/Documents/projects/airflow_etl/airflow_env/lib/python3.8/site-packages/airflow/example_dags/example_branch_operator.py
[2023-09-14T17:18:13.837+0100] {processor.py:839} INFO - DAG(s) dict_keys(['example_branch_operator']) retrieved from /home/joestar/Documents/projects/airflow_etl/airflow_env/lib/python3.8/site-packages/airflow/example_dags/example_branch_operator.py
[2023-09-14T17:18:13.853+0100] {logging_mixin.py:151} INFO - [2023-09-14T17:18:13.853+0100] {dag.py:2915} INFO - Sync 1 DAGs
[2023-09-14T17:18:13.874+0100] {logging_mixin.py:151} INFO - [2023-09-14T17:18:13.874+0100] {dag.py:3696} INFO - Setting next_dagrun for example_branch_operator to 2023-09-13T00:00:00+00:00, run_after=2023-09-14T00:00:00+00:00
[2023-09-14T17:18:13.900+0100] {processor.py:179} INFO - Processing /home/joestar/Documents/projects/airflow_etl/airflow_env/lib/python3.8/site-packages/airflow/example_dags/example_branch_operator.py took 0.076 seconds
[2023-09-14T17:19:07.924+0100] {processor.py:157} INFO - Started process (PID=27210) to work on /home/joestar/Documents/projects/airflow_etl/airflow_env/lib/python3.8/site-packages/airflow/example_dags/example_branch_operator.py
[2023-09-14T17:19:07.927+0100] {processor.py:829} INFO - Processing file /home/joestar/Documents/projects/airflow_etl/airflow_env/lib/python3.8/site-packages/airflow/example_dags/example_branch_operator.py for tasks to queue
[2023-09-14T17:19:07.930+0100] {logging_mixin.py:151} INFO - [2023-09-14T17:19:07.929+0100] {dagbag.py:539} INFO - Filling up the DagBag from /home/joestar/Documents/projects/airflow_etl/airflow_env/lib/python3.8/site-packages/airflow/example_dags/example_branch_operator.py
[2023-09-14T17:19:07.950+0100] {processor.py:839} INFO - DAG(s) dict_keys(['example_branch_operator']) retrieved from /home/joestar/Documents/projects/airflow_etl/airflow_env/lib/python3.8/site-packages/airflow/example_dags/example_branch_operator.py
[2023-09-14T17:19:07.970+0100] {logging_mixin.py:151} INFO - [2023-09-14T17:19:07.969+0100] {dag.py:2915} INFO - Sync 1 DAGs
[2023-09-14T17:19:07.991+0100] {logging_mixin.py:151} INFO - [2023-09-14T17:19:07.991+0100] {dag.py:3696} INFO - Setting next_dagrun for example_branch_operator to 2023-09-13T00:00:00+00:00, run_after=2023-09-14T00:00:00+00:00
[2023-09-14T17:19:08.018+0100] {processor.py:179} INFO - Processing /home/joestar/Documents/projects/airflow_etl/airflow_env/lib/python3.8/site-packages/airflow/example_dags/example_branch_operator.py took 0.103 seconds
[2023-09-14T17:19:49.333+0100] {processor.py:157} INFO - Started process (PID=27404) to work on /home/joestar/Documents/projects/airflow_etl/airflow_env/lib/python3.8/site-packages/airflow/example_dags/example_branch_operator.py
[2023-09-14T17:19:49.334+0100] {processor.py:829} INFO - Processing file /home/joestar/Documents/projects/airflow_etl/airflow_env/lib/python3.8/site-packages/airflow/example_dags/example_branch_operator.py for tasks to queue
[2023-09-14T17:19:49.335+0100] {logging_mixin.py:151} INFO - [2023-09-14T17:19:49.334+0100] {dagbag.py:539} INFO - Filling up the DagBag from /home/joestar/Documents/projects/airflow_etl/airflow_env/lib/python3.8/site-packages/airflow/example_dags/example_branch_operator.py
[2023-09-14T17:19:49.343+0100] {processor.py:839} INFO - DAG(s) dict_keys(['example_branch_operator']) retrieved from /home/joestar/Documents/projects/airflow_etl/airflow_env/lib/python3.8/site-packages/airflow/example_dags/example_branch_operator.py
[2023-09-14T17:19:49.362+0100] {logging_mixin.py:151} INFO - [2023-09-14T17:19:49.362+0100] {dag.py:2915} INFO - Sync 1 DAGs
[2023-09-14T17:19:49.383+0100] {logging_mixin.py:151} INFO - [2023-09-14T17:19:49.383+0100] {dag.py:3696} INFO - Setting next_dagrun for example_branch_operator to 2023-09-13T00:00:00+00:00, run_after=2023-09-14T00:00:00+00:00
[2023-09-14T17:19:49.407+0100] {processor.py:179} INFO - Processing /home/joestar/Documents/projects/airflow_etl/airflow_env/lib/python3.8/site-packages/airflow/example_dags/example_branch_operator.py took 0.077 seconds
[2023-09-14T17:20:40.143+0100] {processor.py:157} INFO - Started process (PID=27608) to work on /home/joestar/Documents/projects/airflow_etl/airflow_env/lib/python3.8/site-packages/airflow/example_dags/example_branch_operator.py
[2023-09-14T17:20:40.144+0100] {processor.py:829} INFO - Processing file /home/joestar/Documents/projects/airflow_etl/airflow_env/lib/python3.8/site-packages/airflow/example_dags/example_branch_operator.py for tasks to queue
[2023-09-14T17:20:40.146+0100] {logging_mixin.py:151} INFO - [2023-09-14T17:20:40.145+0100] {dagbag.py:539} INFO - Filling up the DagBag from /home/joestar/Documents/projects/airflow_etl/airflow_env/lib/python3.8/site-packages/airflow/example_dags/example_branch_operator.py
[2023-09-14T17:20:40.167+0100] {processor.py:839} INFO - DAG(s) dict_keys(['example_branch_operator']) retrieved from /home/joestar/Documents/projects/airflow_etl/airflow_env/lib/python3.8/site-packages/airflow/example_dags/example_branch_operator.py
[2023-09-14T17:20:40.199+0100] {logging_mixin.py:151} INFO - [2023-09-14T17:20:40.199+0100] {dag.py:2915} INFO - Sync 1 DAGs
[2023-09-14T17:20:40.239+0100] {logging_mixin.py:151} INFO - [2023-09-14T17:20:40.238+0100] {dag.py:3696} INFO - Setting next_dagrun for example_branch_operator to 2023-09-13T00:00:00+00:00, run_after=2023-09-14T00:00:00+00:00
[2023-09-14T17:20:40.276+0100] {processor.py:179} INFO - Processing /home/joestar/Documents/projects/airflow_etl/airflow_env/lib/python3.8/site-packages/airflow/example_dags/example_branch_operator.py took 0.138 seconds
[2023-09-14T17:21:31.171+0100] {processor.py:157} INFO - Started process (PID=27840) to work on /home/joestar/Documents/projects/airflow_etl/airflow_env/lib/python3.8/site-packages/airflow/example_dags/example_branch_operator.py
[2023-09-14T17:21:31.172+0100] {processor.py:829} INFO - Processing file /home/joestar/Documents/projects/airflow_etl/airflow_env/lib/python3.8/site-packages/airflow/example_dags/example_branch_operator.py for tasks to queue
[2023-09-14T17:21:31.173+0100] {logging_mixin.py:151} INFO - [2023-09-14T17:21:31.173+0100] {dagbag.py:539} INFO - Filling up the DagBag from /home/joestar/Documents/projects/airflow_etl/airflow_env/lib/python3.8/site-packages/airflow/example_dags/example_branch_operator.py
[2023-09-14T17:21:31.186+0100] {processor.py:839} INFO - DAG(s) dict_keys(['example_branch_operator']) retrieved from /home/joestar/Documents/projects/airflow_etl/airflow_env/lib/python3.8/site-packages/airflow/example_dags/example_branch_operator.py
[2023-09-14T17:21:31.209+0100] {logging_mixin.py:151} INFO - [2023-09-14T17:21:31.209+0100] {dag.py:2915} INFO - Sync 1 DAGs
[2023-09-14T17:21:31.240+0100] {logging_mixin.py:151} INFO - [2023-09-14T17:21:31.239+0100] {dag.py:3696} INFO - Setting next_dagrun for example_branch_operator to 2023-09-13T00:00:00+00:00, run_after=2023-09-14T00:00:00+00:00
[2023-09-14T17:21:31.285+0100] {processor.py:179} INFO - Processing /home/joestar/Documents/projects/airflow_etl/airflow_env/lib/python3.8/site-packages/airflow/example_dags/example_branch_operator.py took 0.118 seconds
[2023-09-14T17:22:24.149+0100] {processor.py:157} INFO - Started process (PID=28057) to work on /home/joestar/Documents/projects/airflow_etl/airflow_env/lib/python3.8/site-packages/airflow/example_dags/example_branch_operator.py
[2023-09-14T17:22:24.151+0100] {processor.py:829} INFO - Processing file /home/joestar/Documents/projects/airflow_etl/airflow_env/lib/python3.8/site-packages/airflow/example_dags/example_branch_operator.py for tasks to queue
[2023-09-14T17:22:24.154+0100] {logging_mixin.py:151} INFO - [2023-09-14T17:22:24.152+0100] {dagbag.py:539} INFO - Filling up the DagBag from /home/joestar/Documents/projects/airflow_etl/airflow_env/lib/python3.8/site-packages/airflow/example_dags/example_branch_operator.py
[2023-09-14T17:22:24.173+0100] {processor.py:839} INFO - DAG(s) dict_keys(['example_branch_operator']) retrieved from /home/joestar/Documents/projects/airflow_etl/airflow_env/lib/python3.8/site-packages/airflow/example_dags/example_branch_operator.py
[2023-09-14T17:22:24.195+0100] {logging_mixin.py:151} INFO - [2023-09-14T17:22:24.194+0100] {dag.py:2915} INFO - Sync 1 DAGs
[2023-09-14T17:22:24.215+0100] {logging_mixin.py:151} INFO - [2023-09-14T17:22:24.215+0100] {dag.py:3696} INFO - Setting next_dagrun for example_branch_operator to 2023-09-13T00:00:00+00:00, run_after=2023-09-14T00:00:00+00:00
[2023-09-14T17:22:24.241+0100] {processor.py:179} INFO - Processing /home/joestar/Documents/projects/airflow_etl/airflow_env/lib/python3.8/site-packages/airflow/example_dags/example_branch_operator.py took 0.096 seconds
[2023-09-14T17:23:17.694+0100] {processor.py:157} INFO - Started process (PID=28305) to work on /home/joestar/Documents/projects/airflow_etl/airflow_env/lib/python3.8/site-packages/airflow/example_dags/example_branch_operator.py
[2023-09-14T17:23:17.695+0100] {processor.py:829} INFO - Processing file /home/joestar/Documents/projects/airflow_etl/airflow_env/lib/python3.8/site-packages/airflow/example_dags/example_branch_operator.py for tasks to queue
[2023-09-14T17:23:17.696+0100] {logging_mixin.py:151} INFO - [2023-09-14T17:23:17.696+0100] {dagbag.py:539} INFO - Filling up the DagBag from /home/joestar/Documents/projects/airflow_etl/airflow_env/lib/python3.8/site-packages/airflow/example_dags/example_branch_operator.py
[2023-09-14T17:23:17.707+0100] {processor.py:839} INFO - DAG(s) dict_keys(['example_branch_operator']) retrieved from /home/joestar/Documents/projects/airflow_etl/airflow_env/lib/python3.8/site-packages/airflow/example_dags/example_branch_operator.py
[2023-09-14T17:23:17.724+0100] {logging_mixin.py:151} INFO - [2023-09-14T17:23:17.724+0100] {dag.py:2915} INFO - Sync 1 DAGs
[2023-09-14T17:23:17.744+0100] {logging_mixin.py:151} INFO - [2023-09-14T17:23:17.744+0100] {dag.py:3696} INFO - Setting next_dagrun for example_branch_operator to 2023-09-13T00:00:00+00:00, run_after=2023-09-14T00:00:00+00:00
[2023-09-14T17:23:17.773+0100] {processor.py:179} INFO - Processing /home/joestar/Documents/projects/airflow_etl/airflow_env/lib/python3.8/site-packages/airflow/example_dags/example_branch_operator.py took 0.083 seconds
[2023-09-14T17:23:59.223+0100] {processor.py:157} INFO - Started process (PID=28500) to work on /home/joestar/Documents/projects/airflow_etl/airflow_env/lib/python3.8/site-packages/airflow/example_dags/example_branch_operator.py
[2023-09-14T17:23:59.224+0100] {processor.py:829} INFO - Processing file /home/joestar/Documents/projects/airflow_etl/airflow_env/lib/python3.8/site-packages/airflow/example_dags/example_branch_operator.py for tasks to queue
[2023-09-14T17:23:59.225+0100] {logging_mixin.py:151} INFO - [2023-09-14T17:23:59.225+0100] {dagbag.py:539} INFO - Filling up the DagBag from /home/joestar/Documents/projects/airflow_etl/airflow_env/lib/python3.8/site-packages/airflow/example_dags/example_branch_operator.py
[2023-09-14T17:23:59.238+0100] {processor.py:839} INFO - DAG(s) dict_keys(['example_branch_operator']) retrieved from /home/joestar/Documents/projects/airflow_etl/airflow_env/lib/python3.8/site-packages/airflow/example_dags/example_branch_operator.py
[2023-09-14T17:23:59.256+0100] {logging_mixin.py:151} INFO - [2023-09-14T17:23:59.256+0100] {dag.py:2915} INFO - Sync 1 DAGs
[2023-09-14T17:23:59.288+0100] {logging_mixin.py:151} INFO - [2023-09-14T17:23:59.288+0100] {dag.py:3696} INFO - Setting next_dagrun for example_branch_operator to 2023-09-13T00:00:00+00:00, run_after=2023-09-14T00:00:00+00:00
[2023-09-14T17:23:59.314+0100] {processor.py:179} INFO - Processing /home/joestar/Documents/projects/airflow_etl/airflow_env/lib/python3.8/site-packages/airflow/example_dags/example_branch_operator.py took 0.094 seconds
[2023-09-14T17:24:58.236+0100] {processor.py:157} INFO - Started process (PID=28731) to work on /home/joestar/Documents/projects/airflow_etl/airflow_env/lib/python3.8/site-packages/airflow/example_dags/example_branch_operator.py
[2023-09-14T17:24:58.237+0100] {processor.py:829} INFO - Processing file /home/joestar/Documents/projects/airflow_etl/airflow_env/lib/python3.8/site-packages/airflow/example_dags/example_branch_operator.py for tasks to queue
[2023-09-14T17:24:58.238+0100] {logging_mixin.py:151} INFO - [2023-09-14T17:24:58.238+0100] {dagbag.py:539} INFO - Filling up the DagBag from /home/joestar/Documents/projects/airflow_etl/airflow_env/lib/python3.8/site-packages/airflow/example_dags/example_branch_operator.py
[2023-09-14T17:24:58.247+0100] {processor.py:839} INFO - DAG(s) dict_keys(['example_branch_operator']) retrieved from /home/joestar/Documents/projects/airflow_etl/airflow_env/lib/python3.8/site-packages/airflow/example_dags/example_branch_operator.py
[2023-09-14T17:24:58.264+0100] {logging_mixin.py:151} INFO - [2023-09-14T17:24:58.264+0100] {dag.py:2915} INFO - Sync 1 DAGs
[2023-09-14T17:24:58.282+0100] {logging_mixin.py:151} INFO - [2023-09-14T17:24:58.282+0100] {dag.py:3696} INFO - Setting next_dagrun for example_branch_operator to 2023-09-13T00:00:00+00:00, run_after=2023-09-14T00:00:00+00:00
[2023-09-14T17:24:58.309+0100] {processor.py:179} INFO - Processing /home/joestar/Documents/projects/airflow_etl/airflow_env/lib/python3.8/site-packages/airflow/example_dags/example_branch_operator.py took 0.076 seconds
[2023-09-14T17:25:52.238+0100] {processor.py:157} INFO - Started process (PID=28953) to work on /home/joestar/Documents/projects/airflow_etl/airflow_env/lib/python3.8/site-packages/airflow/example_dags/example_branch_operator.py
[2023-09-14T17:25:52.238+0100] {processor.py:829} INFO - Processing file /home/joestar/Documents/projects/airflow_etl/airflow_env/lib/python3.8/site-packages/airflow/example_dags/example_branch_operator.py for tasks to queue
[2023-09-14T17:25:52.239+0100] {logging_mixin.py:151} INFO - [2023-09-14T17:25:52.239+0100] {dagbag.py:539} INFO - Filling up the DagBag from /home/joestar/Documents/projects/airflow_etl/airflow_env/lib/python3.8/site-packages/airflow/example_dags/example_branch_operator.py
[2023-09-14T17:25:52.248+0100] {processor.py:839} INFO - DAG(s) dict_keys(['example_branch_operator']) retrieved from /home/joestar/Documents/projects/airflow_etl/airflow_env/lib/python3.8/site-packages/airflow/example_dags/example_branch_operator.py
[2023-09-14T17:25:52.268+0100] {logging_mixin.py:151} INFO - [2023-09-14T17:25:52.267+0100] {dag.py:2915} INFO - Sync 1 DAGs
[2023-09-14T17:25:52.297+0100] {logging_mixin.py:151} INFO - [2023-09-14T17:25:52.297+0100] {dag.py:3696} INFO - Setting next_dagrun for example_branch_operator to 2023-09-13T00:00:00+00:00, run_after=2023-09-14T00:00:00+00:00
[2023-09-14T17:25:52.333+0100] {processor.py:179} INFO - Processing /home/joestar/Documents/projects/airflow_etl/airflow_env/lib/python3.8/site-packages/airflow/example_dags/example_branch_operator.py took 0.098 seconds
[2023-09-14T17:26:45.576+0100] {processor.py:157} INFO - Started process (PID=29187) to work on /home/joestar/Documents/projects/airflow_etl/airflow_env/lib/python3.8/site-packages/airflow/example_dags/example_branch_operator.py
[2023-09-14T17:26:45.577+0100] {processor.py:829} INFO - Processing file /home/joestar/Documents/projects/airflow_etl/airflow_env/lib/python3.8/site-packages/airflow/example_dags/example_branch_operator.py for tasks to queue
[2023-09-14T17:26:45.577+0100] {logging_mixin.py:151} INFO - [2023-09-14T17:26:45.577+0100] {dagbag.py:539} INFO - Filling up the DagBag from /home/joestar/Documents/projects/airflow_etl/airflow_env/lib/python3.8/site-packages/airflow/example_dags/example_branch_operator.py
[2023-09-14T17:26:45.586+0100] {processor.py:839} INFO - DAG(s) dict_keys(['example_branch_operator']) retrieved from /home/joestar/Documents/projects/airflow_etl/airflow_env/lib/python3.8/site-packages/airflow/example_dags/example_branch_operator.py
[2023-09-14T17:26:45.606+0100] {logging_mixin.py:151} INFO - [2023-09-14T17:26:45.606+0100] {dag.py:2915} INFO - Sync 1 DAGs
[2023-09-14T17:26:45.633+0100] {logging_mixin.py:151} INFO - [2023-09-14T17:26:45.633+0100] {dag.py:3696} INFO - Setting next_dagrun for example_branch_operator to 2023-09-13T00:00:00+00:00, run_after=2023-09-14T00:00:00+00:00
[2023-09-14T17:26:45.664+0100] {processor.py:179} INFO - Processing /home/joestar/Documents/projects/airflow_etl/airflow_env/lib/python3.8/site-packages/airflow/example_dags/example_branch_operator.py took 0.091 seconds
[2023-09-14T17:27:40.077+0100] {processor.py:157} INFO - Started process (PID=29434) to work on /home/joestar/Documents/projects/airflow_etl/airflow_env/lib/python3.8/site-packages/airflow/example_dags/example_branch_operator.py
[2023-09-14T17:27:40.078+0100] {processor.py:829} INFO - Processing file /home/joestar/Documents/projects/airflow_etl/airflow_env/lib/python3.8/site-packages/airflow/example_dags/example_branch_operator.py for tasks to queue
[2023-09-14T17:27:40.079+0100] {logging_mixin.py:151} INFO - [2023-09-14T17:27:40.079+0100] {dagbag.py:539} INFO - Filling up the DagBag from /home/joestar/Documents/projects/airflow_etl/airflow_env/lib/python3.8/site-packages/airflow/example_dags/example_branch_operator.py
[2023-09-14T17:27:40.088+0100] {processor.py:839} INFO - DAG(s) dict_keys(['example_branch_operator']) retrieved from /home/joestar/Documents/projects/airflow_etl/airflow_env/lib/python3.8/site-packages/airflow/example_dags/example_branch_operator.py
[2023-09-14T17:27:40.105+0100] {logging_mixin.py:151} INFO - [2023-09-14T17:27:40.105+0100] {dag.py:2915} INFO - Sync 1 DAGs
[2023-09-14T17:27:40.125+0100] {logging_mixin.py:151} INFO - [2023-09-14T17:27:40.125+0100] {dag.py:3696} INFO - Setting next_dagrun for example_branch_operator to 2023-09-13T00:00:00+00:00, run_after=2023-09-14T00:00:00+00:00
[2023-09-14T17:27:40.153+0100] {processor.py:179} INFO - Processing /home/joestar/Documents/projects/airflow_etl/airflow_env/lib/python3.8/site-packages/airflow/example_dags/example_branch_operator.py took 0.079 seconds
[2023-09-14T17:28:33.783+0100] {processor.py:157} INFO - Started process (PID=29677) to work on /home/joestar/Documents/projects/airflow_etl/airflow_env/lib/python3.8/site-packages/airflow/example_dags/example_branch_operator.py
[2023-09-14T17:28:33.784+0100] {processor.py:829} INFO - Processing file /home/joestar/Documents/projects/airflow_etl/airflow_env/lib/python3.8/site-packages/airflow/example_dags/example_branch_operator.py for tasks to queue
[2023-09-14T17:28:33.785+0100] {logging_mixin.py:151} INFO - [2023-09-14T17:28:33.785+0100] {dagbag.py:539} INFO - Filling up the DagBag from /home/joestar/Documents/projects/airflow_etl/airflow_env/lib/python3.8/site-packages/airflow/example_dags/example_branch_operator.py
[2023-09-14T17:28:33.797+0100] {processor.py:839} INFO - DAG(s) dict_keys(['example_branch_operator']) retrieved from /home/joestar/Documents/projects/airflow_etl/airflow_env/lib/python3.8/site-packages/airflow/example_dags/example_branch_operator.py
[2023-09-14T17:28:33.817+0100] {logging_mixin.py:151} INFO - [2023-09-14T17:28:33.817+0100] {dag.py:2915} INFO - Sync 1 DAGs
[2023-09-14T17:28:33.852+0100] {logging_mixin.py:151} INFO - [2023-09-14T17:28:33.852+0100] {dag.py:3696} INFO - Setting next_dagrun for example_branch_operator to 2023-09-13T00:00:00+00:00, run_after=2023-09-14T00:00:00+00:00
[2023-09-14T17:28:33.895+0100] {processor.py:179} INFO - Processing /home/joestar/Documents/projects/airflow_etl/airflow_env/lib/python3.8/site-packages/airflow/example_dags/example_branch_operator.py took 0.115 seconds
[2023-09-14T17:29:25.881+0100] {processor.py:157} INFO - Started process (PID=29932) to work on /home/joestar/Documents/projects/airflow_etl/airflow_env/lib/python3.8/site-packages/airflow/example_dags/example_branch_operator.py
[2023-09-14T17:29:25.882+0100] {processor.py:829} INFO - Processing file /home/joestar/Documents/projects/airflow_etl/airflow_env/lib/python3.8/site-packages/airflow/example_dags/example_branch_operator.py for tasks to queue
[2023-09-14T17:29:25.883+0100] {logging_mixin.py:151} INFO - [2023-09-14T17:29:25.882+0100] {dagbag.py:539} INFO - Filling up the DagBag from /home/joestar/Documents/projects/airflow_etl/airflow_env/lib/python3.8/site-packages/airflow/example_dags/example_branch_operator.py
[2023-09-14T17:29:25.896+0100] {processor.py:839} INFO - DAG(s) dict_keys(['example_branch_operator']) retrieved from /home/joestar/Documents/projects/airflow_etl/airflow_env/lib/python3.8/site-packages/airflow/example_dags/example_branch_operator.py
[2023-09-14T17:29:25.915+0100] {logging_mixin.py:151} INFO - [2023-09-14T17:29:25.914+0100] {dag.py:2915} INFO - Sync 1 DAGs
[2023-09-14T17:29:25.944+0100] {logging_mixin.py:151} INFO - [2023-09-14T17:29:25.944+0100] {dag.py:3696} INFO - Setting next_dagrun for example_branch_operator to 2023-09-13T00:00:00+00:00, run_after=2023-09-14T00:00:00+00:00
[2023-09-14T17:29:25.975+0100] {processor.py:179} INFO - Processing /home/joestar/Documents/projects/airflow_etl/airflow_env/lib/python3.8/site-packages/airflow/example_dags/example_branch_operator.py took 0.098 seconds
[2023-09-14T17:30:17.972+0100] {processor.py:157} INFO - Started process (PID=30182) to work on /home/joestar/Documents/projects/airflow_etl/airflow_env/lib/python3.8/site-packages/airflow/example_dags/example_branch_operator.py
[2023-09-14T17:30:17.973+0100] {processor.py:829} INFO - Processing file /home/joestar/Documents/projects/airflow_etl/airflow_env/lib/python3.8/site-packages/airflow/example_dags/example_branch_operator.py for tasks to queue
[2023-09-14T17:30:17.974+0100] {logging_mixin.py:151} INFO - [2023-09-14T17:30:17.974+0100] {dagbag.py:539} INFO - Filling up the DagBag from /home/joestar/Documents/projects/airflow_etl/airflow_env/lib/python3.8/site-packages/airflow/example_dags/example_branch_operator.py
[2023-09-14T17:30:17.984+0100] {processor.py:839} INFO - DAG(s) dict_keys(['example_branch_operator']) retrieved from /home/joestar/Documents/projects/airflow_etl/airflow_env/lib/python3.8/site-packages/airflow/example_dags/example_branch_operator.py
[2023-09-14T17:30:18.001+0100] {logging_mixin.py:151} INFO - [2023-09-14T17:30:18.000+0100] {dag.py:2915} INFO - Sync 1 DAGs
[2023-09-14T17:30:18.023+0100] {logging_mixin.py:151} INFO - [2023-09-14T17:30:18.022+0100] {dag.py:3696} INFO - Setting next_dagrun for example_branch_operator to 2023-09-13T00:00:00+00:00, run_after=2023-09-14T00:00:00+00:00
[2023-09-14T17:30:18.049+0100] {processor.py:179} INFO - Processing /home/joestar/Documents/projects/airflow_etl/airflow_env/lib/python3.8/site-packages/airflow/example_dags/example_branch_operator.py took 0.082 seconds
[2023-09-14T17:31:09.161+0100] {processor.py:157} INFO - Started process (PID=30424) to work on /home/joestar/Documents/projects/airflow_etl/airflow_env/lib/python3.8/site-packages/airflow/example_dags/example_branch_operator.py
[2023-09-14T17:31:09.163+0100] {processor.py:829} INFO - Processing file /home/joestar/Documents/projects/airflow_etl/airflow_env/lib/python3.8/site-packages/airflow/example_dags/example_branch_operator.py for tasks to queue
[2023-09-14T17:31:09.164+0100] {logging_mixin.py:151} INFO - [2023-09-14T17:31:09.164+0100] {dagbag.py:539} INFO - Filling up the DagBag from /home/joestar/Documents/projects/airflow_etl/airflow_env/lib/python3.8/site-packages/airflow/example_dags/example_branch_operator.py
[2023-09-14T17:31:09.177+0100] {processor.py:839} INFO - DAG(s) dict_keys(['example_branch_operator']) retrieved from /home/joestar/Documents/projects/airflow_etl/airflow_env/lib/python3.8/site-packages/airflow/example_dags/example_branch_operator.py
[2023-09-14T17:31:09.203+0100] {logging_mixin.py:151} INFO - [2023-09-14T17:31:09.203+0100] {dag.py:2915} INFO - Sync 1 DAGs
[2023-09-14T17:31:09.235+0100] {logging_mixin.py:151} INFO - [2023-09-14T17:31:09.235+0100] {dag.py:3696} INFO - Setting next_dagrun for example_branch_operator to 2023-09-13T00:00:00+00:00, run_after=2023-09-14T00:00:00+00:00
[2023-09-14T17:31:09.284+0100] {processor.py:179} INFO - Processing /home/joestar/Documents/projects/airflow_etl/airflow_env/lib/python3.8/site-packages/airflow/example_dags/example_branch_operator.py took 0.127 seconds
[2023-09-14T17:31:59.725+0100] {processor.py:157} INFO - Started process (PID=30632) to work on /home/joestar/Documents/projects/airflow_etl/airflow_env/lib/python3.8/site-packages/airflow/example_dags/example_branch_operator.py
[2023-09-14T17:31:59.726+0100] {processor.py:829} INFO - Processing file /home/joestar/Documents/projects/airflow_etl/airflow_env/lib/python3.8/site-packages/airflow/example_dags/example_branch_operator.py for tasks to queue
[2023-09-14T17:31:59.727+0100] {logging_mixin.py:151} INFO - [2023-09-14T17:31:59.727+0100] {dagbag.py:539} INFO - Filling up the DagBag from /home/joestar/Documents/projects/airflow_etl/airflow_env/lib/python3.8/site-packages/airflow/example_dags/example_branch_operator.py
[2023-09-14T17:31:59.739+0100] {processor.py:839} INFO - DAG(s) dict_keys(['example_branch_operator']) retrieved from /home/joestar/Documents/projects/airflow_etl/airflow_env/lib/python3.8/site-packages/airflow/example_dags/example_branch_operator.py
[2023-09-14T17:31:59.759+0100] {logging_mixin.py:151} INFO - [2023-09-14T17:31:59.759+0100] {dag.py:2915} INFO - Sync 1 DAGs
[2023-09-14T17:31:59.779+0100] {logging_mixin.py:151} INFO - [2023-09-14T17:31:59.779+0100] {dag.py:3696} INFO - Setting next_dagrun for example_branch_operator to 2023-09-13T00:00:00+00:00, run_after=2023-09-14T00:00:00+00:00
[2023-09-14T17:31:59.803+0100] {processor.py:179} INFO - Processing /home/joestar/Documents/projects/airflow_etl/airflow_env/lib/python3.8/site-packages/airflow/example_dags/example_branch_operator.py took 0.081 seconds
[2023-09-14T17:32:52.884+0100] {processor.py:157} INFO - Started process (PID=30866) to work on /home/joestar/Documents/projects/airflow_etl/airflow_env/lib/python3.8/site-packages/airflow/example_dags/example_branch_operator.py
[2023-09-14T17:32:52.885+0100] {processor.py:829} INFO - Processing file /home/joestar/Documents/projects/airflow_etl/airflow_env/lib/python3.8/site-packages/airflow/example_dags/example_branch_operator.py for tasks to queue
[2023-09-14T17:32:52.886+0100] {logging_mixin.py:151} INFO - [2023-09-14T17:32:52.885+0100] {dagbag.py:539} INFO - Filling up the DagBag from /home/joestar/Documents/projects/airflow_etl/airflow_env/lib/python3.8/site-packages/airflow/example_dags/example_branch_operator.py
[2023-09-14T17:32:52.894+0100] {processor.py:839} INFO - DAG(s) dict_keys(['example_branch_operator']) retrieved from /home/joestar/Documents/projects/airflow_etl/airflow_env/lib/python3.8/site-packages/airflow/example_dags/example_branch_operator.py
[2023-09-14T17:32:52.911+0100] {logging_mixin.py:151} INFO - [2023-09-14T17:32:52.911+0100] {dag.py:2915} INFO - Sync 1 DAGs
[2023-09-14T17:32:52.937+0100] {logging_mixin.py:151} INFO - [2023-09-14T17:32:52.937+0100] {dag.py:3696} INFO - Setting next_dagrun for example_branch_operator to 2023-09-13T00:00:00+00:00, run_after=2023-09-14T00:00:00+00:00
[2023-09-14T17:32:52.967+0100] {processor.py:179} INFO - Processing /home/joestar/Documents/projects/airflow_etl/airflow_env/lib/python3.8/site-packages/airflow/example_dags/example_branch_operator.py took 0.085 seconds
[2023-09-14T17:33:45.813+0100] {processor.py:157} INFO - Started process (PID=31108) to work on /home/joestar/Documents/projects/airflow_etl/airflow_env/lib/python3.8/site-packages/airflow/example_dags/example_branch_operator.py
[2023-09-14T17:33:45.814+0100] {processor.py:829} INFO - Processing file /home/joestar/Documents/projects/airflow_etl/airflow_env/lib/python3.8/site-packages/airflow/example_dags/example_branch_operator.py for tasks to queue
[2023-09-14T17:33:45.816+0100] {logging_mixin.py:151} INFO - [2023-09-14T17:33:45.815+0100] {dagbag.py:539} INFO - Filling up the DagBag from /home/joestar/Documents/projects/airflow_etl/airflow_env/lib/python3.8/site-packages/airflow/example_dags/example_branch_operator.py
[2023-09-14T17:33:45.827+0100] {processor.py:839} INFO - DAG(s) dict_keys(['example_branch_operator']) retrieved from /home/joestar/Documents/projects/airflow_etl/airflow_env/lib/python3.8/site-packages/airflow/example_dags/example_branch_operator.py
[2023-09-14T17:33:45.847+0100] {logging_mixin.py:151} INFO - [2023-09-14T17:33:45.847+0100] {dag.py:2915} INFO - Sync 1 DAGs
[2023-09-14T17:33:45.871+0100] {logging_mixin.py:151} INFO - [2023-09-14T17:33:45.871+0100] {dag.py:3696} INFO - Setting next_dagrun for example_branch_operator to 2023-09-13T00:00:00+00:00, run_after=2023-09-14T00:00:00+00:00
[2023-09-14T17:33:45.901+0100] {processor.py:179} INFO - Processing /home/joestar/Documents/projects/airflow_etl/airflow_env/lib/python3.8/site-packages/airflow/example_dags/example_branch_operator.py took 0.092 seconds
[2023-09-14T17:34:40.113+0100] {processor.py:157} INFO - Started process (PID=31366) to work on /home/joestar/Documents/projects/airflow_etl/airflow_env/lib/python3.8/site-packages/airflow/example_dags/example_branch_operator.py
[2023-09-14T17:34:40.115+0100] {processor.py:829} INFO - Processing file /home/joestar/Documents/projects/airflow_etl/airflow_env/lib/python3.8/site-packages/airflow/example_dags/example_branch_operator.py for tasks to queue
[2023-09-14T17:34:40.118+0100] {logging_mixin.py:151} INFO - [2023-09-14T17:34:40.117+0100] {dagbag.py:539} INFO - Filling up the DagBag from /home/joestar/Documents/projects/airflow_etl/airflow_env/lib/python3.8/site-packages/airflow/example_dags/example_branch_operator.py
[2023-09-14T17:34:40.138+0100] {processor.py:839} INFO - DAG(s) dict_keys(['example_branch_operator']) retrieved from /home/joestar/Documents/projects/airflow_etl/airflow_env/lib/python3.8/site-packages/airflow/example_dags/example_branch_operator.py
[2023-09-14T17:34:40.157+0100] {logging_mixin.py:151} INFO - [2023-09-14T17:34:40.157+0100] {dag.py:2915} INFO - Sync 1 DAGs
[2023-09-14T17:34:40.174+0100] {logging_mixin.py:151} INFO - [2023-09-14T17:34:40.173+0100] {dag.py:3696} INFO - Setting next_dagrun for example_branch_operator to 2023-09-13T00:00:00+00:00, run_after=2023-09-14T00:00:00+00:00
[2023-09-14T17:34:40.198+0100] {processor.py:179} INFO - Processing /home/joestar/Documents/projects/airflow_etl/airflow_env/lib/python3.8/site-packages/airflow/example_dags/example_branch_operator.py took 0.092 seconds
[2023-09-14T17:35:29.459+0100] {processor.py:157} INFO - Started process (PID=31603) to work on /home/joestar/Documents/projects/airflow_etl/airflow_env/lib/python3.8/site-packages/airflow/example_dags/example_branch_operator.py
[2023-09-14T17:35:29.460+0100] {processor.py:829} INFO - Processing file /home/joestar/Documents/projects/airflow_etl/airflow_env/lib/python3.8/site-packages/airflow/example_dags/example_branch_operator.py for tasks to queue
[2023-09-14T17:35:29.460+0100] {logging_mixin.py:151} INFO - [2023-09-14T17:35:29.460+0100] {dagbag.py:539} INFO - Filling up the DagBag from /home/joestar/Documents/projects/airflow_etl/airflow_env/lib/python3.8/site-packages/airflow/example_dags/example_branch_operator.py
[2023-09-14T17:35:29.469+0100] {processor.py:839} INFO - DAG(s) dict_keys(['example_branch_operator']) retrieved from /home/joestar/Documents/projects/airflow_etl/airflow_env/lib/python3.8/site-packages/airflow/example_dags/example_branch_operator.py
[2023-09-14T17:35:29.486+0100] {logging_mixin.py:151} INFO - [2023-09-14T17:35:29.485+0100] {dag.py:2915} INFO - Sync 1 DAGs
[2023-09-14T17:35:29.505+0100] {logging_mixin.py:151} INFO - [2023-09-14T17:35:29.505+0100] {dag.py:3696} INFO - Setting next_dagrun for example_branch_operator to 2023-09-13T00:00:00+00:00, run_after=2023-09-14T00:00:00+00:00
[2023-09-14T17:35:29.530+0100] {processor.py:179} INFO - Processing /home/joestar/Documents/projects/airflow_etl/airflow_env/lib/python3.8/site-packages/airflow/example_dags/example_branch_operator.py took 0.074 seconds
[2023-09-14T17:36:21.528+0100] {processor.py:157} INFO - Started process (PID=31841) to work on /home/joestar/Documents/projects/airflow_etl/airflow_env/lib/python3.8/site-packages/airflow/example_dags/example_branch_operator.py
[2023-09-14T17:36:21.529+0100] {processor.py:829} INFO - Processing file /home/joestar/Documents/projects/airflow_etl/airflow_env/lib/python3.8/site-packages/airflow/example_dags/example_branch_operator.py for tasks to queue
[2023-09-14T17:36:21.531+0100] {logging_mixin.py:151} INFO - [2023-09-14T17:36:21.530+0100] {dagbag.py:539} INFO - Filling up the DagBag from /home/joestar/Documents/projects/airflow_etl/airflow_env/lib/python3.8/site-packages/airflow/example_dags/example_branch_operator.py
[2023-09-14T17:36:21.541+0100] {processor.py:839} INFO - DAG(s) dict_keys(['example_branch_operator']) retrieved from /home/joestar/Documents/projects/airflow_etl/airflow_env/lib/python3.8/site-packages/airflow/example_dags/example_branch_operator.py
[2023-09-14T17:36:21.564+0100] {logging_mixin.py:151} INFO - [2023-09-14T17:36:21.564+0100] {dag.py:2915} INFO - Sync 1 DAGs
[2023-09-14T17:36:21.596+0100] {logging_mixin.py:151} INFO - [2023-09-14T17:36:21.596+0100] {dag.py:3696} INFO - Setting next_dagrun for example_branch_operator to 2023-09-13T00:00:00+00:00, run_after=2023-09-14T00:00:00+00:00
[2023-09-14T17:36:21.648+0100] {processor.py:179} INFO - Processing /home/joestar/Documents/projects/airflow_etl/airflow_env/lib/python3.8/site-packages/airflow/example_dags/example_branch_operator.py took 0.124 seconds
[2023-09-14T17:37:14.347+0100] {processor.py:157} INFO - Started process (PID=32084) to work on /home/joestar/Documents/projects/airflow_etl/airflow_env/lib/python3.8/site-packages/airflow/example_dags/example_branch_operator.py
[2023-09-14T17:37:14.349+0100] {processor.py:829} INFO - Processing file /home/joestar/Documents/projects/airflow_etl/airflow_env/lib/python3.8/site-packages/airflow/example_dags/example_branch_operator.py for tasks to queue
[2023-09-14T17:37:14.350+0100] {logging_mixin.py:151} INFO - [2023-09-14T17:37:14.349+0100] {dagbag.py:539} INFO - Filling up the DagBag from /home/joestar/Documents/projects/airflow_etl/airflow_env/lib/python3.8/site-packages/airflow/example_dags/example_branch_operator.py
[2023-09-14T17:37:14.362+0100] {processor.py:839} INFO - DAG(s) dict_keys(['example_branch_operator']) retrieved from /home/joestar/Documents/projects/airflow_etl/airflow_env/lib/python3.8/site-packages/airflow/example_dags/example_branch_operator.py
[2023-09-14T17:37:14.389+0100] {logging_mixin.py:151} INFO - [2023-09-14T17:37:14.389+0100] {dag.py:2915} INFO - Sync 1 DAGs
[2023-09-14T17:37:14.415+0100] {logging_mixin.py:151} INFO - [2023-09-14T17:37:14.414+0100] {dag.py:3696} INFO - Setting next_dagrun for example_branch_operator to 2023-09-13T00:00:00+00:00, run_after=2023-09-14T00:00:00+00:00
[2023-09-14T17:37:14.447+0100] {processor.py:179} INFO - Processing /home/joestar/Documents/projects/airflow_etl/airflow_env/lib/python3.8/site-packages/airflow/example_dags/example_branch_operator.py took 0.103 seconds
[2023-09-14T17:38:11.295+0100] {processor.py:157} INFO - Started process (PID=32484) to work on /home/joestar/Documents/projects/airflow_etl/airflow_env/lib/python3.8/site-packages/airflow/example_dags/example_branch_operator.py
[2023-09-14T17:38:11.296+0100] {processor.py:829} INFO - Processing file /home/joestar/Documents/projects/airflow_etl/airflow_env/lib/python3.8/site-packages/airflow/example_dags/example_branch_operator.py for tasks to queue
[2023-09-14T17:38:11.297+0100] {logging_mixin.py:151} INFO - [2023-09-14T17:38:11.297+0100] {dagbag.py:539} INFO - Filling up the DagBag from /home/joestar/Documents/projects/airflow_etl/airflow_env/lib/python3.8/site-packages/airflow/example_dags/example_branch_operator.py
[2023-09-14T17:38:11.311+0100] {processor.py:839} INFO - DAG(s) dict_keys(['example_branch_operator']) retrieved from /home/joestar/Documents/projects/airflow_etl/airflow_env/lib/python3.8/site-packages/airflow/example_dags/example_branch_operator.py
[2023-09-14T17:38:11.356+0100] {logging_mixin.py:151} INFO - [2023-09-14T17:38:11.356+0100] {dag.py:2915} INFO - Sync 1 DAGs
[2023-09-14T17:38:11.388+0100] {logging_mixin.py:151} INFO - [2023-09-14T17:38:11.388+0100] {dag.py:3696} INFO - Setting next_dagrun for example_branch_operator to 2023-09-13T00:00:00+00:00, run_after=2023-09-14T00:00:00+00:00
[2023-09-14T17:38:11.421+0100] {processor.py:179} INFO - Processing /home/joestar/Documents/projects/airflow_etl/airflow_env/lib/python3.8/site-packages/airflow/example_dags/example_branch_operator.py took 0.129 seconds
[2023-09-14T17:39:16.511+0100] {processor.py:157} INFO - Started process (PID=32959) to work on /home/joestar/Documents/projects/airflow_etl/airflow_env/lib/python3.8/site-packages/airflow/example_dags/example_branch_operator.py
[2023-09-14T17:39:16.512+0100] {processor.py:829} INFO - Processing file /home/joestar/Documents/projects/airflow_etl/airflow_env/lib/python3.8/site-packages/airflow/example_dags/example_branch_operator.py for tasks to queue
[2023-09-14T17:39:16.513+0100] {logging_mixin.py:151} INFO - [2023-09-14T17:39:16.513+0100] {dagbag.py:539} INFO - Filling up the DagBag from /home/joestar/Documents/projects/airflow_etl/airflow_env/lib/python3.8/site-packages/airflow/example_dags/example_branch_operator.py
[2023-09-14T17:39:16.523+0100] {processor.py:839} INFO - DAG(s) dict_keys(['example_branch_operator']) retrieved from /home/joestar/Documents/projects/airflow_etl/airflow_env/lib/python3.8/site-packages/airflow/example_dags/example_branch_operator.py
[2023-09-14T17:39:16.541+0100] {logging_mixin.py:151} INFO - [2023-09-14T17:39:16.541+0100] {dag.py:2915} INFO - Sync 1 DAGs
[2023-09-14T17:39:16.565+0100] {logging_mixin.py:151} INFO - [2023-09-14T17:39:16.565+0100] {dag.py:3696} INFO - Setting next_dagrun for example_branch_operator to 2023-09-13T00:00:00+00:00, run_after=2023-09-14T00:00:00+00:00
[2023-09-14T17:39:16.590+0100] {processor.py:179} INFO - Processing /home/joestar/Documents/projects/airflow_etl/airflow_env/lib/python3.8/site-packages/airflow/example_dags/example_branch_operator.py took 0.081 seconds
[2023-09-14T17:40:02.452+0100] {processor.py:157} INFO - Started process (PID=33256) to work on /home/joestar/Documents/projects/airflow_etl/airflow_env/lib/python3.8/site-packages/airflow/example_dags/example_branch_operator.py
[2023-09-14T17:40:02.453+0100] {processor.py:829} INFO - Processing file /home/joestar/Documents/projects/airflow_etl/airflow_env/lib/python3.8/site-packages/airflow/example_dags/example_branch_operator.py for tasks to queue
[2023-09-14T17:40:02.454+0100] {logging_mixin.py:151} INFO - [2023-09-14T17:40:02.454+0100] {dagbag.py:539} INFO - Filling up the DagBag from /home/joestar/Documents/projects/airflow_etl/airflow_env/lib/python3.8/site-packages/airflow/example_dags/example_branch_operator.py
[2023-09-14T17:40:02.462+0100] {processor.py:839} INFO - DAG(s) dict_keys(['example_branch_operator']) retrieved from /home/joestar/Documents/projects/airflow_etl/airflow_env/lib/python3.8/site-packages/airflow/example_dags/example_branch_operator.py
[2023-09-14T17:40:02.477+0100] {logging_mixin.py:151} INFO - [2023-09-14T17:40:02.477+0100] {dag.py:2915} INFO - Sync 1 DAGs
[2023-09-14T17:40:02.494+0100] {logging_mixin.py:151} INFO - [2023-09-14T17:40:02.494+0100] {dag.py:3696} INFO - Setting next_dagrun for example_branch_operator to 2023-09-13T00:00:00+00:00, run_after=2023-09-14T00:00:00+00:00
[2023-09-14T17:40:02.517+0100] {processor.py:179} INFO - Processing /home/joestar/Documents/projects/airflow_etl/airflow_env/lib/python3.8/site-packages/airflow/example_dags/example_branch_operator.py took 0.067 seconds
[2023-09-14T17:40:59.872+0100] {processor.py:157} INFO - Started process (PID=33609) to work on /home/joestar/Documents/projects/airflow_etl/airflow_env/lib/python3.8/site-packages/airflow/example_dags/example_branch_operator.py
[2023-09-14T17:40:59.873+0100] {processor.py:829} INFO - Processing file /home/joestar/Documents/projects/airflow_etl/airflow_env/lib/python3.8/site-packages/airflow/example_dags/example_branch_operator.py for tasks to queue
[2023-09-14T17:40:59.874+0100] {logging_mixin.py:151} INFO - [2023-09-14T17:40:59.874+0100] {dagbag.py:539} INFO - Filling up the DagBag from /home/joestar/Documents/projects/airflow_etl/airflow_env/lib/python3.8/site-packages/airflow/example_dags/example_branch_operator.py
[2023-09-14T17:40:59.885+0100] {processor.py:839} INFO - DAG(s) dict_keys(['example_branch_operator']) retrieved from /home/joestar/Documents/projects/airflow_etl/airflow_env/lib/python3.8/site-packages/airflow/example_dags/example_branch_operator.py
[2023-09-14T17:40:59.902+0100] {logging_mixin.py:151} INFO - [2023-09-14T17:40:59.902+0100] {dag.py:2915} INFO - Sync 1 DAGs
[2023-09-14T17:40:59.922+0100] {logging_mixin.py:151} INFO - [2023-09-14T17:40:59.921+0100] {dag.py:3696} INFO - Setting next_dagrun for example_branch_operator to 2023-09-13T00:00:00+00:00, run_after=2023-09-14T00:00:00+00:00
[2023-09-14T17:40:59.947+0100] {processor.py:179} INFO - Processing /home/joestar/Documents/projects/airflow_etl/airflow_env/lib/python3.8/site-packages/airflow/example_dags/example_branch_operator.py took 0.078 seconds
[2023-09-14T17:41:52.436+0100] {processor.py:157} INFO - Started process (PID=33955) to work on /home/joestar/Documents/projects/airflow_etl/airflow_env/lib/python3.8/site-packages/airflow/example_dags/example_branch_operator.py
[2023-09-14T17:41:52.437+0100] {processor.py:829} INFO - Processing file /home/joestar/Documents/projects/airflow_etl/airflow_env/lib/python3.8/site-packages/airflow/example_dags/example_branch_operator.py for tasks to queue
[2023-09-14T17:41:52.438+0100] {logging_mixin.py:151} INFO - [2023-09-14T17:41:52.438+0100] {dagbag.py:539} INFO - Filling up the DagBag from /home/joestar/Documents/projects/airflow_etl/airflow_env/lib/python3.8/site-packages/airflow/example_dags/example_branch_operator.py
[2023-09-14T17:41:52.451+0100] {processor.py:839} INFO - DAG(s) dict_keys(['example_branch_operator']) retrieved from /home/joestar/Documents/projects/airflow_etl/airflow_env/lib/python3.8/site-packages/airflow/example_dags/example_branch_operator.py
[2023-09-14T17:41:52.475+0100] {logging_mixin.py:151} INFO - [2023-09-14T17:41:52.475+0100] {dag.py:2915} INFO - Sync 1 DAGs
[2023-09-14T17:41:52.504+0100] {logging_mixin.py:151} INFO - [2023-09-14T17:41:52.504+0100] {dag.py:3696} INFO - Setting next_dagrun for example_branch_operator to 2023-09-13T00:00:00+00:00, run_after=2023-09-14T00:00:00+00:00
[2023-09-14T17:41:52.534+0100] {processor.py:179} INFO - Processing /home/joestar/Documents/projects/airflow_etl/airflow_env/lib/python3.8/site-packages/airflow/example_dags/example_branch_operator.py took 0.102 seconds
[2023-09-14T17:42:36.939+0100] {processor.py:157} INFO - Started process (PID=34161) to work on /home/joestar/Documents/projects/airflow_etl/airflow_env/lib/python3.8/site-packages/airflow/example_dags/example_branch_operator.py
[2023-09-14T17:42:36.940+0100] {processor.py:829} INFO - Processing file /home/joestar/Documents/projects/airflow_etl/airflow_env/lib/python3.8/site-packages/airflow/example_dags/example_branch_operator.py for tasks to queue
[2023-09-14T17:42:36.941+0100] {logging_mixin.py:151} INFO - [2023-09-14T17:42:36.940+0100] {dagbag.py:539} INFO - Filling up the DagBag from /home/joestar/Documents/projects/airflow_etl/airflow_env/lib/python3.8/site-packages/airflow/example_dags/example_branch_operator.py
[2023-09-14T17:42:36.954+0100] {processor.py:839} INFO - DAG(s) dict_keys(['example_branch_operator']) retrieved from /home/joestar/Documents/projects/airflow_etl/airflow_env/lib/python3.8/site-packages/airflow/example_dags/example_branch_operator.py
[2023-09-14T17:42:36.978+0100] {logging_mixin.py:151} INFO - [2023-09-14T17:42:36.977+0100] {dag.py:2915} INFO - Sync 1 DAGs
[2023-09-14T17:42:37.007+0100] {logging_mixin.py:151} INFO - [2023-09-14T17:42:37.006+0100] {dag.py:3696} INFO - Setting next_dagrun for example_branch_operator to 2023-09-13T00:00:00+00:00, run_after=2023-09-14T00:00:00+00:00
[2023-09-14T17:42:37.033+0100] {processor.py:179} INFO - Processing /home/joestar/Documents/projects/airflow_etl/airflow_env/lib/python3.8/site-packages/airflow/example_dags/example_branch_operator.py took 0.098 seconds
[2023-09-14T17:43:33.126+0100] {processor.py:157} INFO - Started process (PID=34415) to work on /home/joestar/Documents/projects/airflow_etl/airflow_env/lib/python3.8/site-packages/airflow/example_dags/example_branch_operator.py
[2023-09-14T17:43:33.127+0100] {processor.py:829} INFO - Processing file /home/joestar/Documents/projects/airflow_etl/airflow_env/lib/python3.8/site-packages/airflow/example_dags/example_branch_operator.py for tasks to queue
[2023-09-14T17:43:33.128+0100] {logging_mixin.py:151} INFO - [2023-09-14T17:43:33.128+0100] {dagbag.py:539} INFO - Filling up the DagBag from /home/joestar/Documents/projects/airflow_etl/airflow_env/lib/python3.8/site-packages/airflow/example_dags/example_branch_operator.py
[2023-09-14T17:43:33.136+0100] {processor.py:839} INFO - DAG(s) dict_keys(['example_branch_operator']) retrieved from /home/joestar/Documents/projects/airflow_etl/airflow_env/lib/python3.8/site-packages/airflow/example_dags/example_branch_operator.py
[2023-09-14T17:43:33.158+0100] {logging_mixin.py:151} INFO - [2023-09-14T17:43:33.157+0100] {dag.py:2915} INFO - Sync 1 DAGs
[2023-09-14T17:43:33.188+0100] {logging_mixin.py:151} INFO - [2023-09-14T17:43:33.187+0100] {dag.py:3696} INFO - Setting next_dagrun for example_branch_operator to 2023-09-13T00:00:00+00:00, run_after=2023-09-14T00:00:00+00:00
[2023-09-14T17:43:33.217+0100] {processor.py:179} INFO - Processing /home/joestar/Documents/projects/airflow_etl/airflow_env/lib/python3.8/site-packages/airflow/example_dags/example_branch_operator.py took 0.094 seconds
[2023-09-14T17:44:17.948+0100] {processor.py:157} INFO - Started process (PID=34650) to work on /home/joestar/Documents/projects/airflow_etl/airflow_env/lib/python3.8/site-packages/airflow/example_dags/example_branch_operator.py
[2023-09-14T17:44:17.949+0100] {processor.py:829} INFO - Processing file /home/joestar/Documents/projects/airflow_etl/airflow_env/lib/python3.8/site-packages/airflow/example_dags/example_branch_operator.py for tasks to queue
[2023-09-14T17:44:17.950+0100] {logging_mixin.py:151} INFO - [2023-09-14T17:44:17.950+0100] {dagbag.py:539} INFO - Filling up the DagBag from /home/joestar/Documents/projects/airflow_etl/airflow_env/lib/python3.8/site-packages/airflow/example_dags/example_branch_operator.py
[2023-09-14T17:44:17.968+0100] {processor.py:839} INFO - DAG(s) dict_keys(['example_branch_operator']) retrieved from /home/joestar/Documents/projects/airflow_etl/airflow_env/lib/python3.8/site-packages/airflow/example_dags/example_branch_operator.py
[2023-09-14T17:44:18.006+0100] {logging_mixin.py:151} INFO - [2023-09-14T17:44:18.005+0100] {dag.py:2915} INFO - Sync 1 DAGs
[2023-09-14T17:44:18.043+0100] {logging_mixin.py:151} INFO - [2023-09-14T17:44:18.043+0100] {dag.py:3696} INFO - Setting next_dagrun for example_branch_operator to 2023-09-13T00:00:00+00:00, run_after=2023-09-14T00:00:00+00:00
[2023-09-14T17:44:18.078+0100] {processor.py:179} INFO - Processing /home/joestar/Documents/projects/airflow_etl/airflow_env/lib/python3.8/site-packages/airflow/example_dags/example_branch_operator.py took 0.135 seconds
[2023-09-14T17:45:16.587+0100] {processor.py:157} INFO - Started process (PID=34903) to work on /home/joestar/Documents/projects/airflow_etl/airflow_env/lib/python3.8/site-packages/airflow/example_dags/example_branch_operator.py
[2023-09-14T17:45:16.590+0100] {processor.py:829} INFO - Processing file /home/joestar/Documents/projects/airflow_etl/airflow_env/lib/python3.8/site-packages/airflow/example_dags/example_branch_operator.py for tasks to queue
[2023-09-14T17:45:16.592+0100] {logging_mixin.py:151} INFO - [2023-09-14T17:45:16.591+0100] {dagbag.py:539} INFO - Filling up the DagBag from /home/joestar/Documents/projects/airflow_etl/airflow_env/lib/python3.8/site-packages/airflow/example_dags/example_branch_operator.py
[2023-09-14T17:45:16.615+0100] {processor.py:839} INFO - DAG(s) dict_keys(['example_branch_operator']) retrieved from /home/joestar/Documents/projects/airflow_etl/airflow_env/lib/python3.8/site-packages/airflow/example_dags/example_branch_operator.py
[2023-09-14T17:45:16.646+0100] {logging_mixin.py:151} INFO - [2023-09-14T17:45:16.646+0100] {dag.py:2915} INFO - Sync 1 DAGs
[2023-09-14T17:45:16.680+0100] {logging_mixin.py:151} INFO - [2023-09-14T17:45:16.679+0100] {dag.py:3696} INFO - Setting next_dagrun for example_branch_operator to 2023-09-13T00:00:00+00:00, run_after=2023-09-14T00:00:00+00:00
[2023-09-14T17:45:16.724+0100] {processor.py:179} INFO - Processing /home/joestar/Documents/projects/airflow_etl/airflow_env/lib/python3.8/site-packages/airflow/example_dags/example_branch_operator.py took 0.144 seconds
[2023-09-14T17:45:59.294+0100] {processor.py:157} INFO - Started process (PID=35072) to work on /home/joestar/Documents/projects/airflow_etl/airflow_env/lib/python3.8/site-packages/airflow/example_dags/example_branch_operator.py
[2023-09-14T17:45:59.295+0100] {processor.py:829} INFO - Processing file /home/joestar/Documents/projects/airflow_etl/airflow_env/lib/python3.8/site-packages/airflow/example_dags/example_branch_operator.py for tasks to queue
[2023-09-14T17:45:59.297+0100] {logging_mixin.py:151} INFO - [2023-09-14T17:45:59.296+0100] {dagbag.py:539} INFO - Filling up the DagBag from /home/joestar/Documents/projects/airflow_etl/airflow_env/lib/python3.8/site-packages/airflow/example_dags/example_branch_operator.py
[2023-09-14T17:45:59.311+0100] {processor.py:839} INFO - DAG(s) dict_keys(['example_branch_operator']) retrieved from /home/joestar/Documents/projects/airflow_etl/airflow_env/lib/python3.8/site-packages/airflow/example_dags/example_branch_operator.py
[2023-09-14T17:45:59.337+0100] {logging_mixin.py:151} INFO - [2023-09-14T17:45:59.337+0100] {dag.py:2915} INFO - Sync 1 DAGs
[2023-09-14T17:45:59.365+0100] {logging_mixin.py:151} INFO - [2023-09-14T17:45:59.365+0100] {dag.py:3696} INFO - Setting next_dagrun for example_branch_operator to 2023-09-13T00:00:00+00:00, run_after=2023-09-14T00:00:00+00:00
[2023-09-14T17:45:59.400+0100] {processor.py:179} INFO - Processing /home/joestar/Documents/projects/airflow_etl/airflow_env/lib/python3.8/site-packages/airflow/example_dags/example_branch_operator.py took 0.109 seconds
[2023-09-14T17:47:05.151+0100] {processor.py:157} INFO - Started process (PID=35366) to work on /home/joestar/Documents/projects/airflow_etl/airflow_env/lib/python3.8/site-packages/airflow/example_dags/example_branch_operator.py
[2023-09-14T17:47:05.153+0100] {processor.py:829} INFO - Processing file /home/joestar/Documents/projects/airflow_etl/airflow_env/lib/python3.8/site-packages/airflow/example_dags/example_branch_operator.py for tasks to queue
[2023-09-14T17:47:05.154+0100] {logging_mixin.py:151} INFO - [2023-09-14T17:47:05.153+0100] {dagbag.py:539} INFO - Filling up the DagBag from /home/joestar/Documents/projects/airflow_etl/airflow_env/lib/python3.8/site-packages/airflow/example_dags/example_branch_operator.py
[2023-09-14T17:47:05.174+0100] {processor.py:839} INFO - DAG(s) dict_keys(['example_branch_operator']) retrieved from /home/joestar/Documents/projects/airflow_etl/airflow_env/lib/python3.8/site-packages/airflow/example_dags/example_branch_operator.py
[2023-09-14T17:47:05.225+0100] {logging_mixin.py:151} INFO - [2023-09-14T17:47:05.224+0100] {dag.py:2915} INFO - Sync 1 DAGs
[2023-09-14T17:47:05.272+0100] {logging_mixin.py:151} INFO - [2023-09-14T17:47:05.272+0100] {dag.py:3696} INFO - Setting next_dagrun for example_branch_operator to 2023-09-13T00:00:00+00:00, run_after=2023-09-14T00:00:00+00:00
[2023-09-14T17:47:05.310+0100] {processor.py:179} INFO - Processing /home/joestar/Documents/projects/airflow_etl/airflow_env/lib/python3.8/site-packages/airflow/example_dags/example_branch_operator.py took 0.168 seconds
[2023-09-14T17:47:59.343+0100] {processor.py:157} INFO - Started process (PID=35564) to work on /home/joestar/Documents/projects/airflow_etl/airflow_env/lib/python3.8/site-packages/airflow/example_dags/example_branch_operator.py
[2023-09-14T17:47:59.344+0100] {processor.py:829} INFO - Processing file /home/joestar/Documents/projects/airflow_etl/airflow_env/lib/python3.8/site-packages/airflow/example_dags/example_branch_operator.py for tasks to queue
[2023-09-14T17:47:59.345+0100] {logging_mixin.py:151} INFO - [2023-09-14T17:47:59.345+0100] {dagbag.py:539} INFO - Filling up the DagBag from /home/joestar/Documents/projects/airflow_etl/airflow_env/lib/python3.8/site-packages/airflow/example_dags/example_branch_operator.py
[2023-09-14T17:47:59.361+0100] {processor.py:839} INFO - DAG(s) dict_keys(['example_branch_operator']) retrieved from /home/joestar/Documents/projects/airflow_etl/airflow_env/lib/python3.8/site-packages/airflow/example_dags/example_branch_operator.py
[2023-09-14T17:47:59.389+0100] {logging_mixin.py:151} INFO - [2023-09-14T17:47:59.388+0100] {dag.py:2915} INFO - Sync 1 DAGs
[2023-09-14T17:47:59.421+0100] {logging_mixin.py:151} INFO - [2023-09-14T17:47:59.421+0100] {dag.py:3696} INFO - Setting next_dagrun for example_branch_operator to 2023-09-13T00:00:00+00:00, run_after=2023-09-14T00:00:00+00:00
[2023-09-14T17:47:59.478+0100] {processor.py:179} INFO - Processing /home/joestar/Documents/projects/airflow_etl/airflow_env/lib/python3.8/site-packages/airflow/example_dags/example_branch_operator.py took 0.140 seconds
[2023-09-14T17:48:49.371+0100] {processor.py:157} INFO - Started process (PID=35770) to work on /home/joestar/Documents/projects/airflow_etl/airflow_env/lib/python3.8/site-packages/airflow/example_dags/example_branch_operator.py
[2023-09-14T17:48:49.372+0100] {processor.py:829} INFO - Processing file /home/joestar/Documents/projects/airflow_etl/airflow_env/lib/python3.8/site-packages/airflow/example_dags/example_branch_operator.py for tasks to queue
[2023-09-14T17:48:49.373+0100] {logging_mixin.py:151} INFO - [2023-09-14T17:48:49.373+0100] {dagbag.py:539} INFO - Filling up the DagBag from /home/joestar/Documents/projects/airflow_etl/airflow_env/lib/python3.8/site-packages/airflow/example_dags/example_branch_operator.py
[2023-09-14T17:48:49.383+0100] {processor.py:839} INFO - DAG(s) dict_keys(['example_branch_operator']) retrieved from /home/joestar/Documents/projects/airflow_etl/airflow_env/lib/python3.8/site-packages/airflow/example_dags/example_branch_operator.py
[2023-09-14T17:48:49.403+0100] {logging_mixin.py:151} INFO - [2023-09-14T17:48:49.403+0100] {dag.py:2915} INFO - Sync 1 DAGs
[2023-09-14T17:48:49.427+0100] {logging_mixin.py:151} INFO - [2023-09-14T17:48:49.426+0100] {dag.py:3696} INFO - Setting next_dagrun for example_branch_operator to 2023-09-13T00:00:00+00:00, run_after=2023-09-14T00:00:00+00:00
[2023-09-14T17:48:49.465+0100] {processor.py:179} INFO - Processing /home/joestar/Documents/projects/airflow_etl/airflow_env/lib/python3.8/site-packages/airflow/example_dags/example_branch_operator.py took 0.096 seconds
[2023-09-14T17:49:40.322+0100] {processor.py:157} INFO - Started process (PID=35973) to work on /home/joestar/Documents/projects/airflow_etl/airflow_env/lib/python3.8/site-packages/airflow/example_dags/example_branch_operator.py
[2023-09-14T17:49:40.323+0100] {processor.py:829} INFO - Processing file /home/joestar/Documents/projects/airflow_etl/airflow_env/lib/python3.8/site-packages/airflow/example_dags/example_branch_operator.py for tasks to queue
[2023-09-14T17:49:40.324+0100] {logging_mixin.py:151} INFO - [2023-09-14T17:49:40.323+0100] {dagbag.py:539} INFO - Filling up the DagBag from /home/joestar/Documents/projects/airflow_etl/airflow_env/lib/python3.8/site-packages/airflow/example_dags/example_branch_operator.py
[2023-09-14T17:49:40.333+0100] {processor.py:839} INFO - DAG(s) dict_keys(['example_branch_operator']) retrieved from /home/joestar/Documents/projects/airflow_etl/airflow_env/lib/python3.8/site-packages/airflow/example_dags/example_branch_operator.py
[2023-09-14T17:49:40.352+0100] {logging_mixin.py:151} INFO - [2023-09-14T17:49:40.351+0100] {dag.py:2915} INFO - Sync 1 DAGs
[2023-09-14T17:49:40.382+0100] {logging_mixin.py:151} INFO - [2023-09-14T17:49:40.382+0100] {dag.py:3696} INFO - Setting next_dagrun for example_branch_operator to 2023-09-13T00:00:00+00:00, run_after=2023-09-14T00:00:00+00:00
[2023-09-14T17:49:40.423+0100] {processor.py:179} INFO - Processing /home/joestar/Documents/projects/airflow_etl/airflow_env/lib/python3.8/site-packages/airflow/example_dags/example_branch_operator.py took 0.104 seconds
[2023-09-14T17:50:30.191+0100] {processor.py:157} INFO - Started process (PID=36205) to work on /home/joestar/Documents/projects/airflow_etl/airflow_env/lib/python3.8/site-packages/airflow/example_dags/example_branch_operator.py
[2023-09-14T17:50:30.195+0100] {processor.py:829} INFO - Processing file /home/joestar/Documents/projects/airflow_etl/airflow_env/lib/python3.8/site-packages/airflow/example_dags/example_branch_operator.py for tasks to queue
[2023-09-14T17:50:30.199+0100] {logging_mixin.py:151} INFO - [2023-09-14T17:50:30.198+0100] {dagbag.py:539} INFO - Filling up the DagBag from /home/joestar/Documents/projects/airflow_etl/airflow_env/lib/python3.8/site-packages/airflow/example_dags/example_branch_operator.py
[2023-09-14T17:50:30.240+0100] {processor.py:839} INFO - DAG(s) dict_keys(['example_branch_operator']) retrieved from /home/joestar/Documents/projects/airflow_etl/airflow_env/lib/python3.8/site-packages/airflow/example_dags/example_branch_operator.py
[2023-09-14T17:50:30.333+0100] {logging_mixin.py:151} INFO - [2023-09-14T17:50:30.332+0100] {dag.py:2915} INFO - Sync 1 DAGs
[2023-09-14T17:50:30.451+0100] {logging_mixin.py:151} INFO - [2023-09-14T17:50:30.451+0100] {dag.py:3696} INFO - Setting next_dagrun for example_branch_operator to 2023-09-13T00:00:00+00:00, run_after=2023-09-14T00:00:00+00:00
[2023-09-14T17:50:30.507+0100] {processor.py:179} INFO - Processing /home/joestar/Documents/projects/airflow_etl/airflow_env/lib/python3.8/site-packages/airflow/example_dags/example_branch_operator.py took 0.326 seconds
[2023-09-14T17:51:29.117+0100] {processor.py:157} INFO - Started process (PID=36480) to work on /home/joestar/Documents/projects/airflow_etl/airflow_env/lib/python3.8/site-packages/airflow/example_dags/example_branch_operator.py
[2023-09-14T17:51:29.118+0100] {processor.py:829} INFO - Processing file /home/joestar/Documents/projects/airflow_etl/airflow_env/lib/python3.8/site-packages/airflow/example_dags/example_branch_operator.py for tasks to queue
[2023-09-14T17:51:29.119+0100] {logging_mixin.py:151} INFO - [2023-09-14T17:51:29.118+0100] {dagbag.py:539} INFO - Filling up the DagBag from /home/joestar/Documents/projects/airflow_etl/airflow_env/lib/python3.8/site-packages/airflow/example_dags/example_branch_operator.py
[2023-09-14T17:51:29.132+0100] {processor.py:839} INFO - DAG(s) dict_keys(['example_branch_operator']) retrieved from /home/joestar/Documents/projects/airflow_etl/airflow_env/lib/python3.8/site-packages/airflow/example_dags/example_branch_operator.py
[2023-09-14T17:51:29.159+0100] {logging_mixin.py:151} INFO - [2023-09-14T17:51:29.159+0100] {dag.py:2915} INFO - Sync 1 DAGs
[2023-09-14T17:51:29.185+0100] {logging_mixin.py:151} INFO - [2023-09-14T17:51:29.185+0100] {dag.py:3696} INFO - Setting next_dagrun for example_branch_operator to 2023-09-13T00:00:00+00:00, run_after=2023-09-14T00:00:00+00:00
[2023-09-14T17:51:29.214+0100] {processor.py:179} INFO - Processing /home/joestar/Documents/projects/airflow_etl/airflow_env/lib/python3.8/site-packages/airflow/example_dags/example_branch_operator.py took 0.102 seconds
[2023-09-14T17:52:26.554+0100] {processor.py:157} INFO - Started process (PID=36730) to work on /home/joestar/Documents/projects/airflow_etl/airflow_env/lib/python3.8/site-packages/airflow/example_dags/example_branch_operator.py
[2023-09-14T17:52:26.555+0100] {processor.py:829} INFO - Processing file /home/joestar/Documents/projects/airflow_etl/airflow_env/lib/python3.8/site-packages/airflow/example_dags/example_branch_operator.py for tasks to queue
[2023-09-14T17:52:26.556+0100] {logging_mixin.py:151} INFO - [2023-09-14T17:52:26.555+0100] {dagbag.py:539} INFO - Filling up the DagBag from /home/joestar/Documents/projects/airflow_etl/airflow_env/lib/python3.8/site-packages/airflow/example_dags/example_branch_operator.py
[2023-09-14T17:52:26.572+0100] {processor.py:839} INFO - DAG(s) dict_keys(['example_branch_operator']) retrieved from /home/joestar/Documents/projects/airflow_etl/airflow_env/lib/python3.8/site-packages/airflow/example_dags/example_branch_operator.py
[2023-09-14T17:52:26.592+0100] {logging_mixin.py:151} INFO - [2023-09-14T17:52:26.591+0100] {dag.py:2915} INFO - Sync 1 DAGs
[2023-09-14T17:52:26.611+0100] {logging_mixin.py:151} INFO - [2023-09-14T17:52:26.611+0100] {dag.py:3696} INFO - Setting next_dagrun for example_branch_operator to 2023-09-13T00:00:00+00:00, run_after=2023-09-14T00:00:00+00:00
[2023-09-14T17:52:26.636+0100] {processor.py:179} INFO - Processing /home/joestar/Documents/projects/airflow_etl/airflow_env/lib/python3.8/site-packages/airflow/example_dags/example_branch_operator.py took 0.086 seconds
[2023-09-14T17:54:47.508+0100] {processor.py:157} INFO - Started process (PID=37497) to work on /home/joestar/Documents/projects/airflow_etl/airflow_env/lib/python3.8/site-packages/airflow/example_dags/example_branch_operator.py
[2023-09-14T17:54:47.509+0100] {processor.py:829} INFO - Processing file /home/joestar/Documents/projects/airflow_etl/airflow_env/lib/python3.8/site-packages/airflow/example_dags/example_branch_operator.py for tasks to queue
[2023-09-14T17:54:47.510+0100] {logging_mixin.py:151} INFO - [2023-09-14T17:54:47.509+0100] {dagbag.py:539} INFO - Filling up the DagBag from /home/joestar/Documents/projects/airflow_etl/airflow_env/lib/python3.8/site-packages/airflow/example_dags/example_branch_operator.py
[2023-09-14T17:54:47.523+0100] {processor.py:839} INFO - DAG(s) dict_keys(['example_branch_operator']) retrieved from /home/joestar/Documents/projects/airflow_etl/airflow_env/lib/python3.8/site-packages/airflow/example_dags/example_branch_operator.py
[2023-09-14T17:54:47.540+0100] {logging_mixin.py:151} INFO - [2023-09-14T17:54:47.540+0100] {dag.py:2915} INFO - Sync 1 DAGs
[2023-09-14T17:54:47.560+0100] {logging_mixin.py:151} INFO - [2023-09-14T17:54:47.559+0100] {dag.py:3696} INFO - Setting next_dagrun for example_branch_operator to 2023-09-13T00:00:00+00:00, run_after=2023-09-14T00:00:00+00:00
[2023-09-14T17:54:47.584+0100] {processor.py:179} INFO - Processing /home/joestar/Documents/projects/airflow_etl/airflow_env/lib/python3.8/site-packages/airflow/example_dags/example_branch_operator.py took 0.079 seconds
[2023-09-14T18:03:12.481+0100] {processor.py:157} INFO - Started process (PID=38738) to work on /home/joestar/Documents/projects/airflow_etl/airflow_env/lib/python3.8/site-packages/airflow/example_dags/example_branch_operator.py
[2023-09-14T18:03:12.482+0100] {processor.py:829} INFO - Processing file /home/joestar/Documents/projects/airflow_etl/airflow_env/lib/python3.8/site-packages/airflow/example_dags/example_branch_operator.py for tasks to queue
[2023-09-14T18:03:12.484+0100] {logging_mixin.py:151} INFO - [2023-09-14T18:03:12.483+0100] {dagbag.py:539} INFO - Filling up the DagBag from /home/joestar/Documents/projects/airflow_etl/airflow_env/lib/python3.8/site-packages/airflow/example_dags/example_branch_operator.py
[2023-09-14T18:03:12.498+0100] {processor.py:839} INFO - DAG(s) dict_keys(['example_branch_operator']) retrieved from /home/joestar/Documents/projects/airflow_etl/airflow_env/lib/python3.8/site-packages/airflow/example_dags/example_branch_operator.py
[2023-09-14T18:03:12.530+0100] {logging_mixin.py:151} INFO - [2023-09-14T18:03:12.529+0100] {dag.py:2915} INFO - Sync 1 DAGs
[2023-09-14T18:03:12.565+0100] {logging_mixin.py:151} INFO - [2023-09-14T18:03:12.565+0100] {dag.py:3696} INFO - Setting next_dagrun for example_branch_operator to 2023-09-13T00:00:00+00:00, run_after=2023-09-14T00:00:00+00:00
[2023-09-14T18:03:12.598+0100] {processor.py:179} INFO - Processing /home/joestar/Documents/projects/airflow_etl/airflow_env/lib/python3.8/site-packages/airflow/example_dags/example_branch_operator.py took 0.121 seconds
[2023-09-14T18:04:04.803+0100] {processor.py:157} INFO - Started process (PID=38973) to work on /home/joestar/Documents/projects/airflow_etl/airflow_env/lib/python3.8/site-packages/airflow/example_dags/example_branch_operator.py
[2023-09-14T18:04:04.805+0100] {processor.py:829} INFO - Processing file /home/joestar/Documents/projects/airflow_etl/airflow_env/lib/python3.8/site-packages/airflow/example_dags/example_branch_operator.py for tasks to queue
[2023-09-14T18:04:04.806+0100] {logging_mixin.py:151} INFO - [2023-09-14T18:04:04.805+0100] {dagbag.py:539} INFO - Filling up the DagBag from /home/joestar/Documents/projects/airflow_etl/airflow_env/lib/python3.8/site-packages/airflow/example_dags/example_branch_operator.py
[2023-09-14T18:04:04.822+0100] {processor.py:839} INFO - DAG(s) dict_keys(['example_branch_operator']) retrieved from /home/joestar/Documents/projects/airflow_etl/airflow_env/lib/python3.8/site-packages/airflow/example_dags/example_branch_operator.py
[2023-09-14T18:04:04.853+0100] {logging_mixin.py:151} INFO - [2023-09-14T18:04:04.853+0100] {dag.py:2915} INFO - Sync 1 DAGs
[2023-09-14T18:04:04.886+0100] {logging_mixin.py:151} INFO - [2023-09-14T18:04:04.886+0100] {dag.py:3696} INFO - Setting next_dagrun for example_branch_operator to 2023-09-13T00:00:00+00:00, run_after=2023-09-14T00:00:00+00:00
[2023-09-14T18:04:04.923+0100] {processor.py:179} INFO - Processing /home/joestar/Documents/projects/airflow_etl/airflow_env/lib/python3.8/site-packages/airflow/example_dags/example_branch_operator.py took 0.125 seconds
[2023-09-14T18:04:53.186+0100] {processor.py:157} INFO - Started process (PID=39204) to work on /home/joestar/Documents/projects/airflow_etl/airflow_env/lib/python3.8/site-packages/airflow/example_dags/example_branch_operator.py
[2023-09-14T18:04:53.188+0100] {processor.py:829} INFO - Processing file /home/joestar/Documents/projects/airflow_etl/airflow_env/lib/python3.8/site-packages/airflow/example_dags/example_branch_operator.py for tasks to queue
[2023-09-14T18:04:53.189+0100] {logging_mixin.py:151} INFO - [2023-09-14T18:04:53.188+0100] {dagbag.py:539} INFO - Filling up the DagBag from /home/joestar/Documents/projects/airflow_etl/airflow_env/lib/python3.8/site-packages/airflow/example_dags/example_branch_operator.py
[2023-09-14T18:04:53.198+0100] {processor.py:839} INFO - DAG(s) dict_keys(['example_branch_operator']) retrieved from /home/joestar/Documents/projects/airflow_etl/airflow_env/lib/python3.8/site-packages/airflow/example_dags/example_branch_operator.py
[2023-09-14T18:04:53.219+0100] {logging_mixin.py:151} INFO - [2023-09-14T18:04:53.219+0100] {dag.py:2915} INFO - Sync 1 DAGs
[2023-09-14T18:04:53.240+0100] {logging_mixin.py:151} INFO - [2023-09-14T18:04:53.240+0100] {dag.py:3696} INFO - Setting next_dagrun for example_branch_operator to 2023-09-13T00:00:00+00:00, run_after=2023-09-14T00:00:00+00:00
[2023-09-14T18:04:53.267+0100] {processor.py:179} INFO - Processing /home/joestar/Documents/projects/airflow_etl/airflow_env/lib/python3.8/site-packages/airflow/example_dags/example_branch_operator.py took 0.084 seconds
