[2023-09-14T17:12:21.654+0100] {processor.py:157} INFO - Started process (PID=24361) to work on /home/joestar/Documents/projects/airflow_etl/airflow_env/lib/python3.8/site-packages/airflow/example_dags/example_sla_dag.py
[2023-09-14T17:12:21.655+0100] {processor.py:829} INFO - Processing file /home/joestar/Documents/projects/airflow_etl/airflow_env/lib/python3.8/site-packages/airflow/example_dags/example_sla_dag.py for tasks to queue
[2023-09-14T17:12:21.656+0100] {logging_mixin.py:151} INFO - [2023-09-14T17:12:21.655+0100] {dagbag.py:539} INFO - Filling up the DagBag from /home/joestar/Documents/projects/airflow_etl/airflow_env/lib/python3.8/site-packages/airflow/example_dags/example_sla_dag.py
[2023-09-14T17:12:21.667+0100] {processor.py:839} INFO - DAG(s) dict_keys(['example_sla_dag']) retrieved from /home/joestar/Documents/projects/airflow_etl/airflow_env/lib/python3.8/site-packages/airflow/example_dags/example_sla_dag.py
[2023-09-14T17:12:21.767+0100] {logging_mixin.py:151} INFO - [2023-09-14T17:12:21.766+0100] {manager.py:499} INFO - Created Permission View: %s
[2023-09-14T17:12:21.783+0100] {logging_mixin.py:151} INFO - [2023-09-14T17:12:21.783+0100] {manager.py:499} INFO - Created Permission View: %s
[2023-09-14T17:12:21.798+0100] {logging_mixin.py:151} INFO - [2023-09-14T17:12:21.798+0100] {manager.py:499} INFO - Created Permission View: %s
[2023-09-14T17:12:21.800+0100] {logging_mixin.py:151} INFO - [2023-09-14T17:12:21.799+0100] {security.py:708} INFO - Not syncing DAG-level permissions for DAG 'DAG:example_sla_dag' as access control is unset.
[2023-09-14T17:12:21.800+0100] {logging_mixin.py:151} INFO - [2023-09-14T17:12:21.800+0100] {dag.py:2915} INFO - Sync 1 DAGs
[2023-09-14T17:12:21.826+0100] {logging_mixin.py:151} INFO - [2023-09-14T17:12:21.826+0100] {dag.py:2937} INFO - Creating ORM DAG for example_sla_dag
[2023-09-14T17:12:21.839+0100] {logging_mixin.py:151} INFO - [2023-09-14T17:12:21.839+0100] {dag.py:3696} INFO - Setting next_dagrun for example_sla_dag to 2023-09-14T16:10:00+00:00, run_after=2023-09-14T16:12:00+00:00
[2023-09-14T17:12:21.878+0100] {processor.py:179} INFO - Processing /home/joestar/Documents/projects/airflow_etl/airflow_env/lib/python3.8/site-packages/airflow/example_dags/example_sla_dag.py took 0.229 seconds
[2023-09-14T17:13:14.253+0100] {processor.py:157} INFO - Started process (PID=24772) to work on /home/joestar/Documents/projects/airflow_etl/airflow_env/lib/python3.8/site-packages/airflow/example_dags/example_sla_dag.py
[2023-09-14T17:13:14.254+0100] {processor.py:829} INFO - Processing file /home/joestar/Documents/projects/airflow_etl/airflow_env/lib/python3.8/site-packages/airflow/example_dags/example_sla_dag.py for tasks to queue
[2023-09-14T17:13:14.256+0100] {logging_mixin.py:151} INFO - [2023-09-14T17:13:14.255+0100] {dagbag.py:539} INFO - Filling up the DagBag from /home/joestar/Documents/projects/airflow_etl/airflow_env/lib/python3.8/site-packages/airflow/example_dags/example_sla_dag.py
[2023-09-14T17:13:14.266+0100] {processor.py:839} INFO - DAG(s) dict_keys(['example_sla_dag']) retrieved from /home/joestar/Documents/projects/airflow_etl/airflow_env/lib/python3.8/site-packages/airflow/example_dags/example_sla_dag.py
[2023-09-14T17:13:14.283+0100] {logging_mixin.py:151} INFO - [2023-09-14T17:13:14.283+0100] {dag.py:2915} INFO - Sync 1 DAGs
[2023-09-14T17:13:14.301+0100] {logging_mixin.py:151} INFO - [2023-09-14T17:13:14.301+0100] {dag.py:3696} INFO - Setting next_dagrun for example_sla_dag to 2023-09-14T16:10:00+00:00, run_after=2023-09-14T16:12:00+00:00
[2023-09-14T17:13:14.333+0100] {processor.py:179} INFO - Processing /home/joestar/Documents/projects/airflow_etl/airflow_env/lib/python3.8/site-packages/airflow/example_dags/example_sla_dag.py took 0.084 seconds
[2023-09-14T17:14:03.584+0100] {processor.py:157} INFO - Started process (PID=25106) to work on /home/joestar/Documents/projects/airflow_etl/airflow_env/lib/python3.8/site-packages/airflow/example_dags/example_sla_dag.py
[2023-09-14T17:14:03.585+0100] {processor.py:829} INFO - Processing file /home/joestar/Documents/projects/airflow_etl/airflow_env/lib/python3.8/site-packages/airflow/example_dags/example_sla_dag.py for tasks to queue
[2023-09-14T17:14:03.587+0100] {logging_mixin.py:151} INFO - [2023-09-14T17:14:03.586+0100] {dagbag.py:539} INFO - Filling up the DagBag from /home/joestar/Documents/projects/airflow_etl/airflow_env/lib/python3.8/site-packages/airflow/example_dags/example_sla_dag.py
[2023-09-14T17:14:03.599+0100] {processor.py:839} INFO - DAG(s) dict_keys(['example_sla_dag']) retrieved from /home/joestar/Documents/projects/airflow_etl/airflow_env/lib/python3.8/site-packages/airflow/example_dags/example_sla_dag.py
[2023-09-14T17:14:03.616+0100] {logging_mixin.py:151} INFO - [2023-09-14T17:14:03.616+0100] {dag.py:2915} INFO - Sync 1 DAGs
[2023-09-14T17:14:03.634+0100] {logging_mixin.py:151} INFO - [2023-09-14T17:14:03.634+0100] {dag.py:3696} INFO - Setting next_dagrun for example_sla_dag to 2023-09-14T16:12:00+00:00, run_after=2023-09-14T16:14:00+00:00
[2023-09-14T17:14:03.666+0100] {processor.py:179} INFO - Processing /home/joestar/Documents/projects/airflow_etl/airflow_env/lib/python3.8/site-packages/airflow/example_dags/example_sla_dag.py took 0.086 seconds
[2023-09-14T17:14:57.390+0100] {processor.py:157} INFO - Started process (PID=25735) to work on /home/joestar/Documents/projects/airflow_etl/airflow_env/lib/python3.8/site-packages/airflow/example_dags/example_sla_dag.py
[2023-09-14T17:14:57.391+0100] {processor.py:829} INFO - Processing file /home/joestar/Documents/projects/airflow_etl/airflow_env/lib/python3.8/site-packages/airflow/example_dags/example_sla_dag.py for tasks to queue
[2023-09-14T17:14:57.392+0100] {logging_mixin.py:151} INFO - [2023-09-14T17:14:57.392+0100] {dagbag.py:539} INFO - Filling up the DagBag from /home/joestar/Documents/projects/airflow_etl/airflow_env/lib/python3.8/site-packages/airflow/example_dags/example_sla_dag.py
[2023-09-14T17:14:57.404+0100] {processor.py:839} INFO - DAG(s) dict_keys(['example_sla_dag']) retrieved from /home/joestar/Documents/projects/airflow_etl/airflow_env/lib/python3.8/site-packages/airflow/example_dags/example_sla_dag.py
[2023-09-14T17:14:57.424+0100] {logging_mixin.py:151} INFO - [2023-09-14T17:14:57.423+0100] {dag.py:2915} INFO - Sync 1 DAGs
[2023-09-14T17:14:57.455+0100] {logging_mixin.py:151} INFO - [2023-09-14T17:14:57.454+0100] {dag.py:3696} INFO - Setting next_dagrun for example_sla_dag to 2023-09-14T16:12:00+00:00, run_after=2023-09-14T16:14:00+00:00
[2023-09-14T17:14:57.485+0100] {processor.py:179} INFO - Processing /home/joestar/Documents/projects/airflow_etl/airflow_env/lib/python3.8/site-packages/airflow/example_dags/example_sla_dag.py took 0.098 seconds
[2023-09-14T17:15:43.104+0100] {processor.py:157} INFO - Started process (PID=25987) to work on /home/joestar/Documents/projects/airflow_etl/airflow_env/lib/python3.8/site-packages/airflow/example_dags/example_sla_dag.py
[2023-09-14T17:15:43.105+0100] {processor.py:829} INFO - Processing file /home/joestar/Documents/projects/airflow_etl/airflow_env/lib/python3.8/site-packages/airflow/example_dags/example_sla_dag.py for tasks to queue
[2023-09-14T17:15:43.106+0100] {logging_mixin.py:151} INFO - [2023-09-14T17:15:43.106+0100] {dagbag.py:539} INFO - Filling up the DagBag from /home/joestar/Documents/projects/airflow_etl/airflow_env/lib/python3.8/site-packages/airflow/example_dags/example_sla_dag.py
[2023-09-14T17:15:43.118+0100] {processor.py:839} INFO - DAG(s) dict_keys(['example_sla_dag']) retrieved from /home/joestar/Documents/projects/airflow_etl/airflow_env/lib/python3.8/site-packages/airflow/example_dags/example_sla_dag.py
[2023-09-14T17:15:43.139+0100] {logging_mixin.py:151} INFO - [2023-09-14T17:15:43.139+0100] {dag.py:2915} INFO - Sync 1 DAGs
[2023-09-14T17:15:43.180+0100] {logging_mixin.py:151} INFO - [2023-09-14T17:15:43.180+0100] {dag.py:3696} INFO - Setting next_dagrun for example_sla_dag to 2023-09-14T16:12:00+00:00, run_after=2023-09-14T16:14:00+00:00
[2023-09-14T17:15:43.221+0100] {processor.py:179} INFO - Processing /home/joestar/Documents/projects/airflow_etl/airflow_env/lib/python3.8/site-packages/airflow/example_dags/example_sla_dag.py took 0.121 seconds
[2023-09-14T17:16:37.565+0100] {processor.py:157} INFO - Started process (PID=26235) to work on /home/joestar/Documents/projects/airflow_etl/airflow_env/lib/python3.8/site-packages/airflow/example_dags/example_sla_dag.py
[2023-09-14T17:16:37.566+0100] {processor.py:829} INFO - Processing file /home/joestar/Documents/projects/airflow_etl/airflow_env/lib/python3.8/site-packages/airflow/example_dags/example_sla_dag.py for tasks to queue
[2023-09-14T17:16:37.567+0100] {logging_mixin.py:151} INFO - [2023-09-14T17:16:37.567+0100] {dagbag.py:539} INFO - Filling up the DagBag from /home/joestar/Documents/projects/airflow_etl/airflow_env/lib/python3.8/site-packages/airflow/example_dags/example_sla_dag.py
[2023-09-14T17:16:37.577+0100] {processor.py:839} INFO - DAG(s) dict_keys(['example_sla_dag']) retrieved from /home/joestar/Documents/projects/airflow_etl/airflow_env/lib/python3.8/site-packages/airflow/example_dags/example_sla_dag.py
[2023-09-14T17:16:37.593+0100] {logging_mixin.py:151} INFO - [2023-09-14T17:16:37.593+0100] {dag.py:2915} INFO - Sync 1 DAGs
[2023-09-14T17:16:37.619+0100] {logging_mixin.py:151} INFO - [2023-09-14T17:16:37.618+0100] {dag.py:3696} INFO - Setting next_dagrun for example_sla_dag to 2023-09-14T16:14:00+00:00, run_after=2023-09-14T16:16:00+00:00
[2023-09-14T17:16:37.645+0100] {processor.py:179} INFO - Processing /home/joestar/Documents/projects/airflow_etl/airflow_env/lib/python3.8/site-packages/airflow/example_dags/example_sla_dag.py took 0.085 seconds
[2023-09-14T17:17:28.153+0100] {processor.py:157} INFO - Started process (PID=26491) to work on /home/joestar/Documents/projects/airflow_etl/airflow_env/lib/python3.8/site-packages/airflow/example_dags/example_sla_dag.py
[2023-09-14T17:17:28.154+0100] {processor.py:829} INFO - Processing file /home/joestar/Documents/projects/airflow_etl/airflow_env/lib/python3.8/site-packages/airflow/example_dags/example_sla_dag.py for tasks to queue
[2023-09-14T17:17:28.156+0100] {logging_mixin.py:151} INFO - [2023-09-14T17:17:28.155+0100] {dagbag.py:539} INFO - Filling up the DagBag from /home/joestar/Documents/projects/airflow_etl/airflow_env/lib/python3.8/site-packages/airflow/example_dags/example_sla_dag.py
[2023-09-14T17:17:28.173+0100] {processor.py:839} INFO - DAG(s) dict_keys(['example_sla_dag']) retrieved from /home/joestar/Documents/projects/airflow_etl/airflow_env/lib/python3.8/site-packages/airflow/example_dags/example_sla_dag.py
[2023-09-14T17:17:28.200+0100] {logging_mixin.py:151} INFO - [2023-09-14T17:17:28.200+0100] {dag.py:2915} INFO - Sync 1 DAGs
[2023-09-14T17:17:28.238+0100] {logging_mixin.py:151} INFO - [2023-09-14T17:17:28.238+0100] {dag.py:3696} INFO - Setting next_dagrun for example_sla_dag to 2023-09-14T16:14:00+00:00, run_after=2023-09-14T16:16:00+00:00
[2023-09-14T17:17:28.271+0100] {processor.py:179} INFO - Processing /home/joestar/Documents/projects/airflow_etl/airflow_env/lib/python3.8/site-packages/airflow/example_dags/example_sla_dag.py took 0.123 seconds
[2023-09-14T17:18:17.389+0100] {processor.py:157} INFO - Started process (PID=26783) to work on /home/joestar/Documents/projects/airflow_etl/airflow_env/lib/python3.8/site-packages/airflow/example_dags/example_sla_dag.py
[2023-09-14T17:18:17.390+0100] {processor.py:829} INFO - Processing file /home/joestar/Documents/projects/airflow_etl/airflow_env/lib/python3.8/site-packages/airflow/example_dags/example_sla_dag.py for tasks to queue
[2023-09-14T17:18:17.392+0100] {logging_mixin.py:151} INFO - [2023-09-14T17:18:17.391+0100] {dagbag.py:539} INFO - Filling up the DagBag from /home/joestar/Documents/projects/airflow_etl/airflow_env/lib/python3.8/site-packages/airflow/example_dags/example_sla_dag.py
[2023-09-14T17:18:17.403+0100] {processor.py:839} INFO - DAG(s) dict_keys(['example_sla_dag']) retrieved from /home/joestar/Documents/projects/airflow_etl/airflow_env/lib/python3.8/site-packages/airflow/example_dags/example_sla_dag.py
[2023-09-14T17:18:17.420+0100] {logging_mixin.py:151} INFO - [2023-09-14T17:18:17.420+0100] {dag.py:2915} INFO - Sync 1 DAGs
[2023-09-14T17:18:17.442+0100] {logging_mixin.py:151} INFO - [2023-09-14T17:18:17.441+0100] {dag.py:3696} INFO - Setting next_dagrun for example_sla_dag to 2023-09-14T16:16:00+00:00, run_after=2023-09-14T16:18:00+00:00
[2023-09-14T17:18:17.473+0100] {processor.py:179} INFO - Processing /home/joestar/Documents/projects/airflow_etl/airflow_env/lib/python3.8/site-packages/airflow/example_dags/example_sla_dag.py took 0.088 seconds
[2023-09-14T17:19:11.559+0100] {processor.py:157} INFO - Started process (PID=27224) to work on /home/joestar/Documents/projects/airflow_etl/airflow_env/lib/python3.8/site-packages/airflow/example_dags/example_sla_dag.py
[2023-09-14T17:19:11.560+0100] {processor.py:829} INFO - Processing file /home/joestar/Documents/projects/airflow_etl/airflow_env/lib/python3.8/site-packages/airflow/example_dags/example_sla_dag.py for tasks to queue
[2023-09-14T17:19:11.561+0100] {logging_mixin.py:151} INFO - [2023-09-14T17:19:11.561+0100] {dagbag.py:539} INFO - Filling up the DagBag from /home/joestar/Documents/projects/airflow_etl/airflow_env/lib/python3.8/site-packages/airflow/example_dags/example_sla_dag.py
[2023-09-14T17:19:11.571+0100] {processor.py:839} INFO - DAG(s) dict_keys(['example_sla_dag']) retrieved from /home/joestar/Documents/projects/airflow_etl/airflow_env/lib/python3.8/site-packages/airflow/example_dags/example_sla_dag.py
[2023-09-14T17:19:11.584+0100] {logging_mixin.py:151} INFO - [2023-09-14T17:19:11.584+0100] {dag.py:2915} INFO - Sync 1 DAGs
[2023-09-14T17:19:11.606+0100] {logging_mixin.py:151} INFO - [2023-09-14T17:19:11.606+0100] {dag.py:3696} INFO - Setting next_dagrun for example_sla_dag to 2023-09-14T16:16:00+00:00, run_after=2023-09-14T16:18:00+00:00
[2023-09-14T17:19:11.630+0100] {processor.py:179} INFO - Processing /home/joestar/Documents/projects/airflow_etl/airflow_env/lib/python3.8/site-packages/airflow/example_dags/example_sla_dag.py took 0.074 seconds
[2023-09-14T17:20:10.083+0100] {processor.py:157} INFO - Started process (PID=27485) to work on /home/joestar/Documents/projects/airflow_etl/airflow_env/lib/python3.8/site-packages/airflow/example_dags/example_sla_dag.py
[2023-09-14T17:20:10.084+0100] {processor.py:829} INFO - Processing file /home/joestar/Documents/projects/airflow_etl/airflow_env/lib/python3.8/site-packages/airflow/example_dags/example_sla_dag.py for tasks to queue
[2023-09-14T17:20:10.085+0100] {logging_mixin.py:151} INFO - [2023-09-14T17:20:10.084+0100] {dagbag.py:539} INFO - Filling up the DagBag from /home/joestar/Documents/projects/airflow_etl/airflow_env/lib/python3.8/site-packages/airflow/example_dags/example_sla_dag.py
[2023-09-14T17:20:10.092+0100] {processor.py:839} INFO - DAG(s) dict_keys(['example_sla_dag']) retrieved from /home/joestar/Documents/projects/airflow_etl/airflow_env/lib/python3.8/site-packages/airflow/example_dags/example_sla_dag.py
[2023-09-14T17:20:10.106+0100] {logging_mixin.py:151} INFO - [2023-09-14T17:20:10.106+0100] {dag.py:2915} INFO - Sync 1 DAGs
[2023-09-14T17:20:10.127+0100] {logging_mixin.py:151} INFO - [2023-09-14T17:20:10.127+0100] {dag.py:3696} INFO - Setting next_dagrun for example_sla_dag to 2023-09-14T16:18:00+00:00, run_after=2023-09-14T16:20:00+00:00
[2023-09-14T17:20:10.153+0100] {processor.py:179} INFO - Processing /home/joestar/Documents/projects/airflow_etl/airflow_env/lib/python3.8/site-packages/airflow/example_dags/example_sla_dag.py took 0.072 seconds
[2023-09-14T17:21:00.605+0100] {processor.py:157} INFO - Started process (PID=27707) to work on /home/joestar/Documents/projects/airflow_etl/airflow_env/lib/python3.8/site-packages/airflow/example_dags/example_sla_dag.py
[2023-09-14T17:21:00.606+0100] {processor.py:829} INFO - Processing file /home/joestar/Documents/projects/airflow_etl/airflow_env/lib/python3.8/site-packages/airflow/example_dags/example_sla_dag.py for tasks to queue
[2023-09-14T17:21:00.607+0100] {logging_mixin.py:151} INFO - [2023-09-14T17:21:00.606+0100] {dagbag.py:539} INFO - Filling up the DagBag from /home/joestar/Documents/projects/airflow_etl/airflow_env/lib/python3.8/site-packages/airflow/example_dags/example_sla_dag.py
[2023-09-14T17:21:00.624+0100] {processor.py:839} INFO - DAG(s) dict_keys(['example_sla_dag']) retrieved from /home/joestar/Documents/projects/airflow_etl/airflow_env/lib/python3.8/site-packages/airflow/example_dags/example_sla_dag.py
[2023-09-14T17:21:00.648+0100] {logging_mixin.py:151} INFO - [2023-09-14T17:21:00.648+0100] {dag.py:2915} INFO - Sync 1 DAGs
[2023-09-14T17:21:00.689+0100] {logging_mixin.py:151} INFO - [2023-09-14T17:21:00.689+0100] {dag.py:3696} INFO - Setting next_dagrun for example_sla_dag to 2023-09-14T16:18:00+00:00, run_after=2023-09-14T16:20:00+00:00
[2023-09-14T17:21:00.731+0100] {processor.py:179} INFO - Processing /home/joestar/Documents/projects/airflow_etl/airflow_env/lib/python3.8/site-packages/airflow/example_dags/example_sla_dag.py took 0.133 seconds
[2023-09-14T17:21:54.527+0100] {processor.py:157} INFO - Started process (PID=27934) to work on /home/joestar/Documents/projects/airflow_etl/airflow_env/lib/python3.8/site-packages/airflow/example_dags/example_sla_dag.py
[2023-09-14T17:21:54.528+0100] {processor.py:829} INFO - Processing file /home/joestar/Documents/projects/airflow_etl/airflow_env/lib/python3.8/site-packages/airflow/example_dags/example_sla_dag.py for tasks to queue
[2023-09-14T17:21:54.530+0100] {logging_mixin.py:151} INFO - [2023-09-14T17:21:54.529+0100] {dagbag.py:539} INFO - Filling up the DagBag from /home/joestar/Documents/projects/airflow_etl/airflow_env/lib/python3.8/site-packages/airflow/example_dags/example_sla_dag.py
[2023-09-14T17:21:54.541+0100] {processor.py:839} INFO - DAG(s) dict_keys(['example_sla_dag']) retrieved from /home/joestar/Documents/projects/airflow_etl/airflow_env/lib/python3.8/site-packages/airflow/example_dags/example_sla_dag.py
[2023-09-14T17:21:54.558+0100] {logging_mixin.py:151} INFO - [2023-09-14T17:21:54.557+0100] {dag.py:2915} INFO - Sync 1 DAGs
[2023-09-14T17:21:54.579+0100] {logging_mixin.py:151} INFO - [2023-09-14T17:21:54.579+0100] {dag.py:3696} INFO - Setting next_dagrun for example_sla_dag to 2023-09-14T16:18:00+00:00, run_after=2023-09-14T16:20:00+00:00
[2023-09-14T17:21:54.603+0100] {processor.py:179} INFO - Processing /home/joestar/Documents/projects/airflow_etl/airflow_env/lib/python3.8/site-packages/airflow/example_dags/example_sla_dag.py took 0.079 seconds
[2023-09-14T17:22:47.472+0100] {processor.py:157} INFO - Started process (PID=28152) to work on /home/joestar/Documents/projects/airflow_etl/airflow_env/lib/python3.8/site-packages/airflow/example_dags/example_sla_dag.py
[2023-09-14T17:22:47.473+0100] {processor.py:829} INFO - Processing file /home/joestar/Documents/projects/airflow_etl/airflow_env/lib/python3.8/site-packages/airflow/example_dags/example_sla_dag.py for tasks to queue
[2023-09-14T17:22:47.474+0100] {logging_mixin.py:151} INFO - [2023-09-14T17:22:47.474+0100] {dagbag.py:539} INFO - Filling up the DagBag from /home/joestar/Documents/projects/airflow_etl/airflow_env/lib/python3.8/site-packages/airflow/example_dags/example_sla_dag.py
[2023-09-14T17:22:47.482+0100] {processor.py:839} INFO - DAG(s) dict_keys(['example_sla_dag']) retrieved from /home/joestar/Documents/projects/airflow_etl/airflow_env/lib/python3.8/site-packages/airflow/example_dags/example_sla_dag.py
[2023-09-14T17:22:47.497+0100] {logging_mixin.py:151} INFO - [2023-09-14T17:22:47.496+0100] {dag.py:2915} INFO - Sync 1 DAGs
[2023-09-14T17:22:47.518+0100] {logging_mixin.py:151} INFO - [2023-09-14T17:22:47.518+0100] {dag.py:3696} INFO - Setting next_dagrun for example_sla_dag to 2023-09-14T16:20:00+00:00, run_after=2023-09-14T16:22:00+00:00
[2023-09-14T17:22:47.561+0100] {processor.py:179} INFO - Processing /home/joestar/Documents/projects/airflow_etl/airflow_env/lib/python3.8/site-packages/airflow/example_dags/example_sla_dag.py took 0.092 seconds
[2023-09-14T17:23:42.551+0100] {processor.py:157} INFO - Started process (PID=28402) to work on /home/joestar/Documents/projects/airflow_etl/airflow_env/lib/python3.8/site-packages/airflow/example_dags/example_sla_dag.py
[2023-09-14T17:23:42.552+0100] {processor.py:829} INFO - Processing file /home/joestar/Documents/projects/airflow_etl/airflow_env/lib/python3.8/site-packages/airflow/example_dags/example_sla_dag.py for tasks to queue
[2023-09-14T17:23:42.553+0100] {logging_mixin.py:151} INFO - [2023-09-14T17:23:42.553+0100] {dagbag.py:539} INFO - Filling up the DagBag from /home/joestar/Documents/projects/airflow_etl/airflow_env/lib/python3.8/site-packages/airflow/example_dags/example_sla_dag.py
[2023-09-14T17:23:42.561+0100] {processor.py:839} INFO - DAG(s) dict_keys(['example_sla_dag']) retrieved from /home/joestar/Documents/projects/airflow_etl/airflow_env/lib/python3.8/site-packages/airflow/example_dags/example_sla_dag.py
[2023-09-14T17:23:42.576+0100] {logging_mixin.py:151} INFO - [2023-09-14T17:23:42.575+0100] {dag.py:2915} INFO - Sync 1 DAGs
[2023-09-14T17:23:42.598+0100] {logging_mixin.py:151} INFO - [2023-09-14T17:23:42.598+0100] {dag.py:3696} INFO - Setting next_dagrun for example_sla_dag to 2023-09-14T16:20:00+00:00, run_after=2023-09-14T16:22:00+00:00
[2023-09-14T17:23:42.630+0100] {processor.py:179} INFO - Processing /home/joestar/Documents/projects/airflow_etl/airflow_env/lib/python3.8/site-packages/airflow/example_dags/example_sla_dag.py took 0.082 seconds
[2023-09-14T17:24:42.682+0100] {processor.py:157} INFO - Started process (PID=28672) to work on /home/joestar/Documents/projects/airflow_etl/airflow_env/lib/python3.8/site-packages/airflow/example_dags/example_sla_dag.py
[2023-09-14T17:24:42.683+0100] {processor.py:829} INFO - Processing file /home/joestar/Documents/projects/airflow_etl/airflow_env/lib/python3.8/site-packages/airflow/example_dags/example_sla_dag.py for tasks to queue
[2023-09-14T17:24:42.684+0100] {logging_mixin.py:151} INFO - [2023-09-14T17:24:42.683+0100] {dagbag.py:539} INFO - Filling up the DagBag from /home/joestar/Documents/projects/airflow_etl/airflow_env/lib/python3.8/site-packages/airflow/example_dags/example_sla_dag.py
[2023-09-14T17:24:42.691+0100] {processor.py:839} INFO - DAG(s) dict_keys(['example_sla_dag']) retrieved from /home/joestar/Documents/projects/airflow_etl/airflow_env/lib/python3.8/site-packages/airflow/example_dags/example_sla_dag.py
[2023-09-14T17:24:42.704+0100] {logging_mixin.py:151} INFO - [2023-09-14T17:24:42.704+0100] {dag.py:2915} INFO - Sync 1 DAGs
[2023-09-14T17:24:42.723+0100] {logging_mixin.py:151} INFO - [2023-09-14T17:24:42.723+0100] {dag.py:3696} INFO - Setting next_dagrun for example_sla_dag to 2023-09-14T16:22:00+00:00, run_after=2023-09-14T16:24:00+00:00
[2023-09-14T17:24:42.763+0100] {processor.py:179} INFO - Processing /home/joestar/Documents/projects/airflow_etl/airflow_env/lib/python3.8/site-packages/airflow/example_dags/example_sla_dag.py took 0.084 seconds
[2023-09-14T17:25:39.604+0100] {processor.py:157} INFO - Started process (PID=28898) to work on /home/joestar/Documents/projects/airflow_etl/airflow_env/lib/python3.8/site-packages/airflow/example_dags/example_sla_dag.py
[2023-09-14T17:25:39.606+0100] {processor.py:829} INFO - Processing file /home/joestar/Documents/projects/airflow_etl/airflow_env/lib/python3.8/site-packages/airflow/example_dags/example_sla_dag.py for tasks to queue
[2023-09-14T17:25:39.609+0100] {logging_mixin.py:151} INFO - [2023-09-14T17:25:39.608+0100] {dagbag.py:539} INFO - Filling up the DagBag from /home/joestar/Documents/projects/airflow_etl/airflow_env/lib/python3.8/site-packages/airflow/example_dags/example_sla_dag.py
[2023-09-14T17:25:39.628+0100] {processor.py:839} INFO - DAG(s) dict_keys(['example_sla_dag']) retrieved from /home/joestar/Documents/projects/airflow_etl/airflow_env/lib/python3.8/site-packages/airflow/example_dags/example_sla_dag.py
[2023-09-14T17:25:39.644+0100] {logging_mixin.py:151} INFO - [2023-09-14T17:25:39.644+0100] {dag.py:2915} INFO - Sync 1 DAGs
[2023-09-14T17:25:39.668+0100] {logging_mixin.py:151} INFO - [2023-09-14T17:25:39.668+0100] {dag.py:3696} INFO - Setting next_dagrun for example_sla_dag to 2023-09-14T16:22:00+00:00, run_after=2023-09-14T16:24:00+00:00
[2023-09-14T17:25:39.697+0100] {processor.py:179} INFO - Processing /home/joestar/Documents/projects/airflow_etl/airflow_env/lib/python3.8/site-packages/airflow/example_dags/example_sla_dag.py took 0.100 seconds
[2023-09-14T17:26:33.140+0100] {processor.py:157} INFO - Started process (PID=29137) to work on /home/joestar/Documents/projects/airflow_etl/airflow_env/lib/python3.8/site-packages/airflow/example_dags/example_sla_dag.py
[2023-09-14T17:26:33.141+0100] {processor.py:829} INFO - Processing file /home/joestar/Documents/projects/airflow_etl/airflow_env/lib/python3.8/site-packages/airflow/example_dags/example_sla_dag.py for tasks to queue
[2023-09-14T17:26:33.142+0100] {logging_mixin.py:151} INFO - [2023-09-14T17:26:33.142+0100] {dagbag.py:539} INFO - Filling up the DagBag from /home/joestar/Documents/projects/airflow_etl/airflow_env/lib/python3.8/site-packages/airflow/example_dags/example_sla_dag.py
[2023-09-14T17:26:33.154+0100] {processor.py:839} INFO - DAG(s) dict_keys(['example_sla_dag']) retrieved from /home/joestar/Documents/projects/airflow_etl/airflow_env/lib/python3.8/site-packages/airflow/example_dags/example_sla_dag.py
[2023-09-14T17:26:33.176+0100] {logging_mixin.py:151} INFO - [2023-09-14T17:26:33.175+0100] {dag.py:2915} INFO - Sync 1 DAGs
[2023-09-14T17:26:33.210+0100] {logging_mixin.py:151} INFO - [2023-09-14T17:26:33.210+0100] {dag.py:3696} INFO - Setting next_dagrun for example_sla_dag to 2023-09-14T16:24:00+00:00, run_after=2023-09-14T16:26:00+00:00
[2023-09-14T17:26:33.249+0100] {processor.py:179} INFO - Processing /home/joestar/Documents/projects/airflow_etl/airflow_env/lib/python3.8/site-packages/airflow/example_dags/example_sla_dag.py took 0.113 seconds
[2023-09-14T17:27:25.716+0100] {processor.py:157} INFO - Started process (PID=29372) to work on /home/joestar/Documents/projects/airflow_etl/airflow_env/lib/python3.8/site-packages/airflow/example_dags/example_sla_dag.py
[2023-09-14T17:27:25.717+0100] {processor.py:829} INFO - Processing file /home/joestar/Documents/projects/airflow_etl/airflow_env/lib/python3.8/site-packages/airflow/example_dags/example_sla_dag.py for tasks to queue
[2023-09-14T17:27:25.718+0100] {logging_mixin.py:151} INFO - [2023-09-14T17:27:25.718+0100] {dagbag.py:539} INFO - Filling up the DagBag from /home/joestar/Documents/projects/airflow_etl/airflow_env/lib/python3.8/site-packages/airflow/example_dags/example_sla_dag.py
[2023-09-14T17:27:25.728+0100] {processor.py:839} INFO - DAG(s) dict_keys(['example_sla_dag']) retrieved from /home/joestar/Documents/projects/airflow_etl/airflow_env/lib/python3.8/site-packages/airflow/example_dags/example_sla_dag.py
[2023-09-14T17:27:25.748+0100] {logging_mixin.py:151} INFO - [2023-09-14T17:27:25.748+0100] {dag.py:2915} INFO - Sync 1 DAGs
[2023-09-14T17:27:25.781+0100] {logging_mixin.py:151} INFO - [2023-09-14T17:27:25.781+0100] {dag.py:3696} INFO - Setting next_dagrun for example_sla_dag to 2023-09-14T16:24:00+00:00, run_after=2023-09-14T16:26:00+00:00
[2023-09-14T17:27:25.811+0100] {processor.py:179} INFO - Processing /home/joestar/Documents/projects/airflow_etl/airflow_env/lib/python3.8/site-packages/airflow/example_dags/example_sla_dag.py took 0.098 seconds
[2023-09-14T17:28:21.061+0100] {processor.py:157} INFO - Started process (PID=29625) to work on /home/joestar/Documents/projects/airflow_etl/airflow_env/lib/python3.8/site-packages/airflow/example_dags/example_sla_dag.py
[2023-09-14T17:28:21.062+0100] {processor.py:829} INFO - Processing file /home/joestar/Documents/projects/airflow_etl/airflow_env/lib/python3.8/site-packages/airflow/example_dags/example_sla_dag.py for tasks to queue
[2023-09-14T17:28:21.064+0100] {logging_mixin.py:151} INFO - [2023-09-14T17:28:21.063+0100] {dagbag.py:539} INFO - Filling up the DagBag from /home/joestar/Documents/projects/airflow_etl/airflow_env/lib/python3.8/site-packages/airflow/example_dags/example_sla_dag.py
[2023-09-14T17:28:21.076+0100] {processor.py:839} INFO - DAG(s) dict_keys(['example_sla_dag']) retrieved from /home/joestar/Documents/projects/airflow_etl/airflow_env/lib/python3.8/site-packages/airflow/example_dags/example_sla_dag.py
[2023-09-14T17:28:21.093+0100] {logging_mixin.py:151} INFO - [2023-09-14T17:28:21.093+0100] {dag.py:2915} INFO - Sync 1 DAGs
[2023-09-14T17:28:21.118+0100] {logging_mixin.py:151} INFO - [2023-09-14T17:28:21.118+0100] {dag.py:3696} INFO - Setting next_dagrun for example_sla_dag to 2023-09-14T16:26:00+00:00, run_after=2023-09-14T16:28:00+00:00
[2023-09-14T17:28:21.148+0100] {processor.py:179} INFO - Processing /home/joestar/Documents/projects/airflow_etl/airflow_env/lib/python3.8/site-packages/airflow/example_dags/example_sla_dag.py took 0.091 seconds
[2023-09-14T17:29:12.461+0100] {processor.py:157} INFO - Started process (PID=29879) to work on /home/joestar/Documents/projects/airflow_etl/airflow_env/lib/python3.8/site-packages/airflow/example_dags/example_sla_dag.py
[2023-09-14T17:29:12.462+0100] {processor.py:829} INFO - Processing file /home/joestar/Documents/projects/airflow_etl/airflow_env/lib/python3.8/site-packages/airflow/example_dags/example_sla_dag.py for tasks to queue
[2023-09-14T17:29:12.462+0100] {logging_mixin.py:151} INFO - [2023-09-14T17:29:12.462+0100] {dagbag.py:539} INFO - Filling up the DagBag from /home/joestar/Documents/projects/airflow_etl/airflow_env/lib/python3.8/site-packages/airflow/example_dags/example_sla_dag.py
[2023-09-14T17:29:12.470+0100] {processor.py:839} INFO - DAG(s) dict_keys(['example_sla_dag']) retrieved from /home/joestar/Documents/projects/airflow_etl/airflow_env/lib/python3.8/site-packages/airflow/example_dags/example_sla_dag.py
[2023-09-14T17:29:12.485+0100] {logging_mixin.py:151} INFO - [2023-09-14T17:29:12.484+0100] {dag.py:2915} INFO - Sync 1 DAGs
[2023-09-14T17:29:12.504+0100] {logging_mixin.py:151} INFO - [2023-09-14T17:29:12.504+0100] {dag.py:3696} INFO - Setting next_dagrun for example_sla_dag to 2023-09-14T16:26:00+00:00, run_after=2023-09-14T16:28:00+00:00
[2023-09-14T17:29:12.527+0100] {processor.py:179} INFO - Processing /home/joestar/Documents/projects/airflow_etl/airflow_env/lib/python3.8/site-packages/airflow/example_dags/example_sla_dag.py took 0.069 seconds
[2023-09-14T17:30:04.283+0100] {processor.py:157} INFO - Started process (PID=30128) to work on /home/joestar/Documents/projects/airflow_etl/airflow_env/lib/python3.8/site-packages/airflow/example_dags/example_sla_dag.py
[2023-09-14T17:30:04.284+0100] {processor.py:829} INFO - Processing file /home/joestar/Documents/projects/airflow_etl/airflow_env/lib/python3.8/site-packages/airflow/example_dags/example_sla_dag.py for tasks to queue
[2023-09-14T17:30:04.286+0100] {logging_mixin.py:151} INFO - [2023-09-14T17:30:04.285+0100] {dagbag.py:539} INFO - Filling up the DagBag from /home/joestar/Documents/projects/airflow_etl/airflow_env/lib/python3.8/site-packages/airflow/example_dags/example_sla_dag.py
[2023-09-14T17:30:04.298+0100] {processor.py:839} INFO - DAG(s) dict_keys(['example_sla_dag']) retrieved from /home/joestar/Documents/projects/airflow_etl/airflow_env/lib/python3.8/site-packages/airflow/example_dags/example_sla_dag.py
[2023-09-14T17:30:04.320+0100] {logging_mixin.py:151} INFO - [2023-09-14T17:30:04.320+0100] {dag.py:2915} INFO - Sync 1 DAGs
[2023-09-14T17:30:04.354+0100] {logging_mixin.py:151} INFO - [2023-09-14T17:30:04.354+0100] {dag.py:3696} INFO - Setting next_dagrun for example_sla_dag to 2023-09-14T16:28:00+00:00, run_after=2023-09-14T16:30:00+00:00
[2023-09-14T17:30:04.390+0100] {processor.py:179} INFO - Processing /home/joestar/Documents/projects/airflow_etl/airflow_env/lib/python3.8/site-packages/airflow/example_dags/example_sla_dag.py took 0.110 seconds
[2023-09-14T17:30:56.851+0100] {processor.py:157} INFO - Started process (PID=30339) to work on /home/joestar/Documents/projects/airflow_etl/airflow_env/lib/python3.8/site-packages/airflow/example_dags/example_sla_dag.py
[2023-09-14T17:30:56.852+0100] {processor.py:829} INFO - Processing file /home/joestar/Documents/projects/airflow_etl/airflow_env/lib/python3.8/site-packages/airflow/example_dags/example_sla_dag.py for tasks to queue
[2023-09-14T17:30:56.853+0100] {logging_mixin.py:151} INFO - [2023-09-14T17:30:56.853+0100] {dagbag.py:539} INFO - Filling up the DagBag from /home/joestar/Documents/projects/airflow_etl/airflow_env/lib/python3.8/site-packages/airflow/example_dags/example_sla_dag.py
[2023-09-14T17:30:56.861+0100] {processor.py:839} INFO - DAG(s) dict_keys(['example_sla_dag']) retrieved from /home/joestar/Documents/projects/airflow_etl/airflow_env/lib/python3.8/site-packages/airflow/example_dags/example_sla_dag.py
[2023-09-14T17:30:56.880+0100] {logging_mixin.py:151} INFO - [2023-09-14T17:30:56.879+0100] {dag.py:2915} INFO - Sync 1 DAGs
[2023-09-14T17:30:56.905+0100] {logging_mixin.py:151} INFO - [2023-09-14T17:30:56.905+0100] {dag.py:3696} INFO - Setting next_dagrun for example_sla_dag to 2023-09-14T16:28:00+00:00, run_after=2023-09-14T16:30:00+00:00
[2023-09-14T17:30:56.930+0100] {processor.py:179} INFO - Processing /home/joestar/Documents/projects/airflow_etl/airflow_env/lib/python3.8/site-packages/airflow/example_dags/example_sla_dag.py took 0.082 seconds
[2023-09-14T17:31:45.850+0100] {processor.py:157} INFO - Started process (PID=30568) to work on /home/joestar/Documents/projects/airflow_etl/airflow_env/lib/python3.8/site-packages/airflow/example_dags/example_sla_dag.py
[2023-09-14T17:31:45.851+0100] {processor.py:829} INFO - Processing file /home/joestar/Documents/projects/airflow_etl/airflow_env/lib/python3.8/site-packages/airflow/example_dags/example_sla_dag.py for tasks to queue
[2023-09-14T17:31:45.853+0100] {logging_mixin.py:151} INFO - [2023-09-14T17:31:45.852+0100] {dagbag.py:539} INFO - Filling up the DagBag from /home/joestar/Documents/projects/airflow_etl/airflow_env/lib/python3.8/site-packages/airflow/example_dags/example_sla_dag.py
[2023-09-14T17:31:45.864+0100] {processor.py:839} INFO - DAG(s) dict_keys(['example_sla_dag']) retrieved from /home/joestar/Documents/projects/airflow_etl/airflow_env/lib/python3.8/site-packages/airflow/example_dags/example_sla_dag.py
[2023-09-14T17:31:45.878+0100] {logging_mixin.py:151} INFO - [2023-09-14T17:31:45.878+0100] {dag.py:2915} INFO - Sync 1 DAGs
[2023-09-14T17:31:45.900+0100] {logging_mixin.py:151} INFO - [2023-09-14T17:31:45.900+0100] {dag.py:3696} INFO - Setting next_dagrun for example_sla_dag to 2023-09-14T16:28:00+00:00, run_after=2023-09-14T16:30:00+00:00
[2023-09-14T17:31:45.926+0100] {processor.py:179} INFO - Processing /home/joestar/Documents/projects/airflow_etl/airflow_env/lib/python3.8/site-packages/airflow/example_dags/example_sla_dag.py took 0.079 seconds
[2023-09-14T17:32:38.935+0100] {processor.py:157} INFO - Started process (PID=30810) to work on /home/joestar/Documents/projects/airflow_etl/airflow_env/lib/python3.8/site-packages/airflow/example_dags/example_sla_dag.py
[2023-09-14T17:32:38.936+0100] {processor.py:829} INFO - Processing file /home/joestar/Documents/projects/airflow_etl/airflow_env/lib/python3.8/site-packages/airflow/example_dags/example_sla_dag.py for tasks to queue
[2023-09-14T17:32:38.937+0100] {logging_mixin.py:151} INFO - [2023-09-14T17:32:38.937+0100] {dagbag.py:539} INFO - Filling up the DagBag from /home/joestar/Documents/projects/airflow_etl/airflow_env/lib/python3.8/site-packages/airflow/example_dags/example_sla_dag.py
[2023-09-14T17:32:38.950+0100] {processor.py:839} INFO - DAG(s) dict_keys(['example_sla_dag']) retrieved from /home/joestar/Documents/projects/airflow_etl/airflow_env/lib/python3.8/site-packages/airflow/example_dags/example_sla_dag.py
[2023-09-14T17:32:38.971+0100] {logging_mixin.py:151} INFO - [2023-09-14T17:32:38.970+0100] {dag.py:2915} INFO - Sync 1 DAGs
[2023-09-14T17:32:38.999+0100] {logging_mixin.py:151} INFO - [2023-09-14T17:32:38.999+0100] {dag.py:3696} INFO - Setting next_dagrun for example_sla_dag to 2023-09-14T16:30:00+00:00, run_after=2023-09-14T16:32:00+00:00
[2023-09-14T17:32:39.033+0100] {processor.py:179} INFO - Processing /home/joestar/Documents/projects/airflow_etl/airflow_env/lib/python3.8/site-packages/airflow/example_dags/example_sla_dag.py took 0.101 seconds
[2023-09-14T17:33:32.070+0100] {processor.py:157} INFO - Started process (PID=31047) to work on /home/joestar/Documents/projects/airflow_etl/airflow_env/lib/python3.8/site-packages/airflow/example_dags/example_sla_dag.py
[2023-09-14T17:33:32.071+0100] {processor.py:829} INFO - Processing file /home/joestar/Documents/projects/airflow_etl/airflow_env/lib/python3.8/site-packages/airflow/example_dags/example_sla_dag.py for tasks to queue
[2023-09-14T17:33:32.072+0100] {logging_mixin.py:151} INFO - [2023-09-14T17:33:32.071+0100] {dagbag.py:539} INFO - Filling up the DagBag from /home/joestar/Documents/projects/airflow_etl/airflow_env/lib/python3.8/site-packages/airflow/example_dags/example_sla_dag.py
[2023-09-14T17:33:32.084+0100] {processor.py:839} INFO - DAG(s) dict_keys(['example_sla_dag']) retrieved from /home/joestar/Documents/projects/airflow_etl/airflow_env/lib/python3.8/site-packages/airflow/example_dags/example_sla_dag.py
[2023-09-14T17:33:32.102+0100] {logging_mixin.py:151} INFO - [2023-09-14T17:33:32.102+0100] {dag.py:2915} INFO - Sync 1 DAGs
[2023-09-14T17:33:32.132+0100] {logging_mixin.py:151} INFO - [2023-09-14T17:33:32.132+0100] {dag.py:3696} INFO - Setting next_dagrun for example_sla_dag to 2023-09-14T16:30:00+00:00, run_after=2023-09-14T16:32:00+00:00
[2023-09-14T17:33:32.156+0100] {processor.py:179} INFO - Processing /home/joestar/Documents/projects/airflow_etl/airflow_env/lib/python3.8/site-packages/airflow/example_dags/example_sla_dag.py took 0.090 seconds
[2023-09-14T17:34:26.529+0100] {processor.py:157} INFO - Started process (PID=31298) to work on /home/joestar/Documents/projects/airflow_etl/airflow_env/lib/python3.8/site-packages/airflow/example_dags/example_sla_dag.py
[2023-09-14T17:34:26.530+0100] {processor.py:829} INFO - Processing file /home/joestar/Documents/projects/airflow_etl/airflow_env/lib/python3.8/site-packages/airflow/example_dags/example_sla_dag.py for tasks to queue
[2023-09-14T17:34:26.532+0100] {logging_mixin.py:151} INFO - [2023-09-14T17:34:26.531+0100] {dagbag.py:539} INFO - Filling up the DagBag from /home/joestar/Documents/projects/airflow_etl/airflow_env/lib/python3.8/site-packages/airflow/example_dags/example_sla_dag.py
[2023-09-14T17:34:26.544+0100] {processor.py:839} INFO - DAG(s) dict_keys(['example_sla_dag']) retrieved from /home/joestar/Documents/projects/airflow_etl/airflow_env/lib/python3.8/site-packages/airflow/example_dags/example_sla_dag.py
[2023-09-14T17:34:26.566+0100] {logging_mixin.py:151} INFO - [2023-09-14T17:34:26.566+0100] {dag.py:2915} INFO - Sync 1 DAGs
[2023-09-14T17:34:26.603+0100] {logging_mixin.py:151} INFO - [2023-09-14T17:34:26.603+0100] {dag.py:3696} INFO - Setting next_dagrun for example_sla_dag to 2023-09-14T16:32:00+00:00, run_after=2023-09-14T16:34:00+00:00
[2023-09-14T17:34:26.638+0100] {processor.py:179} INFO - Processing /home/joestar/Documents/projects/airflow_etl/airflow_env/lib/python3.8/site-packages/airflow/example_dags/example_sla_dag.py took 0.113 seconds
[2023-09-14T17:35:16.028+0100] {processor.py:157} INFO - Started process (PID=31548) to work on /home/joestar/Documents/projects/airflow_etl/airflow_env/lib/python3.8/site-packages/airflow/example_dags/example_sla_dag.py
[2023-09-14T17:35:16.029+0100] {processor.py:829} INFO - Processing file /home/joestar/Documents/projects/airflow_etl/airflow_env/lib/python3.8/site-packages/airflow/example_dags/example_sla_dag.py for tasks to queue
[2023-09-14T17:35:16.030+0100] {logging_mixin.py:151} INFO - [2023-09-14T17:35:16.030+0100] {dagbag.py:539} INFO - Filling up the DagBag from /home/joestar/Documents/projects/airflow_etl/airflow_env/lib/python3.8/site-packages/airflow/example_dags/example_sla_dag.py
[2023-09-14T17:35:16.038+0100] {processor.py:839} INFO - DAG(s) dict_keys(['example_sla_dag']) retrieved from /home/joestar/Documents/projects/airflow_etl/airflow_env/lib/python3.8/site-packages/airflow/example_dags/example_sla_dag.py
[2023-09-14T17:35:16.055+0100] {logging_mixin.py:151} INFO - [2023-09-14T17:35:16.055+0100] {dag.py:2915} INFO - Sync 1 DAGs
[2023-09-14T17:35:16.077+0100] {logging_mixin.py:151} INFO - [2023-09-14T17:35:16.077+0100] {dag.py:3696} INFO - Setting next_dagrun for example_sla_dag to 2023-09-14T16:32:00+00:00, run_after=2023-09-14T16:34:00+00:00
[2023-09-14T17:35:16.104+0100] {processor.py:179} INFO - Processing /home/joestar/Documents/projects/airflow_etl/airflow_env/lib/python3.8/site-packages/airflow/example_dags/example_sla_dag.py took 0.078 seconds
[2023-09-14T17:36:09.198+0100] {processor.py:157} INFO - Started process (PID=31783) to work on /home/joestar/Documents/projects/airflow_etl/airflow_env/lib/python3.8/site-packages/airflow/example_dags/example_sla_dag.py
[2023-09-14T17:36:09.199+0100] {processor.py:829} INFO - Processing file /home/joestar/Documents/projects/airflow_etl/airflow_env/lib/python3.8/site-packages/airflow/example_dags/example_sla_dag.py for tasks to queue
[2023-09-14T17:36:09.201+0100] {logging_mixin.py:151} INFO - [2023-09-14T17:36:09.200+0100] {dagbag.py:539} INFO - Filling up the DagBag from /home/joestar/Documents/projects/airflow_etl/airflow_env/lib/python3.8/site-packages/airflow/example_dags/example_sla_dag.py
[2023-09-14T17:36:09.213+0100] {processor.py:839} INFO - DAG(s) dict_keys(['example_sla_dag']) retrieved from /home/joestar/Documents/projects/airflow_etl/airflow_env/lib/python3.8/site-packages/airflow/example_dags/example_sla_dag.py
[2023-09-14T17:36:09.235+0100] {logging_mixin.py:151} INFO - [2023-09-14T17:36:09.234+0100] {dag.py:2915} INFO - Sync 1 DAGs
[2023-09-14T17:36:09.272+0100] {logging_mixin.py:151} INFO - [2023-09-14T17:36:09.272+0100] {dag.py:3696} INFO - Setting next_dagrun for example_sla_dag to 2023-09-14T16:34:00+00:00, run_after=2023-09-14T16:36:00+00:00
[2023-09-14T17:36:09.302+0100] {processor.py:179} INFO - Processing /home/joestar/Documents/projects/airflow_etl/airflow_env/lib/python3.8/site-packages/airflow/example_dags/example_sla_dag.py took 0.108 seconds
[2023-09-14T17:37:01.027+0100] {processor.py:157} INFO - Started process (PID=32005) to work on /home/joestar/Documents/projects/airflow_etl/airflow_env/lib/python3.8/site-packages/airflow/example_dags/example_sla_dag.py
[2023-09-14T17:37:01.028+0100] {processor.py:829} INFO - Processing file /home/joestar/Documents/projects/airflow_etl/airflow_env/lib/python3.8/site-packages/airflow/example_dags/example_sla_dag.py for tasks to queue
[2023-09-14T17:37:01.029+0100] {logging_mixin.py:151} INFO - [2023-09-14T17:37:01.029+0100] {dagbag.py:539} INFO - Filling up the DagBag from /home/joestar/Documents/projects/airflow_etl/airflow_env/lib/python3.8/site-packages/airflow/example_dags/example_sla_dag.py
[2023-09-14T17:37:01.039+0100] {processor.py:839} INFO - DAG(s) dict_keys(['example_sla_dag']) retrieved from /home/joestar/Documents/projects/airflow_etl/airflow_env/lib/python3.8/site-packages/airflow/example_dags/example_sla_dag.py
[2023-09-14T17:37:01.052+0100] {logging_mixin.py:151} INFO - [2023-09-14T17:37:01.052+0100] {dag.py:2915} INFO - Sync 1 DAGs
[2023-09-14T17:37:01.072+0100] {logging_mixin.py:151} INFO - [2023-09-14T17:37:01.072+0100] {dag.py:3696} INFO - Setting next_dagrun for example_sla_dag to 2023-09-14T16:34:00+00:00, run_after=2023-09-14T16:36:00+00:00
[2023-09-14T17:37:01.096+0100] {processor.py:179} INFO - Processing /home/joestar/Documents/projects/airflow_etl/airflow_env/lib/python3.8/site-packages/airflow/example_dags/example_sla_dag.py took 0.073 seconds
[2023-09-14T17:37:57.240+0100] {processor.py:157} INFO - Started process (PID=32383) to work on /home/joestar/Documents/projects/airflow_etl/airflow_env/lib/python3.8/site-packages/airflow/example_dags/example_sla_dag.py
[2023-09-14T17:37:57.241+0100] {processor.py:829} INFO - Processing file /home/joestar/Documents/projects/airflow_etl/airflow_env/lib/python3.8/site-packages/airflow/example_dags/example_sla_dag.py for tasks to queue
[2023-09-14T17:37:57.242+0100] {logging_mixin.py:151} INFO - [2023-09-14T17:37:57.241+0100] {dagbag.py:539} INFO - Filling up the DagBag from /home/joestar/Documents/projects/airflow_etl/airflow_env/lib/python3.8/site-packages/airflow/example_dags/example_sla_dag.py
[2023-09-14T17:37:57.253+0100] {processor.py:839} INFO - DAG(s) dict_keys(['example_sla_dag']) retrieved from /home/joestar/Documents/projects/airflow_etl/airflow_env/lib/python3.8/site-packages/airflow/example_dags/example_sla_dag.py
[2023-09-14T17:37:57.273+0100] {logging_mixin.py:151} INFO - [2023-09-14T17:37:57.273+0100] {dag.py:2915} INFO - Sync 1 DAGs
[2023-09-14T17:37:57.306+0100] {logging_mixin.py:151} INFO - [2023-09-14T17:37:57.305+0100] {dag.py:3696} INFO - Setting next_dagrun for example_sla_dag to 2023-09-14T16:34:00+00:00, run_after=2023-09-14T16:36:00+00:00
[2023-09-14T17:37:57.337+0100] {processor.py:179} INFO - Processing /home/joestar/Documents/projects/airflow_etl/airflow_env/lib/python3.8/site-packages/airflow/example_dags/example_sla_dag.py took 0.101 seconds
[2023-09-14T17:38:58.914+0100] {processor.py:157} INFO - Started process (PID=32842) to work on /home/joestar/Documents/projects/airflow_etl/airflow_env/lib/python3.8/site-packages/airflow/example_dags/example_sla_dag.py
[2023-09-14T17:38:58.915+0100] {processor.py:829} INFO - Processing file /home/joestar/Documents/projects/airflow_etl/airflow_env/lib/python3.8/site-packages/airflow/example_dags/example_sla_dag.py for tasks to queue
[2023-09-14T17:38:58.916+0100] {logging_mixin.py:151} INFO - [2023-09-14T17:38:58.916+0100] {dagbag.py:539} INFO - Filling up the DagBag from /home/joestar/Documents/projects/airflow_etl/airflow_env/lib/python3.8/site-packages/airflow/example_dags/example_sla_dag.py
[2023-09-14T17:38:58.924+0100] {processor.py:839} INFO - DAG(s) dict_keys(['example_sla_dag']) retrieved from /home/joestar/Documents/projects/airflow_etl/airflow_env/lib/python3.8/site-packages/airflow/example_dags/example_sla_dag.py
[2023-09-14T17:38:58.940+0100] {logging_mixin.py:151} INFO - [2023-09-14T17:38:58.940+0100] {dag.py:2915} INFO - Sync 1 DAGs
[2023-09-14T17:38:58.963+0100] {logging_mixin.py:151} INFO - [2023-09-14T17:38:58.963+0100] {dag.py:3696} INFO - Setting next_dagrun for example_sla_dag to 2023-09-14T16:36:00+00:00, run_after=2023-09-14T16:38:00+00:00
[2023-09-14T17:38:58.988+0100] {processor.py:179} INFO - Processing /home/joestar/Documents/projects/airflow_etl/airflow_env/lib/python3.8/site-packages/airflow/example_dags/example_sla_dag.py took 0.077 seconds
[2023-09-14T17:39:43.861+0100] {processor.py:157} INFO - Started process (PID=33130) to work on /home/joestar/Documents/projects/airflow_etl/airflow_env/lib/python3.8/site-packages/airflow/example_dags/example_sla_dag.py
[2023-09-14T17:39:43.864+0100] {processor.py:829} INFO - Processing file /home/joestar/Documents/projects/airflow_etl/airflow_env/lib/python3.8/site-packages/airflow/example_dags/example_sla_dag.py for tasks to queue
[2023-09-14T17:39:43.866+0100] {logging_mixin.py:151} INFO - [2023-09-14T17:39:43.865+0100] {dagbag.py:539} INFO - Filling up the DagBag from /home/joestar/Documents/projects/airflow_etl/airflow_env/lib/python3.8/site-packages/airflow/example_dags/example_sla_dag.py
[2023-09-14T17:39:43.884+0100] {processor.py:839} INFO - DAG(s) dict_keys(['example_sla_dag']) retrieved from /home/joestar/Documents/projects/airflow_etl/airflow_env/lib/python3.8/site-packages/airflow/example_dags/example_sla_dag.py
[2023-09-14T17:39:43.914+0100] {logging_mixin.py:151} INFO - [2023-09-14T17:39:43.914+0100] {dag.py:2915} INFO - Sync 1 DAGs
[2023-09-14T17:39:43.952+0100] {logging_mixin.py:151} INFO - [2023-09-14T17:39:43.952+0100] {dag.py:3696} INFO - Setting next_dagrun for example_sla_dag to 2023-09-14T16:36:00+00:00, run_after=2023-09-14T16:38:00+00:00
[2023-09-14T17:39:43.988+0100] {processor.py:179} INFO - Processing /home/joestar/Documents/projects/airflow_etl/airflow_env/lib/python3.8/site-packages/airflow/example_dags/example_sla_dag.py took 0.132 seconds
[2023-09-14T17:40:44.962+0100] {processor.py:157} INFO - Started process (PID=33504) to work on /home/joestar/Documents/projects/airflow_etl/airflow_env/lib/python3.8/site-packages/airflow/example_dags/example_sla_dag.py
[2023-09-14T17:40:44.963+0100] {processor.py:829} INFO - Processing file /home/joestar/Documents/projects/airflow_etl/airflow_env/lib/python3.8/site-packages/airflow/example_dags/example_sla_dag.py for tasks to queue
[2023-09-14T17:40:44.964+0100] {logging_mixin.py:151} INFO - [2023-09-14T17:40:44.963+0100] {dagbag.py:539} INFO - Filling up the DagBag from /home/joestar/Documents/projects/airflow_etl/airflow_env/lib/python3.8/site-packages/airflow/example_dags/example_sla_dag.py
[2023-09-14T17:40:44.972+0100] {processor.py:839} INFO - DAG(s) dict_keys(['example_sla_dag']) retrieved from /home/joestar/Documents/projects/airflow_etl/airflow_env/lib/python3.8/site-packages/airflow/example_dags/example_sla_dag.py
[2023-09-14T17:40:44.986+0100] {logging_mixin.py:151} INFO - [2023-09-14T17:40:44.986+0100] {dag.py:2915} INFO - Sync 1 DAGs
[2023-09-14T17:40:45.007+0100] {logging_mixin.py:151} INFO - [2023-09-14T17:40:45.006+0100] {dag.py:3696} INFO - Setting next_dagrun for example_sla_dag to 2023-09-14T16:38:00+00:00, run_after=2023-09-14T16:40:00+00:00
[2023-09-14T17:40:45.031+0100] {processor.py:179} INFO - Processing /home/joestar/Documents/projects/airflow_etl/airflow_env/lib/python3.8/site-packages/airflow/example_dags/example_sla_dag.py took 0.073 seconds
[2023-09-14T17:41:36.250+0100] {processor.py:157} INFO - Started process (PID=33894) to work on /home/joestar/Documents/projects/airflow_etl/airflow_env/lib/python3.8/site-packages/airflow/example_dags/example_sla_dag.py
[2023-09-14T17:41:36.251+0100] {processor.py:829} INFO - Processing file /home/joestar/Documents/projects/airflow_etl/airflow_env/lib/python3.8/site-packages/airflow/example_dags/example_sla_dag.py for tasks to queue
[2023-09-14T17:41:36.253+0100] {logging_mixin.py:151} INFO - [2023-09-14T17:41:36.252+0100] {dagbag.py:539} INFO - Filling up the DagBag from /home/joestar/Documents/projects/airflow_etl/airflow_env/lib/python3.8/site-packages/airflow/example_dags/example_sla_dag.py
[2023-09-14T17:41:36.263+0100] {processor.py:839} INFO - DAG(s) dict_keys(['example_sla_dag']) retrieved from /home/joestar/Documents/projects/airflow_etl/airflow_env/lib/python3.8/site-packages/airflow/example_dags/example_sla_dag.py
[2023-09-14T17:41:36.289+0100] {logging_mixin.py:151} INFO - [2023-09-14T17:41:36.288+0100] {dag.py:2915} INFO - Sync 1 DAGs
[2023-09-14T17:41:36.319+0100] {logging_mixin.py:151} INFO - [2023-09-14T17:41:36.318+0100] {dag.py:3696} INFO - Setting next_dagrun for example_sla_dag to 2023-09-14T16:38:00+00:00, run_after=2023-09-14T16:40:00+00:00
[2023-09-14T17:41:36.346+0100] {processor.py:179} INFO - Processing /home/joestar/Documents/projects/airflow_etl/airflow_env/lib/python3.8/site-packages/airflow/example_dags/example_sla_dag.py took 0.100 seconds
[2023-09-14T17:42:40.353+0100] {processor.py:157} INFO - Started process (PID=34178) to work on /home/joestar/Documents/projects/airflow_etl/airflow_env/lib/python3.8/site-packages/airflow/example_dags/example_sla_dag.py
[2023-09-14T17:42:40.354+0100] {processor.py:829} INFO - Processing file /home/joestar/Documents/projects/airflow_etl/airflow_env/lib/python3.8/site-packages/airflow/example_dags/example_sla_dag.py for tasks to queue
[2023-09-14T17:42:40.355+0100] {logging_mixin.py:151} INFO - [2023-09-14T17:42:40.355+0100] {dagbag.py:539} INFO - Filling up the DagBag from /home/joestar/Documents/projects/airflow_etl/airflow_env/lib/python3.8/site-packages/airflow/example_dags/example_sla_dag.py
[2023-09-14T17:42:40.369+0100] {processor.py:839} INFO - DAG(s) dict_keys(['example_sla_dag']) retrieved from /home/joestar/Documents/projects/airflow_etl/airflow_env/lib/python3.8/site-packages/airflow/example_dags/example_sla_dag.py
[2023-09-14T17:42:40.392+0100] {logging_mixin.py:151} INFO - [2023-09-14T17:42:40.392+0100] {dag.py:2915} INFO - Sync 1 DAGs
[2023-09-14T17:42:40.431+0100] {logging_mixin.py:151} INFO - [2023-09-14T17:42:40.431+0100] {dag.py:3696} INFO - Setting next_dagrun for example_sla_dag to 2023-09-14T16:40:00+00:00, run_after=2023-09-14T16:42:00+00:00
[2023-09-14T17:42:40.467+0100] {processor.py:179} INFO - Processing /home/joestar/Documents/projects/airflow_etl/airflow_env/lib/python3.8/site-packages/airflow/example_dags/example_sla_dag.py took 0.119 seconds
[2023-09-14T17:43:36.682+0100] {processor.py:157} INFO - Started process (PID=34431) to work on /home/joestar/Documents/projects/airflow_etl/airflow_env/lib/python3.8/site-packages/airflow/example_dags/example_sla_dag.py
[2023-09-14T17:43:36.683+0100] {processor.py:829} INFO - Processing file /home/joestar/Documents/projects/airflow_etl/airflow_env/lib/python3.8/site-packages/airflow/example_dags/example_sla_dag.py for tasks to queue
[2023-09-14T17:43:36.684+0100] {logging_mixin.py:151} INFO - [2023-09-14T17:43:36.683+0100] {dagbag.py:539} INFO - Filling up the DagBag from /home/joestar/Documents/projects/airflow_etl/airflow_env/lib/python3.8/site-packages/airflow/example_dags/example_sla_dag.py
[2023-09-14T17:43:36.692+0100] {processor.py:839} INFO - DAG(s) dict_keys(['example_sla_dag']) retrieved from /home/joestar/Documents/projects/airflow_etl/airflow_env/lib/python3.8/site-packages/airflow/example_dags/example_sla_dag.py
[2023-09-14T17:43:36.707+0100] {logging_mixin.py:151} INFO - [2023-09-14T17:43:36.707+0100] {dag.py:2915} INFO - Sync 1 DAGs
[2023-09-14T17:43:36.730+0100] {logging_mixin.py:151} INFO - [2023-09-14T17:43:36.729+0100] {dag.py:3696} INFO - Setting next_dagrun for example_sla_dag to 2023-09-14T16:40:00+00:00, run_after=2023-09-14T16:42:00+00:00
[2023-09-14T17:43:36.783+0100] {processor.py:179} INFO - Processing /home/joestar/Documents/projects/airflow_etl/airflow_env/lib/python3.8/site-packages/airflow/example_dags/example_sla_dag.py took 0.104 seconds
[2023-09-14T17:44:37.337+0100] {processor.py:157} INFO - Started process (PID=34735) to work on /home/joestar/Documents/projects/airflow_etl/airflow_env/lib/python3.8/site-packages/airflow/example_dags/example_sla_dag.py
[2023-09-14T17:44:37.339+0100] {processor.py:829} INFO - Processing file /home/joestar/Documents/projects/airflow_etl/airflow_env/lib/python3.8/site-packages/airflow/example_dags/example_sla_dag.py for tasks to queue
[2023-09-14T17:44:37.339+0100] {logging_mixin.py:151} INFO - [2023-09-14T17:44:37.339+0100] {dagbag.py:539} INFO - Filling up the DagBag from /home/joestar/Documents/projects/airflow_etl/airflow_env/lib/python3.8/site-packages/airflow/example_dags/example_sla_dag.py
[2023-09-14T17:44:37.348+0100] {processor.py:839} INFO - DAG(s) dict_keys(['example_sla_dag']) retrieved from /home/joestar/Documents/projects/airflow_etl/airflow_env/lib/python3.8/site-packages/airflow/example_dags/example_sla_dag.py
[2023-09-14T17:44:37.363+0100] {logging_mixin.py:151} INFO - [2023-09-14T17:44:37.362+0100] {dag.py:2915} INFO - Sync 1 DAGs
[2023-09-14T17:44:37.385+0100] {logging_mixin.py:151} INFO - [2023-09-14T17:44:37.385+0100] {dag.py:3696} INFO - Setting next_dagrun for example_sla_dag to 2023-09-14T16:42:00+00:00, run_after=2023-09-14T16:44:00+00:00
[2023-09-14T17:44:37.409+0100] {processor.py:179} INFO - Processing /home/joestar/Documents/projects/airflow_etl/airflow_env/lib/python3.8/site-packages/airflow/example_dags/example_sla_dag.py took 0.075 seconds
[2023-09-14T17:45:38.366+0100] {processor.py:157} INFO - Started process (PID=34983) to work on /home/joestar/Documents/projects/airflow_etl/airflow_env/lib/python3.8/site-packages/airflow/example_dags/example_sla_dag.py
[2023-09-14T17:45:38.367+0100] {processor.py:829} INFO - Processing file /home/joestar/Documents/projects/airflow_etl/airflow_env/lib/python3.8/site-packages/airflow/example_dags/example_sla_dag.py for tasks to queue
[2023-09-14T17:45:38.368+0100] {logging_mixin.py:151} INFO - [2023-09-14T17:45:38.368+0100] {dagbag.py:539} INFO - Filling up the DagBag from /home/joestar/Documents/projects/airflow_etl/airflow_env/lib/python3.8/site-packages/airflow/example_dags/example_sla_dag.py
[2023-09-14T17:45:38.377+0100] {processor.py:839} INFO - DAG(s) dict_keys(['example_sla_dag']) retrieved from /home/joestar/Documents/projects/airflow_etl/airflow_env/lib/python3.8/site-packages/airflow/example_dags/example_sla_dag.py
[2023-09-14T17:45:38.393+0100] {logging_mixin.py:151} INFO - [2023-09-14T17:45:38.392+0100] {dag.py:2915} INFO - Sync 1 DAGs
[2023-09-14T17:45:38.415+0100] {logging_mixin.py:151} INFO - [2023-09-14T17:45:38.415+0100] {dag.py:3696} INFO - Setting next_dagrun for example_sla_dag to 2023-09-14T16:42:00+00:00, run_after=2023-09-14T16:44:00+00:00
[2023-09-14T17:45:38.439+0100] {processor.py:179} INFO - Processing /home/joestar/Documents/projects/airflow_etl/airflow_env/lib/python3.8/site-packages/airflow/example_dags/example_sla_dag.py took 0.076 seconds
[2023-09-14T17:46:40.391+0100] {processor.py:157} INFO - Started process (PID=35255) to work on /home/joestar/Documents/projects/airflow_etl/airflow_env/lib/python3.8/site-packages/airflow/example_dags/example_sla_dag.py
[2023-09-14T17:46:40.392+0100] {processor.py:829} INFO - Processing file /home/joestar/Documents/projects/airflow_etl/airflow_env/lib/python3.8/site-packages/airflow/example_dags/example_sla_dag.py for tasks to queue
[2023-09-14T17:46:40.393+0100] {logging_mixin.py:151} INFO - [2023-09-14T17:46:40.393+0100] {dagbag.py:539} INFO - Filling up the DagBag from /home/joestar/Documents/projects/airflow_etl/airflow_env/lib/python3.8/site-packages/airflow/example_dags/example_sla_dag.py
[2023-09-14T17:46:40.405+0100] {processor.py:839} INFO - DAG(s) dict_keys(['example_sla_dag']) retrieved from /home/joestar/Documents/projects/airflow_etl/airflow_env/lib/python3.8/site-packages/airflow/example_dags/example_sla_dag.py
[2023-09-14T17:46:40.429+0100] {logging_mixin.py:151} INFO - [2023-09-14T17:46:40.428+0100] {dag.py:2915} INFO - Sync 1 DAGs
[2023-09-14T17:46:40.463+0100] {logging_mixin.py:151} INFO - [2023-09-14T17:46:40.463+0100] {dag.py:3696} INFO - Setting next_dagrun for example_sla_dag to 2023-09-14T16:44:00+00:00, run_after=2023-09-14T16:46:00+00:00
[2023-09-14T17:46:40.497+0100] {processor.py:179} INFO - Processing /home/joestar/Documents/projects/airflow_etl/airflow_env/lib/python3.8/site-packages/airflow/example_dags/example_sla_dag.py took 0.110 seconds
[2023-09-14T17:47:33.524+0100] {processor.py:157} INFO - Started process (PID=35475) to work on /home/joestar/Documents/projects/airflow_etl/airflow_env/lib/python3.8/site-packages/airflow/example_dags/example_sla_dag.py
[2023-09-14T17:47:33.526+0100] {processor.py:829} INFO - Processing file /home/joestar/Documents/projects/airflow_etl/airflow_env/lib/python3.8/site-packages/airflow/example_dags/example_sla_dag.py for tasks to queue
[2023-09-14T17:47:33.527+0100] {logging_mixin.py:151} INFO - [2023-09-14T17:47:33.527+0100] {dagbag.py:539} INFO - Filling up the DagBag from /home/joestar/Documents/projects/airflow_etl/airflow_env/lib/python3.8/site-packages/airflow/example_dags/example_sla_dag.py
[2023-09-14T17:47:33.537+0100] {processor.py:839} INFO - DAG(s) dict_keys(['example_sla_dag']) retrieved from /home/joestar/Documents/projects/airflow_etl/airflow_env/lib/python3.8/site-packages/airflow/example_dags/example_sla_dag.py
[2023-09-14T17:47:33.553+0100] {logging_mixin.py:151} INFO - [2023-09-14T17:47:33.553+0100] {dag.py:2915} INFO - Sync 1 DAGs
[2023-09-14T17:47:33.588+0100] {logging_mixin.py:151} INFO - [2023-09-14T17:47:33.588+0100] {dag.py:3696} INFO - Setting next_dagrun for example_sla_dag to 2023-09-14T16:44:00+00:00, run_after=2023-09-14T16:46:00+00:00
[2023-09-14T17:47:33.628+0100] {processor.py:179} INFO - Processing /home/joestar/Documents/projects/airflow_etl/airflow_env/lib/python3.8/site-packages/airflow/example_dags/example_sla_dag.py took 0.106 seconds
[2023-09-14T17:48:52.117+0100] {processor.py:157} INFO - Started process (PID=35781) to work on /home/joestar/Documents/projects/airflow_etl/airflow_env/lib/python3.8/site-packages/airflow/example_dags/example_sla_dag.py
[2023-09-14T17:48:52.118+0100] {processor.py:829} INFO - Processing file /home/joestar/Documents/projects/airflow_etl/airflow_env/lib/python3.8/site-packages/airflow/example_dags/example_sla_dag.py for tasks to queue
[2023-09-14T17:48:52.119+0100] {logging_mixin.py:151} INFO - [2023-09-14T17:48:52.119+0100] {dagbag.py:539} INFO - Filling up the DagBag from /home/joestar/Documents/projects/airflow_etl/airflow_env/lib/python3.8/site-packages/airflow/example_dags/example_sla_dag.py
[2023-09-14T17:48:52.128+0100] {processor.py:839} INFO - DAG(s) dict_keys(['example_sla_dag']) retrieved from /home/joestar/Documents/projects/airflow_etl/airflow_env/lib/python3.8/site-packages/airflow/example_dags/example_sla_dag.py
[2023-09-14T17:48:52.151+0100] {logging_mixin.py:151} INFO - [2023-09-14T17:48:52.151+0100] {dag.py:2915} INFO - Sync 1 DAGs
[2023-09-14T17:48:52.187+0100] {logging_mixin.py:151} INFO - [2023-09-14T17:48:52.187+0100] {dag.py:3696} INFO - Setting next_dagrun for example_sla_dag to 2023-09-14T16:46:00+00:00, run_after=2023-09-14T16:48:00+00:00
[2023-09-14T17:48:52.216+0100] {processor.py:179} INFO - Processing /home/joestar/Documents/projects/airflow_etl/airflow_env/lib/python3.8/site-packages/airflow/example_dags/example_sla_dag.py took 0.102 seconds
[2023-09-14T17:49:43.825+0100] {processor.py:157} INFO - Started process (PID=35983) to work on /home/joestar/Documents/projects/airflow_etl/airflow_env/lib/python3.8/site-packages/airflow/example_dags/example_sla_dag.py
[2023-09-14T17:49:43.827+0100] {processor.py:829} INFO - Processing file /home/joestar/Documents/projects/airflow_etl/airflow_env/lib/python3.8/site-packages/airflow/example_dags/example_sla_dag.py for tasks to queue
[2023-09-14T17:49:43.828+0100] {logging_mixin.py:151} INFO - [2023-09-14T17:49:43.828+0100] {dagbag.py:539} INFO - Filling up the DagBag from /home/joestar/Documents/projects/airflow_etl/airflow_env/lib/python3.8/site-packages/airflow/example_dags/example_sla_dag.py
[2023-09-14T17:49:43.843+0100] {processor.py:839} INFO - DAG(s) dict_keys(['example_sla_dag']) retrieved from /home/joestar/Documents/projects/airflow_etl/airflow_env/lib/python3.8/site-packages/airflow/example_dags/example_sla_dag.py
[2023-09-14T17:49:43.863+0100] {logging_mixin.py:151} INFO - [2023-09-14T17:49:43.863+0100] {dag.py:2915} INFO - Sync 1 DAGs
[2023-09-14T17:49:43.903+0100] {logging_mixin.py:151} INFO - [2023-09-14T17:49:43.903+0100] {dag.py:3696} INFO - Setting next_dagrun for example_sla_dag to 2023-09-14T16:46:00+00:00, run_after=2023-09-14T16:48:00+00:00
[2023-09-14T17:49:43.959+0100] {processor.py:179} INFO - Processing /home/joestar/Documents/projects/airflow_etl/airflow_env/lib/python3.8/site-packages/airflow/example_dags/example_sla_dag.py took 0.138 seconds
[2023-09-14T17:50:33.501+0100] {processor.py:157} INFO - Started process (PID=36227) to work on /home/joestar/Documents/projects/airflow_etl/airflow_env/lib/python3.8/site-packages/airflow/example_dags/example_sla_dag.py
[2023-09-14T17:50:33.502+0100] {processor.py:829} INFO - Processing file /home/joestar/Documents/projects/airflow_etl/airflow_env/lib/python3.8/site-packages/airflow/example_dags/example_sla_dag.py for tasks to queue
[2023-09-14T17:50:33.503+0100] {logging_mixin.py:151} INFO - [2023-09-14T17:50:33.503+0100] {dagbag.py:539} INFO - Filling up the DagBag from /home/joestar/Documents/projects/airflow_etl/airflow_env/lib/python3.8/site-packages/airflow/example_dags/example_sla_dag.py
[2023-09-14T17:50:33.513+0100] {processor.py:839} INFO - DAG(s) dict_keys(['example_sla_dag']) retrieved from /home/joestar/Documents/projects/airflow_etl/airflow_env/lib/python3.8/site-packages/airflow/example_dags/example_sla_dag.py
[2023-09-14T17:50:33.527+0100] {logging_mixin.py:151} INFO - [2023-09-14T17:50:33.527+0100] {dag.py:2915} INFO - Sync 1 DAGs
[2023-09-14T17:50:33.550+0100] {logging_mixin.py:151} INFO - [2023-09-14T17:50:33.549+0100] {dag.py:3696} INFO - Setting next_dagrun for example_sla_dag to 2023-09-14T16:48:00+00:00, run_after=2023-09-14T16:50:00+00:00
[2023-09-14T17:50:33.578+0100] {processor.py:179} INFO - Processing /home/joestar/Documents/projects/airflow_etl/airflow_env/lib/python3.8/site-packages/airflow/example_dags/example_sla_dag.py took 0.080 seconds
[2023-09-14T17:51:31.810+0100] {processor.py:157} INFO - Started process (PID=36492) to work on /home/joestar/Documents/projects/airflow_etl/airflow_env/lib/python3.8/site-packages/airflow/example_dags/example_sla_dag.py
[2023-09-14T17:51:31.811+0100] {processor.py:829} INFO - Processing file /home/joestar/Documents/projects/airflow_etl/airflow_env/lib/python3.8/site-packages/airflow/example_dags/example_sla_dag.py for tasks to queue
[2023-09-14T17:51:31.812+0100] {logging_mixin.py:151} INFO - [2023-09-14T17:51:31.812+0100] {dagbag.py:539} INFO - Filling up the DagBag from /home/joestar/Documents/projects/airflow_etl/airflow_env/lib/python3.8/site-packages/airflow/example_dags/example_sla_dag.py
[2023-09-14T17:51:31.820+0100] {processor.py:839} INFO - DAG(s) dict_keys(['example_sla_dag']) retrieved from /home/joestar/Documents/projects/airflow_etl/airflow_env/lib/python3.8/site-packages/airflow/example_dags/example_sla_dag.py
[2023-09-14T17:51:31.835+0100] {logging_mixin.py:151} INFO - [2023-09-14T17:51:31.835+0100] {dag.py:2915} INFO - Sync 1 DAGs
[2023-09-14T17:51:31.858+0100] {logging_mixin.py:151} INFO - [2023-09-14T17:51:31.857+0100] {dag.py:3696} INFO - Setting next_dagrun for example_sla_dag to 2023-09-14T16:48:00+00:00, run_after=2023-09-14T16:50:00+00:00
[2023-09-14T17:51:31.892+0100] {processor.py:179} INFO - Processing /home/joestar/Documents/projects/airflow_etl/airflow_env/lib/python3.8/site-packages/airflow/example_dags/example_sla_dag.py took 0.084 seconds
[2023-09-14T17:52:28.789+0100] {processor.py:157} INFO - Started process (PID=36739) to work on /home/joestar/Documents/projects/airflow_etl/airflow_env/lib/python3.8/site-packages/airflow/example_dags/example_sla_dag.py
[2023-09-14T17:52:28.790+0100] {processor.py:829} INFO - Processing file /home/joestar/Documents/projects/airflow_etl/airflow_env/lib/python3.8/site-packages/airflow/example_dags/example_sla_dag.py for tasks to queue
[2023-09-14T17:52:28.791+0100] {logging_mixin.py:151} INFO - [2023-09-14T17:52:28.790+0100] {dagbag.py:539} INFO - Filling up the DagBag from /home/joestar/Documents/projects/airflow_etl/airflow_env/lib/python3.8/site-packages/airflow/example_dags/example_sla_dag.py
[2023-09-14T17:52:28.801+0100] {processor.py:839} INFO - DAG(s) dict_keys(['example_sla_dag']) retrieved from /home/joestar/Documents/projects/airflow_etl/airflow_env/lib/python3.8/site-packages/airflow/example_dags/example_sla_dag.py
[2023-09-14T17:52:28.819+0100] {logging_mixin.py:151} INFO - [2023-09-14T17:52:28.818+0100] {dag.py:2915} INFO - Sync 1 DAGs
[2023-09-14T17:52:28.851+0100] {logging_mixin.py:151} INFO - [2023-09-14T17:52:28.851+0100] {dag.py:3696} INFO - Setting next_dagrun for example_sla_dag to 2023-09-14T16:50:00+00:00, run_after=2023-09-14T16:52:00+00:00
[2023-09-14T17:52:28.884+0100] {processor.py:179} INFO - Processing /home/joestar/Documents/projects/airflow_etl/airflow_env/lib/python3.8/site-packages/airflow/example_dags/example_sla_dag.py took 0.098 seconds
[2023-09-14T17:55:14.933+0100] {processor.py:157} INFO - Started process (PID=37681) to work on /home/joestar/Documents/projects/airflow_etl/airflow_env/lib/python3.8/site-packages/airflow/example_dags/example_sla_dag.py
[2023-09-14T17:55:14.934+0100] {processor.py:829} INFO - Processing file /home/joestar/Documents/projects/airflow_etl/airflow_env/lib/python3.8/site-packages/airflow/example_dags/example_sla_dag.py for tasks to queue
[2023-09-14T17:55:14.934+0100] {logging_mixin.py:151} INFO - [2023-09-14T17:55:14.934+0100] {dagbag.py:539} INFO - Filling up the DagBag from /home/joestar/Documents/projects/airflow_etl/airflow_env/lib/python3.8/site-packages/airflow/example_dags/example_sla_dag.py
[2023-09-14T17:55:14.942+0100] {processor.py:839} INFO - DAG(s) dict_keys(['example_sla_dag']) retrieved from /home/joestar/Documents/projects/airflow_etl/airflow_env/lib/python3.8/site-packages/airflow/example_dags/example_sla_dag.py
[2023-09-14T17:55:14.956+0100] {logging_mixin.py:151} INFO - [2023-09-14T17:55:14.956+0100] {dag.py:2915} INFO - Sync 1 DAGs
[2023-09-14T17:55:14.978+0100] {logging_mixin.py:151} INFO - [2023-09-14T17:55:14.978+0100] {dag.py:3696} INFO - Setting next_dagrun for example_sla_dag to 2023-09-14T16:52:00+00:00, run_after=2023-09-14T16:54:00+00:00
[2023-09-14T17:55:15.004+0100] {processor.py:179} INFO - Processing /home/joestar/Documents/projects/airflow_etl/airflow_env/lib/python3.8/site-packages/airflow/example_dags/example_sla_dag.py took 0.074 seconds
[2023-09-14T18:03:15.450+0100] {processor.py:157} INFO - Started process (PID=38755) to work on /home/joestar/Documents/projects/airflow_etl/airflow_env/lib/python3.8/site-packages/airflow/example_dags/example_sla_dag.py
[2023-09-14T18:03:15.451+0100] {processor.py:829} INFO - Processing file /home/joestar/Documents/projects/airflow_etl/airflow_env/lib/python3.8/site-packages/airflow/example_dags/example_sla_dag.py for tasks to queue
[2023-09-14T18:03:15.452+0100] {logging_mixin.py:151} INFO - [2023-09-14T18:03:15.452+0100] {dagbag.py:539} INFO - Filling up the DagBag from /home/joestar/Documents/projects/airflow_etl/airflow_env/lib/python3.8/site-packages/airflow/example_dags/example_sla_dag.py
[2023-09-14T18:03:15.462+0100] {processor.py:839} INFO - DAG(s) dict_keys(['example_sla_dag']) retrieved from /home/joestar/Documents/projects/airflow_etl/airflow_env/lib/python3.8/site-packages/airflow/example_dags/example_sla_dag.py
[2023-09-14T18:03:15.480+0100] {logging_mixin.py:151} INFO - [2023-09-14T18:03:15.480+0100] {dag.py:2915} INFO - Sync 1 DAGs
[2023-09-14T18:03:15.509+0100] {logging_mixin.py:151} INFO - [2023-09-14T18:03:15.509+0100] {dag.py:3696} INFO - Setting next_dagrun for example_sla_dag to 2023-09-14T17:00:00+00:00, run_after=2023-09-14T17:02:00+00:00
[2023-09-14T18:03:15.540+0100] {processor.py:179} INFO - Processing /home/joestar/Documents/projects/airflow_etl/airflow_env/lib/python3.8/site-packages/airflow/example_dags/example_sla_dag.py took 0.093 seconds
[2023-09-14T18:04:08.462+0100] {processor.py:157} INFO - Started process (PID=38985) to work on /home/joestar/Documents/projects/airflow_etl/airflow_env/lib/python3.8/site-packages/airflow/example_dags/example_sla_dag.py
[2023-09-14T18:04:08.463+0100] {processor.py:829} INFO - Processing file /home/joestar/Documents/projects/airflow_etl/airflow_env/lib/python3.8/site-packages/airflow/example_dags/example_sla_dag.py for tasks to queue
[2023-09-14T18:04:08.464+0100] {logging_mixin.py:151} INFO - [2023-09-14T18:04:08.463+0100] {dagbag.py:539} INFO - Filling up the DagBag from /home/joestar/Documents/projects/airflow_etl/airflow_env/lib/python3.8/site-packages/airflow/example_dags/example_sla_dag.py
[2023-09-14T18:04:08.471+0100] {processor.py:839} INFO - DAG(s) dict_keys(['example_sla_dag']) retrieved from /home/joestar/Documents/projects/airflow_etl/airflow_env/lib/python3.8/site-packages/airflow/example_dags/example_sla_dag.py
[2023-09-14T18:04:08.486+0100] {logging_mixin.py:151} INFO - [2023-09-14T18:04:08.486+0100] {dag.py:2915} INFO - Sync 1 DAGs
[2023-09-14T18:04:08.507+0100] {logging_mixin.py:151} INFO - [2023-09-14T18:04:08.507+0100] {dag.py:3696} INFO - Setting next_dagrun for example_sla_dag to 2023-09-14T17:02:00+00:00, run_after=2023-09-14T17:04:00+00:00
[2023-09-14T18:04:08.543+0100] {processor.py:179} INFO - Processing /home/joestar/Documents/projects/airflow_etl/airflow_env/lib/python3.8/site-packages/airflow/example_dags/example_sla_dag.py took 0.085 seconds
[2023-09-14T18:04:56.462+0100] {processor.py:157} INFO - Started process (PID=39216) to work on /home/joestar/Documents/projects/airflow_etl/airflow_env/lib/python3.8/site-packages/airflow/example_dags/example_sla_dag.py
[2023-09-14T18:04:56.463+0100] {processor.py:829} INFO - Processing file /home/joestar/Documents/projects/airflow_etl/airflow_env/lib/python3.8/site-packages/airflow/example_dags/example_sla_dag.py for tasks to queue
[2023-09-14T18:04:56.464+0100] {logging_mixin.py:151} INFO - [2023-09-14T18:04:56.464+0100] {dagbag.py:539} INFO - Filling up the DagBag from /home/joestar/Documents/projects/airflow_etl/airflow_env/lib/python3.8/site-packages/airflow/example_dags/example_sla_dag.py
[2023-09-14T18:04:56.472+0100] {processor.py:839} INFO - DAG(s) dict_keys(['example_sla_dag']) retrieved from /home/joestar/Documents/projects/airflow_etl/airflow_env/lib/python3.8/site-packages/airflow/example_dags/example_sla_dag.py
[2023-09-14T18:04:56.487+0100] {logging_mixin.py:151} INFO - [2023-09-14T18:04:56.487+0100] {dag.py:2915} INFO - Sync 1 DAGs
[2023-09-14T18:04:56.509+0100] {logging_mixin.py:151} INFO - [2023-09-14T18:04:56.508+0100] {dag.py:3696} INFO - Setting next_dagrun for example_sla_dag to 2023-09-14T17:02:00+00:00, run_after=2023-09-14T17:04:00+00:00
[2023-09-14T18:04:56.539+0100] {processor.py:179} INFO - Processing /home/joestar/Documents/projects/airflow_etl/airflow_env/lib/python3.8/site-packages/airflow/example_dags/example_sla_dag.py took 0.081 seconds
