[2023-09-14T17:12:46.281+0100] {processor.py:157} INFO - Started process (PID=24568) to work on /home/joestar/Documents/projects/airflow_etl/airflow_env/lib/python3.8/site-packages/airflow/example_dags/example_bash_operator.py
[2023-09-14T17:12:46.282+0100] {processor.py:829} INFO - Processing file /home/joestar/Documents/projects/airflow_etl/airflow_env/lib/python3.8/site-packages/airflow/example_dags/example_bash_operator.py for tasks to queue
[2023-09-14T17:12:46.283+0100] {logging_mixin.py:151} INFO - [2023-09-14T17:12:46.282+0100] {dagbag.py:539} INFO - Filling up the DagBag from /home/joestar/Documents/projects/airflow_etl/airflow_env/lib/python3.8/site-packages/airflow/example_dags/example_bash_operator.py
[2023-09-14T17:12:46.293+0100] {processor.py:839} INFO - DAG(s) dict_keys(['example_bash_operator']) retrieved from /home/joestar/Documents/projects/airflow_etl/airflow_env/lib/python3.8/site-packages/airflow/example_dags/example_bash_operator.py
[2023-09-14T17:12:46.416+0100] {logging_mixin.py:151} INFO - [2023-09-14T17:12:46.416+0100] {manager.py:499} INFO - Created Permission View: %s
[2023-09-14T17:12:46.433+0100] {logging_mixin.py:151} INFO - [2023-09-14T17:12:46.433+0100] {manager.py:499} INFO - Created Permission View: %s
[2023-09-14T17:12:46.447+0100] {logging_mixin.py:151} INFO - [2023-09-14T17:12:46.447+0100] {manager.py:499} INFO - Created Permission View: %s
[2023-09-14T17:12:46.447+0100] {logging_mixin.py:151} INFO - [2023-09-14T17:12:46.447+0100] {security.py:708} INFO - Not syncing DAG-level permissions for DAG 'DAG:example_bash_operator' as access control is unset.
[2023-09-14T17:12:46.448+0100] {logging_mixin.py:151} INFO - [2023-09-14T17:12:46.447+0100] {dag.py:2915} INFO - Sync 1 DAGs
[2023-09-14T17:12:46.461+0100] {logging_mixin.py:151} INFO - [2023-09-14T17:12:46.461+0100] {dag.py:2937} INFO - Creating ORM DAG for example_bash_operator
[2023-09-14T17:12:46.474+0100] {logging_mixin.py:151} INFO - [2023-09-14T17:12:46.474+0100] {dag.py:3696} INFO - Setting next_dagrun for example_bash_operator to 2023-09-13T00:00:00+00:00, run_after=2023-09-14T00:00:00+00:00
[2023-09-14T17:12:46.502+0100] {processor.py:179} INFO - Processing /home/joestar/Documents/projects/airflow_etl/airflow_env/lib/python3.8/site-packages/airflow/example_dags/example_bash_operator.py took 0.223 seconds
[2023-09-14T17:13:53.117+0100] {processor.py:157} INFO - Started process (PID=25042) to work on /home/joestar/Documents/projects/airflow_etl/airflow_env/lib/python3.8/site-packages/airflow/example_dags/example_bash_operator.py
[2023-09-14T17:13:53.118+0100] {processor.py:829} INFO - Processing file /home/joestar/Documents/projects/airflow_etl/airflow_env/lib/python3.8/site-packages/airflow/example_dags/example_bash_operator.py for tasks to queue
[2023-09-14T17:13:53.120+0100] {logging_mixin.py:151} INFO - [2023-09-14T17:13:53.119+0100] {dagbag.py:539} INFO - Filling up the DagBag from /home/joestar/Documents/projects/airflow_etl/airflow_env/lib/python3.8/site-packages/airflow/example_dags/example_bash_operator.py
[2023-09-14T17:13:53.136+0100] {processor.py:839} INFO - DAG(s) dict_keys(['example_bash_operator']) retrieved from /home/joestar/Documents/projects/airflow_etl/airflow_env/lib/python3.8/site-packages/airflow/example_dags/example_bash_operator.py
[2023-09-14T17:13:53.160+0100] {logging_mixin.py:151} INFO - [2023-09-14T17:13:53.160+0100] {dag.py:2915} INFO - Sync 1 DAGs
[2023-09-14T17:13:53.178+0100] {logging_mixin.py:151} INFO - [2023-09-14T17:13:53.178+0100] {dag.py:3696} INFO - Setting next_dagrun for example_bash_operator to 2023-09-13T00:00:00+00:00, run_after=2023-09-14T00:00:00+00:00
[2023-09-14T17:13:53.219+0100] {processor.py:179} INFO - Processing /home/joestar/Documents/projects/airflow_etl/airflow_env/lib/python3.8/site-packages/airflow/example_dags/example_bash_operator.py took 0.106 seconds
[2023-09-14T17:14:47.431+0100] {processor.py:157} INFO - Started process (PID=25540) to work on /home/joestar/Documents/projects/airflow_etl/airflow_env/lib/python3.8/site-packages/airflow/example_dags/example_bash_operator.py
[2023-09-14T17:14:47.432+0100] {processor.py:829} INFO - Processing file /home/joestar/Documents/projects/airflow_etl/airflow_env/lib/python3.8/site-packages/airflow/example_dags/example_bash_operator.py for tasks to queue
[2023-09-14T17:14:47.433+0100] {logging_mixin.py:151} INFO - [2023-09-14T17:14:47.433+0100] {dagbag.py:539} INFO - Filling up the DagBag from /home/joestar/Documents/projects/airflow_etl/airflow_env/lib/python3.8/site-packages/airflow/example_dags/example_bash_operator.py
[2023-09-14T17:14:47.445+0100] {processor.py:839} INFO - DAG(s) dict_keys(['example_bash_operator']) retrieved from /home/joestar/Documents/projects/airflow_etl/airflow_env/lib/python3.8/site-packages/airflow/example_dags/example_bash_operator.py
[2023-09-14T17:14:47.472+0100] {logging_mixin.py:151} INFO - [2023-09-14T17:14:47.471+0100] {dag.py:2915} INFO - Sync 1 DAGs
[2023-09-14T17:14:47.496+0100] {logging_mixin.py:151} INFO - [2023-09-14T17:14:47.496+0100] {dag.py:3696} INFO - Setting next_dagrun for example_bash_operator to 2023-09-13T00:00:00+00:00, run_after=2023-09-14T00:00:00+00:00
[2023-09-14T17:14:47.520+0100] {processor.py:179} INFO - Processing /home/joestar/Documents/projects/airflow_etl/airflow_env/lib/python3.8/site-packages/airflow/example_dags/example_bash_operator.py took 0.092 seconds
[2023-09-14T17:15:46.818+0100] {processor.py:157} INFO - Started process (PID=26001) to work on /home/joestar/Documents/projects/airflow_etl/airflow_env/lib/python3.8/site-packages/airflow/example_dags/example_bash_operator.py
[2023-09-14T17:15:46.819+0100] {processor.py:829} INFO - Processing file /home/joestar/Documents/projects/airflow_etl/airflow_env/lib/python3.8/site-packages/airflow/example_dags/example_bash_operator.py for tasks to queue
[2023-09-14T17:15:46.821+0100] {logging_mixin.py:151} INFO - [2023-09-14T17:15:46.820+0100] {dagbag.py:539} INFO - Filling up the DagBag from /home/joestar/Documents/projects/airflow_etl/airflow_env/lib/python3.8/site-packages/airflow/example_dags/example_bash_operator.py
[2023-09-14T17:15:46.840+0100] {processor.py:839} INFO - DAG(s) dict_keys(['example_bash_operator']) retrieved from /home/joestar/Documents/projects/airflow_etl/airflow_env/lib/python3.8/site-packages/airflow/example_dags/example_bash_operator.py
[2023-09-14T17:15:46.885+0100] {logging_mixin.py:151} INFO - [2023-09-14T17:15:46.885+0100] {dag.py:2915} INFO - Sync 1 DAGs
[2023-09-14T17:15:46.920+0100] {logging_mixin.py:151} INFO - [2023-09-14T17:15:46.919+0100] {dag.py:3696} INFO - Setting next_dagrun for example_bash_operator to 2023-09-13T00:00:00+00:00, run_after=2023-09-14T00:00:00+00:00
[2023-09-14T17:15:46.974+0100] {processor.py:179} INFO - Processing /home/joestar/Documents/projects/airflow_etl/airflow_env/lib/python3.8/site-packages/airflow/example_dags/example_bash_operator.py took 0.161 seconds
[2023-09-14T17:16:40.562+0100] {processor.py:157} INFO - Started process (PID=26248) to work on /home/joestar/Documents/projects/airflow_etl/airflow_env/lib/python3.8/site-packages/airflow/example_dags/example_bash_operator.py
[2023-09-14T17:16:40.565+0100] {processor.py:829} INFO - Processing file /home/joestar/Documents/projects/airflow_etl/airflow_env/lib/python3.8/site-packages/airflow/example_dags/example_bash_operator.py for tasks to queue
[2023-09-14T17:16:40.568+0100] {logging_mixin.py:151} INFO - [2023-09-14T17:16:40.567+0100] {dagbag.py:539} INFO - Filling up the DagBag from /home/joestar/Documents/projects/airflow_etl/airflow_env/lib/python3.8/site-packages/airflow/example_dags/example_bash_operator.py
[2023-09-14T17:16:40.592+0100] {processor.py:839} INFO - DAG(s) dict_keys(['example_bash_operator']) retrieved from /home/joestar/Documents/projects/airflow_etl/airflow_env/lib/python3.8/site-packages/airflow/example_dags/example_bash_operator.py
[2023-09-14T17:16:40.616+0100] {logging_mixin.py:151} INFO - [2023-09-14T17:16:40.616+0100] {dag.py:2915} INFO - Sync 1 DAGs
[2023-09-14T17:16:40.633+0100] {logging_mixin.py:151} INFO - [2023-09-14T17:16:40.633+0100] {dag.py:3696} INFO - Setting next_dagrun for example_bash_operator to 2023-09-13T00:00:00+00:00, run_after=2023-09-14T00:00:00+00:00
[2023-09-14T17:16:40.662+0100] {processor.py:179} INFO - Processing /home/joestar/Documents/projects/airflow_etl/airflow_env/lib/python3.8/site-packages/airflow/example_dags/example_bash_operator.py took 0.108 seconds
[2023-09-14T17:17:30.380+0100] {processor.py:157} INFO - Started process (PID=26503) to work on /home/joestar/Documents/projects/airflow_etl/airflow_env/lib/python3.8/site-packages/airflow/example_dags/example_bash_operator.py
[2023-09-14T17:17:30.381+0100] {processor.py:829} INFO - Processing file /home/joestar/Documents/projects/airflow_etl/airflow_env/lib/python3.8/site-packages/airflow/example_dags/example_bash_operator.py for tasks to queue
[2023-09-14T17:17:30.382+0100] {logging_mixin.py:151} INFO - [2023-09-14T17:17:30.382+0100] {dagbag.py:539} INFO - Filling up the DagBag from /home/joestar/Documents/projects/airflow_etl/airflow_env/lib/python3.8/site-packages/airflow/example_dags/example_bash_operator.py
[2023-09-14T17:17:30.392+0100] {processor.py:839} INFO - DAG(s) dict_keys(['example_bash_operator']) retrieved from /home/joestar/Documents/projects/airflow_etl/airflow_env/lib/python3.8/site-packages/airflow/example_dags/example_bash_operator.py
[2023-09-14T17:17:30.415+0100] {logging_mixin.py:151} INFO - [2023-09-14T17:17:30.415+0100] {dag.py:2915} INFO - Sync 1 DAGs
[2023-09-14T17:17:30.435+0100] {logging_mixin.py:151} INFO - [2023-09-14T17:17:30.435+0100] {dag.py:3696} INFO - Setting next_dagrun for example_bash_operator to 2023-09-13T00:00:00+00:00, run_after=2023-09-14T00:00:00+00:00
[2023-09-14T17:17:30.460+0100] {processor.py:179} INFO - Processing /home/joestar/Documents/projects/airflow_etl/airflow_env/lib/python3.8/site-packages/airflow/example_dags/example_bash_operator.py took 0.082 seconds
[2023-09-14T17:18:20.817+0100] {processor.py:157} INFO - Started process (PID=26800) to work on /home/joestar/Documents/projects/airflow_etl/airflow_env/lib/python3.8/site-packages/airflow/example_dags/example_bash_operator.py
[2023-09-14T17:18:20.818+0100] {processor.py:829} INFO - Processing file /home/joestar/Documents/projects/airflow_etl/airflow_env/lib/python3.8/site-packages/airflow/example_dags/example_bash_operator.py for tasks to queue
[2023-09-14T17:18:20.819+0100] {logging_mixin.py:151} INFO - [2023-09-14T17:18:20.819+0100] {dagbag.py:539} INFO - Filling up the DagBag from /home/joestar/Documents/projects/airflow_etl/airflow_env/lib/python3.8/site-packages/airflow/example_dags/example_bash_operator.py
[2023-09-14T17:18:20.830+0100] {processor.py:839} INFO - DAG(s) dict_keys(['example_bash_operator']) retrieved from /home/joestar/Documents/projects/airflow_etl/airflow_env/lib/python3.8/site-packages/airflow/example_dags/example_bash_operator.py
[2023-09-14T17:18:20.854+0100] {logging_mixin.py:151} INFO - [2023-09-14T17:18:20.854+0100] {dag.py:2915} INFO - Sync 1 DAGs
[2023-09-14T17:18:20.875+0100] {logging_mixin.py:151} INFO - [2023-09-14T17:18:20.874+0100] {dag.py:3696} INFO - Setting next_dagrun for example_bash_operator to 2023-09-13T00:00:00+00:00, run_after=2023-09-14T00:00:00+00:00
[2023-09-14T17:18:20.900+0100] {processor.py:179} INFO - Processing /home/joestar/Documents/projects/airflow_etl/airflow_env/lib/python3.8/site-packages/airflow/example_dags/example_bash_operator.py took 0.085 seconds
[2023-09-14T17:19:14.344+0100] {processor.py:157} INFO - Started process (PID=27239) to work on /home/joestar/Documents/projects/airflow_etl/airflow_env/lib/python3.8/site-packages/airflow/example_dags/example_bash_operator.py
[2023-09-14T17:19:14.347+0100] {processor.py:829} INFO - Processing file /home/joestar/Documents/projects/airflow_etl/airflow_env/lib/python3.8/site-packages/airflow/example_dags/example_bash_operator.py for tasks to queue
[2023-09-14T17:19:14.349+0100] {logging_mixin.py:151} INFO - [2023-09-14T17:19:14.348+0100] {dagbag.py:539} INFO - Filling up the DagBag from /home/joestar/Documents/projects/airflow_etl/airflow_env/lib/python3.8/site-packages/airflow/example_dags/example_bash_operator.py
[2023-09-14T17:19:14.368+0100] {processor.py:839} INFO - DAG(s) dict_keys(['example_bash_operator']) retrieved from /home/joestar/Documents/projects/airflow_etl/airflow_env/lib/python3.8/site-packages/airflow/example_dags/example_bash_operator.py
[2023-09-14T17:19:14.412+0100] {logging_mixin.py:151} INFO - [2023-09-14T17:19:14.412+0100] {dag.py:2915} INFO - Sync 1 DAGs
[2023-09-14T17:19:14.459+0100] {logging_mixin.py:151} INFO - [2023-09-14T17:19:14.459+0100] {dag.py:3696} INFO - Setting next_dagrun for example_bash_operator to 2023-09-13T00:00:00+00:00, run_after=2023-09-14T00:00:00+00:00
[2023-09-14T17:19:14.531+0100] {processor.py:179} INFO - Processing /home/joestar/Documents/projects/airflow_etl/airflow_env/lib/python3.8/site-packages/airflow/example_dags/example_bash_operator.py took 0.192 seconds
[2023-09-14T17:20:12.969+0100] {processor.py:157} INFO - Started process (PID=27500) to work on /home/joestar/Documents/projects/airflow_etl/airflow_env/lib/python3.8/site-packages/airflow/example_dags/example_bash_operator.py
[2023-09-14T17:20:12.971+0100] {processor.py:829} INFO - Processing file /home/joestar/Documents/projects/airflow_etl/airflow_env/lib/python3.8/site-packages/airflow/example_dags/example_bash_operator.py for tasks to queue
[2023-09-14T17:20:12.972+0100] {logging_mixin.py:151} INFO - [2023-09-14T17:20:12.971+0100] {dagbag.py:539} INFO - Filling up the DagBag from /home/joestar/Documents/projects/airflow_etl/airflow_env/lib/python3.8/site-packages/airflow/example_dags/example_bash_operator.py
[2023-09-14T17:20:12.984+0100] {processor.py:839} INFO - DAG(s) dict_keys(['example_bash_operator']) retrieved from /home/joestar/Documents/projects/airflow_etl/airflow_env/lib/python3.8/site-packages/airflow/example_dags/example_bash_operator.py
[2023-09-14T17:20:13.005+0100] {logging_mixin.py:151} INFO - [2023-09-14T17:20:13.005+0100] {dag.py:2915} INFO - Sync 1 DAGs
[2023-09-14T17:20:13.023+0100] {logging_mixin.py:151} INFO - [2023-09-14T17:20:13.023+0100] {dag.py:3696} INFO - Setting next_dagrun for example_bash_operator to 2023-09-13T00:00:00+00:00, run_after=2023-09-14T00:00:00+00:00
[2023-09-14T17:20:13.048+0100] {processor.py:179} INFO - Processing /home/joestar/Documents/projects/airflow_etl/airflow_env/lib/python3.8/site-packages/airflow/example_dags/example_bash_operator.py took 0.083 seconds
[2023-09-14T17:21:03.775+0100] {processor.py:157} INFO - Started process (PID=27726) to work on /home/joestar/Documents/projects/airflow_etl/airflow_env/lib/python3.8/site-packages/airflow/example_dags/example_bash_operator.py
[2023-09-14T17:21:03.776+0100] {processor.py:829} INFO - Processing file /home/joestar/Documents/projects/airflow_etl/airflow_env/lib/python3.8/site-packages/airflow/example_dags/example_bash_operator.py for tasks to queue
[2023-09-14T17:21:03.776+0100] {logging_mixin.py:151} INFO - [2023-09-14T17:21:03.776+0100] {dagbag.py:539} INFO - Filling up the DagBag from /home/joestar/Documents/projects/airflow_etl/airflow_env/lib/python3.8/site-packages/airflow/example_dags/example_bash_operator.py
[2023-09-14T17:21:03.787+0100] {processor.py:839} INFO - DAG(s) dict_keys(['example_bash_operator']) retrieved from /home/joestar/Documents/projects/airflow_etl/airflow_env/lib/python3.8/site-packages/airflow/example_dags/example_bash_operator.py
[2023-09-14T17:21:03.821+0100] {logging_mixin.py:151} INFO - [2023-09-14T17:21:03.821+0100] {dag.py:2915} INFO - Sync 1 DAGs
[2023-09-14T17:21:03.847+0100] {logging_mixin.py:151} INFO - [2023-09-14T17:21:03.846+0100] {dag.py:3696} INFO - Setting next_dagrun for example_bash_operator to 2023-09-13T00:00:00+00:00, run_after=2023-09-14T00:00:00+00:00
[2023-09-14T17:21:03.873+0100] {processor.py:179} INFO - Processing /home/joestar/Documents/projects/airflow_etl/airflow_env/lib/python3.8/site-packages/airflow/example_dags/example_bash_operator.py took 0.100 seconds
[2023-09-14T17:21:56.840+0100] {processor.py:157} INFO - Started process (PID=27946) to work on /home/joestar/Documents/projects/airflow_etl/airflow_env/lib/python3.8/site-packages/airflow/example_dags/example_bash_operator.py
[2023-09-14T17:21:56.841+0100] {processor.py:829} INFO - Processing file /home/joestar/Documents/projects/airflow_etl/airflow_env/lib/python3.8/site-packages/airflow/example_dags/example_bash_operator.py for tasks to queue
[2023-09-14T17:21:56.842+0100] {logging_mixin.py:151} INFO - [2023-09-14T17:21:56.841+0100] {dagbag.py:539} INFO - Filling up the DagBag from /home/joestar/Documents/projects/airflow_etl/airflow_env/lib/python3.8/site-packages/airflow/example_dags/example_bash_operator.py
[2023-09-14T17:21:56.853+0100] {processor.py:839} INFO - DAG(s) dict_keys(['example_bash_operator']) retrieved from /home/joestar/Documents/projects/airflow_etl/airflow_env/lib/python3.8/site-packages/airflow/example_dags/example_bash_operator.py
[2023-09-14T17:21:56.878+0100] {logging_mixin.py:151} INFO - [2023-09-14T17:21:56.878+0100] {dag.py:2915} INFO - Sync 1 DAGs
[2023-09-14T17:21:56.899+0100] {logging_mixin.py:151} INFO - [2023-09-14T17:21:56.899+0100] {dag.py:3696} INFO - Setting next_dagrun for example_bash_operator to 2023-09-13T00:00:00+00:00, run_after=2023-09-14T00:00:00+00:00
[2023-09-14T17:21:56.926+0100] {processor.py:179} INFO - Processing /home/joestar/Documents/projects/airflow_etl/airflow_env/lib/python3.8/site-packages/airflow/example_dags/example_bash_operator.py took 0.090 seconds
[2023-09-14T17:22:51.008+0100] {processor.py:157} INFO - Started process (PID=28186) to work on /home/joestar/Documents/projects/airflow_etl/airflow_env/lib/python3.8/site-packages/airflow/example_dags/example_bash_operator.py
[2023-09-14T17:22:51.009+0100] {processor.py:829} INFO - Processing file /home/joestar/Documents/projects/airflow_etl/airflow_env/lib/python3.8/site-packages/airflow/example_dags/example_bash_operator.py for tasks to queue
[2023-09-14T17:22:51.010+0100] {logging_mixin.py:151} INFO - [2023-09-14T17:22:51.009+0100] {dagbag.py:539} INFO - Filling up the DagBag from /home/joestar/Documents/projects/airflow_etl/airflow_env/lib/python3.8/site-packages/airflow/example_dags/example_bash_operator.py
[2023-09-14T17:22:51.020+0100] {processor.py:839} INFO - DAG(s) dict_keys(['example_bash_operator']) retrieved from /home/joestar/Documents/projects/airflow_etl/airflow_env/lib/python3.8/site-packages/airflow/example_dags/example_bash_operator.py
[2023-09-14T17:22:51.045+0100] {logging_mixin.py:151} INFO - [2023-09-14T17:22:51.044+0100] {dag.py:2915} INFO - Sync 1 DAGs
[2023-09-14T17:22:51.065+0100] {logging_mixin.py:151} INFO - [2023-09-14T17:22:51.064+0100] {dag.py:3696} INFO - Setting next_dagrun for example_bash_operator to 2023-09-13T00:00:00+00:00, run_after=2023-09-14T00:00:00+00:00
[2023-09-14T17:22:51.091+0100] {processor.py:179} INFO - Processing /home/joestar/Documents/projects/airflow_etl/airflow_env/lib/python3.8/site-packages/airflow/example_dags/example_bash_operator.py took 0.086 seconds
[2023-09-14T17:23:45.429+0100] {processor.py:157} INFO - Started process (PID=28417) to work on /home/joestar/Documents/projects/airflow_etl/airflow_env/lib/python3.8/site-packages/airflow/example_dags/example_bash_operator.py
[2023-09-14T17:23:45.431+0100] {processor.py:829} INFO - Processing file /home/joestar/Documents/projects/airflow_etl/airflow_env/lib/python3.8/site-packages/airflow/example_dags/example_bash_operator.py for tasks to queue
[2023-09-14T17:23:45.432+0100] {logging_mixin.py:151} INFO - [2023-09-14T17:23:45.431+0100] {dagbag.py:539} INFO - Filling up the DagBag from /home/joestar/Documents/projects/airflow_etl/airflow_env/lib/python3.8/site-packages/airflow/example_dags/example_bash_operator.py
[2023-09-14T17:23:45.447+0100] {processor.py:839} INFO - DAG(s) dict_keys(['example_bash_operator']) retrieved from /home/joestar/Documents/projects/airflow_etl/airflow_env/lib/python3.8/site-packages/airflow/example_dags/example_bash_operator.py
[2023-09-14T17:23:45.473+0100] {logging_mixin.py:151} INFO - [2023-09-14T17:23:45.472+0100] {dag.py:2915} INFO - Sync 1 DAGs
[2023-09-14T17:23:45.501+0100] {logging_mixin.py:151} INFO - [2023-09-14T17:23:45.501+0100] {dag.py:3696} INFO - Setting next_dagrun for example_bash_operator to 2023-09-13T00:00:00+00:00, run_after=2023-09-14T00:00:00+00:00
[2023-09-14T17:23:45.531+0100] {processor.py:179} INFO - Processing /home/joestar/Documents/projects/airflow_etl/airflow_env/lib/python3.8/site-packages/airflow/example_dags/example_bash_operator.py took 0.104 seconds
[2023-09-14T17:24:46.225+0100] {processor.py:157} INFO - Started process (PID=28685) to work on /home/joestar/Documents/projects/airflow_etl/airflow_env/lib/python3.8/site-packages/airflow/example_dags/example_bash_operator.py
[2023-09-14T17:24:46.226+0100] {processor.py:829} INFO - Processing file /home/joestar/Documents/projects/airflow_etl/airflow_env/lib/python3.8/site-packages/airflow/example_dags/example_bash_operator.py for tasks to queue
[2023-09-14T17:24:46.227+0100] {logging_mixin.py:151} INFO - [2023-09-14T17:24:46.226+0100] {dagbag.py:539} INFO - Filling up the DagBag from /home/joestar/Documents/projects/airflow_etl/airflow_env/lib/python3.8/site-packages/airflow/example_dags/example_bash_operator.py
[2023-09-14T17:24:46.238+0100] {processor.py:839} INFO - DAG(s) dict_keys(['example_bash_operator']) retrieved from /home/joestar/Documents/projects/airflow_etl/airflow_env/lib/python3.8/site-packages/airflow/example_dags/example_bash_operator.py
[2023-09-14T17:24:46.273+0100] {logging_mixin.py:151} INFO - [2023-09-14T17:24:46.272+0100] {dag.py:2915} INFO - Sync 1 DAGs
[2023-09-14T17:24:46.302+0100] {logging_mixin.py:151} INFO - [2023-09-14T17:24:46.302+0100] {dag.py:3696} INFO - Setting next_dagrun for example_bash_operator to 2023-09-13T00:00:00+00:00, run_after=2023-09-14T00:00:00+00:00
[2023-09-14T17:24:46.336+0100] {processor.py:179} INFO - Processing /home/joestar/Documents/projects/airflow_etl/airflow_env/lib/python3.8/site-packages/airflow/example_dags/example_bash_operator.py took 0.114 seconds
[2023-09-14T17:25:43.178+0100] {processor.py:157} INFO - Started process (PID=28910) to work on /home/joestar/Documents/projects/airflow_etl/airflow_env/lib/python3.8/site-packages/airflow/example_dags/example_bash_operator.py
[2023-09-14T17:25:43.182+0100] {processor.py:829} INFO - Processing file /home/joestar/Documents/projects/airflow_etl/airflow_env/lib/python3.8/site-packages/airflow/example_dags/example_bash_operator.py for tasks to queue
[2023-09-14T17:25:43.185+0100] {logging_mixin.py:151} INFO - [2023-09-14T17:25:43.184+0100] {dagbag.py:539} INFO - Filling up the DagBag from /home/joestar/Documents/projects/airflow_etl/airflow_env/lib/python3.8/site-packages/airflow/example_dags/example_bash_operator.py
[2023-09-14T17:25:43.220+0100] {processor.py:839} INFO - DAG(s) dict_keys(['example_bash_operator']) retrieved from /home/joestar/Documents/projects/airflow_etl/airflow_env/lib/python3.8/site-packages/airflow/example_dags/example_bash_operator.py
[2023-09-14T17:25:43.253+0100] {logging_mixin.py:151} INFO - [2023-09-14T17:25:43.253+0100] {dag.py:2915} INFO - Sync 1 DAGs
[2023-09-14T17:25:43.278+0100] {logging_mixin.py:151} INFO - [2023-09-14T17:25:43.278+0100] {dag.py:3696} INFO - Setting next_dagrun for example_bash_operator to 2023-09-13T00:00:00+00:00, run_after=2023-09-14T00:00:00+00:00
[2023-09-14T17:25:43.310+0100] {processor.py:179} INFO - Processing /home/joestar/Documents/projects/airflow_etl/airflow_env/lib/python3.8/site-packages/airflow/example_dags/example_bash_operator.py took 0.143 seconds
[2023-09-14T17:26:35.497+0100] {processor.py:157} INFO - Started process (PID=29147) to work on /home/joestar/Documents/projects/airflow_etl/airflow_env/lib/python3.8/site-packages/airflow/example_dags/example_bash_operator.py
[2023-09-14T17:26:35.498+0100] {processor.py:829} INFO - Processing file /home/joestar/Documents/projects/airflow_etl/airflow_env/lib/python3.8/site-packages/airflow/example_dags/example_bash_operator.py for tasks to queue
[2023-09-14T17:26:35.499+0100] {logging_mixin.py:151} INFO - [2023-09-14T17:26:35.499+0100] {dagbag.py:539} INFO - Filling up the DagBag from /home/joestar/Documents/projects/airflow_etl/airflow_env/lib/python3.8/site-packages/airflow/example_dags/example_bash_operator.py
[2023-09-14T17:26:35.509+0100] {processor.py:839} INFO - DAG(s) dict_keys(['example_bash_operator']) retrieved from /home/joestar/Documents/projects/airflow_etl/airflow_env/lib/python3.8/site-packages/airflow/example_dags/example_bash_operator.py
[2023-09-14T17:26:35.532+0100] {logging_mixin.py:151} INFO - [2023-09-14T17:26:35.532+0100] {dag.py:2915} INFO - Sync 1 DAGs
[2023-09-14T17:26:35.551+0100] {logging_mixin.py:151} INFO - [2023-09-14T17:26:35.551+0100] {dag.py:3696} INFO - Setting next_dagrun for example_bash_operator to 2023-09-13T00:00:00+00:00, run_after=2023-09-14T00:00:00+00:00
[2023-09-14T17:26:35.575+0100] {processor.py:179} INFO - Processing /home/joestar/Documents/projects/airflow_etl/airflow_env/lib/python3.8/site-packages/airflow/example_dags/example_bash_operator.py took 0.081 seconds
[2023-09-14T17:27:28.480+0100] {processor.py:157} INFO - Started process (PID=29384) to work on /home/joestar/Documents/projects/airflow_etl/airflow_env/lib/python3.8/site-packages/airflow/example_dags/example_bash_operator.py
[2023-09-14T17:27:28.481+0100] {processor.py:829} INFO - Processing file /home/joestar/Documents/projects/airflow_etl/airflow_env/lib/python3.8/site-packages/airflow/example_dags/example_bash_operator.py for tasks to queue
[2023-09-14T17:27:28.482+0100] {logging_mixin.py:151} INFO - [2023-09-14T17:27:28.482+0100] {dagbag.py:539} INFO - Filling up the DagBag from /home/joestar/Documents/projects/airflow_etl/airflow_env/lib/python3.8/site-packages/airflow/example_dags/example_bash_operator.py
[2023-09-14T17:27:28.504+0100] {processor.py:839} INFO - DAG(s) dict_keys(['example_bash_operator']) retrieved from /home/joestar/Documents/projects/airflow_etl/airflow_env/lib/python3.8/site-packages/airflow/example_dags/example_bash_operator.py
[2023-09-14T17:27:28.546+0100] {logging_mixin.py:151} INFO - [2023-09-14T17:27:28.546+0100] {dag.py:2915} INFO - Sync 1 DAGs
[2023-09-14T17:27:28.579+0100] {logging_mixin.py:151} INFO - [2023-09-14T17:27:28.578+0100] {dag.py:3696} INFO - Setting next_dagrun for example_bash_operator to 2023-09-13T00:00:00+00:00, run_after=2023-09-14T00:00:00+00:00
[2023-09-14T17:27:28.615+0100] {processor.py:179} INFO - Processing /home/joestar/Documents/projects/airflow_etl/airflow_env/lib/python3.8/site-packages/airflow/example_dags/example_bash_operator.py took 0.139 seconds
[2023-09-14T17:28:23.635+0100] {processor.py:157} INFO - Started process (PID=29639) to work on /home/joestar/Documents/projects/airflow_etl/airflow_env/lib/python3.8/site-packages/airflow/example_dags/example_bash_operator.py
[2023-09-14T17:28:23.636+0100] {processor.py:829} INFO - Processing file /home/joestar/Documents/projects/airflow_etl/airflow_env/lib/python3.8/site-packages/airflow/example_dags/example_bash_operator.py for tasks to queue
[2023-09-14T17:28:23.637+0100] {logging_mixin.py:151} INFO - [2023-09-14T17:28:23.637+0100] {dagbag.py:539} INFO - Filling up the DagBag from /home/joestar/Documents/projects/airflow_etl/airflow_env/lib/python3.8/site-packages/airflow/example_dags/example_bash_operator.py
[2023-09-14T17:28:23.647+0100] {processor.py:839} INFO - DAG(s) dict_keys(['example_bash_operator']) retrieved from /home/joestar/Documents/projects/airflow_etl/airflow_env/lib/python3.8/site-packages/airflow/example_dags/example_bash_operator.py
[2023-09-14T17:28:23.672+0100] {logging_mixin.py:151} INFO - [2023-09-14T17:28:23.671+0100] {dag.py:2915} INFO - Sync 1 DAGs
[2023-09-14T17:28:23.693+0100] {logging_mixin.py:151} INFO - [2023-09-14T17:28:23.693+0100] {dag.py:3696} INFO - Setting next_dagrun for example_bash_operator to 2023-09-13T00:00:00+00:00, run_after=2023-09-14T00:00:00+00:00
[2023-09-14T17:28:23.717+0100] {processor.py:179} INFO - Processing /home/joestar/Documents/projects/airflow_etl/airflow_env/lib/python3.8/site-packages/airflow/example_dags/example_bash_operator.py took 0.085 seconds
[2023-09-14T17:29:15.726+0100] {processor.py:157} INFO - Started process (PID=29891) to work on /home/joestar/Documents/projects/airflow_etl/airflow_env/lib/python3.8/site-packages/airflow/example_dags/example_bash_operator.py
[2023-09-14T17:29:15.727+0100] {processor.py:829} INFO - Processing file /home/joestar/Documents/projects/airflow_etl/airflow_env/lib/python3.8/site-packages/airflow/example_dags/example_bash_operator.py for tasks to queue
[2023-09-14T17:29:15.728+0100] {logging_mixin.py:151} INFO - [2023-09-14T17:29:15.728+0100] {dagbag.py:539} INFO - Filling up the DagBag from /home/joestar/Documents/projects/airflow_etl/airflow_env/lib/python3.8/site-packages/airflow/example_dags/example_bash_operator.py
[2023-09-14T17:29:15.742+0100] {processor.py:839} INFO - DAG(s) dict_keys(['example_bash_operator']) retrieved from /home/joestar/Documents/projects/airflow_etl/airflow_env/lib/python3.8/site-packages/airflow/example_dags/example_bash_operator.py
[2023-09-14T17:29:15.779+0100] {logging_mixin.py:151} INFO - [2023-09-14T17:29:15.779+0100] {dag.py:2915} INFO - Sync 1 DAGs
[2023-09-14T17:29:15.807+0100] {logging_mixin.py:151} INFO - [2023-09-14T17:29:15.807+0100] {dag.py:3696} INFO - Setting next_dagrun for example_bash_operator to 2023-09-13T00:00:00+00:00, run_after=2023-09-14T00:00:00+00:00
[2023-09-14T17:29:15.843+0100] {processor.py:179} INFO - Processing /home/joestar/Documents/projects/airflow_etl/airflow_env/lib/python3.8/site-packages/airflow/example_dags/example_bash_operator.py took 0.121 seconds
[2023-09-14T17:30:07.285+0100] {processor.py:157} INFO - Started process (PID=30141) to work on /home/joestar/Documents/projects/airflow_etl/airflow_env/lib/python3.8/site-packages/airflow/example_dags/example_bash_operator.py
[2023-09-14T17:30:07.286+0100] {processor.py:829} INFO - Processing file /home/joestar/Documents/projects/airflow_etl/airflow_env/lib/python3.8/site-packages/airflow/example_dags/example_bash_operator.py for tasks to queue
[2023-09-14T17:30:07.287+0100] {logging_mixin.py:151} INFO - [2023-09-14T17:30:07.287+0100] {dagbag.py:539} INFO - Filling up the DagBag from /home/joestar/Documents/projects/airflow_etl/airflow_env/lib/python3.8/site-packages/airflow/example_dags/example_bash_operator.py
[2023-09-14T17:30:07.302+0100] {processor.py:839} INFO - DAG(s) dict_keys(['example_bash_operator']) retrieved from /home/joestar/Documents/projects/airflow_etl/airflow_env/lib/python3.8/site-packages/airflow/example_dags/example_bash_operator.py
[2023-09-14T17:30:07.332+0100] {logging_mixin.py:151} INFO - [2023-09-14T17:30:07.332+0100] {dag.py:2915} INFO - Sync 1 DAGs
[2023-09-14T17:30:07.356+0100] {logging_mixin.py:151} INFO - [2023-09-14T17:30:07.356+0100] {dag.py:3696} INFO - Setting next_dagrun for example_bash_operator to 2023-09-13T00:00:00+00:00, run_after=2023-09-14T00:00:00+00:00
[2023-09-14T17:30:07.393+0100] {processor.py:179} INFO - Processing /home/joestar/Documents/projects/airflow_etl/airflow_env/lib/python3.8/site-packages/airflow/example_dags/example_bash_operator.py took 0.111 seconds
[2023-09-14T17:31:00.365+0100] {processor.py:157} INFO - Started process (PID=30360) to work on /home/joestar/Documents/projects/airflow_etl/airflow_env/lib/python3.8/site-packages/airflow/example_dags/example_bash_operator.py
[2023-09-14T17:31:00.366+0100] {processor.py:829} INFO - Processing file /home/joestar/Documents/projects/airflow_etl/airflow_env/lib/python3.8/site-packages/airflow/example_dags/example_bash_operator.py for tasks to queue
[2023-09-14T17:31:00.367+0100] {logging_mixin.py:151} INFO - [2023-09-14T17:31:00.366+0100] {dagbag.py:539} INFO - Filling up the DagBag from /home/joestar/Documents/projects/airflow_etl/airflow_env/lib/python3.8/site-packages/airflow/example_dags/example_bash_operator.py
[2023-09-14T17:31:00.383+0100] {processor.py:839} INFO - DAG(s) dict_keys(['example_bash_operator']) retrieved from /home/joestar/Documents/projects/airflow_etl/airflow_env/lib/python3.8/site-packages/airflow/example_dags/example_bash_operator.py
[2023-09-14T17:31:00.407+0100] {logging_mixin.py:151} INFO - [2023-09-14T17:31:00.407+0100] {dag.py:2915} INFO - Sync 1 DAGs
[2023-09-14T17:31:00.428+0100] {logging_mixin.py:151} INFO - [2023-09-14T17:31:00.428+0100] {dag.py:3696} INFO - Setting next_dagrun for example_bash_operator to 2023-09-13T00:00:00+00:00, run_after=2023-09-14T00:00:00+00:00
[2023-09-14T17:31:00.452+0100] {processor.py:179} INFO - Processing /home/joestar/Documents/projects/airflow_etl/airflow_env/lib/python3.8/site-packages/airflow/example_dags/example_bash_operator.py took 0.090 seconds
[2023-09-14T17:31:49.416+0100] {processor.py:157} INFO - Started process (PID=30582) to work on /home/joestar/Documents/projects/airflow_etl/airflow_env/lib/python3.8/site-packages/airflow/example_dags/example_bash_operator.py
[2023-09-14T17:31:49.417+0100] {processor.py:829} INFO - Processing file /home/joestar/Documents/projects/airflow_etl/airflow_env/lib/python3.8/site-packages/airflow/example_dags/example_bash_operator.py for tasks to queue
[2023-09-14T17:31:49.418+0100] {logging_mixin.py:151} INFO - [2023-09-14T17:31:49.417+0100] {dagbag.py:539} INFO - Filling up the DagBag from /home/joestar/Documents/projects/airflow_etl/airflow_env/lib/python3.8/site-packages/airflow/example_dags/example_bash_operator.py
[2023-09-14T17:31:49.430+0100] {processor.py:839} INFO - DAG(s) dict_keys(['example_bash_operator']) retrieved from /home/joestar/Documents/projects/airflow_etl/airflow_env/lib/python3.8/site-packages/airflow/example_dags/example_bash_operator.py
[2023-09-14T17:31:49.464+0100] {logging_mixin.py:151} INFO - [2023-09-14T17:31:49.464+0100] {dag.py:2915} INFO - Sync 1 DAGs
[2023-09-14T17:31:49.496+0100] {logging_mixin.py:151} INFO - [2023-09-14T17:31:49.496+0100] {dag.py:3696} INFO - Setting next_dagrun for example_bash_operator to 2023-09-13T00:00:00+00:00, run_after=2023-09-14T00:00:00+00:00
[2023-09-14T17:31:49.528+0100] {processor.py:179} INFO - Processing /home/joestar/Documents/projects/airflow_etl/airflow_env/lib/python3.8/site-packages/airflow/example_dags/example_bash_operator.py took 0.116 seconds
[2023-09-14T17:32:42.510+0100] {processor.py:157} INFO - Started process (PID=30823) to work on /home/joestar/Documents/projects/airflow_etl/airflow_env/lib/python3.8/site-packages/airflow/example_dags/example_bash_operator.py
[2023-09-14T17:32:42.512+0100] {processor.py:829} INFO - Processing file /home/joestar/Documents/projects/airflow_etl/airflow_env/lib/python3.8/site-packages/airflow/example_dags/example_bash_operator.py for tasks to queue
[2023-09-14T17:32:42.514+0100] {logging_mixin.py:151} INFO - [2023-09-14T17:32:42.513+0100] {dagbag.py:539} INFO - Filling up the DagBag from /home/joestar/Documents/projects/airflow_etl/airflow_env/lib/python3.8/site-packages/airflow/example_dags/example_bash_operator.py
[2023-09-14T17:32:42.540+0100] {processor.py:839} INFO - DAG(s) dict_keys(['example_bash_operator']) retrieved from /home/joestar/Documents/projects/airflow_etl/airflow_env/lib/python3.8/site-packages/airflow/example_dags/example_bash_operator.py
[2023-09-14T17:32:42.581+0100] {logging_mixin.py:151} INFO - [2023-09-14T17:32:42.581+0100] {dag.py:2915} INFO - Sync 1 DAGs
[2023-09-14T17:32:42.601+0100] {logging_mixin.py:151} INFO - [2023-09-14T17:32:42.601+0100] {dag.py:3696} INFO - Setting next_dagrun for example_bash_operator to 2023-09-13T00:00:00+00:00, run_after=2023-09-14T00:00:00+00:00
[2023-09-14T17:32:42.628+0100] {processor.py:179} INFO - Processing /home/joestar/Documents/projects/airflow_etl/airflow_env/lib/python3.8/site-packages/airflow/example_dags/example_bash_operator.py took 0.125 seconds
[2023-09-14T17:33:35.608+0100] {processor.py:157} INFO - Started process (PID=31060) to work on /home/joestar/Documents/projects/airflow_etl/airflow_env/lib/python3.8/site-packages/airflow/example_dags/example_bash_operator.py
[2023-09-14T17:33:35.609+0100] {processor.py:829} INFO - Processing file /home/joestar/Documents/projects/airflow_etl/airflow_env/lib/python3.8/site-packages/airflow/example_dags/example_bash_operator.py for tasks to queue
[2023-09-14T17:33:35.610+0100] {logging_mixin.py:151} INFO - [2023-09-14T17:33:35.609+0100] {dagbag.py:539} INFO - Filling up the DagBag from /home/joestar/Documents/projects/airflow_etl/airflow_env/lib/python3.8/site-packages/airflow/example_dags/example_bash_operator.py
[2023-09-14T17:33:35.621+0100] {processor.py:839} INFO - DAG(s) dict_keys(['example_bash_operator']) retrieved from /home/joestar/Documents/projects/airflow_etl/airflow_env/lib/python3.8/site-packages/airflow/example_dags/example_bash_operator.py
[2023-09-14T17:33:35.646+0100] {logging_mixin.py:151} INFO - [2023-09-14T17:33:35.645+0100] {dag.py:2915} INFO - Sync 1 DAGs
[2023-09-14T17:33:35.667+0100] {logging_mixin.py:151} INFO - [2023-09-14T17:33:35.667+0100] {dag.py:3696} INFO - Setting next_dagrun for example_bash_operator to 2023-09-13T00:00:00+00:00, run_after=2023-09-14T00:00:00+00:00
[2023-09-14T17:33:35.697+0100] {processor.py:179} INFO - Processing /home/joestar/Documents/projects/airflow_etl/airflow_env/lib/python3.8/site-packages/airflow/example_dags/example_bash_operator.py took 0.092 seconds
[2023-09-14T17:34:28.805+0100] {processor.py:157} INFO - Started process (PID=31310) to work on /home/joestar/Documents/projects/airflow_etl/airflow_env/lib/python3.8/site-packages/airflow/example_dags/example_bash_operator.py
[2023-09-14T17:34:28.806+0100] {processor.py:829} INFO - Processing file /home/joestar/Documents/projects/airflow_etl/airflow_env/lib/python3.8/site-packages/airflow/example_dags/example_bash_operator.py for tasks to queue
[2023-09-14T17:34:28.807+0100] {logging_mixin.py:151} INFO - [2023-09-14T17:34:28.806+0100] {dagbag.py:539} INFO - Filling up the DagBag from /home/joestar/Documents/projects/airflow_etl/airflow_env/lib/python3.8/site-packages/airflow/example_dags/example_bash_operator.py
[2023-09-14T17:34:28.818+0100] {processor.py:839} INFO - DAG(s) dict_keys(['example_bash_operator']) retrieved from /home/joestar/Documents/projects/airflow_etl/airflow_env/lib/python3.8/site-packages/airflow/example_dags/example_bash_operator.py
[2023-09-14T17:34:28.842+0100] {logging_mixin.py:151} INFO - [2023-09-14T17:34:28.841+0100] {dag.py:2915} INFO - Sync 1 DAGs
[2023-09-14T17:34:28.862+0100] {logging_mixin.py:151} INFO - [2023-09-14T17:34:28.862+0100] {dag.py:3696} INFO - Setting next_dagrun for example_bash_operator to 2023-09-13T00:00:00+00:00, run_after=2023-09-14T00:00:00+00:00
[2023-09-14T17:34:28.895+0100] {processor.py:179} INFO - Processing /home/joestar/Documents/projects/airflow_etl/airflow_env/lib/python3.8/site-packages/airflow/example_dags/example_bash_operator.py took 0.092 seconds
[2023-09-14T17:35:19.413+0100] {processor.py:157} INFO - Started process (PID=31562) to work on /home/joestar/Documents/projects/airflow_etl/airflow_env/lib/python3.8/site-packages/airflow/example_dags/example_bash_operator.py
[2023-09-14T17:35:19.414+0100] {processor.py:829} INFO - Processing file /home/joestar/Documents/projects/airflow_etl/airflow_env/lib/python3.8/site-packages/airflow/example_dags/example_bash_operator.py for tasks to queue
[2023-09-14T17:35:19.415+0100] {logging_mixin.py:151} INFO - [2023-09-14T17:35:19.415+0100] {dagbag.py:539} INFO - Filling up the DagBag from /home/joestar/Documents/projects/airflow_etl/airflow_env/lib/python3.8/site-packages/airflow/example_dags/example_bash_operator.py
[2023-09-14T17:35:19.430+0100] {processor.py:839} INFO - DAG(s) dict_keys(['example_bash_operator']) retrieved from /home/joestar/Documents/projects/airflow_etl/airflow_env/lib/python3.8/site-packages/airflow/example_dags/example_bash_operator.py
[2023-09-14T17:35:19.464+0100] {logging_mixin.py:151} INFO - [2023-09-14T17:35:19.464+0100] {dag.py:2915} INFO - Sync 1 DAGs
[2023-09-14T17:35:19.481+0100] {logging_mixin.py:151} INFO - [2023-09-14T17:35:19.481+0100] {dag.py:3696} INFO - Setting next_dagrun for example_bash_operator to 2023-09-13T00:00:00+00:00, run_after=2023-09-14T00:00:00+00:00
[2023-09-14T17:35:19.519+0100] {processor.py:179} INFO - Processing /home/joestar/Documents/projects/airflow_etl/airflow_env/lib/python3.8/site-packages/airflow/example_dags/example_bash_operator.py took 0.110 seconds
[2023-09-14T17:36:11.536+0100] {processor.py:157} INFO - Started process (PID=31795) to work on /home/joestar/Documents/projects/airflow_etl/airflow_env/lib/python3.8/site-packages/airflow/example_dags/example_bash_operator.py
[2023-09-14T17:36:11.537+0100] {processor.py:829} INFO - Processing file /home/joestar/Documents/projects/airflow_etl/airflow_env/lib/python3.8/site-packages/airflow/example_dags/example_bash_operator.py for tasks to queue
[2023-09-14T17:36:11.538+0100] {logging_mixin.py:151} INFO - [2023-09-14T17:36:11.538+0100] {dagbag.py:539} INFO - Filling up the DagBag from /home/joestar/Documents/projects/airflow_etl/airflow_env/lib/python3.8/site-packages/airflow/example_dags/example_bash_operator.py
[2023-09-14T17:36:11.553+0100] {processor.py:839} INFO - DAG(s) dict_keys(['example_bash_operator']) retrieved from /home/joestar/Documents/projects/airflow_etl/airflow_env/lib/python3.8/site-packages/airflow/example_dags/example_bash_operator.py
[2023-09-14T17:36:11.589+0100] {logging_mixin.py:151} INFO - [2023-09-14T17:36:11.589+0100] {dag.py:2915} INFO - Sync 1 DAGs
[2023-09-14T17:36:11.617+0100] {logging_mixin.py:151} INFO - [2023-09-14T17:36:11.617+0100] {dag.py:3696} INFO - Setting next_dagrun for example_bash_operator to 2023-09-13T00:00:00+00:00, run_after=2023-09-14T00:00:00+00:00
[2023-09-14T17:36:11.647+0100] {processor.py:179} INFO - Processing /home/joestar/Documents/projects/airflow_etl/airflow_env/lib/python3.8/site-packages/airflow/example_dags/example_bash_operator.py took 0.114 seconds
[2023-09-14T17:37:04.024+0100] {processor.py:157} INFO - Started process (PID=32016) to work on /home/joestar/Documents/projects/airflow_etl/airflow_env/lib/python3.8/site-packages/airflow/example_dags/example_bash_operator.py
[2023-09-14T17:37:04.025+0100] {processor.py:829} INFO - Processing file /home/joestar/Documents/projects/airflow_etl/airflow_env/lib/python3.8/site-packages/airflow/example_dags/example_bash_operator.py for tasks to queue
[2023-09-14T17:37:04.026+0100] {logging_mixin.py:151} INFO - [2023-09-14T17:37:04.026+0100] {dagbag.py:539} INFO - Filling up the DagBag from /home/joestar/Documents/projects/airflow_etl/airflow_env/lib/python3.8/site-packages/airflow/example_dags/example_bash_operator.py
[2023-09-14T17:37:04.038+0100] {processor.py:839} INFO - DAG(s) dict_keys(['example_bash_operator']) retrieved from /home/joestar/Documents/projects/airflow_etl/airflow_env/lib/python3.8/site-packages/airflow/example_dags/example_bash_operator.py
[2023-09-14T17:37:04.067+0100] {logging_mixin.py:151} INFO - [2023-09-14T17:37:04.066+0100] {dag.py:2915} INFO - Sync 1 DAGs
[2023-09-14T17:37:04.087+0100] {logging_mixin.py:151} INFO - [2023-09-14T17:37:04.087+0100] {dag.py:3696} INFO - Setting next_dagrun for example_bash_operator to 2023-09-13T00:00:00+00:00, run_after=2023-09-14T00:00:00+00:00
[2023-09-14T17:37:04.112+0100] {processor.py:179} INFO - Processing /home/joestar/Documents/projects/airflow_etl/airflow_env/lib/python3.8/site-packages/airflow/example_dags/example_bash_operator.py took 0.091 seconds
[2023-09-14T17:38:00.249+0100] {processor.py:157} INFO - Started process (PID=32414) to work on /home/joestar/Documents/projects/airflow_etl/airflow_env/lib/python3.8/site-packages/airflow/example_dags/example_bash_operator.py
[2023-09-14T17:38:00.250+0100] {processor.py:829} INFO - Processing file /home/joestar/Documents/projects/airflow_etl/airflow_env/lib/python3.8/site-packages/airflow/example_dags/example_bash_operator.py for tasks to queue
[2023-09-14T17:38:00.251+0100] {logging_mixin.py:151} INFO - [2023-09-14T17:38:00.250+0100] {dagbag.py:539} INFO - Filling up the DagBag from /home/joestar/Documents/projects/airflow_etl/airflow_env/lib/python3.8/site-packages/airflow/example_dags/example_bash_operator.py
[2023-09-14T17:38:00.261+0100] {processor.py:839} INFO - DAG(s) dict_keys(['example_bash_operator']) retrieved from /home/joestar/Documents/projects/airflow_etl/airflow_env/lib/python3.8/site-packages/airflow/example_dags/example_bash_operator.py
[2023-09-14T17:38:00.285+0100] {logging_mixin.py:151} INFO - [2023-09-14T17:38:00.284+0100] {dag.py:2915} INFO - Sync 1 DAGs
[2023-09-14T17:38:00.304+0100] {logging_mixin.py:151} INFO - [2023-09-14T17:38:00.304+0100] {dag.py:3696} INFO - Setting next_dagrun for example_bash_operator to 2023-09-13T00:00:00+00:00, run_after=2023-09-14T00:00:00+00:00
[2023-09-14T17:38:00.329+0100] {processor.py:179} INFO - Processing /home/joestar/Documents/projects/airflow_etl/airflow_env/lib/python3.8/site-packages/airflow/example_dags/example_bash_operator.py took 0.083 seconds
[2023-09-14T17:39:02.463+0100] {processor.py:157} INFO - Started process (PID=32853) to work on /home/joestar/Documents/projects/airflow_etl/airflow_env/lib/python3.8/site-packages/airflow/example_dags/example_bash_operator.py
[2023-09-14T17:39:02.464+0100] {processor.py:829} INFO - Processing file /home/joestar/Documents/projects/airflow_etl/airflow_env/lib/python3.8/site-packages/airflow/example_dags/example_bash_operator.py for tasks to queue
[2023-09-14T17:39:02.465+0100] {logging_mixin.py:151} INFO - [2023-09-14T17:39:02.465+0100] {dagbag.py:539} INFO - Filling up the DagBag from /home/joestar/Documents/projects/airflow_etl/airflow_env/lib/python3.8/site-packages/airflow/example_dags/example_bash_operator.py
[2023-09-14T17:39:02.476+0100] {processor.py:839} INFO - DAG(s) dict_keys(['example_bash_operator']) retrieved from /home/joestar/Documents/projects/airflow_etl/airflow_env/lib/python3.8/site-packages/airflow/example_dags/example_bash_operator.py
[2023-09-14T17:39:02.499+0100] {logging_mixin.py:151} INFO - [2023-09-14T17:39:02.499+0100] {dag.py:2915} INFO - Sync 1 DAGs
[2023-09-14T17:39:02.520+0100] {logging_mixin.py:151} INFO - [2023-09-14T17:39:02.520+0100] {dag.py:3696} INFO - Setting next_dagrun for example_bash_operator to 2023-09-13T00:00:00+00:00, run_after=2023-09-14T00:00:00+00:00
[2023-09-14T17:39:02.545+0100] {processor.py:179} INFO - Processing /home/joestar/Documents/projects/airflow_etl/airflow_env/lib/python3.8/site-packages/airflow/example_dags/example_bash_operator.py took 0.084 seconds
[2023-09-14T17:40:08.780+0100] {processor.py:157} INFO - Started process (PID=33287) to work on /home/joestar/Documents/projects/airflow_etl/airflow_env/lib/python3.8/site-packages/airflow/example_dags/example_bash_operator.py
[2023-09-14T17:40:08.781+0100] {processor.py:829} INFO - Processing file /home/joestar/Documents/projects/airflow_etl/airflow_env/lib/python3.8/site-packages/airflow/example_dags/example_bash_operator.py for tasks to queue
[2023-09-14T17:40:08.782+0100] {logging_mixin.py:151} INFO - [2023-09-14T17:40:08.781+0100] {dagbag.py:539} INFO - Filling up the DagBag from /home/joestar/Documents/projects/airflow_etl/airflow_env/lib/python3.8/site-packages/airflow/example_dags/example_bash_operator.py
[2023-09-14T17:40:08.791+0100] {processor.py:839} INFO - DAG(s) dict_keys(['example_bash_operator']) retrieved from /home/joestar/Documents/projects/airflow_etl/airflow_env/lib/python3.8/site-packages/airflow/example_dags/example_bash_operator.py
[2023-09-14T17:40:08.813+0100] {logging_mixin.py:151} INFO - [2023-09-14T17:40:08.812+0100] {dag.py:2915} INFO - Sync 1 DAGs
[2023-09-14T17:40:08.830+0100] {logging_mixin.py:151} INFO - [2023-09-14T17:40:08.830+0100] {dag.py:3696} INFO - Setting next_dagrun for example_bash_operator to 2023-09-13T00:00:00+00:00, run_after=2023-09-14T00:00:00+00:00
[2023-09-14T17:40:08.860+0100] {processor.py:179} INFO - Processing /home/joestar/Documents/projects/airflow_etl/airflow_env/lib/python3.8/site-packages/airflow/example_dags/example_bash_operator.py took 0.083 seconds
[2023-09-14T17:41:05.701+0100] {processor.py:157} INFO - Started process (PID=33655) to work on /home/joestar/Documents/projects/airflow_etl/airflow_env/lib/python3.8/site-packages/airflow/example_dags/example_bash_operator.py
[2023-09-14T17:41:05.703+0100] {processor.py:829} INFO - Processing file /home/joestar/Documents/projects/airflow_etl/airflow_env/lib/python3.8/site-packages/airflow/example_dags/example_bash_operator.py for tasks to queue
[2023-09-14T17:41:05.704+0100] {logging_mixin.py:151} INFO - [2023-09-14T17:41:05.704+0100] {dagbag.py:539} INFO - Filling up the DagBag from /home/joestar/Documents/projects/airflow_etl/airflow_env/lib/python3.8/site-packages/airflow/example_dags/example_bash_operator.py
[2023-09-14T17:41:05.716+0100] {processor.py:839} INFO - DAG(s) dict_keys(['example_bash_operator']) retrieved from /home/joestar/Documents/projects/airflow_etl/airflow_env/lib/python3.8/site-packages/airflow/example_dags/example_bash_operator.py
[2023-09-14T17:41:05.761+0100] {logging_mixin.py:151} INFO - [2023-09-14T17:41:05.761+0100] {dag.py:2915} INFO - Sync 1 DAGs
[2023-09-14T17:41:05.793+0100] {logging_mixin.py:151} INFO - [2023-09-14T17:41:05.793+0100] {dag.py:3696} INFO - Setting next_dagrun for example_bash_operator to 2023-09-13T00:00:00+00:00, run_after=2023-09-14T00:00:00+00:00
[2023-09-14T17:41:05.826+0100] {processor.py:179} INFO - Processing /home/joestar/Documents/projects/airflow_etl/airflow_env/lib/python3.8/site-packages/airflow/example_dags/example_bash_operator.py took 0.130 seconds
[2023-09-14T17:42:00.868+0100] {processor.py:157} INFO - Started process (PID=33991) to work on /home/joestar/Documents/projects/airflow_etl/airflow_env/lib/python3.8/site-packages/airflow/example_dags/example_bash_operator.py
[2023-09-14T17:42:00.868+0100] {processor.py:829} INFO - Processing file /home/joestar/Documents/projects/airflow_etl/airflow_env/lib/python3.8/site-packages/airflow/example_dags/example_bash_operator.py for tasks to queue
[2023-09-14T17:42:00.869+0100] {logging_mixin.py:151} INFO - [2023-09-14T17:42:00.869+0100] {dagbag.py:539} INFO - Filling up the DagBag from /home/joestar/Documents/projects/airflow_etl/airflow_env/lib/python3.8/site-packages/airflow/example_dags/example_bash_operator.py
[2023-09-14T17:42:00.880+0100] {processor.py:839} INFO - DAG(s) dict_keys(['example_bash_operator']) retrieved from /home/joestar/Documents/projects/airflow_etl/airflow_env/lib/python3.8/site-packages/airflow/example_dags/example_bash_operator.py
[2023-09-14T17:42:00.905+0100] {logging_mixin.py:151} INFO - [2023-09-14T17:42:00.905+0100] {dag.py:2915} INFO - Sync 1 DAGs
[2023-09-14T17:42:00.925+0100] {logging_mixin.py:151} INFO - [2023-09-14T17:42:00.925+0100] {dag.py:3696} INFO - Setting next_dagrun for example_bash_operator to 2023-09-13T00:00:00+00:00, run_after=2023-09-14T00:00:00+00:00
[2023-09-14T17:42:00.948+0100] {processor.py:179} INFO - Processing /home/joestar/Documents/projects/airflow_etl/airflow_env/lib/python3.8/site-packages/airflow/example_dags/example_bash_operator.py took 0.084 seconds
[2023-09-14T17:43:04.352+0100] {processor.py:157} INFO - Started process (PID=34269) to work on /home/joestar/Documents/projects/airflow_etl/airflow_env/lib/python3.8/site-packages/airflow/example_dags/example_bash_operator.py
[2023-09-14T17:43:04.353+0100] {processor.py:829} INFO - Processing file /home/joestar/Documents/projects/airflow_etl/airflow_env/lib/python3.8/site-packages/airflow/example_dags/example_bash_operator.py for tasks to queue
[2023-09-14T17:43:04.354+0100] {logging_mixin.py:151} INFO - [2023-09-14T17:43:04.354+0100] {dagbag.py:539} INFO - Filling up the DagBag from /home/joestar/Documents/projects/airflow_etl/airflow_env/lib/python3.8/site-packages/airflow/example_dags/example_bash_operator.py
[2023-09-14T17:43:04.369+0100] {processor.py:839} INFO - DAG(s) dict_keys(['example_bash_operator']) retrieved from /home/joestar/Documents/projects/airflow_etl/airflow_env/lib/python3.8/site-packages/airflow/example_dags/example_bash_operator.py
[2023-09-14T17:43:04.415+0100] {logging_mixin.py:151} INFO - [2023-09-14T17:43:04.415+0100] {dag.py:2915} INFO - Sync 1 DAGs
[2023-09-14T17:43:04.463+0100] {logging_mixin.py:151} INFO - [2023-09-14T17:43:04.463+0100] {dag.py:3696} INFO - Setting next_dagrun for example_bash_operator to 2023-09-13T00:00:00+00:00, run_after=2023-09-14T00:00:00+00:00
[2023-09-14T17:43:04.502+0100] {processor.py:179} INFO - Processing /home/joestar/Documents/projects/airflow_etl/airflow_env/lib/python3.8/site-packages/airflow/example_dags/example_bash_operator.py took 0.153 seconds
[2023-09-14T17:44:01.841+0100] {processor.py:157} INFO - Started process (PID=34543) to work on /home/joestar/Documents/projects/airflow_etl/airflow_env/lib/python3.8/site-packages/airflow/example_dags/example_bash_operator.py
[2023-09-14T17:44:01.842+0100] {processor.py:829} INFO - Processing file /home/joestar/Documents/projects/airflow_etl/airflow_env/lib/python3.8/site-packages/airflow/example_dags/example_bash_operator.py for tasks to queue
[2023-09-14T17:44:01.843+0100] {logging_mixin.py:151} INFO - [2023-09-14T17:44:01.843+0100] {dagbag.py:539} INFO - Filling up the DagBag from /home/joestar/Documents/projects/airflow_etl/airflow_env/lib/python3.8/site-packages/airflow/example_dags/example_bash_operator.py
[2023-09-14T17:44:01.856+0100] {processor.py:839} INFO - DAG(s) dict_keys(['example_bash_operator']) retrieved from /home/joestar/Documents/projects/airflow_etl/airflow_env/lib/python3.8/site-packages/airflow/example_dags/example_bash_operator.py
[2023-09-14T17:44:01.881+0100] {logging_mixin.py:151} INFO - [2023-09-14T17:44:01.881+0100] {dag.py:2915} INFO - Sync 1 DAGs
[2023-09-14T17:44:01.902+0100] {logging_mixin.py:151} INFO - [2023-09-14T17:44:01.902+0100] {dag.py:3696} INFO - Setting next_dagrun for example_bash_operator to 2023-09-13T00:00:00+00:00, run_after=2023-09-14T00:00:00+00:00
[2023-09-14T17:44:01.932+0100] {processor.py:179} INFO - Processing /home/joestar/Documents/projects/airflow_etl/airflow_env/lib/python3.8/site-packages/airflow/example_dags/example_bash_operator.py took 0.094 seconds
[2023-09-14T17:45:04.365+0100] {processor.py:157} INFO - Started process (PID=34853) to work on /home/joestar/Documents/projects/airflow_etl/airflow_env/lib/python3.8/site-packages/airflow/example_dags/example_bash_operator.py
[2023-09-14T17:45:04.366+0100] {processor.py:829} INFO - Processing file /home/joestar/Documents/projects/airflow_etl/airflow_env/lib/python3.8/site-packages/airflow/example_dags/example_bash_operator.py for tasks to queue
[2023-09-14T17:45:04.367+0100] {logging_mixin.py:151} INFO - [2023-09-14T17:45:04.367+0100] {dagbag.py:539} INFO - Filling up the DagBag from /home/joestar/Documents/projects/airflow_etl/airflow_env/lib/python3.8/site-packages/airflow/example_dags/example_bash_operator.py
[2023-09-14T17:45:04.379+0100] {processor.py:839} INFO - DAG(s) dict_keys(['example_bash_operator']) retrieved from /home/joestar/Documents/projects/airflow_etl/airflow_env/lib/python3.8/site-packages/airflow/example_dags/example_bash_operator.py
[2023-09-14T17:45:04.405+0100] {logging_mixin.py:151} INFO - [2023-09-14T17:45:04.405+0100] {dag.py:2915} INFO - Sync 1 DAGs
[2023-09-14T17:45:04.430+0100] {logging_mixin.py:151} INFO - [2023-09-14T17:45:04.430+0100] {dag.py:3696} INFO - Setting next_dagrun for example_bash_operator to 2023-09-13T00:00:00+00:00, run_after=2023-09-14T00:00:00+00:00
[2023-09-14T17:45:04.459+0100] {processor.py:179} INFO - Processing /home/joestar/Documents/projects/airflow_etl/airflow_env/lib/python3.8/site-packages/airflow/example_dags/example_bash_operator.py took 0.096 seconds
[2023-09-14T17:46:05.081+0100] {processor.py:157} INFO - Started process (PID=35116) to work on /home/joestar/Documents/projects/airflow_etl/airflow_env/lib/python3.8/site-packages/airflow/example_dags/example_bash_operator.py
[2023-09-14T17:46:05.098+0100] {processor.py:829} INFO - Processing file /home/joestar/Documents/projects/airflow_etl/airflow_env/lib/python3.8/site-packages/airflow/example_dags/example_bash_operator.py for tasks to queue
[2023-09-14T17:46:05.100+0100] {logging_mixin.py:151} INFO - [2023-09-14T17:46:05.099+0100] {dagbag.py:539} INFO - Filling up the DagBag from /home/joestar/Documents/projects/airflow_etl/airflow_env/lib/python3.8/site-packages/airflow/example_dags/example_bash_operator.py
[2023-09-14T17:46:05.122+0100] {processor.py:839} INFO - DAG(s) dict_keys(['example_bash_operator']) retrieved from /home/joestar/Documents/projects/airflow_etl/airflow_env/lib/python3.8/site-packages/airflow/example_dags/example_bash_operator.py
[2023-09-14T17:46:05.176+0100] {logging_mixin.py:151} INFO - [2023-09-14T17:46:05.175+0100] {dag.py:2915} INFO - Sync 1 DAGs
[2023-09-14T17:46:05.217+0100] {logging_mixin.py:151} INFO - [2023-09-14T17:46:05.216+0100] {dag.py:3696} INFO - Setting next_dagrun for example_bash_operator to 2023-09-13T00:00:00+00:00, run_after=2023-09-14T00:00:00+00:00
[2023-09-14T17:46:05.252+0100] {processor.py:179} INFO - Processing /home/joestar/Documents/projects/airflow_etl/airflow_env/lib/python3.8/site-packages/airflow/example_dags/example_bash_operator.py took 0.182 seconds
[2023-09-14T17:47:13.058+0100] {processor.py:157} INFO - Started process (PID=35397) to work on /home/joestar/Documents/projects/airflow_etl/airflow_env/lib/python3.8/site-packages/airflow/example_dags/example_bash_operator.py
[2023-09-14T17:47:13.059+0100] {processor.py:829} INFO - Processing file /home/joestar/Documents/projects/airflow_etl/airflow_env/lib/python3.8/site-packages/airflow/example_dags/example_bash_operator.py for tasks to queue
[2023-09-14T17:47:13.060+0100] {logging_mixin.py:151} INFO - [2023-09-14T17:47:13.060+0100] {dagbag.py:539} INFO - Filling up the DagBag from /home/joestar/Documents/projects/airflow_etl/airflow_env/lib/python3.8/site-packages/airflow/example_dags/example_bash_operator.py
[2023-09-14T17:47:13.085+0100] {processor.py:839} INFO - DAG(s) dict_keys(['example_bash_operator']) retrieved from /home/joestar/Documents/projects/airflow_etl/airflow_env/lib/python3.8/site-packages/airflow/example_dags/example_bash_operator.py
[2023-09-14T17:47:13.150+0100] {logging_mixin.py:151} INFO - [2023-09-14T17:47:13.149+0100] {dag.py:2915} INFO - Sync 1 DAGs
[2023-09-14T17:47:13.186+0100] {logging_mixin.py:151} INFO - [2023-09-14T17:47:13.186+0100] {dag.py:3696} INFO - Setting next_dagrun for example_bash_operator to 2023-09-13T00:00:00+00:00, run_after=2023-09-14T00:00:00+00:00
[2023-09-14T17:47:13.225+0100] {processor.py:179} INFO - Processing /home/joestar/Documents/projects/airflow_etl/airflow_env/lib/python3.8/site-packages/airflow/example_dags/example_bash_operator.py took 0.180 seconds
[2023-09-14T17:48:10.810+0100] {processor.py:157} INFO - Started process (PID=35627) to work on /home/joestar/Documents/projects/airflow_etl/airflow_env/lib/python3.8/site-packages/airflow/example_dags/example_bash_operator.py
[2023-09-14T17:48:10.814+0100] {processor.py:829} INFO - Processing file /home/joestar/Documents/projects/airflow_etl/airflow_env/lib/python3.8/site-packages/airflow/example_dags/example_bash_operator.py for tasks to queue
[2023-09-14T17:48:10.816+0100] {logging_mixin.py:151} INFO - [2023-09-14T17:48:10.815+0100] {dagbag.py:539} INFO - Filling up the DagBag from /home/joestar/Documents/projects/airflow_etl/airflow_env/lib/python3.8/site-packages/airflow/example_dags/example_bash_operator.py
[2023-09-14T17:48:10.844+0100] {processor.py:839} INFO - DAG(s) dict_keys(['example_bash_operator']) retrieved from /home/joestar/Documents/projects/airflow_etl/airflow_env/lib/python3.8/site-packages/airflow/example_dags/example_bash_operator.py
[2023-09-14T17:48:10.902+0100] {logging_mixin.py:151} INFO - [2023-09-14T17:48:10.901+0100] {dag.py:2915} INFO - Sync 1 DAGs
[2023-09-14T17:48:10.940+0100] {logging_mixin.py:151} INFO - [2023-09-14T17:48:10.939+0100] {dag.py:3696} INFO - Setting next_dagrun for example_bash_operator to 2023-09-13T00:00:00+00:00, run_after=2023-09-14T00:00:00+00:00
[2023-09-14T17:48:10.975+0100] {processor.py:179} INFO - Processing /home/joestar/Documents/projects/airflow_etl/airflow_env/lib/python3.8/site-packages/airflow/example_dags/example_bash_operator.py took 0.173 seconds
[2023-09-14T17:49:14.102+0100] {processor.py:157} INFO - Started process (PID=35875) to work on /home/joestar/Documents/projects/airflow_etl/airflow_env/lib/python3.8/site-packages/airflow/example_dags/example_bash_operator.py
[2023-09-14T17:49:14.103+0100] {processor.py:829} INFO - Processing file /home/joestar/Documents/projects/airflow_etl/airflow_env/lib/python3.8/site-packages/airflow/example_dags/example_bash_operator.py for tasks to queue
[2023-09-14T17:49:14.104+0100] {logging_mixin.py:151} INFO - [2023-09-14T17:49:14.103+0100] {dagbag.py:539} INFO - Filling up the DagBag from /home/joestar/Documents/projects/airflow_etl/airflow_env/lib/python3.8/site-packages/airflow/example_dags/example_bash_operator.py
[2023-09-14T17:49:14.119+0100] {processor.py:839} INFO - DAG(s) dict_keys(['example_bash_operator']) retrieved from /home/joestar/Documents/projects/airflow_etl/airflow_env/lib/python3.8/site-packages/airflow/example_dags/example_bash_operator.py
[2023-09-14T17:49:14.158+0100] {logging_mixin.py:151} INFO - [2023-09-14T17:49:14.158+0100] {dag.py:2915} INFO - Sync 1 DAGs
[2023-09-14T17:49:14.178+0100] {logging_mixin.py:151} INFO - [2023-09-14T17:49:14.178+0100] {dag.py:3696} INFO - Setting next_dagrun for example_bash_operator to 2023-09-13T00:00:00+00:00, run_after=2023-09-14T00:00:00+00:00
[2023-09-14T17:49:14.224+0100] {processor.py:179} INFO - Processing /home/joestar/Documents/projects/airflow_etl/airflow_env/lib/python3.8/site-packages/airflow/example_dags/example_bash_operator.py took 0.125 seconds
[2023-09-14T17:50:16.804+0100] {processor.py:157} INFO - Started process (PID=36145) to work on /home/joestar/Documents/projects/airflow_etl/airflow_env/lib/python3.8/site-packages/airflow/example_dags/example_bash_operator.py
[2023-09-14T17:50:16.805+0100] {processor.py:829} INFO - Processing file /home/joestar/Documents/projects/airflow_etl/airflow_env/lib/python3.8/site-packages/airflow/example_dags/example_bash_operator.py for tasks to queue
[2023-09-14T17:50:16.806+0100] {logging_mixin.py:151} INFO - [2023-09-14T17:50:16.805+0100] {dagbag.py:539} INFO - Filling up the DagBag from /home/joestar/Documents/projects/airflow_etl/airflow_env/lib/python3.8/site-packages/airflow/example_dags/example_bash_operator.py
[2023-09-14T17:50:16.820+0100] {processor.py:839} INFO - DAG(s) dict_keys(['example_bash_operator']) retrieved from /home/joestar/Documents/projects/airflow_etl/airflow_env/lib/python3.8/site-packages/airflow/example_dags/example_bash_operator.py
[2023-09-14T17:50:16.848+0100] {logging_mixin.py:151} INFO - [2023-09-14T17:50:16.848+0100] {dag.py:2915} INFO - Sync 1 DAGs
[2023-09-14T17:50:16.870+0100] {logging_mixin.py:151} INFO - [2023-09-14T17:50:16.870+0100] {dag.py:3696} INFO - Setting next_dagrun for example_bash_operator to 2023-09-13T00:00:00+00:00, run_after=2023-09-14T00:00:00+00:00
[2023-09-14T17:50:16.899+0100] {processor.py:179} INFO - Processing /home/joestar/Documents/projects/airflow_etl/airflow_env/lib/python3.8/site-packages/airflow/example_dags/example_bash_operator.py took 0.098 seconds
[2023-09-14T17:51:16.827+0100] {processor.py:157} INFO - Started process (PID=36426) to work on /home/joestar/Documents/projects/airflow_etl/airflow_env/lib/python3.8/site-packages/airflow/example_dags/example_bash_operator.py
[2023-09-14T17:51:16.828+0100] {processor.py:829} INFO - Processing file /home/joestar/Documents/projects/airflow_etl/airflow_env/lib/python3.8/site-packages/airflow/example_dags/example_bash_operator.py for tasks to queue
[2023-09-14T17:51:16.829+0100] {logging_mixin.py:151} INFO - [2023-09-14T17:51:16.829+0100] {dagbag.py:539} INFO - Filling up the DagBag from /home/joestar/Documents/projects/airflow_etl/airflow_env/lib/python3.8/site-packages/airflow/example_dags/example_bash_operator.py
[2023-09-14T17:51:16.840+0100] {processor.py:839} INFO - DAG(s) dict_keys(['example_bash_operator']) retrieved from /home/joestar/Documents/projects/airflow_etl/airflow_env/lib/python3.8/site-packages/airflow/example_dags/example_bash_operator.py
[2023-09-14T17:51:16.870+0100] {logging_mixin.py:151} INFO - [2023-09-14T17:51:16.869+0100] {dag.py:2915} INFO - Sync 1 DAGs
[2023-09-14T17:51:16.891+0100] {logging_mixin.py:151} INFO - [2023-09-14T17:51:16.891+0100] {dag.py:3696} INFO - Setting next_dagrun for example_bash_operator to 2023-09-13T00:00:00+00:00, run_after=2023-09-14T00:00:00+00:00
[2023-09-14T17:51:16.918+0100] {processor.py:179} INFO - Processing /home/joestar/Documents/projects/airflow_etl/airflow_env/lib/python3.8/site-packages/airflow/example_dags/example_bash_operator.py took 0.094 seconds
[2023-09-14T17:52:13.709+0100] {processor.py:157} INFO - Started process (PID=36673) to work on /home/joestar/Documents/projects/airflow_etl/airflow_env/lib/python3.8/site-packages/airflow/example_dags/example_bash_operator.py
[2023-09-14T17:52:13.710+0100] {processor.py:829} INFO - Processing file /home/joestar/Documents/projects/airflow_etl/airflow_env/lib/python3.8/site-packages/airflow/example_dags/example_bash_operator.py for tasks to queue
[2023-09-14T17:52:13.711+0100] {logging_mixin.py:151} INFO - [2023-09-14T17:52:13.711+0100] {dagbag.py:539} INFO - Filling up the DagBag from /home/joestar/Documents/projects/airflow_etl/airflow_env/lib/python3.8/site-packages/airflow/example_dags/example_bash_operator.py
[2023-09-14T17:52:13.727+0100] {processor.py:839} INFO - DAG(s) dict_keys(['example_bash_operator']) retrieved from /home/joestar/Documents/projects/airflow_etl/airflow_env/lib/python3.8/site-packages/airflow/example_dags/example_bash_operator.py
[2023-09-14T17:52:13.756+0100] {logging_mixin.py:151} INFO - [2023-09-14T17:52:13.756+0100] {dag.py:2915} INFO - Sync 1 DAGs
[2023-09-14T17:52:13.777+0100] {logging_mixin.py:151} INFO - [2023-09-14T17:52:13.777+0100] {dag.py:3696} INFO - Setting next_dagrun for example_bash_operator to 2023-09-13T00:00:00+00:00, run_after=2023-09-14T00:00:00+00:00
[2023-09-14T17:52:13.802+0100] {processor.py:179} INFO - Processing /home/joestar/Documents/projects/airflow_etl/airflow_env/lib/python3.8/site-packages/airflow/example_dags/example_bash_operator.py took 0.096 seconds
[2023-09-14T17:53:10.575+0100] {processor.py:157} INFO - Started process (PID=36931) to work on /home/joestar/Documents/projects/airflow_etl/airflow_env/lib/python3.8/site-packages/airflow/example_dags/example_bash_operator.py
[2023-09-14T17:53:10.575+0100] {processor.py:829} INFO - Processing file /home/joestar/Documents/projects/airflow_etl/airflow_env/lib/python3.8/site-packages/airflow/example_dags/example_bash_operator.py for tasks to queue
[2023-09-14T17:53:10.576+0100] {logging_mixin.py:151} INFO - [2023-09-14T17:53:10.576+0100] {dagbag.py:539} INFO - Filling up the DagBag from /home/joestar/Documents/projects/airflow_etl/airflow_env/lib/python3.8/site-packages/airflow/example_dags/example_bash_operator.py
[2023-09-14T17:53:10.590+0100] {processor.py:839} INFO - DAG(s) dict_keys(['example_bash_operator']) retrieved from /home/joestar/Documents/projects/airflow_etl/airflow_env/lib/python3.8/site-packages/airflow/example_dags/example_bash_operator.py
[2023-09-14T17:53:10.633+0100] {logging_mixin.py:151} INFO - [2023-09-14T17:53:10.633+0100] {dag.py:2915} INFO - Sync 1 DAGs
[2023-09-14T17:53:10.669+0100] {logging_mixin.py:151} INFO - [2023-09-14T17:53:10.669+0100] {dag.py:3696} INFO - Setting next_dagrun for example_bash_operator to 2023-09-13T00:00:00+00:00, run_after=2023-09-14T00:00:00+00:00
[2023-09-14T17:53:10.705+0100] {processor.py:179} INFO - Processing /home/joestar/Documents/projects/airflow_etl/airflow_env/lib/python3.8/site-packages/airflow/example_dags/example_bash_operator.py took 0.133 seconds
[2023-09-14T18:03:38.368+0100] {processor.py:157} INFO - Started process (PID=38862) to work on /home/joestar/Documents/projects/airflow_etl/airflow_env/lib/python3.8/site-packages/airflow/example_dags/example_bash_operator.py
[2023-09-14T18:03:38.369+0100] {processor.py:829} INFO - Processing file /home/joestar/Documents/projects/airflow_etl/airflow_env/lib/python3.8/site-packages/airflow/example_dags/example_bash_operator.py for tasks to queue
[2023-09-14T18:03:38.370+0100] {logging_mixin.py:151} INFO - [2023-09-14T18:03:38.369+0100] {dagbag.py:539} INFO - Filling up the DagBag from /home/joestar/Documents/projects/airflow_etl/airflow_env/lib/python3.8/site-packages/airflow/example_dags/example_bash_operator.py
[2023-09-14T18:03:38.382+0100] {processor.py:839} INFO - DAG(s) dict_keys(['example_bash_operator']) retrieved from /home/joestar/Documents/projects/airflow_etl/airflow_env/lib/python3.8/site-packages/airflow/example_dags/example_bash_operator.py
[2023-09-14T18:03:38.415+0100] {logging_mixin.py:151} INFO - [2023-09-14T18:03:38.415+0100] {dag.py:2915} INFO - Sync 1 DAGs
[2023-09-14T18:03:38.452+0100] {logging_mixin.py:151} INFO - [2023-09-14T18:03:38.451+0100] {dag.py:3696} INFO - Setting next_dagrun for example_bash_operator to 2023-09-13T00:00:00+00:00, run_after=2023-09-14T00:00:00+00:00
[2023-09-14T18:03:38.498+0100] {processor.py:179} INFO - Processing /home/joestar/Documents/projects/airflow_etl/airflow_env/lib/python3.8/site-packages/airflow/example_dags/example_bash_operator.py took 0.133 seconds
[2023-09-14T18:04:41.771+0100] {processor.py:157} INFO - Started process (PID=39155) to work on /home/joestar/Documents/projects/airflow_etl/airflow_env/lib/python3.8/site-packages/airflow/example_dags/example_bash_operator.py
[2023-09-14T18:04:41.772+0100] {processor.py:829} INFO - Processing file /home/joestar/Documents/projects/airflow_etl/airflow_env/lib/python3.8/site-packages/airflow/example_dags/example_bash_operator.py for tasks to queue
[2023-09-14T18:04:41.773+0100] {logging_mixin.py:151} INFO - [2023-09-14T18:04:41.773+0100] {dagbag.py:539} INFO - Filling up the DagBag from /home/joestar/Documents/projects/airflow_etl/airflow_env/lib/python3.8/site-packages/airflow/example_dags/example_bash_operator.py
[2023-09-14T18:04:41.783+0100] {processor.py:839} INFO - DAG(s) dict_keys(['example_bash_operator']) retrieved from /home/joestar/Documents/projects/airflow_etl/airflow_env/lib/python3.8/site-packages/airflow/example_dags/example_bash_operator.py
[2023-09-14T18:04:41.807+0100] {logging_mixin.py:151} INFO - [2023-09-14T18:04:41.807+0100] {dag.py:2915} INFO - Sync 1 DAGs
[2023-09-14T18:04:41.827+0100] {logging_mixin.py:151} INFO - [2023-09-14T18:04:41.826+0100] {dag.py:3696} INFO - Setting next_dagrun for example_bash_operator to 2023-09-13T00:00:00+00:00, run_after=2023-09-14T00:00:00+00:00
[2023-09-14T18:04:41.850+0100] {processor.py:179} INFO - Processing /home/joestar/Documents/projects/airflow_etl/airflow_env/lib/python3.8/site-packages/airflow/example_dags/example_bash_operator.py took 0.082 seconds
