[2023-09-14T17:12:16.314+0100] {processor.py:157} INFO - Started process (PID=24329) to work on /home/joestar/Documents/projects/airflow_etl/airflow_env/lib/python3.8/site-packages/airflow/example_dags/example_latest_only_with_trigger.py
[2023-09-14T17:12:16.314+0100] {processor.py:829} INFO - Processing file /home/joestar/Documents/projects/airflow_etl/airflow_env/lib/python3.8/site-packages/airflow/example_dags/example_latest_only_with_trigger.py for tasks to queue
[2023-09-14T17:12:16.315+0100] {logging_mixin.py:151} INFO - [2023-09-14T17:12:16.315+0100] {dagbag.py:539} INFO - Filling up the DagBag from /home/joestar/Documents/projects/airflow_etl/airflow_env/lib/python3.8/site-packages/airflow/example_dags/example_latest_only_with_trigger.py
[2023-09-14T17:12:16.322+0100] {processor.py:839} INFO - DAG(s) dict_keys(['latest_only_with_trigger']) retrieved from /home/joestar/Documents/projects/airflow_etl/airflow_env/lib/python3.8/site-packages/airflow/example_dags/example_latest_only_with_trigger.py
[2023-09-14T17:12:16.433+0100] {logging_mixin.py:151} INFO - [2023-09-14T17:12:16.433+0100] {manager.py:499} INFO - Created Permission View: %s
[2023-09-14T17:12:16.450+0100] {logging_mixin.py:151} INFO - [2023-09-14T17:12:16.449+0100] {manager.py:499} INFO - Created Permission View: %s
[2023-09-14T17:12:16.478+0100] {logging_mixin.py:151} INFO - [2023-09-14T17:12:16.477+0100] {manager.py:499} INFO - Created Permission View: %s
[2023-09-14T17:12:16.478+0100] {logging_mixin.py:151} INFO - [2023-09-14T17:12:16.478+0100] {security.py:708} INFO - Not syncing DAG-level permissions for DAG 'DAG:latest_only_with_trigger' as access control is unset.
[2023-09-14T17:12:16.479+0100] {logging_mixin.py:151} INFO - [2023-09-14T17:12:16.478+0100] {dag.py:2915} INFO - Sync 1 DAGs
[2023-09-14T17:12:16.494+0100] {logging_mixin.py:151} INFO - [2023-09-14T17:12:16.494+0100] {dag.py:2937} INFO - Creating ORM DAG for latest_only_with_trigger
[2023-09-14T17:12:16.503+0100] {logging_mixin.py:151} INFO - [2023-09-14T17:12:16.502+0100] {dag.py:3696} INFO - Setting next_dagrun for latest_only_with_trigger to 2023-09-14T12:12:16.502802+00:00, run_after=2023-09-14T16:12:16.502802+00:00
[2023-09-14T17:12:16.545+0100] {processor.py:179} INFO - Processing /home/joestar/Documents/projects/airflow_etl/airflow_env/lib/python3.8/site-packages/airflow/example_dags/example_latest_only_with_trigger.py took 0.236 seconds
[2023-09-14T17:13:10.042+0100] {processor.py:157} INFO - Started process (PID=24759) to work on /home/joestar/Documents/projects/airflow_etl/airflow_env/lib/python3.8/site-packages/airflow/example_dags/example_latest_only_with_trigger.py
[2023-09-14T17:13:10.044+0100] {processor.py:829} INFO - Processing file /home/joestar/Documents/projects/airflow_etl/airflow_env/lib/python3.8/site-packages/airflow/example_dags/example_latest_only_with_trigger.py for tasks to queue
[2023-09-14T17:13:10.046+0100] {logging_mixin.py:151} INFO - [2023-09-14T17:13:10.045+0100] {dagbag.py:539} INFO - Filling up the DagBag from /home/joestar/Documents/projects/airflow_etl/airflow_env/lib/python3.8/site-packages/airflow/example_dags/example_latest_only_with_trigger.py
[2023-09-14T17:13:10.055+0100] {processor.py:839} INFO - DAG(s) dict_keys(['latest_only_with_trigger']) retrieved from /home/joestar/Documents/projects/airflow_etl/airflow_env/lib/python3.8/site-packages/airflow/example_dags/example_latest_only_with_trigger.py
[2023-09-14T17:13:10.080+0100] {logging_mixin.py:151} INFO - [2023-09-14T17:13:10.079+0100] {dag.py:2915} INFO - Sync 1 DAGs
[2023-09-14T17:13:10.105+0100] {logging_mixin.py:151} INFO - [2023-09-14T17:13:10.105+0100] {dag.py:3696} INFO - Setting next_dagrun for latest_only_with_trigger to 2023-09-14T12:13:10.104814+00:00, run_after=2023-09-14T16:13:10.104814+00:00
[2023-09-14T17:13:10.130+0100] {processor.py:179} INFO - Processing /home/joestar/Documents/projects/airflow_etl/airflow_env/lib/python3.8/site-packages/airflow/example_dags/example_latest_only_with_trigger.py took 0.092 seconds
[2023-09-14T17:13:58.945+0100] {processor.py:157} INFO - Started process (PID=25078) to work on /home/joestar/Documents/projects/airflow_etl/airflow_env/lib/python3.8/site-packages/airflow/example_dags/example_latest_only_with_trigger.py
[2023-09-14T17:13:58.946+0100] {processor.py:829} INFO - Processing file /home/joestar/Documents/projects/airflow_etl/airflow_env/lib/python3.8/site-packages/airflow/example_dags/example_latest_only_with_trigger.py for tasks to queue
[2023-09-14T17:13:58.947+0100] {logging_mixin.py:151} INFO - [2023-09-14T17:13:58.947+0100] {dagbag.py:539} INFO - Filling up the DagBag from /home/joestar/Documents/projects/airflow_etl/airflow_env/lib/python3.8/site-packages/airflow/example_dags/example_latest_only_with_trigger.py
[2023-09-14T17:13:58.954+0100] {processor.py:839} INFO - DAG(s) dict_keys(['latest_only_with_trigger']) retrieved from /home/joestar/Documents/projects/airflow_etl/airflow_env/lib/python3.8/site-packages/airflow/example_dags/example_latest_only_with_trigger.py
[2023-09-14T17:13:58.968+0100] {logging_mixin.py:151} INFO - [2023-09-14T17:13:58.968+0100] {dag.py:2915} INFO - Sync 1 DAGs
[2023-09-14T17:13:58.988+0100] {logging_mixin.py:151} INFO - [2023-09-14T17:13:58.988+0100] {dag.py:3696} INFO - Setting next_dagrun for latest_only_with_trigger to 2023-09-14T12:13:58.988427+00:00, run_after=2023-09-14T16:13:58.988427+00:00
[2023-09-14T17:13:59.021+0100] {processor.py:179} INFO - Processing /home/joestar/Documents/projects/airflow_etl/airflow_env/lib/python3.8/site-packages/airflow/example_dags/example_latest_only_with_trigger.py took 0.079 seconds
[2023-09-14T17:14:43.858+0100] {processor.py:157} INFO - Started process (PID=25414) to work on /home/joestar/Documents/projects/airflow_etl/airflow_env/lib/python3.8/site-packages/airflow/example_dags/example_latest_only_with_trigger.py
[2023-09-14T17:14:43.860+0100] {processor.py:829} INFO - Processing file /home/joestar/Documents/projects/airflow_etl/airflow_env/lib/python3.8/site-packages/airflow/example_dags/example_latest_only_with_trigger.py for tasks to queue
[2023-09-14T17:14:43.862+0100] {logging_mixin.py:151} INFO - [2023-09-14T17:14:43.861+0100] {dagbag.py:539} INFO - Filling up the DagBag from /home/joestar/Documents/projects/airflow_etl/airflow_env/lib/python3.8/site-packages/airflow/example_dags/example_latest_only_with_trigger.py
[2023-09-14T17:14:43.874+0100] {processor.py:839} INFO - DAG(s) dict_keys(['latest_only_with_trigger']) retrieved from /home/joestar/Documents/projects/airflow_etl/airflow_env/lib/python3.8/site-packages/airflow/example_dags/example_latest_only_with_trigger.py
[2023-09-14T17:14:43.892+0100] {logging_mixin.py:151} INFO - [2023-09-14T17:14:43.891+0100] {dag.py:2915} INFO - Sync 1 DAGs
[2023-09-14T17:14:43.908+0100] {logging_mixin.py:151} INFO - [2023-09-14T17:14:43.907+0100] {dag.py:3696} INFO - Setting next_dagrun for latest_only_with_trigger to 2023-09-14T12:14:43.907715+00:00, run_after=2023-09-14T16:14:43.907715+00:00
[2023-09-14T17:14:43.944+0100] {processor.py:179} INFO - Processing /home/joestar/Documents/projects/airflow_etl/airflow_env/lib/python3.8/site-packages/airflow/example_dags/example_latest_only_with_trigger.py took 0.091 seconds
[2023-09-14T17:15:39.355+0100] {processor.py:157} INFO - Started process (PID=25971) to work on /home/joestar/Documents/projects/airflow_etl/airflow_env/lib/python3.8/site-packages/airflow/example_dags/example_latest_only_with_trigger.py
[2023-09-14T17:15:39.356+0100] {processor.py:829} INFO - Processing file /home/joestar/Documents/projects/airflow_etl/airflow_env/lib/python3.8/site-packages/airflow/example_dags/example_latest_only_with_trigger.py for tasks to queue
[2023-09-14T17:15:39.357+0100] {logging_mixin.py:151} INFO - [2023-09-14T17:15:39.357+0100] {dagbag.py:539} INFO - Filling up the DagBag from /home/joestar/Documents/projects/airflow_etl/airflow_env/lib/python3.8/site-packages/airflow/example_dags/example_latest_only_with_trigger.py
[2023-09-14T17:15:39.366+0100] {processor.py:839} INFO - DAG(s) dict_keys(['latest_only_with_trigger']) retrieved from /home/joestar/Documents/projects/airflow_etl/airflow_env/lib/python3.8/site-packages/airflow/example_dags/example_latest_only_with_trigger.py
[2023-09-14T17:15:39.399+0100] {logging_mixin.py:151} INFO - [2023-09-14T17:15:39.398+0100] {dag.py:2915} INFO - Sync 1 DAGs
[2023-09-14T17:15:39.430+0100] {logging_mixin.py:151} INFO - [2023-09-14T17:15:39.430+0100] {dag.py:3696} INFO - Setting next_dagrun for latest_only_with_trigger to 2023-09-14T12:15:39.429691+00:00, run_after=2023-09-14T16:15:39.429691+00:00
[2023-09-14T17:15:39.468+0100] {processor.py:179} INFO - Processing /home/joestar/Documents/projects/airflow_etl/airflow_env/lib/python3.8/site-packages/airflow/example_dags/example_latest_only_with_trigger.py took 0.118 seconds
[2023-09-14T17:16:33.577+0100] {processor.py:157} INFO - Started process (PID=26221) to work on /home/joestar/Documents/projects/airflow_etl/airflow_env/lib/python3.8/site-packages/airflow/example_dags/example_latest_only_with_trigger.py
[2023-09-14T17:16:33.580+0100] {processor.py:829} INFO - Processing file /home/joestar/Documents/projects/airflow_etl/airflow_env/lib/python3.8/site-packages/airflow/example_dags/example_latest_only_with_trigger.py for tasks to queue
[2023-09-14T17:16:33.581+0100] {logging_mixin.py:151} INFO - [2023-09-14T17:16:33.581+0100] {dagbag.py:539} INFO - Filling up the DagBag from /home/joestar/Documents/projects/airflow_etl/airflow_env/lib/python3.8/site-packages/airflow/example_dags/example_latest_only_with_trigger.py
[2023-09-14T17:16:33.598+0100] {processor.py:839} INFO - DAG(s) dict_keys(['latest_only_with_trigger']) retrieved from /home/joestar/Documents/projects/airflow_etl/airflow_env/lib/python3.8/site-packages/airflow/example_dags/example_latest_only_with_trigger.py
[2023-09-14T17:16:33.622+0100] {logging_mixin.py:151} INFO - [2023-09-14T17:16:33.622+0100] {dag.py:2915} INFO - Sync 1 DAGs
[2023-09-14T17:16:33.650+0100] {logging_mixin.py:151} INFO - [2023-09-14T17:16:33.650+0100] {dag.py:3696} INFO - Setting next_dagrun for latest_only_with_trigger to 2023-09-14T12:16:33.650114+00:00, run_after=2023-09-14T16:16:33.650114+00:00
[2023-09-14T17:16:33.700+0100] {processor.py:179} INFO - Processing /home/joestar/Documents/projects/airflow_etl/airflow_env/lib/python3.8/site-packages/airflow/example_dags/example_latest_only_with_trigger.py took 0.129 seconds
[2023-09-14T17:17:23.769+0100] {processor.py:157} INFO - Started process (PID=26466) to work on /home/joestar/Documents/projects/airflow_etl/airflow_env/lib/python3.8/site-packages/airflow/example_dags/example_latest_only_with_trigger.py
[2023-09-14T17:17:23.770+0100] {processor.py:829} INFO - Processing file /home/joestar/Documents/projects/airflow_etl/airflow_env/lib/python3.8/site-packages/airflow/example_dags/example_latest_only_with_trigger.py for tasks to queue
[2023-09-14T17:17:23.772+0100] {logging_mixin.py:151} INFO - [2023-09-14T17:17:23.771+0100] {dagbag.py:539} INFO - Filling up the DagBag from /home/joestar/Documents/projects/airflow_etl/airflow_env/lib/python3.8/site-packages/airflow/example_dags/example_latest_only_with_trigger.py
[2023-09-14T17:17:23.781+0100] {processor.py:839} INFO - DAG(s) dict_keys(['latest_only_with_trigger']) retrieved from /home/joestar/Documents/projects/airflow_etl/airflow_env/lib/python3.8/site-packages/airflow/example_dags/example_latest_only_with_trigger.py
[2023-09-14T17:17:23.801+0100] {logging_mixin.py:151} INFO - [2023-09-14T17:17:23.801+0100] {dag.py:2915} INFO - Sync 1 DAGs
[2023-09-14T17:17:23.834+0100] {logging_mixin.py:151} INFO - [2023-09-14T17:17:23.834+0100] {dag.py:3696} INFO - Setting next_dagrun for latest_only_with_trigger to 2023-09-14T12:17:23.833997+00:00, run_after=2023-09-14T16:17:23.833997+00:00
[2023-09-14T17:17:23.870+0100] {processor.py:179} INFO - Processing /home/joestar/Documents/projects/airflow_etl/airflow_env/lib/python3.8/site-packages/airflow/example_dags/example_latest_only_with_trigger.py took 0.104 seconds
[2023-09-14T17:18:13.368+0100] {processor.py:157} INFO - Started process (PID=26755) to work on /home/joestar/Documents/projects/airflow_etl/airflow_env/lib/python3.8/site-packages/airflow/example_dags/example_latest_only_with_trigger.py
[2023-09-14T17:18:13.369+0100] {processor.py:829} INFO - Processing file /home/joestar/Documents/projects/airflow_etl/airflow_env/lib/python3.8/site-packages/airflow/example_dags/example_latest_only_with_trigger.py for tasks to queue
[2023-09-14T17:18:13.370+0100] {logging_mixin.py:151} INFO - [2023-09-14T17:18:13.369+0100] {dagbag.py:539} INFO - Filling up the DagBag from /home/joestar/Documents/projects/airflow_etl/airflow_env/lib/python3.8/site-packages/airflow/example_dags/example_latest_only_with_trigger.py
[2023-09-14T17:18:13.378+0100] {processor.py:839} INFO - DAG(s) dict_keys(['latest_only_with_trigger']) retrieved from /home/joestar/Documents/projects/airflow_etl/airflow_env/lib/python3.8/site-packages/airflow/example_dags/example_latest_only_with_trigger.py
[2023-09-14T17:18:13.398+0100] {logging_mixin.py:151} INFO - [2023-09-14T17:18:13.398+0100] {dag.py:2915} INFO - Sync 1 DAGs
[2023-09-14T17:18:13.425+0100] {logging_mixin.py:151} INFO - [2023-09-14T17:18:13.425+0100] {dag.py:3696} INFO - Setting next_dagrun for latest_only_with_trigger to 2023-09-14T12:18:13.424846+00:00, run_after=2023-09-14T16:18:13.424846+00:00
[2023-09-14T17:18:13.454+0100] {processor.py:179} INFO - Processing /home/joestar/Documents/projects/airflow_etl/airflow_env/lib/python3.8/site-packages/airflow/example_dags/example_latest_only_with_trigger.py took 0.090 seconds
[2023-09-14T17:19:07.326+0100] {processor.py:157} INFO - Started process (PID=27207) to work on /home/joestar/Documents/projects/airflow_etl/airflow_env/lib/python3.8/site-packages/airflow/example_dags/example_latest_only_with_trigger.py
[2023-09-14T17:19:07.327+0100] {processor.py:829} INFO - Processing file /home/joestar/Documents/projects/airflow_etl/airflow_env/lib/python3.8/site-packages/airflow/example_dags/example_latest_only_with_trigger.py for tasks to queue
[2023-09-14T17:19:07.328+0100] {logging_mixin.py:151} INFO - [2023-09-14T17:19:07.328+0100] {dagbag.py:539} INFO - Filling up the DagBag from /home/joestar/Documents/projects/airflow_etl/airflow_env/lib/python3.8/site-packages/airflow/example_dags/example_latest_only_with_trigger.py
[2023-09-14T17:19:07.345+0100] {processor.py:839} INFO - DAG(s) dict_keys(['latest_only_with_trigger']) retrieved from /home/joestar/Documents/projects/airflow_etl/airflow_env/lib/python3.8/site-packages/airflow/example_dags/example_latest_only_with_trigger.py
[2023-09-14T17:19:07.362+0100] {logging_mixin.py:151} INFO - [2023-09-14T17:19:07.362+0100] {dag.py:2915} INFO - Sync 1 DAGs
[2023-09-14T17:19:07.386+0100] {logging_mixin.py:151} INFO - [2023-09-14T17:19:07.385+0100] {dag.py:3696} INFO - Setting next_dagrun for latest_only_with_trigger to 2023-09-14T12:19:07.385743+00:00, run_after=2023-09-14T16:19:07.385743+00:00
[2023-09-14T17:19:07.414+0100] {processor.py:179} INFO - Processing /home/joestar/Documents/projects/airflow_etl/airflow_env/lib/python3.8/site-packages/airflow/example_dags/example_latest_only_with_trigger.py took 0.092 seconds
[2023-09-14T17:19:48.196+0100] {processor.py:157} INFO - Started process (PID=27400) to work on /home/joestar/Documents/projects/airflow_etl/airflow_env/lib/python3.8/site-packages/airflow/example_dags/example_latest_only_with_trigger.py
[2023-09-14T17:19:48.197+0100] {processor.py:829} INFO - Processing file /home/joestar/Documents/projects/airflow_etl/airflow_env/lib/python3.8/site-packages/airflow/example_dags/example_latest_only_with_trigger.py for tasks to queue
[2023-09-14T17:19:48.198+0100] {logging_mixin.py:151} INFO - [2023-09-14T17:19:48.197+0100] {dagbag.py:539} INFO - Filling up the DagBag from /home/joestar/Documents/projects/airflow_etl/airflow_env/lib/python3.8/site-packages/airflow/example_dags/example_latest_only_with_trigger.py
[2023-09-14T17:19:48.204+0100] {processor.py:839} INFO - DAG(s) dict_keys(['latest_only_with_trigger']) retrieved from /home/joestar/Documents/projects/airflow_etl/airflow_env/lib/python3.8/site-packages/airflow/example_dags/example_latest_only_with_trigger.py
[2023-09-14T17:19:48.220+0100] {logging_mixin.py:151} INFO - [2023-09-14T17:19:48.220+0100] {dag.py:2915} INFO - Sync 1 DAGs
[2023-09-14T17:19:48.239+0100] {logging_mixin.py:151} INFO - [2023-09-14T17:19:48.239+0100] {dag.py:3696} INFO - Setting next_dagrun for latest_only_with_trigger to 2023-09-14T12:19:48.239528+00:00, run_after=2023-09-14T16:19:48.239528+00:00
[2023-09-14T17:19:48.264+0100] {processor.py:179} INFO - Processing /home/joestar/Documents/projects/airflow_etl/airflow_env/lib/python3.8/site-packages/airflow/example_dags/example_latest_only_with_trigger.py took 0.070 seconds
[2023-09-14T17:20:38.989+0100] {processor.py:157} INFO - Started process (PID=27604) to work on /home/joestar/Documents/projects/airflow_etl/airflow_env/lib/python3.8/site-packages/airflow/example_dags/example_latest_only_with_trigger.py
[2023-09-14T17:20:38.990+0100] {processor.py:829} INFO - Processing file /home/joestar/Documents/projects/airflow_etl/airflow_env/lib/python3.8/site-packages/airflow/example_dags/example_latest_only_with_trigger.py for tasks to queue
[2023-09-14T17:20:38.991+0100] {logging_mixin.py:151} INFO - [2023-09-14T17:20:38.991+0100] {dagbag.py:539} INFO - Filling up the DagBag from /home/joestar/Documents/projects/airflow_etl/airflow_env/lib/python3.8/site-packages/airflow/example_dags/example_latest_only_with_trigger.py
[2023-09-14T17:20:38.998+0100] {processor.py:839} INFO - DAG(s) dict_keys(['latest_only_with_trigger']) retrieved from /home/joestar/Documents/projects/airflow_etl/airflow_env/lib/python3.8/site-packages/airflow/example_dags/example_latest_only_with_trigger.py
[2023-09-14T17:20:39.012+0100] {logging_mixin.py:151} INFO - [2023-09-14T17:20:39.012+0100] {dag.py:2915} INFO - Sync 1 DAGs
[2023-09-14T17:20:39.037+0100] {logging_mixin.py:151} INFO - [2023-09-14T17:20:39.037+0100] {dag.py:3696} INFO - Setting next_dagrun for latest_only_with_trigger to 2023-09-14T12:20:39.036813+00:00, run_after=2023-09-14T16:20:39.036813+00:00
[2023-09-14T17:20:39.072+0100] {processor.py:179} INFO - Processing /home/joestar/Documents/projects/airflow_etl/airflow_env/lib/python3.8/site-packages/airflow/example_dags/example_latest_only_with_trigger.py took 0.085 seconds
[2023-09-14T17:21:29.916+0100] {processor.py:157} INFO - Started process (PID=27836) to work on /home/joestar/Documents/projects/airflow_etl/airflow_env/lib/python3.8/site-packages/airflow/example_dags/example_latest_only_with_trigger.py
[2023-09-14T17:21:29.917+0100] {processor.py:829} INFO - Processing file /home/joestar/Documents/projects/airflow_etl/airflow_env/lib/python3.8/site-packages/airflow/example_dags/example_latest_only_with_trigger.py for tasks to queue
[2023-09-14T17:21:29.918+0100] {logging_mixin.py:151} INFO - [2023-09-14T17:21:29.918+0100] {dagbag.py:539} INFO - Filling up the DagBag from /home/joestar/Documents/projects/airflow_etl/airflow_env/lib/python3.8/site-packages/airflow/example_dags/example_latest_only_with_trigger.py
[2023-09-14T17:21:29.927+0100] {processor.py:839} INFO - DAG(s) dict_keys(['latest_only_with_trigger']) retrieved from /home/joestar/Documents/projects/airflow_etl/airflow_env/lib/python3.8/site-packages/airflow/example_dags/example_latest_only_with_trigger.py
[2023-09-14T17:21:29.950+0100] {logging_mixin.py:151} INFO - [2023-09-14T17:21:29.949+0100] {dag.py:2915} INFO - Sync 1 DAGs
[2023-09-14T17:21:29.979+0100] {logging_mixin.py:151} INFO - [2023-09-14T17:21:29.979+0100] {dag.py:3696} INFO - Setting next_dagrun for latest_only_with_trigger to 2023-09-14T12:21:29.978987+00:00, run_after=2023-09-14T16:21:29.978987+00:00
[2023-09-14T17:21:30.010+0100] {processor.py:179} INFO - Processing /home/joestar/Documents/projects/airflow_etl/airflow_env/lib/python3.8/site-packages/airflow/example_dags/example_latest_only_with_trigger.py took 0.098 seconds
[2023-09-14T17:22:22.997+0100] {processor.py:157} INFO - Started process (PID=28054) to work on /home/joestar/Documents/projects/airflow_etl/airflow_env/lib/python3.8/site-packages/airflow/example_dags/example_latest_only_with_trigger.py
[2023-09-14T17:22:22.999+0100] {processor.py:829} INFO - Processing file /home/joestar/Documents/projects/airflow_etl/airflow_env/lib/python3.8/site-packages/airflow/example_dags/example_latest_only_with_trigger.py for tasks to queue
[2023-09-14T17:22:23.000+0100] {logging_mixin.py:151} INFO - [2023-09-14T17:22:22.999+0100] {dagbag.py:539} INFO - Filling up the DagBag from /home/joestar/Documents/projects/airflow_etl/airflow_env/lib/python3.8/site-packages/airflow/example_dags/example_latest_only_with_trigger.py
[2023-09-14T17:22:23.008+0100] {processor.py:839} INFO - DAG(s) dict_keys(['latest_only_with_trigger']) retrieved from /home/joestar/Documents/projects/airflow_etl/airflow_env/lib/python3.8/site-packages/airflow/example_dags/example_latest_only_with_trigger.py
[2023-09-14T17:22:23.029+0100] {logging_mixin.py:151} INFO - [2023-09-14T17:22:23.028+0100] {dag.py:2915} INFO - Sync 1 DAGs
[2023-09-14T17:22:23.056+0100] {logging_mixin.py:151} INFO - [2023-09-14T17:22:23.056+0100] {dag.py:3696} INFO - Setting next_dagrun for latest_only_with_trigger to 2023-09-14T12:22:23.056371+00:00, run_after=2023-09-14T16:22:23.056371+00:00
[2023-09-14T17:22:23.089+0100] {processor.py:179} INFO - Processing /home/joestar/Documents/projects/airflow_etl/airflow_env/lib/python3.8/site-packages/airflow/example_dags/example_latest_only_with_trigger.py took 0.095 seconds
[2023-09-14T17:23:01.940+0100] {processor.py:157} INFO - Started process (PID=28236) to work on /home/joestar/Documents/projects/airflow_etl/airflow_env/lib/python3.8/site-packages/airflow/example_dags/example_latest_only_with_trigger.py
[2023-09-14T17:23:01.941+0100] {processor.py:829} INFO - Processing file /home/joestar/Documents/projects/airflow_etl/airflow_env/lib/python3.8/site-packages/airflow/example_dags/example_latest_only_with_trigger.py for tasks to queue
[2023-09-14T17:23:01.942+0100] {logging_mixin.py:151} INFO - [2023-09-14T17:23:01.941+0100] {dagbag.py:539} INFO - Filling up the DagBag from /home/joestar/Documents/projects/airflow_etl/airflow_env/lib/python3.8/site-packages/airflow/example_dags/example_latest_only_with_trigger.py
[2023-09-14T17:23:01.950+0100] {processor.py:839} INFO - DAG(s) dict_keys(['latest_only_with_trigger']) retrieved from /home/joestar/Documents/projects/airflow_etl/airflow_env/lib/python3.8/site-packages/airflow/example_dags/example_latest_only_with_trigger.py
[2023-09-14T17:23:01.967+0100] {logging_mixin.py:151} INFO - [2023-09-14T17:23:01.967+0100] {dag.py:2915} INFO - Sync 1 DAGs
[2023-09-14T17:23:01.995+0100] {logging_mixin.py:151} INFO - [2023-09-14T17:23:01.995+0100] {dag.py:3696} INFO - Setting next_dagrun for latest_only_with_trigger to 2023-09-14T12:23:01.994657+00:00, run_after=2023-09-14T16:23:01.994657+00:00
[2023-09-14T17:23:02.028+0100] {processor.py:179} INFO - Processing /home/joestar/Documents/projects/airflow_etl/airflow_env/lib/python3.8/site-packages/airflow/example_dags/example_latest_only_with_trigger.py took 0.092 seconds
[2023-09-14T17:23:58.072+0100] {processor.py:157} INFO - Started process (PID=28496) to work on /home/joestar/Documents/projects/airflow_etl/airflow_env/lib/python3.8/site-packages/airflow/example_dags/example_latest_only_with_trigger.py
[2023-09-14T17:23:58.073+0100] {processor.py:829} INFO - Processing file /home/joestar/Documents/projects/airflow_etl/airflow_env/lib/python3.8/site-packages/airflow/example_dags/example_latest_only_with_trigger.py for tasks to queue
[2023-09-14T17:23:58.074+0100] {logging_mixin.py:151} INFO - [2023-09-14T17:23:58.074+0100] {dagbag.py:539} INFO - Filling up the DagBag from /home/joestar/Documents/projects/airflow_etl/airflow_env/lib/python3.8/site-packages/airflow/example_dags/example_latest_only_with_trigger.py
[2023-09-14T17:23:58.082+0100] {processor.py:839} INFO - DAG(s) dict_keys(['latest_only_with_trigger']) retrieved from /home/joestar/Documents/projects/airflow_etl/airflow_env/lib/python3.8/site-packages/airflow/example_dags/example_latest_only_with_trigger.py
[2023-09-14T17:23:58.098+0100] {logging_mixin.py:151} INFO - [2023-09-14T17:23:58.098+0100] {dag.py:2915} INFO - Sync 1 DAGs
[2023-09-14T17:23:58.116+0100] {logging_mixin.py:151} INFO - [2023-09-14T17:23:58.115+0100] {dag.py:3696} INFO - Setting next_dagrun for latest_only_with_trigger to 2023-09-14T12:23:58.115714+00:00, run_after=2023-09-14T16:23:58.115714+00:00
[2023-09-14T17:23:58.140+0100] {processor.py:179} INFO - Processing /home/joestar/Documents/projects/airflow_etl/airflow_env/lib/python3.8/site-packages/airflow/example_dags/example_latest_only_with_trigger.py took 0.070 seconds
[2023-09-14T17:24:39.733+0100] {processor.py:157} INFO - Started process (PID=28658) to work on /home/joestar/Documents/projects/airflow_etl/airflow_env/lib/python3.8/site-packages/airflow/example_dags/example_latest_only_with_trigger.py
[2023-09-14T17:24:39.734+0100] {processor.py:829} INFO - Processing file /home/joestar/Documents/projects/airflow_etl/airflow_env/lib/python3.8/site-packages/airflow/example_dags/example_latest_only_with_trigger.py for tasks to queue
[2023-09-14T17:24:39.735+0100] {logging_mixin.py:151} INFO - [2023-09-14T17:24:39.734+0100] {dagbag.py:539} INFO - Filling up the DagBag from /home/joestar/Documents/projects/airflow_etl/airflow_env/lib/python3.8/site-packages/airflow/example_dags/example_latest_only_with_trigger.py
[2023-09-14T17:24:39.743+0100] {processor.py:839} INFO - DAG(s) dict_keys(['latest_only_with_trigger']) retrieved from /home/joestar/Documents/projects/airflow_etl/airflow_env/lib/python3.8/site-packages/airflow/example_dags/example_latest_only_with_trigger.py
[2023-09-14T17:24:39.765+0100] {logging_mixin.py:151} INFO - [2023-09-14T17:24:39.765+0100] {dag.py:2915} INFO - Sync 1 DAGs
[2023-09-14T17:24:39.796+0100] {logging_mixin.py:151} INFO - [2023-09-14T17:24:39.796+0100] {dag.py:3696} INFO - Setting next_dagrun for latest_only_with_trigger to 2023-09-14T12:24:39.795850+00:00, run_after=2023-09-14T16:24:39.795850+00:00
[2023-09-14T17:24:39.828+0100] {processor.py:179} INFO - Processing /home/joestar/Documents/projects/airflow_etl/airflow_env/lib/python3.8/site-packages/airflow/example_dags/example_latest_only_with_trigger.py took 0.098 seconds
[2023-09-14T17:25:36.470+0100] {processor.py:157} INFO - Started process (PID=28886) to work on /home/joestar/Documents/projects/airflow_etl/airflow_env/lib/python3.8/site-packages/airflow/example_dags/example_latest_only_with_trigger.py
[2023-09-14T17:25:36.471+0100] {processor.py:829} INFO - Processing file /home/joestar/Documents/projects/airflow_etl/airflow_env/lib/python3.8/site-packages/airflow/example_dags/example_latest_only_with_trigger.py for tasks to queue
[2023-09-14T17:25:36.472+0100] {logging_mixin.py:151} INFO - [2023-09-14T17:25:36.472+0100] {dagbag.py:539} INFO - Filling up the DagBag from /home/joestar/Documents/projects/airflow_etl/airflow_env/lib/python3.8/site-packages/airflow/example_dags/example_latest_only_with_trigger.py
[2023-09-14T17:25:36.482+0100] {processor.py:839} INFO - DAG(s) dict_keys(['latest_only_with_trigger']) retrieved from /home/joestar/Documents/projects/airflow_etl/airflow_env/lib/python3.8/site-packages/airflow/example_dags/example_latest_only_with_trigger.py
[2023-09-14T17:25:36.498+0100] {logging_mixin.py:151} INFO - [2023-09-14T17:25:36.498+0100] {dag.py:2915} INFO - Sync 1 DAGs
[2023-09-14T17:25:36.517+0100] {logging_mixin.py:151} INFO - [2023-09-14T17:25:36.517+0100] {dag.py:3696} INFO - Setting next_dagrun for latest_only_with_trigger to 2023-09-14T12:25:36.516977+00:00, run_after=2023-09-14T16:25:36.516977+00:00
[2023-09-14T17:25:36.554+0100] {processor.py:179} INFO - Processing /home/joestar/Documents/projects/airflow_etl/airflow_env/lib/python3.8/site-packages/airflow/example_dags/example_latest_only_with_trigger.py took 0.087 seconds
[2023-09-14T17:26:30.347+0100] {processor.py:157} INFO - Started process (PID=29126) to work on /home/joestar/Documents/projects/airflow_etl/airflow_env/lib/python3.8/site-packages/airflow/example_dags/example_latest_only_with_trigger.py
[2023-09-14T17:26:30.348+0100] {processor.py:829} INFO - Processing file /home/joestar/Documents/projects/airflow_etl/airflow_env/lib/python3.8/site-packages/airflow/example_dags/example_latest_only_with_trigger.py for tasks to queue
[2023-09-14T17:26:30.349+0100] {logging_mixin.py:151} INFO - [2023-09-14T17:26:30.349+0100] {dagbag.py:539} INFO - Filling up the DagBag from /home/joestar/Documents/projects/airflow_etl/airflow_env/lib/python3.8/site-packages/airflow/example_dags/example_latest_only_with_trigger.py
[2023-09-14T17:26:30.358+0100] {processor.py:839} INFO - DAG(s) dict_keys(['latest_only_with_trigger']) retrieved from /home/joestar/Documents/projects/airflow_etl/airflow_env/lib/python3.8/site-packages/airflow/example_dags/example_latest_only_with_trigger.py
[2023-09-14T17:26:30.378+0100] {logging_mixin.py:151} INFO - [2023-09-14T17:26:30.377+0100] {dag.py:2915} INFO - Sync 1 DAGs
[2023-09-14T17:26:30.396+0100] {logging_mixin.py:151} INFO - [2023-09-14T17:26:30.396+0100] {dag.py:3696} INFO - Setting next_dagrun for latest_only_with_trigger to 2023-09-14T12:26:30.395980+00:00, run_after=2023-09-14T16:26:30.395980+00:00
[2023-09-14T17:26:30.423+0100] {processor.py:179} INFO - Processing /home/joestar/Documents/projects/airflow_etl/airflow_env/lib/python3.8/site-packages/airflow/example_dags/example_latest_only_with_trigger.py took 0.079 seconds
[2023-09-14T17:27:22.167+0100] {processor.py:157} INFO - Started process (PID=29359) to work on /home/joestar/Documents/projects/airflow_etl/airflow_env/lib/python3.8/site-packages/airflow/example_dags/example_latest_only_with_trigger.py
[2023-09-14T17:27:22.168+0100] {processor.py:829} INFO - Processing file /home/joestar/Documents/projects/airflow_etl/airflow_env/lib/python3.8/site-packages/airflow/example_dags/example_latest_only_with_trigger.py for tasks to queue
[2023-09-14T17:27:22.169+0100] {logging_mixin.py:151} INFO - [2023-09-14T17:27:22.168+0100] {dagbag.py:539} INFO - Filling up the DagBag from /home/joestar/Documents/projects/airflow_etl/airflow_env/lib/python3.8/site-packages/airflow/example_dags/example_latest_only_with_trigger.py
[2023-09-14T17:27:22.175+0100] {processor.py:839} INFO - DAG(s) dict_keys(['latest_only_with_trigger']) retrieved from /home/joestar/Documents/projects/airflow_etl/airflow_env/lib/python3.8/site-packages/airflow/example_dags/example_latest_only_with_trigger.py
[2023-09-14T17:27:22.190+0100] {logging_mixin.py:151} INFO - [2023-09-14T17:27:22.190+0100] {dag.py:2915} INFO - Sync 1 DAGs
[2023-09-14T17:27:22.208+0100] {logging_mixin.py:151} INFO - [2023-09-14T17:27:22.208+0100] {dag.py:3696} INFO - Setting next_dagrun for latest_only_with_trigger to 2023-09-14T12:27:22.208114+00:00, run_after=2023-09-14T16:27:22.208114+00:00
[2023-09-14T17:27:22.234+0100] {processor.py:179} INFO - Processing /home/joestar/Documents/projects/airflow_etl/airflow_env/lib/python3.8/site-packages/airflow/example_dags/example_latest_only_with_trigger.py took 0.070 seconds
[2023-09-14T17:28:18.905+0100] {processor.py:157} INFO - Started process (PID=29615) to work on /home/joestar/Documents/projects/airflow_etl/airflow_env/lib/python3.8/site-packages/airflow/example_dags/example_latest_only_with_trigger.py
[2023-09-14T17:28:18.906+0100] {processor.py:829} INFO - Processing file /home/joestar/Documents/projects/airflow_etl/airflow_env/lib/python3.8/site-packages/airflow/example_dags/example_latest_only_with_trigger.py for tasks to queue
[2023-09-14T17:28:18.907+0100] {logging_mixin.py:151} INFO - [2023-09-14T17:28:18.906+0100] {dagbag.py:539} INFO - Filling up the DagBag from /home/joestar/Documents/projects/airflow_etl/airflow_env/lib/python3.8/site-packages/airflow/example_dags/example_latest_only_with_trigger.py
[2023-09-14T17:28:18.913+0100] {processor.py:839} INFO - DAG(s) dict_keys(['latest_only_with_trigger']) retrieved from /home/joestar/Documents/projects/airflow_etl/airflow_env/lib/python3.8/site-packages/airflow/example_dags/example_latest_only_with_trigger.py
[2023-09-14T17:28:18.932+0100] {logging_mixin.py:151} INFO - [2023-09-14T17:28:18.931+0100] {dag.py:2915} INFO - Sync 1 DAGs
[2023-09-14T17:28:18.959+0100] {logging_mixin.py:151} INFO - [2023-09-14T17:28:18.958+0100] {dag.py:3696} INFO - Setting next_dagrun for latest_only_with_trigger to 2023-09-14T12:28:18.958529+00:00, run_after=2023-09-14T16:28:18.958529+00:00
[2023-09-14T17:28:18.993+0100] {processor.py:179} INFO - Processing /home/joestar/Documents/projects/airflow_etl/airflow_env/lib/python3.8/site-packages/airflow/example_dags/example_latest_only_with_trigger.py took 0.091 seconds
[2023-09-14T17:29:09.897+0100] {processor.py:157} INFO - Started process (PID=29867) to work on /home/joestar/Documents/projects/airflow_etl/airflow_env/lib/python3.8/site-packages/airflow/example_dags/example_latest_only_with_trigger.py
[2023-09-14T17:29:09.898+0100] {processor.py:829} INFO - Processing file /home/joestar/Documents/projects/airflow_etl/airflow_env/lib/python3.8/site-packages/airflow/example_dags/example_latest_only_with_trigger.py for tasks to queue
[2023-09-14T17:29:09.899+0100] {logging_mixin.py:151} INFO - [2023-09-14T17:29:09.898+0100] {dagbag.py:539} INFO - Filling up the DagBag from /home/joestar/Documents/projects/airflow_etl/airflow_env/lib/python3.8/site-packages/airflow/example_dags/example_latest_only_with_trigger.py
[2023-09-14T17:29:09.905+0100] {processor.py:839} INFO - DAG(s) dict_keys(['latest_only_with_trigger']) retrieved from /home/joestar/Documents/projects/airflow_etl/airflow_env/lib/python3.8/site-packages/airflow/example_dags/example_latest_only_with_trigger.py
[2023-09-14T17:29:09.919+0100] {logging_mixin.py:151} INFO - [2023-09-14T17:29:09.919+0100] {dag.py:2915} INFO - Sync 1 DAGs
[2023-09-14T17:29:09.938+0100] {logging_mixin.py:151} INFO - [2023-09-14T17:29:09.938+0100] {dag.py:3696} INFO - Setting next_dagrun for latest_only_with_trigger to 2023-09-14T12:29:09.938487+00:00, run_after=2023-09-14T16:29:09.938487+00:00
[2023-09-14T17:29:09.964+0100] {processor.py:179} INFO - Processing /home/joestar/Documents/projects/airflow_etl/airflow_env/lib/python3.8/site-packages/airflow/example_dags/example_latest_only_with_trigger.py took 0.070 seconds
[2023-09-14T17:30:01.764+0100] {processor.py:157} INFO - Started process (PID=30111) to work on /home/joestar/Documents/projects/airflow_etl/airflow_env/lib/python3.8/site-packages/airflow/example_dags/example_latest_only_with_trigger.py
[2023-09-14T17:30:01.766+0100] {processor.py:829} INFO - Processing file /home/joestar/Documents/projects/airflow_etl/airflow_env/lib/python3.8/site-packages/airflow/example_dags/example_latest_only_with_trigger.py for tasks to queue
[2023-09-14T17:30:01.767+0100] {logging_mixin.py:151} INFO - [2023-09-14T17:30:01.767+0100] {dagbag.py:539} INFO - Filling up the DagBag from /home/joestar/Documents/projects/airflow_etl/airflow_env/lib/python3.8/site-packages/airflow/example_dags/example_latest_only_with_trigger.py
[2023-09-14T17:30:01.776+0100] {processor.py:839} INFO - DAG(s) dict_keys(['latest_only_with_trigger']) retrieved from /home/joestar/Documents/projects/airflow_etl/airflow_env/lib/python3.8/site-packages/airflow/example_dags/example_latest_only_with_trigger.py
[2023-09-14T17:30:01.798+0100] {logging_mixin.py:151} INFO - [2023-09-14T17:30:01.798+0100] {dag.py:2915} INFO - Sync 1 DAGs
[2023-09-14T17:30:01.855+0100] {logging_mixin.py:151} INFO - [2023-09-14T17:30:01.854+0100] {dag.py:3696} INFO - Setting next_dagrun for latest_only_with_trigger to 2023-09-14T12:30:01.854573+00:00, run_after=2023-09-14T16:30:01.854573+00:00
[2023-09-14T17:30:01.897+0100] {processor.py:179} INFO - Processing /home/joestar/Documents/projects/airflow_etl/airflow_env/lib/python3.8/site-packages/airflow/example_dags/example_latest_only_with_trigger.py took 0.137 seconds
[2023-09-14T17:30:55.030+0100] {processor.py:157} INFO - Started process (PID=30332) to work on /home/joestar/Documents/projects/airflow_etl/airflow_env/lib/python3.8/site-packages/airflow/example_dags/example_latest_only_with_trigger.py
[2023-09-14T17:30:55.031+0100] {processor.py:829} INFO - Processing file /home/joestar/Documents/projects/airflow_etl/airflow_env/lib/python3.8/site-packages/airflow/example_dags/example_latest_only_with_trigger.py for tasks to queue
[2023-09-14T17:30:55.032+0100] {logging_mixin.py:151} INFO - [2023-09-14T17:30:55.032+0100] {dagbag.py:539} INFO - Filling up the DagBag from /home/joestar/Documents/projects/airflow_etl/airflow_env/lib/python3.8/site-packages/airflow/example_dags/example_latest_only_with_trigger.py
[2023-09-14T17:30:55.039+0100] {processor.py:839} INFO - DAG(s) dict_keys(['latest_only_with_trigger']) retrieved from /home/joestar/Documents/projects/airflow_etl/airflow_env/lib/python3.8/site-packages/airflow/example_dags/example_latest_only_with_trigger.py
[2023-09-14T17:30:55.054+0100] {logging_mixin.py:151} INFO - [2023-09-14T17:30:55.053+0100] {dag.py:2915} INFO - Sync 1 DAGs
[2023-09-14T17:30:55.074+0100] {logging_mixin.py:151} INFO - [2023-09-14T17:30:55.074+0100] {dag.py:3696} INFO - Setting next_dagrun for latest_only_with_trigger to 2023-09-14T12:30:55.073848+00:00, run_after=2023-09-14T16:30:55.073848+00:00
[2023-09-14T17:30:55.104+0100] {processor.py:179} INFO - Processing /home/joestar/Documents/projects/airflow_etl/airflow_env/lib/python3.8/site-packages/airflow/example_dags/example_latest_only_with_trigger.py took 0.076 seconds
[2023-09-14T17:31:43.202+0100] {processor.py:157} INFO - Started process (PID=30560) to work on /home/joestar/Documents/projects/airflow_etl/airflow_env/lib/python3.8/site-packages/airflow/example_dags/example_latest_only_with_trigger.py
[2023-09-14T17:31:43.205+0100] {processor.py:829} INFO - Processing file /home/joestar/Documents/projects/airflow_etl/airflow_env/lib/python3.8/site-packages/airflow/example_dags/example_latest_only_with_trigger.py for tasks to queue
[2023-09-14T17:31:43.208+0100] {logging_mixin.py:151} INFO - [2023-09-14T17:31:43.207+0100] {dagbag.py:539} INFO - Filling up the DagBag from /home/joestar/Documents/projects/airflow_etl/airflow_env/lib/python3.8/site-packages/airflow/example_dags/example_latest_only_with_trigger.py
[2023-09-14T17:31:43.223+0100] {processor.py:839} INFO - DAG(s) dict_keys(['latest_only_with_trigger']) retrieved from /home/joestar/Documents/projects/airflow_etl/airflow_env/lib/python3.8/site-packages/airflow/example_dags/example_latest_only_with_trigger.py
[2023-09-14T17:31:43.241+0100] {logging_mixin.py:151} INFO - [2023-09-14T17:31:43.241+0100] {dag.py:2915} INFO - Sync 1 DAGs
[2023-09-14T17:31:43.267+0100] {logging_mixin.py:151} INFO - [2023-09-14T17:31:43.267+0100] {dag.py:3696} INFO - Setting next_dagrun for latest_only_with_trigger to 2023-09-14T12:31:43.267053+00:00, run_after=2023-09-14T16:31:43.267053+00:00
[2023-09-14T17:31:43.294+0100] {processor.py:179} INFO - Processing /home/joestar/Documents/projects/airflow_etl/airflow_env/lib/python3.8/site-packages/airflow/example_dags/example_latest_only_with_trigger.py took 0.100 seconds
[2023-09-14T17:32:36.093+0100] {processor.py:157} INFO - Started process (PID=30799) to work on /home/joestar/Documents/projects/airflow_etl/airflow_env/lib/python3.8/site-packages/airflow/example_dags/example_latest_only_with_trigger.py
[2023-09-14T17:32:36.095+0100] {processor.py:829} INFO - Processing file /home/joestar/Documents/projects/airflow_etl/airflow_env/lib/python3.8/site-packages/airflow/example_dags/example_latest_only_with_trigger.py for tasks to queue
[2023-09-14T17:32:36.096+0100] {logging_mixin.py:151} INFO - [2023-09-14T17:32:36.096+0100] {dagbag.py:539} INFO - Filling up the DagBag from /home/joestar/Documents/projects/airflow_etl/airflow_env/lib/python3.8/site-packages/airflow/example_dags/example_latest_only_with_trigger.py
[2023-09-14T17:32:36.104+0100] {processor.py:839} INFO - DAG(s) dict_keys(['latest_only_with_trigger']) retrieved from /home/joestar/Documents/projects/airflow_etl/airflow_env/lib/python3.8/site-packages/airflow/example_dags/example_latest_only_with_trigger.py
[2023-09-14T17:32:36.120+0100] {logging_mixin.py:151} INFO - [2023-09-14T17:32:36.120+0100] {dag.py:2915} INFO - Sync 1 DAGs
[2023-09-14T17:32:36.140+0100] {logging_mixin.py:151} INFO - [2023-09-14T17:32:36.140+0100] {dag.py:3696} INFO - Setting next_dagrun for latest_only_with_trigger to 2023-09-14T12:32:36.140088+00:00, run_after=2023-09-14T16:32:36.140088+00:00
[2023-09-14T17:32:36.167+0100] {processor.py:179} INFO - Processing /home/joestar/Documents/projects/airflow_etl/airflow_env/lib/python3.8/site-packages/airflow/example_dags/example_latest_only_with_trigger.py took 0.079 seconds
[2023-09-14T17:33:28.842+0100] {processor.py:157} INFO - Started process (PID=31038) to work on /home/joestar/Documents/projects/airflow_etl/airflow_env/lib/python3.8/site-packages/airflow/example_dags/example_latest_only_with_trigger.py
[2023-09-14T17:33:28.843+0100] {processor.py:829} INFO - Processing file /home/joestar/Documents/projects/airflow_etl/airflow_env/lib/python3.8/site-packages/airflow/example_dags/example_latest_only_with_trigger.py for tasks to queue
[2023-09-14T17:33:28.843+0100] {logging_mixin.py:151} INFO - [2023-09-14T17:33:28.843+0100] {dagbag.py:539} INFO - Filling up the DagBag from /home/joestar/Documents/projects/airflow_etl/airflow_env/lib/python3.8/site-packages/airflow/example_dags/example_latest_only_with_trigger.py
[2023-09-14T17:33:28.851+0100] {processor.py:839} INFO - DAG(s) dict_keys(['latest_only_with_trigger']) retrieved from /home/joestar/Documents/projects/airflow_etl/airflow_env/lib/python3.8/site-packages/airflow/example_dags/example_latest_only_with_trigger.py
[2023-09-14T17:33:28.871+0100] {logging_mixin.py:151} INFO - [2023-09-14T17:33:28.871+0100] {dag.py:2915} INFO - Sync 1 DAGs
[2023-09-14T17:33:28.900+0100] {logging_mixin.py:151} INFO - [2023-09-14T17:33:28.900+0100] {dag.py:3696} INFO - Setting next_dagrun for latest_only_with_trigger to 2023-09-14T12:33:28.899690+00:00, run_after=2023-09-14T16:33:28.899690+00:00
[2023-09-14T17:33:28.937+0100] {processor.py:179} INFO - Processing /home/joestar/Documents/projects/airflow_etl/airflow_env/lib/python3.8/site-packages/airflow/example_dags/example_latest_only_with_trigger.py took 0.098 seconds
[2023-09-14T17:34:22.974+0100] {processor.py:157} INFO - Started process (PID=31286) to work on /home/joestar/Documents/projects/airflow_etl/airflow_env/lib/python3.8/site-packages/airflow/example_dags/example_latest_only_with_trigger.py
[2023-09-14T17:34:22.975+0100] {processor.py:829} INFO - Processing file /home/joestar/Documents/projects/airflow_etl/airflow_env/lib/python3.8/site-packages/airflow/example_dags/example_latest_only_with_trigger.py for tasks to queue
[2023-09-14T17:34:22.977+0100] {logging_mixin.py:151} INFO - [2023-09-14T17:34:22.976+0100] {dagbag.py:539} INFO - Filling up the DagBag from /home/joestar/Documents/projects/airflow_etl/airflow_env/lib/python3.8/site-packages/airflow/example_dags/example_latest_only_with_trigger.py
[2023-09-14T17:34:22.985+0100] {processor.py:839} INFO - DAG(s) dict_keys(['latest_only_with_trigger']) retrieved from /home/joestar/Documents/projects/airflow_etl/airflow_env/lib/python3.8/site-packages/airflow/example_dags/example_latest_only_with_trigger.py
[2023-09-14T17:34:23.001+0100] {logging_mixin.py:151} INFO - [2023-09-14T17:34:23.000+0100] {dag.py:2915} INFO - Sync 1 DAGs
[2023-09-14T17:34:23.021+0100] {logging_mixin.py:151} INFO - [2023-09-14T17:34:23.020+0100] {dag.py:3696} INFO - Setting next_dagrun for latest_only_with_trigger to 2023-09-14T12:34:23.020483+00:00, run_after=2023-09-14T16:34:23.020483+00:00
[2023-09-14T17:34:23.052+0100] {processor.py:179} INFO - Processing /home/joestar/Documents/projects/airflow_etl/airflow_env/lib/python3.8/site-packages/airflow/example_dags/example_latest_only_with_trigger.py took 0.082 seconds
[2023-09-14T17:35:13.057+0100] {processor.py:157} INFO - Started process (PID=31537) to work on /home/joestar/Documents/projects/airflow_etl/airflow_env/lib/python3.8/site-packages/airflow/example_dags/example_latest_only_with_trigger.py
[2023-09-14T17:35:13.058+0100] {processor.py:829} INFO - Processing file /home/joestar/Documents/projects/airflow_etl/airflow_env/lib/python3.8/site-packages/airflow/example_dags/example_latest_only_with_trigger.py for tasks to queue
[2023-09-14T17:35:13.058+0100] {logging_mixin.py:151} INFO - [2023-09-14T17:35:13.058+0100] {dagbag.py:539} INFO - Filling up the DagBag from /home/joestar/Documents/projects/airflow_etl/airflow_env/lib/python3.8/site-packages/airflow/example_dags/example_latest_only_with_trigger.py
[2023-09-14T17:35:13.065+0100] {processor.py:839} INFO - DAG(s) dict_keys(['latest_only_with_trigger']) retrieved from /home/joestar/Documents/projects/airflow_etl/airflow_env/lib/python3.8/site-packages/airflow/example_dags/example_latest_only_with_trigger.py
[2023-09-14T17:35:13.079+0100] {logging_mixin.py:151} INFO - [2023-09-14T17:35:13.079+0100] {dag.py:2915} INFO - Sync 1 DAGs
[2023-09-14T17:35:13.100+0100] {logging_mixin.py:151} INFO - [2023-09-14T17:35:13.100+0100] {dag.py:3696} INFO - Setting next_dagrun for latest_only_with_trigger to 2023-09-14T12:35:13.099835+00:00, run_after=2023-09-14T16:35:13.099835+00:00
[2023-09-14T17:35:13.125+0100] {processor.py:179} INFO - Processing /home/joestar/Documents/projects/airflow_etl/airflow_env/lib/python3.8/site-packages/airflow/example_dags/example_latest_only_with_trigger.py took 0.071 seconds
[2023-09-14T17:36:06.123+0100] {processor.py:157} INFO - Started process (PID=31773) to work on /home/joestar/Documents/projects/airflow_etl/airflow_env/lib/python3.8/site-packages/airflow/example_dags/example_latest_only_with_trigger.py
[2023-09-14T17:36:06.124+0100] {processor.py:829} INFO - Processing file /home/joestar/Documents/projects/airflow_etl/airflow_env/lib/python3.8/site-packages/airflow/example_dags/example_latest_only_with_trigger.py for tasks to queue
[2023-09-14T17:36:06.125+0100] {logging_mixin.py:151} INFO - [2023-09-14T17:36:06.125+0100] {dagbag.py:539} INFO - Filling up the DagBag from /home/joestar/Documents/projects/airflow_etl/airflow_env/lib/python3.8/site-packages/airflow/example_dags/example_latest_only_with_trigger.py
[2023-09-14T17:36:06.131+0100] {processor.py:839} INFO - DAG(s) dict_keys(['latest_only_with_trigger']) retrieved from /home/joestar/Documents/projects/airflow_etl/airflow_env/lib/python3.8/site-packages/airflow/example_dags/example_latest_only_with_trigger.py
[2023-09-14T17:36:06.145+0100] {logging_mixin.py:151} INFO - [2023-09-14T17:36:06.145+0100] {dag.py:2915} INFO - Sync 1 DAGs
[2023-09-14T17:36:06.164+0100] {logging_mixin.py:151} INFO - [2023-09-14T17:36:06.164+0100] {dag.py:3696} INFO - Setting next_dagrun for latest_only_with_trigger to 2023-09-14T12:36:06.164423+00:00, run_after=2023-09-14T16:36:06.164423+00:00
[2023-09-14T17:36:06.189+0100] {processor.py:179} INFO - Processing /home/joestar/Documents/projects/airflow_etl/airflow_env/lib/python3.8/site-packages/airflow/example_dags/example_latest_only_with_trigger.py took 0.068 seconds
[2023-09-14T17:36:57.698+0100] {processor.py:157} INFO - Started process (PID=31992) to work on /home/joestar/Documents/projects/airflow_etl/airflow_env/lib/python3.8/site-packages/airflow/example_dags/example_latest_only_with_trigger.py
[2023-09-14T17:36:57.699+0100] {processor.py:829} INFO - Processing file /home/joestar/Documents/projects/airflow_etl/airflow_env/lib/python3.8/site-packages/airflow/example_dags/example_latest_only_with_trigger.py for tasks to queue
[2023-09-14T17:36:57.700+0100] {logging_mixin.py:151} INFO - [2023-09-14T17:36:57.700+0100] {dagbag.py:539} INFO - Filling up the DagBag from /home/joestar/Documents/projects/airflow_etl/airflow_env/lib/python3.8/site-packages/airflow/example_dags/example_latest_only_with_trigger.py
[2023-09-14T17:36:57.708+0100] {processor.py:839} INFO - DAG(s) dict_keys(['latest_only_with_trigger']) retrieved from /home/joestar/Documents/projects/airflow_etl/airflow_env/lib/python3.8/site-packages/airflow/example_dags/example_latest_only_with_trigger.py
[2023-09-14T17:36:57.726+0100] {logging_mixin.py:151} INFO - [2023-09-14T17:36:57.726+0100] {dag.py:2915} INFO - Sync 1 DAGs
[2023-09-14T17:36:57.749+0100] {logging_mixin.py:151} INFO - [2023-09-14T17:36:57.749+0100] {dag.py:3696} INFO - Setting next_dagrun for latest_only_with_trigger to 2023-09-14T12:36:57.748946+00:00, run_after=2023-09-14T16:36:57.748946+00:00
[2023-09-14T17:36:57.780+0100] {processor.py:179} INFO - Processing /home/joestar/Documents/projects/airflow_etl/airflow_env/lib/python3.8/site-packages/airflow/example_dags/example_latest_only_with_trigger.py took 0.084 seconds
[2023-09-14T17:37:55.274+0100] {processor.py:157} INFO - Started process (PID=32357) to work on /home/joestar/Documents/projects/airflow_etl/airflow_env/lib/python3.8/site-packages/airflow/example_dags/example_latest_only_with_trigger.py
[2023-09-14T17:37:55.276+0100] {processor.py:829} INFO - Processing file /home/joestar/Documents/projects/airflow_etl/airflow_env/lib/python3.8/site-packages/airflow/example_dags/example_latest_only_with_trigger.py for tasks to queue
[2023-09-14T17:37:55.276+0100] {logging_mixin.py:151} INFO - [2023-09-14T17:37:55.276+0100] {dagbag.py:539} INFO - Filling up the DagBag from /home/joestar/Documents/projects/airflow_etl/airflow_env/lib/python3.8/site-packages/airflow/example_dags/example_latest_only_with_trigger.py
[2023-09-14T17:37:55.283+0100] {processor.py:839} INFO - DAG(s) dict_keys(['latest_only_with_trigger']) retrieved from /home/joestar/Documents/projects/airflow_etl/airflow_env/lib/python3.8/site-packages/airflow/example_dags/example_latest_only_with_trigger.py
[2023-09-14T17:37:55.302+0100] {logging_mixin.py:151} INFO - [2023-09-14T17:37:55.302+0100] {dag.py:2915} INFO - Sync 1 DAGs
[2023-09-14T17:37:55.329+0100] {logging_mixin.py:151} INFO - [2023-09-14T17:37:55.328+0100] {dag.py:3696} INFO - Setting next_dagrun for latest_only_with_trigger to 2023-09-14T12:37:55.328531+00:00, run_after=2023-09-14T16:37:55.328531+00:00
[2023-09-14T17:37:55.359+0100] {processor.py:179} INFO - Processing /home/joestar/Documents/projects/airflow_etl/airflow_env/lib/python3.8/site-packages/airflow/example_dags/example_latest_only_with_trigger.py took 0.087 seconds
[2023-09-14T17:38:55.797+0100] {processor.py:157} INFO - Started process (PID=32830) to work on /home/joestar/Documents/projects/airflow_etl/airflow_env/lib/python3.8/site-packages/airflow/example_dags/example_latest_only_with_trigger.py
[2023-09-14T17:38:55.798+0100] {processor.py:829} INFO - Processing file /home/joestar/Documents/projects/airflow_etl/airflow_env/lib/python3.8/site-packages/airflow/example_dags/example_latest_only_with_trigger.py for tasks to queue
[2023-09-14T17:38:55.800+0100] {logging_mixin.py:151} INFO - [2023-09-14T17:38:55.800+0100] {dagbag.py:539} INFO - Filling up the DagBag from /home/joestar/Documents/projects/airflow_etl/airflow_env/lib/python3.8/site-packages/airflow/example_dags/example_latest_only_with_trigger.py
[2023-09-14T17:38:55.811+0100] {processor.py:839} INFO - DAG(s) dict_keys(['latest_only_with_trigger']) retrieved from /home/joestar/Documents/projects/airflow_etl/airflow_env/lib/python3.8/site-packages/airflow/example_dags/example_latest_only_with_trigger.py
[2023-09-14T17:38:55.840+0100] {logging_mixin.py:151} INFO - [2023-09-14T17:38:55.840+0100] {dag.py:2915} INFO - Sync 1 DAGs
[2023-09-14T17:38:55.871+0100] {logging_mixin.py:151} INFO - [2023-09-14T17:38:55.871+0100] {dag.py:3696} INFO - Setting next_dagrun for latest_only_with_trigger to 2023-09-14T12:38:55.870769+00:00, run_after=2023-09-14T16:38:55.870769+00:00
[2023-09-14T17:38:55.916+0100] {processor.py:179} INFO - Processing /home/joestar/Documents/projects/airflow_etl/airflow_env/lib/python3.8/site-packages/airflow/example_dags/example_latest_only_with_trigger.py took 0.124 seconds
[2023-09-14T17:39:40.174+0100] {processor.py:157} INFO - Started process (PID=33116) to work on /home/joestar/Documents/projects/airflow_etl/airflow_env/lib/python3.8/site-packages/airflow/example_dags/example_latest_only_with_trigger.py
[2023-09-14T17:39:40.175+0100] {processor.py:829} INFO - Processing file /home/joestar/Documents/projects/airflow_etl/airflow_env/lib/python3.8/site-packages/airflow/example_dags/example_latest_only_with_trigger.py for tasks to queue
[2023-09-14T17:39:40.176+0100] {logging_mixin.py:151} INFO - [2023-09-14T17:39:40.175+0100] {dagbag.py:539} INFO - Filling up the DagBag from /home/joestar/Documents/projects/airflow_etl/airflow_env/lib/python3.8/site-packages/airflow/example_dags/example_latest_only_with_trigger.py
[2023-09-14T17:39:40.183+0100] {processor.py:839} INFO - DAG(s) dict_keys(['latest_only_with_trigger']) retrieved from /home/joestar/Documents/projects/airflow_etl/airflow_env/lib/python3.8/site-packages/airflow/example_dags/example_latest_only_with_trigger.py
[2023-09-14T17:39:40.204+0100] {logging_mixin.py:151} INFO - [2023-09-14T17:39:40.203+0100] {dag.py:2915} INFO - Sync 1 DAGs
[2023-09-14T17:39:40.231+0100] {logging_mixin.py:151} INFO - [2023-09-14T17:39:40.230+0100] {dag.py:3696} INFO - Setting next_dagrun for latest_only_with_trigger to 2023-09-14T12:39:40.230626+00:00, run_after=2023-09-14T16:39:40.230626+00:00
[2023-09-14T17:39:40.272+0100] {processor.py:179} INFO - Processing /home/joestar/Documents/projects/airflow_etl/airflow_env/lib/python3.8/site-packages/airflow/example_dags/example_latest_only_with_trigger.py took 0.101 seconds
[2023-09-14T17:40:21.556+0100] {processor.py:157} INFO - Started process (PID=33355) to work on /home/joestar/Documents/projects/airflow_etl/airflow_env/lib/python3.8/site-packages/airflow/example_dags/example_latest_only_with_trigger.py
[2023-09-14T17:40:21.557+0100] {processor.py:829} INFO - Processing file /home/joestar/Documents/projects/airflow_etl/airflow_env/lib/python3.8/site-packages/airflow/example_dags/example_latest_only_with_trigger.py for tasks to queue
[2023-09-14T17:40:21.558+0100] {logging_mixin.py:151} INFO - [2023-09-14T17:40:21.558+0100] {dagbag.py:539} INFO - Filling up the DagBag from /home/joestar/Documents/projects/airflow_etl/airflow_env/lib/python3.8/site-packages/airflow/example_dags/example_latest_only_with_trigger.py
[2023-09-14T17:40:21.566+0100] {processor.py:839} INFO - DAG(s) dict_keys(['latest_only_with_trigger']) retrieved from /home/joestar/Documents/projects/airflow_etl/airflow_env/lib/python3.8/site-packages/airflow/example_dags/example_latest_only_with_trigger.py
[2023-09-14T17:40:21.586+0100] {logging_mixin.py:151} INFO - [2023-09-14T17:40:21.586+0100] {dag.py:2915} INFO - Sync 1 DAGs
[2023-09-14T17:40:21.613+0100] {logging_mixin.py:151} INFO - [2023-09-14T17:40:21.613+0100] {dag.py:3696} INFO - Setting next_dagrun for latest_only_with_trigger to 2023-09-14T12:40:21.613156+00:00, run_after=2023-09-14T16:40:21.613156+00:00
[2023-09-14T17:40:21.644+0100] {processor.py:179} INFO - Processing /home/joestar/Documents/projects/airflow_etl/airflow_env/lib/python3.8/site-packages/airflow/example_dags/example_latest_only_with_trigger.py took 0.091 seconds
[2023-09-14T17:41:14.886+0100] {processor.py:157} INFO - Started process (PID=33754) to work on /home/joestar/Documents/projects/airflow_etl/airflow_env/lib/python3.8/site-packages/airflow/example_dags/example_latest_only_with_trigger.py
[2023-09-14T17:41:14.888+0100] {processor.py:829} INFO - Processing file /home/joestar/Documents/projects/airflow_etl/airflow_env/lib/python3.8/site-packages/airflow/example_dags/example_latest_only_with_trigger.py for tasks to queue
[2023-09-14T17:41:14.890+0100] {logging_mixin.py:151} INFO - [2023-09-14T17:41:14.889+0100] {dagbag.py:539} INFO - Filling up the DagBag from /home/joestar/Documents/projects/airflow_etl/airflow_env/lib/python3.8/site-packages/airflow/example_dags/example_latest_only_with_trigger.py
[2023-09-14T17:41:14.905+0100] {processor.py:839} INFO - DAG(s) dict_keys(['latest_only_with_trigger']) retrieved from /home/joestar/Documents/projects/airflow_etl/airflow_env/lib/python3.8/site-packages/airflow/example_dags/example_latest_only_with_trigger.py
[2023-09-14T17:41:14.923+0100] {logging_mixin.py:151} INFO - [2023-09-14T17:41:14.923+0100] {dag.py:2915} INFO - Sync 1 DAGs
[2023-09-14T17:41:14.940+0100] {logging_mixin.py:151} INFO - [2023-09-14T17:41:14.940+0100] {dag.py:3696} INFO - Setting next_dagrun for latest_only_with_trigger to 2023-09-14T12:41:14.940258+00:00, run_after=2023-09-14T16:41:14.940258+00:00
[2023-09-14T17:41:14.966+0100] {processor.py:179} INFO - Processing /home/joestar/Documents/projects/airflow_etl/airflow_env/lib/python3.8/site-packages/airflow/example_dags/example_latest_only_with_trigger.py took 0.086 seconds
[2023-09-14T17:42:13.522+0100] {processor.py:157} INFO - Started process (PID=34042) to work on /home/joestar/Documents/projects/airflow_etl/airflow_env/lib/python3.8/site-packages/airflow/example_dags/example_latest_only_with_trigger.py
[2023-09-14T17:42:13.523+0100] {processor.py:829} INFO - Processing file /home/joestar/Documents/projects/airflow_etl/airflow_env/lib/python3.8/site-packages/airflow/example_dags/example_latest_only_with_trigger.py for tasks to queue
[2023-09-14T17:42:13.524+0100] {logging_mixin.py:151} INFO - [2023-09-14T17:42:13.524+0100] {dagbag.py:539} INFO - Filling up the DagBag from /home/joestar/Documents/projects/airflow_etl/airflow_env/lib/python3.8/site-packages/airflow/example_dags/example_latest_only_with_trigger.py
[2023-09-14T17:42:13.533+0100] {processor.py:839} INFO - DAG(s) dict_keys(['latest_only_with_trigger']) retrieved from /home/joestar/Documents/projects/airflow_etl/airflow_env/lib/python3.8/site-packages/airflow/example_dags/example_latest_only_with_trigger.py
[2023-09-14T17:42:13.555+0100] {logging_mixin.py:151} INFO - [2023-09-14T17:42:13.555+0100] {dag.py:2915} INFO - Sync 1 DAGs
[2023-09-14T17:42:13.584+0100] {logging_mixin.py:151} INFO - [2023-09-14T17:42:13.583+0100] {dag.py:3696} INFO - Setting next_dagrun for latest_only_with_trigger to 2023-09-14T12:42:13.583523+00:00, run_after=2023-09-14T16:42:13.583523+00:00
[2023-09-14T17:42:13.630+0100] {processor.py:179} INFO - Processing /home/joestar/Documents/projects/airflow_etl/airflow_env/lib/python3.8/site-packages/airflow/example_dags/example_latest_only_with_trigger.py took 0.113 seconds
[2023-09-14T17:42:56.836+0100] {processor.py:157} INFO - Started process (PID=34241) to work on /home/joestar/Documents/projects/airflow_etl/airflow_env/lib/python3.8/site-packages/airflow/example_dags/example_latest_only_with_trigger.py
[2023-09-14T17:42:56.837+0100] {processor.py:829} INFO - Processing file /home/joestar/Documents/projects/airflow_etl/airflow_env/lib/python3.8/site-packages/airflow/example_dags/example_latest_only_with_trigger.py for tasks to queue
[2023-09-14T17:42:56.838+0100] {logging_mixin.py:151} INFO - [2023-09-14T17:42:56.837+0100] {dagbag.py:539} INFO - Filling up the DagBag from /home/joestar/Documents/projects/airflow_etl/airflow_env/lib/python3.8/site-packages/airflow/example_dags/example_latest_only_with_trigger.py
[2023-09-14T17:42:56.844+0100] {processor.py:839} INFO - DAG(s) dict_keys(['latest_only_with_trigger']) retrieved from /home/joestar/Documents/projects/airflow_etl/airflow_env/lib/python3.8/site-packages/airflow/example_dags/example_latest_only_with_trigger.py
[2023-09-14T17:42:56.859+0100] {logging_mixin.py:151} INFO - [2023-09-14T17:42:56.859+0100] {dag.py:2915} INFO - Sync 1 DAGs
[2023-09-14T17:42:56.879+0100] {logging_mixin.py:151} INFO - [2023-09-14T17:42:56.879+0100] {dag.py:3696} INFO - Setting next_dagrun for latest_only_with_trigger to 2023-09-14T12:42:56.879099+00:00, run_after=2023-09-14T16:42:56.879099+00:00
[2023-09-14T17:42:56.904+0100] {processor.py:179} INFO - Processing /home/joestar/Documents/projects/airflow_etl/airflow_env/lib/python3.8/site-packages/airflow/example_dags/example_latest_only_with_trigger.py took 0.071 seconds
[2023-09-14T17:43:53.694+0100] {processor.py:157} INFO - Started process (PID=34512) to work on /home/joestar/Documents/projects/airflow_etl/airflow_env/lib/python3.8/site-packages/airflow/example_dags/example_latest_only_with_trigger.py
[2023-09-14T17:43:53.695+0100] {processor.py:829} INFO - Processing file /home/joestar/Documents/projects/airflow_etl/airflow_env/lib/python3.8/site-packages/airflow/example_dags/example_latest_only_with_trigger.py for tasks to queue
[2023-09-14T17:43:53.696+0100] {logging_mixin.py:151} INFO - [2023-09-14T17:43:53.696+0100] {dagbag.py:539} INFO - Filling up the DagBag from /home/joestar/Documents/projects/airflow_etl/airflow_env/lib/python3.8/site-packages/airflow/example_dags/example_latest_only_with_trigger.py
[2023-09-14T17:43:53.705+0100] {processor.py:839} INFO - DAG(s) dict_keys(['latest_only_with_trigger']) retrieved from /home/joestar/Documents/projects/airflow_etl/airflow_env/lib/python3.8/site-packages/airflow/example_dags/example_latest_only_with_trigger.py
[2023-09-14T17:43:53.721+0100] {logging_mixin.py:151} INFO - [2023-09-14T17:43:53.721+0100] {dag.py:2915} INFO - Sync 1 DAGs
[2023-09-14T17:43:53.746+0100] {logging_mixin.py:151} INFO - [2023-09-14T17:43:53.745+0100] {dag.py:3696} INFO - Setting next_dagrun for latest_only_with_trigger to 2023-09-14T12:43:53.745593+00:00, run_after=2023-09-14T16:43:53.745593+00:00
[2023-09-14T17:43:53.773+0100] {processor.py:179} INFO - Processing /home/joestar/Documents/projects/airflow_etl/airflow_env/lib/python3.8/site-packages/airflow/example_dags/example_latest_only_with_trigger.py took 0.083 seconds
[2023-09-14T17:44:33.978+0100] {processor.py:157} INFO - Started process (PID=34721) to work on /home/joestar/Documents/projects/airflow_etl/airflow_env/lib/python3.8/site-packages/airflow/example_dags/example_latest_only_with_trigger.py
[2023-09-14T17:44:33.980+0100] {processor.py:829} INFO - Processing file /home/joestar/Documents/projects/airflow_etl/airflow_env/lib/python3.8/site-packages/airflow/example_dags/example_latest_only_with_trigger.py for tasks to queue
[2023-09-14T17:44:33.982+0100] {logging_mixin.py:151} INFO - [2023-09-14T17:44:33.981+0100] {dagbag.py:539} INFO - Filling up the DagBag from /home/joestar/Documents/projects/airflow_etl/airflow_env/lib/python3.8/site-packages/airflow/example_dags/example_latest_only_with_trigger.py
[2023-09-14T17:44:33.993+0100] {processor.py:839} INFO - DAG(s) dict_keys(['latest_only_with_trigger']) retrieved from /home/joestar/Documents/projects/airflow_etl/airflow_env/lib/python3.8/site-packages/airflow/example_dags/example_latest_only_with_trigger.py
[2023-09-14T17:44:34.017+0100] {logging_mixin.py:151} INFO - [2023-09-14T17:44:34.016+0100] {dag.py:2915} INFO - Sync 1 DAGs
[2023-09-14T17:44:34.046+0100] {logging_mixin.py:151} INFO - [2023-09-14T17:44:34.045+0100] {dag.py:3696} INFO - Setting next_dagrun for latest_only_with_trigger to 2023-09-14T12:44:34.045321+00:00, run_after=2023-09-14T16:44:34.045321+00:00
[2023-09-14T17:44:34.080+0100] {processor.py:179} INFO - Processing /home/joestar/Documents/projects/airflow_etl/airflow_env/lib/python3.8/site-packages/airflow/example_dags/example_latest_only_with_trigger.py took 0.105 seconds
[2023-09-14T17:45:15.302+0100] {processor.py:157} INFO - Started process (PID=34899) to work on /home/joestar/Documents/projects/airflow_etl/airflow_env/lib/python3.8/site-packages/airflow/example_dags/example_latest_only_with_trigger.py
[2023-09-14T17:45:15.304+0100] {processor.py:829} INFO - Processing file /home/joestar/Documents/projects/airflow_etl/airflow_env/lib/python3.8/site-packages/airflow/example_dags/example_latest_only_with_trigger.py for tasks to queue
[2023-09-14T17:45:15.306+0100] {logging_mixin.py:151} INFO - [2023-09-14T17:45:15.305+0100] {dagbag.py:539} INFO - Filling up the DagBag from /home/joestar/Documents/projects/airflow_etl/airflow_env/lib/python3.8/site-packages/airflow/example_dags/example_latest_only_with_trigger.py
[2023-09-14T17:45:15.322+0100] {processor.py:839} INFO - DAG(s) dict_keys(['latest_only_with_trigger']) retrieved from /home/joestar/Documents/projects/airflow_etl/airflow_env/lib/python3.8/site-packages/airflow/example_dags/example_latest_only_with_trigger.py
[2023-09-14T17:45:15.350+0100] {logging_mixin.py:151} INFO - [2023-09-14T17:45:15.350+0100] {dag.py:2915} INFO - Sync 1 DAGs
[2023-09-14T17:45:15.385+0100] {logging_mixin.py:151} INFO - [2023-09-14T17:45:15.385+0100] {dag.py:3696} INFO - Setting next_dagrun for latest_only_with_trigger to 2023-09-14T12:45:15.385047+00:00, run_after=2023-09-14T16:45:15.385047+00:00
[2023-09-14T17:45:15.432+0100] {processor.py:179} INFO - Processing /home/joestar/Documents/projects/airflow_etl/airflow_env/lib/python3.8/site-packages/airflow/example_dags/example_latest_only_with_trigger.py took 0.135 seconds
[2023-09-14T17:45:58.036+0100] {processor.py:157} INFO - Started process (PID=35068) to work on /home/joestar/Documents/projects/airflow_etl/airflow_env/lib/python3.8/site-packages/airflow/example_dags/example_latest_only_with_trigger.py
[2023-09-14T17:45:58.038+0100] {processor.py:829} INFO - Processing file /home/joestar/Documents/projects/airflow_etl/airflow_env/lib/python3.8/site-packages/airflow/example_dags/example_latest_only_with_trigger.py for tasks to queue
[2023-09-14T17:45:58.039+0100] {logging_mixin.py:151} INFO - [2023-09-14T17:45:58.038+0100] {dagbag.py:539} INFO - Filling up the DagBag from /home/joestar/Documents/projects/airflow_etl/airflow_env/lib/python3.8/site-packages/airflow/example_dags/example_latest_only_with_trigger.py
[2023-09-14T17:45:58.047+0100] {processor.py:839} INFO - DAG(s) dict_keys(['latest_only_with_trigger']) retrieved from /home/joestar/Documents/projects/airflow_etl/airflow_env/lib/python3.8/site-packages/airflow/example_dags/example_latest_only_with_trigger.py
[2023-09-14T17:45:58.070+0100] {logging_mixin.py:151} INFO - [2023-09-14T17:45:58.070+0100] {dag.py:2915} INFO - Sync 1 DAGs
[2023-09-14T17:45:58.100+0100] {logging_mixin.py:151} INFO - [2023-09-14T17:45:58.099+0100] {dag.py:3696} INFO - Setting next_dagrun for latest_only_with_trigger to 2023-09-14T12:45:58.099448+00:00, run_after=2023-09-14T16:45:58.099448+00:00
[2023-09-14T17:45:58.133+0100] {processor.py:179} INFO - Processing /home/joestar/Documents/projects/airflow_etl/airflow_env/lib/python3.8/site-packages/airflow/example_dags/example_latest_only_with_trigger.py took 0.101 seconds
[2023-09-14T17:46:39.134+0100] {processor.py:157} INFO - Started process (PID=35251) to work on /home/joestar/Documents/projects/airflow_etl/airflow_env/lib/python3.8/site-packages/airflow/example_dags/example_latest_only_with_trigger.py
[2023-09-14T17:46:39.135+0100] {processor.py:829} INFO - Processing file /home/joestar/Documents/projects/airflow_etl/airflow_env/lib/python3.8/site-packages/airflow/example_dags/example_latest_only_with_trigger.py for tasks to queue
[2023-09-14T17:46:39.137+0100] {logging_mixin.py:151} INFO - [2023-09-14T17:46:39.136+0100] {dagbag.py:539} INFO - Filling up the DagBag from /home/joestar/Documents/projects/airflow_etl/airflow_env/lib/python3.8/site-packages/airflow/example_dags/example_latest_only_with_trigger.py
[2023-09-14T17:46:39.148+0100] {processor.py:839} INFO - DAG(s) dict_keys(['latest_only_with_trigger']) retrieved from /home/joestar/Documents/projects/airflow_etl/airflow_env/lib/python3.8/site-packages/airflow/example_dags/example_latest_only_with_trigger.py
[2023-09-14T17:46:39.175+0100] {logging_mixin.py:151} INFO - [2023-09-14T17:46:39.175+0100] {dag.py:2915} INFO - Sync 1 DAGs
[2023-09-14T17:46:39.236+0100] {logging_mixin.py:151} INFO - [2023-09-14T17:46:39.235+0100] {dag.py:3696} INFO - Setting next_dagrun for latest_only_with_trigger to 2023-09-14T12:46:39.235330+00:00, run_after=2023-09-14T16:46:39.235330+00:00
[2023-09-14T17:46:39.277+0100] {processor.py:179} INFO - Processing /home/joestar/Documents/projects/airflow_etl/airflow_env/lib/python3.8/site-packages/airflow/example_dags/example_latest_only_with_trigger.py took 0.148 seconds
[2023-09-14T17:47:30.911+0100] {processor.py:157} INFO - Started process (PID=35466) to work on /home/joestar/Documents/projects/airflow_etl/airflow_env/lib/python3.8/site-packages/airflow/example_dags/example_latest_only_with_trigger.py
[2023-09-14T17:47:30.913+0100] {processor.py:829} INFO - Processing file /home/joestar/Documents/projects/airflow_etl/airflow_env/lib/python3.8/site-packages/airflow/example_dags/example_latest_only_with_trigger.py for tasks to queue
[2023-09-14T17:47:30.914+0100] {logging_mixin.py:151} INFO - [2023-09-14T17:47:30.913+0100] {dagbag.py:539} INFO - Filling up the DagBag from /home/joestar/Documents/projects/airflow_etl/airflow_env/lib/python3.8/site-packages/airflow/example_dags/example_latest_only_with_trigger.py
[2023-09-14T17:47:30.922+0100] {processor.py:839} INFO - DAG(s) dict_keys(['latest_only_with_trigger']) retrieved from /home/joestar/Documents/projects/airflow_etl/airflow_env/lib/python3.8/site-packages/airflow/example_dags/example_latest_only_with_trigger.py
[2023-09-14T17:47:30.939+0100] {logging_mixin.py:151} INFO - [2023-09-14T17:47:30.938+0100] {dag.py:2915} INFO - Sync 1 DAGs
[2023-09-14T17:47:30.964+0100] {logging_mixin.py:151} INFO - [2023-09-14T17:47:30.963+0100] {dag.py:3696} INFO - Setting next_dagrun for latest_only_with_trigger to 2023-09-14T12:47:30.963632+00:00, run_after=2023-09-14T16:47:30.963632+00:00
[2023-09-14T17:47:31.009+0100] {processor.py:179} INFO - Processing /home/joestar/Documents/projects/airflow_etl/airflow_env/lib/python3.8/site-packages/airflow/example_dags/example_latest_only_with_trigger.py took 0.101 seconds
[2023-09-14T17:48:48.121+0100] {processor.py:157} INFO - Started process (PID=35765) to work on /home/joestar/Documents/projects/airflow_etl/airflow_env/lib/python3.8/site-packages/airflow/example_dags/example_latest_only_with_trigger.py
[2023-09-14T17:48:48.122+0100] {processor.py:829} INFO - Processing file /home/joestar/Documents/projects/airflow_etl/airflow_env/lib/python3.8/site-packages/airflow/example_dags/example_latest_only_with_trigger.py for tasks to queue
[2023-09-14T17:48:48.124+0100] {logging_mixin.py:151} INFO - [2023-09-14T17:48:48.123+0100] {dagbag.py:539} INFO - Filling up the DagBag from /home/joestar/Documents/projects/airflow_etl/airflow_env/lib/python3.8/site-packages/airflow/example_dags/example_latest_only_with_trigger.py
[2023-09-14T17:48:48.134+0100] {processor.py:839} INFO - DAG(s) dict_keys(['latest_only_with_trigger']) retrieved from /home/joestar/Documents/projects/airflow_etl/airflow_env/lib/python3.8/site-packages/airflow/example_dags/example_latest_only_with_trigger.py
[2023-09-14T17:48:48.162+0100] {logging_mixin.py:151} INFO - [2023-09-14T17:48:48.161+0100] {dag.py:2915} INFO - Sync 1 DAGs
[2023-09-14T17:48:48.199+0100] {logging_mixin.py:151} INFO - [2023-09-14T17:48:48.199+0100] {dag.py:3696} INFO - Setting next_dagrun for latest_only_with_trigger to 2023-09-14T12:48:48.199089+00:00, run_after=2023-09-14T16:48:48.199089+00:00
[2023-09-14T17:48:48.236+0100] {processor.py:179} INFO - Processing /home/joestar/Documents/projects/airflow_etl/airflow_env/lib/python3.8/site-packages/airflow/example_dags/example_latest_only_with_trigger.py took 0.119 seconds
[2023-09-14T17:49:39.009+0100] {processor.py:157} INFO - Started process (PID=35969) to work on /home/joestar/Documents/projects/airflow_etl/airflow_env/lib/python3.8/site-packages/airflow/example_dags/example_latest_only_with_trigger.py
[2023-09-14T17:49:39.010+0100] {processor.py:829} INFO - Processing file /home/joestar/Documents/projects/airflow_etl/airflow_env/lib/python3.8/site-packages/airflow/example_dags/example_latest_only_with_trigger.py for tasks to queue
[2023-09-14T17:49:39.012+0100] {logging_mixin.py:151} INFO - [2023-09-14T17:49:39.011+0100] {dagbag.py:539} INFO - Filling up the DagBag from /home/joestar/Documents/projects/airflow_etl/airflow_env/lib/python3.8/site-packages/airflow/example_dags/example_latest_only_with_trigger.py
[2023-09-14T17:49:39.020+0100] {processor.py:839} INFO - DAG(s) dict_keys(['latest_only_with_trigger']) retrieved from /home/joestar/Documents/projects/airflow_etl/airflow_env/lib/python3.8/site-packages/airflow/example_dags/example_latest_only_with_trigger.py
[2023-09-14T17:49:39.041+0100] {logging_mixin.py:151} INFO - [2023-09-14T17:49:39.041+0100] {dag.py:2915} INFO - Sync 1 DAGs
[2023-09-14T17:49:39.064+0100] {logging_mixin.py:151} INFO - [2023-09-14T17:49:39.064+0100] {dag.py:3696} INFO - Setting next_dagrun for latest_only_with_trigger to 2023-09-14T12:49:39.063854+00:00, run_after=2023-09-14T16:49:39.063854+00:00
[2023-09-14T17:49:39.108+0100] {processor.py:179} INFO - Processing /home/joestar/Documents/projects/airflow_etl/airflow_env/lib/python3.8/site-packages/airflow/example_dags/example_latest_only_with_trigger.py took 0.103 seconds
[2023-09-14T17:50:28.893+0100] {processor.py:157} INFO - Started process (PID=36195) to work on /home/joestar/Documents/projects/airflow_etl/airflow_env/lib/python3.8/site-packages/airflow/example_dags/example_latest_only_with_trigger.py
[2023-09-14T17:50:28.895+0100] {processor.py:829} INFO - Processing file /home/joestar/Documents/projects/airflow_etl/airflow_env/lib/python3.8/site-packages/airflow/example_dags/example_latest_only_with_trigger.py for tasks to queue
[2023-09-14T17:50:28.897+0100] {logging_mixin.py:151} INFO - [2023-09-14T17:50:28.896+0100] {dagbag.py:539} INFO - Filling up the DagBag from /home/joestar/Documents/projects/airflow_etl/airflow_env/lib/python3.8/site-packages/airflow/example_dags/example_latest_only_with_trigger.py
[2023-09-14T17:50:28.907+0100] {processor.py:839} INFO - DAG(s) dict_keys(['latest_only_with_trigger']) retrieved from /home/joestar/Documents/projects/airflow_etl/airflow_env/lib/python3.8/site-packages/airflow/example_dags/example_latest_only_with_trigger.py
[2023-09-14T17:50:28.937+0100] {logging_mixin.py:151} INFO - [2023-09-14T17:50:28.937+0100] {dag.py:2915} INFO - Sync 1 DAGs
[2023-09-14T17:50:28.973+0100] {logging_mixin.py:151} INFO - [2023-09-14T17:50:28.973+0100] {dag.py:3696} INFO - Setting next_dagrun for latest_only_with_trigger to 2023-09-14T12:50:28.972719+00:00, run_after=2023-09-14T16:50:28.972719+00:00
[2023-09-14T17:50:29.009+0100] {processor.py:179} INFO - Processing /home/joestar/Documents/projects/airflow_etl/airflow_env/lib/python3.8/site-packages/airflow/example_dags/example_latest_only_with_trigger.py took 0.121 seconds
[2023-09-14T17:51:28.060+0100] {processor.py:157} INFO - Started process (PID=36477) to work on /home/joestar/Documents/projects/airflow_etl/airflow_env/lib/python3.8/site-packages/airflow/example_dags/example_latest_only_with_trigger.py
[2023-09-14T17:51:28.061+0100] {processor.py:829} INFO - Processing file /home/joestar/Documents/projects/airflow_etl/airflow_env/lib/python3.8/site-packages/airflow/example_dags/example_latest_only_with_trigger.py for tasks to queue
[2023-09-14T17:51:28.062+0100] {logging_mixin.py:151} INFO - [2023-09-14T17:51:28.061+0100] {dagbag.py:539} INFO - Filling up the DagBag from /home/joestar/Documents/projects/airflow_etl/airflow_env/lib/python3.8/site-packages/airflow/example_dags/example_latest_only_with_trigger.py
[2023-09-14T17:51:28.069+0100] {processor.py:839} INFO - DAG(s) dict_keys(['latest_only_with_trigger']) retrieved from /home/joestar/Documents/projects/airflow_etl/airflow_env/lib/python3.8/site-packages/airflow/example_dags/example_latest_only_with_trigger.py
[2023-09-14T17:51:28.084+0100] {logging_mixin.py:151} INFO - [2023-09-14T17:51:28.084+0100] {dag.py:2915} INFO - Sync 1 DAGs
[2023-09-14T17:51:28.106+0100] {logging_mixin.py:151} INFO - [2023-09-14T17:51:28.106+0100] {dag.py:3696} INFO - Setting next_dagrun for latest_only_with_trigger to 2023-09-14T12:51:28.105848+00:00, run_after=2023-09-14T16:51:28.105848+00:00
[2023-09-14T17:51:28.134+0100] {processor.py:179} INFO - Processing /home/joestar/Documents/projects/airflow_etl/airflow_env/lib/python3.8/site-packages/airflow/example_dags/example_latest_only_with_trigger.py took 0.077 seconds
[2023-09-14T17:52:25.716+0100] {processor.py:157} INFO - Started process (PID=36727) to work on /home/joestar/Documents/projects/airflow_etl/airflow_env/lib/python3.8/site-packages/airflow/example_dags/example_latest_only_with_trigger.py
[2023-09-14T17:52:25.717+0100] {processor.py:829} INFO - Processing file /home/joestar/Documents/projects/airflow_etl/airflow_env/lib/python3.8/site-packages/airflow/example_dags/example_latest_only_with_trigger.py for tasks to queue
[2023-09-14T17:52:25.718+0100] {logging_mixin.py:151} INFO - [2023-09-14T17:52:25.718+0100] {dagbag.py:539} INFO - Filling up the DagBag from /home/joestar/Documents/projects/airflow_etl/airflow_env/lib/python3.8/site-packages/airflow/example_dags/example_latest_only_with_trigger.py
[2023-09-14T17:52:25.725+0100] {processor.py:839} INFO - DAG(s) dict_keys(['latest_only_with_trigger']) retrieved from /home/joestar/Documents/projects/airflow_etl/airflow_env/lib/python3.8/site-packages/airflow/example_dags/example_latest_only_with_trigger.py
[2023-09-14T17:52:25.742+0100] {logging_mixin.py:151} INFO - [2023-09-14T17:52:25.742+0100] {dag.py:2915} INFO - Sync 1 DAGs
[2023-09-14T17:52:25.761+0100] {logging_mixin.py:151} INFO - [2023-09-14T17:52:25.761+0100] {dag.py:3696} INFO - Setting next_dagrun for latest_only_with_trigger to 2023-09-14T12:52:25.761337+00:00, run_after=2023-09-14T16:52:25.761337+00:00
[2023-09-14T17:52:25.806+0100] {processor.py:179} INFO - Processing /home/joestar/Documents/projects/airflow_etl/airflow_env/lib/python3.8/site-packages/airflow/example_dags/example_latest_only_with_trigger.py took 0.092 seconds
[2023-09-14T17:54:44.429+0100] {processor.py:157} INFO - Started process (PID=37479) to work on /home/joestar/Documents/projects/airflow_etl/airflow_env/lib/python3.8/site-packages/airflow/example_dags/example_latest_only_with_trigger.py
[2023-09-14T17:54:44.431+0100] {processor.py:829} INFO - Processing file /home/joestar/Documents/projects/airflow_etl/airflow_env/lib/python3.8/site-packages/airflow/example_dags/example_latest_only_with_trigger.py for tasks to queue
[2023-09-14T17:54:44.432+0100] {logging_mixin.py:151} INFO - [2023-09-14T17:54:44.431+0100] {dagbag.py:539} INFO - Filling up the DagBag from /home/joestar/Documents/projects/airflow_etl/airflow_env/lib/python3.8/site-packages/airflow/example_dags/example_latest_only_with_trigger.py
[2023-09-14T17:54:44.438+0100] {processor.py:839} INFO - DAG(s) dict_keys(['latest_only_with_trigger']) retrieved from /home/joestar/Documents/projects/airflow_etl/airflow_env/lib/python3.8/site-packages/airflow/example_dags/example_latest_only_with_trigger.py
[2023-09-14T17:54:44.453+0100] {logging_mixin.py:151} INFO - [2023-09-14T17:54:44.453+0100] {dag.py:2915} INFO - Sync 1 DAGs
[2023-09-14T17:54:44.471+0100] {logging_mixin.py:151} INFO - [2023-09-14T17:54:44.471+0100] {dag.py:3696} INFO - Setting next_dagrun for latest_only_with_trigger to 2023-09-14T12:54:44.471254+00:00, run_after=2023-09-14T16:54:44.471254+00:00
[2023-09-14T17:54:44.497+0100] {processor.py:179} INFO - Processing /home/joestar/Documents/projects/airflow_etl/airflow_env/lib/python3.8/site-packages/airflow/example_dags/example_latest_only_with_trigger.py took 0.072 seconds
[2023-09-14T18:03:11.224+0100] {processor.py:157} INFO - Started process (PID=38734) to work on /home/joestar/Documents/projects/airflow_etl/airflow_env/lib/python3.8/site-packages/airflow/example_dags/example_latest_only_with_trigger.py
[2023-09-14T18:03:11.225+0100] {processor.py:829} INFO - Processing file /home/joestar/Documents/projects/airflow_etl/airflow_env/lib/python3.8/site-packages/airflow/example_dags/example_latest_only_with_trigger.py for tasks to queue
[2023-09-14T18:03:11.226+0100] {logging_mixin.py:151} INFO - [2023-09-14T18:03:11.225+0100] {dagbag.py:539} INFO - Filling up the DagBag from /home/joestar/Documents/projects/airflow_etl/airflow_env/lib/python3.8/site-packages/airflow/example_dags/example_latest_only_with_trigger.py
[2023-09-14T18:03:11.232+0100] {processor.py:839} INFO - DAG(s) dict_keys(['latest_only_with_trigger']) retrieved from /home/joestar/Documents/projects/airflow_etl/airflow_env/lib/python3.8/site-packages/airflow/example_dags/example_latest_only_with_trigger.py
[2023-09-14T18:03:11.248+0100] {logging_mixin.py:151} INFO - [2023-09-14T18:03:11.248+0100] {dag.py:2915} INFO - Sync 1 DAGs
[2023-09-14T18:03:11.280+0100] {logging_mixin.py:151} INFO - [2023-09-14T18:03:11.279+0100] {dag.py:3696} INFO - Setting next_dagrun for latest_only_with_trigger to 2023-09-14T13:03:11.279564+00:00, run_after=2023-09-14T17:03:11.279564+00:00
[2023-09-14T18:03:11.321+0100] {processor.py:179} INFO - Processing /home/joestar/Documents/projects/airflow_etl/airflow_env/lib/python3.8/site-packages/airflow/example_dags/example_latest_only_with_trigger.py took 0.100 seconds
[2023-09-14T18:04:03.642+0100] {processor.py:157} INFO - Started process (PID=38968) to work on /home/joestar/Documents/projects/airflow_etl/airflow_env/lib/python3.8/site-packages/airflow/example_dags/example_latest_only_with_trigger.py
[2023-09-14T18:04:03.643+0100] {processor.py:829} INFO - Processing file /home/joestar/Documents/projects/airflow_etl/airflow_env/lib/python3.8/site-packages/airflow/example_dags/example_latest_only_with_trigger.py for tasks to queue
[2023-09-14T18:04:03.644+0100] {logging_mixin.py:151} INFO - [2023-09-14T18:04:03.644+0100] {dagbag.py:539} INFO - Filling up the DagBag from /home/joestar/Documents/projects/airflow_etl/airflow_env/lib/python3.8/site-packages/airflow/example_dags/example_latest_only_with_trigger.py
[2023-09-14T18:04:03.651+0100] {processor.py:839} INFO - DAG(s) dict_keys(['latest_only_with_trigger']) retrieved from /home/joestar/Documents/projects/airflow_etl/airflow_env/lib/python3.8/site-packages/airflow/example_dags/example_latest_only_with_trigger.py
[2023-09-14T18:04:03.667+0100] {logging_mixin.py:151} INFO - [2023-09-14T18:04:03.667+0100] {dag.py:2915} INFO - Sync 1 DAGs
[2023-09-14T18:04:03.687+0100] {logging_mixin.py:151} INFO - [2023-09-14T18:04:03.686+0100] {dag.py:3696} INFO - Setting next_dagrun for latest_only_with_trigger to 2023-09-14T13:04:03.686755+00:00, run_after=2023-09-14T17:04:03.686755+00:00
[2023-09-14T18:04:03.715+0100] {processor.py:179} INFO - Processing /home/joestar/Documents/projects/airflow_etl/airflow_env/lib/python3.8/site-packages/airflow/example_dags/example_latest_only_with_trigger.py took 0.076 seconds
[2023-09-14T18:04:52.041+0100] {processor.py:157} INFO - Started process (PID=39197) to work on /home/joestar/Documents/projects/airflow_etl/airflow_env/lib/python3.8/site-packages/airflow/example_dags/example_latest_only_with_trigger.py
[2023-09-14T18:04:52.042+0100] {processor.py:829} INFO - Processing file /home/joestar/Documents/projects/airflow_etl/airflow_env/lib/python3.8/site-packages/airflow/example_dags/example_latest_only_with_trigger.py for tasks to queue
[2023-09-14T18:04:52.043+0100] {logging_mixin.py:151} INFO - [2023-09-14T18:04:52.043+0100] {dagbag.py:539} INFO - Filling up the DagBag from /home/joestar/Documents/projects/airflow_etl/airflow_env/lib/python3.8/site-packages/airflow/example_dags/example_latest_only_with_trigger.py
[2023-09-14T18:04:52.050+0100] {processor.py:839} INFO - DAG(s) dict_keys(['latest_only_with_trigger']) retrieved from /home/joestar/Documents/projects/airflow_etl/airflow_env/lib/python3.8/site-packages/airflow/example_dags/example_latest_only_with_trigger.py
[2023-09-14T18:04:52.064+0100] {logging_mixin.py:151} INFO - [2023-09-14T18:04:52.064+0100] {dag.py:2915} INFO - Sync 1 DAGs
[2023-09-14T18:04:52.083+0100] {logging_mixin.py:151} INFO - [2023-09-14T18:04:52.083+0100] {dag.py:3696} INFO - Setting next_dagrun for latest_only_with_trigger to 2023-09-14T13:04:52.083005+00:00, run_after=2023-09-14T17:04:52.083005+00:00
[2023-09-14T18:04:52.109+0100] {processor.py:179} INFO - Processing /home/joestar/Documents/projects/airflow_etl/airflow_env/lib/python3.8/site-packages/airflow/example_dags/example_latest_only_with_trigger.py took 0.070 seconds
