[2023-09-14T17:12:39.489+0100] {processor.py:157} INFO - Started process (PID=24475) to work on /home/joestar/Documents/projects/airflow_etl/airflow_env/lib/python3.8/site-packages/airflow/example_dags/example_dynamic_task_mapping.py
[2023-09-14T17:12:39.490+0100] {processor.py:829} INFO - Processing file /home/joestar/Documents/projects/airflow_etl/airflow_env/lib/python3.8/site-packages/airflow/example_dags/example_dynamic_task_mapping.py for tasks to queue
[2023-09-14T17:12:39.491+0100] {logging_mixin.py:151} INFO - [2023-09-14T17:12:39.491+0100] {dagbag.py:539} INFO - Filling up the DagBag from /home/joestar/Documents/projects/airflow_etl/airflow_env/lib/python3.8/site-packages/airflow/example_dags/example_dynamic_task_mapping.py
[2023-09-14T17:12:39.499+0100] {processor.py:839} INFO - DAG(s) dict_keys(['example_dynamic_task_mapping']) retrieved from /home/joestar/Documents/projects/airflow_etl/airflow_env/lib/python3.8/site-packages/airflow/example_dags/example_dynamic_task_mapping.py
[2023-09-14T17:12:39.609+0100] {logging_mixin.py:151} INFO - [2023-09-14T17:12:39.609+0100] {manager.py:499} INFO - Created Permission View: %s
[2023-09-14T17:12:39.625+0100] {logging_mixin.py:151} INFO - [2023-09-14T17:12:39.625+0100] {manager.py:499} INFO - Created Permission View: %s
[2023-09-14T17:12:39.639+0100] {logging_mixin.py:151} INFO - [2023-09-14T17:12:39.639+0100] {manager.py:499} INFO - Created Permission View: %s
[2023-09-14T17:12:39.639+0100] {logging_mixin.py:151} INFO - [2023-09-14T17:12:39.639+0100] {security.py:708} INFO - Not syncing DAG-level permissions for DAG 'DAG:example_dynamic_task_mapping' as access control is unset.
[2023-09-14T17:12:39.640+0100] {logging_mixin.py:151} INFO - [2023-09-14T17:12:39.639+0100] {dag.py:2915} INFO - Sync 1 DAGs
[2023-09-14T17:12:39.653+0100] {logging_mixin.py:151} INFO - [2023-09-14T17:12:39.653+0100] {dag.py:2937} INFO - Creating ORM DAG for example_dynamic_task_mapping
[2023-09-14T17:12:39.663+0100] {logging_mixin.py:151} INFO - [2023-09-14T17:12:39.662+0100] {dag.py:3696} INFO - Setting next_dagrun for example_dynamic_task_mapping to 2022-03-04T00:00:00+00:00, run_after=2022-03-05T00:00:00+00:00
[2023-09-14T17:12:39.690+0100] {processor.py:179} INFO - Processing /home/joestar/Documents/projects/airflow_etl/airflow_env/lib/python3.8/site-packages/airflow/example_dags/example_dynamic_task_mapping.py took 0.204 seconds
[2023-09-14T17:13:29.861+0100] {processor.py:157} INFO - Started process (PID=24865) to work on /home/joestar/Documents/projects/airflow_etl/airflow_env/lib/python3.8/site-packages/airflow/example_dags/example_dynamic_task_mapping.py
[2023-09-14T17:13:29.862+0100] {processor.py:829} INFO - Processing file /home/joestar/Documents/projects/airflow_etl/airflow_env/lib/python3.8/site-packages/airflow/example_dags/example_dynamic_task_mapping.py for tasks to queue
[2023-09-14T17:13:29.863+0100] {logging_mixin.py:151} INFO - [2023-09-14T17:13:29.863+0100] {dagbag.py:539} INFO - Filling up the DagBag from /home/joestar/Documents/projects/airflow_etl/airflow_env/lib/python3.8/site-packages/airflow/example_dags/example_dynamic_task_mapping.py
[2023-09-14T17:13:29.872+0100] {processor.py:839} INFO - DAG(s) dict_keys(['example_dynamic_task_mapping']) retrieved from /home/joestar/Documents/projects/airflow_etl/airflow_env/lib/python3.8/site-packages/airflow/example_dags/example_dynamic_task_mapping.py
[2023-09-14T17:13:29.891+0100] {logging_mixin.py:151} INFO - [2023-09-14T17:13:29.891+0100] {dag.py:2915} INFO - Sync 1 DAGs
[2023-09-14T17:13:29.915+0100] {logging_mixin.py:151} INFO - [2023-09-14T17:13:29.915+0100] {dag.py:3696} INFO - Setting next_dagrun for example_dynamic_task_mapping to 2022-03-04T00:00:00+00:00, run_after=2022-03-05T00:00:00+00:00
[2023-09-14T17:13:29.943+0100] {processor.py:179} INFO - Processing /home/joestar/Documents/projects/airflow_etl/airflow_env/lib/python3.8/site-packages/airflow/example_dags/example_dynamic_task_mapping.py took 0.086 seconds
[2023-09-14T17:14:26.926+0100] {processor.py:157} INFO - Started process (PID=25247) to work on /home/joestar/Documents/projects/airflow_etl/airflow_env/lib/python3.8/site-packages/airflow/example_dags/example_dynamic_task_mapping.py
[2023-09-14T17:14:26.928+0100] {processor.py:829} INFO - Processing file /home/joestar/Documents/projects/airflow_etl/airflow_env/lib/python3.8/site-packages/airflow/example_dags/example_dynamic_task_mapping.py for tasks to queue
[2023-09-14T17:14:26.929+0100] {logging_mixin.py:151} INFO - [2023-09-14T17:14:26.929+0100] {dagbag.py:539} INFO - Filling up the DagBag from /home/joestar/Documents/projects/airflow_etl/airflow_env/lib/python3.8/site-packages/airflow/example_dags/example_dynamic_task_mapping.py
[2023-09-14T17:14:26.940+0100] {processor.py:839} INFO - DAG(s) dict_keys(['example_dynamic_task_mapping']) retrieved from /home/joestar/Documents/projects/airflow_etl/airflow_env/lib/python3.8/site-packages/airflow/example_dags/example_dynamic_task_mapping.py
[2023-09-14T17:14:26.957+0100] {logging_mixin.py:151} INFO - [2023-09-14T17:14:26.956+0100] {dag.py:2915} INFO - Sync 1 DAGs
[2023-09-14T17:14:26.979+0100] {logging_mixin.py:151} INFO - [2023-09-14T17:14:26.978+0100] {dag.py:3696} INFO - Setting next_dagrun for example_dynamic_task_mapping to 2022-03-04T00:00:00+00:00, run_after=2022-03-05T00:00:00+00:00
[2023-09-14T17:14:27.001+0100] {processor.py:179} INFO - Processing /home/joestar/Documents/projects/airflow_etl/airflow_env/lib/python3.8/site-packages/airflow/example_dags/example_dynamic_task_mapping.py took 0.082 seconds
[2023-09-14T17:15:25.673+0100] {processor.py:157} INFO - Started process (PID=25914) to work on /home/joestar/Documents/projects/airflow_etl/airflow_env/lib/python3.8/site-packages/airflow/example_dags/example_dynamic_task_mapping.py
[2023-09-14T17:15:25.674+0100] {processor.py:829} INFO - Processing file /home/joestar/Documents/projects/airflow_etl/airflow_env/lib/python3.8/site-packages/airflow/example_dags/example_dynamic_task_mapping.py for tasks to queue
[2023-09-14T17:15:25.675+0100] {logging_mixin.py:151} INFO - [2023-09-14T17:15:25.675+0100] {dagbag.py:539} INFO - Filling up the DagBag from /home/joestar/Documents/projects/airflow_etl/airflow_env/lib/python3.8/site-packages/airflow/example_dags/example_dynamic_task_mapping.py
[2023-09-14T17:15:25.684+0100] {processor.py:839} INFO - DAG(s) dict_keys(['example_dynamic_task_mapping']) retrieved from /home/joestar/Documents/projects/airflow_etl/airflow_env/lib/python3.8/site-packages/airflow/example_dags/example_dynamic_task_mapping.py
[2023-09-14T17:15:25.702+0100] {logging_mixin.py:151} INFO - [2023-09-14T17:15:25.701+0100] {dag.py:2915} INFO - Sync 1 DAGs
[2023-09-14T17:15:25.736+0100] {logging_mixin.py:151} INFO - [2023-09-14T17:15:25.735+0100] {dag.py:3696} INFO - Setting next_dagrun for example_dynamic_task_mapping to 2022-03-04T00:00:00+00:00, run_after=2022-03-05T00:00:00+00:00
[2023-09-14T17:15:25.777+0100] {processor.py:179} INFO - Processing /home/joestar/Documents/projects/airflow_etl/airflow_env/lib/python3.8/site-packages/airflow/example_dags/example_dynamic_task_mapping.py took 0.106 seconds
[2023-09-14T17:16:20.017+0100] {processor.py:157} INFO - Started process (PID=26162) to work on /home/joestar/Documents/projects/airflow_etl/airflow_env/lib/python3.8/site-packages/airflow/example_dags/example_dynamic_task_mapping.py
[2023-09-14T17:16:20.018+0100] {processor.py:829} INFO - Processing file /home/joestar/Documents/projects/airflow_etl/airflow_env/lib/python3.8/site-packages/airflow/example_dags/example_dynamic_task_mapping.py for tasks to queue
[2023-09-14T17:16:20.019+0100] {logging_mixin.py:151} INFO - [2023-09-14T17:16:20.019+0100] {dagbag.py:539} INFO - Filling up the DagBag from /home/joestar/Documents/projects/airflow_etl/airflow_env/lib/python3.8/site-packages/airflow/example_dags/example_dynamic_task_mapping.py
[2023-09-14T17:16:20.028+0100] {processor.py:839} INFO - DAG(s) dict_keys(['example_dynamic_task_mapping']) retrieved from /home/joestar/Documents/projects/airflow_etl/airflow_env/lib/python3.8/site-packages/airflow/example_dags/example_dynamic_task_mapping.py
[2023-09-14T17:16:20.047+0100] {logging_mixin.py:151} INFO - [2023-09-14T17:16:20.047+0100] {dag.py:2915} INFO - Sync 1 DAGs
[2023-09-14T17:16:20.075+0100] {logging_mixin.py:151} INFO - [2023-09-14T17:16:20.074+0100] {dag.py:3696} INFO - Setting next_dagrun for example_dynamic_task_mapping to 2022-03-04T00:00:00+00:00, run_after=2022-03-05T00:00:00+00:00
[2023-09-14T17:16:20.105+0100] {processor.py:179} INFO - Processing /home/joestar/Documents/projects/airflow_etl/airflow_env/lib/python3.8/site-packages/airflow/example_dags/example_dynamic_task_mapping.py took 0.092 seconds
[2023-09-14T17:17:12.253+0100] {processor.py:157} INFO - Started process (PID=26415) to work on /home/joestar/Documents/projects/airflow_etl/airflow_env/lib/python3.8/site-packages/airflow/example_dags/example_dynamic_task_mapping.py
[2023-09-14T17:17:12.254+0100] {processor.py:829} INFO - Processing file /home/joestar/Documents/projects/airflow_etl/airflow_env/lib/python3.8/site-packages/airflow/example_dags/example_dynamic_task_mapping.py for tasks to queue
[2023-09-14T17:17:12.255+0100] {logging_mixin.py:151} INFO - [2023-09-14T17:17:12.255+0100] {dagbag.py:539} INFO - Filling up the DagBag from /home/joestar/Documents/projects/airflow_etl/airflow_env/lib/python3.8/site-packages/airflow/example_dags/example_dynamic_task_mapping.py
[2023-09-14T17:17:12.262+0100] {processor.py:839} INFO - DAG(s) dict_keys(['example_dynamic_task_mapping']) retrieved from /home/joestar/Documents/projects/airflow_etl/airflow_env/lib/python3.8/site-packages/airflow/example_dags/example_dynamic_task_mapping.py
[2023-09-14T17:17:12.276+0100] {logging_mixin.py:151} INFO - [2023-09-14T17:17:12.276+0100] {dag.py:2915} INFO - Sync 1 DAGs
[2023-09-14T17:17:12.296+0100] {logging_mixin.py:151} INFO - [2023-09-14T17:17:12.296+0100] {dag.py:3696} INFO - Setting next_dagrun for example_dynamic_task_mapping to 2022-03-04T00:00:00+00:00, run_after=2022-03-05T00:00:00+00:00
[2023-09-14T17:17:12.324+0100] {processor.py:179} INFO - Processing /home/joestar/Documents/projects/airflow_etl/airflow_env/lib/python3.8/site-packages/airflow/example_dags/example_dynamic_task_mapping.py took 0.075 seconds
[2023-09-14T17:18:03.111+0100] {processor.py:157} INFO - Started process (PID=26710) to work on /home/joestar/Documents/projects/airflow_etl/airflow_env/lib/python3.8/site-packages/airflow/example_dags/example_dynamic_task_mapping.py
[2023-09-14T17:18:03.112+0100] {processor.py:829} INFO - Processing file /home/joestar/Documents/projects/airflow_etl/airflow_env/lib/python3.8/site-packages/airflow/example_dags/example_dynamic_task_mapping.py for tasks to queue
[2023-09-14T17:18:03.113+0100] {logging_mixin.py:151} INFO - [2023-09-14T17:18:03.113+0100] {dagbag.py:539} INFO - Filling up the DagBag from /home/joestar/Documents/projects/airflow_etl/airflow_env/lib/python3.8/site-packages/airflow/example_dags/example_dynamic_task_mapping.py
[2023-09-14T17:18:03.120+0100] {processor.py:839} INFO - DAG(s) dict_keys(['example_dynamic_task_mapping']) retrieved from /home/joestar/Documents/projects/airflow_etl/airflow_env/lib/python3.8/site-packages/airflow/example_dags/example_dynamic_task_mapping.py
[2023-09-14T17:18:03.134+0100] {logging_mixin.py:151} INFO - [2023-09-14T17:18:03.133+0100] {dag.py:2915} INFO - Sync 1 DAGs
[2023-09-14T17:18:03.152+0100] {logging_mixin.py:151} INFO - [2023-09-14T17:18:03.152+0100] {dag.py:3696} INFO - Setting next_dagrun for example_dynamic_task_mapping to 2022-03-04T00:00:00+00:00, run_after=2022-03-05T00:00:00+00:00
[2023-09-14T17:18:03.176+0100] {processor.py:179} INFO - Processing /home/joestar/Documents/projects/airflow_etl/airflow_env/lib/python3.8/site-packages/airflow/example_dags/example_dynamic_task_mapping.py took 0.067 seconds
[2023-09-14T17:18:53.665+0100] {processor.py:157} INFO - Started process (PID=27131) to work on /home/joestar/Documents/projects/airflow_etl/airflow_env/lib/python3.8/site-packages/airflow/example_dags/example_dynamic_task_mapping.py
[2023-09-14T17:18:53.669+0100] {processor.py:829} INFO - Processing file /home/joestar/Documents/projects/airflow_etl/airflow_env/lib/python3.8/site-packages/airflow/example_dags/example_dynamic_task_mapping.py for tasks to queue
[2023-09-14T17:18:53.671+0100] {logging_mixin.py:151} INFO - [2023-09-14T17:18:53.670+0100] {dagbag.py:539} INFO - Filling up the DagBag from /home/joestar/Documents/projects/airflow_etl/airflow_env/lib/python3.8/site-packages/airflow/example_dags/example_dynamic_task_mapping.py
[2023-09-14T17:18:53.691+0100] {processor.py:839} INFO - DAG(s) dict_keys(['example_dynamic_task_mapping']) retrieved from /home/joestar/Documents/projects/airflow_etl/airflow_env/lib/python3.8/site-packages/airflow/example_dags/example_dynamic_task_mapping.py
[2023-09-14T17:18:53.735+0100] {logging_mixin.py:151} INFO - [2023-09-14T17:18:53.735+0100] {dag.py:2915} INFO - Sync 1 DAGs
[2023-09-14T17:18:53.778+0100] {logging_mixin.py:151} INFO - [2023-09-14T17:18:53.778+0100] {dag.py:3696} INFO - Setting next_dagrun for example_dynamic_task_mapping to 2022-03-04T00:00:00+00:00, run_after=2022-03-05T00:00:00+00:00
[2023-09-14T17:18:53.834+0100] {processor.py:179} INFO - Processing /home/joestar/Documents/projects/airflow_etl/airflow_env/lib/python3.8/site-packages/airflow/example_dags/example_dynamic_task_mapping.py took 0.177 seconds
[2023-09-14T17:19:54.550+0100] {processor.py:157} INFO - Started process (PID=27427) to work on /home/joestar/Documents/projects/airflow_etl/airflow_env/lib/python3.8/site-packages/airflow/example_dags/example_dynamic_task_mapping.py
[2023-09-14T17:19:54.551+0100] {processor.py:829} INFO - Processing file /home/joestar/Documents/projects/airflow_etl/airflow_env/lib/python3.8/site-packages/airflow/example_dags/example_dynamic_task_mapping.py for tasks to queue
[2023-09-14T17:19:54.553+0100] {logging_mixin.py:151} INFO - [2023-09-14T17:19:54.552+0100] {dagbag.py:539} INFO - Filling up the DagBag from /home/joestar/Documents/projects/airflow_etl/airflow_env/lib/python3.8/site-packages/airflow/example_dags/example_dynamic_task_mapping.py
[2023-09-14T17:19:54.561+0100] {processor.py:839} INFO - DAG(s) dict_keys(['example_dynamic_task_mapping']) retrieved from /home/joestar/Documents/projects/airflow_etl/airflow_env/lib/python3.8/site-packages/airflow/example_dags/example_dynamic_task_mapping.py
[2023-09-14T17:19:54.578+0100] {logging_mixin.py:151} INFO - [2023-09-14T17:19:54.577+0100] {dag.py:2915} INFO - Sync 1 DAGs
[2023-09-14T17:19:54.602+0100] {logging_mixin.py:151} INFO - [2023-09-14T17:19:54.602+0100] {dag.py:3696} INFO - Setting next_dagrun for example_dynamic_task_mapping to 2022-03-04T00:00:00+00:00, run_after=2022-03-05T00:00:00+00:00
[2023-09-14T17:19:54.630+0100] {processor.py:179} INFO - Processing /home/joestar/Documents/projects/airflow_etl/airflow_env/lib/python3.8/site-packages/airflow/example_dags/example_dynamic_task_mapping.py took 0.085 seconds
[2023-09-14T17:20:45.356+0100] {processor.py:157} INFO - Started process (PID=27631) to work on /home/joestar/Documents/projects/airflow_etl/airflow_env/lib/python3.8/site-packages/airflow/example_dags/example_dynamic_task_mapping.py
[2023-09-14T17:20:45.360+0100] {processor.py:829} INFO - Processing file /home/joestar/Documents/projects/airflow_etl/airflow_env/lib/python3.8/site-packages/airflow/example_dags/example_dynamic_task_mapping.py for tasks to queue
[2023-09-14T17:20:45.361+0100] {logging_mixin.py:151} INFO - [2023-09-14T17:20:45.360+0100] {dagbag.py:539} INFO - Filling up the DagBag from /home/joestar/Documents/projects/airflow_etl/airflow_env/lib/python3.8/site-packages/airflow/example_dags/example_dynamic_task_mapping.py
[2023-09-14T17:20:45.372+0100] {processor.py:839} INFO - DAG(s) dict_keys(['example_dynamic_task_mapping']) retrieved from /home/joestar/Documents/projects/airflow_etl/airflow_env/lib/python3.8/site-packages/airflow/example_dags/example_dynamic_task_mapping.py
[2023-09-14T17:20:45.396+0100] {logging_mixin.py:151} INFO - [2023-09-14T17:20:45.395+0100] {dag.py:2915} INFO - Sync 1 DAGs
[2023-09-14T17:20:45.430+0100] {logging_mixin.py:151} INFO - [2023-09-14T17:20:45.430+0100] {dag.py:3696} INFO - Setting next_dagrun for example_dynamic_task_mapping to 2022-03-04T00:00:00+00:00, run_after=2022-03-05T00:00:00+00:00
[2023-09-14T17:20:45.469+0100] {processor.py:179} INFO - Processing /home/joestar/Documents/projects/airflow_etl/airflow_env/lib/python3.8/site-packages/airflow/example_dags/example_dynamic_task_mapping.py took 0.117 seconds
[2023-09-14T17:21:36.555+0100] {processor.py:157} INFO - Started process (PID=27864) to work on /home/joestar/Documents/projects/airflow_etl/airflow_env/lib/python3.8/site-packages/airflow/example_dags/example_dynamic_task_mapping.py
[2023-09-14T17:21:36.556+0100] {processor.py:829} INFO - Processing file /home/joestar/Documents/projects/airflow_etl/airflow_env/lib/python3.8/site-packages/airflow/example_dags/example_dynamic_task_mapping.py for tasks to queue
[2023-09-14T17:21:36.557+0100] {logging_mixin.py:151} INFO - [2023-09-14T17:21:36.556+0100] {dagbag.py:539} INFO - Filling up the DagBag from /home/joestar/Documents/projects/airflow_etl/airflow_env/lib/python3.8/site-packages/airflow/example_dags/example_dynamic_task_mapping.py
[2023-09-14T17:21:36.566+0100] {processor.py:839} INFO - DAG(s) dict_keys(['example_dynamic_task_mapping']) retrieved from /home/joestar/Documents/projects/airflow_etl/airflow_env/lib/python3.8/site-packages/airflow/example_dags/example_dynamic_task_mapping.py
[2023-09-14T17:21:36.586+0100] {logging_mixin.py:151} INFO - [2023-09-14T17:21:36.586+0100] {dag.py:2915} INFO - Sync 1 DAGs
[2023-09-14T17:21:36.614+0100] {logging_mixin.py:151} INFO - [2023-09-14T17:21:36.614+0100] {dag.py:3696} INFO - Setting next_dagrun for example_dynamic_task_mapping to 2022-03-04T00:00:00+00:00, run_after=2022-03-05T00:00:00+00:00
[2023-09-14T17:21:36.643+0100] {processor.py:179} INFO - Processing /home/joestar/Documents/projects/airflow_etl/airflow_env/lib/python3.8/site-packages/airflow/example_dags/example_dynamic_task_mapping.py took 0.092 seconds
[2023-09-14T17:22:29.891+0100] {processor.py:157} INFO - Started process (PID=28084) to work on /home/joestar/Documents/projects/airflow_etl/airflow_env/lib/python3.8/site-packages/airflow/example_dags/example_dynamic_task_mapping.py
[2023-09-14T17:22:29.893+0100] {processor.py:829} INFO - Processing file /home/joestar/Documents/projects/airflow_etl/airflow_env/lib/python3.8/site-packages/airflow/example_dags/example_dynamic_task_mapping.py for tasks to queue
[2023-09-14T17:22:29.895+0100] {logging_mixin.py:151} INFO - [2023-09-14T17:22:29.894+0100] {dagbag.py:539} INFO - Filling up the DagBag from /home/joestar/Documents/projects/airflow_etl/airflow_env/lib/python3.8/site-packages/airflow/example_dags/example_dynamic_task_mapping.py
[2023-09-14T17:22:29.910+0100] {processor.py:839} INFO - DAG(s) dict_keys(['example_dynamic_task_mapping']) retrieved from /home/joestar/Documents/projects/airflow_etl/airflow_env/lib/python3.8/site-packages/airflow/example_dags/example_dynamic_task_mapping.py
[2023-09-14T17:22:29.934+0100] {logging_mixin.py:151} INFO - [2023-09-14T17:22:29.933+0100] {dag.py:2915} INFO - Sync 1 DAGs
[2023-09-14T17:22:29.964+0100] {logging_mixin.py:151} INFO - [2023-09-14T17:22:29.963+0100] {dag.py:3696} INFO - Setting next_dagrun for example_dynamic_task_mapping to 2022-03-04T00:00:00+00:00, run_after=2022-03-05T00:00:00+00:00
[2023-09-14T17:22:30.004+0100] {processor.py:179} INFO - Processing /home/joestar/Documents/projects/airflow_etl/airflow_env/lib/python3.8/site-packages/airflow/example_dags/example_dynamic_task_mapping.py took 0.118 seconds
[2023-09-14T17:23:24.467+0100] {processor.py:157} INFO - Started process (PID=28335) to work on /home/joestar/Documents/projects/airflow_etl/airflow_env/lib/python3.8/site-packages/airflow/example_dags/example_dynamic_task_mapping.py
[2023-09-14T17:23:24.469+0100] {processor.py:829} INFO - Processing file /home/joestar/Documents/projects/airflow_etl/airflow_env/lib/python3.8/site-packages/airflow/example_dags/example_dynamic_task_mapping.py for tasks to queue
[2023-09-14T17:23:24.470+0100] {logging_mixin.py:151} INFO - [2023-09-14T17:23:24.469+0100] {dagbag.py:539} INFO - Filling up the DagBag from /home/joestar/Documents/projects/airflow_etl/airflow_env/lib/python3.8/site-packages/airflow/example_dags/example_dynamic_task_mapping.py
[2023-09-14T17:23:24.482+0100] {processor.py:839} INFO - DAG(s) dict_keys(['example_dynamic_task_mapping']) retrieved from /home/joestar/Documents/projects/airflow_etl/airflow_env/lib/python3.8/site-packages/airflow/example_dags/example_dynamic_task_mapping.py
[2023-09-14T17:23:24.507+0100] {logging_mixin.py:151} INFO - [2023-09-14T17:23:24.507+0100] {dag.py:2915} INFO - Sync 1 DAGs
[2023-09-14T17:23:24.543+0100] {logging_mixin.py:151} INFO - [2023-09-14T17:23:24.543+0100] {dag.py:3696} INFO - Setting next_dagrun for example_dynamic_task_mapping to 2022-03-04T00:00:00+00:00, run_after=2022-03-05T00:00:00+00:00
[2023-09-14T17:23:24.627+0100] {processor.py:179} INFO - Processing /home/joestar/Documents/projects/airflow_etl/airflow_env/lib/python3.8/site-packages/airflow/example_dags/example_dynamic_task_mapping.py took 0.163 seconds
[2023-09-14T17:24:24.182+0100] {processor.py:157} INFO - Started process (PID=28595) to work on /home/joestar/Documents/projects/airflow_etl/airflow_env/lib/python3.8/site-packages/airflow/example_dags/example_dynamic_task_mapping.py
[2023-09-14T17:24:24.183+0100] {processor.py:829} INFO - Processing file /home/joestar/Documents/projects/airflow_etl/airflow_env/lib/python3.8/site-packages/airflow/example_dags/example_dynamic_task_mapping.py for tasks to queue
[2023-09-14T17:24:24.184+0100] {logging_mixin.py:151} INFO - [2023-09-14T17:24:24.184+0100] {dagbag.py:539} INFO - Filling up the DagBag from /home/joestar/Documents/projects/airflow_etl/airflow_env/lib/python3.8/site-packages/airflow/example_dags/example_dynamic_task_mapping.py
[2023-09-14T17:24:24.192+0100] {processor.py:839} INFO - DAG(s) dict_keys(['example_dynamic_task_mapping']) retrieved from /home/joestar/Documents/projects/airflow_etl/airflow_env/lib/python3.8/site-packages/airflow/example_dags/example_dynamic_task_mapping.py
[2023-09-14T17:24:24.206+0100] {logging_mixin.py:151} INFO - [2023-09-14T17:24:24.205+0100] {dag.py:2915} INFO - Sync 1 DAGs
[2023-09-14T17:24:24.226+0100] {logging_mixin.py:151} INFO - [2023-09-14T17:24:24.226+0100] {dag.py:3696} INFO - Setting next_dagrun for example_dynamic_task_mapping to 2022-03-04T00:00:00+00:00, run_after=2022-03-05T00:00:00+00:00
[2023-09-14T17:24:24.250+0100] {processor.py:179} INFO - Processing /home/joestar/Documents/projects/airflow_etl/airflow_env/lib/python3.8/site-packages/airflow/example_dags/example_dynamic_task_mapping.py took 0.071 seconds
[2023-09-14T17:25:21.685+0100] {processor.py:157} INFO - Started process (PID=28832) to work on /home/joestar/Documents/projects/airflow_etl/airflow_env/lib/python3.8/site-packages/airflow/example_dags/example_dynamic_task_mapping.py
[2023-09-14T17:25:21.686+0100] {processor.py:829} INFO - Processing file /home/joestar/Documents/projects/airflow_etl/airflow_env/lib/python3.8/site-packages/airflow/example_dags/example_dynamic_task_mapping.py for tasks to queue
[2023-09-14T17:25:21.687+0100] {logging_mixin.py:151} INFO - [2023-09-14T17:25:21.687+0100] {dagbag.py:539} INFO - Filling up the DagBag from /home/joestar/Documents/projects/airflow_etl/airflow_env/lib/python3.8/site-packages/airflow/example_dags/example_dynamic_task_mapping.py
[2023-09-14T17:25:21.694+0100] {processor.py:839} INFO - DAG(s) dict_keys(['example_dynamic_task_mapping']) retrieved from /home/joestar/Documents/projects/airflow_etl/airflow_env/lib/python3.8/site-packages/airflow/example_dags/example_dynamic_task_mapping.py
[2023-09-14T17:25:21.708+0100] {logging_mixin.py:151} INFO - [2023-09-14T17:25:21.707+0100] {dag.py:2915} INFO - Sync 1 DAGs
[2023-09-14T17:25:21.731+0100] {logging_mixin.py:151} INFO - [2023-09-14T17:25:21.731+0100] {dag.py:3696} INFO - Setting next_dagrun for example_dynamic_task_mapping to 2022-03-04T00:00:00+00:00, run_after=2022-03-05T00:00:00+00:00
[2023-09-14T17:25:21.758+0100] {processor.py:179} INFO - Processing /home/joestar/Documents/projects/airflow_etl/airflow_env/lib/python3.8/site-packages/airflow/example_dags/example_dynamic_task_mapping.py took 0.075 seconds
[2023-09-14T17:26:14.911+0100] {processor.py:157} INFO - Started process (PID=29065) to work on /home/joestar/Documents/projects/airflow_etl/airflow_env/lib/python3.8/site-packages/airflow/example_dags/example_dynamic_task_mapping.py
[2023-09-14T17:26:14.912+0100] {processor.py:829} INFO - Processing file /home/joestar/Documents/projects/airflow_etl/airflow_env/lib/python3.8/site-packages/airflow/example_dags/example_dynamic_task_mapping.py for tasks to queue
[2023-09-14T17:26:14.913+0100] {logging_mixin.py:151} INFO - [2023-09-14T17:26:14.913+0100] {dagbag.py:539} INFO - Filling up the DagBag from /home/joestar/Documents/projects/airflow_etl/airflow_env/lib/python3.8/site-packages/airflow/example_dags/example_dynamic_task_mapping.py
[2023-09-14T17:26:14.921+0100] {processor.py:839} INFO - DAG(s) dict_keys(['example_dynamic_task_mapping']) retrieved from /home/joestar/Documents/projects/airflow_etl/airflow_env/lib/python3.8/site-packages/airflow/example_dags/example_dynamic_task_mapping.py
[2023-09-14T17:26:14.938+0100] {logging_mixin.py:151} INFO - [2023-09-14T17:26:14.938+0100] {dag.py:2915} INFO - Sync 1 DAGs
[2023-09-14T17:26:14.967+0100] {logging_mixin.py:151} INFO - [2023-09-14T17:26:14.966+0100] {dag.py:3696} INFO - Setting next_dagrun for example_dynamic_task_mapping to 2022-03-04T00:00:00+00:00, run_after=2022-03-05T00:00:00+00:00
[2023-09-14T17:26:14.994+0100] {processor.py:179} INFO - Processing /home/joestar/Documents/projects/airflow_etl/airflow_env/lib/python3.8/site-packages/airflow/example_dags/example_dynamic_task_mapping.py took 0.086 seconds
[2023-09-14T17:27:07.851+0100] {processor.py:157} INFO - Started process (PID=29308) to work on /home/joestar/Documents/projects/airflow_etl/airflow_env/lib/python3.8/site-packages/airflow/example_dags/example_dynamic_task_mapping.py
[2023-09-14T17:27:07.852+0100] {processor.py:829} INFO - Processing file /home/joestar/Documents/projects/airflow_etl/airflow_env/lib/python3.8/site-packages/airflow/example_dags/example_dynamic_task_mapping.py for tasks to queue
[2023-09-14T17:27:07.854+0100] {logging_mixin.py:151} INFO - [2023-09-14T17:27:07.853+0100] {dagbag.py:539} INFO - Filling up the DagBag from /home/joestar/Documents/projects/airflow_etl/airflow_env/lib/python3.8/site-packages/airflow/example_dags/example_dynamic_task_mapping.py
[2023-09-14T17:27:07.863+0100] {processor.py:839} INFO - DAG(s) dict_keys(['example_dynamic_task_mapping']) retrieved from /home/joestar/Documents/projects/airflow_etl/airflow_env/lib/python3.8/site-packages/airflow/example_dags/example_dynamic_task_mapping.py
[2023-09-14T17:27:07.885+0100] {logging_mixin.py:151} INFO - [2023-09-14T17:27:07.885+0100] {dag.py:2915} INFO - Sync 1 DAGs
[2023-09-14T17:27:07.918+0100] {logging_mixin.py:151} INFO - [2023-09-14T17:27:07.918+0100] {dag.py:3696} INFO - Setting next_dagrun for example_dynamic_task_mapping to 2022-03-04T00:00:00+00:00, run_after=2022-03-05T00:00:00+00:00
[2023-09-14T17:27:07.954+0100] {processor.py:179} INFO - Processing /home/joestar/Documents/projects/airflow_etl/airflow_env/lib/python3.8/site-packages/airflow/example_dags/example_dynamic_task_mapping.py took 0.107 seconds
[2023-09-14T17:28:03.743+0100] {processor.py:157} INFO - Started process (PID=29551) to work on /home/joestar/Documents/projects/airflow_etl/airflow_env/lib/python3.8/site-packages/airflow/example_dags/example_dynamic_task_mapping.py
[2023-09-14T17:28:03.744+0100] {processor.py:829} INFO - Processing file /home/joestar/Documents/projects/airflow_etl/airflow_env/lib/python3.8/site-packages/airflow/example_dags/example_dynamic_task_mapping.py for tasks to queue
[2023-09-14T17:28:03.745+0100] {logging_mixin.py:151} INFO - [2023-09-14T17:28:03.744+0100] {dagbag.py:539} INFO - Filling up the DagBag from /home/joestar/Documents/projects/airflow_etl/airflow_env/lib/python3.8/site-packages/airflow/example_dags/example_dynamic_task_mapping.py
[2023-09-14T17:28:03.754+0100] {processor.py:839} INFO - DAG(s) dict_keys(['example_dynamic_task_mapping']) retrieved from /home/joestar/Documents/projects/airflow_etl/airflow_env/lib/python3.8/site-packages/airflow/example_dags/example_dynamic_task_mapping.py
[2023-09-14T17:28:03.767+0100] {logging_mixin.py:151} INFO - [2023-09-14T17:28:03.767+0100] {dag.py:2915} INFO - Sync 1 DAGs
[2023-09-14T17:28:03.786+0100] {logging_mixin.py:151} INFO - [2023-09-14T17:28:03.785+0100] {dag.py:3696} INFO - Setting next_dagrun for example_dynamic_task_mapping to 2022-03-04T00:00:00+00:00, run_after=2022-03-05T00:00:00+00:00
[2023-09-14T17:28:03.812+0100] {processor.py:179} INFO - Processing /home/joestar/Documents/projects/airflow_etl/airflow_env/lib/python3.8/site-packages/airflow/example_dags/example_dynamic_task_mapping.py took 0.072 seconds
[2023-09-14T17:28:55.613+0100] {processor.py:157} INFO - Started process (PID=29774) to work on /home/joestar/Documents/projects/airflow_etl/airflow_env/lib/python3.8/site-packages/airflow/example_dags/example_dynamic_task_mapping.py
[2023-09-14T17:28:55.614+0100] {processor.py:829} INFO - Processing file /home/joestar/Documents/projects/airflow_etl/airflow_env/lib/python3.8/site-packages/airflow/example_dags/example_dynamic_task_mapping.py for tasks to queue
[2023-09-14T17:28:55.615+0100] {logging_mixin.py:151} INFO - [2023-09-14T17:28:55.615+0100] {dagbag.py:539} INFO - Filling up the DagBag from /home/joestar/Documents/projects/airflow_etl/airflow_env/lib/python3.8/site-packages/airflow/example_dags/example_dynamic_task_mapping.py
[2023-09-14T17:28:55.625+0100] {processor.py:839} INFO - DAG(s) dict_keys(['example_dynamic_task_mapping']) retrieved from /home/joestar/Documents/projects/airflow_etl/airflow_env/lib/python3.8/site-packages/airflow/example_dags/example_dynamic_task_mapping.py
[2023-09-14T17:28:55.644+0100] {logging_mixin.py:151} INFO - [2023-09-14T17:28:55.644+0100] {dag.py:2915} INFO - Sync 1 DAGs
[2023-09-14T17:28:55.674+0100] {logging_mixin.py:151} INFO - [2023-09-14T17:28:55.673+0100] {dag.py:3696} INFO - Setting next_dagrun for example_dynamic_task_mapping to 2022-03-04T00:00:00+00:00, run_after=2022-03-05T00:00:00+00:00
[2023-09-14T17:28:55.708+0100] {processor.py:179} INFO - Processing /home/joestar/Documents/projects/airflow_etl/airflow_env/lib/python3.8/site-packages/airflow/example_dags/example_dynamic_task_mapping.py took 0.099 seconds
[2023-09-14T17:29:47.912+0100] {processor.py:157} INFO - Started process (PID=30026) to work on /home/joestar/Documents/projects/airflow_etl/airflow_env/lib/python3.8/site-packages/airflow/example_dags/example_dynamic_task_mapping.py
[2023-09-14T17:29:47.913+0100] {processor.py:829} INFO - Processing file /home/joestar/Documents/projects/airflow_etl/airflow_env/lib/python3.8/site-packages/airflow/example_dags/example_dynamic_task_mapping.py for tasks to queue
[2023-09-14T17:29:47.915+0100] {logging_mixin.py:151} INFO - [2023-09-14T17:29:47.914+0100] {dagbag.py:539} INFO - Filling up the DagBag from /home/joestar/Documents/projects/airflow_etl/airflow_env/lib/python3.8/site-packages/airflow/example_dags/example_dynamic_task_mapping.py
[2023-09-14T17:29:47.924+0100] {processor.py:839} INFO - DAG(s) dict_keys(['example_dynamic_task_mapping']) retrieved from /home/joestar/Documents/projects/airflow_etl/airflow_env/lib/python3.8/site-packages/airflow/example_dags/example_dynamic_task_mapping.py
[2023-09-14T17:29:47.937+0100] {logging_mixin.py:151} INFO - [2023-09-14T17:29:47.937+0100] {dag.py:2915} INFO - Sync 1 DAGs
[2023-09-14T17:29:47.954+0100] {logging_mixin.py:151} INFO - [2023-09-14T17:29:47.953+0100] {dag.py:3696} INFO - Setting next_dagrun for example_dynamic_task_mapping to 2022-03-04T00:00:00+00:00, run_after=2022-03-05T00:00:00+00:00
[2023-09-14T17:29:47.985+0100] {processor.py:179} INFO - Processing /home/joestar/Documents/projects/airflow_etl/airflow_env/lib/python3.8/site-packages/airflow/example_dags/example_dynamic_task_mapping.py took 0.078 seconds
[2023-09-14T17:30:40.872+0100] {processor.py:157} INFO - Started process (PID=30276) to work on /home/joestar/Documents/projects/airflow_etl/airflow_env/lib/python3.8/site-packages/airflow/example_dags/example_dynamic_task_mapping.py
[2023-09-14T17:30:40.873+0100] {processor.py:829} INFO - Processing file /home/joestar/Documents/projects/airflow_etl/airflow_env/lib/python3.8/site-packages/airflow/example_dags/example_dynamic_task_mapping.py for tasks to queue
[2023-09-14T17:30:40.875+0100] {logging_mixin.py:151} INFO - [2023-09-14T17:30:40.874+0100] {dagbag.py:539} INFO - Filling up the DagBag from /home/joestar/Documents/projects/airflow_etl/airflow_env/lib/python3.8/site-packages/airflow/example_dags/example_dynamic_task_mapping.py
[2023-09-14T17:30:40.887+0100] {processor.py:839} INFO - DAG(s) dict_keys(['example_dynamic_task_mapping']) retrieved from /home/joestar/Documents/projects/airflow_etl/airflow_env/lib/python3.8/site-packages/airflow/example_dags/example_dynamic_task_mapping.py
[2023-09-14T17:30:40.914+0100] {logging_mixin.py:151} INFO - [2023-09-14T17:30:40.913+0100] {dag.py:2915} INFO - Sync 1 DAGs
[2023-09-14T17:30:40.949+0100] {logging_mixin.py:151} INFO - [2023-09-14T17:30:40.949+0100] {dag.py:3696} INFO - Setting next_dagrun for example_dynamic_task_mapping to 2022-03-04T00:00:00+00:00, run_after=2022-03-05T00:00:00+00:00
[2023-09-14T17:30:40.987+0100] {processor.py:179} INFO - Processing /home/joestar/Documents/projects/airflow_etl/airflow_env/lib/python3.8/site-packages/airflow/example_dags/example_dynamic_task_mapping.py took 0.120 seconds
[2023-09-14T17:31:31.017+0100] {processor.py:157} INFO - Started process (PID=30509) to work on /home/joestar/Documents/projects/airflow_etl/airflow_env/lib/python3.8/site-packages/airflow/example_dags/example_dynamic_task_mapping.py
[2023-09-14T17:31:31.018+0100] {processor.py:829} INFO - Processing file /home/joestar/Documents/projects/airflow_etl/airflow_env/lib/python3.8/site-packages/airflow/example_dags/example_dynamic_task_mapping.py for tasks to queue
[2023-09-14T17:31:31.019+0100] {logging_mixin.py:151} INFO - [2023-09-14T17:31:31.019+0100] {dagbag.py:539} INFO - Filling up the DagBag from /home/joestar/Documents/projects/airflow_etl/airflow_env/lib/python3.8/site-packages/airflow/example_dags/example_dynamic_task_mapping.py
[2023-09-14T17:31:31.026+0100] {processor.py:839} INFO - DAG(s) dict_keys(['example_dynamic_task_mapping']) retrieved from /home/joestar/Documents/projects/airflow_etl/airflow_env/lib/python3.8/site-packages/airflow/example_dags/example_dynamic_task_mapping.py
[2023-09-14T17:31:31.039+0100] {logging_mixin.py:151} INFO - [2023-09-14T17:31:31.039+0100] {dag.py:2915} INFO - Sync 1 DAGs
[2023-09-14T17:31:31.057+0100] {logging_mixin.py:151} INFO - [2023-09-14T17:31:31.057+0100] {dag.py:3696} INFO - Setting next_dagrun for example_dynamic_task_mapping to 2022-03-04T00:00:00+00:00, run_after=2022-03-05T00:00:00+00:00
[2023-09-14T17:31:31.081+0100] {processor.py:179} INFO - Processing /home/joestar/Documents/projects/airflow_etl/airflow_env/lib/python3.8/site-packages/airflow/example_dags/example_dynamic_task_mapping.py took 0.066 seconds
[2023-09-14T17:32:22.982+0100] {processor.py:157} INFO - Started process (PID=30743) to work on /home/joestar/Documents/projects/airflow_etl/airflow_env/lib/python3.8/site-packages/airflow/example_dags/example_dynamic_task_mapping.py
[2023-09-14T17:32:22.983+0100] {processor.py:829} INFO - Processing file /home/joestar/Documents/projects/airflow_etl/airflow_env/lib/python3.8/site-packages/airflow/example_dags/example_dynamic_task_mapping.py for tasks to queue
[2023-09-14T17:32:22.984+0100] {logging_mixin.py:151} INFO - [2023-09-14T17:32:22.983+0100] {dagbag.py:539} INFO - Filling up the DagBag from /home/joestar/Documents/projects/airflow_etl/airflow_env/lib/python3.8/site-packages/airflow/example_dags/example_dynamic_task_mapping.py
[2023-09-14T17:32:22.990+0100] {processor.py:839} INFO - DAG(s) dict_keys(['example_dynamic_task_mapping']) retrieved from /home/joestar/Documents/projects/airflow_etl/airflow_env/lib/python3.8/site-packages/airflow/example_dags/example_dynamic_task_mapping.py
[2023-09-14T17:32:23.002+0100] {logging_mixin.py:151} INFO - [2023-09-14T17:32:23.002+0100] {dag.py:2915} INFO - Sync 1 DAGs
[2023-09-14T17:32:23.019+0100] {logging_mixin.py:151} INFO - [2023-09-14T17:32:23.018+0100] {dag.py:3696} INFO - Setting next_dagrun for example_dynamic_task_mapping to 2022-03-04T00:00:00+00:00, run_after=2022-03-05T00:00:00+00:00
[2023-09-14T17:32:23.040+0100] {processor.py:179} INFO - Processing /home/joestar/Documents/projects/airflow_etl/airflow_env/lib/python3.8/site-packages/airflow/example_dags/example_dynamic_task_mapping.py took 0.061 seconds
[2023-09-14T17:33:14.944+0100] {processor.py:157} INFO - Started process (PID=30977) to work on /home/joestar/Documents/projects/airflow_etl/airflow_env/lib/python3.8/site-packages/airflow/example_dags/example_dynamic_task_mapping.py
[2023-09-14T17:33:14.945+0100] {processor.py:829} INFO - Processing file /home/joestar/Documents/projects/airflow_etl/airflow_env/lib/python3.8/site-packages/airflow/example_dags/example_dynamic_task_mapping.py for tasks to queue
[2023-09-14T17:33:14.946+0100] {logging_mixin.py:151} INFO - [2023-09-14T17:33:14.946+0100] {dagbag.py:539} INFO - Filling up the DagBag from /home/joestar/Documents/projects/airflow_etl/airflow_env/lib/python3.8/site-packages/airflow/example_dags/example_dynamic_task_mapping.py
[2023-09-14T17:33:14.958+0100] {processor.py:839} INFO - DAG(s) dict_keys(['example_dynamic_task_mapping']) retrieved from /home/joestar/Documents/projects/airflow_etl/airflow_env/lib/python3.8/site-packages/airflow/example_dags/example_dynamic_task_mapping.py
[2023-09-14T17:33:14.978+0100] {logging_mixin.py:151} INFO - [2023-09-14T17:33:14.978+0100] {dag.py:2915} INFO - Sync 1 DAGs
[2023-09-14T17:33:15.005+0100] {logging_mixin.py:151} INFO - [2023-09-14T17:33:15.004+0100] {dag.py:3696} INFO - Setting next_dagrun for example_dynamic_task_mapping to 2022-03-04T00:00:00+00:00, run_after=2022-03-05T00:00:00+00:00
[2023-09-14T17:33:15.031+0100] {processor.py:179} INFO - Processing /home/joestar/Documents/projects/airflow_etl/airflow_env/lib/python3.8/site-packages/airflow/example_dags/example_dynamic_task_mapping.py took 0.090 seconds
[2023-09-14T17:34:08.503+0100] {processor.py:157} INFO - Started process (PID=31227) to work on /home/joestar/Documents/projects/airflow_etl/airflow_env/lib/python3.8/site-packages/airflow/example_dags/example_dynamic_task_mapping.py
[2023-09-14T17:34:08.504+0100] {processor.py:829} INFO - Processing file /home/joestar/Documents/projects/airflow_etl/airflow_env/lib/python3.8/site-packages/airflow/example_dags/example_dynamic_task_mapping.py for tasks to queue
[2023-09-14T17:34:08.506+0100] {logging_mixin.py:151} INFO - [2023-09-14T17:34:08.505+0100] {dagbag.py:539} INFO - Filling up the DagBag from /home/joestar/Documents/projects/airflow_etl/airflow_env/lib/python3.8/site-packages/airflow/example_dags/example_dynamic_task_mapping.py
[2023-09-14T17:34:08.515+0100] {processor.py:839} INFO - DAG(s) dict_keys(['example_dynamic_task_mapping']) retrieved from /home/joestar/Documents/projects/airflow_etl/airflow_env/lib/python3.8/site-packages/airflow/example_dags/example_dynamic_task_mapping.py
[2023-09-14T17:34:08.534+0100] {logging_mixin.py:151} INFO - [2023-09-14T17:34:08.534+0100] {dag.py:2915} INFO - Sync 1 DAGs
[2023-09-14T17:34:08.560+0100] {logging_mixin.py:151} INFO - [2023-09-14T17:34:08.559+0100] {dag.py:3696} INFO - Setting next_dagrun for example_dynamic_task_mapping to 2022-03-04T00:00:00+00:00, run_after=2022-03-05T00:00:00+00:00
[2023-09-14T17:34:08.591+0100] {processor.py:179} INFO - Processing /home/joestar/Documents/projects/airflow_etl/airflow_env/lib/python3.8/site-packages/airflow/example_dags/example_dynamic_task_mapping.py took 0.092 seconds
[2023-09-14T17:35:01.554+0100] {processor.py:157} INFO - Started process (PID=31458) to work on /home/joestar/Documents/projects/airflow_etl/airflow_env/lib/python3.8/site-packages/airflow/example_dags/example_dynamic_task_mapping.py
[2023-09-14T17:35:01.555+0100] {processor.py:829} INFO - Processing file /home/joestar/Documents/projects/airflow_etl/airflow_env/lib/python3.8/site-packages/airflow/example_dags/example_dynamic_task_mapping.py for tasks to queue
[2023-09-14T17:35:01.555+0100] {logging_mixin.py:151} INFO - [2023-09-14T17:35:01.555+0100] {dagbag.py:539} INFO - Filling up the DagBag from /home/joestar/Documents/projects/airflow_etl/airflow_env/lib/python3.8/site-packages/airflow/example_dags/example_dynamic_task_mapping.py
[2023-09-14T17:35:01.563+0100] {processor.py:839} INFO - DAG(s) dict_keys(['example_dynamic_task_mapping']) retrieved from /home/joestar/Documents/projects/airflow_etl/airflow_env/lib/python3.8/site-packages/airflow/example_dags/example_dynamic_task_mapping.py
[2023-09-14T17:35:01.576+0100] {logging_mixin.py:151} INFO - [2023-09-14T17:35:01.575+0100] {dag.py:2915} INFO - Sync 1 DAGs
[2023-09-14T17:35:01.594+0100] {logging_mixin.py:151} INFO - [2023-09-14T17:35:01.594+0100] {dag.py:3696} INFO - Setting next_dagrun for example_dynamic_task_mapping to 2022-03-04T00:00:00+00:00, run_after=2022-03-05T00:00:00+00:00
[2023-09-14T17:35:01.622+0100] {processor.py:179} INFO - Processing /home/joestar/Documents/projects/airflow_etl/airflow_env/lib/python3.8/site-packages/airflow/example_dags/example_dynamic_task_mapping.py took 0.071 seconds
[2023-09-14T17:35:52.371+0100] {processor.py:157} INFO - Started process (PID=31694) to work on /home/joestar/Documents/projects/airflow_etl/airflow_env/lib/python3.8/site-packages/airflow/example_dags/example_dynamic_task_mapping.py
[2023-09-14T17:35:52.376+0100] {processor.py:829} INFO - Processing file /home/joestar/Documents/projects/airflow_etl/airflow_env/lib/python3.8/site-packages/airflow/example_dags/example_dynamic_task_mapping.py for tasks to queue
[2023-09-14T17:35:52.378+0100] {logging_mixin.py:151} INFO - [2023-09-14T17:35:52.377+0100] {dagbag.py:539} INFO - Filling up the DagBag from /home/joestar/Documents/projects/airflow_etl/airflow_env/lib/python3.8/site-packages/airflow/example_dags/example_dynamic_task_mapping.py
[2023-09-14T17:35:52.388+0100] {processor.py:839} INFO - DAG(s) dict_keys(['example_dynamic_task_mapping']) retrieved from /home/joestar/Documents/projects/airflow_etl/airflow_env/lib/python3.8/site-packages/airflow/example_dags/example_dynamic_task_mapping.py
[2023-09-14T17:35:52.407+0100] {logging_mixin.py:151} INFO - [2023-09-14T17:35:52.406+0100] {dag.py:2915} INFO - Sync 1 DAGs
[2023-09-14T17:35:52.427+0100] {logging_mixin.py:151} INFO - [2023-09-14T17:35:52.426+0100] {dag.py:3696} INFO - Setting next_dagrun for example_dynamic_task_mapping to 2022-03-04T00:00:00+00:00, run_after=2022-03-05T00:00:00+00:00
[2023-09-14T17:35:52.453+0100] {processor.py:179} INFO - Processing /home/joestar/Documents/projects/airflow_etl/airflow_env/lib/python3.8/site-packages/airflow/example_dags/example_dynamic_task_mapping.py took 0.086 seconds
[2023-09-14T17:36:43.351+0100] {processor.py:157} INFO - Started process (PID=31928) to work on /home/joestar/Documents/projects/airflow_etl/airflow_env/lib/python3.8/site-packages/airflow/example_dags/example_dynamic_task_mapping.py
[2023-09-14T17:36:43.352+0100] {processor.py:829} INFO - Processing file /home/joestar/Documents/projects/airflow_etl/airflow_env/lib/python3.8/site-packages/airflow/example_dags/example_dynamic_task_mapping.py for tasks to queue
[2023-09-14T17:36:43.353+0100] {logging_mixin.py:151} INFO - [2023-09-14T17:36:43.353+0100] {dagbag.py:539} INFO - Filling up the DagBag from /home/joestar/Documents/projects/airflow_etl/airflow_env/lib/python3.8/site-packages/airflow/example_dags/example_dynamic_task_mapping.py
[2023-09-14T17:36:43.361+0100] {processor.py:839} INFO - DAG(s) dict_keys(['example_dynamic_task_mapping']) retrieved from /home/joestar/Documents/projects/airflow_etl/airflow_env/lib/python3.8/site-packages/airflow/example_dags/example_dynamic_task_mapping.py
[2023-09-14T17:36:43.383+0100] {logging_mixin.py:151} INFO - [2023-09-14T17:36:43.382+0100] {dag.py:2915} INFO - Sync 1 DAGs
[2023-09-14T17:36:43.405+0100] {logging_mixin.py:151} INFO - [2023-09-14T17:36:43.405+0100] {dag.py:3696} INFO - Setting next_dagrun for example_dynamic_task_mapping to 2022-03-04T00:00:00+00:00, run_after=2022-03-05T00:00:00+00:00
[2023-09-14T17:36:43.436+0100] {processor.py:179} INFO - Processing /home/joestar/Documents/projects/airflow_etl/airflow_env/lib/python3.8/site-packages/airflow/example_dags/example_dynamic_task_mapping.py took 0.087 seconds
[2023-09-14T17:37:39.919+0100] {processor.py:157} INFO - Started process (PID=32217) to work on /home/joestar/Documents/projects/airflow_etl/airflow_env/lib/python3.8/site-packages/airflow/example_dags/example_dynamic_task_mapping.py
[2023-09-14T17:37:39.921+0100] {processor.py:829} INFO - Processing file /home/joestar/Documents/projects/airflow_etl/airflow_env/lib/python3.8/site-packages/airflow/example_dags/example_dynamic_task_mapping.py for tasks to queue
[2023-09-14T17:37:39.922+0100] {logging_mixin.py:151} INFO - [2023-09-14T17:37:39.921+0100] {dagbag.py:539} INFO - Filling up the DagBag from /home/joestar/Documents/projects/airflow_etl/airflow_env/lib/python3.8/site-packages/airflow/example_dags/example_dynamic_task_mapping.py
[2023-09-14T17:37:39.934+0100] {processor.py:839} INFO - DAG(s) dict_keys(['example_dynamic_task_mapping']) retrieved from /home/joestar/Documents/projects/airflow_etl/airflow_env/lib/python3.8/site-packages/airflow/example_dags/example_dynamic_task_mapping.py
[2023-09-14T17:37:39.956+0100] {logging_mixin.py:151} INFO - [2023-09-14T17:37:39.955+0100] {dag.py:2915} INFO - Sync 1 DAGs
[2023-09-14T17:37:39.984+0100] {logging_mixin.py:151} INFO - [2023-09-14T17:37:39.983+0100] {dag.py:3696} INFO - Setting next_dagrun for example_dynamic_task_mapping to 2022-03-04T00:00:00+00:00, run_after=2022-03-05T00:00:00+00:00
[2023-09-14T17:37:40.021+0100] {processor.py:179} INFO - Processing /home/joestar/Documents/projects/airflow_etl/airflow_env/lib/python3.8/site-packages/airflow/example_dags/example_dynamic_task_mapping.py took 0.107 seconds
[2023-09-14T17:38:36.529+0100] {processor.py:157} INFO - Started process (PID=32710) to work on /home/joestar/Documents/projects/airflow_etl/airflow_env/lib/python3.8/site-packages/airflow/example_dags/example_dynamic_task_mapping.py
[2023-09-14T17:38:36.530+0100] {processor.py:829} INFO - Processing file /home/joestar/Documents/projects/airflow_etl/airflow_env/lib/python3.8/site-packages/airflow/example_dags/example_dynamic_task_mapping.py for tasks to queue
[2023-09-14T17:38:36.532+0100] {logging_mixin.py:151} INFO - [2023-09-14T17:38:36.531+0100] {dagbag.py:539} INFO - Filling up the DagBag from /home/joestar/Documents/projects/airflow_etl/airflow_env/lib/python3.8/site-packages/airflow/example_dags/example_dynamic_task_mapping.py
[2023-09-14T17:38:36.541+0100] {processor.py:839} INFO - DAG(s) dict_keys(['example_dynamic_task_mapping']) retrieved from /home/joestar/Documents/projects/airflow_etl/airflow_env/lib/python3.8/site-packages/airflow/example_dags/example_dynamic_task_mapping.py
[2023-09-14T17:38:36.559+0100] {logging_mixin.py:151} INFO - [2023-09-14T17:38:36.559+0100] {dag.py:2915} INFO - Sync 1 DAGs
[2023-09-14T17:38:36.588+0100] {logging_mixin.py:151} INFO - [2023-09-14T17:38:36.588+0100] {dag.py:3696} INFO - Setting next_dagrun for example_dynamic_task_mapping to 2022-03-04T00:00:00+00:00, run_after=2022-03-05T00:00:00+00:00
[2023-09-14T17:38:36.680+0100] {processor.py:179} INFO - Processing /home/joestar/Documents/projects/airflow_etl/airflow_env/lib/python3.8/site-packages/airflow/example_dags/example_dynamic_task_mapping.py took 0.155 seconds
[2023-09-14T17:39:45.440+0100] {processor.py:157} INFO - Started process (PID=33134) to work on /home/joestar/Documents/projects/airflow_etl/airflow_env/lib/python3.8/site-packages/airflow/example_dags/example_dynamic_task_mapping.py
[2023-09-14T17:39:45.442+0100] {processor.py:829} INFO - Processing file /home/joestar/Documents/projects/airflow_etl/airflow_env/lib/python3.8/site-packages/airflow/example_dags/example_dynamic_task_mapping.py for tasks to queue
[2023-09-14T17:39:45.443+0100] {logging_mixin.py:151} INFO - [2023-09-14T17:39:45.442+0100] {dagbag.py:539} INFO - Filling up the DagBag from /home/joestar/Documents/projects/airflow_etl/airflow_env/lib/python3.8/site-packages/airflow/example_dags/example_dynamic_task_mapping.py
[2023-09-14T17:39:45.457+0100] {processor.py:839} INFO - DAG(s) dict_keys(['example_dynamic_task_mapping']) retrieved from /home/joestar/Documents/projects/airflow_etl/airflow_env/lib/python3.8/site-packages/airflow/example_dags/example_dynamic_task_mapping.py
[2023-09-14T17:39:45.482+0100] {logging_mixin.py:151} INFO - [2023-09-14T17:39:45.481+0100] {dag.py:2915} INFO - Sync 1 DAGs
[2023-09-14T17:39:45.524+0100] {logging_mixin.py:151} INFO - [2023-09-14T17:39:45.524+0100] {dag.py:3696} INFO - Setting next_dagrun for example_dynamic_task_mapping to 2022-03-04T00:00:00+00:00, run_after=2022-03-05T00:00:00+00:00
[2023-09-14T17:39:45.562+0100] {processor.py:179} INFO - Processing /home/joestar/Documents/projects/airflow_etl/airflow_env/lib/python3.8/site-packages/airflow/example_dags/example_dynamic_task_mapping.py took 0.127 seconds
[2023-09-14T17:40:46.075+0100] {processor.py:157} INFO - Started process (PID=33508) to work on /home/joestar/Documents/projects/airflow_etl/airflow_env/lib/python3.8/site-packages/airflow/example_dags/example_dynamic_task_mapping.py
[2023-09-14T17:40:46.076+0100] {processor.py:829} INFO - Processing file /home/joestar/Documents/projects/airflow_etl/airflow_env/lib/python3.8/site-packages/airflow/example_dags/example_dynamic_task_mapping.py for tasks to queue
[2023-09-14T17:40:46.078+0100] {logging_mixin.py:151} INFO - [2023-09-14T17:40:46.077+0100] {dagbag.py:539} INFO - Filling up the DagBag from /home/joestar/Documents/projects/airflow_etl/airflow_env/lib/python3.8/site-packages/airflow/example_dags/example_dynamic_task_mapping.py
[2023-09-14T17:40:46.087+0100] {processor.py:839} INFO - DAG(s) dict_keys(['example_dynamic_task_mapping']) retrieved from /home/joestar/Documents/projects/airflow_etl/airflow_env/lib/python3.8/site-packages/airflow/example_dags/example_dynamic_task_mapping.py
[2023-09-14T17:40:46.103+0100] {logging_mixin.py:151} INFO - [2023-09-14T17:40:46.103+0100] {dag.py:2915} INFO - Sync 1 DAGs
[2023-09-14T17:40:46.125+0100] {logging_mixin.py:151} INFO - [2023-09-14T17:40:46.125+0100] {dag.py:3696} INFO - Setting next_dagrun for example_dynamic_task_mapping to 2022-03-04T00:00:00+00:00, run_after=2022-03-05T00:00:00+00:00
[2023-09-14T17:40:46.156+0100] {processor.py:179} INFO - Processing /home/joestar/Documents/projects/airflow_etl/airflow_env/lib/python3.8/site-packages/airflow/example_dags/example_dynamic_task_mapping.py took 0.084 seconds
[2023-09-14T17:41:38.650+0100] {processor.py:157} INFO - Started process (PID=33903) to work on /home/joestar/Documents/projects/airflow_etl/airflow_env/lib/python3.8/site-packages/airflow/example_dags/example_dynamic_task_mapping.py
[2023-09-14T17:41:38.651+0100] {processor.py:829} INFO - Processing file /home/joestar/Documents/projects/airflow_etl/airflow_env/lib/python3.8/site-packages/airflow/example_dags/example_dynamic_task_mapping.py for tasks to queue
[2023-09-14T17:41:38.652+0100] {logging_mixin.py:151} INFO - [2023-09-14T17:41:38.652+0100] {dagbag.py:539} INFO - Filling up the DagBag from /home/joestar/Documents/projects/airflow_etl/airflow_env/lib/python3.8/site-packages/airflow/example_dags/example_dynamic_task_mapping.py
[2023-09-14T17:41:38.662+0100] {processor.py:839} INFO - DAG(s) dict_keys(['example_dynamic_task_mapping']) retrieved from /home/joestar/Documents/projects/airflow_etl/airflow_env/lib/python3.8/site-packages/airflow/example_dags/example_dynamic_task_mapping.py
[2023-09-14T17:41:38.680+0100] {logging_mixin.py:151} INFO - [2023-09-14T17:41:38.680+0100] {dag.py:2915} INFO - Sync 1 DAGs
[2023-09-14T17:41:38.705+0100] {logging_mixin.py:151} INFO - [2023-09-14T17:41:38.705+0100] {dag.py:3696} INFO - Setting next_dagrun for example_dynamic_task_mapping to 2022-03-04T00:00:00+00:00, run_after=2022-03-05T00:00:00+00:00
[2023-09-14T17:41:38.734+0100] {processor.py:179} INFO - Processing /home/joestar/Documents/projects/airflow_etl/airflow_env/lib/python3.8/site-packages/airflow/example_dags/example_dynamic_task_mapping.py took 0.087 seconds
[2023-09-14T17:42:43.473+0100] {processor.py:157} INFO - Started process (PID=34189) to work on /home/joestar/Documents/projects/airflow_etl/airflow_env/lib/python3.8/site-packages/airflow/example_dags/example_dynamic_task_mapping.py
[2023-09-14T17:42:43.474+0100] {processor.py:829} INFO - Processing file /home/joestar/Documents/projects/airflow_etl/airflow_env/lib/python3.8/site-packages/airflow/example_dags/example_dynamic_task_mapping.py for tasks to queue
[2023-09-14T17:42:43.475+0100] {logging_mixin.py:151} INFO - [2023-09-14T17:42:43.475+0100] {dagbag.py:539} INFO - Filling up the DagBag from /home/joestar/Documents/projects/airflow_etl/airflow_env/lib/python3.8/site-packages/airflow/example_dags/example_dynamic_task_mapping.py
[2023-09-14T17:42:43.485+0100] {processor.py:839} INFO - DAG(s) dict_keys(['example_dynamic_task_mapping']) retrieved from /home/joestar/Documents/projects/airflow_etl/airflow_env/lib/python3.8/site-packages/airflow/example_dags/example_dynamic_task_mapping.py
[2023-09-14T17:42:43.506+0100] {logging_mixin.py:151} INFO - [2023-09-14T17:42:43.506+0100] {dag.py:2915} INFO - Sync 1 DAGs
[2023-09-14T17:42:43.536+0100] {logging_mixin.py:151} INFO - [2023-09-14T17:42:43.536+0100] {dag.py:3696} INFO - Setting next_dagrun for example_dynamic_task_mapping to 2022-03-04T00:00:00+00:00, run_after=2022-03-05T00:00:00+00:00
[2023-09-14T17:42:43.564+0100] {processor.py:179} INFO - Processing /home/joestar/Documents/projects/airflow_etl/airflow_env/lib/python3.8/site-packages/airflow/example_dags/example_dynamic_task_mapping.py took 0.095 seconds
[2023-09-14T17:43:39.462+0100] {processor.py:157} INFO - Started process (PID=34449) to work on /home/joestar/Documents/projects/airflow_etl/airflow_env/lib/python3.8/site-packages/airflow/example_dags/example_dynamic_task_mapping.py
[2023-09-14T17:43:39.464+0100] {processor.py:829} INFO - Processing file /home/joestar/Documents/projects/airflow_etl/airflow_env/lib/python3.8/site-packages/airflow/example_dags/example_dynamic_task_mapping.py for tasks to queue
[2023-09-14T17:43:39.466+0100] {logging_mixin.py:151} INFO - [2023-09-14T17:43:39.465+0100] {dagbag.py:539} INFO - Filling up the DagBag from /home/joestar/Documents/projects/airflow_etl/airflow_env/lib/python3.8/site-packages/airflow/example_dags/example_dynamic_task_mapping.py
[2023-09-14T17:43:39.479+0100] {processor.py:839} INFO - DAG(s) dict_keys(['example_dynamic_task_mapping']) retrieved from /home/joestar/Documents/projects/airflow_etl/airflow_env/lib/python3.8/site-packages/airflow/example_dags/example_dynamic_task_mapping.py
[2023-09-14T17:43:39.498+0100] {logging_mixin.py:151} INFO - [2023-09-14T17:43:39.497+0100] {dag.py:2915} INFO - Sync 1 DAGs
[2023-09-14T17:43:39.524+0100] {logging_mixin.py:151} INFO - [2023-09-14T17:43:39.524+0100] {dag.py:3696} INFO - Setting next_dagrun for example_dynamic_task_mapping to 2022-03-04T00:00:00+00:00, run_after=2022-03-05T00:00:00+00:00
[2023-09-14T17:43:39.552+0100] {processor.py:179} INFO - Processing /home/joestar/Documents/projects/airflow_etl/airflow_env/lib/python3.8/site-packages/airflow/example_dags/example_dynamic_task_mapping.py took 0.095 seconds
[2023-09-14T17:44:42.507+0100] {processor.py:157} INFO - Started process (PID=34756) to work on /home/joestar/Documents/projects/airflow_etl/airflow_env/lib/python3.8/site-packages/airflow/example_dags/example_dynamic_task_mapping.py
[2023-09-14T17:44:42.512+0100] {processor.py:829} INFO - Processing file /home/joestar/Documents/projects/airflow_etl/airflow_env/lib/python3.8/site-packages/airflow/example_dags/example_dynamic_task_mapping.py for tasks to queue
[2023-09-14T17:44:42.514+0100] {logging_mixin.py:151} INFO - [2023-09-14T17:44:42.513+0100] {dagbag.py:539} INFO - Filling up the DagBag from /home/joestar/Documents/projects/airflow_etl/airflow_env/lib/python3.8/site-packages/airflow/example_dags/example_dynamic_task_mapping.py
[2023-09-14T17:44:42.525+0100] {processor.py:839} INFO - DAG(s) dict_keys(['example_dynamic_task_mapping']) retrieved from /home/joestar/Documents/projects/airflow_etl/airflow_env/lib/python3.8/site-packages/airflow/example_dags/example_dynamic_task_mapping.py
[2023-09-14T17:44:42.544+0100] {logging_mixin.py:151} INFO - [2023-09-14T17:44:42.543+0100] {dag.py:2915} INFO - Sync 1 DAGs
[2023-09-14T17:44:42.569+0100] {logging_mixin.py:151} INFO - [2023-09-14T17:44:42.569+0100] {dag.py:3696} INFO - Setting next_dagrun for example_dynamic_task_mapping to 2022-03-04T00:00:00+00:00, run_after=2022-03-05T00:00:00+00:00
[2023-09-14T17:44:42.598+0100] {processor.py:179} INFO - Processing /home/joestar/Documents/projects/airflow_etl/airflow_env/lib/python3.8/site-packages/airflow/example_dags/example_dynamic_task_mapping.py took 0.097 seconds
[2023-09-14T17:45:43.525+0100] {processor.py:157} INFO - Started process (PID=35007) to work on /home/joestar/Documents/projects/airflow_etl/airflow_env/lib/python3.8/site-packages/airflow/example_dags/example_dynamic_task_mapping.py
[2023-09-14T17:45:43.526+0100] {processor.py:829} INFO - Processing file /home/joestar/Documents/projects/airflow_etl/airflow_env/lib/python3.8/site-packages/airflow/example_dags/example_dynamic_task_mapping.py for tasks to queue
[2023-09-14T17:45:43.527+0100] {logging_mixin.py:151} INFO - [2023-09-14T17:45:43.527+0100] {dagbag.py:539} INFO - Filling up the DagBag from /home/joestar/Documents/projects/airflow_etl/airflow_env/lib/python3.8/site-packages/airflow/example_dags/example_dynamic_task_mapping.py
[2023-09-14T17:45:43.534+0100] {processor.py:839} INFO - DAG(s) dict_keys(['example_dynamic_task_mapping']) retrieved from /home/joestar/Documents/projects/airflow_etl/airflow_env/lib/python3.8/site-packages/airflow/example_dags/example_dynamic_task_mapping.py
[2023-09-14T17:45:43.548+0100] {logging_mixin.py:151} INFO - [2023-09-14T17:45:43.548+0100] {dag.py:2915} INFO - Sync 1 DAGs
[2023-09-14T17:45:43.569+0100] {logging_mixin.py:151} INFO - [2023-09-14T17:45:43.568+0100] {dag.py:3696} INFO - Setting next_dagrun for example_dynamic_task_mapping to 2022-03-04T00:00:00+00:00, run_after=2022-03-05T00:00:00+00:00
[2023-09-14T17:45:43.591+0100] {processor.py:179} INFO - Processing /home/joestar/Documents/projects/airflow_etl/airflow_env/lib/python3.8/site-packages/airflow/example_dags/example_dynamic_task_mapping.py took 0.068 seconds
[2023-09-14T17:46:45.668+0100] {processor.py:157} INFO - Started process (PID=35276) to work on /home/joestar/Documents/projects/airflow_etl/airflow_env/lib/python3.8/site-packages/airflow/example_dags/example_dynamic_task_mapping.py
[2023-09-14T17:46:45.669+0100] {processor.py:829} INFO - Processing file /home/joestar/Documents/projects/airflow_etl/airflow_env/lib/python3.8/site-packages/airflow/example_dags/example_dynamic_task_mapping.py for tasks to queue
[2023-09-14T17:46:45.670+0100] {logging_mixin.py:151} INFO - [2023-09-14T17:46:45.670+0100] {dagbag.py:539} INFO - Filling up the DagBag from /home/joestar/Documents/projects/airflow_etl/airflow_env/lib/python3.8/site-packages/airflow/example_dags/example_dynamic_task_mapping.py
[2023-09-14T17:46:45.680+0100] {processor.py:839} INFO - DAG(s) dict_keys(['example_dynamic_task_mapping']) retrieved from /home/joestar/Documents/projects/airflow_etl/airflow_env/lib/python3.8/site-packages/airflow/example_dags/example_dynamic_task_mapping.py
[2023-09-14T17:46:45.706+0100] {logging_mixin.py:151} INFO - [2023-09-14T17:46:45.705+0100] {dag.py:2915} INFO - Sync 1 DAGs
[2023-09-14T17:46:45.734+0100] {logging_mixin.py:151} INFO - [2023-09-14T17:46:45.734+0100] {dag.py:3696} INFO - Setting next_dagrun for example_dynamic_task_mapping to 2022-03-04T00:00:00+00:00, run_after=2022-03-05T00:00:00+00:00
[2023-09-14T17:46:45.768+0100] {processor.py:179} INFO - Processing /home/joestar/Documents/projects/airflow_etl/airflow_env/lib/python3.8/site-packages/airflow/example_dags/example_dynamic_task_mapping.py took 0.104 seconds
[2023-09-14T17:48:05.739+0100] {processor.py:157} INFO - Started process (PID=35603) to work on /home/joestar/Documents/projects/airflow_etl/airflow_env/lib/python3.8/site-packages/airflow/example_dags/example_dynamic_task_mapping.py
[2023-09-14T17:48:05.740+0100] {processor.py:829} INFO - Processing file /home/joestar/Documents/projects/airflow_etl/airflow_env/lib/python3.8/site-packages/airflow/example_dags/example_dynamic_task_mapping.py for tasks to queue
[2023-09-14T17:48:05.742+0100] {logging_mixin.py:151} INFO - [2023-09-14T17:48:05.741+0100] {dagbag.py:539} INFO - Filling up the DagBag from /home/joestar/Documents/projects/airflow_etl/airflow_env/lib/python3.8/site-packages/airflow/example_dags/example_dynamic_task_mapping.py
[2023-09-14T17:48:05.753+0100] {processor.py:839} INFO - DAG(s) dict_keys(['example_dynamic_task_mapping']) retrieved from /home/joestar/Documents/projects/airflow_etl/airflow_env/lib/python3.8/site-packages/airflow/example_dags/example_dynamic_task_mapping.py
[2023-09-14T17:48:05.777+0100] {logging_mixin.py:151} INFO - [2023-09-14T17:48:05.777+0100] {dag.py:2915} INFO - Sync 1 DAGs
[2023-09-14T17:48:05.816+0100] {logging_mixin.py:151} INFO - [2023-09-14T17:48:05.816+0100] {dag.py:3696} INFO - Setting next_dagrun for example_dynamic_task_mapping to 2022-03-04T00:00:00+00:00, run_after=2022-03-05T00:00:00+00:00
[2023-09-14T17:48:05.855+0100] {processor.py:179} INFO - Processing /home/joestar/Documents/projects/airflow_etl/airflow_env/lib/python3.8/site-packages/airflow/example_dags/example_dynamic_task_mapping.py took 0.131 seconds
[2023-09-14T17:49:08.955+0100] {processor.py:157} INFO - Started process (PID=35852) to work on /home/joestar/Documents/projects/airflow_etl/airflow_env/lib/python3.8/site-packages/airflow/example_dags/example_dynamic_task_mapping.py
[2023-09-14T17:49:08.957+0100] {processor.py:829} INFO - Processing file /home/joestar/Documents/projects/airflow_etl/airflow_env/lib/python3.8/site-packages/airflow/example_dags/example_dynamic_task_mapping.py for tasks to queue
[2023-09-14T17:49:08.958+0100] {logging_mixin.py:151} INFO - [2023-09-14T17:49:08.958+0100] {dagbag.py:539} INFO - Filling up the DagBag from /home/joestar/Documents/projects/airflow_etl/airflow_env/lib/python3.8/site-packages/airflow/example_dags/example_dynamic_task_mapping.py
[2023-09-14T17:49:08.969+0100] {processor.py:839} INFO - DAG(s) dict_keys(['example_dynamic_task_mapping']) retrieved from /home/joestar/Documents/projects/airflow_etl/airflow_env/lib/python3.8/site-packages/airflow/example_dags/example_dynamic_task_mapping.py
[2023-09-14T17:49:08.995+0100] {logging_mixin.py:151} INFO - [2023-09-14T17:49:08.995+0100] {dag.py:2915} INFO - Sync 1 DAGs
[2023-09-14T17:49:09.032+0100] {logging_mixin.py:151} INFO - [2023-09-14T17:49:09.032+0100] {dag.py:3696} INFO - Setting next_dagrun for example_dynamic_task_mapping to 2022-03-04T00:00:00+00:00, run_after=2022-03-05T00:00:00+00:00
[2023-09-14T17:49:09.076+0100] {processor.py:179} INFO - Processing /home/joestar/Documents/projects/airflow_etl/airflow_env/lib/python3.8/site-packages/airflow/example_dags/example_dynamic_task_mapping.py took 0.125 seconds
[2023-09-14T17:50:11.652+0100] {processor.py:157} INFO - Started process (PID=36125) to work on /home/joestar/Documents/projects/airflow_etl/airflow_env/lib/python3.8/site-packages/airflow/example_dags/example_dynamic_task_mapping.py
[2023-09-14T17:50:11.653+0100] {processor.py:829} INFO - Processing file /home/joestar/Documents/projects/airflow_etl/airflow_env/lib/python3.8/site-packages/airflow/example_dags/example_dynamic_task_mapping.py for tasks to queue
[2023-09-14T17:50:11.654+0100] {logging_mixin.py:151} INFO - [2023-09-14T17:50:11.653+0100] {dagbag.py:539} INFO - Filling up the DagBag from /home/joestar/Documents/projects/airflow_etl/airflow_env/lib/python3.8/site-packages/airflow/example_dags/example_dynamic_task_mapping.py
[2023-09-14T17:50:11.662+0100] {processor.py:839} INFO - DAG(s) dict_keys(['example_dynamic_task_mapping']) retrieved from /home/joestar/Documents/projects/airflow_etl/airflow_env/lib/python3.8/site-packages/airflow/example_dags/example_dynamic_task_mapping.py
[2023-09-14T17:50:11.678+0100] {logging_mixin.py:151} INFO - [2023-09-14T17:50:11.678+0100] {dag.py:2915} INFO - Sync 1 DAGs
[2023-09-14T17:50:11.699+0100] {logging_mixin.py:151} INFO - [2023-09-14T17:50:11.699+0100] {dag.py:3696} INFO - Setting next_dagrun for example_dynamic_task_mapping to 2022-03-04T00:00:00+00:00, run_after=2022-03-05T00:00:00+00:00
[2023-09-14T17:50:11.725+0100] {processor.py:179} INFO - Processing /home/joestar/Documents/projects/airflow_etl/airflow_env/lib/python3.8/site-packages/airflow/example_dags/example_dynamic_task_mapping.py took 0.076 seconds
[2023-09-14T17:51:12.562+0100] {processor.py:157} INFO - Started process (PID=36407) to work on /home/joestar/Documents/projects/airflow_etl/airflow_env/lib/python3.8/site-packages/airflow/example_dags/example_dynamic_task_mapping.py
[2023-09-14T17:51:12.563+0100] {processor.py:829} INFO - Processing file /home/joestar/Documents/projects/airflow_etl/airflow_env/lib/python3.8/site-packages/airflow/example_dags/example_dynamic_task_mapping.py for tasks to queue
[2023-09-14T17:51:12.564+0100] {logging_mixin.py:151} INFO - [2023-09-14T17:51:12.563+0100] {dagbag.py:539} INFO - Filling up the DagBag from /home/joestar/Documents/projects/airflow_etl/airflow_env/lib/python3.8/site-packages/airflow/example_dags/example_dynamic_task_mapping.py
[2023-09-14T17:51:12.574+0100] {processor.py:839} INFO - DAG(s) dict_keys(['example_dynamic_task_mapping']) retrieved from /home/joestar/Documents/projects/airflow_etl/airflow_env/lib/python3.8/site-packages/airflow/example_dags/example_dynamic_task_mapping.py
[2023-09-14T17:51:12.591+0100] {logging_mixin.py:151} INFO - [2023-09-14T17:51:12.591+0100] {dag.py:2915} INFO - Sync 1 DAGs
[2023-09-14T17:51:12.616+0100] {logging_mixin.py:151} INFO - [2023-09-14T17:51:12.615+0100] {dag.py:3696} INFO - Setting next_dagrun for example_dynamic_task_mapping to 2022-03-04T00:00:00+00:00, run_after=2022-03-05T00:00:00+00:00
[2023-09-14T17:51:12.640+0100] {processor.py:179} INFO - Processing /home/joestar/Documents/projects/airflow_etl/airflow_env/lib/python3.8/site-packages/airflow/example_dags/example_dynamic_task_mapping.py took 0.081 seconds
[2023-09-14T17:52:08.538+0100] {processor.py:157} INFO - Started process (PID=36629) to work on /home/joestar/Documents/projects/airflow_etl/airflow_env/lib/python3.8/site-packages/airflow/example_dags/example_dynamic_task_mapping.py
[2023-09-14T17:52:08.539+0100] {processor.py:829} INFO - Processing file /home/joestar/Documents/projects/airflow_etl/airflow_env/lib/python3.8/site-packages/airflow/example_dags/example_dynamic_task_mapping.py for tasks to queue
[2023-09-14T17:52:08.540+0100] {logging_mixin.py:151} INFO - [2023-09-14T17:52:08.539+0100] {dagbag.py:539} INFO - Filling up the DagBag from /home/joestar/Documents/projects/airflow_etl/airflow_env/lib/python3.8/site-packages/airflow/example_dags/example_dynamic_task_mapping.py
[2023-09-14T17:52:08.547+0100] {processor.py:839} INFO - DAG(s) dict_keys(['example_dynamic_task_mapping']) retrieved from /home/joestar/Documents/projects/airflow_etl/airflow_env/lib/python3.8/site-packages/airflow/example_dags/example_dynamic_task_mapping.py
[2023-09-14T17:52:08.562+0100] {logging_mixin.py:151} INFO - [2023-09-14T17:52:08.561+0100] {dag.py:2915} INFO - Sync 1 DAGs
[2023-09-14T17:52:08.583+0100] {logging_mixin.py:151} INFO - [2023-09-14T17:52:08.582+0100] {dag.py:3696} INFO - Setting next_dagrun for example_dynamic_task_mapping to 2022-03-04T00:00:00+00:00, run_after=2022-03-05T00:00:00+00:00
[2023-09-14T17:52:08.612+0100] {processor.py:179} INFO - Processing /home/joestar/Documents/projects/airflow_etl/airflow_env/lib/python3.8/site-packages/airflow/example_dags/example_dynamic_task_mapping.py took 0.078 seconds
[2023-09-14T17:53:05.410+0100] {processor.py:157} INFO - Started process (PID=36892) to work on /home/joestar/Documents/projects/airflow_etl/airflow_env/lib/python3.8/site-packages/airflow/example_dags/example_dynamic_task_mapping.py
[2023-09-14T17:53:05.411+0100] {processor.py:829} INFO - Processing file /home/joestar/Documents/projects/airflow_etl/airflow_env/lib/python3.8/site-packages/airflow/example_dags/example_dynamic_task_mapping.py for tasks to queue
[2023-09-14T17:53:05.412+0100] {logging_mixin.py:151} INFO - [2023-09-14T17:53:05.412+0100] {dagbag.py:539} INFO - Filling up the DagBag from /home/joestar/Documents/projects/airflow_etl/airflow_env/lib/python3.8/site-packages/airflow/example_dags/example_dynamic_task_mapping.py
[2023-09-14T17:53:05.419+0100] {processor.py:839} INFO - DAG(s) dict_keys(['example_dynamic_task_mapping']) retrieved from /home/joestar/Documents/projects/airflow_etl/airflow_env/lib/python3.8/site-packages/airflow/example_dags/example_dynamic_task_mapping.py
[2023-09-14T17:53:05.432+0100] {logging_mixin.py:151} INFO - [2023-09-14T17:53:05.432+0100] {dag.py:2915} INFO - Sync 1 DAGs
[2023-09-14T17:53:05.451+0100] {logging_mixin.py:151} INFO - [2023-09-14T17:53:05.450+0100] {dag.py:3696} INFO - Setting next_dagrun for example_dynamic_task_mapping to 2022-03-04T00:00:00+00:00, run_after=2022-03-05T00:00:00+00:00
[2023-09-14T17:53:05.475+0100] {processor.py:179} INFO - Processing /home/joestar/Documents/projects/airflow_etl/airflow_env/lib/python3.8/site-packages/airflow/example_dags/example_dynamic_task_mapping.py took 0.067 seconds
[2023-09-14T18:03:33.115+0100] {processor.py:157} INFO - Started process (PID=38843) to work on /home/joestar/Documents/projects/airflow_etl/airflow_env/lib/python3.8/site-packages/airflow/example_dags/example_dynamic_task_mapping.py
[2023-09-14T18:03:33.118+0100] {processor.py:829} INFO - Processing file /home/joestar/Documents/projects/airflow_etl/airflow_env/lib/python3.8/site-packages/airflow/example_dags/example_dynamic_task_mapping.py for tasks to queue
[2023-09-14T18:03:33.120+0100] {logging_mixin.py:151} INFO - [2023-09-14T18:03:33.119+0100] {dagbag.py:539} INFO - Filling up the DagBag from /home/joestar/Documents/projects/airflow_etl/airflow_env/lib/python3.8/site-packages/airflow/example_dags/example_dynamic_task_mapping.py
[2023-09-14T18:03:33.130+0100] {processor.py:839} INFO - DAG(s) dict_keys(['example_dynamic_task_mapping']) retrieved from /home/joestar/Documents/projects/airflow_etl/airflow_env/lib/python3.8/site-packages/airflow/example_dags/example_dynamic_task_mapping.py
[2023-09-14T18:03:33.151+0100] {logging_mixin.py:151} INFO - [2023-09-14T18:03:33.151+0100] {dag.py:2915} INFO - Sync 1 DAGs
[2023-09-14T18:03:33.183+0100] {logging_mixin.py:151} INFO - [2023-09-14T18:03:33.183+0100] {dag.py:3696} INFO - Setting next_dagrun for example_dynamic_task_mapping to 2022-03-04T00:00:00+00:00, run_after=2022-03-05T00:00:00+00:00
[2023-09-14T18:03:33.214+0100] {processor.py:179} INFO - Processing /home/joestar/Documents/projects/airflow_etl/airflow_env/lib/python3.8/site-packages/airflow/example_dags/example_dynamic_task_mapping.py took 0.105 seconds
[2023-09-14T18:04:22.889+0100] {processor.py:157} INFO - Started process (PID=39048) to work on /home/joestar/Documents/projects/airflow_etl/airflow_env/lib/python3.8/site-packages/airflow/example_dags/example_dynamic_task_mapping.py
[2023-09-14T18:04:22.890+0100] {processor.py:829} INFO - Processing file /home/joestar/Documents/projects/airflow_etl/airflow_env/lib/python3.8/site-packages/airflow/example_dags/example_dynamic_task_mapping.py for tasks to queue
[2023-09-14T18:04:22.891+0100] {logging_mixin.py:151} INFO - [2023-09-14T18:04:22.891+0100] {dagbag.py:539} INFO - Filling up the DagBag from /home/joestar/Documents/projects/airflow_etl/airflow_env/lib/python3.8/site-packages/airflow/example_dags/example_dynamic_task_mapping.py
[2023-09-14T18:04:22.899+0100] {processor.py:839} INFO - DAG(s) dict_keys(['example_dynamic_task_mapping']) retrieved from /home/joestar/Documents/projects/airflow_etl/airflow_env/lib/python3.8/site-packages/airflow/example_dags/example_dynamic_task_mapping.py
[2023-09-14T18:04:22.913+0100] {logging_mixin.py:151} INFO - [2023-09-14T18:04:22.913+0100] {dag.py:2915} INFO - Sync 1 DAGs
[2023-09-14T18:04:22.932+0100] {logging_mixin.py:151} INFO - [2023-09-14T18:04:22.932+0100] {dag.py:3696} INFO - Setting next_dagrun for example_dynamic_task_mapping to 2022-03-04T00:00:00+00:00, run_after=2022-03-05T00:00:00+00:00
[2023-09-14T18:04:22.961+0100] {processor.py:179} INFO - Processing /home/joestar/Documents/projects/airflow_etl/airflow_env/lib/python3.8/site-packages/airflow/example_dags/example_dynamic_task_mapping.py took 0.075 seconds
