[2023-09-14T17:12:36.250+0100] {processor.py:157} INFO - Started process (PID=24446) to work on /home/joestar/Documents/projects/airflow_etl/airflow_env/lib/python3.8/site-packages/airflow/example_dags/example_latest_only.py
[2023-09-14T17:12:36.251+0100] {processor.py:829} INFO - Processing file /home/joestar/Documents/projects/airflow_etl/airflow_env/lib/python3.8/site-packages/airflow/example_dags/example_latest_only.py for tasks to queue
[2023-09-14T17:12:36.252+0100] {logging_mixin.py:151} INFO - [2023-09-14T17:12:36.252+0100] {dagbag.py:539} INFO - Filling up the DagBag from /home/joestar/Documents/projects/airflow_etl/airflow_env/lib/python3.8/site-packages/airflow/example_dags/example_latest_only.py
[2023-09-14T17:12:36.259+0100] {processor.py:839} INFO - DAG(s) dict_keys(['latest_only']) retrieved from /home/joestar/Documents/projects/airflow_etl/airflow_env/lib/python3.8/site-packages/airflow/example_dags/example_latest_only.py
[2023-09-14T17:12:36.361+0100] {logging_mixin.py:151} INFO - [2023-09-14T17:12:36.361+0100] {manager.py:499} INFO - Created Permission View: %s
[2023-09-14T17:12:36.381+0100] {logging_mixin.py:151} INFO - [2023-09-14T17:12:36.381+0100] {manager.py:499} INFO - Created Permission View: %s
[2023-09-14T17:12:36.397+0100] {logging_mixin.py:151} INFO - [2023-09-14T17:12:36.397+0100] {manager.py:499} INFO - Created Permission View: %s
[2023-09-14T17:12:36.397+0100] {logging_mixin.py:151} INFO - [2023-09-14T17:12:36.397+0100] {security.py:708} INFO - Not syncing DAG-level permissions for DAG 'DAG:latest_only' as access control is unset.
[2023-09-14T17:12:36.398+0100] {logging_mixin.py:151} INFO - [2023-09-14T17:12:36.397+0100] {dag.py:2915} INFO - Sync 1 DAGs
[2023-09-14T17:12:36.413+0100] {logging_mixin.py:151} INFO - [2023-09-14T17:12:36.412+0100] {dag.py:2937} INFO - Creating ORM DAG for latest_only
[2023-09-14T17:12:36.421+0100] {logging_mixin.py:151} INFO - [2023-09-14T17:12:36.421+0100] {dag.py:3696} INFO - Setting next_dagrun for latest_only to 2023-09-14T12:12:36.421169+00:00, run_after=2023-09-14T16:12:36.421169+00:00
[2023-09-14T17:12:36.455+0100] {processor.py:179} INFO - Processing /home/joestar/Documents/projects/airflow_etl/airflow_env/lib/python3.8/site-packages/airflow/example_dags/example_latest_only.py took 0.209 seconds
[2023-09-14T17:13:27.033+0100] {processor.py:157} INFO - Started process (PID=24858) to work on /home/joestar/Documents/projects/airflow_etl/airflow_env/lib/python3.8/site-packages/airflow/example_dags/example_latest_only.py
[2023-09-14T17:13:27.034+0100] {processor.py:829} INFO - Processing file /home/joestar/Documents/projects/airflow_etl/airflow_env/lib/python3.8/site-packages/airflow/example_dags/example_latest_only.py for tasks to queue
[2023-09-14T17:13:27.034+0100] {logging_mixin.py:151} INFO - [2023-09-14T17:13:27.034+0100] {dagbag.py:539} INFO - Filling up the DagBag from /home/joestar/Documents/projects/airflow_etl/airflow_env/lib/python3.8/site-packages/airflow/example_dags/example_latest_only.py
[2023-09-14T17:13:27.040+0100] {processor.py:839} INFO - DAG(s) dict_keys(['latest_only']) retrieved from /home/joestar/Documents/projects/airflow_etl/airflow_env/lib/python3.8/site-packages/airflow/example_dags/example_latest_only.py
[2023-09-14T17:13:27.053+0100] {logging_mixin.py:151} INFO - [2023-09-14T17:13:27.053+0100] {dag.py:2915} INFO - Sync 1 DAGs
[2023-09-14T17:13:27.070+0100] {logging_mixin.py:151} INFO - [2023-09-14T17:13:27.070+0100] {dag.py:3696} INFO - Setting next_dagrun for latest_only to 2023-09-14T12:13:27.070144+00:00, run_after=2023-09-14T16:13:27.070144+00:00
[2023-09-14T17:13:27.094+0100] {processor.py:179} INFO - Processing /home/joestar/Documents/projects/airflow_etl/airflow_env/lib/python3.8/site-packages/airflow/example_dags/example_latest_only.py took 0.064 seconds
[2023-09-14T17:14:24.305+0100] {processor.py:157} INFO - Started process (PID=25210) to work on /home/joestar/Documents/projects/airflow_etl/airflow_env/lib/python3.8/site-packages/airflow/example_dags/example_latest_only.py
[2023-09-14T17:14:24.306+0100] {processor.py:829} INFO - Processing file /home/joestar/Documents/projects/airflow_etl/airflow_env/lib/python3.8/site-packages/airflow/example_dags/example_latest_only.py for tasks to queue
[2023-09-14T17:14:24.307+0100] {logging_mixin.py:151} INFO - [2023-09-14T17:14:24.307+0100] {dagbag.py:539} INFO - Filling up the DagBag from /home/joestar/Documents/projects/airflow_etl/airflow_env/lib/python3.8/site-packages/airflow/example_dags/example_latest_only.py
[2023-09-14T17:14:24.313+0100] {processor.py:839} INFO - DAG(s) dict_keys(['latest_only']) retrieved from /home/joestar/Documents/projects/airflow_etl/airflow_env/lib/python3.8/site-packages/airflow/example_dags/example_latest_only.py
[2023-09-14T17:14:24.327+0100] {logging_mixin.py:151} INFO - [2023-09-14T17:14:24.327+0100] {dag.py:2915} INFO - Sync 1 DAGs
[2023-09-14T17:14:24.344+0100] {logging_mixin.py:151} INFO - [2023-09-14T17:14:24.343+0100] {dag.py:3696} INFO - Setting next_dagrun for latest_only to 2023-09-14T12:14:24.343661+00:00, run_after=2023-09-14T16:14:24.343661+00:00
[2023-09-14T17:14:24.387+0100] {processor.py:179} INFO - Processing /home/joestar/Documents/projects/airflow_etl/airflow_env/lib/python3.8/site-packages/airflow/example_dags/example_latest_only.py took 0.085 seconds
[2023-09-14T17:15:22.798+0100] {processor.py:157} INFO - Started process (PID=25903) to work on /home/joestar/Documents/projects/airflow_etl/airflow_env/lib/python3.8/site-packages/airflow/example_dags/example_latest_only.py
[2023-09-14T17:15:22.800+0100] {processor.py:829} INFO - Processing file /home/joestar/Documents/projects/airflow_etl/airflow_env/lib/python3.8/site-packages/airflow/example_dags/example_latest_only.py for tasks to queue
[2023-09-14T17:15:22.801+0100] {logging_mixin.py:151} INFO - [2023-09-14T17:15:22.800+0100] {dagbag.py:539} INFO - Filling up the DagBag from /home/joestar/Documents/projects/airflow_etl/airflow_env/lib/python3.8/site-packages/airflow/example_dags/example_latest_only.py
[2023-09-14T17:15:22.810+0100] {processor.py:839} INFO - DAG(s) dict_keys(['latest_only']) retrieved from /home/joestar/Documents/projects/airflow_etl/airflow_env/lib/python3.8/site-packages/airflow/example_dags/example_latest_only.py
[2023-09-14T17:15:22.834+0100] {logging_mixin.py:151} INFO - [2023-09-14T17:15:22.834+0100] {dag.py:2915} INFO - Sync 1 DAGs
[2023-09-14T17:15:22.868+0100] {logging_mixin.py:151} INFO - [2023-09-14T17:15:22.868+0100] {dag.py:3696} INFO - Setting next_dagrun for latest_only to 2023-09-14T12:15:22.868493+00:00, run_after=2023-09-14T16:15:22.868493+00:00
[2023-09-14T17:15:22.915+0100] {processor.py:179} INFO - Processing /home/joestar/Documents/projects/airflow_etl/airflow_env/lib/python3.8/site-packages/airflow/example_dags/example_latest_only.py took 0.122 seconds
[2023-09-14T17:16:16.806+0100] {processor.py:157} INFO - Started process (PID=26148) to work on /home/joestar/Documents/projects/airflow_etl/airflow_env/lib/python3.8/site-packages/airflow/example_dags/example_latest_only.py
[2023-09-14T17:16:16.807+0100] {processor.py:829} INFO - Processing file /home/joestar/Documents/projects/airflow_etl/airflow_env/lib/python3.8/site-packages/airflow/example_dags/example_latest_only.py for tasks to queue
[2023-09-14T17:16:16.808+0100] {logging_mixin.py:151} INFO - [2023-09-14T17:16:16.808+0100] {dagbag.py:539} INFO - Filling up the DagBag from /home/joestar/Documents/projects/airflow_etl/airflow_env/lib/python3.8/site-packages/airflow/example_dags/example_latest_only.py
[2023-09-14T17:16:16.815+0100] {processor.py:839} INFO - DAG(s) dict_keys(['latest_only']) retrieved from /home/joestar/Documents/projects/airflow_etl/airflow_env/lib/python3.8/site-packages/airflow/example_dags/example_latest_only.py
[2023-09-14T17:16:16.829+0100] {logging_mixin.py:151} INFO - [2023-09-14T17:16:16.829+0100] {dag.py:2915} INFO - Sync 1 DAGs
[2023-09-14T17:16:16.850+0100] {logging_mixin.py:151} INFO - [2023-09-14T17:16:16.850+0100] {dag.py:3696} INFO - Setting next_dagrun for latest_only to 2023-09-14T12:16:16.850086+00:00, run_after=2023-09-14T16:16:16.850086+00:00
[2023-09-14T17:16:16.882+0100] {processor.py:179} INFO - Processing /home/joestar/Documents/projects/airflow_etl/airflow_env/lib/python3.8/site-packages/airflow/example_dags/example_latest_only.py took 0.078 seconds
[2023-09-14T17:17:08.570+0100] {processor.py:157} INFO - Started process (PID=26396) to work on /home/joestar/Documents/projects/airflow_etl/airflow_env/lib/python3.8/site-packages/airflow/example_dags/example_latest_only.py
[2023-09-14T17:17:08.572+0100] {processor.py:829} INFO - Processing file /home/joestar/Documents/projects/airflow_etl/airflow_env/lib/python3.8/site-packages/airflow/example_dags/example_latest_only.py for tasks to queue
[2023-09-14T17:17:08.574+0100] {logging_mixin.py:151} INFO - [2023-09-14T17:17:08.574+0100] {dagbag.py:539} INFO - Filling up the DagBag from /home/joestar/Documents/projects/airflow_etl/airflow_env/lib/python3.8/site-packages/airflow/example_dags/example_latest_only.py
[2023-09-14T17:17:08.585+0100] {processor.py:839} INFO - DAG(s) dict_keys(['latest_only']) retrieved from /home/joestar/Documents/projects/airflow_etl/airflow_env/lib/python3.8/site-packages/airflow/example_dags/example_latest_only.py
[2023-09-14T17:17:08.605+0100] {logging_mixin.py:151} INFO - [2023-09-14T17:17:08.605+0100] {dag.py:2915} INFO - Sync 1 DAGs
[2023-09-14T17:17:08.632+0100] {logging_mixin.py:151} INFO - [2023-09-14T17:17:08.632+0100] {dag.py:3696} INFO - Setting next_dagrun for latest_only to 2023-09-14T12:17:08.632381+00:00, run_after=2023-09-14T16:17:08.632381+00:00
[2023-09-14T17:17:08.666+0100] {processor.py:179} INFO - Processing /home/joestar/Documents/projects/airflow_etl/airflow_env/lib/python3.8/site-packages/airflow/example_dags/example_latest_only.py took 0.100 seconds
[2023-09-14T17:17:59.831+0100] {processor.py:157} INFO - Started process (PID=26695) to work on /home/joestar/Documents/projects/airflow_etl/airflow_env/lib/python3.8/site-packages/airflow/example_dags/example_latest_only.py
[2023-09-14T17:17:59.832+0100] {processor.py:829} INFO - Processing file /home/joestar/Documents/projects/airflow_etl/airflow_env/lib/python3.8/site-packages/airflow/example_dags/example_latest_only.py for tasks to queue
[2023-09-14T17:17:59.834+0100] {logging_mixin.py:151} INFO - [2023-09-14T17:17:59.833+0100] {dagbag.py:539} INFO - Filling up the DagBag from /home/joestar/Documents/projects/airflow_etl/airflow_env/lib/python3.8/site-packages/airflow/example_dags/example_latest_only.py
[2023-09-14T17:17:59.842+0100] {processor.py:839} INFO - DAG(s) dict_keys(['latest_only']) retrieved from /home/joestar/Documents/projects/airflow_etl/airflow_env/lib/python3.8/site-packages/airflow/example_dags/example_latest_only.py
[2023-09-14T17:17:59.866+0100] {logging_mixin.py:151} INFO - [2023-09-14T17:17:59.866+0100] {dag.py:2915} INFO - Sync 1 DAGs
[2023-09-14T17:17:59.901+0100] {logging_mixin.py:151} INFO - [2023-09-14T17:17:59.901+0100] {dag.py:3696} INFO - Setting next_dagrun for latest_only to 2023-09-14T12:17:59.901158+00:00, run_after=2023-09-14T16:17:59.901158+00:00
[2023-09-14T17:17:59.935+0100] {processor.py:179} INFO - Processing /home/joestar/Documents/projects/airflow_etl/airflow_env/lib/python3.8/site-packages/airflow/example_dags/example_latest_only.py took 0.109 seconds
[2023-09-14T17:18:49.972+0100] {processor.py:157} INFO - Started process (PID=27114) to work on /home/joestar/Documents/projects/airflow_etl/airflow_env/lib/python3.8/site-packages/airflow/example_dags/example_latest_only.py
[2023-09-14T17:18:49.977+0100] {processor.py:829} INFO - Processing file /home/joestar/Documents/projects/airflow_etl/airflow_env/lib/python3.8/site-packages/airflow/example_dags/example_latest_only.py for tasks to queue
[2023-09-14T17:18:49.979+0100] {logging_mixin.py:151} INFO - [2023-09-14T17:18:49.979+0100] {dagbag.py:539} INFO - Filling up the DagBag from /home/joestar/Documents/projects/airflow_etl/airflow_env/lib/python3.8/site-packages/airflow/example_dags/example_latest_only.py
[2023-09-14T17:18:50.002+0100] {processor.py:839} INFO - DAG(s) dict_keys(['latest_only']) retrieved from /home/joestar/Documents/projects/airflow_etl/airflow_env/lib/python3.8/site-packages/airflow/example_dags/example_latest_only.py
[2023-09-14T17:18:50.041+0100] {logging_mixin.py:151} INFO - [2023-09-14T17:18:50.040+0100] {dag.py:2915} INFO - Sync 1 DAGs
[2023-09-14T17:18:50.104+0100] {logging_mixin.py:151} INFO - [2023-09-14T17:18:50.104+0100] {dag.py:3696} INFO - Setting next_dagrun for latest_only to 2023-09-14T12:18:50.104110+00:00, run_after=2023-09-14T16:18:50.104110+00:00
[2023-09-14T17:18:50.167+0100] {processor.py:179} INFO - Processing /home/joestar/Documents/projects/airflow_etl/airflow_env/lib/python3.8/site-packages/airflow/example_dags/example_latest_only.py took 0.202 seconds
[2023-09-14T17:19:52.208+0100] {processor.py:157} INFO - Started process (PID=27416) to work on /home/joestar/Documents/projects/airflow_etl/airflow_env/lib/python3.8/site-packages/airflow/example_dags/example_latest_only.py
[2023-09-14T17:19:52.215+0100] {processor.py:829} INFO - Processing file /home/joestar/Documents/projects/airflow_etl/airflow_env/lib/python3.8/site-packages/airflow/example_dags/example_latest_only.py for tasks to queue
[2023-09-14T17:19:52.216+0100] {logging_mixin.py:151} INFO - [2023-09-14T17:19:52.216+0100] {dagbag.py:539} INFO - Filling up the DagBag from /home/joestar/Documents/projects/airflow_etl/airflow_env/lib/python3.8/site-packages/airflow/example_dags/example_latest_only.py
[2023-09-14T17:19:52.226+0100] {processor.py:839} INFO - DAG(s) dict_keys(['latest_only']) retrieved from /home/joestar/Documents/projects/airflow_etl/airflow_env/lib/python3.8/site-packages/airflow/example_dags/example_latest_only.py
[2023-09-14T17:19:52.247+0100] {logging_mixin.py:151} INFO - [2023-09-14T17:19:52.246+0100] {dag.py:2915} INFO - Sync 1 DAGs
[2023-09-14T17:19:52.278+0100] {logging_mixin.py:151} INFO - [2023-09-14T17:19:52.278+0100] {dag.py:3696} INFO - Setting next_dagrun for latest_only to 2023-09-14T12:19:52.277774+00:00, run_after=2023-09-14T16:19:52.277774+00:00
[2023-09-14T17:19:52.313+0100] {processor.py:179} INFO - Processing /home/joestar/Documents/projects/airflow_etl/airflow_env/lib/python3.8/site-packages/airflow/example_dags/example_latest_only.py took 0.111 seconds
[2023-09-14T17:20:42.925+0100] {processor.py:157} INFO - Started process (PID=27619) to work on /home/joestar/Documents/projects/airflow_etl/airflow_env/lib/python3.8/site-packages/airflow/example_dags/example_latest_only.py
[2023-09-14T17:20:42.926+0100] {processor.py:829} INFO - Processing file /home/joestar/Documents/projects/airflow_etl/airflow_env/lib/python3.8/site-packages/airflow/example_dags/example_latest_only.py for tasks to queue
[2023-09-14T17:20:42.928+0100] {logging_mixin.py:151} INFO - [2023-09-14T17:20:42.927+0100] {dagbag.py:539} INFO - Filling up the DagBag from /home/joestar/Documents/projects/airflow_etl/airflow_env/lib/python3.8/site-packages/airflow/example_dags/example_latest_only.py
[2023-09-14T17:20:42.938+0100] {processor.py:839} INFO - DAG(s) dict_keys(['latest_only']) retrieved from /home/joestar/Documents/projects/airflow_etl/airflow_env/lib/python3.8/site-packages/airflow/example_dags/example_latest_only.py
[2023-09-14T17:20:42.961+0100] {logging_mixin.py:151} INFO - [2023-09-14T17:20:42.960+0100] {dag.py:2915} INFO - Sync 1 DAGs
[2023-09-14T17:20:42.993+0100] {logging_mixin.py:151} INFO - [2023-09-14T17:20:42.993+0100] {dag.py:3696} INFO - Setting next_dagrun for latest_only to 2023-09-14T12:20:42.992915+00:00, run_after=2023-09-14T16:20:42.992915+00:00
[2023-09-14T17:20:43.029+0100] {processor.py:179} INFO - Processing /home/joestar/Documents/projects/airflow_etl/airflow_env/lib/python3.8/site-packages/airflow/example_dags/example_latest_only.py took 0.109 seconds
[2023-09-14T17:21:33.908+0100] {processor.py:157} INFO - Started process (PID=27850) to work on /home/joestar/Documents/projects/airflow_etl/airflow_env/lib/python3.8/site-packages/airflow/example_dags/example_latest_only.py
[2023-09-14T17:21:33.909+0100] {processor.py:829} INFO - Processing file /home/joestar/Documents/projects/airflow_etl/airflow_env/lib/python3.8/site-packages/airflow/example_dags/example_latest_only.py for tasks to queue
[2023-09-14T17:21:33.910+0100] {logging_mixin.py:151} INFO - [2023-09-14T17:21:33.909+0100] {dagbag.py:539} INFO - Filling up the DagBag from /home/joestar/Documents/projects/airflow_etl/airflow_env/lib/python3.8/site-packages/airflow/example_dags/example_latest_only.py
[2023-09-14T17:21:33.916+0100] {processor.py:839} INFO - DAG(s) dict_keys(['latest_only']) retrieved from /home/joestar/Documents/projects/airflow_etl/airflow_env/lib/python3.8/site-packages/airflow/example_dags/example_latest_only.py
[2023-09-14T17:21:33.930+0100] {logging_mixin.py:151} INFO - [2023-09-14T17:21:33.930+0100] {dag.py:2915} INFO - Sync 1 DAGs
[2023-09-14T17:21:33.949+0100] {logging_mixin.py:151} INFO - [2023-09-14T17:21:33.949+0100] {dag.py:3696} INFO - Setting next_dagrun for latest_only to 2023-09-14T12:21:33.949543+00:00, run_after=2023-09-14T16:21:33.949543+00:00
[2023-09-14T17:21:33.976+0100] {processor.py:179} INFO - Processing /home/joestar/Documents/projects/airflow_etl/airflow_env/lib/python3.8/site-packages/airflow/example_dags/example_latest_only.py took 0.071 seconds
[2023-09-14T17:22:26.265+0100] {processor.py:157} INFO - Started process (PID=28067) to work on /home/joestar/Documents/projects/airflow_etl/airflow_env/lib/python3.8/site-packages/airflow/example_dags/example_latest_only.py
[2023-09-14T17:22:26.266+0100] {processor.py:829} INFO - Processing file /home/joestar/Documents/projects/airflow_etl/airflow_env/lib/python3.8/site-packages/airflow/example_dags/example_latest_only.py for tasks to queue
[2023-09-14T17:22:26.267+0100] {logging_mixin.py:151} INFO - [2023-09-14T17:22:26.267+0100] {dagbag.py:539} INFO - Filling up the DagBag from /home/joestar/Documents/projects/airflow_etl/airflow_env/lib/python3.8/site-packages/airflow/example_dags/example_latest_only.py
[2023-09-14T17:22:26.278+0100] {processor.py:839} INFO - DAG(s) dict_keys(['latest_only']) retrieved from /home/joestar/Documents/projects/airflow_etl/airflow_env/lib/python3.8/site-packages/airflow/example_dags/example_latest_only.py
[2023-09-14T17:22:26.301+0100] {logging_mixin.py:151} INFO - [2023-09-14T17:22:26.300+0100] {dag.py:2915} INFO - Sync 1 DAGs
[2023-09-14T17:22:26.350+0100] {logging_mixin.py:151} INFO - [2023-09-14T17:22:26.350+0100] {dag.py:3696} INFO - Setting next_dagrun for latest_only to 2023-09-14T12:22:26.350519+00:00, run_after=2023-09-14T16:22:26.350519+00:00
[2023-09-14T17:22:26.386+0100] {processor.py:179} INFO - Processing /home/joestar/Documents/projects/airflow_etl/airflow_env/lib/python3.8/site-packages/airflow/example_dags/example_latest_only.py took 0.125 seconds
[2023-09-14T17:23:20.683+0100] {processor.py:157} INFO - Started process (PID=28323) to work on /home/joestar/Documents/projects/airflow_etl/airflow_env/lib/python3.8/site-packages/airflow/example_dags/example_latest_only.py
[2023-09-14T17:23:20.684+0100] {processor.py:829} INFO - Processing file /home/joestar/Documents/projects/airflow_etl/airflow_env/lib/python3.8/site-packages/airflow/example_dags/example_latest_only.py for tasks to queue
[2023-09-14T17:23:20.685+0100] {logging_mixin.py:151} INFO - [2023-09-14T17:23:20.685+0100] {dagbag.py:539} INFO - Filling up the DagBag from /home/joestar/Documents/projects/airflow_etl/airflow_env/lib/python3.8/site-packages/airflow/example_dags/example_latest_only.py
[2023-09-14T17:23:20.693+0100] {processor.py:839} INFO - DAG(s) dict_keys(['latest_only']) retrieved from /home/joestar/Documents/projects/airflow_etl/airflow_env/lib/python3.8/site-packages/airflow/example_dags/example_latest_only.py
[2023-09-14T17:23:20.715+0100] {logging_mixin.py:151} INFO - [2023-09-14T17:23:20.714+0100] {dag.py:2915} INFO - Sync 1 DAGs
[2023-09-14T17:23:20.746+0100] {logging_mixin.py:151} INFO - [2023-09-14T17:23:20.746+0100] {dag.py:3696} INFO - Setting next_dagrun for latest_only to 2023-09-14T12:23:20.746065+00:00, run_after=2023-09-14T16:23:20.746065+00:00
[2023-09-14T17:23:20.779+0100] {processor.py:179} INFO - Processing /home/joestar/Documents/projects/airflow_etl/airflow_env/lib/python3.8/site-packages/airflow/example_dags/example_latest_only.py took 0.100 seconds
[2023-09-14T17:24:20.534+0100] {processor.py:157} INFO - Started process (PID=28580) to work on /home/joestar/Documents/projects/airflow_etl/airflow_env/lib/python3.8/site-packages/airflow/example_dags/example_latest_only.py
[2023-09-14T17:24:20.535+0100] {processor.py:829} INFO - Processing file /home/joestar/Documents/projects/airflow_etl/airflow_env/lib/python3.8/site-packages/airflow/example_dags/example_latest_only.py for tasks to queue
[2023-09-14T17:24:20.536+0100] {logging_mixin.py:151} INFO - [2023-09-14T17:24:20.536+0100] {dagbag.py:539} INFO - Filling up the DagBag from /home/joestar/Documents/projects/airflow_etl/airflow_env/lib/python3.8/site-packages/airflow/example_dags/example_latest_only.py
[2023-09-14T17:24:20.545+0100] {processor.py:839} INFO - DAG(s) dict_keys(['latest_only']) retrieved from /home/joestar/Documents/projects/airflow_etl/airflow_env/lib/python3.8/site-packages/airflow/example_dags/example_latest_only.py
[2023-09-14T17:24:20.565+0100] {logging_mixin.py:151} INFO - [2023-09-14T17:24:20.565+0100] {dag.py:2915} INFO - Sync 1 DAGs
[2023-09-14T17:24:20.596+0100] {logging_mixin.py:151} INFO - [2023-09-14T17:24:20.596+0100] {dag.py:3696} INFO - Setting next_dagrun for latest_only to 2023-09-14T12:24:20.595834+00:00, run_after=2023-09-14T16:24:20.595834+00:00
[2023-09-14T17:24:20.634+0100] {processor.py:179} INFO - Processing /home/joestar/Documents/projects/airflow_etl/airflow_env/lib/python3.8/site-packages/airflow/example_dags/example_latest_only.py took 0.104 seconds
[2023-09-14T17:25:18.927+0100] {processor.py:157} INFO - Started process (PID=28819) to work on /home/joestar/Documents/projects/airflow_etl/airflow_env/lib/python3.8/site-packages/airflow/example_dags/example_latest_only.py
[2023-09-14T17:25:18.930+0100] {processor.py:829} INFO - Processing file /home/joestar/Documents/projects/airflow_etl/airflow_env/lib/python3.8/site-packages/airflow/example_dags/example_latest_only.py for tasks to queue
[2023-09-14T17:25:18.932+0100] {logging_mixin.py:151} INFO - [2023-09-14T17:25:18.931+0100] {dagbag.py:539} INFO - Filling up the DagBag from /home/joestar/Documents/projects/airflow_etl/airflow_env/lib/python3.8/site-packages/airflow/example_dags/example_latest_only.py
[2023-09-14T17:25:18.946+0100] {processor.py:839} INFO - DAG(s) dict_keys(['latest_only']) retrieved from /home/joestar/Documents/projects/airflow_etl/airflow_env/lib/python3.8/site-packages/airflow/example_dags/example_latest_only.py
[2023-09-14T17:25:18.973+0100] {logging_mixin.py:151} INFO - [2023-09-14T17:25:18.973+0100] {dag.py:2915} INFO - Sync 1 DAGs
[2023-09-14T17:25:19.012+0100] {logging_mixin.py:151} INFO - [2023-09-14T17:25:19.012+0100] {dag.py:3696} INFO - Setting next_dagrun for latest_only to 2023-09-14T12:25:19.012252+00:00, run_after=2023-09-14T16:25:19.012252+00:00
[2023-09-14T17:25:19.048+0100] {processor.py:179} INFO - Processing /home/joestar/Documents/projects/airflow_etl/airflow_env/lib/python3.8/site-packages/airflow/example_dags/example_latest_only.py took 0.129 seconds
[2023-09-14T17:26:11.493+0100] {processor.py:157} INFO - Started process (PID=29052) to work on /home/joestar/Documents/projects/airflow_etl/airflow_env/lib/python3.8/site-packages/airflow/example_dags/example_latest_only.py
[2023-09-14T17:26:11.494+0100] {processor.py:829} INFO - Processing file /home/joestar/Documents/projects/airflow_etl/airflow_env/lib/python3.8/site-packages/airflow/example_dags/example_latest_only.py for tasks to queue
[2023-09-14T17:26:11.495+0100] {logging_mixin.py:151} INFO - [2023-09-14T17:26:11.495+0100] {dagbag.py:539} INFO - Filling up the DagBag from /home/joestar/Documents/projects/airflow_etl/airflow_env/lib/python3.8/site-packages/airflow/example_dags/example_latest_only.py
[2023-09-14T17:26:11.501+0100] {processor.py:839} INFO - DAG(s) dict_keys(['latest_only']) retrieved from /home/joestar/Documents/projects/airflow_etl/airflow_env/lib/python3.8/site-packages/airflow/example_dags/example_latest_only.py
[2023-09-14T17:26:11.515+0100] {logging_mixin.py:151} INFO - [2023-09-14T17:26:11.515+0100] {dag.py:2915} INFO - Sync 1 DAGs
[2023-09-14T17:26:11.534+0100] {logging_mixin.py:151} INFO - [2023-09-14T17:26:11.534+0100] {dag.py:3696} INFO - Setting next_dagrun for latest_only to 2023-09-14T12:26:11.534551+00:00, run_after=2023-09-14T16:26:11.534551+00:00
[2023-09-14T17:26:11.562+0100] {processor.py:179} INFO - Processing /home/joestar/Documents/projects/airflow_etl/airflow_env/lib/python3.8/site-packages/airflow/example_dags/example_latest_only.py took 0.071 seconds
[2023-09-14T17:27:04.962+0100] {processor.py:157} INFO - Started process (PID=29297) to work on /home/joestar/Documents/projects/airflow_etl/airflow_env/lib/python3.8/site-packages/airflow/example_dags/example_latest_only.py
[2023-09-14T17:27:04.963+0100] {processor.py:829} INFO - Processing file /home/joestar/Documents/projects/airflow_etl/airflow_env/lib/python3.8/site-packages/airflow/example_dags/example_latest_only.py for tasks to queue
[2023-09-14T17:27:04.964+0100] {logging_mixin.py:151} INFO - [2023-09-14T17:27:04.964+0100] {dagbag.py:539} INFO - Filling up the DagBag from /home/joestar/Documents/projects/airflow_etl/airflow_env/lib/python3.8/site-packages/airflow/example_dags/example_latest_only.py
[2023-09-14T17:27:04.972+0100] {processor.py:839} INFO - DAG(s) dict_keys(['latest_only']) retrieved from /home/joestar/Documents/projects/airflow_etl/airflow_env/lib/python3.8/site-packages/airflow/example_dags/example_latest_only.py
[2023-09-14T17:27:04.988+0100] {logging_mixin.py:151} INFO - [2023-09-14T17:27:04.988+0100] {dag.py:2915} INFO - Sync 1 DAGs
[2023-09-14T17:27:05.015+0100] {logging_mixin.py:151} INFO - [2023-09-14T17:27:05.015+0100] {dag.py:3696} INFO - Setting next_dagrun for latest_only to 2023-09-14T12:27:05.015283+00:00, run_after=2023-09-14T16:27:05.015283+00:00
[2023-09-14T17:27:05.042+0100] {processor.py:179} INFO - Processing /home/joestar/Documents/projects/airflow_etl/airflow_env/lib/python3.8/site-packages/airflow/example_dags/example_latest_only.py took 0.083 seconds
[2023-09-14T17:28:02.038+0100] {processor.py:157} INFO - Started process (PID=29541) to work on /home/joestar/Documents/projects/airflow_etl/airflow_env/lib/python3.8/site-packages/airflow/example_dags/example_latest_only.py
[2023-09-14T17:28:02.039+0100] {processor.py:829} INFO - Processing file /home/joestar/Documents/projects/airflow_etl/airflow_env/lib/python3.8/site-packages/airflow/example_dags/example_latest_only.py for tasks to queue
[2023-09-14T17:28:02.041+0100] {logging_mixin.py:151} INFO - [2023-09-14T17:28:02.040+0100] {dagbag.py:539} INFO - Filling up the DagBag from /home/joestar/Documents/projects/airflow_etl/airflow_env/lib/python3.8/site-packages/airflow/example_dags/example_latest_only.py
[2023-09-14T17:28:02.047+0100] {processor.py:839} INFO - DAG(s) dict_keys(['latest_only']) retrieved from /home/joestar/Documents/projects/airflow_etl/airflow_env/lib/python3.8/site-packages/airflow/example_dags/example_latest_only.py
[2023-09-14T17:28:02.068+0100] {logging_mixin.py:151} INFO - [2023-09-14T17:28:02.068+0100] {dag.py:2915} INFO - Sync 1 DAGs
[2023-09-14T17:28:02.093+0100] {logging_mixin.py:151} INFO - [2023-09-14T17:28:02.092+0100] {dag.py:3696} INFO - Setting next_dagrun for latest_only to 2023-09-14T12:28:02.092592+00:00, run_after=2023-09-14T16:28:02.092592+00:00
[2023-09-14T17:28:02.127+0100] {processor.py:179} INFO - Processing /home/joestar/Documents/projects/airflow_etl/airflow_env/lib/python3.8/site-packages/airflow/example_dags/example_latest_only.py took 0.093 seconds
[2023-09-14T17:28:53.037+0100] {processor.py:157} INFO - Started process (PID=29762) to work on /home/joestar/Documents/projects/airflow_etl/airflow_env/lib/python3.8/site-packages/airflow/example_dags/example_latest_only.py
[2023-09-14T17:28:53.038+0100] {processor.py:829} INFO - Processing file /home/joestar/Documents/projects/airflow_etl/airflow_env/lib/python3.8/site-packages/airflow/example_dags/example_latest_only.py for tasks to queue
[2023-09-14T17:28:53.039+0100] {logging_mixin.py:151} INFO - [2023-09-14T17:28:53.039+0100] {dagbag.py:539} INFO - Filling up the DagBag from /home/joestar/Documents/projects/airflow_etl/airflow_env/lib/python3.8/site-packages/airflow/example_dags/example_latest_only.py
[2023-09-14T17:28:53.047+0100] {processor.py:839} INFO - DAG(s) dict_keys(['latest_only']) retrieved from /home/joestar/Documents/projects/airflow_etl/airflow_env/lib/python3.8/site-packages/airflow/example_dags/example_latest_only.py
[2023-09-14T17:28:53.064+0100] {logging_mixin.py:151} INFO - [2023-09-14T17:28:53.064+0100] {dag.py:2915} INFO - Sync 1 DAGs
[2023-09-14T17:28:53.086+0100] {logging_mixin.py:151} INFO - [2023-09-14T17:28:53.085+0100] {dag.py:3696} INFO - Setting next_dagrun for latest_only to 2023-09-14T12:28:53.085679+00:00, run_after=2023-09-14T16:28:53.085679+00:00
[2023-09-14T17:28:53.123+0100] {processor.py:179} INFO - Processing /home/joestar/Documents/projects/airflow_etl/airflow_env/lib/python3.8/site-packages/airflow/example_dags/example_latest_only.py took 0.090 seconds
[2023-09-14T17:29:45.129+0100] {processor.py:157} INFO - Started process (PID=30015) to work on /home/joestar/Documents/projects/airflow_etl/airflow_env/lib/python3.8/site-packages/airflow/example_dags/example_latest_only.py
[2023-09-14T17:29:45.130+0100] {processor.py:829} INFO - Processing file /home/joestar/Documents/projects/airflow_etl/airflow_env/lib/python3.8/site-packages/airflow/example_dags/example_latest_only.py for tasks to queue
[2023-09-14T17:29:45.131+0100] {logging_mixin.py:151} INFO - [2023-09-14T17:29:45.131+0100] {dagbag.py:539} INFO - Filling up the DagBag from /home/joestar/Documents/projects/airflow_etl/airflow_env/lib/python3.8/site-packages/airflow/example_dags/example_latest_only.py
[2023-09-14T17:29:45.138+0100] {processor.py:839} INFO - DAG(s) dict_keys(['latest_only']) retrieved from /home/joestar/Documents/projects/airflow_etl/airflow_env/lib/python3.8/site-packages/airflow/example_dags/example_latest_only.py
[2023-09-14T17:29:45.160+0100] {logging_mixin.py:151} INFO - [2023-09-14T17:29:45.159+0100] {dag.py:2915} INFO - Sync 1 DAGs
[2023-09-14T17:29:45.183+0100] {logging_mixin.py:151} INFO - [2023-09-14T17:29:45.183+0100] {dag.py:3696} INFO - Setting next_dagrun for latest_only to 2023-09-14T12:29:45.182881+00:00, run_after=2023-09-14T16:29:45.182881+00:00
[2023-09-14T17:29:45.208+0100] {processor.py:179} INFO - Processing /home/joestar/Documents/projects/airflow_etl/airflow_env/lib/python3.8/site-packages/airflow/example_dags/example_latest_only.py took 0.081 seconds
[2023-09-14T17:30:37.696+0100] {processor.py:157} INFO - Started process (PID=30264) to work on /home/joestar/Documents/projects/airflow_etl/airflow_env/lib/python3.8/site-packages/airflow/example_dags/example_latest_only.py
[2023-09-14T17:30:37.697+0100] {processor.py:829} INFO - Processing file /home/joestar/Documents/projects/airflow_etl/airflow_env/lib/python3.8/site-packages/airflow/example_dags/example_latest_only.py for tasks to queue
[2023-09-14T17:30:37.698+0100] {logging_mixin.py:151} INFO - [2023-09-14T17:30:37.698+0100] {dagbag.py:539} INFO - Filling up the DagBag from /home/joestar/Documents/projects/airflow_etl/airflow_env/lib/python3.8/site-packages/airflow/example_dags/example_latest_only.py
[2023-09-14T17:30:37.704+0100] {processor.py:839} INFO - DAG(s) dict_keys(['latest_only']) retrieved from /home/joestar/Documents/projects/airflow_etl/airflow_env/lib/python3.8/site-packages/airflow/example_dags/example_latest_only.py
[2023-09-14T17:30:37.723+0100] {logging_mixin.py:151} INFO - [2023-09-14T17:30:37.722+0100] {dag.py:2915} INFO - Sync 1 DAGs
[2023-09-14T17:30:37.748+0100] {logging_mixin.py:151} INFO - [2023-09-14T17:30:37.748+0100] {dag.py:3696} INFO - Setting next_dagrun for latest_only to 2023-09-14T12:30:37.748304+00:00, run_after=2023-09-14T16:30:37.748304+00:00
[2023-09-14T17:30:37.780+0100] {processor.py:179} INFO - Processing /home/joestar/Documents/projects/airflow_etl/airflow_env/lib/python3.8/site-packages/airflow/example_dags/example_latest_only.py took 0.088 seconds
[2023-09-14T17:31:27.599+0100] {processor.py:157} INFO - Started process (PID=30494) to work on /home/joestar/Documents/projects/airflow_etl/airflow_env/lib/python3.8/site-packages/airflow/example_dags/example_latest_only.py
[2023-09-14T17:31:27.600+0100] {processor.py:829} INFO - Processing file /home/joestar/Documents/projects/airflow_etl/airflow_env/lib/python3.8/site-packages/airflow/example_dags/example_latest_only.py for tasks to queue
[2023-09-14T17:31:27.601+0100] {logging_mixin.py:151} INFO - [2023-09-14T17:31:27.601+0100] {dagbag.py:539} INFO - Filling up the DagBag from /home/joestar/Documents/projects/airflow_etl/airflow_env/lib/python3.8/site-packages/airflow/example_dags/example_latest_only.py
[2023-09-14T17:31:27.609+0100] {processor.py:839} INFO - DAG(s) dict_keys(['latest_only']) retrieved from /home/joestar/Documents/projects/airflow_etl/airflow_env/lib/python3.8/site-packages/airflow/example_dags/example_latest_only.py
[2023-09-14T17:31:27.629+0100] {logging_mixin.py:151} INFO - [2023-09-14T17:31:27.629+0100] {dag.py:2915} INFO - Sync 1 DAGs
[2023-09-14T17:31:27.657+0100] {logging_mixin.py:151} INFO - [2023-09-14T17:31:27.656+0100] {dag.py:3696} INFO - Setting next_dagrun for latest_only to 2023-09-14T12:31:27.656656+00:00, run_after=2023-09-14T16:31:27.656656+00:00
[2023-09-14T17:31:27.683+0100] {processor.py:179} INFO - Processing /home/joestar/Documents/projects/airflow_etl/airflow_env/lib/python3.8/site-packages/airflow/example_dags/example_latest_only.py took 0.087 seconds
[2023-09-14T17:32:19.425+0100] {processor.py:157} INFO - Started process (PID=30727) to work on /home/joestar/Documents/projects/airflow_etl/airflow_env/lib/python3.8/site-packages/airflow/example_dags/example_latest_only.py
[2023-09-14T17:32:19.426+0100] {processor.py:829} INFO - Processing file /home/joestar/Documents/projects/airflow_etl/airflow_env/lib/python3.8/site-packages/airflow/example_dags/example_latest_only.py for tasks to queue
[2023-09-14T17:32:19.427+0100] {logging_mixin.py:151} INFO - [2023-09-14T17:32:19.426+0100] {dagbag.py:539} INFO - Filling up the DagBag from /home/joestar/Documents/projects/airflow_etl/airflow_env/lib/python3.8/site-packages/airflow/example_dags/example_latest_only.py
[2023-09-14T17:32:19.433+0100] {processor.py:839} INFO - DAG(s) dict_keys(['latest_only']) retrieved from /home/joestar/Documents/projects/airflow_etl/airflow_env/lib/python3.8/site-packages/airflow/example_dags/example_latest_only.py
[2023-09-14T17:32:19.447+0100] {logging_mixin.py:151} INFO - [2023-09-14T17:32:19.447+0100] {dag.py:2915} INFO - Sync 1 DAGs
[2023-09-14T17:32:19.466+0100] {logging_mixin.py:151} INFO - [2023-09-14T17:32:19.465+0100] {dag.py:3696} INFO - Setting next_dagrun for latest_only to 2023-09-14T12:32:19.465722+00:00, run_after=2023-09-14T16:32:19.465722+00:00
[2023-09-14T17:32:19.497+0100] {processor.py:179} INFO - Processing /home/joestar/Documents/projects/airflow_etl/airflow_env/lib/python3.8/site-packages/airflow/example_dags/example_latest_only.py took 0.075 seconds
[2023-09-14T17:33:11.313+0100] {processor.py:157} INFO - Started process (PID=30963) to work on /home/joestar/Documents/projects/airflow_etl/airflow_env/lib/python3.8/site-packages/airflow/example_dags/example_latest_only.py
[2023-09-14T17:33:11.314+0100] {processor.py:829} INFO - Processing file /home/joestar/Documents/projects/airflow_etl/airflow_env/lib/python3.8/site-packages/airflow/example_dags/example_latest_only.py for tasks to queue
[2023-09-14T17:33:11.315+0100] {logging_mixin.py:151} INFO - [2023-09-14T17:33:11.315+0100] {dagbag.py:539} INFO - Filling up the DagBag from /home/joestar/Documents/projects/airflow_etl/airflow_env/lib/python3.8/site-packages/airflow/example_dags/example_latest_only.py
[2023-09-14T17:33:11.324+0100] {processor.py:839} INFO - DAG(s) dict_keys(['latest_only']) retrieved from /home/joestar/Documents/projects/airflow_etl/airflow_env/lib/python3.8/site-packages/airflow/example_dags/example_latest_only.py
[2023-09-14T17:33:11.348+0100] {logging_mixin.py:151} INFO - [2023-09-14T17:33:11.348+0100] {dag.py:2915} INFO - Sync 1 DAGs
[2023-09-14T17:33:11.390+0100] {logging_mixin.py:151} INFO - [2023-09-14T17:33:11.389+0100] {dag.py:3696} INFO - Setting next_dagrun for latest_only to 2023-09-14T12:33:11.389387+00:00, run_after=2023-09-14T16:33:11.389387+00:00
[2023-09-14T17:33:11.418+0100] {processor.py:179} INFO - Processing /home/joestar/Documents/projects/airflow_etl/airflow_env/lib/python3.8/site-packages/airflow/example_dags/example_latest_only.py took 0.110 seconds
[2023-09-14T17:34:05.782+0100] {processor.py:157} INFO - Started process (PID=31216) to work on /home/joestar/Documents/projects/airflow_etl/airflow_env/lib/python3.8/site-packages/airflow/example_dags/example_latest_only.py
[2023-09-14T17:34:05.783+0100] {processor.py:829} INFO - Processing file /home/joestar/Documents/projects/airflow_etl/airflow_env/lib/python3.8/site-packages/airflow/example_dags/example_latest_only.py for tasks to queue
[2023-09-14T17:34:05.784+0100] {logging_mixin.py:151} INFO - [2023-09-14T17:34:05.784+0100] {dagbag.py:539} INFO - Filling up the DagBag from /home/joestar/Documents/projects/airflow_etl/airflow_env/lib/python3.8/site-packages/airflow/example_dags/example_latest_only.py
[2023-09-14T17:34:05.791+0100] {processor.py:839} INFO - DAG(s) dict_keys(['latest_only']) retrieved from /home/joestar/Documents/projects/airflow_etl/airflow_env/lib/python3.8/site-packages/airflow/example_dags/example_latest_only.py
[2023-09-14T17:34:05.805+0100] {logging_mixin.py:151} INFO - [2023-09-14T17:34:05.805+0100] {dag.py:2915} INFO - Sync 1 DAGs
[2023-09-14T17:34:05.827+0100] {logging_mixin.py:151} INFO - [2023-09-14T17:34:05.827+0100] {dag.py:3696} INFO - Setting next_dagrun for latest_only to 2023-09-14T12:34:05.827469+00:00, run_after=2023-09-14T16:34:05.827469+00:00
[2023-09-14T17:34:05.854+0100] {processor.py:179} INFO - Processing /home/joestar/Documents/projects/airflow_etl/airflow_env/lib/python3.8/site-packages/airflow/example_dags/example_latest_only.py took 0.074 seconds
[2023-09-14T17:34:58.689+0100] {processor.py:157} INFO - Started process (PID=31444) to work on /home/joestar/Documents/projects/airflow_etl/airflow_env/lib/python3.8/site-packages/airflow/example_dags/example_latest_only.py
[2023-09-14T17:34:58.690+0100] {processor.py:829} INFO - Processing file /home/joestar/Documents/projects/airflow_etl/airflow_env/lib/python3.8/site-packages/airflow/example_dags/example_latest_only.py for tasks to queue
[2023-09-14T17:34:58.692+0100] {logging_mixin.py:151} INFO - [2023-09-14T17:34:58.691+0100] {dagbag.py:539} INFO - Filling up the DagBag from /home/joestar/Documents/projects/airflow_etl/airflow_env/lib/python3.8/site-packages/airflow/example_dags/example_latest_only.py
[2023-09-14T17:34:58.699+0100] {processor.py:839} INFO - DAG(s) dict_keys(['latest_only']) retrieved from /home/joestar/Documents/projects/airflow_etl/airflow_env/lib/python3.8/site-packages/airflow/example_dags/example_latest_only.py
[2023-09-14T17:34:58.714+0100] {logging_mixin.py:151} INFO - [2023-09-14T17:34:58.714+0100] {dag.py:2915} INFO - Sync 1 DAGs
[2023-09-14T17:34:58.737+0100] {logging_mixin.py:151} INFO - [2023-09-14T17:34:58.737+0100] {dag.py:3696} INFO - Setting next_dagrun for latest_only to 2023-09-14T12:34:58.737373+00:00, run_after=2023-09-14T16:34:58.737373+00:00
[2023-09-14T17:34:58.769+0100] {processor.py:179} INFO - Processing /home/joestar/Documents/projects/airflow_etl/airflow_env/lib/python3.8/site-packages/airflow/example_dags/example_latest_only.py took 0.083 seconds
[2023-09-14T17:35:49.452+0100] {processor.py:157} INFO - Started process (PID=31682) to work on /home/joestar/Documents/projects/airflow_etl/airflow_env/lib/python3.8/site-packages/airflow/example_dags/example_latest_only.py
[2023-09-14T17:35:49.453+0100] {processor.py:829} INFO - Processing file /home/joestar/Documents/projects/airflow_etl/airflow_env/lib/python3.8/site-packages/airflow/example_dags/example_latest_only.py for tasks to queue
[2023-09-14T17:35:49.453+0100] {logging_mixin.py:151} INFO - [2023-09-14T17:35:49.453+0100] {dagbag.py:539} INFO - Filling up the DagBag from /home/joestar/Documents/projects/airflow_etl/airflow_env/lib/python3.8/site-packages/airflow/example_dags/example_latest_only.py
[2023-09-14T17:35:49.460+0100] {processor.py:839} INFO - DAG(s) dict_keys(['latest_only']) retrieved from /home/joestar/Documents/projects/airflow_etl/airflow_env/lib/python3.8/site-packages/airflow/example_dags/example_latest_only.py
[2023-09-14T17:35:49.474+0100] {logging_mixin.py:151} INFO - [2023-09-14T17:35:49.474+0100] {dag.py:2915} INFO - Sync 1 DAGs
[2023-09-14T17:35:49.494+0100] {logging_mixin.py:151} INFO - [2023-09-14T17:35:49.494+0100] {dag.py:3696} INFO - Setting next_dagrun for latest_only to 2023-09-14T12:35:49.493856+00:00, run_after=2023-09-14T16:35:49.493856+00:00
[2023-09-14T17:35:49.520+0100] {processor.py:179} INFO - Processing /home/joestar/Documents/projects/airflow_etl/airflow_env/lib/python3.8/site-packages/airflow/example_dags/example_latest_only.py took 0.071 seconds
[2023-09-14T17:36:41.767+0100] {processor.py:157} INFO - Started process (PID=31921) to work on /home/joestar/Documents/projects/airflow_etl/airflow_env/lib/python3.8/site-packages/airflow/example_dags/example_latest_only.py
[2023-09-14T17:36:41.768+0100] {processor.py:829} INFO - Processing file /home/joestar/Documents/projects/airflow_etl/airflow_env/lib/python3.8/site-packages/airflow/example_dags/example_latest_only.py for tasks to queue
[2023-09-14T17:36:41.768+0100] {logging_mixin.py:151} INFO - [2023-09-14T17:36:41.768+0100] {dagbag.py:539} INFO - Filling up the DagBag from /home/joestar/Documents/projects/airflow_etl/airflow_env/lib/python3.8/site-packages/airflow/example_dags/example_latest_only.py
[2023-09-14T17:36:41.774+0100] {processor.py:839} INFO - DAG(s) dict_keys(['latest_only']) retrieved from /home/joestar/Documents/projects/airflow_etl/airflow_env/lib/python3.8/site-packages/airflow/example_dags/example_latest_only.py
[2023-09-14T17:36:41.788+0100] {logging_mixin.py:151} INFO - [2023-09-14T17:36:41.788+0100] {dag.py:2915} INFO - Sync 1 DAGs
[2023-09-14T17:36:41.813+0100] {logging_mixin.py:151} INFO - [2023-09-14T17:36:41.813+0100] {dag.py:3696} INFO - Setting next_dagrun for latest_only to 2023-09-14T12:36:41.812729+00:00, run_after=2023-09-14T16:36:41.812729+00:00
[2023-09-14T17:36:41.857+0100] {processor.py:179} INFO - Processing /home/joestar/Documents/projects/airflow_etl/airflow_env/lib/python3.8/site-packages/airflow/example_dags/example_latest_only.py took 0.093 seconds
[2023-09-14T17:37:36.263+0100] {processor.py:157} INFO - Started process (PID=32185) to work on /home/joestar/Documents/projects/airflow_etl/airflow_env/lib/python3.8/site-packages/airflow/example_dags/example_latest_only.py
[2023-09-14T17:37:36.264+0100] {processor.py:829} INFO - Processing file /home/joestar/Documents/projects/airflow_etl/airflow_env/lib/python3.8/site-packages/airflow/example_dags/example_latest_only.py for tasks to queue
[2023-09-14T17:37:36.265+0100] {logging_mixin.py:151} INFO - [2023-09-14T17:37:36.264+0100] {dagbag.py:539} INFO - Filling up the DagBag from /home/joestar/Documents/projects/airflow_etl/airflow_env/lib/python3.8/site-packages/airflow/example_dags/example_latest_only.py
[2023-09-14T17:37:36.271+0100] {processor.py:839} INFO - DAG(s) dict_keys(['latest_only']) retrieved from /home/joestar/Documents/projects/airflow_etl/airflow_env/lib/python3.8/site-packages/airflow/example_dags/example_latest_only.py
[2023-09-14T17:37:36.286+0100] {logging_mixin.py:151} INFO - [2023-09-14T17:37:36.286+0100] {dag.py:2915} INFO - Sync 1 DAGs
[2023-09-14T17:37:36.306+0100] {logging_mixin.py:151} INFO - [2023-09-14T17:37:36.306+0100] {dag.py:3696} INFO - Setting next_dagrun for latest_only to 2023-09-14T12:37:36.306234+00:00, run_after=2023-09-14T16:37:36.306234+00:00
[2023-09-14T17:37:36.336+0100] {processor.py:179} INFO - Processing /home/joestar/Documents/projects/airflow_etl/airflow_env/lib/python3.8/site-packages/airflow/example_dags/example_latest_only.py took 0.076 seconds
[2023-09-14T17:38:32.776+0100] {processor.py:157} INFO - Started process (PID=32682) to work on /home/joestar/Documents/projects/airflow_etl/airflow_env/lib/python3.8/site-packages/airflow/example_dags/example_latest_only.py
[2023-09-14T17:38:32.777+0100] {processor.py:829} INFO - Processing file /home/joestar/Documents/projects/airflow_etl/airflow_env/lib/python3.8/site-packages/airflow/example_dags/example_latest_only.py for tasks to queue
[2023-09-14T17:38:32.779+0100] {logging_mixin.py:151} INFO - [2023-09-14T17:38:32.778+0100] {dagbag.py:539} INFO - Filling up the DagBag from /home/joestar/Documents/projects/airflow_etl/airflow_env/lib/python3.8/site-packages/airflow/example_dags/example_latest_only.py
[2023-09-14T17:38:32.787+0100] {processor.py:839} INFO - DAG(s) dict_keys(['latest_only']) retrieved from /home/joestar/Documents/projects/airflow_etl/airflow_env/lib/python3.8/site-packages/airflow/example_dags/example_latest_only.py
[2023-09-14T17:38:32.814+0100] {logging_mixin.py:151} INFO - [2023-09-14T17:38:32.813+0100] {dag.py:2915} INFO - Sync 1 DAGs
[2023-09-14T17:38:32.870+0100] {logging_mixin.py:151} INFO - [2023-09-14T17:38:32.870+0100] {dag.py:3696} INFO - Setting next_dagrun for latest_only to 2023-09-14T12:38:32.869418+00:00, run_after=2023-09-14T16:38:32.869418+00:00
[2023-09-14T17:38:32.913+0100] {processor.py:179} INFO - Processing /home/joestar/Documents/projects/airflow_etl/airflow_env/lib/python3.8/site-packages/airflow/example_dags/example_latest_only.py took 0.141 seconds
[2023-09-14T17:39:26.889+0100] {processor.py:157} INFO - Started process (PID=33042) to work on /home/joestar/Documents/projects/airflow_etl/airflow_env/lib/python3.8/site-packages/airflow/example_dags/example_latest_only.py
[2023-09-14T17:39:26.893+0100] {processor.py:829} INFO - Processing file /home/joestar/Documents/projects/airflow_etl/airflow_env/lib/python3.8/site-packages/airflow/example_dags/example_latest_only.py for tasks to queue
[2023-09-14T17:39:26.896+0100] {logging_mixin.py:151} INFO - [2023-09-14T17:39:26.895+0100] {dagbag.py:539} INFO - Filling up the DagBag from /home/joestar/Documents/projects/airflow_etl/airflow_env/lib/python3.8/site-packages/airflow/example_dags/example_latest_only.py
[2023-09-14T17:39:26.907+0100] {processor.py:839} INFO - DAG(s) dict_keys(['latest_only']) retrieved from /home/joestar/Documents/projects/airflow_etl/airflow_env/lib/python3.8/site-packages/airflow/example_dags/example_latest_only.py
[2023-09-14T17:39:26.925+0100] {logging_mixin.py:151} INFO - [2023-09-14T17:39:26.925+0100] {dag.py:2915} INFO - Sync 1 DAGs
[2023-09-14T17:39:26.944+0100] {logging_mixin.py:151} INFO - [2023-09-14T17:39:26.944+0100] {dag.py:3696} INFO - Setting next_dagrun for latest_only to 2023-09-14T12:39:26.944056+00:00, run_after=2023-09-14T16:39:26.944056+00:00
[2023-09-14T17:39:26.967+0100] {processor.py:179} INFO - Processing /home/joestar/Documents/projects/airflow_etl/airflow_env/lib/python3.8/site-packages/airflow/example_dags/example_latest_only.py took 0.088 seconds
[2023-09-14T17:40:29.476+0100] {processor.py:157} INFO - Started process (PID=33388) to work on /home/joestar/Documents/projects/airflow_etl/airflow_env/lib/python3.8/site-packages/airflow/example_dags/example_latest_only.py
[2023-09-14T17:40:29.477+0100] {processor.py:829} INFO - Processing file /home/joestar/Documents/projects/airflow_etl/airflow_env/lib/python3.8/site-packages/airflow/example_dags/example_latest_only.py for tasks to queue
[2023-09-14T17:40:29.477+0100] {logging_mixin.py:151} INFO - [2023-09-14T17:40:29.477+0100] {dagbag.py:539} INFO - Filling up the DagBag from /home/joestar/Documents/projects/airflow_etl/airflow_env/lib/python3.8/site-packages/airflow/example_dags/example_latest_only.py
[2023-09-14T17:40:29.483+0100] {processor.py:839} INFO - DAG(s) dict_keys(['latest_only']) retrieved from /home/joestar/Documents/projects/airflow_etl/airflow_env/lib/python3.8/site-packages/airflow/example_dags/example_latest_only.py
[2023-09-14T17:40:29.497+0100] {logging_mixin.py:151} INFO - [2023-09-14T17:40:29.496+0100] {dag.py:2915} INFO - Sync 1 DAGs
[2023-09-14T17:40:29.530+0100] {logging_mixin.py:151} INFO - [2023-09-14T17:40:29.530+0100] {dag.py:3696} INFO - Setting next_dagrun for latest_only to 2023-09-14T12:40:29.529946+00:00, run_after=2023-09-14T16:40:29.529946+00:00
[2023-09-14T17:40:29.564+0100] {processor.py:179} INFO - Processing /home/joestar/Documents/projects/airflow_etl/airflow_env/lib/python3.8/site-packages/airflow/example_dags/example_latest_only.py took 0.091 seconds
[2023-09-14T17:41:23.499+0100] {processor.py:157} INFO - Started process (PID=33792) to work on /home/joestar/Documents/projects/airflow_etl/airflow_env/lib/python3.8/site-packages/airflow/example_dags/example_latest_only.py
[2023-09-14T17:41:23.501+0100] {processor.py:829} INFO - Processing file /home/joestar/Documents/projects/airflow_etl/airflow_env/lib/python3.8/site-packages/airflow/example_dags/example_latest_only.py for tasks to queue
[2023-09-14T17:41:23.502+0100] {logging_mixin.py:151} INFO - [2023-09-14T17:41:23.501+0100] {dagbag.py:539} INFO - Filling up the DagBag from /home/joestar/Documents/projects/airflow_etl/airflow_env/lib/python3.8/site-packages/airflow/example_dags/example_latest_only.py
[2023-09-14T17:41:23.511+0100] {processor.py:839} INFO - DAG(s) dict_keys(['latest_only']) retrieved from /home/joestar/Documents/projects/airflow_etl/airflow_env/lib/python3.8/site-packages/airflow/example_dags/example_latest_only.py
[2023-09-14T17:41:23.529+0100] {logging_mixin.py:151} INFO - [2023-09-14T17:41:23.529+0100] {dag.py:2915} INFO - Sync 1 DAGs
[2023-09-14T17:41:23.546+0100] {logging_mixin.py:151} INFO - [2023-09-14T17:41:23.546+0100] {dag.py:3696} INFO - Setting next_dagrun for latest_only to 2023-09-14T12:41:23.546375+00:00, run_after=2023-09-14T16:41:23.546375+00:00
[2023-09-14T17:41:23.571+0100] {processor.py:179} INFO - Processing /home/joestar/Documents/projects/airflow_etl/airflow_env/lib/python3.8/site-packages/airflow/example_dags/example_latest_only.py took 0.076 seconds
[2023-09-14T17:42:21.309+0100] {processor.py:157} INFO - Started process (PID=34075) to work on /home/joestar/Documents/projects/airflow_etl/airflow_env/lib/python3.8/site-packages/airflow/example_dags/example_latest_only.py
[2023-09-14T17:42:21.310+0100] {processor.py:829} INFO - Processing file /home/joestar/Documents/projects/airflow_etl/airflow_env/lib/python3.8/site-packages/airflow/example_dags/example_latest_only.py for tasks to queue
[2023-09-14T17:42:21.312+0100] {logging_mixin.py:151} INFO - [2023-09-14T17:42:21.311+0100] {dagbag.py:539} INFO - Filling up the DagBag from /home/joestar/Documents/projects/airflow_etl/airflow_env/lib/python3.8/site-packages/airflow/example_dags/example_latest_only.py
[2023-09-14T17:42:21.325+0100] {processor.py:839} INFO - DAG(s) dict_keys(['latest_only']) retrieved from /home/joestar/Documents/projects/airflow_etl/airflow_env/lib/python3.8/site-packages/airflow/example_dags/example_latest_only.py
[2023-09-14T17:42:21.346+0100] {logging_mixin.py:151} INFO - [2023-09-14T17:42:21.346+0100] {dag.py:2915} INFO - Sync 1 DAGs
[2023-09-14T17:42:21.377+0100] {logging_mixin.py:151} INFO - [2023-09-14T17:42:21.377+0100] {dag.py:3696} INFO - Setting next_dagrun for latest_only to 2023-09-14T12:42:21.377227+00:00, run_after=2023-09-14T16:42:21.377227+00:00
[2023-09-14T17:42:21.412+0100] {processor.py:179} INFO - Processing /home/joestar/Documents/projects/airflow_etl/airflow_env/lib/python3.8/site-packages/airflow/example_dags/example_latest_only.py took 0.107 seconds
[2023-09-14T17:43:23.463+0100] {processor.py:157} INFO - Started process (PID=34351) to work on /home/joestar/Documents/projects/airflow_etl/airflow_env/lib/python3.8/site-packages/airflow/example_dags/example_latest_only.py
[2023-09-14T17:43:23.464+0100] {processor.py:829} INFO - Processing file /home/joestar/Documents/projects/airflow_etl/airflow_env/lib/python3.8/site-packages/airflow/example_dags/example_latest_only.py for tasks to queue
[2023-09-14T17:43:23.465+0100] {logging_mixin.py:151} INFO - [2023-09-14T17:43:23.465+0100] {dagbag.py:539} INFO - Filling up the DagBag from /home/joestar/Documents/projects/airflow_etl/airflow_env/lib/python3.8/site-packages/airflow/example_dags/example_latest_only.py
[2023-09-14T17:43:23.472+0100] {processor.py:839} INFO - DAG(s) dict_keys(['latest_only']) retrieved from /home/joestar/Documents/projects/airflow_etl/airflow_env/lib/python3.8/site-packages/airflow/example_dags/example_latest_only.py
[2023-09-14T17:43:23.486+0100] {logging_mixin.py:151} INFO - [2023-09-14T17:43:23.486+0100] {dag.py:2915} INFO - Sync 1 DAGs
[2023-09-14T17:43:23.505+0100] {logging_mixin.py:151} INFO - [2023-09-14T17:43:23.505+0100] {dag.py:3696} INFO - Setting next_dagrun for latest_only to 2023-09-14T12:43:23.505099+00:00, run_after=2023-09-14T16:43:23.505099+00:00
[2023-09-14T17:43:23.529+0100] {processor.py:179} INFO - Processing /home/joestar/Documents/projects/airflow_etl/airflow_env/lib/python3.8/site-packages/airflow/example_dags/example_latest_only.py took 0.068 seconds
[2023-09-14T17:44:23.107+0100] {processor.py:157} INFO - Started process (PID=34674) to work on /home/joestar/Documents/projects/airflow_etl/airflow_env/lib/python3.8/site-packages/airflow/example_dags/example_latest_only.py
[2023-09-14T17:44:23.108+0100] {processor.py:829} INFO - Processing file /home/joestar/Documents/projects/airflow_etl/airflow_env/lib/python3.8/site-packages/airflow/example_dags/example_latest_only.py for tasks to queue
[2023-09-14T17:44:23.110+0100] {logging_mixin.py:151} INFO - [2023-09-14T17:44:23.109+0100] {dagbag.py:539} INFO - Filling up the DagBag from /home/joestar/Documents/projects/airflow_etl/airflow_env/lib/python3.8/site-packages/airflow/example_dags/example_latest_only.py
[2023-09-14T17:44:23.120+0100] {processor.py:839} INFO - DAG(s) dict_keys(['latest_only']) retrieved from /home/joestar/Documents/projects/airflow_etl/airflow_env/lib/python3.8/site-packages/airflow/example_dags/example_latest_only.py
[2023-09-14T17:44:23.147+0100] {logging_mixin.py:151} INFO - [2023-09-14T17:44:23.147+0100] {dag.py:2915} INFO - Sync 1 DAGs
[2023-09-14T17:44:23.179+0100] {logging_mixin.py:151} INFO - [2023-09-14T17:44:23.179+0100] {dag.py:3696} INFO - Setting next_dagrun for latest_only to 2023-09-14T12:44:23.179227+00:00, run_after=2023-09-14T16:44:23.179227+00:00
[2023-09-14T17:44:23.213+0100] {processor.py:179} INFO - Processing /home/joestar/Documents/projects/airflow_etl/airflow_env/lib/python3.8/site-packages/airflow/example_dags/example_latest_only.py took 0.111 seconds
[2023-09-14T17:45:24.411+0100] {processor.py:157} INFO - Started process (PID=34928) to work on /home/joestar/Documents/projects/airflow_etl/airflow_env/lib/python3.8/site-packages/airflow/example_dags/example_latest_only.py
[2023-09-14T17:45:24.412+0100] {processor.py:829} INFO - Processing file /home/joestar/Documents/projects/airflow_etl/airflow_env/lib/python3.8/site-packages/airflow/example_dags/example_latest_only.py for tasks to queue
[2023-09-14T17:45:24.413+0100] {logging_mixin.py:151} INFO - [2023-09-14T17:45:24.413+0100] {dagbag.py:539} INFO - Filling up the DagBag from /home/joestar/Documents/projects/airflow_etl/airflow_env/lib/python3.8/site-packages/airflow/example_dags/example_latest_only.py
[2023-09-14T17:45:24.424+0100] {processor.py:839} INFO - DAG(s) dict_keys(['latest_only']) retrieved from /home/joestar/Documents/projects/airflow_etl/airflow_env/lib/python3.8/site-packages/airflow/example_dags/example_latest_only.py
[2023-09-14T17:45:24.451+0100] {logging_mixin.py:151} INFO - [2023-09-14T17:45:24.450+0100] {dag.py:2915} INFO - Sync 1 DAGs
[2023-09-14T17:45:24.484+0100] {logging_mixin.py:151} INFO - [2023-09-14T17:45:24.483+0100] {dag.py:3696} INFO - Setting next_dagrun for latest_only to 2023-09-14T12:45:24.483285+00:00, run_after=2023-09-14T16:45:24.483285+00:00
[2023-09-14T17:45:24.517+0100] {processor.py:179} INFO - Processing /home/joestar/Documents/projects/airflow_etl/airflow_env/lib/python3.8/site-packages/airflow/example_dags/example_latest_only.py took 0.111 seconds
[2023-09-14T17:46:27.071+0100] {processor.py:157} INFO - Started process (PID=35208) to work on /home/joestar/Documents/projects/airflow_etl/airflow_env/lib/python3.8/site-packages/airflow/example_dags/example_latest_only.py
[2023-09-14T17:46:27.073+0100] {processor.py:829} INFO - Processing file /home/joestar/Documents/projects/airflow_etl/airflow_env/lib/python3.8/site-packages/airflow/example_dags/example_latest_only.py for tasks to queue
[2023-09-14T17:46:27.075+0100] {logging_mixin.py:151} INFO - [2023-09-14T17:46:27.075+0100] {dagbag.py:539} INFO - Filling up the DagBag from /home/joestar/Documents/projects/airflow_etl/airflow_env/lib/python3.8/site-packages/airflow/example_dags/example_latest_only.py
[2023-09-14T17:46:27.084+0100] {processor.py:839} INFO - DAG(s) dict_keys(['latest_only']) retrieved from /home/joestar/Documents/projects/airflow_etl/airflow_env/lib/python3.8/site-packages/airflow/example_dags/example_latest_only.py
[2023-09-14T17:46:27.109+0100] {logging_mixin.py:151} INFO - [2023-09-14T17:46:27.109+0100] {dag.py:2915} INFO - Sync 1 DAGs
[2023-09-14T17:46:27.141+0100] {logging_mixin.py:151} INFO - [2023-09-14T17:46:27.141+0100] {dag.py:3696} INFO - Setting next_dagrun for latest_only to 2023-09-14T12:46:27.141050+00:00, run_after=2023-09-14T16:46:27.141050+00:00
[2023-09-14T17:46:27.179+0100] {processor.py:179} INFO - Processing /home/joestar/Documents/projects/airflow_etl/airflow_env/lib/python3.8/site-packages/airflow/example_dags/example_latest_only.py took 0.113 seconds
[2023-09-14T17:47:43.783+0100] {processor.py:157} INFO - Started process (PID=35508) to work on /home/joestar/Documents/projects/airflow_etl/airflow_env/lib/python3.8/site-packages/airflow/example_dags/example_latest_only.py
[2023-09-14T17:47:43.784+0100] {processor.py:829} INFO - Processing file /home/joestar/Documents/projects/airflow_etl/airflow_env/lib/python3.8/site-packages/airflow/example_dags/example_latest_only.py for tasks to queue
[2023-09-14T17:47:43.786+0100] {logging_mixin.py:151} INFO - [2023-09-14T17:47:43.785+0100] {dagbag.py:539} INFO - Filling up the DagBag from /home/joestar/Documents/projects/airflow_etl/airflow_env/lib/python3.8/site-packages/airflow/example_dags/example_latest_only.py
[2023-09-14T17:47:43.807+0100] {processor.py:839} INFO - DAG(s) dict_keys(['latest_only']) retrieved from /home/joestar/Documents/projects/airflow_etl/airflow_env/lib/python3.8/site-packages/airflow/example_dags/example_latest_only.py
[2023-09-14T17:47:43.843+0100] {logging_mixin.py:151} INFO - [2023-09-14T17:47:43.842+0100] {dag.py:2915} INFO - Sync 1 DAGs
[2023-09-14T17:47:43.886+0100] {logging_mixin.py:151} INFO - [2023-09-14T17:47:43.886+0100] {dag.py:3696} INFO - Setting next_dagrun for latest_only to 2023-09-14T12:47:43.885708+00:00, run_after=2023-09-14T16:47:43.885708+00:00
[2023-09-14T17:47:43.920+0100] {processor.py:179} INFO - Processing /home/joestar/Documents/projects/airflow_etl/airflow_env/lib/python3.8/site-packages/airflow/example_dags/example_latest_only.py took 0.142 seconds
[2023-09-14T17:49:06.171+0100] {processor.py:157} INFO - Started process (PID=35834) to work on /home/joestar/Documents/projects/airflow_etl/airflow_env/lib/python3.8/site-packages/airflow/example_dags/example_latest_only.py
[2023-09-14T17:49:06.172+0100] {processor.py:829} INFO - Processing file /home/joestar/Documents/projects/airflow_etl/airflow_env/lib/python3.8/site-packages/airflow/example_dags/example_latest_only.py for tasks to queue
[2023-09-14T17:49:06.173+0100] {logging_mixin.py:151} INFO - [2023-09-14T17:49:06.172+0100] {dagbag.py:539} INFO - Filling up the DagBag from /home/joestar/Documents/projects/airflow_etl/airflow_env/lib/python3.8/site-packages/airflow/example_dags/example_latest_only.py
[2023-09-14T17:49:06.181+0100] {processor.py:839} INFO - DAG(s) dict_keys(['latest_only']) retrieved from /home/joestar/Documents/projects/airflow_etl/airflow_env/lib/python3.8/site-packages/airflow/example_dags/example_latest_only.py
[2023-09-14T17:49:06.204+0100] {logging_mixin.py:151} INFO - [2023-09-14T17:49:06.204+0100] {dag.py:2915} INFO - Sync 1 DAGs
[2023-09-14T17:49:06.234+0100] {logging_mixin.py:151} INFO - [2023-09-14T17:49:06.233+0100] {dag.py:3696} INFO - Setting next_dagrun for latest_only to 2023-09-14T12:49:06.233426+00:00, run_after=2023-09-14T16:49:06.233426+00:00
[2023-09-14T17:49:06.267+0100] {processor.py:179} INFO - Processing /home/joestar/Documents/projects/airflow_etl/airflow_env/lib/python3.8/site-packages/airflow/example_dags/example_latest_only.py took 0.100 seconds
[2023-09-14T17:49:56.073+0100] {processor.py:157} INFO - Started process (PID=36033) to work on /home/joestar/Documents/projects/airflow_etl/airflow_env/lib/python3.8/site-packages/airflow/example_dags/example_latest_only.py
[2023-09-14T17:49:56.075+0100] {processor.py:829} INFO - Processing file /home/joestar/Documents/projects/airflow_etl/airflow_env/lib/python3.8/site-packages/airflow/example_dags/example_latest_only.py for tasks to queue
[2023-09-14T17:49:56.077+0100] {logging_mixin.py:151} INFO - [2023-09-14T17:49:56.076+0100] {dagbag.py:539} INFO - Filling up the DagBag from /home/joestar/Documents/projects/airflow_etl/airflow_env/lib/python3.8/site-packages/airflow/example_dags/example_latest_only.py
[2023-09-14T17:49:56.088+0100] {processor.py:839} INFO - DAG(s) dict_keys(['latest_only']) retrieved from /home/joestar/Documents/projects/airflow_etl/airflow_env/lib/python3.8/site-packages/airflow/example_dags/example_latest_only.py
[2023-09-14T17:49:56.114+0100] {logging_mixin.py:151} INFO - [2023-09-14T17:49:56.114+0100] {dag.py:2915} INFO - Sync 1 DAGs
[2023-09-14T17:49:56.150+0100] {logging_mixin.py:151} INFO - [2023-09-14T17:49:56.150+0100] {dag.py:3696} INFO - Setting next_dagrun for latest_only to 2023-09-14T12:49:56.149684+00:00, run_after=2023-09-14T16:49:56.149684+00:00
[2023-09-14T17:49:56.193+0100] {processor.py:179} INFO - Processing /home/joestar/Documents/projects/airflow_etl/airflow_env/lib/python3.8/site-packages/airflow/example_dags/example_latest_only.py took 0.124 seconds
[2023-09-14T17:50:57.297+0100] {processor.py:157} INFO - Started process (PID=36321) to work on /home/joestar/Documents/projects/airflow_etl/airflow_env/lib/python3.8/site-packages/airflow/example_dags/example_latest_only.py
[2023-09-14T17:50:57.298+0100] {processor.py:829} INFO - Processing file /home/joestar/Documents/projects/airflow_etl/airflow_env/lib/python3.8/site-packages/airflow/example_dags/example_latest_only.py for tasks to queue
[2023-09-14T17:50:57.299+0100] {logging_mixin.py:151} INFO - [2023-09-14T17:50:57.299+0100] {dagbag.py:539} INFO - Filling up the DagBag from /home/joestar/Documents/projects/airflow_etl/airflow_env/lib/python3.8/site-packages/airflow/example_dags/example_latest_only.py
[2023-09-14T17:50:57.305+0100] {processor.py:839} INFO - DAG(s) dict_keys(['latest_only']) retrieved from /home/joestar/Documents/projects/airflow_etl/airflow_env/lib/python3.8/site-packages/airflow/example_dags/example_latest_only.py
[2023-09-14T17:50:57.325+0100] {logging_mixin.py:151} INFO - [2023-09-14T17:50:57.324+0100] {dag.py:2915} INFO - Sync 1 DAGs
[2023-09-14T17:50:57.354+0100] {logging_mixin.py:151} INFO - [2023-09-14T17:50:57.354+0100] {dag.py:3696} INFO - Setting next_dagrun for latest_only to 2023-09-14T12:50:57.354264+00:00, run_after=2023-09-14T16:50:57.354264+00:00
[2023-09-14T17:50:57.389+0100] {processor.py:179} INFO - Processing /home/joestar/Documents/projects/airflow_etl/airflow_env/lib/python3.8/site-packages/airflow/example_dags/example_latest_only.py took 0.094 seconds
[2023-09-14T17:51:54.418+0100] {processor.py:157} INFO - Started process (PID=36575) to work on /home/joestar/Documents/projects/airflow_etl/airflow_env/lib/python3.8/site-packages/airflow/example_dags/example_latest_only.py
[2023-09-14T17:51:54.432+0100] {processor.py:829} INFO - Processing file /home/joestar/Documents/projects/airflow_etl/airflow_env/lib/python3.8/site-packages/airflow/example_dags/example_latest_only.py for tasks to queue
[2023-09-14T17:51:54.440+0100] {logging_mixin.py:151} INFO - [2023-09-14T17:51:54.440+0100] {dagbag.py:539} INFO - Filling up the DagBag from /home/joestar/Documents/projects/airflow_etl/airflow_env/lib/python3.8/site-packages/airflow/example_dags/example_latest_only.py
[2023-09-14T17:51:54.449+0100] {processor.py:839} INFO - DAG(s) dict_keys(['latest_only']) retrieved from /home/joestar/Documents/projects/airflow_etl/airflow_env/lib/python3.8/site-packages/airflow/example_dags/example_latest_only.py
[2023-09-14T17:51:54.481+0100] {logging_mixin.py:151} INFO - [2023-09-14T17:51:54.480+0100] {dag.py:2915} INFO - Sync 1 DAGs
[2023-09-14T17:51:54.514+0100] {logging_mixin.py:151} INFO - [2023-09-14T17:51:54.514+0100] {dag.py:3696} INFO - Setting next_dagrun for latest_only to 2023-09-14T12:51:54.514022+00:00, run_after=2023-09-14T16:51:54.514022+00:00
[2023-09-14T17:51:54.557+0100] {processor.py:179} INFO - Processing /home/joestar/Documents/projects/airflow_etl/airflow_env/lib/python3.8/site-packages/airflow/example_dags/example_latest_only.py took 0.144 seconds
[2023-09-14T17:52:51.877+0100] {processor.py:157} INFO - Started process (PID=36834) to work on /home/joestar/Documents/projects/airflow_etl/airflow_env/lib/python3.8/site-packages/airflow/example_dags/example_latest_only.py
[2023-09-14T17:52:51.878+0100] {processor.py:829} INFO - Processing file /home/joestar/Documents/projects/airflow_etl/airflow_env/lib/python3.8/site-packages/airflow/example_dags/example_latest_only.py for tasks to queue
[2023-09-14T17:52:51.879+0100] {logging_mixin.py:151} INFO - [2023-09-14T17:52:51.879+0100] {dagbag.py:539} INFO - Filling up the DagBag from /home/joestar/Documents/projects/airflow_etl/airflow_env/lib/python3.8/site-packages/airflow/example_dags/example_latest_only.py
[2023-09-14T17:52:51.888+0100] {processor.py:839} INFO - DAG(s) dict_keys(['latest_only']) retrieved from /home/joestar/Documents/projects/airflow_etl/airflow_env/lib/python3.8/site-packages/airflow/example_dags/example_latest_only.py
[2023-09-14T17:52:51.909+0100] {logging_mixin.py:151} INFO - [2023-09-14T17:52:51.909+0100] {dag.py:2915} INFO - Sync 1 DAGs
[2023-09-14T17:52:51.941+0100] {logging_mixin.py:151} INFO - [2023-09-14T17:52:51.940+0100] {dag.py:3696} INFO - Setting next_dagrun for latest_only to 2023-09-14T12:52:51.940449+00:00, run_after=2023-09-14T16:52:51.940449+00:00
[2023-09-14T17:52:51.977+0100] {processor.py:179} INFO - Processing /home/joestar/Documents/projects/airflow_etl/airflow_env/lib/python3.8/site-packages/airflow/example_dags/example_latest_only.py took 0.103 seconds
[2023-09-14T18:03:29.422+0100] {processor.py:157} INFO - Started process (PID=38830) to work on /home/joestar/Documents/projects/airflow_etl/airflow_env/lib/python3.8/site-packages/airflow/example_dags/example_latest_only.py
[2023-09-14T18:03:29.424+0100] {processor.py:829} INFO - Processing file /home/joestar/Documents/projects/airflow_etl/airflow_env/lib/python3.8/site-packages/airflow/example_dags/example_latest_only.py for tasks to queue
[2023-09-14T18:03:29.425+0100] {logging_mixin.py:151} INFO - [2023-09-14T18:03:29.425+0100] {dagbag.py:539} INFO - Filling up the DagBag from /home/joestar/Documents/projects/airflow_etl/airflow_env/lib/python3.8/site-packages/airflow/example_dags/example_latest_only.py
[2023-09-14T18:03:29.445+0100] {processor.py:839} INFO - DAG(s) dict_keys(['latest_only']) retrieved from /home/joestar/Documents/projects/airflow_etl/airflow_env/lib/python3.8/site-packages/airflow/example_dags/example_latest_only.py
[2023-09-14T18:03:29.612+0100] {logging_mixin.py:151} INFO - [2023-09-14T18:03:29.612+0100] {dag.py:2915} INFO - Sync 1 DAGs
[2023-09-14T18:03:29.670+0100] {logging_mixin.py:151} INFO - [2023-09-14T18:03:29.669+0100] {dag.py:3696} INFO - Setting next_dagrun for latest_only to 2023-09-14T13:03:29.669114+00:00, run_after=2023-09-14T17:03:29.669114+00:00
[2023-09-14T18:03:29.829+0100] {processor.py:179} INFO - Processing /home/joestar/Documents/projects/airflow_etl/airflow_env/lib/python3.8/site-packages/airflow/example_dags/example_latest_only.py took 0.412 seconds
[2023-09-14T18:04:20.237+0100] {processor.py:157} INFO - Started process (PID=39036) to work on /home/joestar/Documents/projects/airflow_etl/airflow_env/lib/python3.8/site-packages/airflow/example_dags/example_latest_only.py
[2023-09-14T18:04:20.238+0100] {processor.py:829} INFO - Processing file /home/joestar/Documents/projects/airflow_etl/airflow_env/lib/python3.8/site-packages/airflow/example_dags/example_latest_only.py for tasks to queue
[2023-09-14T18:04:20.239+0100] {logging_mixin.py:151} INFO - [2023-09-14T18:04:20.239+0100] {dagbag.py:539} INFO - Filling up the DagBag from /home/joestar/Documents/projects/airflow_etl/airflow_env/lib/python3.8/site-packages/airflow/example_dags/example_latest_only.py
[2023-09-14T18:04:20.245+0100] {processor.py:839} INFO - DAG(s) dict_keys(['latest_only']) retrieved from /home/joestar/Documents/projects/airflow_etl/airflow_env/lib/python3.8/site-packages/airflow/example_dags/example_latest_only.py
[2023-09-14T18:04:20.262+0100] {logging_mixin.py:151} INFO - [2023-09-14T18:04:20.262+0100] {dag.py:2915} INFO - Sync 1 DAGs
[2023-09-14T18:04:20.281+0100] {logging_mixin.py:151} INFO - [2023-09-14T18:04:20.281+0100] {dag.py:3696} INFO - Setting next_dagrun for latest_only to 2023-09-14T13:04:20.280879+00:00, run_after=2023-09-14T17:04:20.280879+00:00
[2023-09-14T18:04:20.327+0100] {processor.py:179} INFO - Processing /home/joestar/Documents/projects/airflow_etl/airflow_env/lib/python3.8/site-packages/airflow/example_dags/example_latest_only.py took 0.092 seconds
