[2023-09-14T17:12:28.683+0100] {processor.py:157} INFO - Started process (PID=24403) to work on /home/joestar/Documents/projects/airflow_etl/airflow_env/lib/python3.8/site-packages/airflow/example_dags/example_python_operator.py
[2023-09-14T17:12:28.684+0100] {processor.py:829} INFO - Processing file /home/joestar/Documents/projects/airflow_etl/airflow_env/lib/python3.8/site-packages/airflow/example_dags/example_python_operator.py for tasks to queue
[2023-09-14T17:12:28.685+0100] {logging_mixin.py:151} INFO - [2023-09-14T17:12:28.685+0100] {dagbag.py:539} INFO - Filling up the DagBag from /home/joestar/Documents/projects/airflow_etl/airflow_env/lib/python3.8/site-packages/airflow/example_dags/example_python_operator.py
[2023-09-14T17:12:28.695+0100] {processor.py:839} INFO - DAG(s) dict_keys(['example_python_operator']) retrieved from /home/joestar/Documents/projects/airflow_etl/airflow_env/lib/python3.8/site-packages/airflow/example_dags/example_python_operator.py
[2023-09-14T17:12:28.795+0100] {logging_mixin.py:151} INFO - [2023-09-14T17:12:28.794+0100] {manager.py:499} INFO - Created Permission View: %s
[2023-09-14T17:12:28.831+0100] {logging_mixin.py:151} INFO - [2023-09-14T17:12:28.830+0100] {manager.py:499} INFO - Created Permission View: %s
[2023-09-14T17:12:28.849+0100] {logging_mixin.py:151} INFO - [2023-09-14T17:12:28.848+0100] {manager.py:499} INFO - Created Permission View: %s
[2023-09-14T17:12:28.851+0100] {logging_mixin.py:151} INFO - [2023-09-14T17:12:28.850+0100] {security.py:708} INFO - Not syncing DAG-level permissions for DAG 'DAG:example_python_operator' as access control is unset.
[2023-09-14T17:12:28.852+0100] {logging_mixin.py:151} INFO - [2023-09-14T17:12:28.851+0100] {dag.py:2915} INFO - Sync 1 DAGs
[2023-09-14T17:12:28.883+0100] {logging_mixin.py:151} INFO - [2023-09-14T17:12:28.883+0100] {dag.py:2937} INFO - Creating ORM DAG for example_python_operator
[2023-09-14T17:12:28.884+0100] {logging_mixin.py:151} INFO - [2023-09-14T17:12:28.884+0100] {dag.py:3696} INFO - Setting next_dagrun for example_python_operator to None, run_after=None
[2023-09-14T17:12:28.920+0100] {processor.py:179} INFO - Processing /home/joestar/Documents/projects/airflow_etl/airflow_env/lib/python3.8/site-packages/airflow/example_dags/example_python_operator.py took 0.240 seconds
[2023-09-14T17:13:20.696+0100] {processor.py:157} INFO - Started process (PID=24809) to work on /home/joestar/Documents/projects/airflow_etl/airflow_env/lib/python3.8/site-packages/airflow/example_dags/example_python_operator.py
[2023-09-14T17:13:20.697+0100] {processor.py:829} INFO - Processing file /home/joestar/Documents/projects/airflow_etl/airflow_env/lib/python3.8/site-packages/airflow/example_dags/example_python_operator.py for tasks to queue
[2023-09-14T17:13:20.698+0100] {logging_mixin.py:151} INFO - [2023-09-14T17:13:20.698+0100] {dagbag.py:539} INFO - Filling up the DagBag from /home/joestar/Documents/projects/airflow_etl/airflow_env/lib/python3.8/site-packages/airflow/example_dags/example_python_operator.py
[2023-09-14T17:13:20.712+0100] {processor.py:839} INFO - DAG(s) dict_keys(['example_python_operator']) retrieved from /home/joestar/Documents/projects/airflow_etl/airflow_env/lib/python3.8/site-packages/airflow/example_dags/example_python_operator.py
[2023-09-14T17:13:20.736+0100] {logging_mixin.py:151} INFO - [2023-09-14T17:13:20.736+0100] {dag.py:2915} INFO - Sync 1 DAGs
[2023-09-14T17:13:20.750+0100] {logging_mixin.py:151} INFO - [2023-09-14T17:13:20.750+0100] {dag.py:3696} INFO - Setting next_dagrun for example_python_operator to None, run_after=None
[2023-09-14T17:13:20.782+0100] {processor.py:179} INFO - Processing /home/joestar/Documents/projects/airflow_etl/airflow_env/lib/python3.8/site-packages/airflow/example_dags/example_python_operator.py took 0.090 seconds
[2023-09-14T17:14:09.249+0100] {processor.py:157} INFO - Started process (PID=25126) to work on /home/joestar/Documents/projects/airflow_etl/airflow_env/lib/python3.8/site-packages/airflow/example_dags/example_python_operator.py
[2023-09-14T17:14:09.252+0100] {processor.py:829} INFO - Processing file /home/joestar/Documents/projects/airflow_etl/airflow_env/lib/python3.8/site-packages/airflow/example_dags/example_python_operator.py for tasks to queue
[2023-09-14T17:14:09.253+0100] {logging_mixin.py:151} INFO - [2023-09-14T17:14:09.253+0100] {dagbag.py:539} INFO - Filling up the DagBag from /home/joestar/Documents/projects/airflow_etl/airflow_env/lib/python3.8/site-packages/airflow/example_dags/example_python_operator.py
[2023-09-14T17:14:09.273+0100] {processor.py:839} INFO - DAG(s) dict_keys(['example_python_operator']) retrieved from /home/joestar/Documents/projects/airflow_etl/airflow_env/lib/python3.8/site-packages/airflow/example_dags/example_python_operator.py
[2023-09-14T17:14:09.304+0100] {logging_mixin.py:151} INFO - [2023-09-14T17:14:09.304+0100] {dag.py:2915} INFO - Sync 1 DAGs
[2023-09-14T17:14:09.325+0100] {logging_mixin.py:151} INFO - [2023-09-14T17:14:09.325+0100] {dag.py:3696} INFO - Setting next_dagrun for example_python_operator to None, run_after=None
[2023-09-14T17:14:09.369+0100] {processor.py:179} INFO - Processing /home/joestar/Documents/projects/airflow_etl/airflow_env/lib/python3.8/site-packages/airflow/example_dags/example_python_operator.py took 0.127 seconds
[2023-09-14T17:15:04.886+0100] {processor.py:157} INFO - Started process (PID=25768) to work on /home/joestar/Documents/projects/airflow_etl/airflow_env/lib/python3.8/site-packages/airflow/example_dags/example_python_operator.py
[2023-09-14T17:15:04.888+0100] {processor.py:829} INFO - Processing file /home/joestar/Documents/projects/airflow_etl/airflow_env/lib/python3.8/site-packages/airflow/example_dags/example_python_operator.py for tasks to queue
[2023-09-14T17:15:04.890+0100] {logging_mixin.py:151} INFO - [2023-09-14T17:15:04.889+0100] {dagbag.py:539} INFO - Filling up the DagBag from /home/joestar/Documents/projects/airflow_etl/airflow_env/lib/python3.8/site-packages/airflow/example_dags/example_python_operator.py
[2023-09-14T17:15:04.906+0100] {processor.py:839} INFO - DAG(s) dict_keys(['example_python_operator']) retrieved from /home/joestar/Documents/projects/airflow_etl/airflow_env/lib/python3.8/site-packages/airflow/example_dags/example_python_operator.py
[2023-09-14T17:15:04.925+0100] {logging_mixin.py:151} INFO - [2023-09-14T17:15:04.925+0100] {dag.py:2915} INFO - Sync 1 DAGs
[2023-09-14T17:15:04.936+0100] {logging_mixin.py:151} INFO - [2023-09-14T17:15:04.936+0100] {dag.py:3696} INFO - Setting next_dagrun for example_python_operator to None, run_after=None
[2023-09-14T17:15:04.969+0100] {processor.py:179} INFO - Processing /home/joestar/Documents/projects/airflow_etl/airflow_env/lib/python3.8/site-packages/airflow/example_dags/example_python_operator.py took 0.089 seconds
[2023-09-14T17:16:01.191+0100] {processor.py:157} INFO - Started process (PID=26057) to work on /home/joestar/Documents/projects/airflow_etl/airflow_env/lib/python3.8/site-packages/airflow/example_dags/example_python_operator.py
[2023-09-14T17:16:01.193+0100] {processor.py:829} INFO - Processing file /home/joestar/Documents/projects/airflow_etl/airflow_env/lib/python3.8/site-packages/airflow/example_dags/example_python_operator.py for tasks to queue
[2023-09-14T17:16:01.194+0100] {logging_mixin.py:151} INFO - [2023-09-14T17:16:01.193+0100] {dagbag.py:539} INFO - Filling up the DagBag from /home/joestar/Documents/projects/airflow_etl/airflow_env/lib/python3.8/site-packages/airflow/example_dags/example_python_operator.py
[2023-09-14T17:16:01.210+0100] {processor.py:839} INFO - DAG(s) dict_keys(['example_python_operator']) retrieved from /home/joestar/Documents/projects/airflow_etl/airflow_env/lib/python3.8/site-packages/airflow/example_dags/example_python_operator.py
[2023-09-14T17:16:01.239+0100] {logging_mixin.py:151} INFO - [2023-09-14T17:16:01.239+0100] {dag.py:2915} INFO - Sync 1 DAGs
[2023-09-14T17:16:01.259+0100] {logging_mixin.py:151} INFO - [2023-09-14T17:16:01.258+0100] {dag.py:3696} INFO - Setting next_dagrun for example_python_operator to None, run_after=None
[2023-09-14T17:16:01.294+0100] {processor.py:179} INFO - Processing /home/joestar/Documents/projects/airflow_etl/airflow_env/lib/python3.8/site-packages/airflow/example_dags/example_python_operator.py took 0.106 seconds
[2023-09-14T17:16:56.001+0100] {processor.py:157} INFO - Started process (PID=26331) to work on /home/joestar/Documents/projects/airflow_etl/airflow_env/lib/python3.8/site-packages/airflow/example_dags/example_python_operator.py
[2023-09-14T17:16:56.003+0100] {processor.py:829} INFO - Processing file /home/joestar/Documents/projects/airflow_etl/airflow_env/lib/python3.8/site-packages/airflow/example_dags/example_python_operator.py for tasks to queue
[2023-09-14T17:16:56.004+0100] {logging_mixin.py:151} INFO - [2023-09-14T17:16:56.003+0100] {dagbag.py:539} INFO - Filling up the DagBag from /home/joestar/Documents/projects/airflow_etl/airflow_env/lib/python3.8/site-packages/airflow/example_dags/example_python_operator.py
[2023-09-14T17:16:56.017+0100] {processor.py:839} INFO - DAG(s) dict_keys(['example_python_operator']) retrieved from /home/joestar/Documents/projects/airflow_etl/airflow_env/lib/python3.8/site-packages/airflow/example_dags/example_python_operator.py
[2023-09-14T17:16:56.045+0100] {logging_mixin.py:151} INFO - [2023-09-14T17:16:56.044+0100] {dag.py:2915} INFO - Sync 1 DAGs
[2023-09-14T17:16:56.062+0100] {logging_mixin.py:151} INFO - [2023-09-14T17:16:56.061+0100] {dag.py:3696} INFO - Setting next_dagrun for example_python_operator to None, run_after=None
[2023-09-14T17:16:56.096+0100] {processor.py:179} INFO - Processing /home/joestar/Documents/projects/airflow_etl/airflow_env/lib/python3.8/site-packages/airflow/example_dags/example_python_operator.py took 0.098 seconds
[2023-09-14T17:17:46.557+0100] {processor.py:157} INFO - Started process (PID=26587) to work on /home/joestar/Documents/projects/airflow_etl/airflow_env/lib/python3.8/site-packages/airflow/example_dags/example_python_operator.py
[2023-09-14T17:17:46.559+0100] {processor.py:829} INFO - Processing file /home/joestar/Documents/projects/airflow_etl/airflow_env/lib/python3.8/site-packages/airflow/example_dags/example_python_operator.py for tasks to queue
[2023-09-14T17:17:46.560+0100] {logging_mixin.py:151} INFO - [2023-09-14T17:17:46.560+0100] {dagbag.py:539} INFO - Filling up the DagBag from /home/joestar/Documents/projects/airflow_etl/airflow_env/lib/python3.8/site-packages/airflow/example_dags/example_python_operator.py
[2023-09-14T17:17:46.578+0100] {processor.py:839} INFO - DAG(s) dict_keys(['example_python_operator']) retrieved from /home/joestar/Documents/projects/airflow_etl/airflow_env/lib/python3.8/site-packages/airflow/example_dags/example_python_operator.py
[2023-09-14T17:17:46.607+0100] {logging_mixin.py:151} INFO - [2023-09-14T17:17:46.607+0100] {dag.py:2915} INFO - Sync 1 DAGs
[2023-09-14T17:17:46.624+0100] {logging_mixin.py:151} INFO - [2023-09-14T17:17:46.624+0100] {dag.py:3696} INFO - Setting next_dagrun for example_python_operator to None, run_after=None
[2023-09-14T17:17:46.706+0100] {processor.py:179} INFO - Processing /home/joestar/Documents/projects/airflow_etl/airflow_env/lib/python3.8/site-packages/airflow/example_dags/example_python_operator.py took 0.153 seconds
[2023-09-14T17:18:35.209+0100] {processor.py:157} INFO - Started process (PID=26868) to work on /home/joestar/Documents/projects/airflow_etl/airflow_env/lib/python3.8/site-packages/airflow/example_dags/example_python_operator.py
[2023-09-14T17:18:35.210+0100] {processor.py:829} INFO - Processing file /home/joestar/Documents/projects/airflow_etl/airflow_env/lib/python3.8/site-packages/airflow/example_dags/example_python_operator.py for tasks to queue
[2023-09-14T17:18:35.211+0100] {logging_mixin.py:151} INFO - [2023-09-14T17:18:35.211+0100] {dagbag.py:539} INFO - Filling up the DagBag from /home/joestar/Documents/projects/airflow_etl/airflow_env/lib/python3.8/site-packages/airflow/example_dags/example_python_operator.py
[2023-09-14T17:18:35.224+0100] {processor.py:839} INFO - DAG(s) dict_keys(['example_python_operator']) retrieved from /home/joestar/Documents/projects/airflow_etl/airflow_env/lib/python3.8/site-packages/airflow/example_dags/example_python_operator.py
[2023-09-14T17:18:35.241+0100] {logging_mixin.py:151} INFO - [2023-09-14T17:18:35.241+0100] {dag.py:2915} INFO - Sync 1 DAGs
[2023-09-14T17:18:35.256+0100] {logging_mixin.py:151} INFO - [2023-09-14T17:18:35.256+0100] {dag.py:3696} INFO - Setting next_dagrun for example_python_operator to None, run_after=None
[2023-09-14T17:18:35.287+0100] {processor.py:179} INFO - Processing /home/joestar/Documents/projects/airflow_etl/airflow_env/lib/python3.8/site-packages/airflow/example_dags/example_python_operator.py took 0.081 seconds
[2023-09-14T17:19:34.492+0100] {processor.py:157} INFO - Started process (PID=27344) to work on /home/joestar/Documents/projects/airflow_etl/airflow_env/lib/python3.8/site-packages/airflow/example_dags/example_python_operator.py
[2023-09-14T17:19:34.493+0100] {processor.py:829} INFO - Processing file /home/joestar/Documents/projects/airflow_etl/airflow_env/lib/python3.8/site-packages/airflow/example_dags/example_python_operator.py for tasks to queue
[2023-09-14T17:19:34.494+0100] {logging_mixin.py:151} INFO - [2023-09-14T17:19:34.493+0100] {dagbag.py:539} INFO - Filling up the DagBag from /home/joestar/Documents/projects/airflow_etl/airflow_env/lib/python3.8/site-packages/airflow/example_dags/example_python_operator.py
[2023-09-14T17:19:34.503+0100] {processor.py:839} INFO - DAG(s) dict_keys(['example_python_operator']) retrieved from /home/joestar/Documents/projects/airflow_etl/airflow_env/lib/python3.8/site-packages/airflow/example_dags/example_python_operator.py
[2023-09-14T17:19:34.521+0100] {logging_mixin.py:151} INFO - [2023-09-14T17:19:34.521+0100] {dag.py:2915} INFO - Sync 1 DAGs
[2023-09-14T17:19:34.533+0100] {logging_mixin.py:151} INFO - [2023-09-14T17:19:34.533+0100] {dag.py:3696} INFO - Setting next_dagrun for example_python_operator to None, run_after=None
[2023-09-14T17:19:34.561+0100] {processor.py:179} INFO - Processing /home/joestar/Documents/projects/airflow_etl/airflow_env/lib/python3.8/site-packages/airflow/example_dags/example_python_operator.py took 0.072 seconds
[2023-09-14T17:20:28.583+0100] {processor.py:157} INFO - Started process (PID=27562) to work on /home/joestar/Documents/projects/airflow_etl/airflow_env/lib/python3.8/site-packages/airflow/example_dags/example_python_operator.py
[2023-09-14T17:20:28.584+0100] {processor.py:829} INFO - Processing file /home/joestar/Documents/projects/airflow_etl/airflow_env/lib/python3.8/site-packages/airflow/example_dags/example_python_operator.py for tasks to queue
[2023-09-14T17:20:28.585+0100] {logging_mixin.py:151} INFO - [2023-09-14T17:20:28.584+0100] {dagbag.py:539} INFO - Filling up the DagBag from /home/joestar/Documents/projects/airflow_etl/airflow_env/lib/python3.8/site-packages/airflow/example_dags/example_python_operator.py
[2023-09-14T17:20:28.598+0100] {processor.py:839} INFO - DAG(s) dict_keys(['example_python_operator']) retrieved from /home/joestar/Documents/projects/airflow_etl/airflow_env/lib/python3.8/site-packages/airflow/example_dags/example_python_operator.py
[2023-09-14T17:20:28.616+0100] {logging_mixin.py:151} INFO - [2023-09-14T17:20:28.616+0100] {dag.py:2915} INFO - Sync 1 DAGs
[2023-09-14T17:20:28.629+0100] {logging_mixin.py:151} INFO - [2023-09-14T17:20:28.629+0100] {dag.py:3696} INFO - Setting next_dagrun for example_python_operator to None, run_after=None
[2023-09-14T17:20:28.654+0100] {processor.py:179} INFO - Processing /home/joestar/Documents/projects/airflow_etl/airflow_env/lib/python3.8/site-packages/airflow/example_dags/example_python_operator.py took 0.074 seconds
[2023-09-14T17:21:19.371+0100] {processor.py:157} INFO - Started process (PID=27794) to work on /home/joestar/Documents/projects/airflow_etl/airflow_env/lib/python3.8/site-packages/airflow/example_dags/example_python_operator.py
[2023-09-14T17:21:19.373+0100] {processor.py:829} INFO - Processing file /home/joestar/Documents/projects/airflow_etl/airflow_env/lib/python3.8/site-packages/airflow/example_dags/example_python_operator.py for tasks to queue
[2023-09-14T17:21:19.376+0100] {logging_mixin.py:151} INFO - [2023-09-14T17:21:19.375+0100] {dagbag.py:539} INFO - Filling up the DagBag from /home/joestar/Documents/projects/airflow_etl/airflow_env/lib/python3.8/site-packages/airflow/example_dags/example_python_operator.py
[2023-09-14T17:21:19.391+0100] {processor.py:839} INFO - DAG(s) dict_keys(['example_python_operator']) retrieved from /home/joestar/Documents/projects/airflow_etl/airflow_env/lib/python3.8/site-packages/airflow/example_dags/example_python_operator.py
[2023-09-14T17:21:19.418+0100] {logging_mixin.py:151} INFO - [2023-09-14T17:21:19.418+0100] {dag.py:2915} INFO - Sync 1 DAGs
[2023-09-14T17:21:19.435+0100] {logging_mixin.py:151} INFO - [2023-09-14T17:21:19.435+0100] {dag.py:3696} INFO - Setting next_dagrun for example_python_operator to None, run_after=None
[2023-09-14T17:21:19.469+0100] {processor.py:179} INFO - Processing /home/joestar/Documents/projects/airflow_etl/airflow_env/lib/python3.8/site-packages/airflow/example_dags/example_python_operator.py took 0.102 seconds
[2023-09-14T17:22:12.700+0100] {processor.py:157} INFO - Started process (PID=28010) to work on /home/joestar/Documents/projects/airflow_etl/airflow_env/lib/python3.8/site-packages/airflow/example_dags/example_python_operator.py
[2023-09-14T17:22:12.702+0100] {processor.py:829} INFO - Processing file /home/joestar/Documents/projects/airflow_etl/airflow_env/lib/python3.8/site-packages/airflow/example_dags/example_python_operator.py for tasks to queue
[2023-09-14T17:22:12.704+0100] {logging_mixin.py:151} INFO - [2023-09-14T17:22:12.703+0100] {dagbag.py:539} INFO - Filling up the DagBag from /home/joestar/Documents/projects/airflow_etl/airflow_env/lib/python3.8/site-packages/airflow/example_dags/example_python_operator.py
[2023-09-14T17:22:12.728+0100] {processor.py:839} INFO - DAG(s) dict_keys(['example_python_operator']) retrieved from /home/joestar/Documents/projects/airflow_etl/airflow_env/lib/python3.8/site-packages/airflow/example_dags/example_python_operator.py
[2023-09-14T17:22:12.768+0100] {logging_mixin.py:151} INFO - [2023-09-14T17:22:12.767+0100] {dag.py:2915} INFO - Sync 1 DAGs
[2023-09-14T17:22:12.792+0100] {logging_mixin.py:151} INFO - [2023-09-14T17:22:12.792+0100] {dag.py:3696} INFO - Setting next_dagrun for example_python_operator to None, run_after=None
[2023-09-14T17:22:12.837+0100] {processor.py:179} INFO - Processing /home/joestar/Documents/projects/airflow_etl/airflow_env/lib/python3.8/site-packages/airflow/example_dags/example_python_operator.py took 0.146 seconds
[2023-09-14T17:23:06.970+0100] {processor.py:157} INFO - Started process (PID=28258) to work on /home/joestar/Documents/projects/airflow_etl/airflow_env/lib/python3.8/site-packages/airflow/example_dags/example_python_operator.py
[2023-09-14T17:23:06.971+0100] {processor.py:829} INFO - Processing file /home/joestar/Documents/projects/airflow_etl/airflow_env/lib/python3.8/site-packages/airflow/example_dags/example_python_operator.py for tasks to queue
[2023-09-14T17:23:06.975+0100] {logging_mixin.py:151} INFO - [2023-09-14T17:23:06.972+0100] {dagbag.py:539} INFO - Filling up the DagBag from /home/joestar/Documents/projects/airflow_etl/airflow_env/lib/python3.8/site-packages/airflow/example_dags/example_python_operator.py
[2023-09-14T17:23:06.993+0100] {processor.py:839} INFO - DAG(s) dict_keys(['example_python_operator']) retrieved from /home/joestar/Documents/projects/airflow_etl/airflow_env/lib/python3.8/site-packages/airflow/example_dags/example_python_operator.py
[2023-09-14T17:23:07.022+0100] {logging_mixin.py:151} INFO - [2023-09-14T17:23:07.022+0100] {dag.py:2915} INFO - Sync 1 DAGs
[2023-09-14T17:23:07.044+0100] {logging_mixin.py:151} INFO - [2023-09-14T17:23:07.044+0100] {dag.py:3696} INFO - Setting next_dagrun for example_python_operator to None, run_after=None
[2023-09-14T17:23:07.103+0100] {processor.py:179} INFO - Processing /home/joestar/Documents/projects/airflow_etl/airflow_env/lib/python3.8/site-packages/airflow/example_dags/example_python_operator.py took 0.137 seconds
[2023-09-14T17:24:04.238+0100] {processor.py:157} INFO - Started process (PID=28519) to work on /home/joestar/Documents/projects/airflow_etl/airflow_env/lib/python3.8/site-packages/airflow/example_dags/example_python_operator.py
[2023-09-14T17:24:04.240+0100] {processor.py:829} INFO - Processing file /home/joestar/Documents/projects/airflow_etl/airflow_env/lib/python3.8/site-packages/airflow/example_dags/example_python_operator.py for tasks to queue
[2023-09-14T17:24:04.241+0100] {logging_mixin.py:151} INFO - [2023-09-14T17:24:04.240+0100] {dagbag.py:539} INFO - Filling up the DagBag from /home/joestar/Documents/projects/airflow_etl/airflow_env/lib/python3.8/site-packages/airflow/example_dags/example_python_operator.py
[2023-09-14T17:24:04.257+0100] {processor.py:839} INFO - DAG(s) dict_keys(['example_python_operator']) retrieved from /home/joestar/Documents/projects/airflow_etl/airflow_env/lib/python3.8/site-packages/airflow/example_dags/example_python_operator.py
[2023-09-14T17:24:04.289+0100] {logging_mixin.py:151} INFO - [2023-09-14T17:24:04.289+0100] {dag.py:2915} INFO - Sync 1 DAGs
[2023-09-14T17:24:04.312+0100] {logging_mixin.py:151} INFO - [2023-09-14T17:24:04.312+0100] {dag.py:3696} INFO - Setting next_dagrun for example_python_operator to None, run_after=None
[2023-09-14T17:24:04.347+0100] {processor.py:179} INFO - Processing /home/joestar/Documents/projects/airflow_etl/airflow_env/lib/python3.8/site-packages/airflow/example_dags/example_python_operator.py took 0.112 seconds
[2023-09-14T17:25:03.515+0100] {processor.py:157} INFO - Started process (PID=28756) to work on /home/joestar/Documents/projects/airflow_etl/airflow_env/lib/python3.8/site-packages/airflow/example_dags/example_python_operator.py
[2023-09-14T17:25:03.516+0100] {processor.py:829} INFO - Processing file /home/joestar/Documents/projects/airflow_etl/airflow_env/lib/python3.8/site-packages/airflow/example_dags/example_python_operator.py for tasks to queue
[2023-09-14T17:25:03.517+0100] {logging_mixin.py:151} INFO - [2023-09-14T17:25:03.517+0100] {dagbag.py:539} INFO - Filling up the DagBag from /home/joestar/Documents/projects/airflow_etl/airflow_env/lib/python3.8/site-packages/airflow/example_dags/example_python_operator.py
[2023-09-14T17:25:03.530+0100] {processor.py:839} INFO - DAG(s) dict_keys(['example_python_operator']) retrieved from /home/joestar/Documents/projects/airflow_etl/airflow_env/lib/python3.8/site-packages/airflow/example_dags/example_python_operator.py
[2023-09-14T17:25:03.550+0100] {logging_mixin.py:151} INFO - [2023-09-14T17:25:03.550+0100] {dag.py:2915} INFO - Sync 1 DAGs
[2023-09-14T17:25:03.562+0100] {logging_mixin.py:151} INFO - [2023-09-14T17:25:03.562+0100] {dag.py:3696} INFO - Setting next_dagrun for example_python_operator to None, run_after=None
[2023-09-14T17:25:03.586+0100] {processor.py:179} INFO - Processing /home/joestar/Documents/projects/airflow_etl/airflow_env/lib/python3.8/site-packages/airflow/example_dags/example_python_operator.py took 0.073 seconds
[2023-09-14T17:25:57.225+0100] {processor.py:157} INFO - Started process (PID=28991) to work on /home/joestar/Documents/projects/airflow_etl/airflow_env/lib/python3.8/site-packages/airflow/example_dags/example_python_operator.py
[2023-09-14T17:25:57.226+0100] {processor.py:829} INFO - Processing file /home/joestar/Documents/projects/airflow_etl/airflow_env/lib/python3.8/site-packages/airflow/example_dags/example_python_operator.py for tasks to queue
[2023-09-14T17:25:57.227+0100] {logging_mixin.py:151} INFO - [2023-09-14T17:25:57.227+0100] {dagbag.py:539} INFO - Filling up the DagBag from /home/joestar/Documents/projects/airflow_etl/airflow_env/lib/python3.8/site-packages/airflow/example_dags/example_python_operator.py
[2023-09-14T17:25:57.240+0100] {processor.py:839} INFO - DAG(s) dict_keys(['example_python_operator']) retrieved from /home/joestar/Documents/projects/airflow_etl/airflow_env/lib/python3.8/site-packages/airflow/example_dags/example_python_operator.py
[2023-09-14T17:25:57.265+0100] {logging_mixin.py:151} INFO - [2023-09-14T17:25:57.264+0100] {dag.py:2915} INFO - Sync 1 DAGs
[2023-09-14T17:25:57.280+0100] {logging_mixin.py:151} INFO - [2023-09-14T17:25:57.279+0100] {dag.py:3696} INFO - Setting next_dagrun for example_python_operator to None, run_after=None
[2023-09-14T17:25:57.331+0100] {processor.py:179} INFO - Processing /home/joestar/Documents/projects/airflow_etl/airflow_env/lib/python3.8/site-packages/airflow/example_dags/example_python_operator.py took 0.110 seconds
[2023-09-14T17:26:49.905+0100] {processor.py:157} INFO - Started process (PID=29205) to work on /home/joestar/Documents/projects/airflow_etl/airflow_env/lib/python3.8/site-packages/airflow/example_dags/example_python_operator.py
[2023-09-14T17:26:49.906+0100] {processor.py:829} INFO - Processing file /home/joestar/Documents/projects/airflow_etl/airflow_env/lib/python3.8/site-packages/airflow/example_dags/example_python_operator.py for tasks to queue
[2023-09-14T17:26:49.908+0100] {logging_mixin.py:151} INFO - [2023-09-14T17:26:49.907+0100] {dagbag.py:539} INFO - Filling up the DagBag from /home/joestar/Documents/projects/airflow_etl/airflow_env/lib/python3.8/site-packages/airflow/example_dags/example_python_operator.py
[2023-09-14T17:26:49.920+0100] {processor.py:839} INFO - DAG(s) dict_keys(['example_python_operator']) retrieved from /home/joestar/Documents/projects/airflow_etl/airflow_env/lib/python3.8/site-packages/airflow/example_dags/example_python_operator.py
[2023-09-14T17:26:49.943+0100] {logging_mixin.py:151} INFO - [2023-09-14T17:26:49.943+0100] {dag.py:2915} INFO - Sync 1 DAGs
[2023-09-14T17:26:49.961+0100] {logging_mixin.py:151} INFO - [2023-09-14T17:26:49.960+0100] {dag.py:3696} INFO - Setting next_dagrun for example_python_operator to None, run_after=None
[2023-09-14T17:26:49.994+0100] {processor.py:179} INFO - Processing /home/joestar/Documents/projects/airflow_etl/airflow_env/lib/python3.8/site-packages/airflow/example_dags/example_python_operator.py took 0.092 seconds
[2023-09-14T17:27:45.328+0100] {processor.py:157} INFO - Started process (PID=29454) to work on /home/joestar/Documents/projects/airflow_etl/airflow_env/lib/python3.8/site-packages/airflow/example_dags/example_python_operator.py
[2023-09-14T17:27:45.329+0100] {processor.py:829} INFO - Processing file /home/joestar/Documents/projects/airflow_etl/airflow_env/lib/python3.8/site-packages/airflow/example_dags/example_python_operator.py for tasks to queue
[2023-09-14T17:27:45.331+0100] {logging_mixin.py:151} INFO - [2023-09-14T17:27:45.330+0100] {dagbag.py:539} INFO - Filling up the DagBag from /home/joestar/Documents/projects/airflow_etl/airflow_env/lib/python3.8/site-packages/airflow/example_dags/example_python_operator.py
[2023-09-14T17:27:45.340+0100] {processor.py:839} INFO - DAG(s) dict_keys(['example_python_operator']) retrieved from /home/joestar/Documents/projects/airflow_etl/airflow_env/lib/python3.8/site-packages/airflow/example_dags/example_python_operator.py
[2023-09-14T17:27:45.358+0100] {logging_mixin.py:151} INFO - [2023-09-14T17:27:45.357+0100] {dag.py:2915} INFO - Sync 1 DAGs
[2023-09-14T17:27:45.369+0100] {logging_mixin.py:151} INFO - [2023-09-14T17:27:45.368+0100] {dag.py:3696} INFO - Setting next_dagrun for example_python_operator to None, run_after=None
[2023-09-14T17:27:45.395+0100] {processor.py:179} INFO - Processing /home/joestar/Documents/projects/airflow_etl/airflow_env/lib/python3.8/site-packages/airflow/example_dags/example_python_operator.py took 0.071 seconds
[2023-09-14T17:28:39.611+0100] {processor.py:157} INFO - Started process (PID=29699) to work on /home/joestar/Documents/projects/airflow_etl/airflow_env/lib/python3.8/site-packages/airflow/example_dags/example_python_operator.py
[2023-09-14T17:28:39.612+0100] {processor.py:829} INFO - Processing file /home/joestar/Documents/projects/airflow_etl/airflow_env/lib/python3.8/site-packages/airflow/example_dags/example_python_operator.py for tasks to queue
[2023-09-14T17:28:39.613+0100] {logging_mixin.py:151} INFO - [2023-09-14T17:28:39.612+0100] {dagbag.py:539} INFO - Filling up the DagBag from /home/joestar/Documents/projects/airflow_etl/airflow_env/lib/python3.8/site-packages/airflow/example_dags/example_python_operator.py
[2023-09-14T17:28:39.627+0100] {processor.py:839} INFO - DAG(s) dict_keys(['example_python_operator']) retrieved from /home/joestar/Documents/projects/airflow_etl/airflow_env/lib/python3.8/site-packages/airflow/example_dags/example_python_operator.py
[2023-09-14T17:28:39.650+0100] {logging_mixin.py:151} INFO - [2023-09-14T17:28:39.649+0100] {dag.py:2915} INFO - Sync 1 DAGs
[2023-09-14T17:28:39.668+0100] {logging_mixin.py:151} INFO - [2023-09-14T17:28:39.668+0100] {dag.py:3696} INFO - Setting next_dagrun for example_python_operator to None, run_after=None
[2023-09-14T17:28:39.704+0100] {processor.py:179} INFO - Processing /home/joestar/Documents/projects/airflow_etl/airflow_env/lib/python3.8/site-packages/airflow/example_dags/example_python_operator.py took 0.097 seconds
[2023-09-14T17:29:31.800+0100] {processor.py:157} INFO - Started process (PID=29955) to work on /home/joestar/Documents/projects/airflow_etl/airflow_env/lib/python3.8/site-packages/airflow/example_dags/example_python_operator.py
[2023-09-14T17:29:31.801+0100] {processor.py:829} INFO - Processing file /home/joestar/Documents/projects/airflow_etl/airflow_env/lib/python3.8/site-packages/airflow/example_dags/example_python_operator.py for tasks to queue
[2023-09-14T17:29:31.802+0100] {logging_mixin.py:151} INFO - [2023-09-14T17:29:31.802+0100] {dagbag.py:539} INFO - Filling up the DagBag from /home/joestar/Documents/projects/airflow_etl/airflow_env/lib/python3.8/site-packages/airflow/example_dags/example_python_operator.py
[2023-09-14T17:29:31.816+0100] {processor.py:839} INFO - DAG(s) dict_keys(['example_python_operator']) retrieved from /home/joestar/Documents/projects/airflow_etl/airflow_env/lib/python3.8/site-packages/airflow/example_dags/example_python_operator.py
[2023-09-14T17:29:31.838+0100] {logging_mixin.py:151} INFO - [2023-09-14T17:29:31.838+0100] {dag.py:2915} INFO - Sync 1 DAGs
[2023-09-14T17:29:31.853+0100] {logging_mixin.py:151} INFO - [2023-09-14T17:29:31.853+0100] {dag.py:3696} INFO - Setting next_dagrun for example_python_operator to None, run_after=None
[2023-09-14T17:29:31.885+0100] {processor.py:179} INFO - Processing /home/joestar/Documents/projects/airflow_etl/airflow_env/lib/python3.8/site-packages/airflow/example_dags/example_python_operator.py took 0.089 seconds
[2023-09-14T17:30:23.691+0100] {processor.py:157} INFO - Started process (PID=30205) to work on /home/joestar/Documents/projects/airflow_etl/airflow_env/lib/python3.8/site-packages/airflow/example_dags/example_python_operator.py
[2023-09-14T17:30:23.692+0100] {processor.py:829} INFO - Processing file /home/joestar/Documents/projects/airflow_etl/airflow_env/lib/python3.8/site-packages/airflow/example_dags/example_python_operator.py for tasks to queue
[2023-09-14T17:30:23.693+0100] {logging_mixin.py:151} INFO - [2023-09-14T17:30:23.692+0100] {dagbag.py:539} INFO - Filling up the DagBag from /home/joestar/Documents/projects/airflow_etl/airflow_env/lib/python3.8/site-packages/airflow/example_dags/example_python_operator.py
[2023-09-14T17:30:23.705+0100] {processor.py:839} INFO - DAG(s) dict_keys(['example_python_operator']) retrieved from /home/joestar/Documents/projects/airflow_etl/airflow_env/lib/python3.8/site-packages/airflow/example_dags/example_python_operator.py
[2023-09-14T17:30:23.728+0100] {logging_mixin.py:151} INFO - [2023-09-14T17:30:23.728+0100] {dag.py:2915} INFO - Sync 1 DAGs
[2023-09-14T17:30:23.743+0100] {logging_mixin.py:151} INFO - [2023-09-14T17:30:23.743+0100] {dag.py:3696} INFO - Setting next_dagrun for example_python_operator to None, run_after=None
[2023-09-14T17:30:23.845+0100] {processor.py:179} INFO - Processing /home/joestar/Documents/projects/airflow_etl/airflow_env/lib/python3.8/site-packages/airflow/example_dags/example_python_operator.py took 0.157 seconds
[2023-09-14T17:31:14.319+0100] {processor.py:157} INFO - Started process (PID=30448) to work on /home/joestar/Documents/projects/airflow_etl/airflow_env/lib/python3.8/site-packages/airflow/example_dags/example_python_operator.py
[2023-09-14T17:31:14.320+0100] {processor.py:829} INFO - Processing file /home/joestar/Documents/projects/airflow_etl/airflow_env/lib/python3.8/site-packages/airflow/example_dags/example_python_operator.py for tasks to queue
[2023-09-14T17:31:14.321+0100] {logging_mixin.py:151} INFO - [2023-09-14T17:31:14.321+0100] {dagbag.py:539} INFO - Filling up the DagBag from /home/joestar/Documents/projects/airflow_etl/airflow_env/lib/python3.8/site-packages/airflow/example_dags/example_python_operator.py
[2023-09-14T17:31:14.335+0100] {processor.py:839} INFO - DAG(s) dict_keys(['example_python_operator']) retrieved from /home/joestar/Documents/projects/airflow_etl/airflow_env/lib/python3.8/site-packages/airflow/example_dags/example_python_operator.py
[2023-09-14T17:31:14.360+0100] {logging_mixin.py:151} INFO - [2023-09-14T17:31:14.360+0100] {dag.py:2915} INFO - Sync 1 DAGs
[2023-09-14T17:31:14.380+0100] {logging_mixin.py:151} INFO - [2023-09-14T17:31:14.380+0100] {dag.py:3696} INFO - Setting next_dagrun for example_python_operator to None, run_after=None
[2023-09-14T17:31:14.432+0100] {processor.py:179} INFO - Processing /home/joestar/Documents/projects/airflow_etl/airflow_env/lib/python3.8/site-packages/airflow/example_dags/example_python_operator.py took 0.117 seconds
[2023-09-14T17:32:04.986+0100] {processor.py:157} INFO - Started process (PID=30670) to work on /home/joestar/Documents/projects/airflow_etl/airflow_env/lib/python3.8/site-packages/airflow/example_dags/example_python_operator.py
[2023-09-14T17:32:04.987+0100] {processor.py:829} INFO - Processing file /home/joestar/Documents/projects/airflow_etl/airflow_env/lib/python3.8/site-packages/airflow/example_dags/example_python_operator.py for tasks to queue
[2023-09-14T17:32:04.988+0100] {logging_mixin.py:151} INFO - [2023-09-14T17:32:04.987+0100] {dagbag.py:539} INFO - Filling up the DagBag from /home/joestar/Documents/projects/airflow_etl/airflow_env/lib/python3.8/site-packages/airflow/example_dags/example_python_operator.py
[2023-09-14T17:32:05.001+0100] {processor.py:839} INFO - DAG(s) dict_keys(['example_python_operator']) retrieved from /home/joestar/Documents/projects/airflow_etl/airflow_env/lib/python3.8/site-packages/airflow/example_dags/example_python_operator.py
[2023-09-14T17:32:05.026+0100] {logging_mixin.py:151} INFO - [2023-09-14T17:32:05.026+0100] {dag.py:2915} INFO - Sync 1 DAGs
[2023-09-14T17:32:05.042+0100] {logging_mixin.py:151} INFO - [2023-09-14T17:32:05.042+0100] {dag.py:3696} INFO - Setting next_dagrun for example_python_operator to None, run_after=None
[2023-09-14T17:32:05.068+0100] {processor.py:179} INFO - Processing /home/joestar/Documents/projects/airflow_etl/airflow_env/lib/python3.8/site-packages/airflow/example_dags/example_python_operator.py took 0.086 seconds
[2023-09-14T17:32:57.107+0100] {processor.py:157} INFO - Started process (PID=30884) to work on /home/joestar/Documents/projects/airflow_etl/airflow_env/lib/python3.8/site-packages/airflow/example_dags/example_python_operator.py
[2023-09-14T17:32:57.108+0100] {processor.py:829} INFO - Processing file /home/joestar/Documents/projects/airflow_etl/airflow_env/lib/python3.8/site-packages/airflow/example_dags/example_python_operator.py for tasks to queue
[2023-09-14T17:32:57.109+0100] {logging_mixin.py:151} INFO - [2023-09-14T17:32:57.108+0100] {dagbag.py:539} INFO - Filling up the DagBag from /home/joestar/Documents/projects/airflow_etl/airflow_env/lib/python3.8/site-packages/airflow/example_dags/example_python_operator.py
[2023-09-14T17:32:57.123+0100] {processor.py:839} INFO - DAG(s) dict_keys(['example_python_operator']) retrieved from /home/joestar/Documents/projects/airflow_etl/airflow_env/lib/python3.8/site-packages/airflow/example_dags/example_python_operator.py
[2023-09-14T17:32:57.150+0100] {logging_mixin.py:151} INFO - [2023-09-14T17:32:57.150+0100] {dag.py:2915} INFO - Sync 1 DAGs
[2023-09-14T17:32:57.168+0100] {logging_mixin.py:151} INFO - [2023-09-14T17:32:57.167+0100] {dag.py:3696} INFO - Setting next_dagrun for example_python_operator to None, run_after=None
[2023-09-14T17:32:57.201+0100] {processor.py:179} INFO - Processing /home/joestar/Documents/projects/airflow_etl/airflow_env/lib/python3.8/site-packages/airflow/example_dags/example_python_operator.py took 0.099 seconds
[2023-09-14T17:33:50.507+0100] {processor.py:157} INFO - Started process (PID=31126) to work on /home/joestar/Documents/projects/airflow_etl/airflow_env/lib/python3.8/site-packages/airflow/example_dags/example_python_operator.py
[2023-09-14T17:33:50.510+0100] {processor.py:829} INFO - Processing file /home/joestar/Documents/projects/airflow_etl/airflow_env/lib/python3.8/site-packages/airflow/example_dags/example_python_operator.py for tasks to queue
[2023-09-14T17:33:50.511+0100] {logging_mixin.py:151} INFO - [2023-09-14T17:33:50.511+0100] {dagbag.py:539} INFO - Filling up the DagBag from /home/joestar/Documents/projects/airflow_etl/airflow_env/lib/python3.8/site-packages/airflow/example_dags/example_python_operator.py
[2023-09-14T17:33:50.528+0100] {processor.py:839} INFO - DAG(s) dict_keys(['example_python_operator']) retrieved from /home/joestar/Documents/projects/airflow_etl/airflow_env/lib/python3.8/site-packages/airflow/example_dags/example_python_operator.py
[2023-09-14T17:33:50.557+0100] {logging_mixin.py:151} INFO - [2023-09-14T17:33:50.556+0100] {dag.py:2915} INFO - Sync 1 DAGs
[2023-09-14T17:33:50.574+0100] {logging_mixin.py:151} INFO - [2023-09-14T17:33:50.574+0100] {dag.py:3696} INFO - Setting next_dagrun for example_python_operator to None, run_after=None
[2023-09-14T17:33:50.608+0100] {processor.py:179} INFO - Processing /home/joestar/Documents/projects/airflow_etl/airflow_env/lib/python3.8/site-packages/airflow/example_dags/example_python_operator.py took 0.104 seconds
[2023-09-14T17:34:44.890+0100] {processor.py:157} INFO - Started process (PID=31383) to work on /home/joestar/Documents/projects/airflow_etl/airflow_env/lib/python3.8/site-packages/airflow/example_dags/example_python_operator.py
[2023-09-14T17:34:44.891+0100] {processor.py:829} INFO - Processing file /home/joestar/Documents/projects/airflow_etl/airflow_env/lib/python3.8/site-packages/airflow/example_dags/example_python_operator.py for tasks to queue
[2023-09-14T17:34:44.892+0100] {logging_mixin.py:151} INFO - [2023-09-14T17:34:44.891+0100] {dagbag.py:539} INFO - Filling up the DagBag from /home/joestar/Documents/projects/airflow_etl/airflow_env/lib/python3.8/site-packages/airflow/example_dags/example_python_operator.py
[2023-09-14T17:34:44.907+0100] {processor.py:839} INFO - DAG(s) dict_keys(['example_python_operator']) retrieved from /home/joestar/Documents/projects/airflow_etl/airflow_env/lib/python3.8/site-packages/airflow/example_dags/example_python_operator.py
[2023-09-14T17:34:44.934+0100] {logging_mixin.py:151} INFO - [2023-09-14T17:34:44.934+0100] {dag.py:2915} INFO - Sync 1 DAGs
[2023-09-14T17:34:44.951+0100] {logging_mixin.py:151} INFO - [2023-09-14T17:34:44.951+0100] {dag.py:3696} INFO - Setting next_dagrun for example_python_operator to None, run_after=None
[2023-09-14T17:34:44.995+0100] {processor.py:179} INFO - Processing /home/joestar/Documents/projects/airflow_etl/airflow_env/lib/python3.8/site-packages/airflow/example_dags/example_python_operator.py took 0.109 seconds
[2023-09-14T17:35:34.322+0100] {processor.py:157} INFO - Started process (PID=31621) to work on /home/joestar/Documents/projects/airflow_etl/airflow_env/lib/python3.8/site-packages/airflow/example_dags/example_python_operator.py
[2023-09-14T17:35:34.323+0100] {processor.py:829} INFO - Processing file /home/joestar/Documents/projects/airflow_etl/airflow_env/lib/python3.8/site-packages/airflow/example_dags/example_python_operator.py for tasks to queue
[2023-09-14T17:35:34.324+0100] {logging_mixin.py:151} INFO - [2023-09-14T17:35:34.323+0100] {dagbag.py:539} INFO - Filling up the DagBag from /home/joestar/Documents/projects/airflow_etl/airflow_env/lib/python3.8/site-packages/airflow/example_dags/example_python_operator.py
[2023-09-14T17:35:34.338+0100] {processor.py:839} INFO - DAG(s) dict_keys(['example_python_operator']) retrieved from /home/joestar/Documents/projects/airflow_etl/airflow_env/lib/python3.8/site-packages/airflow/example_dags/example_python_operator.py
[2023-09-14T17:35:34.356+0100] {logging_mixin.py:151} INFO - [2023-09-14T17:35:34.356+0100] {dag.py:2915} INFO - Sync 1 DAGs
[2023-09-14T17:35:34.368+0100] {logging_mixin.py:151} INFO - [2023-09-14T17:35:34.368+0100] {dag.py:3696} INFO - Setting next_dagrun for example_python_operator to None, run_after=None
[2023-09-14T17:35:34.402+0100] {processor.py:179} INFO - Processing /home/joestar/Documents/projects/airflow_etl/airflow_env/lib/python3.8/site-packages/airflow/example_dags/example_python_operator.py took 0.083 seconds
[2023-09-14T17:36:26.788+0100] {processor.py:157} INFO - Started process (PID=31860) to work on /home/joestar/Documents/projects/airflow_etl/airflow_env/lib/python3.8/site-packages/airflow/example_dags/example_python_operator.py
[2023-09-14T17:36:26.789+0100] {processor.py:829} INFO - Processing file /home/joestar/Documents/projects/airflow_etl/airflow_env/lib/python3.8/site-packages/airflow/example_dags/example_python_operator.py for tasks to queue
[2023-09-14T17:36:26.790+0100] {logging_mixin.py:151} INFO - [2023-09-14T17:36:26.790+0100] {dagbag.py:539} INFO - Filling up the DagBag from /home/joestar/Documents/projects/airflow_etl/airflow_env/lib/python3.8/site-packages/airflow/example_dags/example_python_operator.py
[2023-09-14T17:36:26.804+0100] {processor.py:839} INFO - DAG(s) dict_keys(['example_python_operator']) retrieved from /home/joestar/Documents/projects/airflow_etl/airflow_env/lib/python3.8/site-packages/airflow/example_dags/example_python_operator.py
[2023-09-14T17:36:26.831+0100] {logging_mixin.py:151} INFO - [2023-09-14T17:36:26.830+0100] {dag.py:2915} INFO - Sync 1 DAGs
[2023-09-14T17:36:26.848+0100] {logging_mixin.py:151} INFO - [2023-09-14T17:36:26.848+0100] {dag.py:3696} INFO - Setting next_dagrun for example_python_operator to None, run_after=None
[2023-09-14T17:36:26.901+0100] {processor.py:179} INFO - Processing /home/joestar/Documents/projects/airflow_etl/airflow_env/lib/python3.8/site-packages/airflow/example_dags/example_python_operator.py took 0.117 seconds
[2023-09-14T17:37:19.600+0100] {processor.py:157} INFO - Started process (PID=32105) to work on /home/joestar/Documents/projects/airflow_etl/airflow_env/lib/python3.8/site-packages/airflow/example_dags/example_python_operator.py
[2023-09-14T17:37:19.601+0100] {processor.py:829} INFO - Processing file /home/joestar/Documents/projects/airflow_etl/airflow_env/lib/python3.8/site-packages/airflow/example_dags/example_python_operator.py for tasks to queue
[2023-09-14T17:37:19.602+0100] {logging_mixin.py:151} INFO - [2023-09-14T17:37:19.602+0100] {dagbag.py:539} INFO - Filling up the DagBag from /home/joestar/Documents/projects/airflow_etl/airflow_env/lib/python3.8/site-packages/airflow/example_dags/example_python_operator.py
[2023-09-14T17:37:19.612+0100] {processor.py:839} INFO - DAG(s) dict_keys(['example_python_operator']) retrieved from /home/joestar/Documents/projects/airflow_etl/airflow_env/lib/python3.8/site-packages/airflow/example_dags/example_python_operator.py
[2023-09-14T17:37:19.629+0100] {logging_mixin.py:151} INFO - [2023-09-14T17:37:19.629+0100] {dag.py:2915} INFO - Sync 1 DAGs
[2023-09-14T17:37:19.640+0100] {logging_mixin.py:151} INFO - [2023-09-14T17:37:19.640+0100] {dag.py:3696} INFO - Setting next_dagrun for example_python_operator to None, run_after=None
[2023-09-14T17:37:19.664+0100] {processor.py:179} INFO - Processing /home/joestar/Documents/projects/airflow_etl/airflow_env/lib/python3.8/site-packages/airflow/example_dags/example_python_operator.py took 0.067 seconds
[2023-09-14T17:38:16.572+0100] {processor.py:157} INFO - Started process (PID=32525) to work on /home/joestar/Documents/projects/airflow_etl/airflow_env/lib/python3.8/site-packages/airflow/example_dags/example_python_operator.py
[2023-09-14T17:38:16.575+0100] {processor.py:829} INFO - Processing file /home/joestar/Documents/projects/airflow_etl/airflow_env/lib/python3.8/site-packages/airflow/example_dags/example_python_operator.py for tasks to queue
[2023-09-14T17:38:16.576+0100] {logging_mixin.py:151} INFO - [2023-09-14T17:38:16.576+0100] {dagbag.py:539} INFO - Filling up the DagBag from /home/joestar/Documents/projects/airflow_etl/airflow_env/lib/python3.8/site-packages/airflow/example_dags/example_python_operator.py
[2023-09-14T17:38:16.598+0100] {processor.py:839} INFO - DAG(s) dict_keys(['example_python_operator']) retrieved from /home/joestar/Documents/projects/airflow_etl/airflow_env/lib/python3.8/site-packages/airflow/example_dags/example_python_operator.py
[2023-09-14T17:38:16.637+0100] {logging_mixin.py:151} INFO - [2023-09-14T17:38:16.637+0100] {dag.py:2915} INFO - Sync 1 DAGs
[2023-09-14T17:38:16.661+0100] {logging_mixin.py:151} INFO - [2023-09-14T17:38:16.660+0100] {dag.py:3696} INFO - Setting next_dagrun for example_python_operator to None, run_after=None
[2023-09-14T17:38:16.693+0100] {processor.py:179} INFO - Processing /home/joestar/Documents/projects/airflow_etl/airflow_env/lib/python3.8/site-packages/airflow/example_dags/example_python_operator.py took 0.126 seconds
[2023-09-14T17:39:21.703+0100] {processor.py:157} INFO - Started process (PID=33010) to work on /home/joestar/Documents/projects/airflow_etl/airflow_env/lib/python3.8/site-packages/airflow/example_dags/example_python_operator.py
[2023-09-14T17:39:21.705+0100] {processor.py:829} INFO - Processing file /home/joestar/Documents/projects/airflow_etl/airflow_env/lib/python3.8/site-packages/airflow/example_dags/example_python_operator.py for tasks to queue
[2023-09-14T17:39:21.708+0100] {logging_mixin.py:151} INFO - [2023-09-14T17:39:21.707+0100] {dagbag.py:539} INFO - Filling up the DagBag from /home/joestar/Documents/projects/airflow_etl/airflow_env/lib/python3.8/site-packages/airflow/example_dags/example_python_operator.py
[2023-09-14T17:39:21.727+0100] {processor.py:839} INFO - DAG(s) dict_keys(['example_python_operator']) retrieved from /home/joestar/Documents/projects/airflow_etl/airflow_env/lib/python3.8/site-packages/airflow/example_dags/example_python_operator.py
[2023-09-14T17:39:21.746+0100] {logging_mixin.py:151} INFO - [2023-09-14T17:39:21.745+0100] {dag.py:2915} INFO - Sync 1 DAGs
[2023-09-14T17:39:21.755+0100] {logging_mixin.py:151} INFO - [2023-09-14T17:39:21.755+0100] {dag.py:3696} INFO - Setting next_dagrun for example_python_operator to None, run_after=None
[2023-09-14T17:39:21.779+0100] {processor.py:179} INFO - Processing /home/joestar/Documents/projects/airflow_etl/airflow_env/lib/python3.8/site-packages/airflow/example_dags/example_python_operator.py took 0.082 seconds
[2023-09-14T17:40:23.195+0100] {processor.py:157} INFO - Started process (PID=33361) to work on /home/joestar/Documents/projects/airflow_etl/airflow_env/lib/python3.8/site-packages/airflow/example_dags/example_python_operator.py
[2023-09-14T17:40:23.196+0100] {processor.py:829} INFO - Processing file /home/joestar/Documents/projects/airflow_etl/airflow_env/lib/python3.8/site-packages/airflow/example_dags/example_python_operator.py for tasks to queue
[2023-09-14T17:40:23.197+0100] {logging_mixin.py:151} INFO - [2023-09-14T17:40:23.196+0100] {dagbag.py:539} INFO - Filling up the DagBag from /home/joestar/Documents/projects/airflow_etl/airflow_env/lib/python3.8/site-packages/airflow/example_dags/example_python_operator.py
[2023-09-14T17:40:23.219+0100] {processor.py:839} INFO - DAG(s) dict_keys(['example_python_operator']) retrieved from /home/joestar/Documents/projects/airflow_etl/airflow_env/lib/python3.8/site-packages/airflow/example_dags/example_python_operator.py
[2023-09-14T17:40:23.273+0100] {logging_mixin.py:151} INFO - [2023-09-14T17:40:23.272+0100] {dag.py:2915} INFO - Sync 1 DAGs
[2023-09-14T17:40:23.296+0100] {logging_mixin.py:151} INFO - [2023-09-14T17:40:23.296+0100] {dag.py:3696} INFO - Setting next_dagrun for example_python_operator to None, run_after=None
[2023-09-14T17:40:23.344+0100] {processor.py:179} INFO - Processing /home/joestar/Documents/projects/airflow_etl/airflow_env/lib/python3.8/site-packages/airflow/example_dags/example_python_operator.py took 0.153 seconds
[2023-09-14T17:41:16.467+0100] {processor.py:157} INFO - Started process (PID=33762) to work on /home/joestar/Documents/projects/airflow_etl/airflow_env/lib/python3.8/site-packages/airflow/example_dags/example_python_operator.py
[2023-09-14T17:41:16.468+0100] {processor.py:829} INFO - Processing file /home/joestar/Documents/projects/airflow_etl/airflow_env/lib/python3.8/site-packages/airflow/example_dags/example_python_operator.py for tasks to queue
[2023-09-14T17:41:16.469+0100] {logging_mixin.py:151} INFO - [2023-09-14T17:41:16.469+0100] {dagbag.py:539} INFO - Filling up the DagBag from /home/joestar/Documents/projects/airflow_etl/airflow_env/lib/python3.8/site-packages/airflow/example_dags/example_python_operator.py
[2023-09-14T17:41:16.482+0100] {processor.py:839} INFO - DAG(s) dict_keys(['example_python_operator']) retrieved from /home/joestar/Documents/projects/airflow_etl/airflow_env/lib/python3.8/site-packages/airflow/example_dags/example_python_operator.py
[2023-09-14T17:41:16.503+0100] {logging_mixin.py:151} INFO - [2023-09-14T17:41:16.502+0100] {dag.py:2915} INFO - Sync 1 DAGs
[2023-09-14T17:41:16.516+0100] {logging_mixin.py:151} INFO - [2023-09-14T17:41:16.515+0100] {dag.py:3696} INFO - Setting next_dagrun for example_python_operator to None, run_after=None
[2023-09-14T17:41:16.545+0100] {processor.py:179} INFO - Processing /home/joestar/Documents/projects/airflow_etl/airflow_env/lib/python3.8/site-packages/airflow/example_dags/example_python_operator.py took 0.081 seconds
[2023-09-14T17:42:16.046+0100] {processor.py:157} INFO - Started process (PID=34051) to work on /home/joestar/Documents/projects/airflow_etl/airflow_env/lib/python3.8/site-packages/airflow/example_dags/example_python_operator.py
[2023-09-14T17:42:16.059+0100] {processor.py:829} INFO - Processing file /home/joestar/Documents/projects/airflow_etl/airflow_env/lib/python3.8/site-packages/airflow/example_dags/example_python_operator.py for tasks to queue
[2023-09-14T17:42:16.060+0100] {logging_mixin.py:151} INFO - [2023-09-14T17:42:16.060+0100] {dagbag.py:539} INFO - Filling up the DagBag from /home/joestar/Documents/projects/airflow_etl/airflow_env/lib/python3.8/site-packages/airflow/example_dags/example_python_operator.py
[2023-09-14T17:42:16.081+0100] {processor.py:839} INFO - DAG(s) dict_keys(['example_python_operator']) retrieved from /home/joestar/Documents/projects/airflow_etl/airflow_env/lib/python3.8/site-packages/airflow/example_dags/example_python_operator.py
[2023-09-14T17:42:16.110+0100] {logging_mixin.py:151} INFO - [2023-09-14T17:42:16.110+0100] {dag.py:2915} INFO - Sync 1 DAGs
[2023-09-14T17:42:16.129+0100] {logging_mixin.py:151} INFO - [2023-09-14T17:42:16.128+0100] {dag.py:3696} INFO - Setting next_dagrun for example_python_operator to None, run_after=None
[2023-09-14T17:42:16.162+0100] {processor.py:179} INFO - Processing /home/joestar/Documents/projects/airflow_etl/airflow_env/lib/python3.8/site-packages/airflow/example_dags/example_python_operator.py took 0.120 seconds
[2023-09-14T17:43:01.533+0100] {processor.py:157} INFO - Started process (PID=34259) to work on /home/joestar/Documents/projects/airflow_etl/airflow_env/lib/python3.8/site-packages/airflow/example_dags/example_python_operator.py
[2023-09-14T17:43:01.534+0100] {processor.py:829} INFO - Processing file /home/joestar/Documents/projects/airflow_etl/airflow_env/lib/python3.8/site-packages/airflow/example_dags/example_python_operator.py for tasks to queue
[2023-09-14T17:43:01.535+0100] {logging_mixin.py:151} INFO - [2023-09-14T17:43:01.535+0100] {dagbag.py:539} INFO - Filling up the DagBag from /home/joestar/Documents/projects/airflow_etl/airflow_env/lib/python3.8/site-packages/airflow/example_dags/example_python_operator.py
[2023-09-14T17:43:01.545+0100] {processor.py:839} INFO - DAG(s) dict_keys(['example_python_operator']) retrieved from /home/joestar/Documents/projects/airflow_etl/airflow_env/lib/python3.8/site-packages/airflow/example_dags/example_python_operator.py
[2023-09-14T17:43:01.564+0100] {logging_mixin.py:151} INFO - [2023-09-14T17:43:01.564+0100] {dag.py:2915} INFO - Sync 1 DAGs
[2023-09-14T17:43:01.576+0100] {logging_mixin.py:151} INFO - [2023-09-14T17:43:01.575+0100] {dag.py:3696} INFO - Setting next_dagrun for example_python_operator to None, run_after=None
[2023-09-14T17:43:01.601+0100] {processor.py:179} INFO - Processing /home/joestar/Documents/projects/airflow_etl/airflow_env/lib/python3.8/site-packages/airflow/example_dags/example_python_operator.py took 0.071 seconds
[2023-09-14T17:43:59.044+0100] {processor.py:157} INFO - Started process (PID=34534) to work on /home/joestar/Documents/projects/airflow_etl/airflow_env/lib/python3.8/site-packages/airflow/example_dags/example_python_operator.py
[2023-09-14T17:43:59.045+0100] {processor.py:829} INFO - Processing file /home/joestar/Documents/projects/airflow_etl/airflow_env/lib/python3.8/site-packages/airflow/example_dags/example_python_operator.py for tasks to queue
[2023-09-14T17:43:59.046+0100] {logging_mixin.py:151} INFO - [2023-09-14T17:43:59.046+0100] {dagbag.py:539} INFO - Filling up the DagBag from /home/joestar/Documents/projects/airflow_etl/airflow_env/lib/python3.8/site-packages/airflow/example_dags/example_python_operator.py
[2023-09-14T17:43:59.060+0100] {processor.py:839} INFO - DAG(s) dict_keys(['example_python_operator']) retrieved from /home/joestar/Documents/projects/airflow_etl/airflow_env/lib/python3.8/site-packages/airflow/example_dags/example_python_operator.py
[2023-09-14T17:43:59.080+0100] {logging_mixin.py:151} INFO - [2023-09-14T17:43:59.080+0100] {dag.py:2915} INFO - Sync 1 DAGs
[2023-09-14T17:43:59.096+0100] {logging_mixin.py:151} INFO - [2023-09-14T17:43:59.096+0100] {dag.py:3696} INFO - Setting next_dagrun for example_python_operator to None, run_after=None
[2023-09-14T17:43:59.122+0100] {processor.py:179} INFO - Processing /home/joestar/Documents/projects/airflow_etl/airflow_env/lib/python3.8/site-packages/airflow/example_dags/example_python_operator.py took 0.081 seconds
[2023-09-14T17:45:01.698+0100] {processor.py:157} INFO - Started process (PID=34841) to work on /home/joestar/Documents/projects/airflow_etl/airflow_env/lib/python3.8/site-packages/airflow/example_dags/example_python_operator.py
[2023-09-14T17:45:01.699+0100] {processor.py:829} INFO - Processing file /home/joestar/Documents/projects/airflow_etl/airflow_env/lib/python3.8/site-packages/airflow/example_dags/example_python_operator.py for tasks to queue
[2023-09-14T17:45:01.700+0100] {logging_mixin.py:151} INFO - [2023-09-14T17:45:01.700+0100] {dagbag.py:539} INFO - Filling up the DagBag from /home/joestar/Documents/projects/airflow_etl/airflow_env/lib/python3.8/site-packages/airflow/example_dags/example_python_operator.py
[2023-09-14T17:45:01.711+0100] {processor.py:839} INFO - DAG(s) dict_keys(['example_python_operator']) retrieved from /home/joestar/Documents/projects/airflow_etl/airflow_env/lib/python3.8/site-packages/airflow/example_dags/example_python_operator.py
[2023-09-14T17:45:01.728+0100] {logging_mixin.py:151} INFO - [2023-09-14T17:45:01.728+0100] {dag.py:2915} INFO - Sync 1 DAGs
[2023-09-14T17:45:01.739+0100] {logging_mixin.py:151} INFO - [2023-09-14T17:45:01.739+0100] {dag.py:3696} INFO - Setting next_dagrun for example_python_operator to None, run_after=None
[2023-09-14T17:45:01.765+0100] {processor.py:179} INFO - Processing /home/joestar/Documents/projects/airflow_etl/airflow_env/lib/python3.8/site-packages/airflow/example_dags/example_python_operator.py took 0.070 seconds
[2023-09-14T17:46:01.620+0100] {processor.py:157} INFO - Started process (PID=35104) to work on /home/joestar/Documents/projects/airflow_etl/airflow_env/lib/python3.8/site-packages/airflow/example_dags/example_python_operator.py
[2023-09-14T17:46:01.622+0100] {processor.py:829} INFO - Processing file /home/joestar/Documents/projects/airflow_etl/airflow_env/lib/python3.8/site-packages/airflow/example_dags/example_python_operator.py for tasks to queue
[2023-09-14T17:46:01.623+0100] {logging_mixin.py:151} INFO - [2023-09-14T17:46:01.622+0100] {dagbag.py:539} INFO - Filling up the DagBag from /home/joestar/Documents/projects/airflow_etl/airflow_env/lib/python3.8/site-packages/airflow/example_dags/example_python_operator.py
[2023-09-14T17:46:01.636+0100] {processor.py:839} INFO - DAG(s) dict_keys(['example_python_operator']) retrieved from /home/joestar/Documents/projects/airflow_etl/airflow_env/lib/python3.8/site-packages/airflow/example_dags/example_python_operator.py
[2023-09-14T17:46:01.663+0100] {logging_mixin.py:151} INFO - [2023-09-14T17:46:01.663+0100] {dag.py:2915} INFO - Sync 1 DAGs
[2023-09-14T17:46:01.681+0100] {logging_mixin.py:151} INFO - [2023-09-14T17:46:01.681+0100] {dag.py:3696} INFO - Setting next_dagrun for example_python_operator to None, run_after=None
[2023-09-14T17:46:01.723+0100] {processor.py:179} INFO - Processing /home/joestar/Documents/projects/airflow_etl/airflow_env/lib/python3.8/site-packages/airflow/example_dags/example_python_operator.py took 0.106 seconds
[2023-09-14T17:47:09.131+0100] {processor.py:157} INFO - Started process (PID=35385) to work on /home/joestar/Documents/projects/airflow_etl/airflow_env/lib/python3.8/site-packages/airflow/example_dags/example_python_operator.py
[2023-09-14T17:47:09.132+0100] {processor.py:829} INFO - Processing file /home/joestar/Documents/projects/airflow_etl/airflow_env/lib/python3.8/site-packages/airflow/example_dags/example_python_operator.py for tasks to queue
[2023-09-14T17:47:09.133+0100] {logging_mixin.py:151} INFO - [2023-09-14T17:47:09.133+0100] {dagbag.py:539} INFO - Filling up the DagBag from /home/joestar/Documents/projects/airflow_etl/airflow_env/lib/python3.8/site-packages/airflow/example_dags/example_python_operator.py
[2023-09-14T17:47:09.148+0100] {processor.py:839} INFO - DAG(s) dict_keys(['example_python_operator']) retrieved from /home/joestar/Documents/projects/airflow_etl/airflow_env/lib/python3.8/site-packages/airflow/example_dags/example_python_operator.py
[2023-09-14T17:47:09.176+0100] {logging_mixin.py:151} INFO - [2023-09-14T17:47:09.176+0100] {dag.py:2915} INFO - Sync 1 DAGs
[2023-09-14T17:47:09.195+0100] {logging_mixin.py:151} INFO - [2023-09-14T17:47:09.195+0100] {dag.py:3696} INFO - Setting next_dagrun for example_python_operator to None, run_after=None
[2023-09-14T17:47:09.228+0100] {processor.py:179} INFO - Processing /home/joestar/Documents/projects/airflow_etl/airflow_env/lib/python3.8/site-packages/airflow/example_dags/example_python_operator.py took 0.102 seconds
[2023-09-14T17:48:03.527+0100] {processor.py:157} INFO - Started process (PID=35581) to work on /home/joestar/Documents/projects/airflow_etl/airflow_env/lib/python3.8/site-packages/airflow/example_dags/example_python_operator.py
[2023-09-14T17:48:03.528+0100] {processor.py:829} INFO - Processing file /home/joestar/Documents/projects/airflow_etl/airflow_env/lib/python3.8/site-packages/airflow/example_dags/example_python_operator.py for tasks to queue
[2023-09-14T17:48:03.529+0100] {logging_mixin.py:151} INFO - [2023-09-14T17:48:03.529+0100] {dagbag.py:539} INFO - Filling up the DagBag from /home/joestar/Documents/projects/airflow_etl/airflow_env/lib/python3.8/site-packages/airflow/example_dags/example_python_operator.py
[2023-09-14T17:48:03.544+0100] {processor.py:839} INFO - DAG(s) dict_keys(['example_python_operator']) retrieved from /home/joestar/Documents/projects/airflow_etl/airflow_env/lib/python3.8/site-packages/airflow/example_dags/example_python_operator.py
[2023-09-14T17:48:03.571+0100] {logging_mixin.py:151} INFO - [2023-09-14T17:48:03.570+0100] {dag.py:2915} INFO - Sync 1 DAGs
[2023-09-14T17:48:03.588+0100] {logging_mixin.py:151} INFO - [2023-09-14T17:48:03.588+0100] {dag.py:3696} INFO - Setting next_dagrun for example_python_operator to None, run_after=None
[2023-09-14T17:48:03.621+0100] {processor.py:179} INFO - Processing /home/joestar/Documents/projects/airflow_etl/airflow_env/lib/python3.8/site-packages/airflow/example_dags/example_python_operator.py took 0.098 seconds
[2023-09-14T17:48:58.538+0100] {processor.py:157} INFO - Started process (PID=35805) to work on /home/joestar/Documents/projects/airflow_etl/airflow_env/lib/python3.8/site-packages/airflow/example_dags/example_python_operator.py
[2023-09-14T17:48:58.539+0100] {processor.py:829} INFO - Processing file /home/joestar/Documents/projects/airflow_etl/airflow_env/lib/python3.8/site-packages/airflow/example_dags/example_python_operator.py for tasks to queue
[2023-09-14T17:48:58.540+0100] {logging_mixin.py:151} INFO - [2023-09-14T17:48:58.540+0100] {dagbag.py:539} INFO - Filling up the DagBag from /home/joestar/Documents/projects/airflow_etl/airflow_env/lib/python3.8/site-packages/airflow/example_dags/example_python_operator.py
[2023-09-14T17:48:58.553+0100] {processor.py:839} INFO - DAG(s) dict_keys(['example_python_operator']) retrieved from /home/joestar/Documents/projects/airflow_etl/airflow_env/lib/python3.8/site-packages/airflow/example_dags/example_python_operator.py
[2023-09-14T17:48:58.677+0100] {logging_mixin.py:151} INFO - [2023-09-14T17:48:58.676+0100] {security.py:708} INFO - Not syncing DAG-level permissions for DAG 'DAG:example_python_operator' as access control is unset.
[2023-09-14T17:48:58.677+0100] {logging_mixin.py:151} INFO - [2023-09-14T17:48:58.677+0100] {dag.py:2915} INFO - Sync 1 DAGs
[2023-09-14T17:48:58.690+0100] {logging_mixin.py:151} INFO - [2023-09-14T17:48:58.689+0100] {dag.py:3696} INFO - Setting next_dagrun for example_python_operator to None, run_after=None
[2023-09-14T17:48:58.737+0100] {processor.py:179} INFO - Processing /home/joestar/Documents/projects/airflow_etl/airflow_env/lib/python3.8/site-packages/airflow/example_dags/example_python_operator.py took 0.203 seconds
[2023-09-14T17:49:49.599+0100] {processor.py:157} INFO - Started process (PID=36003) to work on /home/joestar/Documents/projects/airflow_etl/airflow_env/lib/python3.8/site-packages/airflow/example_dags/example_python_operator.py
[2023-09-14T17:49:49.600+0100] {processor.py:829} INFO - Processing file /home/joestar/Documents/projects/airflow_etl/airflow_env/lib/python3.8/site-packages/airflow/example_dags/example_python_operator.py for tasks to queue
[2023-09-14T17:49:49.601+0100] {logging_mixin.py:151} INFO - [2023-09-14T17:49:49.601+0100] {dagbag.py:539} INFO - Filling up the DagBag from /home/joestar/Documents/projects/airflow_etl/airflow_env/lib/python3.8/site-packages/airflow/example_dags/example_python_operator.py
[2023-09-14T17:49:49.613+0100] {processor.py:839} INFO - DAG(s) dict_keys(['example_python_operator']) retrieved from /home/joestar/Documents/projects/airflow_etl/airflow_env/lib/python3.8/site-packages/airflow/example_dags/example_python_operator.py
[2023-09-14T17:49:49.639+0100] {logging_mixin.py:151} INFO - [2023-09-14T17:49:49.639+0100] {dag.py:2915} INFO - Sync 1 DAGs
[2023-09-14T17:49:49.657+0100] {logging_mixin.py:151} INFO - [2023-09-14T17:49:49.657+0100] {dag.py:3696} INFO - Setting next_dagrun for example_python_operator to None, run_after=None
[2023-09-14T17:49:49.700+0100] {processor.py:179} INFO - Processing /home/joestar/Documents/projects/airflow_etl/airflow_env/lib/python3.8/site-packages/airflow/example_dags/example_python_operator.py took 0.103 seconds
[2023-09-14T17:50:51.025+0100] {processor.py:157} INFO - Started process (PID=36297) to work on /home/joestar/Documents/projects/airflow_etl/airflow_env/lib/python3.8/site-packages/airflow/example_dags/example_python_operator.py
[2023-09-14T17:50:51.027+0100] {processor.py:829} INFO - Processing file /home/joestar/Documents/projects/airflow_etl/airflow_env/lib/python3.8/site-packages/airflow/example_dags/example_python_operator.py for tasks to queue
[2023-09-14T17:50:51.029+0100] {logging_mixin.py:151} INFO - [2023-09-14T17:50:51.029+0100] {dagbag.py:539} INFO - Filling up the DagBag from /home/joestar/Documents/projects/airflow_etl/airflow_env/lib/python3.8/site-packages/airflow/example_dags/example_python_operator.py
[2023-09-14T17:50:51.045+0100] {processor.py:839} INFO - DAG(s) dict_keys(['example_python_operator']) retrieved from /home/joestar/Documents/projects/airflow_etl/airflow_env/lib/python3.8/site-packages/airflow/example_dags/example_python_operator.py
[2023-09-14T17:50:51.078+0100] {logging_mixin.py:151} INFO - [2023-09-14T17:50:51.078+0100] {dag.py:2915} INFO - Sync 1 DAGs
[2023-09-14T17:50:51.097+0100] {logging_mixin.py:151} INFO - [2023-09-14T17:50:51.097+0100] {dag.py:3696} INFO - Setting next_dagrun for example_python_operator to None, run_after=None
[2023-09-14T17:50:51.134+0100] {processor.py:179} INFO - Processing /home/joestar/Documents/projects/airflow_etl/airflow_env/lib/python3.8/site-packages/airflow/example_dags/example_python_operator.py took 0.115 seconds
[2023-09-14T17:51:48.239+0100] {processor.py:157} INFO - Started process (PID=36552) to work on /home/joestar/Documents/projects/airflow_etl/airflow_env/lib/python3.8/site-packages/airflow/example_dags/example_python_operator.py
[2023-09-14T17:51:48.240+0100] {processor.py:829} INFO - Processing file /home/joestar/Documents/projects/airflow_etl/airflow_env/lib/python3.8/site-packages/airflow/example_dags/example_python_operator.py for tasks to queue
[2023-09-14T17:51:48.241+0100] {logging_mixin.py:151} INFO - [2023-09-14T17:51:48.241+0100] {dagbag.py:539} INFO - Filling up the DagBag from /home/joestar/Documents/projects/airflow_etl/airflow_env/lib/python3.8/site-packages/airflow/example_dags/example_python_operator.py
[2023-09-14T17:51:48.264+0100] {processor.py:839} INFO - DAG(s) dict_keys(['example_python_operator']) retrieved from /home/joestar/Documents/projects/airflow_etl/airflow_env/lib/python3.8/site-packages/airflow/example_dags/example_python_operator.py
[2023-09-14T17:51:48.300+0100] {logging_mixin.py:151} INFO - [2023-09-14T17:51:48.300+0100] {dag.py:2915} INFO - Sync 1 DAGs
[2023-09-14T17:51:48.320+0100] {logging_mixin.py:151} INFO - [2023-09-14T17:51:48.319+0100] {dag.py:3696} INFO - Setting next_dagrun for example_python_operator to None, run_after=None
[2023-09-14T17:51:48.364+0100] {processor.py:179} INFO - Processing /home/joestar/Documents/projects/airflow_etl/airflow_env/lib/python3.8/site-packages/airflow/example_dags/example_python_operator.py took 0.129 seconds
[2023-09-14T17:52:45.467+0100] {processor.py:157} INFO - Started process (PID=36811) to work on /home/joestar/Documents/projects/airflow_etl/airflow_env/lib/python3.8/site-packages/airflow/example_dags/example_python_operator.py
[2023-09-14T17:52:45.469+0100] {processor.py:829} INFO - Processing file /home/joestar/Documents/projects/airflow_etl/airflow_env/lib/python3.8/site-packages/airflow/example_dags/example_python_operator.py for tasks to queue
[2023-09-14T17:52:45.470+0100] {logging_mixin.py:151} INFO - [2023-09-14T17:52:45.469+0100] {dagbag.py:539} INFO - Filling up the DagBag from /home/joestar/Documents/projects/airflow_etl/airflow_env/lib/python3.8/site-packages/airflow/example_dags/example_python_operator.py
[2023-09-14T17:52:45.483+0100] {processor.py:839} INFO - DAG(s) dict_keys(['example_python_operator']) retrieved from /home/joestar/Documents/projects/airflow_etl/airflow_env/lib/python3.8/site-packages/airflow/example_dags/example_python_operator.py
[2023-09-14T17:52:45.503+0100] {logging_mixin.py:151} INFO - [2023-09-14T17:52:45.503+0100] {dag.py:2915} INFO - Sync 1 DAGs
[2023-09-14T17:52:45.515+0100] {logging_mixin.py:151} INFO - [2023-09-14T17:52:45.515+0100] {dag.py:3696} INFO - Setting next_dagrun for example_python_operator to None, run_after=None
[2023-09-14T17:52:45.539+0100] {processor.py:179} INFO - Processing /home/joestar/Documents/projects/airflow_etl/airflow_env/lib/python3.8/site-packages/airflow/example_dags/example_python_operator.py took 0.075 seconds
[2023-09-14T18:03:23.140+0100] {processor.py:157} INFO - Started process (PID=38806) to work on /home/joestar/Documents/projects/airflow_etl/airflow_env/lib/python3.8/site-packages/airflow/example_dags/example_python_operator.py
[2023-09-14T18:03:23.141+0100] {processor.py:829} INFO - Processing file /home/joestar/Documents/projects/airflow_etl/airflow_env/lib/python3.8/site-packages/airflow/example_dags/example_python_operator.py for tasks to queue
[2023-09-14T18:03:23.142+0100] {logging_mixin.py:151} INFO - [2023-09-14T18:03:23.142+0100] {dagbag.py:539} INFO - Filling up the DagBag from /home/joestar/Documents/projects/airflow_etl/airflow_env/lib/python3.8/site-packages/airflow/example_dags/example_python_operator.py
[2023-09-14T18:03:23.152+0100] {processor.py:839} INFO - DAG(s) dict_keys(['example_python_operator']) retrieved from /home/joestar/Documents/projects/airflow_etl/airflow_env/lib/python3.8/site-packages/airflow/example_dags/example_python_operator.py
[2023-09-14T18:03:23.254+0100] {logging_mixin.py:151} INFO - [2023-09-14T18:03:23.253+0100] {security.py:708} INFO - Not syncing DAG-level permissions for DAG 'DAG:example_python_operator' as access control is unset.
[2023-09-14T18:03:23.254+0100] {logging_mixin.py:151} INFO - [2023-09-14T18:03:23.254+0100] {dag.py:2915} INFO - Sync 1 DAGs
[2023-09-14T18:03:23.264+0100] {logging_mixin.py:151} INFO - [2023-09-14T18:03:23.263+0100] {dag.py:3696} INFO - Setting next_dagrun for example_python_operator to None, run_after=None
[2023-09-14T18:03:23.295+0100] {processor.py:179} INFO - Processing /home/joestar/Documents/projects/airflow_etl/airflow_env/lib/python3.8/site-packages/airflow/example_dags/example_python_operator.py took 0.158 seconds
[2023-09-14T18:04:14.864+0100] {processor.py:157} INFO - Started process (PID=39011) to work on /home/joestar/Documents/projects/airflow_etl/airflow_env/lib/python3.8/site-packages/airflow/example_dags/example_python_operator.py
[2023-09-14T18:04:14.865+0100] {processor.py:829} INFO - Processing file /home/joestar/Documents/projects/airflow_etl/airflow_env/lib/python3.8/site-packages/airflow/example_dags/example_python_operator.py for tasks to queue
[2023-09-14T18:04:14.866+0100] {logging_mixin.py:151} INFO - [2023-09-14T18:04:14.866+0100] {dagbag.py:539} INFO - Filling up the DagBag from /home/joestar/Documents/projects/airflow_etl/airflow_env/lib/python3.8/site-packages/airflow/example_dags/example_python_operator.py
[2023-09-14T18:04:14.876+0100] {processor.py:839} INFO - DAG(s) dict_keys(['example_python_operator']) retrieved from /home/joestar/Documents/projects/airflow_etl/airflow_env/lib/python3.8/site-packages/airflow/example_dags/example_python_operator.py
[2023-09-14T18:04:14.894+0100] {logging_mixin.py:151} INFO - [2023-09-14T18:04:14.894+0100] {dag.py:2915} INFO - Sync 1 DAGs
[2023-09-14T18:04:14.912+0100] {logging_mixin.py:151} INFO - [2023-09-14T18:04:14.912+0100] {dag.py:3696} INFO - Setting next_dagrun for example_python_operator to None, run_after=None
[2023-09-14T18:04:14.938+0100] {processor.py:179} INFO - Processing /home/joestar/Documents/projects/airflow_etl/airflow_env/lib/python3.8/site-packages/airflow/example_dags/example_python_operator.py took 0.077 seconds
