[2023-09-14T17:12:30.071+0100] {processor.py:157} INFO - Started process (PID=24408) to work on /home/joestar/Documents/projects/airflow_etl/airflow_env/lib/python3.8/site-packages/airflow/example_dags/example_params_trigger_ui.py
[2023-09-14T17:12:30.073+0100] {processor.py:829} INFO - Processing file /home/joestar/Documents/projects/airflow_etl/airflow_env/lib/python3.8/site-packages/airflow/example_dags/example_params_trigger_ui.py for tasks to queue
[2023-09-14T17:12:30.074+0100] {logging_mixin.py:151} INFO - [2023-09-14T17:12:30.073+0100] {dagbag.py:539} INFO - Filling up the DagBag from /home/joestar/Documents/projects/airflow_etl/airflow_env/lib/python3.8/site-packages/airflow/example_dags/example_params_trigger_ui.py
[2023-09-14T17:12:30.090+0100] {processor.py:839} INFO - DAG(s) dict_keys(['example_params_trigger_ui']) retrieved from /home/joestar/Documents/projects/airflow_etl/airflow_env/lib/python3.8/site-packages/airflow/example_dags/example_params_trigger_ui.py
[2023-09-14T17:12:30.210+0100] {logging_mixin.py:151} INFO - [2023-09-14T17:12:30.209+0100] {manager.py:499} INFO - Created Permission View: %s
[2023-09-14T17:12:30.250+0100] {logging_mixin.py:151} INFO - [2023-09-14T17:12:30.249+0100] {manager.py:499} INFO - Created Permission View: %s
[2023-09-14T17:12:30.276+0100] {logging_mixin.py:151} INFO - [2023-09-14T17:12:30.275+0100] {manager.py:499} INFO - Created Permission View: %s
[2023-09-14T17:12:30.276+0100] {logging_mixin.py:151} INFO - [2023-09-14T17:12:30.276+0100] {security.py:708} INFO - Not syncing DAG-level permissions for DAG 'DAG:example_params_trigger_ui' as access control is unset.
[2023-09-14T17:12:30.277+0100] {logging_mixin.py:151} INFO - [2023-09-14T17:12:30.276+0100] {dag.py:2915} INFO - Sync 1 DAGs
[2023-09-14T17:12:30.299+0100] {logging_mixin.py:151} INFO - [2023-09-14T17:12:30.299+0100] {dag.py:2937} INFO - Creating ORM DAG for example_params_trigger_ui
[2023-09-14T17:12:30.300+0100] {logging_mixin.py:151} INFO - [2023-09-14T17:12:30.300+0100] {dag.py:3696} INFO - Setting next_dagrun for example_params_trigger_ui to None, run_after=None
[2023-09-14T17:12:30.336+0100] {processor.py:179} INFO - Processing /home/joestar/Documents/projects/airflow_etl/airflow_env/lib/python3.8/site-packages/airflow/example_dags/example_params_trigger_ui.py took 0.269 seconds
[2023-09-14T17:13:21.839+0100] {processor.py:157} INFO - Started process (PID=24817) to work on /home/joestar/Documents/projects/airflow_etl/airflow_env/lib/python3.8/site-packages/airflow/example_dags/example_params_trigger_ui.py
[2023-09-14T17:13:21.840+0100] {processor.py:829} INFO - Processing file /home/joestar/Documents/projects/airflow_etl/airflow_env/lib/python3.8/site-packages/airflow/example_dags/example_params_trigger_ui.py for tasks to queue
[2023-09-14T17:13:21.841+0100] {logging_mixin.py:151} INFO - [2023-09-14T17:13:21.841+0100] {dagbag.py:539} INFO - Filling up the DagBag from /home/joestar/Documents/projects/airflow_etl/airflow_env/lib/python3.8/site-packages/airflow/example_dags/example_params_trigger_ui.py
[2023-09-14T17:13:21.863+0100] {processor.py:839} INFO - DAG(s) dict_keys(['example_params_trigger_ui']) retrieved from /home/joestar/Documents/projects/airflow_etl/airflow_env/lib/python3.8/site-packages/airflow/example_dags/example_params_trigger_ui.py
[2023-09-14T17:13:21.918+0100] {logging_mixin.py:151} INFO - [2023-09-14T17:13:21.918+0100] {dag.py:2915} INFO - Sync 1 DAGs
[2023-09-14T17:13:21.931+0100] {logging_mixin.py:151} INFO - [2023-09-14T17:13:21.931+0100] {dag.py:3696} INFO - Setting next_dagrun for example_params_trigger_ui to None, run_after=None
[2023-09-14T17:13:21.968+0100] {processor.py:179} INFO - Processing /home/joestar/Documents/projects/airflow_etl/airflow_env/lib/python3.8/site-packages/airflow/example_dags/example_params_trigger_ui.py took 0.131 seconds
[2023-09-14T17:14:10.499+0100] {processor.py:157} INFO - Started process (PID=25129) to work on /home/joestar/Documents/projects/airflow_etl/airflow_env/lib/python3.8/site-packages/airflow/example_dags/example_params_trigger_ui.py
[2023-09-14T17:14:10.500+0100] {processor.py:829} INFO - Processing file /home/joestar/Documents/projects/airflow_etl/airflow_env/lib/python3.8/site-packages/airflow/example_dags/example_params_trigger_ui.py for tasks to queue
[2023-09-14T17:14:10.501+0100] {logging_mixin.py:151} INFO - [2023-09-14T17:14:10.500+0100] {dagbag.py:539} INFO - Filling up the DagBag from /home/joestar/Documents/projects/airflow_etl/airflow_env/lib/python3.8/site-packages/airflow/example_dags/example_params_trigger_ui.py
[2023-09-14T17:14:10.518+0100] {processor.py:839} INFO - DAG(s) dict_keys(['example_params_trigger_ui']) retrieved from /home/joestar/Documents/projects/airflow_etl/airflow_env/lib/python3.8/site-packages/airflow/example_dags/example_params_trigger_ui.py
[2023-09-14T17:14:10.555+0100] {logging_mixin.py:151} INFO - [2023-09-14T17:14:10.555+0100] {dag.py:2915} INFO - Sync 1 DAGs
[2023-09-14T17:14:10.564+0100] {logging_mixin.py:151} INFO - [2023-09-14T17:14:10.564+0100] {dag.py:3696} INFO - Setting next_dagrun for example_params_trigger_ui to None, run_after=None
[2023-09-14T17:14:10.630+0100] {processor.py:179} INFO - Processing /home/joestar/Documents/projects/airflow_etl/airflow_env/lib/python3.8/site-packages/airflow/example_dags/example_params_trigger_ui.py took 0.135 seconds
[2023-09-14T17:15:06.055+0100] {processor.py:157} INFO - Started process (PID=25772) to work on /home/joestar/Documents/projects/airflow_etl/airflow_env/lib/python3.8/site-packages/airflow/example_dags/example_params_trigger_ui.py
[2023-09-14T17:15:06.057+0100] {processor.py:829} INFO - Processing file /home/joestar/Documents/projects/airflow_etl/airflow_env/lib/python3.8/site-packages/airflow/example_dags/example_params_trigger_ui.py for tasks to queue
[2023-09-14T17:15:06.059+0100] {logging_mixin.py:151} INFO - [2023-09-14T17:15:06.058+0100] {dagbag.py:539} INFO - Filling up the DagBag from /home/joestar/Documents/projects/airflow_etl/airflow_env/lib/python3.8/site-packages/airflow/example_dags/example_params_trigger_ui.py
[2023-09-14T17:15:06.093+0100] {processor.py:839} INFO - DAG(s) dict_keys(['example_params_trigger_ui']) retrieved from /home/joestar/Documents/projects/airflow_etl/airflow_env/lib/python3.8/site-packages/airflow/example_dags/example_params_trigger_ui.py
[2023-09-14T17:15:06.181+0100] {logging_mixin.py:151} INFO - [2023-09-14T17:15:06.181+0100] {dag.py:2915} INFO - Sync 1 DAGs
[2023-09-14T17:15:06.198+0100] {logging_mixin.py:151} INFO - [2023-09-14T17:15:06.198+0100] {dag.py:3696} INFO - Setting next_dagrun for example_params_trigger_ui to None, run_after=None
[2023-09-14T17:15:06.226+0100] {processor.py:179} INFO - Processing /home/joestar/Documents/projects/airflow_etl/airflow_env/lib/python3.8/site-packages/airflow/example_dags/example_params_trigger_ui.py took 0.177 seconds
[2023-09-14T17:16:02.497+0100] {processor.py:157} INFO - Started process (PID=26082) to work on /home/joestar/Documents/projects/airflow_etl/airflow_env/lib/python3.8/site-packages/airflow/example_dags/example_params_trigger_ui.py
[2023-09-14T17:16:02.498+0100] {processor.py:829} INFO - Processing file /home/joestar/Documents/projects/airflow_etl/airflow_env/lib/python3.8/site-packages/airflow/example_dags/example_params_trigger_ui.py for tasks to queue
[2023-09-14T17:16:02.499+0100] {logging_mixin.py:151} INFO - [2023-09-14T17:16:02.499+0100] {dagbag.py:539} INFO - Filling up the DagBag from /home/joestar/Documents/projects/airflow_etl/airflow_env/lib/python3.8/site-packages/airflow/example_dags/example_params_trigger_ui.py
[2023-09-14T17:16:02.520+0100] {processor.py:839} INFO - DAG(s) dict_keys(['example_params_trigger_ui']) retrieved from /home/joestar/Documents/projects/airflow_etl/airflow_env/lib/python3.8/site-packages/airflow/example_dags/example_params_trigger_ui.py
[2023-09-14T17:16:02.606+0100] {logging_mixin.py:151} INFO - [2023-09-14T17:16:02.605+0100] {dag.py:2915} INFO - Sync 1 DAGs
[2023-09-14T17:16:02.628+0100] {logging_mixin.py:151} INFO - [2023-09-14T17:16:02.628+0100] {dag.py:3696} INFO - Setting next_dagrun for example_params_trigger_ui to None, run_after=None
[2023-09-14T17:16:02.670+0100] {processor.py:179} INFO - Processing /home/joestar/Documents/projects/airflow_etl/airflow_env/lib/python3.8/site-packages/airflow/example_dags/example_params_trigger_ui.py took 0.175 seconds
[2023-09-14T17:16:57.243+0100] {processor.py:157} INFO - Started process (PID=26341) to work on /home/joestar/Documents/projects/airflow_etl/airflow_env/lib/python3.8/site-packages/airflow/example_dags/example_params_trigger_ui.py
[2023-09-14T17:16:57.244+0100] {processor.py:829} INFO - Processing file /home/joestar/Documents/projects/airflow_etl/airflow_env/lib/python3.8/site-packages/airflow/example_dags/example_params_trigger_ui.py for tasks to queue
[2023-09-14T17:16:57.245+0100] {logging_mixin.py:151} INFO - [2023-09-14T17:16:57.245+0100] {dagbag.py:539} INFO - Filling up the DagBag from /home/joestar/Documents/projects/airflow_etl/airflow_env/lib/python3.8/site-packages/airflow/example_dags/example_params_trigger_ui.py
[2023-09-14T17:16:57.266+0100] {processor.py:839} INFO - DAG(s) dict_keys(['example_params_trigger_ui']) retrieved from /home/joestar/Documents/projects/airflow_etl/airflow_env/lib/python3.8/site-packages/airflow/example_dags/example_params_trigger_ui.py
[2023-09-14T17:16:57.334+0100] {logging_mixin.py:151} INFO - [2023-09-14T17:16:57.334+0100] {dag.py:2915} INFO - Sync 1 DAGs
[2023-09-14T17:16:57.349+0100] {logging_mixin.py:151} INFO - [2023-09-14T17:16:57.349+0100] {dag.py:3696} INFO - Setting next_dagrun for example_params_trigger_ui to None, run_after=None
[2023-09-14T17:16:57.374+0100] {processor.py:179} INFO - Processing /home/joestar/Documents/projects/airflow_etl/airflow_env/lib/python3.8/site-packages/airflow/example_dags/example_params_trigger_ui.py took 0.133 seconds
[2023-09-14T17:17:47.824+0100] {processor.py:157} INFO - Started process (PID=26601) to work on /home/joestar/Documents/projects/airflow_etl/airflow_env/lib/python3.8/site-packages/airflow/example_dags/example_params_trigger_ui.py
[2023-09-14T17:17:47.825+0100] {processor.py:829} INFO - Processing file /home/joestar/Documents/projects/airflow_etl/airflow_env/lib/python3.8/site-packages/airflow/example_dags/example_params_trigger_ui.py for tasks to queue
[2023-09-14T17:17:47.828+0100] {logging_mixin.py:151} INFO - [2023-09-14T17:17:47.828+0100] {dagbag.py:539} INFO - Filling up the DagBag from /home/joestar/Documents/projects/airflow_etl/airflow_env/lib/python3.8/site-packages/airflow/example_dags/example_params_trigger_ui.py
[2023-09-14T17:17:47.860+0100] {processor.py:839} INFO - DAG(s) dict_keys(['example_params_trigger_ui']) retrieved from /home/joestar/Documents/projects/airflow_etl/airflow_env/lib/python3.8/site-packages/airflow/example_dags/example_params_trigger_ui.py
[2023-09-14T17:17:47.966+0100] {logging_mixin.py:151} INFO - [2023-09-14T17:17:47.965+0100] {dag.py:2915} INFO - Sync 1 DAGs
[2023-09-14T17:17:47.986+0100] {logging_mixin.py:151} INFO - [2023-09-14T17:17:47.986+0100] {dag.py:3696} INFO - Setting next_dagrun for example_params_trigger_ui to None, run_after=None
[2023-09-14T17:17:48.017+0100] {processor.py:179} INFO - Processing /home/joestar/Documents/projects/airflow_etl/airflow_env/lib/python3.8/site-packages/airflow/example_dags/example_params_trigger_ui.py took 0.197 seconds
[2023-09-14T17:18:36.352+0100] {processor.py:157} INFO - Started process (PID=26871) to work on /home/joestar/Documents/projects/airflow_etl/airflow_env/lib/python3.8/site-packages/airflow/example_dags/example_params_trigger_ui.py
[2023-09-14T17:18:36.353+0100] {processor.py:829} INFO - Processing file /home/joestar/Documents/projects/airflow_etl/airflow_env/lib/python3.8/site-packages/airflow/example_dags/example_params_trigger_ui.py for tasks to queue
[2023-09-14T17:18:36.354+0100] {logging_mixin.py:151} INFO - [2023-09-14T17:18:36.354+0100] {dagbag.py:539} INFO - Filling up the DagBag from /home/joestar/Documents/projects/airflow_etl/airflow_env/lib/python3.8/site-packages/airflow/example_dags/example_params_trigger_ui.py
[2023-09-14T17:18:36.370+0100] {processor.py:839} INFO - DAG(s) dict_keys(['example_params_trigger_ui']) retrieved from /home/joestar/Documents/projects/airflow_etl/airflow_env/lib/python3.8/site-packages/airflow/example_dags/example_params_trigger_ui.py
[2023-09-14T17:18:36.416+0100] {logging_mixin.py:151} INFO - [2023-09-14T17:18:36.416+0100] {dag.py:2915} INFO - Sync 1 DAGs
[2023-09-14T17:18:36.428+0100] {logging_mixin.py:151} INFO - [2023-09-14T17:18:36.428+0100] {dag.py:3696} INFO - Setting next_dagrun for example_params_trigger_ui to None, run_after=None
[2023-09-14T17:18:36.454+0100] {processor.py:179} INFO - Processing /home/joestar/Documents/projects/airflow_etl/airflow_env/lib/python3.8/site-packages/airflow/example_dags/example_params_trigger_ui.py took 0.105 seconds
[2023-09-14T17:19:35.646+0100] {processor.py:157} INFO - Started process (PID=27347) to work on /home/joestar/Documents/projects/airflow_etl/airflow_env/lib/python3.8/site-packages/airflow/example_dags/example_params_trigger_ui.py
[2023-09-14T17:19:35.647+0100] {processor.py:829} INFO - Processing file /home/joestar/Documents/projects/airflow_etl/airflow_env/lib/python3.8/site-packages/airflow/example_dags/example_params_trigger_ui.py for tasks to queue
[2023-09-14T17:19:35.649+0100] {logging_mixin.py:151} INFO - [2023-09-14T17:19:35.649+0100] {dagbag.py:539} INFO - Filling up the DagBag from /home/joestar/Documents/projects/airflow_etl/airflow_env/lib/python3.8/site-packages/airflow/example_dags/example_params_trigger_ui.py
[2023-09-14T17:19:35.676+0100] {processor.py:839} INFO - DAG(s) dict_keys(['example_params_trigger_ui']) retrieved from /home/joestar/Documents/projects/airflow_etl/airflow_env/lib/python3.8/site-packages/airflow/example_dags/example_params_trigger_ui.py
[2023-09-14T17:19:35.739+0100] {logging_mixin.py:151} INFO - [2023-09-14T17:19:35.738+0100] {dag.py:2915} INFO - Sync 1 DAGs
[2023-09-14T17:19:35.750+0100] {logging_mixin.py:151} INFO - [2023-09-14T17:19:35.749+0100] {dag.py:3696} INFO - Setting next_dagrun for example_params_trigger_ui to None, run_after=None
[2023-09-14T17:19:35.775+0100] {processor.py:179} INFO - Processing /home/joestar/Documents/projects/airflow_etl/airflow_env/lib/python3.8/site-packages/airflow/example_dags/example_params_trigger_ui.py took 0.131 seconds
[2023-09-14T17:20:29.740+0100] {processor.py:157} INFO - Started process (PID=27568) to work on /home/joestar/Documents/projects/airflow_etl/airflow_env/lib/python3.8/site-packages/airflow/example_dags/example_params_trigger_ui.py
[2023-09-14T17:20:29.742+0100] {processor.py:829} INFO - Processing file /home/joestar/Documents/projects/airflow_etl/airflow_env/lib/python3.8/site-packages/airflow/example_dags/example_params_trigger_ui.py for tasks to queue
[2023-09-14T17:20:29.743+0100] {logging_mixin.py:151} INFO - [2023-09-14T17:20:29.742+0100] {dagbag.py:539} INFO - Filling up the DagBag from /home/joestar/Documents/projects/airflow_etl/airflow_env/lib/python3.8/site-packages/airflow/example_dags/example_params_trigger_ui.py
[2023-09-14T17:20:29.767+0100] {processor.py:839} INFO - DAG(s) dict_keys(['example_params_trigger_ui']) retrieved from /home/joestar/Documents/projects/airflow_etl/airflow_env/lib/python3.8/site-packages/airflow/example_dags/example_params_trigger_ui.py
[2023-09-14T17:20:29.852+0100] {logging_mixin.py:151} INFO - [2023-09-14T17:20:29.851+0100] {dag.py:2915} INFO - Sync 1 DAGs
[2023-09-14T17:20:29.873+0100] {logging_mixin.py:151} INFO - [2023-09-14T17:20:29.873+0100] {dag.py:3696} INFO - Setting next_dagrun for example_params_trigger_ui to None, run_after=None
[2023-09-14T17:20:29.927+0100] {processor.py:179} INFO - Processing /home/joestar/Documents/projects/airflow_etl/airflow_env/lib/python3.8/site-packages/airflow/example_dags/example_params_trigger_ui.py took 0.192 seconds
[2023-09-14T17:21:20.631+0100] {processor.py:157} INFO - Started process (PID=27798) to work on /home/joestar/Documents/projects/airflow_etl/airflow_env/lib/python3.8/site-packages/airflow/example_dags/example_params_trigger_ui.py
[2023-09-14T17:21:20.632+0100] {processor.py:829} INFO - Processing file /home/joestar/Documents/projects/airflow_etl/airflow_env/lib/python3.8/site-packages/airflow/example_dags/example_params_trigger_ui.py for tasks to queue
[2023-09-14T17:21:20.633+0100] {logging_mixin.py:151} INFO - [2023-09-14T17:21:20.633+0100] {dagbag.py:539} INFO - Filling up the DagBag from /home/joestar/Documents/projects/airflow_etl/airflow_env/lib/python3.8/site-packages/airflow/example_dags/example_params_trigger_ui.py
[2023-09-14T17:21:20.658+0100] {processor.py:839} INFO - DAG(s) dict_keys(['example_params_trigger_ui']) retrieved from /home/joestar/Documents/projects/airflow_etl/airflow_env/lib/python3.8/site-packages/airflow/example_dags/example_params_trigger_ui.py
[2023-09-14T17:21:20.740+0100] {logging_mixin.py:151} INFO - [2023-09-14T17:21:20.740+0100] {dag.py:2915} INFO - Sync 1 DAGs
[2023-09-14T17:21:20.768+0100] {logging_mixin.py:151} INFO - [2023-09-14T17:21:20.767+0100] {dag.py:3696} INFO - Setting next_dagrun for example_params_trigger_ui to None, run_after=None
[2023-09-14T17:21:20.805+0100] {processor.py:179} INFO - Processing /home/joestar/Documents/projects/airflow_etl/airflow_env/lib/python3.8/site-packages/airflow/example_dags/example_params_trigger_ui.py took 0.178 seconds
[2023-09-14T17:22:13.953+0100] {processor.py:157} INFO - Started process (PID=28014) to work on /home/joestar/Documents/projects/airflow_etl/airflow_env/lib/python3.8/site-packages/airflow/example_dags/example_params_trigger_ui.py
[2023-09-14T17:22:13.955+0100] {processor.py:829} INFO - Processing file /home/joestar/Documents/projects/airflow_etl/airflow_env/lib/python3.8/site-packages/airflow/example_dags/example_params_trigger_ui.py for tasks to queue
[2023-09-14T17:22:13.957+0100] {logging_mixin.py:151} INFO - [2023-09-14T17:22:13.956+0100] {dagbag.py:539} INFO - Filling up the DagBag from /home/joestar/Documents/projects/airflow_etl/airflow_env/lib/python3.8/site-packages/airflow/example_dags/example_params_trigger_ui.py
[2023-09-14T17:22:13.987+0100] {processor.py:839} INFO - DAG(s) dict_keys(['example_params_trigger_ui']) retrieved from /home/joestar/Documents/projects/airflow_etl/airflow_env/lib/python3.8/site-packages/airflow/example_dags/example_params_trigger_ui.py
[2023-09-14T17:22:14.080+0100] {logging_mixin.py:151} INFO - [2023-09-14T17:22:14.080+0100] {dag.py:2915} INFO - Sync 1 DAGs
[2023-09-14T17:22:14.098+0100] {logging_mixin.py:151} INFO - [2023-09-14T17:22:14.098+0100] {dag.py:3696} INFO - Setting next_dagrun for example_params_trigger_ui to None, run_after=None
[2023-09-14T17:22:14.137+0100] {processor.py:179} INFO - Processing /home/joestar/Documents/projects/airflow_etl/airflow_env/lib/python3.8/site-packages/airflow/example_dags/example_params_trigger_ui.py took 0.187 seconds
[2023-09-14T17:23:07.691+0100] {processor.py:157} INFO - Started process (PID=28261) to work on /home/joestar/Documents/projects/airflow_etl/airflow_env/lib/python3.8/site-packages/airflow/example_dags/example_params_trigger_ui.py
[2023-09-14T17:23:07.692+0100] {processor.py:829} INFO - Processing file /home/joestar/Documents/projects/airflow_etl/airflow_env/lib/python3.8/site-packages/airflow/example_dags/example_params_trigger_ui.py for tasks to queue
[2023-09-14T17:23:07.693+0100] {logging_mixin.py:151} INFO - [2023-09-14T17:23:07.692+0100] {dagbag.py:539} INFO - Filling up the DagBag from /home/joestar/Documents/projects/airflow_etl/airflow_env/lib/python3.8/site-packages/airflow/example_dags/example_params_trigger_ui.py
[2023-09-14T17:23:07.716+0100] {processor.py:839} INFO - DAG(s) dict_keys(['example_params_trigger_ui']) retrieved from /home/joestar/Documents/projects/airflow_etl/airflow_env/lib/python3.8/site-packages/airflow/example_dags/example_params_trigger_ui.py
[2023-09-14T17:23:07.769+0100] {logging_mixin.py:151} INFO - [2023-09-14T17:23:07.768+0100] {dag.py:2915} INFO - Sync 1 DAGs
[2023-09-14T17:23:07.781+0100] {logging_mixin.py:151} INFO - [2023-09-14T17:23:07.781+0100] {dag.py:3696} INFO - Setting next_dagrun for example_params_trigger_ui to None, run_after=None
[2023-09-14T17:23:07.810+0100] {processor.py:179} INFO - Processing /home/joestar/Documents/projects/airflow_etl/airflow_env/lib/python3.8/site-packages/airflow/example_dags/example_params_trigger_ui.py took 0.122 seconds
[2023-09-14T17:24:05.030+0100] {processor.py:157} INFO - Started process (PID=28523) to work on /home/joestar/Documents/projects/airflow_etl/airflow_env/lib/python3.8/site-packages/airflow/example_dags/example_params_trigger_ui.py
[2023-09-14T17:24:05.032+0100] {processor.py:829} INFO - Processing file /home/joestar/Documents/projects/airflow_etl/airflow_env/lib/python3.8/site-packages/airflow/example_dags/example_params_trigger_ui.py for tasks to queue
[2023-09-14T17:24:05.033+0100] {logging_mixin.py:151} INFO - [2023-09-14T17:24:05.032+0100] {dagbag.py:539} INFO - Filling up the DagBag from /home/joestar/Documents/projects/airflow_etl/airflow_env/lib/python3.8/site-packages/airflow/example_dags/example_params_trigger_ui.py
[2023-09-14T17:24:05.055+0100] {processor.py:839} INFO - DAG(s) dict_keys(['example_params_trigger_ui']) retrieved from /home/joestar/Documents/projects/airflow_etl/airflow_env/lib/python3.8/site-packages/airflow/example_dags/example_params_trigger_ui.py
[2023-09-14T17:24:05.131+0100] {logging_mixin.py:151} INFO - [2023-09-14T17:24:05.131+0100] {dag.py:2915} INFO - Sync 1 DAGs
[2023-09-14T17:24:05.149+0100] {logging_mixin.py:151} INFO - [2023-09-14T17:24:05.149+0100] {dag.py:3696} INFO - Setting next_dagrun for example_params_trigger_ui to None, run_after=None
[2023-09-14T17:24:05.180+0100] {processor.py:179} INFO - Processing /home/joestar/Documents/projects/airflow_etl/airflow_env/lib/python3.8/site-packages/airflow/example_dags/example_params_trigger_ui.py took 0.154 seconds
[2023-09-14T17:25:03.785+0100] {processor.py:157} INFO - Started process (PID=28757) to work on /home/joestar/Documents/projects/airflow_etl/airflow_env/lib/python3.8/site-packages/airflow/example_dags/example_params_trigger_ui.py
[2023-09-14T17:25:03.786+0100] {processor.py:829} INFO - Processing file /home/joestar/Documents/projects/airflow_etl/airflow_env/lib/python3.8/site-packages/airflow/example_dags/example_params_trigger_ui.py for tasks to queue
[2023-09-14T17:25:03.787+0100] {logging_mixin.py:151} INFO - [2023-09-14T17:25:03.787+0100] {dagbag.py:539} INFO - Filling up the DagBag from /home/joestar/Documents/projects/airflow_etl/airflow_env/lib/python3.8/site-packages/airflow/example_dags/example_params_trigger_ui.py
[2023-09-14T17:25:03.810+0100] {processor.py:839} INFO - DAG(s) dict_keys(['example_params_trigger_ui']) retrieved from /home/joestar/Documents/projects/airflow_etl/airflow_env/lib/python3.8/site-packages/airflow/example_dags/example_params_trigger_ui.py
[2023-09-14T17:25:03.880+0100] {logging_mixin.py:151} INFO - [2023-09-14T17:25:03.880+0100] {dag.py:2915} INFO - Sync 1 DAGs
[2023-09-14T17:25:03.897+0100] {logging_mixin.py:151} INFO - [2023-09-14T17:25:03.897+0100] {dag.py:3696} INFO - Setting next_dagrun for example_params_trigger_ui to None, run_after=None
[2023-09-14T17:25:03.924+0100] {processor.py:179} INFO - Processing /home/joestar/Documents/projects/airflow_etl/airflow_env/lib/python3.8/site-packages/airflow/example_dags/example_params_trigger_ui.py took 0.143 seconds
[2023-09-14T17:25:58.468+0100] {processor.py:157} INFO - Started process (PID=28994) to work on /home/joestar/Documents/projects/airflow_etl/airflow_env/lib/python3.8/site-packages/airflow/example_dags/example_params_trigger_ui.py
[2023-09-14T17:25:58.469+0100] {processor.py:829} INFO - Processing file /home/joestar/Documents/projects/airflow_etl/airflow_env/lib/python3.8/site-packages/airflow/example_dags/example_params_trigger_ui.py for tasks to queue
[2023-09-14T17:25:58.470+0100] {logging_mixin.py:151} INFO - [2023-09-14T17:25:58.469+0100] {dagbag.py:539} INFO - Filling up the DagBag from /home/joestar/Documents/projects/airflow_etl/airflow_env/lib/python3.8/site-packages/airflow/example_dags/example_params_trigger_ui.py
[2023-09-14T17:25:58.486+0100] {processor.py:839} INFO - DAG(s) dict_keys(['example_params_trigger_ui']) retrieved from /home/joestar/Documents/projects/airflow_etl/airflow_env/lib/python3.8/site-packages/airflow/example_dags/example_params_trigger_ui.py
[2023-09-14T17:25:58.530+0100] {logging_mixin.py:151} INFO - [2023-09-14T17:25:58.530+0100] {dag.py:2915} INFO - Sync 1 DAGs
[2023-09-14T17:25:58.547+0100] {logging_mixin.py:151} INFO - [2023-09-14T17:25:58.547+0100] {dag.py:3696} INFO - Setting next_dagrun for example_params_trigger_ui to None, run_after=None
[2023-09-14T17:25:58.576+0100] {processor.py:179} INFO - Processing /home/joestar/Documents/projects/airflow_etl/airflow_env/lib/python3.8/site-packages/airflow/example_dags/example_params_trigger_ui.py took 0.111 seconds
[2023-09-14T17:26:50.963+0100] {processor.py:157} INFO - Started process (PID=29209) to work on /home/joestar/Documents/projects/airflow_etl/airflow_env/lib/python3.8/site-packages/airflow/example_dags/example_params_trigger_ui.py
[2023-09-14T17:26:50.964+0100] {processor.py:829} INFO - Processing file /home/joestar/Documents/projects/airflow_etl/airflow_env/lib/python3.8/site-packages/airflow/example_dags/example_params_trigger_ui.py for tasks to queue
[2023-09-14T17:26:50.965+0100] {logging_mixin.py:151} INFO - [2023-09-14T17:26:50.965+0100] {dagbag.py:539} INFO - Filling up the DagBag from /home/joestar/Documents/projects/airflow_etl/airflow_env/lib/python3.8/site-packages/airflow/example_dags/example_params_trigger_ui.py
[2023-09-14T17:26:50.991+0100] {processor.py:839} INFO - DAG(s) dict_keys(['example_params_trigger_ui']) retrieved from /home/joestar/Documents/projects/airflow_etl/airflow_env/lib/python3.8/site-packages/airflow/example_dags/example_params_trigger_ui.py
[2023-09-14T17:26:51.068+0100] {logging_mixin.py:151} INFO - [2023-09-14T17:26:51.068+0100] {dag.py:2915} INFO - Sync 1 DAGs
[2023-09-14T17:26:51.084+0100] {logging_mixin.py:151} INFO - [2023-09-14T17:26:51.084+0100] {dag.py:3696} INFO - Setting next_dagrun for example_params_trigger_ui to None, run_after=None
[2023-09-14T17:26:51.117+0100] {processor.py:179} INFO - Processing /home/joestar/Documents/projects/airflow_etl/airflow_env/lib/python3.8/site-packages/airflow/example_dags/example_params_trigger_ui.py took 0.157 seconds
[2023-09-14T17:27:46.479+0100] {processor.py:157} INFO - Started process (PID=29458) to work on /home/joestar/Documents/projects/airflow_etl/airflow_env/lib/python3.8/site-packages/airflow/example_dags/example_params_trigger_ui.py
[2023-09-14T17:27:46.480+0100] {processor.py:829} INFO - Processing file /home/joestar/Documents/projects/airflow_etl/airflow_env/lib/python3.8/site-packages/airflow/example_dags/example_params_trigger_ui.py for tasks to queue
[2023-09-14T17:27:46.481+0100] {logging_mixin.py:151} INFO - [2023-09-14T17:27:46.481+0100] {dagbag.py:539} INFO - Filling up the DagBag from /home/joestar/Documents/projects/airflow_etl/airflow_env/lib/python3.8/site-packages/airflow/example_dags/example_params_trigger_ui.py
[2023-09-14T17:27:46.509+0100] {processor.py:839} INFO - DAG(s) dict_keys(['example_params_trigger_ui']) retrieved from /home/joestar/Documents/projects/airflow_etl/airflow_env/lib/python3.8/site-packages/airflow/example_dags/example_params_trigger_ui.py
[2023-09-14T17:27:46.595+0100] {logging_mixin.py:151} INFO - [2023-09-14T17:27:46.595+0100] {dag.py:2915} INFO - Sync 1 DAGs
[2023-09-14T17:27:46.613+0100] {logging_mixin.py:151} INFO - [2023-09-14T17:27:46.613+0100] {dag.py:3696} INFO - Setting next_dagrun for example_params_trigger_ui to None, run_after=None
[2023-09-14T17:27:46.649+0100] {processor.py:179} INFO - Processing /home/joestar/Documents/projects/airflow_etl/airflow_env/lib/python3.8/site-packages/airflow/example_dags/example_params_trigger_ui.py took 0.174 seconds
[2023-09-14T17:28:39.968+0100] {processor.py:157} INFO - Started process (PID=29702) to work on /home/joestar/Documents/projects/airflow_etl/airflow_env/lib/python3.8/site-packages/airflow/example_dags/example_params_trigger_ui.py
[2023-09-14T17:28:39.970+0100] {processor.py:829} INFO - Processing file /home/joestar/Documents/projects/airflow_etl/airflow_env/lib/python3.8/site-packages/airflow/example_dags/example_params_trigger_ui.py for tasks to queue
[2023-09-14T17:28:39.972+0100] {logging_mixin.py:151} INFO - [2023-09-14T17:28:39.971+0100] {dagbag.py:539} INFO - Filling up the DagBag from /home/joestar/Documents/projects/airflow_etl/airflow_env/lib/python3.8/site-packages/airflow/example_dags/example_params_trigger_ui.py
[2023-09-14T17:28:39.995+0100] {processor.py:839} INFO - DAG(s) dict_keys(['example_params_trigger_ui']) retrieved from /home/joestar/Documents/projects/airflow_etl/airflow_env/lib/python3.8/site-packages/airflow/example_dags/example_params_trigger_ui.py
[2023-09-14T17:28:40.080+0100] {logging_mixin.py:151} INFO - [2023-09-14T17:28:40.080+0100] {dag.py:2915} INFO - Sync 1 DAGs
[2023-09-14T17:28:40.100+0100] {logging_mixin.py:151} INFO - [2023-09-14T17:28:40.099+0100] {dag.py:3696} INFO - Setting next_dagrun for example_params_trigger_ui to None, run_after=None
[2023-09-14T17:28:40.145+0100] {processor.py:179} INFO - Processing /home/joestar/Documents/projects/airflow_etl/airflow_env/lib/python3.8/site-packages/airflow/example_dags/example_params_trigger_ui.py took 0.182 seconds
[2023-09-14T17:29:32.169+0100] {processor.py:157} INFO - Started process (PID=29958) to work on /home/joestar/Documents/projects/airflow_etl/airflow_env/lib/python3.8/site-packages/airflow/example_dags/example_params_trigger_ui.py
[2023-09-14T17:29:32.170+0100] {processor.py:829} INFO - Processing file /home/joestar/Documents/projects/airflow_etl/airflow_env/lib/python3.8/site-packages/airflow/example_dags/example_params_trigger_ui.py for tasks to queue
[2023-09-14T17:29:32.171+0100] {logging_mixin.py:151} INFO - [2023-09-14T17:29:32.170+0100] {dagbag.py:539} INFO - Filling up the DagBag from /home/joestar/Documents/projects/airflow_etl/airflow_env/lib/python3.8/site-packages/airflow/example_dags/example_params_trigger_ui.py
[2023-09-14T17:29:32.196+0100] {processor.py:839} INFO - DAG(s) dict_keys(['example_params_trigger_ui']) retrieved from /home/joestar/Documents/projects/airflow_etl/airflow_env/lib/python3.8/site-packages/airflow/example_dags/example_params_trigger_ui.py
[2023-09-14T17:29:32.265+0100] {logging_mixin.py:151} INFO - [2023-09-14T17:29:32.265+0100] {dag.py:2915} INFO - Sync 1 DAGs
[2023-09-14T17:29:32.282+0100] {logging_mixin.py:151} INFO - [2023-09-14T17:29:32.282+0100] {dag.py:3696} INFO - Setting next_dagrun for example_params_trigger_ui to None, run_after=None
[2023-09-14T17:29:32.313+0100] {processor.py:179} INFO - Processing /home/joestar/Documents/projects/airflow_etl/airflow_env/lib/python3.8/site-packages/airflow/example_dags/example_params_trigger_ui.py took 0.148 seconds
[2023-09-14T17:30:24.154+0100] {processor.py:157} INFO - Started process (PID=30207) to work on /home/joestar/Documents/projects/airflow_etl/airflow_env/lib/python3.8/site-packages/airflow/example_dags/example_params_trigger_ui.py
[2023-09-14T17:30:24.155+0100] {processor.py:829} INFO - Processing file /home/joestar/Documents/projects/airflow_etl/airflow_env/lib/python3.8/site-packages/airflow/example_dags/example_params_trigger_ui.py for tasks to queue
[2023-09-14T17:30:24.155+0100] {logging_mixin.py:151} INFO - [2023-09-14T17:30:24.155+0100] {dagbag.py:539} INFO - Filling up the DagBag from /home/joestar/Documents/projects/airflow_etl/airflow_env/lib/python3.8/site-packages/airflow/example_dags/example_params_trigger_ui.py
[2023-09-14T17:30:24.172+0100] {processor.py:839} INFO - DAG(s) dict_keys(['example_params_trigger_ui']) retrieved from /home/joestar/Documents/projects/airflow_etl/airflow_env/lib/python3.8/site-packages/airflow/example_dags/example_params_trigger_ui.py
[2023-09-14T17:30:24.221+0100] {logging_mixin.py:151} INFO - [2023-09-14T17:30:24.221+0100] {dag.py:2915} INFO - Sync 1 DAGs
[2023-09-14T17:30:24.237+0100] {logging_mixin.py:151} INFO - [2023-09-14T17:30:24.237+0100] {dag.py:3696} INFO - Setting next_dagrun for example_params_trigger_ui to None, run_after=None
[2023-09-14T17:30:24.319+0100] {processor.py:179} INFO - Processing /home/joestar/Documents/projects/airflow_etl/airflow_env/lib/python3.8/site-packages/airflow/example_dags/example_params_trigger_ui.py took 0.168 seconds
[2023-09-14T17:31:15.310+0100] {processor.py:157} INFO - Started process (PID=30452) to work on /home/joestar/Documents/projects/airflow_etl/airflow_env/lib/python3.8/site-packages/airflow/example_dags/example_params_trigger_ui.py
[2023-09-14T17:31:15.311+0100] {processor.py:829} INFO - Processing file /home/joestar/Documents/projects/airflow_etl/airflow_env/lib/python3.8/site-packages/airflow/example_dags/example_params_trigger_ui.py for tasks to queue
[2023-09-14T17:31:15.312+0100] {logging_mixin.py:151} INFO - [2023-09-14T17:31:15.311+0100] {dagbag.py:539} INFO - Filling up the DagBag from /home/joestar/Documents/projects/airflow_etl/airflow_env/lib/python3.8/site-packages/airflow/example_dags/example_params_trigger_ui.py
[2023-09-14T17:31:15.328+0100] {processor.py:839} INFO - DAG(s) dict_keys(['example_params_trigger_ui']) retrieved from /home/joestar/Documents/projects/airflow_etl/airflow_env/lib/python3.8/site-packages/airflow/example_dags/example_params_trigger_ui.py
[2023-09-14T17:31:15.379+0100] {logging_mixin.py:151} INFO - [2023-09-14T17:31:15.378+0100] {dag.py:2915} INFO - Sync 1 DAGs
[2023-09-14T17:31:15.393+0100] {logging_mixin.py:151} INFO - [2023-09-14T17:31:15.393+0100] {dag.py:3696} INFO - Setting next_dagrun for example_params_trigger_ui to None, run_after=None
[2023-09-14T17:31:15.418+0100] {processor.py:179} INFO - Processing /home/joestar/Documents/projects/airflow_etl/airflow_env/lib/python3.8/site-packages/airflow/example_dags/example_params_trigger_ui.py took 0.110 seconds
[2023-09-14T17:32:06.125+0100] {processor.py:157} INFO - Started process (PID=30674) to work on /home/joestar/Documents/projects/airflow_etl/airflow_env/lib/python3.8/site-packages/airflow/example_dags/example_params_trigger_ui.py
[2023-09-14T17:32:06.126+0100] {processor.py:829} INFO - Processing file /home/joestar/Documents/projects/airflow_etl/airflow_env/lib/python3.8/site-packages/airflow/example_dags/example_params_trigger_ui.py for tasks to queue
[2023-09-14T17:32:06.127+0100] {logging_mixin.py:151} INFO - [2023-09-14T17:32:06.127+0100] {dagbag.py:539} INFO - Filling up the DagBag from /home/joestar/Documents/projects/airflow_etl/airflow_env/lib/python3.8/site-packages/airflow/example_dags/example_params_trigger_ui.py
[2023-09-14T17:32:06.143+0100] {processor.py:839} INFO - DAG(s) dict_keys(['example_params_trigger_ui']) retrieved from /home/joestar/Documents/projects/airflow_etl/airflow_env/lib/python3.8/site-packages/airflow/example_dags/example_params_trigger_ui.py
[2023-09-14T17:32:06.190+0100] {logging_mixin.py:151} INFO - [2023-09-14T17:32:06.190+0100] {dag.py:2915} INFO - Sync 1 DAGs
[2023-09-14T17:32:06.202+0100] {logging_mixin.py:151} INFO - [2023-09-14T17:32:06.202+0100] {dag.py:3696} INFO - Setting next_dagrun for example_params_trigger_ui to None, run_after=None
[2023-09-14T17:32:06.227+0100] {processor.py:179} INFO - Processing /home/joestar/Documents/projects/airflow_etl/airflow_env/lib/python3.8/site-packages/airflow/example_dags/example_params_trigger_ui.py took 0.105 seconds
[2023-09-14T17:32:58.282+0100] {processor.py:157} INFO - Started process (PID=30890) to work on /home/joestar/Documents/projects/airflow_etl/airflow_env/lib/python3.8/site-packages/airflow/example_dags/example_params_trigger_ui.py
[2023-09-14T17:32:58.283+0100] {processor.py:829} INFO - Processing file /home/joestar/Documents/projects/airflow_etl/airflow_env/lib/python3.8/site-packages/airflow/example_dags/example_params_trigger_ui.py for tasks to queue
[2023-09-14T17:32:58.284+0100] {logging_mixin.py:151} INFO - [2023-09-14T17:32:58.283+0100] {dagbag.py:539} INFO - Filling up the DagBag from /home/joestar/Documents/projects/airflow_etl/airflow_env/lib/python3.8/site-packages/airflow/example_dags/example_params_trigger_ui.py
[2023-09-14T17:32:58.299+0100] {processor.py:839} INFO - DAG(s) dict_keys(['example_params_trigger_ui']) retrieved from /home/joestar/Documents/projects/airflow_etl/airflow_env/lib/python3.8/site-packages/airflow/example_dags/example_params_trigger_ui.py
[2023-09-14T17:32:58.343+0100] {logging_mixin.py:151} INFO - [2023-09-14T17:32:58.343+0100] {dag.py:2915} INFO - Sync 1 DAGs
[2023-09-14T17:32:58.354+0100] {logging_mixin.py:151} INFO - [2023-09-14T17:32:58.354+0100] {dag.py:3696} INFO - Setting next_dagrun for example_params_trigger_ui to None, run_after=None
[2023-09-14T17:32:58.387+0100] {processor.py:179} INFO - Processing /home/joestar/Documents/projects/airflow_etl/airflow_env/lib/python3.8/site-packages/airflow/example_dags/example_params_trigger_ui.py took 0.108 seconds
[2023-09-14T17:33:51.646+0100] {processor.py:157} INFO - Started process (PID=31130) to work on /home/joestar/Documents/projects/airflow_etl/airflow_env/lib/python3.8/site-packages/airflow/example_dags/example_params_trigger_ui.py
[2023-09-14T17:33:51.647+0100] {processor.py:829} INFO - Processing file /home/joestar/Documents/projects/airflow_etl/airflow_env/lib/python3.8/site-packages/airflow/example_dags/example_params_trigger_ui.py for tasks to queue
[2023-09-14T17:33:51.648+0100] {logging_mixin.py:151} INFO - [2023-09-14T17:33:51.648+0100] {dagbag.py:539} INFO - Filling up the DagBag from /home/joestar/Documents/projects/airflow_etl/airflow_env/lib/python3.8/site-packages/airflow/example_dags/example_params_trigger_ui.py
[2023-09-14T17:33:51.673+0100] {processor.py:839} INFO - DAG(s) dict_keys(['example_params_trigger_ui']) retrieved from /home/joestar/Documents/projects/airflow_etl/airflow_env/lib/python3.8/site-packages/airflow/example_dags/example_params_trigger_ui.py
[2023-09-14T17:33:51.730+0100] {logging_mixin.py:151} INFO - [2023-09-14T17:33:51.729+0100] {dag.py:2915} INFO - Sync 1 DAGs
[2023-09-14T17:33:51.742+0100] {logging_mixin.py:151} INFO - [2023-09-14T17:33:51.741+0100] {dag.py:3696} INFO - Setting next_dagrun for example_params_trigger_ui to None, run_after=None
[2023-09-14T17:33:51.770+0100] {processor.py:179} INFO - Processing /home/joestar/Documents/projects/airflow_etl/airflow_env/lib/python3.8/site-packages/airflow/example_dags/example_params_trigger_ui.py took 0.128 seconds
[2023-09-14T17:34:46.132+0100] {processor.py:157} INFO - Started process (PID=31388) to work on /home/joestar/Documents/projects/airflow_etl/airflow_env/lib/python3.8/site-packages/airflow/example_dags/example_params_trigger_ui.py
[2023-09-14T17:34:46.133+0100] {processor.py:829} INFO - Processing file /home/joestar/Documents/projects/airflow_etl/airflow_env/lib/python3.8/site-packages/airflow/example_dags/example_params_trigger_ui.py for tasks to queue
[2023-09-14T17:34:46.134+0100] {logging_mixin.py:151} INFO - [2023-09-14T17:34:46.133+0100] {dagbag.py:539} INFO - Filling up the DagBag from /home/joestar/Documents/projects/airflow_etl/airflow_env/lib/python3.8/site-packages/airflow/example_dags/example_params_trigger_ui.py
[2023-09-14T17:34:46.153+0100] {processor.py:839} INFO - DAG(s) dict_keys(['example_params_trigger_ui']) retrieved from /home/joestar/Documents/projects/airflow_etl/airflow_env/lib/python3.8/site-packages/airflow/example_dags/example_params_trigger_ui.py
[2023-09-14T17:34:46.217+0100] {logging_mixin.py:151} INFO - [2023-09-14T17:34:46.217+0100] {dag.py:2915} INFO - Sync 1 DAGs
[2023-09-14T17:34:46.232+0100] {logging_mixin.py:151} INFO - [2023-09-14T17:34:46.232+0100] {dag.py:3696} INFO - Setting next_dagrun for example_params_trigger_ui to None, run_after=None
[2023-09-14T17:34:46.268+0100] {processor.py:179} INFO - Processing /home/joestar/Documents/projects/airflow_etl/airflow_env/lib/python3.8/site-packages/airflow/example_dags/example_params_trigger_ui.py took 0.139 seconds
[2023-09-14T17:35:35.462+0100] {processor.py:157} INFO - Started process (PID=31627) to work on /home/joestar/Documents/projects/airflow_etl/airflow_env/lib/python3.8/site-packages/airflow/example_dags/example_params_trigger_ui.py
[2023-09-14T17:35:35.463+0100] {processor.py:829} INFO - Processing file /home/joestar/Documents/projects/airflow_etl/airflow_env/lib/python3.8/site-packages/airflow/example_dags/example_params_trigger_ui.py for tasks to queue
[2023-09-14T17:35:35.464+0100] {logging_mixin.py:151} INFO - [2023-09-14T17:35:35.464+0100] {dagbag.py:539} INFO - Filling up the DagBag from /home/joestar/Documents/projects/airflow_etl/airflow_env/lib/python3.8/site-packages/airflow/example_dags/example_params_trigger_ui.py
[2023-09-14T17:35:35.480+0100] {processor.py:839} INFO - DAG(s) dict_keys(['example_params_trigger_ui']) retrieved from /home/joestar/Documents/projects/airflow_etl/airflow_env/lib/python3.8/site-packages/airflow/example_dags/example_params_trigger_ui.py
[2023-09-14T17:35:35.523+0100] {logging_mixin.py:151} INFO - [2023-09-14T17:35:35.523+0100] {dag.py:2915} INFO - Sync 1 DAGs
[2023-09-14T17:35:35.537+0100] {logging_mixin.py:151} INFO - [2023-09-14T17:35:35.536+0100] {dag.py:3696} INFO - Setting next_dagrun for example_params_trigger_ui to None, run_after=None
[2023-09-14T17:35:35.579+0100] {processor.py:179} INFO - Processing /home/joestar/Documents/projects/airflow_etl/airflow_env/lib/python3.8/site-packages/airflow/example_dags/example_params_trigger_ui.py took 0.119 seconds
[2023-09-14T17:36:27.623+0100] {processor.py:157} INFO - Started process (PID=31864) to work on /home/joestar/Documents/projects/airflow_etl/airflow_env/lib/python3.8/site-packages/airflow/example_dags/example_params_trigger_ui.py
[2023-09-14T17:36:27.624+0100] {processor.py:829} INFO - Processing file /home/joestar/Documents/projects/airflow_etl/airflow_env/lib/python3.8/site-packages/airflow/example_dags/example_params_trigger_ui.py for tasks to queue
[2023-09-14T17:36:27.625+0100] {logging_mixin.py:151} INFO - [2023-09-14T17:36:27.625+0100] {dagbag.py:539} INFO - Filling up the DagBag from /home/joestar/Documents/projects/airflow_etl/airflow_env/lib/python3.8/site-packages/airflow/example_dags/example_params_trigger_ui.py
[2023-09-14T17:36:27.649+0100] {processor.py:839} INFO - DAG(s) dict_keys(['example_params_trigger_ui']) retrieved from /home/joestar/Documents/projects/airflow_etl/airflow_env/lib/python3.8/site-packages/airflow/example_dags/example_params_trigger_ui.py
[2023-09-14T17:36:27.710+0100] {logging_mixin.py:151} INFO - [2023-09-14T17:36:27.710+0100] {dag.py:2915} INFO - Sync 1 DAGs
[2023-09-14T17:36:27.724+0100] {logging_mixin.py:151} INFO - [2023-09-14T17:36:27.724+0100] {dag.py:3696} INFO - Setting next_dagrun for example_params_trigger_ui to None, run_after=None
[2023-09-14T17:36:27.754+0100] {processor.py:179} INFO - Processing /home/joestar/Documents/projects/airflow_etl/airflow_env/lib/python3.8/site-packages/airflow/example_dags/example_params_trigger_ui.py took 0.135 seconds
[2023-09-14T17:37:20.761+0100] {processor.py:157} INFO - Started process (PID=32109) to work on /home/joestar/Documents/projects/airflow_etl/airflow_env/lib/python3.8/site-packages/airflow/example_dags/example_params_trigger_ui.py
[2023-09-14T17:37:20.763+0100] {processor.py:829} INFO - Processing file /home/joestar/Documents/projects/airflow_etl/airflow_env/lib/python3.8/site-packages/airflow/example_dags/example_params_trigger_ui.py for tasks to queue
[2023-09-14T17:37:20.764+0100] {logging_mixin.py:151} INFO - [2023-09-14T17:37:20.763+0100] {dagbag.py:539} INFO - Filling up the DagBag from /home/joestar/Documents/projects/airflow_etl/airflow_env/lib/python3.8/site-packages/airflow/example_dags/example_params_trigger_ui.py
[2023-09-14T17:37:20.787+0100] {processor.py:839} INFO - DAG(s) dict_keys(['example_params_trigger_ui']) retrieved from /home/joestar/Documents/projects/airflow_etl/airflow_env/lib/python3.8/site-packages/airflow/example_dags/example_params_trigger_ui.py
[2023-09-14T17:37:20.859+0100] {logging_mixin.py:151} INFO - [2023-09-14T17:37:20.859+0100] {dag.py:2915} INFO - Sync 1 DAGs
[2023-09-14T17:37:20.874+0100] {logging_mixin.py:151} INFO - [2023-09-14T17:37:20.874+0100] {dag.py:3696} INFO - Setting next_dagrun for example_params_trigger_ui to None, run_after=None
[2023-09-14T17:37:20.902+0100] {processor.py:179} INFO - Processing /home/joestar/Documents/projects/airflow_etl/airflow_env/lib/python3.8/site-packages/airflow/example_dags/example_params_trigger_ui.py took 0.144 seconds
[2023-09-14T17:38:17.848+0100] {processor.py:157} INFO - Started process (PID=32565) to work on /home/joestar/Documents/projects/airflow_etl/airflow_env/lib/python3.8/site-packages/airflow/example_dags/example_params_trigger_ui.py
[2023-09-14T17:38:17.850+0100] {processor.py:829} INFO - Processing file /home/joestar/Documents/projects/airflow_etl/airflow_env/lib/python3.8/site-packages/airflow/example_dags/example_params_trigger_ui.py for tasks to queue
[2023-09-14T17:38:17.853+0100] {logging_mixin.py:151} INFO - [2023-09-14T17:38:17.852+0100] {dagbag.py:539} INFO - Filling up the DagBag from /home/joestar/Documents/projects/airflow_etl/airflow_env/lib/python3.8/site-packages/airflow/example_dags/example_params_trigger_ui.py
[2023-09-14T17:38:17.892+0100] {processor.py:839} INFO - DAG(s) dict_keys(['example_params_trigger_ui']) retrieved from /home/joestar/Documents/projects/airflow_etl/airflow_env/lib/python3.8/site-packages/airflow/example_dags/example_params_trigger_ui.py
[2023-09-14T17:38:18.005+0100] {logging_mixin.py:151} INFO - [2023-09-14T17:38:18.003+0100] {dag.py:2915} INFO - Sync 1 DAGs
[2023-09-14T17:38:18.033+0100] {logging_mixin.py:151} INFO - [2023-09-14T17:38:18.033+0100] {dag.py:3696} INFO - Setting next_dagrun for example_params_trigger_ui to None, run_after=None
[2023-09-14T17:38:18.078+0100] {processor.py:179} INFO - Processing /home/joestar/Documents/projects/airflow_etl/airflow_env/lib/python3.8/site-packages/airflow/example_dags/example_params_trigger_ui.py took 0.237 seconds
[2023-09-14T17:39:22.840+0100] {processor.py:157} INFO - Started process (PID=33018) to work on /home/joestar/Documents/projects/airflow_etl/airflow_env/lib/python3.8/site-packages/airflow/example_dags/example_params_trigger_ui.py
[2023-09-14T17:39:22.841+0100] {processor.py:829} INFO - Processing file /home/joestar/Documents/projects/airflow_etl/airflow_env/lib/python3.8/site-packages/airflow/example_dags/example_params_trigger_ui.py for tasks to queue
[2023-09-14T17:39:22.843+0100] {logging_mixin.py:151} INFO - [2023-09-14T17:39:22.842+0100] {dagbag.py:539} INFO - Filling up the DagBag from /home/joestar/Documents/projects/airflow_etl/airflow_env/lib/python3.8/site-packages/airflow/example_dags/example_params_trigger_ui.py
[2023-09-14T17:39:22.863+0100] {processor.py:839} INFO - DAG(s) dict_keys(['example_params_trigger_ui']) retrieved from /home/joestar/Documents/projects/airflow_etl/airflow_env/lib/python3.8/site-packages/airflow/example_dags/example_params_trigger_ui.py
[2023-09-14T17:39:22.904+0100] {logging_mixin.py:151} INFO - [2023-09-14T17:39:22.904+0100] {dag.py:2915} INFO - Sync 1 DAGs
[2023-09-14T17:39:22.914+0100] {logging_mixin.py:151} INFO - [2023-09-14T17:39:22.913+0100] {dag.py:3696} INFO - Setting next_dagrun for example_params_trigger_ui to None, run_after=None
[2023-09-14T17:39:22.945+0100] {processor.py:179} INFO - Processing /home/joestar/Documents/projects/airflow_etl/airflow_env/lib/python3.8/site-packages/airflow/example_dags/example_params_trigger_ui.py took 0.109 seconds
[2023-09-14T17:40:24.472+0100] {processor.py:157} INFO - Started process (PID=33370) to work on /home/joestar/Documents/projects/airflow_etl/airflow_env/lib/python3.8/site-packages/airflow/example_dags/example_params_trigger_ui.py
[2023-09-14T17:40:24.473+0100] {processor.py:829} INFO - Processing file /home/joestar/Documents/projects/airflow_etl/airflow_env/lib/python3.8/site-packages/airflow/example_dags/example_params_trigger_ui.py for tasks to queue
[2023-09-14T17:40:24.474+0100] {logging_mixin.py:151} INFO - [2023-09-14T17:40:24.473+0100] {dagbag.py:539} INFO - Filling up the DagBag from /home/joestar/Documents/projects/airflow_etl/airflow_env/lib/python3.8/site-packages/airflow/example_dags/example_params_trigger_ui.py
[2023-09-14T17:40:24.495+0100] {processor.py:839} INFO - DAG(s) dict_keys(['example_params_trigger_ui']) retrieved from /home/joestar/Documents/projects/airflow_etl/airflow_env/lib/python3.8/site-packages/airflow/example_dags/example_params_trigger_ui.py
[2023-09-14T17:40:24.553+0100] {logging_mixin.py:151} INFO - [2023-09-14T17:40:24.553+0100] {dag.py:2915} INFO - Sync 1 DAGs
[2023-09-14T17:40:24.562+0100] {logging_mixin.py:151} INFO - [2023-09-14T17:40:24.562+0100] {dag.py:3696} INFO - Setting next_dagrun for example_params_trigger_ui to None, run_after=None
[2023-09-14T17:40:24.599+0100] {processor.py:179} INFO - Processing /home/joestar/Documents/projects/airflow_etl/airflow_env/lib/python3.8/site-packages/airflow/example_dags/example_params_trigger_ui.py took 0.131 seconds
[2023-09-14T17:41:17.632+0100] {processor.py:157} INFO - Started process (PID=33764) to work on /home/joestar/Documents/projects/airflow_etl/airflow_env/lib/python3.8/site-packages/airflow/example_dags/example_params_trigger_ui.py
[2023-09-14T17:41:17.633+0100] {processor.py:829} INFO - Processing file /home/joestar/Documents/projects/airflow_etl/airflow_env/lib/python3.8/site-packages/airflow/example_dags/example_params_trigger_ui.py for tasks to queue
[2023-09-14T17:41:17.634+0100] {logging_mixin.py:151} INFO - [2023-09-14T17:41:17.634+0100] {dagbag.py:539} INFO - Filling up the DagBag from /home/joestar/Documents/projects/airflow_etl/airflow_env/lib/python3.8/site-packages/airflow/example_dags/example_params_trigger_ui.py
[2023-09-14T17:41:17.652+0100] {processor.py:839} INFO - DAG(s) dict_keys(['example_params_trigger_ui']) retrieved from /home/joestar/Documents/projects/airflow_etl/airflow_env/lib/python3.8/site-packages/airflow/example_dags/example_params_trigger_ui.py
[2023-09-14T17:41:17.690+0100] {logging_mixin.py:151} INFO - [2023-09-14T17:41:17.690+0100] {dag.py:2915} INFO - Sync 1 DAGs
[2023-09-14T17:41:17.699+0100] {logging_mixin.py:151} INFO - [2023-09-14T17:41:17.699+0100] {dag.py:3696} INFO - Setting next_dagrun for example_params_trigger_ui to None, run_after=None
[2023-09-14T17:41:17.725+0100] {processor.py:179} INFO - Processing /home/joestar/Documents/projects/airflow_etl/airflow_env/lib/python3.8/site-packages/airflow/example_dags/example_params_trigger_ui.py took 0.097 seconds
[2023-09-14T17:42:17.054+0100] {processor.py:157} INFO - Started process (PID=34055) to work on /home/joestar/Documents/projects/airflow_etl/airflow_env/lib/python3.8/site-packages/airflow/example_dags/example_params_trigger_ui.py
[2023-09-14T17:42:17.056+0100] {processor.py:829} INFO - Processing file /home/joestar/Documents/projects/airflow_etl/airflow_env/lib/python3.8/site-packages/airflow/example_dags/example_params_trigger_ui.py for tasks to queue
[2023-09-14T17:42:17.057+0100] {logging_mixin.py:151} INFO - [2023-09-14T17:42:17.056+0100] {dagbag.py:539} INFO - Filling up the DagBag from /home/joestar/Documents/projects/airflow_etl/airflow_env/lib/python3.8/site-packages/airflow/example_dags/example_params_trigger_ui.py
[2023-09-14T17:42:17.099+0100] {processor.py:839} INFO - DAG(s) dict_keys(['example_params_trigger_ui']) retrieved from /home/joestar/Documents/projects/airflow_etl/airflow_env/lib/python3.8/site-packages/airflow/example_dags/example_params_trigger_ui.py
[2023-09-14T17:42:17.212+0100] {logging_mixin.py:151} INFO - [2023-09-14T17:42:17.211+0100] {dag.py:2915} INFO - Sync 1 DAGs
[2023-09-14T17:42:17.234+0100] {logging_mixin.py:151} INFO - [2023-09-14T17:42:17.233+0100] {dag.py:3696} INFO - Setting next_dagrun for example_params_trigger_ui to None, run_after=None
[2023-09-14T17:42:17.277+0100] {processor.py:179} INFO - Processing /home/joestar/Documents/projects/airflow_etl/airflow_env/lib/python3.8/site-packages/airflow/example_dags/example_params_trigger_ui.py took 0.227 seconds
[2023-09-14T17:43:02.715+0100] {processor.py:157} INFO - Started process (PID=34263) to work on /home/joestar/Documents/projects/airflow_etl/airflow_env/lib/python3.8/site-packages/airflow/example_dags/example_params_trigger_ui.py
[2023-09-14T17:43:02.717+0100] {processor.py:829} INFO - Processing file /home/joestar/Documents/projects/airflow_etl/airflow_env/lib/python3.8/site-packages/airflow/example_dags/example_params_trigger_ui.py for tasks to queue
[2023-09-14T17:43:02.718+0100] {logging_mixin.py:151} INFO - [2023-09-14T17:43:02.717+0100] {dagbag.py:539} INFO - Filling up the DagBag from /home/joestar/Documents/projects/airflow_etl/airflow_env/lib/python3.8/site-packages/airflow/example_dags/example_params_trigger_ui.py
[2023-09-14T17:43:02.738+0100] {processor.py:839} INFO - DAG(s) dict_keys(['example_params_trigger_ui']) retrieved from /home/joestar/Documents/projects/airflow_etl/airflow_env/lib/python3.8/site-packages/airflow/example_dags/example_params_trigger_ui.py
[2023-09-14T17:43:02.782+0100] {logging_mixin.py:151} INFO - [2023-09-14T17:43:02.781+0100] {dag.py:2915} INFO - Sync 1 DAGs
[2023-09-14T17:43:02.792+0100] {logging_mixin.py:151} INFO - [2023-09-14T17:43:02.792+0100] {dag.py:3696} INFO - Setting next_dagrun for example_params_trigger_ui to None, run_after=None
[2023-09-14T17:43:02.825+0100] {processor.py:179} INFO - Processing /home/joestar/Documents/projects/airflow_etl/airflow_env/lib/python3.8/site-packages/airflow/example_dags/example_params_trigger_ui.py took 0.114 seconds
[2023-09-14T17:43:59.302+0100] {processor.py:157} INFO - Started process (PID=34535) to work on /home/joestar/Documents/projects/airflow_etl/airflow_env/lib/python3.8/site-packages/airflow/example_dags/example_params_trigger_ui.py
[2023-09-14T17:43:59.304+0100] {processor.py:829} INFO - Processing file /home/joestar/Documents/projects/airflow_etl/airflow_env/lib/python3.8/site-packages/airflow/example_dags/example_params_trigger_ui.py for tasks to queue
[2023-09-14T17:43:59.305+0100] {logging_mixin.py:151} INFO - [2023-09-14T17:43:59.304+0100] {dagbag.py:539} INFO - Filling up the DagBag from /home/joestar/Documents/projects/airflow_etl/airflow_env/lib/python3.8/site-packages/airflow/example_dags/example_params_trigger_ui.py
[2023-09-14T17:43:59.333+0100] {processor.py:839} INFO - DAG(s) dict_keys(['example_params_trigger_ui']) retrieved from /home/joestar/Documents/projects/airflow_etl/airflow_env/lib/python3.8/site-packages/airflow/example_dags/example_params_trigger_ui.py
[2023-09-14T17:43:59.408+0100] {logging_mixin.py:151} INFO - [2023-09-14T17:43:59.407+0100] {dag.py:2915} INFO - Sync 1 DAGs
[2023-09-14T17:43:59.425+0100] {logging_mixin.py:151} INFO - [2023-09-14T17:43:59.424+0100] {dag.py:3696} INFO - Setting next_dagrun for example_params_trigger_ui to None, run_after=None
[2023-09-14T17:43:59.452+0100] {processor.py:179} INFO - Processing /home/joestar/Documents/projects/airflow_etl/airflow_env/lib/python3.8/site-packages/airflow/example_dags/example_params_trigger_ui.py took 0.153 seconds
[2023-09-14T17:45:02.843+0100] {processor.py:157} INFO - Started process (PID=34848) to work on /home/joestar/Documents/projects/airflow_etl/airflow_env/lib/python3.8/site-packages/airflow/example_dags/example_params_trigger_ui.py
[2023-09-14T17:45:02.844+0100] {processor.py:829} INFO - Processing file /home/joestar/Documents/projects/airflow_etl/airflow_env/lib/python3.8/site-packages/airflow/example_dags/example_params_trigger_ui.py for tasks to queue
[2023-09-14T17:45:02.845+0100] {logging_mixin.py:151} INFO - [2023-09-14T17:45:02.845+0100] {dagbag.py:539} INFO - Filling up the DagBag from /home/joestar/Documents/projects/airflow_etl/airflow_env/lib/python3.8/site-packages/airflow/example_dags/example_params_trigger_ui.py
[2023-09-14T17:45:02.863+0100] {processor.py:839} INFO - DAG(s) dict_keys(['example_params_trigger_ui']) retrieved from /home/joestar/Documents/projects/airflow_etl/airflow_env/lib/python3.8/site-packages/airflow/example_dags/example_params_trigger_ui.py
[2023-09-14T17:45:02.907+0100] {logging_mixin.py:151} INFO - [2023-09-14T17:45:02.906+0100] {dag.py:2915} INFO - Sync 1 DAGs
[2023-09-14T17:45:02.922+0100] {logging_mixin.py:151} INFO - [2023-09-14T17:45:02.922+0100] {dag.py:3696} INFO - Setting next_dagrun for example_params_trigger_ui to None, run_after=None
[2023-09-14T17:45:02.970+0100] {processor.py:179} INFO - Processing /home/joestar/Documents/projects/airflow_etl/airflow_env/lib/python3.8/site-packages/airflow/example_dags/example_params_trigger_ui.py took 0.130 seconds
[2023-09-14T17:46:02.890+0100] {processor.py:157} INFO - Started process (PID=35108) to work on /home/joestar/Documents/projects/airflow_etl/airflow_env/lib/python3.8/site-packages/airflow/example_dags/example_params_trigger_ui.py
[2023-09-14T17:46:02.895+0100] {processor.py:829} INFO - Processing file /home/joestar/Documents/projects/airflow_etl/airflow_env/lib/python3.8/site-packages/airflow/example_dags/example_params_trigger_ui.py for tasks to queue
[2023-09-14T17:46:02.896+0100] {logging_mixin.py:151} INFO - [2023-09-14T17:46:02.895+0100] {dagbag.py:539} INFO - Filling up the DagBag from /home/joestar/Documents/projects/airflow_etl/airflow_env/lib/python3.8/site-packages/airflow/example_dags/example_params_trigger_ui.py
[2023-09-14T17:46:02.940+0100] {processor.py:839} INFO - DAG(s) dict_keys(['example_params_trigger_ui']) retrieved from /home/joestar/Documents/projects/airflow_etl/airflow_env/lib/python3.8/site-packages/airflow/example_dags/example_params_trigger_ui.py
[2023-09-14T17:46:03.047+0100] {logging_mixin.py:151} INFO - [2023-09-14T17:46:03.046+0100] {dag.py:2915} INFO - Sync 1 DAGs
[2023-09-14T17:46:03.072+0100] {logging_mixin.py:151} INFO - [2023-09-14T17:46:03.071+0100] {dag.py:3696} INFO - Setting next_dagrun for example_params_trigger_ui to None, run_after=None
[2023-09-14T17:46:03.109+0100] {processor.py:179} INFO - Processing /home/joestar/Documents/projects/airflow_etl/airflow_env/lib/python3.8/site-packages/airflow/example_dags/example_params_trigger_ui.py took 0.224 seconds
[2023-09-14T17:47:10.445+0100] {processor.py:157} INFO - Started process (PID=35389) to work on /home/joestar/Documents/projects/airflow_etl/airflow_env/lib/python3.8/site-packages/airflow/example_dags/example_params_trigger_ui.py
[2023-09-14T17:47:10.446+0100] {processor.py:829} INFO - Processing file /home/joestar/Documents/projects/airflow_etl/airflow_env/lib/python3.8/site-packages/airflow/example_dags/example_params_trigger_ui.py for tasks to queue
[2023-09-14T17:47:10.448+0100] {logging_mixin.py:151} INFO - [2023-09-14T17:47:10.447+0100] {dagbag.py:539} INFO - Filling up the DagBag from /home/joestar/Documents/projects/airflow_etl/airflow_env/lib/python3.8/site-packages/airflow/example_dags/example_params_trigger_ui.py
[2023-09-14T17:47:10.476+0100] {processor.py:839} INFO - DAG(s) dict_keys(['example_params_trigger_ui']) retrieved from /home/joestar/Documents/projects/airflow_etl/airflow_env/lib/python3.8/site-packages/airflow/example_dags/example_params_trigger_ui.py
[2023-09-14T17:47:10.564+0100] {logging_mixin.py:151} INFO - [2023-09-14T17:47:10.564+0100] {dag.py:2915} INFO - Sync 1 DAGs
[2023-09-14T17:47:10.583+0100] {logging_mixin.py:151} INFO - [2023-09-14T17:47:10.583+0100] {dag.py:3696} INFO - Setting next_dagrun for example_params_trigger_ui to None, run_after=None
[2023-09-14T17:47:10.617+0100] {processor.py:179} INFO - Processing /home/joestar/Documents/projects/airflow_etl/airflow_env/lib/python3.8/site-packages/airflow/example_dags/example_params_trigger_ui.py took 0.177 seconds
[2023-09-14T17:48:04.326+0100] {processor.py:157} INFO - Started process (PID=35599) to work on /home/joestar/Documents/projects/airflow_etl/airflow_env/lib/python3.8/site-packages/airflow/example_dags/example_params_trigger_ui.py
[2023-09-14T17:48:04.329+0100] {processor.py:829} INFO - Processing file /home/joestar/Documents/projects/airflow_etl/airflow_env/lib/python3.8/site-packages/airflow/example_dags/example_params_trigger_ui.py for tasks to queue
[2023-09-14T17:48:04.331+0100] {logging_mixin.py:151} INFO - [2023-09-14T17:48:04.330+0100] {dagbag.py:539} INFO - Filling up the DagBag from /home/joestar/Documents/projects/airflow_etl/airflow_env/lib/python3.8/site-packages/airflow/example_dags/example_params_trigger_ui.py
[2023-09-14T17:48:04.366+0100] {processor.py:839} INFO - DAG(s) dict_keys(['example_params_trigger_ui']) retrieved from /home/joestar/Documents/projects/airflow_etl/airflow_env/lib/python3.8/site-packages/airflow/example_dags/example_params_trigger_ui.py
[2023-09-14T17:48:04.485+0100] {logging_mixin.py:151} INFO - [2023-09-14T17:48:04.485+0100] {dag.py:2915} INFO - Sync 1 DAGs
[2023-09-14T17:48:04.505+0100] {logging_mixin.py:151} INFO - [2023-09-14T17:48:04.505+0100] {dag.py:3696} INFO - Setting next_dagrun for example_params_trigger_ui to None, run_after=None
[2023-09-14T17:48:04.544+0100] {processor.py:179} INFO - Processing /home/joestar/Documents/projects/airflow_etl/airflow_env/lib/python3.8/site-packages/airflow/example_dags/example_params_trigger_ui.py took 0.224 seconds
[2023-09-14T17:48:59.883+0100] {processor.py:157} INFO - Started process (PID=35811) to work on /home/joestar/Documents/projects/airflow_etl/airflow_env/lib/python3.8/site-packages/airflow/example_dags/example_params_trigger_ui.py
[2023-09-14T17:48:59.884+0100] {processor.py:829} INFO - Processing file /home/joestar/Documents/projects/airflow_etl/airflow_env/lib/python3.8/site-packages/airflow/example_dags/example_params_trigger_ui.py for tasks to queue
[2023-09-14T17:48:59.885+0100] {logging_mixin.py:151} INFO - [2023-09-14T17:48:59.885+0100] {dagbag.py:539} INFO - Filling up the DagBag from /home/joestar/Documents/projects/airflow_etl/airflow_env/lib/python3.8/site-packages/airflow/example_dags/example_params_trigger_ui.py
[2023-09-14T17:48:59.901+0100] {processor.py:839} INFO - DAG(s) dict_keys(['example_params_trigger_ui']) retrieved from /home/joestar/Documents/projects/airflow_etl/airflow_env/lib/python3.8/site-packages/airflow/example_dags/example_params_trigger_ui.py
[2023-09-14T17:48:59.947+0100] {logging_mixin.py:151} INFO - [2023-09-14T17:48:59.946+0100] {dag.py:2915} INFO - Sync 1 DAGs
[2023-09-14T17:48:59.958+0100] {logging_mixin.py:151} INFO - [2023-09-14T17:48:59.958+0100] {dag.py:3696} INFO - Setting next_dagrun for example_params_trigger_ui to None, run_after=None
[2023-09-14T17:48:59.987+0100] {processor.py:179} INFO - Processing /home/joestar/Documents/projects/airflow_etl/airflow_env/lib/python3.8/site-packages/airflow/example_dags/example_params_trigger_ui.py took 0.107 seconds
[2023-09-14T17:49:50.888+0100] {processor.py:157} INFO - Started process (PID=36010) to work on /home/joestar/Documents/projects/airflow_etl/airflow_env/lib/python3.8/site-packages/airflow/example_dags/example_params_trigger_ui.py
[2023-09-14T17:49:50.889+0100] {processor.py:829} INFO - Processing file /home/joestar/Documents/projects/airflow_etl/airflow_env/lib/python3.8/site-packages/airflow/example_dags/example_params_trigger_ui.py for tasks to queue
[2023-09-14T17:49:50.890+0100] {logging_mixin.py:151} INFO - [2023-09-14T17:49:50.890+0100] {dagbag.py:539} INFO - Filling up the DagBag from /home/joestar/Documents/projects/airflow_etl/airflow_env/lib/python3.8/site-packages/airflow/example_dags/example_params_trigger_ui.py
[2023-09-14T17:49:50.916+0100] {processor.py:839} INFO - DAG(s) dict_keys(['example_params_trigger_ui']) retrieved from /home/joestar/Documents/projects/airflow_etl/airflow_env/lib/python3.8/site-packages/airflow/example_dags/example_params_trigger_ui.py
[2023-09-14T17:49:51.011+0100] {logging_mixin.py:151} INFO - [2023-09-14T17:49:51.010+0100] {dag.py:2915} INFO - Sync 1 DAGs
[2023-09-14T17:49:51.031+0100] {logging_mixin.py:151} INFO - [2023-09-14T17:49:51.030+0100] {dag.py:3696} INFO - Setting next_dagrun for example_params_trigger_ui to None, run_after=None
[2023-09-14T17:49:51.072+0100] {processor.py:179} INFO - Processing /home/joestar/Documents/projects/airflow_etl/airflow_env/lib/python3.8/site-packages/airflow/example_dags/example_params_trigger_ui.py took 0.190 seconds
[2023-09-14T17:50:52.034+0100] {processor.py:157} INFO - Started process (PID=36301) to work on /home/joestar/Documents/projects/airflow_etl/airflow_env/lib/python3.8/site-packages/airflow/example_dags/example_params_trigger_ui.py
[2023-09-14T17:50:52.036+0100] {processor.py:829} INFO - Processing file /home/joestar/Documents/projects/airflow_etl/airflow_env/lib/python3.8/site-packages/airflow/example_dags/example_params_trigger_ui.py for tasks to queue
[2023-09-14T17:50:52.037+0100] {logging_mixin.py:151} INFO - [2023-09-14T17:50:52.036+0100] {dagbag.py:539} INFO - Filling up the DagBag from /home/joestar/Documents/projects/airflow_etl/airflow_env/lib/python3.8/site-packages/airflow/example_dags/example_params_trigger_ui.py
[2023-09-14T17:50:52.062+0100] {processor.py:839} INFO - DAG(s) dict_keys(['example_params_trigger_ui']) retrieved from /home/joestar/Documents/projects/airflow_etl/airflow_env/lib/python3.8/site-packages/airflow/example_dags/example_params_trigger_ui.py
[2023-09-14T17:50:52.137+0100] {logging_mixin.py:151} INFO - [2023-09-14T17:50:52.137+0100] {dag.py:2915} INFO - Sync 1 DAGs
[2023-09-14T17:50:52.157+0100] {logging_mixin.py:151} INFO - [2023-09-14T17:50:52.157+0100] {dag.py:3696} INFO - Setting next_dagrun for example_params_trigger_ui to None, run_after=None
[2023-09-14T17:50:52.193+0100] {processor.py:179} INFO - Processing /home/joestar/Documents/projects/airflow_etl/airflow_env/lib/python3.8/site-packages/airflow/example_dags/example_params_trigger_ui.py took 0.162 seconds
[2023-09-14T17:51:49.491+0100] {processor.py:157} INFO - Started process (PID=36557) to work on /home/joestar/Documents/projects/airflow_etl/airflow_env/lib/python3.8/site-packages/airflow/example_dags/example_params_trigger_ui.py
[2023-09-14T17:51:49.492+0100] {processor.py:829} INFO - Processing file /home/joestar/Documents/projects/airflow_etl/airflow_env/lib/python3.8/site-packages/airflow/example_dags/example_params_trigger_ui.py for tasks to queue
[2023-09-14T17:51:49.493+0100] {logging_mixin.py:151} INFO - [2023-09-14T17:51:49.493+0100] {dagbag.py:539} INFO - Filling up the DagBag from /home/joestar/Documents/projects/airflow_etl/airflow_env/lib/python3.8/site-packages/airflow/example_dags/example_params_trigger_ui.py
[2023-09-14T17:51:49.524+0100] {processor.py:839} INFO - DAG(s) dict_keys(['example_params_trigger_ui']) retrieved from /home/joestar/Documents/projects/airflow_etl/airflow_env/lib/python3.8/site-packages/airflow/example_dags/example_params_trigger_ui.py
[2023-09-14T17:51:49.614+0100] {logging_mixin.py:151} INFO - [2023-09-14T17:51:49.614+0100] {dag.py:2915} INFO - Sync 1 DAGs
[2023-09-14T17:51:49.634+0100] {logging_mixin.py:151} INFO - [2023-09-14T17:51:49.633+0100] {dag.py:3696} INFO - Setting next_dagrun for example_params_trigger_ui to None, run_after=None
[2023-09-14T17:51:49.668+0100] {processor.py:179} INFO - Processing /home/joestar/Documents/projects/airflow_etl/airflow_env/lib/python3.8/site-packages/airflow/example_dags/example_params_trigger_ui.py took 0.182 seconds
[2023-09-14T17:52:46.608+0100] {processor.py:157} INFO - Started process (PID=36816) to work on /home/joestar/Documents/projects/airflow_etl/airflow_env/lib/python3.8/site-packages/airflow/example_dags/example_params_trigger_ui.py
[2023-09-14T17:52:46.609+0100] {processor.py:829} INFO - Processing file /home/joestar/Documents/projects/airflow_etl/airflow_env/lib/python3.8/site-packages/airflow/example_dags/example_params_trigger_ui.py for tasks to queue
[2023-09-14T17:52:46.609+0100] {logging_mixin.py:151} INFO - [2023-09-14T17:52:46.609+0100] {dagbag.py:539} INFO - Filling up the DagBag from /home/joestar/Documents/projects/airflow_etl/airflow_env/lib/python3.8/site-packages/airflow/example_dags/example_params_trigger_ui.py
[2023-09-14T17:52:46.624+0100] {processor.py:839} INFO - DAG(s) dict_keys(['example_params_trigger_ui']) retrieved from /home/joestar/Documents/projects/airflow_etl/airflow_env/lib/python3.8/site-packages/airflow/example_dags/example_params_trigger_ui.py
[2023-09-14T17:52:46.679+0100] {logging_mixin.py:151} INFO - [2023-09-14T17:52:46.679+0100] {dag.py:2915} INFO - Sync 1 DAGs
[2023-09-14T17:52:46.691+0100] {logging_mixin.py:151} INFO - [2023-09-14T17:52:46.690+0100] {dag.py:3696} INFO - Setting next_dagrun for example_params_trigger_ui to None, run_after=None
[2023-09-14T17:52:46.720+0100] {processor.py:179} INFO - Processing /home/joestar/Documents/projects/airflow_etl/airflow_env/lib/python3.8/site-packages/airflow/example_dags/example_params_trigger_ui.py took 0.115 seconds
[2023-09-14T18:03:24.390+0100] {processor.py:157} INFO - Started process (PID=38810) to work on /home/joestar/Documents/projects/airflow_etl/airflow_env/lib/python3.8/site-packages/airflow/example_dags/example_params_trigger_ui.py
[2023-09-14T18:03:24.391+0100] {processor.py:829} INFO - Processing file /home/joestar/Documents/projects/airflow_etl/airflow_env/lib/python3.8/site-packages/airflow/example_dags/example_params_trigger_ui.py for tasks to queue
[2023-09-14T18:03:24.392+0100] {logging_mixin.py:151} INFO - [2023-09-14T18:03:24.392+0100] {dagbag.py:539} INFO - Filling up the DagBag from /home/joestar/Documents/projects/airflow_etl/airflow_env/lib/python3.8/site-packages/airflow/example_dags/example_params_trigger_ui.py
[2023-09-14T18:03:24.421+0100] {processor.py:839} INFO - DAG(s) dict_keys(['example_params_trigger_ui']) retrieved from /home/joestar/Documents/projects/airflow_etl/airflow_env/lib/python3.8/site-packages/airflow/example_dags/example_params_trigger_ui.py
[2023-09-14T18:03:24.499+0100] {logging_mixin.py:151} INFO - [2023-09-14T18:03:24.498+0100] {dag.py:2915} INFO - Sync 1 DAGs
[2023-09-14T18:03:24.514+0100] {logging_mixin.py:151} INFO - [2023-09-14T18:03:24.513+0100] {dag.py:3696} INFO - Setting next_dagrun for example_params_trigger_ui to None, run_after=None
[2023-09-14T18:03:24.558+0100] {processor.py:179} INFO - Processing /home/joestar/Documents/projects/airflow_etl/airflow_env/lib/python3.8/site-packages/airflow/example_dags/example_params_trigger_ui.py took 0.171 seconds
[2023-09-14T18:04:16.011+0100] {processor.py:157} INFO - Started process (PID=39015) to work on /home/joestar/Documents/projects/airflow_etl/airflow_env/lib/python3.8/site-packages/airflow/example_dags/example_params_trigger_ui.py
[2023-09-14T18:04:16.012+0100] {processor.py:829} INFO - Processing file /home/joestar/Documents/projects/airflow_etl/airflow_env/lib/python3.8/site-packages/airflow/example_dags/example_params_trigger_ui.py for tasks to queue
[2023-09-14T18:04:16.013+0100] {logging_mixin.py:151} INFO - [2023-09-14T18:04:16.013+0100] {dagbag.py:539} INFO - Filling up the DagBag from /home/joestar/Documents/projects/airflow_etl/airflow_env/lib/python3.8/site-packages/airflow/example_dags/example_params_trigger_ui.py
[2023-09-14T18:04:16.033+0100] {processor.py:839} INFO - DAG(s) dict_keys(['example_params_trigger_ui']) retrieved from /home/joestar/Documents/projects/airflow_etl/airflow_env/lib/python3.8/site-packages/airflow/example_dags/example_params_trigger_ui.py
[2023-09-14T18:04:16.101+0100] {logging_mixin.py:151} INFO - [2023-09-14T18:04:16.100+0100] {dag.py:2915} INFO - Sync 1 DAGs
[2023-09-14T18:04:16.115+0100] {logging_mixin.py:151} INFO - [2023-09-14T18:04:16.115+0100] {dag.py:3696} INFO - Setting next_dagrun for example_params_trigger_ui to None, run_after=None
[2023-09-14T18:04:16.142+0100] {processor.py:179} INFO - Processing /home/joestar/Documents/projects/airflow_etl/airflow_env/lib/python3.8/site-packages/airflow/example_dags/example_params_trigger_ui.py took 0.135 seconds
