[2023-09-14T17:12:36.676+0100] {processor.py:157} INFO - Started process (PID=24457) to work on /home/joestar/Documents/projects/airflow_etl/airflow_env/lib/python3.8/site-packages/airflow/example_dags/example_short_circuit_operator.py
[2023-09-14T17:12:36.678+0100] {processor.py:829} INFO - Processing file /home/joestar/Documents/projects/airflow_etl/airflow_env/lib/python3.8/site-packages/airflow/example_dags/example_short_circuit_operator.py for tasks to queue
[2023-09-14T17:12:36.680+0100] {logging_mixin.py:151} INFO - [2023-09-14T17:12:36.679+0100] {dagbag.py:539} INFO - Filling up the DagBag from /home/joestar/Documents/projects/airflow_etl/airflow_env/lib/python3.8/site-packages/airflow/example_dags/example_short_circuit_operator.py
[2023-09-14T17:12:36.692+0100] {processor.py:839} INFO - DAG(s) dict_keys(['example_short_circuit_operator']) retrieved from /home/joestar/Documents/projects/airflow_etl/airflow_env/lib/python3.8/site-packages/airflow/example_dags/example_short_circuit_operator.py
[2023-09-14T17:12:36.797+0100] {logging_mixin.py:151} INFO - [2023-09-14T17:12:36.796+0100] {manager.py:499} INFO - Created Permission View: %s
[2023-09-14T17:12:36.827+0100] {logging_mixin.py:151} INFO - [2023-09-14T17:12:36.826+0100] {manager.py:499} INFO - Created Permission View: %s
[2023-09-14T17:12:36.844+0100] {logging_mixin.py:151} INFO - [2023-09-14T17:12:36.843+0100] {manager.py:499} INFO - Created Permission View: %s
[2023-09-14T17:12:36.845+0100] {logging_mixin.py:151} INFO - [2023-09-14T17:12:36.845+0100] {security.py:708} INFO - Not syncing DAG-level permissions for DAG 'DAG:example_short_circuit_operator' as access control is unset.
[2023-09-14T17:12:36.846+0100] {logging_mixin.py:151} INFO - [2023-09-14T17:12:36.846+0100] {dag.py:2915} INFO - Sync 1 DAGs
[2023-09-14T17:12:36.868+0100] {logging_mixin.py:151} INFO - [2023-09-14T17:12:36.868+0100] {dag.py:2937} INFO - Creating ORM DAG for example_short_circuit_operator
[2023-09-14T17:12:36.879+0100] {logging_mixin.py:151} INFO - [2023-09-14T17:12:36.879+0100] {dag.py:3696} INFO - Setting next_dagrun for example_short_circuit_operator to 2023-09-13T16:12:36.878822+00:00, run_after=2023-09-14T16:12:36.878822+00:00
[2023-09-14T17:12:36.911+0100] {processor.py:179} INFO - Processing /home/joestar/Documents/projects/airflow_etl/airflow_env/lib/python3.8/site-packages/airflow/example_dags/example_short_circuit_operator.py took 0.239 seconds
[2023-09-14T17:13:28.175+0100] {processor.py:157} INFO - Started process (PID=24861) to work on /home/joestar/Documents/projects/airflow_etl/airflow_env/lib/python3.8/site-packages/airflow/example_dags/example_short_circuit_operator.py
[2023-09-14T17:13:28.177+0100] {processor.py:829} INFO - Processing file /home/joestar/Documents/projects/airflow_etl/airflow_env/lib/python3.8/site-packages/airflow/example_dags/example_short_circuit_operator.py for tasks to queue
[2023-09-14T17:13:28.178+0100] {logging_mixin.py:151} INFO - [2023-09-14T17:13:28.178+0100] {dagbag.py:539} INFO - Filling up the DagBag from /home/joestar/Documents/projects/airflow_etl/airflow_env/lib/python3.8/site-packages/airflow/example_dags/example_short_circuit_operator.py
[2023-09-14T17:13:28.199+0100] {processor.py:839} INFO - DAG(s) dict_keys(['example_short_circuit_operator']) retrieved from /home/joestar/Documents/projects/airflow_etl/airflow_env/lib/python3.8/site-packages/airflow/example_dags/example_short_circuit_operator.py
[2023-09-14T17:13:28.231+0100] {logging_mixin.py:151} INFO - [2023-09-14T17:13:28.230+0100] {dag.py:2915} INFO - Sync 1 DAGs
[2023-09-14T17:13:28.264+0100] {logging_mixin.py:151} INFO - [2023-09-14T17:13:28.264+0100] {dag.py:3696} INFO - Setting next_dagrun for example_short_circuit_operator to 2023-09-13T16:13:28.263942+00:00, run_after=2023-09-14T16:13:28.263942+00:00
[2023-09-14T17:13:28.300+0100] {processor.py:179} INFO - Processing /home/joestar/Documents/projects/airflow_etl/airflow_env/lib/python3.8/site-packages/airflow/example_dags/example_short_circuit_operator.py took 0.129 seconds
[2023-09-14T17:14:25.456+0100] {processor.py:157} INFO - Started process (PID=25233) to work on /home/joestar/Documents/projects/airflow_etl/airflow_env/lib/python3.8/site-packages/airflow/example_dags/example_short_circuit_operator.py
[2023-09-14T17:14:25.459+0100] {processor.py:829} INFO - Processing file /home/joestar/Documents/projects/airflow_etl/airflow_env/lib/python3.8/site-packages/airflow/example_dags/example_short_circuit_operator.py for tasks to queue
[2023-09-14T17:14:25.461+0100] {logging_mixin.py:151} INFO - [2023-09-14T17:14:25.460+0100] {dagbag.py:539} INFO - Filling up the DagBag from /home/joestar/Documents/projects/airflow_etl/airflow_env/lib/python3.8/site-packages/airflow/example_dags/example_short_circuit_operator.py
[2023-09-14T17:14:25.477+0100] {processor.py:839} INFO - DAG(s) dict_keys(['example_short_circuit_operator']) retrieved from /home/joestar/Documents/projects/airflow_etl/airflow_env/lib/python3.8/site-packages/airflow/example_dags/example_short_circuit_operator.py
[2023-09-14T17:14:25.498+0100] {logging_mixin.py:151} INFO - [2023-09-14T17:14:25.498+0100] {dag.py:2915} INFO - Sync 1 DAGs
[2023-09-14T17:14:25.519+0100] {logging_mixin.py:151} INFO - [2023-09-14T17:14:25.519+0100] {dag.py:3696} INFO - Setting next_dagrun for example_short_circuit_operator to 2023-09-13T16:14:25.518930+00:00, run_after=2023-09-14T16:14:25.518930+00:00
[2023-09-14T17:14:25.550+0100] {processor.py:179} INFO - Processing /home/joestar/Documents/projects/airflow_etl/airflow_env/lib/python3.8/site-packages/airflow/example_dags/example_short_circuit_operator.py took 0.099 seconds
[2023-09-14T17:15:24.077+0100] {processor.py:157} INFO - Started process (PID=25906) to work on /home/joestar/Documents/projects/airflow_etl/airflow_env/lib/python3.8/site-packages/airflow/example_dags/example_short_circuit_operator.py
[2023-09-14T17:15:24.079+0100] {processor.py:829} INFO - Processing file /home/joestar/Documents/projects/airflow_etl/airflow_env/lib/python3.8/site-packages/airflow/example_dags/example_short_circuit_operator.py for tasks to queue
[2023-09-14T17:15:24.080+0100] {logging_mixin.py:151} INFO - [2023-09-14T17:15:24.080+0100] {dagbag.py:539} INFO - Filling up the DagBag from /home/joestar/Documents/projects/airflow_etl/airflow_env/lib/python3.8/site-packages/airflow/example_dags/example_short_circuit_operator.py
[2023-09-14T17:15:24.097+0100] {processor.py:839} INFO - DAG(s) dict_keys(['example_short_circuit_operator']) retrieved from /home/joestar/Documents/projects/airflow_etl/airflow_env/lib/python3.8/site-packages/airflow/example_dags/example_short_circuit_operator.py
[2023-09-14T17:15:24.149+0100] {logging_mixin.py:151} INFO - [2023-09-14T17:15:24.149+0100] {dag.py:2915} INFO - Sync 1 DAGs
[2023-09-14T17:15:24.185+0100] {logging_mixin.py:151} INFO - [2023-09-14T17:15:24.185+0100] {dag.py:3696} INFO - Setting next_dagrun for example_short_circuit_operator to 2023-09-13T16:15:24.185015+00:00, run_after=2023-09-14T16:15:24.185015+00:00
[2023-09-14T17:15:24.245+0100] {processor.py:179} INFO - Processing /home/joestar/Documents/projects/airflow_etl/airflow_env/lib/python3.8/site-packages/airflow/example_dags/example_short_circuit_operator.py took 0.175 seconds
[2023-09-14T17:16:17.967+0100] {processor.py:157} INFO - Started process (PID=26154) to work on /home/joestar/Documents/projects/airflow_etl/airflow_env/lib/python3.8/site-packages/airflow/example_dags/example_short_circuit_operator.py
[2023-09-14T17:16:17.968+0100] {processor.py:829} INFO - Processing file /home/joestar/Documents/projects/airflow_etl/airflow_env/lib/python3.8/site-packages/airflow/example_dags/example_short_circuit_operator.py for tasks to queue
[2023-09-14T17:16:17.969+0100] {logging_mixin.py:151} INFO - [2023-09-14T17:16:17.969+0100] {dagbag.py:539} INFO - Filling up the DagBag from /home/joestar/Documents/projects/airflow_etl/airflow_env/lib/python3.8/site-packages/airflow/example_dags/example_short_circuit_operator.py
[2023-09-14T17:16:17.977+0100] {processor.py:839} INFO - DAG(s) dict_keys(['example_short_circuit_operator']) retrieved from /home/joestar/Documents/projects/airflow_etl/airflow_env/lib/python3.8/site-packages/airflow/example_dags/example_short_circuit_operator.py
[2023-09-14T17:16:17.994+0100] {logging_mixin.py:151} INFO - [2023-09-14T17:16:17.994+0100] {dag.py:2915} INFO - Sync 1 DAGs
[2023-09-14T17:16:18.013+0100] {logging_mixin.py:151} INFO - [2023-09-14T17:16:18.013+0100] {dag.py:3696} INFO - Setting next_dagrun for example_short_circuit_operator to 2023-09-13T16:16:18.012889+00:00, run_after=2023-09-14T16:16:18.012889+00:00
[2023-09-14T17:16:18.056+0100] {processor.py:179} INFO - Processing /home/joestar/Documents/projects/airflow_etl/airflow_env/lib/python3.8/site-packages/airflow/example_dags/example_short_circuit_operator.py took 0.092 seconds
[2023-09-14T17:17:09.836+0100] {processor.py:157} INFO - Started process (PID=26402) to work on /home/joestar/Documents/projects/airflow_etl/airflow_env/lib/python3.8/site-packages/airflow/example_dags/example_short_circuit_operator.py
[2023-09-14T17:17:09.837+0100] {processor.py:829} INFO - Processing file /home/joestar/Documents/projects/airflow_etl/airflow_env/lib/python3.8/site-packages/airflow/example_dags/example_short_circuit_operator.py for tasks to queue
[2023-09-14T17:17:09.838+0100] {logging_mixin.py:151} INFO - [2023-09-14T17:17:09.838+0100] {dagbag.py:539} INFO - Filling up the DagBag from /home/joestar/Documents/projects/airflow_etl/airflow_env/lib/python3.8/site-packages/airflow/example_dags/example_short_circuit_operator.py
[2023-09-14T17:17:09.847+0100] {processor.py:839} INFO - DAG(s) dict_keys(['example_short_circuit_operator']) retrieved from /home/joestar/Documents/projects/airflow_etl/airflow_env/lib/python3.8/site-packages/airflow/example_dags/example_short_circuit_operator.py
[2023-09-14T17:17:09.865+0100] {logging_mixin.py:151} INFO - [2023-09-14T17:17:09.865+0100] {dag.py:2915} INFO - Sync 1 DAGs
[2023-09-14T17:17:09.886+0100] {logging_mixin.py:151} INFO - [2023-09-14T17:17:09.886+0100] {dag.py:3696} INFO - Setting next_dagrun for example_short_circuit_operator to 2023-09-13T16:17:09.886153+00:00, run_after=2023-09-14T16:17:09.886153+00:00
[2023-09-14T17:17:09.936+0100] {processor.py:179} INFO - Processing /home/joestar/Documents/projects/airflow_etl/airflow_env/lib/python3.8/site-packages/airflow/example_dags/example_short_circuit_operator.py took 0.102 seconds
[2023-09-14T17:18:00.712+0100] {processor.py:157} INFO - Started process (PID=26700) to work on /home/joestar/Documents/projects/airflow_etl/airflow_env/lib/python3.8/site-packages/airflow/example_dags/example_short_circuit_operator.py
[2023-09-14T17:18:00.713+0100] {processor.py:829} INFO - Processing file /home/joestar/Documents/projects/airflow_etl/airflow_env/lib/python3.8/site-packages/airflow/example_dags/example_short_circuit_operator.py for tasks to queue
[2023-09-14T17:18:00.714+0100] {logging_mixin.py:151} INFO - [2023-09-14T17:18:00.713+0100] {dagbag.py:539} INFO - Filling up the DagBag from /home/joestar/Documents/projects/airflow_etl/airflow_env/lib/python3.8/site-packages/airflow/example_dags/example_short_circuit_operator.py
[2023-09-14T17:18:00.724+0100] {processor.py:839} INFO - DAG(s) dict_keys(['example_short_circuit_operator']) retrieved from /home/joestar/Documents/projects/airflow_etl/airflow_env/lib/python3.8/site-packages/airflow/example_dags/example_short_circuit_operator.py
[2023-09-14T17:18:00.742+0100] {logging_mixin.py:151} INFO - [2023-09-14T17:18:00.742+0100] {dag.py:2915} INFO - Sync 1 DAGs
[2023-09-14T17:18:00.765+0100] {logging_mixin.py:151} INFO - [2023-09-14T17:18:00.765+0100] {dag.py:3696} INFO - Setting next_dagrun for example_short_circuit_operator to 2023-09-13T16:18:00.764977+00:00, run_after=2023-09-14T16:18:00.764977+00:00
[2023-09-14T17:18:00.811+0100] {processor.py:179} INFO - Processing /home/joestar/Documents/projects/airflow_etl/airflow_env/lib/python3.8/site-packages/airflow/example_dags/example_short_circuit_operator.py took 0.102 seconds
[2023-09-14T17:18:51.355+0100] {processor.py:157} INFO - Started process (PID=27123) to work on /home/joestar/Documents/projects/airflow_etl/airflow_env/lib/python3.8/site-packages/airflow/example_dags/example_short_circuit_operator.py
[2023-09-14T17:18:51.356+0100] {processor.py:829} INFO - Processing file /home/joestar/Documents/projects/airflow_etl/airflow_env/lib/python3.8/site-packages/airflow/example_dags/example_short_circuit_operator.py for tasks to queue
[2023-09-14T17:18:51.358+0100] {logging_mixin.py:151} INFO - [2023-09-14T17:18:51.357+0100] {dagbag.py:539} INFO - Filling up the DagBag from /home/joestar/Documents/projects/airflow_etl/airflow_env/lib/python3.8/site-packages/airflow/example_dags/example_short_circuit_operator.py
[2023-09-14T17:18:51.379+0100] {processor.py:839} INFO - DAG(s) dict_keys(['example_short_circuit_operator']) retrieved from /home/joestar/Documents/projects/airflow_etl/airflow_env/lib/python3.8/site-packages/airflow/example_dags/example_short_circuit_operator.py
[2023-09-14T17:18:51.428+0100] {logging_mixin.py:151} INFO - [2023-09-14T17:18:51.427+0100] {dag.py:2915} INFO - Sync 1 DAGs
[2023-09-14T17:18:51.489+0100] {logging_mixin.py:151} INFO - [2023-09-14T17:18:51.489+0100] {dag.py:3696} INFO - Setting next_dagrun for example_short_circuit_operator to 2023-09-13T16:18:51.489103+00:00, run_after=2023-09-14T16:18:51.489103+00:00
[2023-09-14T17:18:51.544+0100] {processor.py:179} INFO - Processing /home/joestar/Documents/projects/airflow_etl/airflow_env/lib/python3.8/site-packages/airflow/example_dags/example_short_circuit_operator.py took 0.198 seconds
[2023-09-14T17:19:53.441+0100] {processor.py:157} INFO - Started process (PID=27422) to work on /home/joestar/Documents/projects/airflow_etl/airflow_env/lib/python3.8/site-packages/airflow/example_dags/example_short_circuit_operator.py
[2023-09-14T17:19:53.442+0100] {processor.py:829} INFO - Processing file /home/joestar/Documents/projects/airflow_etl/airflow_env/lib/python3.8/site-packages/airflow/example_dags/example_short_circuit_operator.py for tasks to queue
[2023-09-14T17:19:53.443+0100] {logging_mixin.py:151} INFO - [2023-09-14T17:19:53.442+0100] {dagbag.py:539} INFO - Filling up the DagBag from /home/joestar/Documents/projects/airflow_etl/airflow_env/lib/python3.8/site-packages/airflow/example_dags/example_short_circuit_operator.py
[2023-09-14T17:19:53.452+0100] {processor.py:839} INFO - DAG(s) dict_keys(['example_short_circuit_operator']) retrieved from /home/joestar/Documents/projects/airflow_etl/airflow_env/lib/python3.8/site-packages/airflow/example_dags/example_short_circuit_operator.py
[2023-09-14T17:19:53.468+0100] {logging_mixin.py:151} INFO - [2023-09-14T17:19:53.468+0100] {dag.py:2915} INFO - Sync 1 DAGs
[2023-09-14T17:19:53.488+0100] {logging_mixin.py:151} INFO - [2023-09-14T17:19:53.487+0100] {dag.py:3696} INFO - Setting next_dagrun for example_short_circuit_operator to 2023-09-13T16:19:53.487526+00:00, run_after=2023-09-14T16:19:53.487526+00:00
[2023-09-14T17:19:53.539+0100] {processor.py:179} INFO - Processing /home/joestar/Documents/projects/airflow_etl/airflow_env/lib/python3.8/site-packages/airflow/example_dags/example_short_circuit_operator.py took 0.101 seconds
[2023-09-14T17:20:44.183+0100] {processor.py:157} INFO - Started process (PID=27624) to work on /home/joestar/Documents/projects/airflow_etl/airflow_env/lib/python3.8/site-packages/airflow/example_dags/example_short_circuit_operator.py
[2023-09-14T17:20:44.185+0100] {processor.py:829} INFO - Processing file /home/joestar/Documents/projects/airflow_etl/airflow_env/lib/python3.8/site-packages/airflow/example_dags/example_short_circuit_operator.py for tasks to queue
[2023-09-14T17:20:44.186+0100] {logging_mixin.py:151} INFO - [2023-09-14T17:20:44.185+0100] {dagbag.py:539} INFO - Filling up the DagBag from /home/joestar/Documents/projects/airflow_etl/airflow_env/lib/python3.8/site-packages/airflow/example_dags/example_short_circuit_operator.py
[2023-09-14T17:20:44.201+0100] {processor.py:839} INFO - DAG(s) dict_keys(['example_short_circuit_operator']) retrieved from /home/joestar/Documents/projects/airflow_etl/airflow_env/lib/python3.8/site-packages/airflow/example_dags/example_short_circuit_operator.py
[2023-09-14T17:20:44.226+0100] {logging_mixin.py:151} INFO - [2023-09-14T17:20:44.226+0100] {dag.py:2915} INFO - Sync 1 DAGs
[2023-09-14T17:20:44.256+0100] {logging_mixin.py:151} INFO - [2023-09-14T17:20:44.256+0100] {dag.py:3696} INFO - Setting next_dagrun for example_short_circuit_operator to 2023-09-13T16:20:44.255986+00:00, run_after=2023-09-14T16:20:44.255986+00:00
[2023-09-14T17:20:44.279+0100] {processor.py:179} INFO - Processing /home/joestar/Documents/projects/airflow_etl/airflow_env/lib/python3.8/site-packages/airflow/example_dags/example_short_circuit_operator.py took 0.102 seconds
[2023-09-14T17:21:35.072+0100] {processor.py:157} INFO - Started process (PID=27854) to work on /home/joestar/Documents/projects/airflow_etl/airflow_env/lib/python3.8/site-packages/airflow/example_dags/example_short_circuit_operator.py
[2023-09-14T17:21:35.073+0100] {processor.py:829} INFO - Processing file /home/joestar/Documents/projects/airflow_etl/airflow_env/lib/python3.8/site-packages/airflow/example_dags/example_short_circuit_operator.py for tasks to queue
[2023-09-14T17:21:35.074+0100] {logging_mixin.py:151} INFO - [2023-09-14T17:21:35.074+0100] {dagbag.py:539} INFO - Filling up the DagBag from /home/joestar/Documents/projects/airflow_etl/airflow_env/lib/python3.8/site-packages/airflow/example_dags/example_short_circuit_operator.py
[2023-09-14T17:21:35.084+0100] {processor.py:839} INFO - DAG(s) dict_keys(['example_short_circuit_operator']) retrieved from /home/joestar/Documents/projects/airflow_etl/airflow_env/lib/python3.8/site-packages/airflow/example_dags/example_short_circuit_operator.py
[2023-09-14T17:21:35.103+0100] {logging_mixin.py:151} INFO - [2023-09-14T17:21:35.103+0100] {dag.py:2915} INFO - Sync 1 DAGs
[2023-09-14T17:21:35.130+0100] {logging_mixin.py:151} INFO - [2023-09-14T17:21:35.130+0100] {dag.py:3696} INFO - Setting next_dagrun for example_short_circuit_operator to 2023-09-13T16:21:35.129736+00:00, run_after=2023-09-14T16:21:35.129736+00:00
[2023-09-14T17:21:35.157+0100] {processor.py:179} INFO - Processing /home/joestar/Documents/projects/airflow_etl/airflow_env/lib/python3.8/site-packages/airflow/example_dags/example_short_circuit_operator.py took 0.088 seconds
[2023-09-14T17:22:27.502+0100] {processor.py:157} INFO - Started process (PID=28075) to work on /home/joestar/Documents/projects/airflow_etl/airflow_env/lib/python3.8/site-packages/airflow/example_dags/example_short_circuit_operator.py
[2023-09-14T17:22:27.504+0100] {processor.py:829} INFO - Processing file /home/joestar/Documents/projects/airflow_etl/airflow_env/lib/python3.8/site-packages/airflow/example_dags/example_short_circuit_operator.py for tasks to queue
[2023-09-14T17:22:27.505+0100] {logging_mixin.py:151} INFO - [2023-09-14T17:22:27.505+0100] {dagbag.py:539} INFO - Filling up the DagBag from /home/joestar/Documents/projects/airflow_etl/airflow_env/lib/python3.8/site-packages/airflow/example_dags/example_short_circuit_operator.py
[2023-09-14T17:22:27.518+0100] {processor.py:839} INFO - DAG(s) dict_keys(['example_short_circuit_operator']) retrieved from /home/joestar/Documents/projects/airflow_etl/airflow_env/lib/python3.8/site-packages/airflow/example_dags/example_short_circuit_operator.py
[2023-09-14T17:22:27.542+0100] {logging_mixin.py:151} INFO - [2023-09-14T17:22:27.542+0100] {dag.py:2915} INFO - Sync 1 DAGs
[2023-09-14T17:22:27.568+0100] {logging_mixin.py:151} INFO - [2023-09-14T17:22:27.568+0100] {dag.py:3696} INFO - Setting next_dagrun for example_short_circuit_operator to 2023-09-13T16:22:27.568110+00:00, run_after=2023-09-14T16:22:27.568110+00:00
[2023-09-14T17:22:27.599+0100] {processor.py:179} INFO - Processing /home/joestar/Documents/projects/airflow_etl/airflow_env/lib/python3.8/site-packages/airflow/example_dags/example_short_circuit_operator.py took 0.100 seconds
[2023-09-14T17:23:21.928+0100] {processor.py:157} INFO - Started process (PID=28329) to work on /home/joestar/Documents/projects/airflow_etl/airflow_env/lib/python3.8/site-packages/airflow/example_dags/example_short_circuit_operator.py
[2023-09-14T17:23:21.929+0100] {processor.py:829} INFO - Processing file /home/joestar/Documents/projects/airflow_etl/airflow_env/lib/python3.8/site-packages/airflow/example_dags/example_short_circuit_operator.py for tasks to queue
[2023-09-14T17:23:21.930+0100] {logging_mixin.py:151} INFO - [2023-09-14T17:23:21.930+0100] {dagbag.py:539} INFO - Filling up the DagBag from /home/joestar/Documents/projects/airflow_etl/airflow_env/lib/python3.8/site-packages/airflow/example_dags/example_short_circuit_operator.py
[2023-09-14T17:23:21.945+0100] {processor.py:839} INFO - DAG(s) dict_keys(['example_short_circuit_operator']) retrieved from /home/joestar/Documents/projects/airflow_etl/airflow_env/lib/python3.8/site-packages/airflow/example_dags/example_short_circuit_operator.py
[2023-09-14T17:23:21.969+0100] {logging_mixin.py:151} INFO - [2023-09-14T17:23:21.969+0100] {dag.py:2915} INFO - Sync 1 DAGs
[2023-09-14T17:23:22.004+0100] {logging_mixin.py:151} INFO - [2023-09-14T17:23:22.004+0100] {dag.py:3696} INFO - Setting next_dagrun for example_short_circuit_operator to 2023-09-13T16:23:22.004002+00:00, run_after=2023-09-14T16:23:22.004002+00:00
[2023-09-14T17:23:22.043+0100] {processor.py:179} INFO - Processing /home/joestar/Documents/projects/airflow_etl/airflow_env/lib/python3.8/site-packages/airflow/example_dags/example_short_circuit_operator.py took 0.118 seconds
[2023-09-14T17:24:21.800+0100] {processor.py:157} INFO - Started process (PID=28585) to work on /home/joestar/Documents/projects/airflow_etl/airflow_env/lib/python3.8/site-packages/airflow/example_dags/example_short_circuit_operator.py
[2023-09-14T17:24:21.801+0100] {processor.py:829} INFO - Processing file /home/joestar/Documents/projects/airflow_etl/airflow_env/lib/python3.8/site-packages/airflow/example_dags/example_short_circuit_operator.py for tasks to queue
[2023-09-14T17:24:21.802+0100] {logging_mixin.py:151} INFO - [2023-09-14T17:24:21.802+0100] {dagbag.py:539} INFO - Filling up the DagBag from /home/joestar/Documents/projects/airflow_etl/airflow_env/lib/python3.8/site-packages/airflow/example_dags/example_short_circuit_operator.py
[2023-09-14T17:24:21.811+0100] {processor.py:839} INFO - DAG(s) dict_keys(['example_short_circuit_operator']) retrieved from /home/joestar/Documents/projects/airflow_etl/airflow_env/lib/python3.8/site-packages/airflow/example_dags/example_short_circuit_operator.py
[2023-09-14T17:24:21.841+0100] {logging_mixin.py:151} INFO - [2023-09-14T17:24:21.840+0100] {dag.py:2915} INFO - Sync 1 DAGs
[2023-09-14T17:24:21.867+0100] {logging_mixin.py:151} INFO - [2023-09-14T17:24:21.867+0100] {dag.py:3696} INFO - Setting next_dagrun for example_short_circuit_operator to 2023-09-13T16:24:21.867079+00:00, run_after=2023-09-14T16:24:21.867079+00:00
[2023-09-14T17:24:21.899+0100] {processor.py:179} INFO - Processing /home/joestar/Documents/projects/airflow_etl/airflow_env/lib/python3.8/site-packages/airflow/example_dags/example_short_circuit_operator.py took 0.101 seconds
[2023-09-14T17:25:19.193+0100] {processor.py:157} INFO - Started process (PID=28820) to work on /home/joestar/Documents/projects/airflow_etl/airflow_env/lib/python3.8/site-packages/airflow/example_dags/example_short_circuit_operator.py
[2023-09-14T17:25:19.194+0100] {processor.py:829} INFO - Processing file /home/joestar/Documents/projects/airflow_etl/airflow_env/lib/python3.8/site-packages/airflow/example_dags/example_short_circuit_operator.py for tasks to queue
[2023-09-14T17:25:19.195+0100] {logging_mixin.py:151} INFO - [2023-09-14T17:25:19.195+0100] {dagbag.py:539} INFO - Filling up the DagBag from /home/joestar/Documents/projects/airflow_etl/airflow_env/lib/python3.8/site-packages/airflow/example_dags/example_short_circuit_operator.py
[2023-09-14T17:25:19.208+0100] {processor.py:839} INFO - DAG(s) dict_keys(['example_short_circuit_operator']) retrieved from /home/joestar/Documents/projects/airflow_etl/airflow_env/lib/python3.8/site-packages/airflow/example_dags/example_short_circuit_operator.py
[2023-09-14T17:25:19.233+0100] {logging_mixin.py:151} INFO - [2023-09-14T17:25:19.233+0100] {dag.py:2915} INFO - Sync 1 DAGs
[2023-09-14T17:25:19.263+0100] {logging_mixin.py:151} INFO - [2023-09-14T17:25:19.263+0100] {dag.py:3696} INFO - Setting next_dagrun for example_short_circuit_operator to 2023-09-13T16:25:19.263407+00:00, run_after=2023-09-14T16:25:19.263407+00:00
[2023-09-14T17:25:19.299+0100] {processor.py:179} INFO - Processing /home/joestar/Documents/projects/airflow_etl/airflow_env/lib/python3.8/site-packages/airflow/example_dags/example_short_circuit_operator.py took 0.110 seconds
[2023-09-14T17:26:12.633+0100] {processor.py:157} INFO - Started process (PID=29058) to work on /home/joestar/Documents/projects/airflow_etl/airflow_env/lib/python3.8/site-packages/airflow/example_dags/example_short_circuit_operator.py
[2023-09-14T17:26:12.634+0100] {processor.py:829} INFO - Processing file /home/joestar/Documents/projects/airflow_etl/airflow_env/lib/python3.8/site-packages/airflow/example_dags/example_short_circuit_operator.py for tasks to queue
[2023-09-14T17:26:12.635+0100] {logging_mixin.py:151} INFO - [2023-09-14T17:26:12.635+0100] {dagbag.py:539} INFO - Filling up the DagBag from /home/joestar/Documents/projects/airflow_etl/airflow_env/lib/python3.8/site-packages/airflow/example_dags/example_short_circuit_operator.py
[2023-09-14T17:26:12.646+0100] {processor.py:839} INFO - DAG(s) dict_keys(['example_short_circuit_operator']) retrieved from /home/joestar/Documents/projects/airflow_etl/airflow_env/lib/python3.8/site-packages/airflow/example_dags/example_short_circuit_operator.py
[2023-09-14T17:26:12.666+0100] {logging_mixin.py:151} INFO - [2023-09-14T17:26:12.666+0100] {dag.py:2915} INFO - Sync 1 DAGs
[2023-09-14T17:26:12.695+0100] {logging_mixin.py:151} INFO - [2023-09-14T17:26:12.695+0100] {dag.py:3696} INFO - Setting next_dagrun for example_short_circuit_operator to 2023-09-13T16:26:12.694707+00:00, run_after=2023-09-14T16:26:12.694707+00:00
[2023-09-14T17:26:12.725+0100] {processor.py:179} INFO - Processing /home/joestar/Documents/projects/airflow_etl/airflow_env/lib/python3.8/site-packages/airflow/example_dags/example_short_circuit_operator.py took 0.095 seconds
[2023-09-14T17:27:06.115+0100] {processor.py:157} INFO - Started process (PID=29300) to work on /home/joestar/Documents/projects/airflow_etl/airflow_env/lib/python3.8/site-packages/airflow/example_dags/example_short_circuit_operator.py
[2023-09-14T17:27:06.116+0100] {processor.py:829} INFO - Processing file /home/joestar/Documents/projects/airflow_etl/airflow_env/lib/python3.8/site-packages/airflow/example_dags/example_short_circuit_operator.py for tasks to queue
[2023-09-14T17:27:06.117+0100] {logging_mixin.py:151} INFO - [2023-09-14T17:27:06.117+0100] {dagbag.py:539} INFO - Filling up the DagBag from /home/joestar/Documents/projects/airflow_etl/airflow_env/lib/python3.8/site-packages/airflow/example_dags/example_short_circuit_operator.py
[2023-09-14T17:27:06.125+0100] {processor.py:839} INFO - DAG(s) dict_keys(['example_short_circuit_operator']) retrieved from /home/joestar/Documents/projects/airflow_etl/airflow_env/lib/python3.8/site-packages/airflow/example_dags/example_short_circuit_operator.py
[2023-09-14T17:27:06.142+0100] {logging_mixin.py:151} INFO - [2023-09-14T17:27:06.142+0100] {dag.py:2915} INFO - Sync 1 DAGs
[2023-09-14T17:27:06.162+0100] {logging_mixin.py:151} INFO - [2023-09-14T17:27:06.162+0100] {dag.py:3696} INFO - Setting next_dagrun for example_short_circuit_operator to 2023-09-13T16:27:06.162106+00:00, run_after=2023-09-14T16:27:06.162106+00:00
[2023-09-14T17:27:06.192+0100] {processor.py:179} INFO - Processing /home/joestar/Documents/projects/airflow_etl/airflow_env/lib/python3.8/site-packages/airflow/example_dags/example_short_circuit_operator.py took 0.079 seconds
[2023-09-14T17:28:02.197+0100] {processor.py:157} INFO - Started process (PID=29543) to work on /home/joestar/Documents/projects/airflow_etl/airflow_env/lib/python3.8/site-packages/airflow/example_dags/example_short_circuit_operator.py
[2023-09-14T17:28:02.198+0100] {processor.py:829} INFO - Processing file /home/joestar/Documents/projects/airflow_etl/airflow_env/lib/python3.8/site-packages/airflow/example_dags/example_short_circuit_operator.py for tasks to queue
[2023-09-14T17:28:02.199+0100] {logging_mixin.py:151} INFO - [2023-09-14T17:28:02.198+0100] {dagbag.py:539} INFO - Filling up the DagBag from /home/joestar/Documents/projects/airflow_etl/airflow_env/lib/python3.8/site-packages/airflow/example_dags/example_short_circuit_operator.py
[2023-09-14T17:28:02.209+0100] {processor.py:839} INFO - DAG(s) dict_keys(['example_short_circuit_operator']) retrieved from /home/joestar/Documents/projects/airflow_etl/airflow_env/lib/python3.8/site-packages/airflow/example_dags/example_short_circuit_operator.py
[2023-09-14T17:28:02.229+0100] {logging_mixin.py:151} INFO - [2023-09-14T17:28:02.229+0100] {dag.py:2915} INFO - Sync 1 DAGs
[2023-09-14T17:28:02.252+0100] {logging_mixin.py:151} INFO - [2023-09-14T17:28:02.252+0100] {dag.py:3696} INFO - Setting next_dagrun for example_short_circuit_operator to 2023-09-13T16:28:02.251903+00:00, run_after=2023-09-14T16:28:02.251903+00:00
[2023-09-14T17:28:02.285+0100] {processor.py:179} INFO - Processing /home/joestar/Documents/projects/airflow_etl/airflow_env/lib/python3.8/site-packages/airflow/example_dags/example_short_circuit_operator.py took 0.091 seconds
[2023-09-14T17:28:54.184+0100] {processor.py:157} INFO - Started process (PID=29768) to work on /home/joestar/Documents/projects/airflow_etl/airflow_env/lib/python3.8/site-packages/airflow/example_dags/example_short_circuit_operator.py
[2023-09-14T17:28:54.185+0100] {processor.py:829} INFO - Processing file /home/joestar/Documents/projects/airflow_etl/airflow_env/lib/python3.8/site-packages/airflow/example_dags/example_short_circuit_operator.py for tasks to queue
[2023-09-14T17:28:54.186+0100] {logging_mixin.py:151} INFO - [2023-09-14T17:28:54.185+0100] {dagbag.py:539} INFO - Filling up the DagBag from /home/joestar/Documents/projects/airflow_etl/airflow_env/lib/python3.8/site-packages/airflow/example_dags/example_short_circuit_operator.py
[2023-09-14T17:28:54.194+0100] {processor.py:839} INFO - DAG(s) dict_keys(['example_short_circuit_operator']) retrieved from /home/joestar/Documents/projects/airflow_etl/airflow_env/lib/python3.8/site-packages/airflow/example_dags/example_short_circuit_operator.py
[2023-09-14T17:28:54.217+0100] {logging_mixin.py:151} INFO - [2023-09-14T17:28:54.217+0100] {dag.py:2915} INFO - Sync 1 DAGs
[2023-09-14T17:28:54.243+0100] {logging_mixin.py:151} INFO - [2023-09-14T17:28:54.243+0100] {dag.py:3696} INFO - Setting next_dagrun for example_short_circuit_operator to 2023-09-13T16:28:54.243017+00:00, run_after=2023-09-14T16:28:54.243017+00:00
[2023-09-14T17:28:54.272+0100] {processor.py:179} INFO - Processing /home/joestar/Documents/projects/airflow_etl/airflow_env/lib/python3.8/site-packages/airflow/example_dags/example_short_circuit_operator.py took 0.090 seconds
[2023-09-14T17:29:46.275+0100] {processor.py:157} INFO - Started process (PID=30019) to work on /home/joestar/Documents/projects/airflow_etl/airflow_env/lib/python3.8/site-packages/airflow/example_dags/example_short_circuit_operator.py
[2023-09-14T17:29:46.276+0100] {processor.py:829} INFO - Processing file /home/joestar/Documents/projects/airflow_etl/airflow_env/lib/python3.8/site-packages/airflow/example_dags/example_short_circuit_operator.py for tasks to queue
[2023-09-14T17:29:46.277+0100] {logging_mixin.py:151} INFO - [2023-09-14T17:29:46.276+0100] {dagbag.py:539} INFO - Filling up the DagBag from /home/joestar/Documents/projects/airflow_etl/airflow_env/lib/python3.8/site-packages/airflow/example_dags/example_short_circuit_operator.py
[2023-09-14T17:29:46.288+0100] {processor.py:839} INFO - DAG(s) dict_keys(['example_short_circuit_operator']) retrieved from /home/joestar/Documents/projects/airflow_etl/airflow_env/lib/python3.8/site-packages/airflow/example_dags/example_short_circuit_operator.py
[2023-09-14T17:29:46.314+0100] {logging_mixin.py:151} INFO - [2023-09-14T17:29:46.313+0100] {dag.py:2915} INFO - Sync 1 DAGs
[2023-09-14T17:29:46.341+0100] {logging_mixin.py:151} INFO - [2023-09-14T17:29:46.341+0100] {dag.py:3696} INFO - Setting next_dagrun for example_short_circuit_operator to 2023-09-13T16:29:46.341332+00:00, run_after=2023-09-14T16:29:46.341332+00:00
[2023-09-14T17:29:46.369+0100] {processor.py:179} INFO - Processing /home/joestar/Documents/projects/airflow_etl/airflow_env/lib/python3.8/site-packages/airflow/example_dags/example_short_circuit_operator.py took 0.098 seconds
[2023-09-14T17:30:38.853+0100] {processor.py:157} INFO - Started process (PID=30268) to work on /home/joestar/Documents/projects/airflow_etl/airflow_env/lib/python3.8/site-packages/airflow/example_dags/example_short_circuit_operator.py
[2023-09-14T17:30:38.854+0100] {processor.py:829} INFO - Processing file /home/joestar/Documents/projects/airflow_etl/airflow_env/lib/python3.8/site-packages/airflow/example_dags/example_short_circuit_operator.py for tasks to queue
[2023-09-14T17:30:38.856+0100] {logging_mixin.py:151} INFO - [2023-09-14T17:30:38.855+0100] {dagbag.py:539} INFO - Filling up the DagBag from /home/joestar/Documents/projects/airflow_etl/airflow_env/lib/python3.8/site-packages/airflow/example_dags/example_short_circuit_operator.py
[2023-09-14T17:30:38.866+0100] {processor.py:839} INFO - DAG(s) dict_keys(['example_short_circuit_operator']) retrieved from /home/joestar/Documents/projects/airflow_etl/airflow_env/lib/python3.8/site-packages/airflow/example_dags/example_short_circuit_operator.py
[2023-09-14T17:30:38.891+0100] {logging_mixin.py:151} INFO - [2023-09-14T17:30:38.891+0100] {dag.py:2915} INFO - Sync 1 DAGs
[2023-09-14T17:30:38.921+0100] {logging_mixin.py:151} INFO - [2023-09-14T17:30:38.921+0100] {dag.py:3696} INFO - Setting next_dagrun for example_short_circuit_operator to 2023-09-13T16:30:38.920681+00:00, run_after=2023-09-14T16:30:38.920681+00:00
[2023-09-14T17:30:38.965+0100] {processor.py:179} INFO - Processing /home/joestar/Documents/projects/airflow_etl/airflow_env/lib/python3.8/site-packages/airflow/example_dags/example_short_circuit_operator.py took 0.115 seconds
[2023-09-14T17:31:28.734+0100] {processor.py:157} INFO - Started process (PID=30500) to work on /home/joestar/Documents/projects/airflow_etl/airflow_env/lib/python3.8/site-packages/airflow/example_dags/example_short_circuit_operator.py
[2023-09-14T17:31:28.735+0100] {processor.py:829} INFO - Processing file /home/joestar/Documents/projects/airflow_etl/airflow_env/lib/python3.8/site-packages/airflow/example_dags/example_short_circuit_operator.py for tasks to queue
[2023-09-14T17:31:28.736+0100] {logging_mixin.py:151} INFO - [2023-09-14T17:31:28.736+0100] {dagbag.py:539} INFO - Filling up the DagBag from /home/joestar/Documents/projects/airflow_etl/airflow_env/lib/python3.8/site-packages/airflow/example_dags/example_short_circuit_operator.py
[2023-09-14T17:31:28.743+0100] {processor.py:839} INFO - DAG(s) dict_keys(['example_short_circuit_operator']) retrieved from /home/joestar/Documents/projects/airflow_etl/airflow_env/lib/python3.8/site-packages/airflow/example_dags/example_short_circuit_operator.py
[2023-09-14T17:31:28.760+0100] {logging_mixin.py:151} INFO - [2023-09-14T17:31:28.759+0100] {dag.py:2915} INFO - Sync 1 DAGs
[2023-09-14T17:31:28.778+0100] {logging_mixin.py:151} INFO - [2023-09-14T17:31:28.778+0100] {dag.py:3696} INFO - Setting next_dagrun for example_short_circuit_operator to 2023-09-13T16:31:28.778114+00:00, run_after=2023-09-14T16:31:28.778114+00:00
[2023-09-14T17:31:28.804+0100] {processor.py:179} INFO - Processing /home/joestar/Documents/projects/airflow_etl/airflow_env/lib/python3.8/site-packages/airflow/example_dags/example_short_circuit_operator.py took 0.073 seconds
[2023-09-14T17:32:20.596+0100] {processor.py:157} INFO - Started process (PID=30731) to work on /home/joestar/Documents/projects/airflow_etl/airflow_env/lib/python3.8/site-packages/airflow/example_dags/example_short_circuit_operator.py
[2023-09-14T17:32:20.598+0100] {processor.py:829} INFO - Processing file /home/joestar/Documents/projects/airflow_etl/airflow_env/lib/python3.8/site-packages/airflow/example_dags/example_short_circuit_operator.py for tasks to queue
[2023-09-14T17:32:20.599+0100] {logging_mixin.py:151} INFO - [2023-09-14T17:32:20.599+0100] {dagbag.py:539} INFO - Filling up the DagBag from /home/joestar/Documents/projects/airflow_etl/airflow_env/lib/python3.8/site-packages/airflow/example_dags/example_short_circuit_operator.py
[2023-09-14T17:32:20.613+0100] {processor.py:839} INFO - DAG(s) dict_keys(['example_short_circuit_operator']) retrieved from /home/joestar/Documents/projects/airflow_etl/airflow_env/lib/python3.8/site-packages/airflow/example_dags/example_short_circuit_operator.py
[2023-09-14T17:32:20.646+0100] {logging_mixin.py:151} INFO - [2023-09-14T17:32:20.645+0100] {dag.py:2915} INFO - Sync 1 DAGs
[2023-09-14T17:32:20.679+0100] {logging_mixin.py:151} INFO - [2023-09-14T17:32:20.679+0100] {dag.py:3696} INFO - Setting next_dagrun for example_short_circuit_operator to 2023-09-13T16:32:20.678918+00:00, run_after=2023-09-14T16:32:20.678918+00:00
[2023-09-14T17:32:20.718+0100] {processor.py:179} INFO - Processing /home/joestar/Documents/projects/airflow_etl/airflow_env/lib/python3.8/site-packages/airflow/example_dags/example_short_circuit_operator.py took 0.126 seconds
[2023-09-14T17:33:12.546+0100] {processor.py:157} INFO - Started process (PID=30970) to work on /home/joestar/Documents/projects/airflow_etl/airflow_env/lib/python3.8/site-packages/airflow/example_dags/example_short_circuit_operator.py
[2023-09-14T17:33:12.547+0100] {processor.py:829} INFO - Processing file /home/joestar/Documents/projects/airflow_etl/airflow_env/lib/python3.8/site-packages/airflow/example_dags/example_short_circuit_operator.py for tasks to queue
[2023-09-14T17:33:12.548+0100] {logging_mixin.py:151} INFO - [2023-09-14T17:33:12.548+0100] {dagbag.py:539} INFO - Filling up the DagBag from /home/joestar/Documents/projects/airflow_etl/airflow_env/lib/python3.8/site-packages/airflow/example_dags/example_short_circuit_operator.py
[2023-09-14T17:33:12.556+0100] {processor.py:839} INFO - DAG(s) dict_keys(['example_short_circuit_operator']) retrieved from /home/joestar/Documents/projects/airflow_etl/airflow_env/lib/python3.8/site-packages/airflow/example_dags/example_short_circuit_operator.py
[2023-09-14T17:33:12.576+0100] {logging_mixin.py:151} INFO - [2023-09-14T17:33:12.576+0100] {dag.py:2915} INFO - Sync 1 DAGs
[2023-09-14T17:33:12.598+0100] {logging_mixin.py:151} INFO - [2023-09-14T17:33:12.598+0100] {dag.py:3696} INFO - Setting next_dagrun for example_short_circuit_operator to 2023-09-13T16:33:12.598329+00:00, run_after=2023-09-14T16:33:12.598329+00:00
[2023-09-14T17:33:12.646+0100] {processor.py:179} INFO - Processing /home/joestar/Documents/projects/airflow_etl/airflow_env/lib/python3.8/site-packages/airflow/example_dags/example_short_circuit_operator.py took 0.104 seconds
[2023-09-14T17:34:06.923+0100] {processor.py:157} INFO - Started process (PID=31220) to work on /home/joestar/Documents/projects/airflow_etl/airflow_env/lib/python3.8/site-packages/airflow/example_dags/example_short_circuit_operator.py
[2023-09-14T17:34:06.924+0100] {processor.py:829} INFO - Processing file /home/joestar/Documents/projects/airflow_etl/airflow_env/lib/python3.8/site-packages/airflow/example_dags/example_short_circuit_operator.py for tasks to queue
[2023-09-14T17:34:06.925+0100] {logging_mixin.py:151} INFO - [2023-09-14T17:34:06.924+0100] {dagbag.py:539} INFO - Filling up the DagBag from /home/joestar/Documents/projects/airflow_etl/airflow_env/lib/python3.8/site-packages/airflow/example_dags/example_short_circuit_operator.py
[2023-09-14T17:34:06.933+0100] {processor.py:839} INFO - DAG(s) dict_keys(['example_short_circuit_operator']) retrieved from /home/joestar/Documents/projects/airflow_etl/airflow_env/lib/python3.8/site-packages/airflow/example_dags/example_short_circuit_operator.py
[2023-09-14T17:34:06.952+0100] {logging_mixin.py:151} INFO - [2023-09-14T17:34:06.951+0100] {dag.py:2915} INFO - Sync 1 DAGs
[2023-09-14T17:34:06.971+0100] {logging_mixin.py:151} INFO - [2023-09-14T17:34:06.970+0100] {dag.py:3696} INFO - Setting next_dagrun for example_short_circuit_operator to 2023-09-13T16:34:06.970631+00:00, run_after=2023-09-14T16:34:06.970631+00:00
[2023-09-14T17:34:06.995+0100] {processor.py:179} INFO - Processing /home/joestar/Documents/projects/airflow_etl/airflow_env/lib/python3.8/site-packages/airflow/example_dags/example_short_circuit_operator.py took 0.074 seconds
[2023-09-14T17:34:59.228+0100] {processor.py:157} INFO - Started process (PID=31448) to work on /home/joestar/Documents/projects/airflow_etl/airflow_env/lib/python3.8/site-packages/airflow/example_dags/example_short_circuit_operator.py
[2023-09-14T17:34:59.229+0100] {processor.py:829} INFO - Processing file /home/joestar/Documents/projects/airflow_etl/airflow_env/lib/python3.8/site-packages/airflow/example_dags/example_short_circuit_operator.py for tasks to queue
[2023-09-14T17:34:59.230+0100] {logging_mixin.py:151} INFO - [2023-09-14T17:34:59.230+0100] {dagbag.py:539} INFO - Filling up the DagBag from /home/joestar/Documents/projects/airflow_etl/airflow_env/lib/python3.8/site-packages/airflow/example_dags/example_short_circuit_operator.py
[2023-09-14T17:34:59.238+0100] {processor.py:839} INFO - DAG(s) dict_keys(['example_short_circuit_operator']) retrieved from /home/joestar/Documents/projects/airflow_etl/airflow_env/lib/python3.8/site-packages/airflow/example_dags/example_short_circuit_operator.py
[2023-09-14T17:34:59.254+0100] {logging_mixin.py:151} INFO - [2023-09-14T17:34:59.254+0100] {dag.py:2915} INFO - Sync 1 DAGs
[2023-09-14T17:34:59.273+0100] {logging_mixin.py:151} INFO - [2023-09-14T17:34:59.273+0100] {dag.py:3696} INFO - Setting next_dagrun for example_short_circuit_operator to 2023-09-13T16:34:59.273067+00:00, run_after=2023-09-14T16:34:59.273067+00:00
[2023-09-14T17:34:59.300+0100] {processor.py:179} INFO - Processing /home/joestar/Documents/projects/airflow_etl/airflow_env/lib/python3.8/site-packages/airflow/example_dags/example_short_circuit_operator.py took 0.074 seconds
[2023-09-14T17:35:49.953+0100] {processor.py:157} INFO - Started process (PID=31685) to work on /home/joestar/Documents/projects/airflow_etl/airflow_env/lib/python3.8/site-packages/airflow/example_dags/example_short_circuit_operator.py
[2023-09-14T17:35:49.954+0100] {processor.py:829} INFO - Processing file /home/joestar/Documents/projects/airflow_etl/airflow_env/lib/python3.8/site-packages/airflow/example_dags/example_short_circuit_operator.py for tasks to queue
[2023-09-14T17:35:49.955+0100] {logging_mixin.py:151} INFO - [2023-09-14T17:35:49.955+0100] {dagbag.py:539} INFO - Filling up the DagBag from /home/joestar/Documents/projects/airflow_etl/airflow_env/lib/python3.8/site-packages/airflow/example_dags/example_short_circuit_operator.py
[2023-09-14T17:35:49.966+0100] {processor.py:839} INFO - DAG(s) dict_keys(['example_short_circuit_operator']) retrieved from /home/joestar/Documents/projects/airflow_etl/airflow_env/lib/python3.8/site-packages/airflow/example_dags/example_short_circuit_operator.py
[2023-09-14T17:35:49.984+0100] {logging_mixin.py:151} INFO - [2023-09-14T17:35:49.984+0100] {dag.py:2915} INFO - Sync 1 DAGs
[2023-09-14T17:35:50.011+0100] {logging_mixin.py:151} INFO - [2023-09-14T17:35:50.011+0100] {dag.py:3696} INFO - Setting next_dagrun for example_short_circuit_operator to 2023-09-13T16:35:50.011132+00:00, run_after=2023-09-14T16:35:50.011132+00:00
[2023-09-14T17:35:50.042+0100] {processor.py:179} INFO - Processing /home/joestar/Documents/projects/airflow_etl/airflow_env/lib/python3.8/site-packages/airflow/example_dags/example_short_circuit_operator.py took 0.092 seconds
[2023-09-14T17:36:42.030+0100] {processor.py:157} INFO - Started process (PID=31923) to work on /home/joestar/Documents/projects/airflow_etl/airflow_env/lib/python3.8/site-packages/airflow/example_dags/example_short_circuit_operator.py
[2023-09-14T17:36:42.031+0100] {processor.py:829} INFO - Processing file /home/joestar/Documents/projects/airflow_etl/airflow_env/lib/python3.8/site-packages/airflow/example_dags/example_short_circuit_operator.py for tasks to queue
[2023-09-14T17:36:42.032+0100] {logging_mixin.py:151} INFO - [2023-09-14T17:36:42.031+0100] {dagbag.py:539} INFO - Filling up the DagBag from /home/joestar/Documents/projects/airflow_etl/airflow_env/lib/python3.8/site-packages/airflow/example_dags/example_short_circuit_operator.py
[2023-09-14T17:36:42.039+0100] {processor.py:839} INFO - DAG(s) dict_keys(['example_short_circuit_operator']) retrieved from /home/joestar/Documents/projects/airflow_etl/airflow_env/lib/python3.8/site-packages/airflow/example_dags/example_short_circuit_operator.py
[2023-09-14T17:36:42.056+0100] {logging_mixin.py:151} INFO - [2023-09-14T17:36:42.056+0100] {dag.py:2915} INFO - Sync 1 DAGs
[2023-09-14T17:36:42.074+0100] {logging_mixin.py:151} INFO - [2023-09-14T17:36:42.074+0100] {dag.py:3696} INFO - Setting next_dagrun for example_short_circuit_operator to 2023-09-13T16:36:42.074523+00:00, run_after=2023-09-14T16:36:42.074523+00:00
[2023-09-14T17:36:42.100+0100] {processor.py:179} INFO - Processing /home/joestar/Documents/projects/airflow_etl/airflow_env/lib/python3.8/site-packages/airflow/example_dags/example_short_circuit_operator.py took 0.073 seconds
[2023-09-14T17:37:37.405+0100] {processor.py:157} INFO - Started process (PID=32211) to work on /home/joestar/Documents/projects/airflow_etl/airflow_env/lib/python3.8/site-packages/airflow/example_dags/example_short_circuit_operator.py
[2023-09-14T17:37:37.406+0100] {processor.py:829} INFO - Processing file /home/joestar/Documents/projects/airflow_etl/airflow_env/lib/python3.8/site-packages/airflow/example_dags/example_short_circuit_operator.py for tasks to queue
[2023-09-14T17:37:37.408+0100] {logging_mixin.py:151} INFO - [2023-09-14T17:37:37.407+0100] {dagbag.py:539} INFO - Filling up the DagBag from /home/joestar/Documents/projects/airflow_etl/airflow_env/lib/python3.8/site-packages/airflow/example_dags/example_short_circuit_operator.py
[2023-09-14T17:37:37.419+0100] {processor.py:839} INFO - DAG(s) dict_keys(['example_short_circuit_operator']) retrieved from /home/joestar/Documents/projects/airflow_etl/airflow_env/lib/python3.8/site-packages/airflow/example_dags/example_short_circuit_operator.py
[2023-09-14T17:37:37.445+0100] {logging_mixin.py:151} INFO - [2023-09-14T17:37:37.445+0100] {dag.py:2915} INFO - Sync 1 DAGs
[2023-09-14T17:37:37.481+0100] {logging_mixin.py:151} INFO - [2023-09-14T17:37:37.480+0100] {dag.py:3696} INFO - Setting next_dagrun for example_short_circuit_operator to 2023-09-13T16:37:37.480688+00:00, run_after=2023-09-14T16:37:37.480688+00:00
[2023-09-14T17:37:37.513+0100] {processor.py:179} INFO - Processing /home/joestar/Documents/projects/airflow_etl/airflow_env/lib/python3.8/site-packages/airflow/example_dags/example_short_circuit_operator.py took 0.112 seconds
[2023-09-14T17:38:34.032+0100] {processor.py:157} INFO - Started process (PID=32698) to work on /home/joestar/Documents/projects/airflow_etl/airflow_env/lib/python3.8/site-packages/airflow/example_dags/example_short_circuit_operator.py
[2023-09-14T17:38:34.036+0100] {processor.py:829} INFO - Processing file /home/joestar/Documents/projects/airflow_etl/airflow_env/lib/python3.8/site-packages/airflow/example_dags/example_short_circuit_operator.py for tasks to queue
[2023-09-14T17:38:34.037+0100] {logging_mixin.py:151} INFO - [2023-09-14T17:38:34.037+0100] {dagbag.py:539} INFO - Filling up the DagBag from /home/joestar/Documents/projects/airflow_etl/airflow_env/lib/python3.8/site-packages/airflow/example_dags/example_short_circuit_operator.py
[2023-09-14T17:38:34.052+0100] {processor.py:839} INFO - DAG(s) dict_keys(['example_short_circuit_operator']) retrieved from /home/joestar/Documents/projects/airflow_etl/airflow_env/lib/python3.8/site-packages/airflow/example_dags/example_short_circuit_operator.py
[2023-09-14T17:38:34.084+0100] {logging_mixin.py:151} INFO - [2023-09-14T17:38:34.083+0100] {dag.py:2915} INFO - Sync 1 DAGs
[2023-09-14T17:38:34.119+0100] {logging_mixin.py:151} INFO - [2023-09-14T17:38:34.119+0100] {dag.py:3696} INFO - Setting next_dagrun for example_short_circuit_operator to 2023-09-13T16:38:34.118940+00:00, run_after=2023-09-14T16:38:34.118940+00:00
[2023-09-14T17:38:34.180+0100] {processor.py:179} INFO - Processing /home/joestar/Documents/projects/airflow_etl/airflow_env/lib/python3.8/site-packages/airflow/example_dags/example_short_circuit_operator.py took 0.152 seconds
[2023-09-14T17:39:28.042+0100] {processor.py:157} INFO - Started process (PID=33046) to work on /home/joestar/Documents/projects/airflow_etl/airflow_env/lib/python3.8/site-packages/airflow/example_dags/example_short_circuit_operator.py
[2023-09-14T17:39:28.043+0100] {processor.py:829} INFO - Processing file /home/joestar/Documents/projects/airflow_etl/airflow_env/lib/python3.8/site-packages/airflow/example_dags/example_short_circuit_operator.py for tasks to queue
[2023-09-14T17:39:28.044+0100] {logging_mixin.py:151} INFO - [2023-09-14T17:39:28.044+0100] {dagbag.py:539} INFO - Filling up the DagBag from /home/joestar/Documents/projects/airflow_etl/airflow_env/lib/python3.8/site-packages/airflow/example_dags/example_short_circuit_operator.py
[2023-09-14T17:39:28.055+0100] {processor.py:839} INFO - DAG(s) dict_keys(['example_short_circuit_operator']) retrieved from /home/joestar/Documents/projects/airflow_etl/airflow_env/lib/python3.8/site-packages/airflow/example_dags/example_short_circuit_operator.py
[2023-09-14T17:39:28.078+0100] {logging_mixin.py:151} INFO - [2023-09-14T17:39:28.078+0100] {dag.py:2915} INFO - Sync 1 DAGs
[2023-09-14T17:39:28.109+0100] {logging_mixin.py:151} INFO - [2023-09-14T17:39:28.108+0100] {dag.py:3696} INFO - Setting next_dagrun for example_short_circuit_operator to 2023-09-13T16:39:28.108404+00:00, run_after=2023-09-14T16:39:28.108404+00:00
[2023-09-14T17:39:28.143+0100] {processor.py:179} INFO - Processing /home/joestar/Documents/projects/airflow_etl/airflow_env/lib/python3.8/site-packages/airflow/example_dags/example_short_circuit_operator.py took 0.106 seconds
[2023-09-14T17:40:30.537+0100] {processor.py:157} INFO - Started process (PID=33402) to work on /home/joestar/Documents/projects/airflow_etl/airflow_env/lib/python3.8/site-packages/airflow/example_dags/example_short_circuit_operator.py
[2023-09-14T17:40:30.545+0100] {processor.py:829} INFO - Processing file /home/joestar/Documents/projects/airflow_etl/airflow_env/lib/python3.8/site-packages/airflow/example_dags/example_short_circuit_operator.py for tasks to queue
[2023-09-14T17:40:30.562+0100] {logging_mixin.py:151} INFO - [2023-09-14T17:40:30.546+0100] {dagbag.py:539} INFO - Filling up the DagBag from /home/joestar/Documents/projects/airflow_etl/airflow_env/lib/python3.8/site-packages/airflow/example_dags/example_short_circuit_operator.py
[2023-09-14T17:40:30.610+0100] {processor.py:839} INFO - DAG(s) dict_keys(['example_short_circuit_operator']) retrieved from /home/joestar/Documents/projects/airflow_etl/airflow_env/lib/python3.8/site-packages/airflow/example_dags/example_short_circuit_operator.py
[2023-09-14T17:40:30.697+0100] {logging_mixin.py:151} INFO - [2023-09-14T17:40:30.697+0100] {dag.py:2915} INFO - Sync 1 DAGs
[2023-09-14T17:40:30.850+0100] {logging_mixin.py:151} INFO - [2023-09-14T17:40:30.849+0100] {dag.py:3696} INFO - Setting next_dagrun for example_short_circuit_operator to 2023-09-13T16:40:30.849299+00:00, run_after=2023-09-14T16:40:30.849299+00:00
[2023-09-14T17:40:30.955+0100] {processor.py:179} INFO - Processing /home/joestar/Documents/projects/airflow_etl/airflow_env/lib/python3.8/site-packages/airflow/example_dags/example_short_circuit_operator.py took 0.439 seconds
[2023-09-14T17:41:24.035+0100] {processor.py:157} INFO - Started process (PID=33794) to work on /home/joestar/Documents/projects/airflow_etl/airflow_env/lib/python3.8/site-packages/airflow/example_dags/example_short_circuit_operator.py
[2023-09-14T17:41:24.036+0100] {processor.py:829} INFO - Processing file /home/joestar/Documents/projects/airflow_etl/airflow_env/lib/python3.8/site-packages/airflow/example_dags/example_short_circuit_operator.py for tasks to queue
[2023-09-14T17:41:24.036+0100] {logging_mixin.py:151} INFO - [2023-09-14T17:41:24.036+0100] {dagbag.py:539} INFO - Filling up the DagBag from /home/joestar/Documents/projects/airflow_etl/airflow_env/lib/python3.8/site-packages/airflow/example_dags/example_short_circuit_operator.py
[2023-09-14T17:41:24.044+0100] {processor.py:839} INFO - DAG(s) dict_keys(['example_short_circuit_operator']) retrieved from /home/joestar/Documents/projects/airflow_etl/airflow_env/lib/python3.8/site-packages/airflow/example_dags/example_short_circuit_operator.py
[2023-09-14T17:41:24.059+0100] {logging_mixin.py:151} INFO - [2023-09-14T17:41:24.058+0100] {dag.py:2915} INFO - Sync 1 DAGs
[2023-09-14T17:41:24.075+0100] {logging_mixin.py:151} INFO - [2023-09-14T17:41:24.075+0100] {dag.py:3696} INFO - Setting next_dagrun for example_short_circuit_operator to 2023-09-13T16:41:24.074844+00:00, run_after=2023-09-14T16:41:24.074844+00:00
[2023-09-14T17:41:24.099+0100] {processor.py:179} INFO - Processing /home/joestar/Documents/projects/airflow_etl/airflow_env/lib/python3.8/site-packages/airflow/example_dags/example_short_circuit_operator.py took 0.066 seconds
[2023-09-14T17:42:22.627+0100] {processor.py:157} INFO - Started process (PID=34082) to work on /home/joestar/Documents/projects/airflow_etl/airflow_env/lib/python3.8/site-packages/airflow/example_dags/example_short_circuit_operator.py
[2023-09-14T17:42:22.632+0100] {processor.py:829} INFO - Processing file /home/joestar/Documents/projects/airflow_etl/airflow_env/lib/python3.8/site-packages/airflow/example_dags/example_short_circuit_operator.py for tasks to queue
[2023-09-14T17:42:22.634+0100] {logging_mixin.py:151} INFO - [2023-09-14T17:42:22.632+0100] {dagbag.py:539} INFO - Filling up the DagBag from /home/joestar/Documents/projects/airflow_etl/airflow_env/lib/python3.8/site-packages/airflow/example_dags/example_short_circuit_operator.py
[2023-09-14T17:42:22.648+0100] {processor.py:839} INFO - DAG(s) dict_keys(['example_short_circuit_operator']) retrieved from /home/joestar/Documents/projects/airflow_etl/airflow_env/lib/python3.8/site-packages/airflow/example_dags/example_short_circuit_operator.py
[2023-09-14T17:42:22.681+0100] {logging_mixin.py:151} INFO - [2023-09-14T17:42:22.681+0100] {dag.py:2915} INFO - Sync 1 DAGs
[2023-09-14T17:42:22.718+0100] {logging_mixin.py:151} INFO - [2023-09-14T17:42:22.717+0100] {dag.py:3696} INFO - Setting next_dagrun for example_short_circuit_operator to 2023-09-13T16:42:22.717427+00:00, run_after=2023-09-14T16:42:22.717427+00:00
[2023-09-14T17:42:22.760+0100] {processor.py:179} INFO - Processing /home/joestar/Documents/projects/airflow_etl/airflow_env/lib/python3.8/site-packages/airflow/example_dags/example_short_circuit_operator.py took 0.137 seconds
[2023-09-14T17:43:23.824+0100] {processor.py:157} INFO - Started process (PID=34354) to work on /home/joestar/Documents/projects/airflow_etl/airflow_env/lib/python3.8/site-packages/airflow/example_dags/example_short_circuit_operator.py
[2023-09-14T17:43:23.826+0100] {processor.py:829} INFO - Processing file /home/joestar/Documents/projects/airflow_etl/airflow_env/lib/python3.8/site-packages/airflow/example_dags/example_short_circuit_operator.py for tasks to queue
[2023-09-14T17:43:23.828+0100] {logging_mixin.py:151} INFO - [2023-09-14T17:43:23.827+0100] {dagbag.py:539} INFO - Filling up the DagBag from /home/joestar/Documents/projects/airflow_etl/airflow_env/lib/python3.8/site-packages/airflow/example_dags/example_short_circuit_operator.py
[2023-09-14T17:43:23.838+0100] {processor.py:839} INFO - DAG(s) dict_keys(['example_short_circuit_operator']) retrieved from /home/joestar/Documents/projects/airflow_etl/airflow_env/lib/python3.8/site-packages/airflow/example_dags/example_short_circuit_operator.py
[2023-09-14T17:43:23.854+0100] {logging_mixin.py:151} INFO - [2023-09-14T17:43:23.854+0100] {dag.py:2915} INFO - Sync 1 DAGs
[2023-09-14T17:43:23.873+0100] {logging_mixin.py:151} INFO - [2023-09-14T17:43:23.873+0100] {dag.py:3696} INFO - Setting next_dagrun for example_short_circuit_operator to 2023-09-13T16:43:23.873215+00:00, run_after=2023-09-14T16:43:23.873215+00:00
[2023-09-14T17:43:23.897+0100] {processor.py:179} INFO - Processing /home/joestar/Documents/projects/airflow_etl/airflow_env/lib/python3.8/site-packages/airflow/example_dags/example_short_circuit_operator.py took 0.076 seconds
[2023-09-14T17:44:24.358+0100] {processor.py:157} INFO - Started process (PID=34678) to work on /home/joestar/Documents/projects/airflow_etl/airflow_env/lib/python3.8/site-packages/airflow/example_dags/example_short_circuit_operator.py
[2023-09-14T17:44:24.359+0100] {processor.py:829} INFO - Processing file /home/joestar/Documents/projects/airflow_etl/airflow_env/lib/python3.8/site-packages/airflow/example_dags/example_short_circuit_operator.py for tasks to queue
[2023-09-14T17:44:24.361+0100] {logging_mixin.py:151} INFO - [2023-09-14T17:44:24.360+0100] {dagbag.py:539} INFO - Filling up the DagBag from /home/joestar/Documents/projects/airflow_etl/airflow_env/lib/python3.8/site-packages/airflow/example_dags/example_short_circuit_operator.py
[2023-09-14T17:44:24.375+0100] {processor.py:839} INFO - DAG(s) dict_keys(['example_short_circuit_operator']) retrieved from /home/joestar/Documents/projects/airflow_etl/airflow_env/lib/python3.8/site-packages/airflow/example_dags/example_short_circuit_operator.py
[2023-09-14T17:44:24.404+0100] {logging_mixin.py:151} INFO - [2023-09-14T17:44:24.404+0100] {dag.py:2915} INFO - Sync 1 DAGs
[2023-09-14T17:44:24.437+0100] {logging_mixin.py:151} INFO - [2023-09-14T17:44:24.437+0100] {dag.py:3696} INFO - Setting next_dagrun for example_short_circuit_operator to 2023-09-13T16:44:24.436731+00:00, run_after=2023-09-14T16:44:24.436731+00:00
[2023-09-14T17:44:24.472+0100] {processor.py:179} INFO - Processing /home/joestar/Documents/projects/airflow_etl/airflow_env/lib/python3.8/site-packages/airflow/example_dags/example_short_circuit_operator.py took 0.118 seconds
[2023-09-14T17:45:25.677+0100] {processor.py:157} INFO - Started process (PID=34932) to work on /home/joestar/Documents/projects/airflow_etl/airflow_env/lib/python3.8/site-packages/airflow/example_dags/example_short_circuit_operator.py
[2023-09-14T17:45:25.679+0100] {processor.py:829} INFO - Processing file /home/joestar/Documents/projects/airflow_etl/airflow_env/lib/python3.8/site-packages/airflow/example_dags/example_short_circuit_operator.py for tasks to queue
[2023-09-14T17:45:25.680+0100] {logging_mixin.py:151} INFO - [2023-09-14T17:45:25.680+0100] {dagbag.py:539} INFO - Filling up the DagBag from /home/joestar/Documents/projects/airflow_etl/airflow_env/lib/python3.8/site-packages/airflow/example_dags/example_short_circuit_operator.py
[2023-09-14T17:45:25.697+0100] {processor.py:839} INFO - DAG(s) dict_keys(['example_short_circuit_operator']) retrieved from /home/joestar/Documents/projects/airflow_etl/airflow_env/lib/python3.8/site-packages/airflow/example_dags/example_short_circuit_operator.py
[2023-09-14T17:45:25.732+0100] {logging_mixin.py:151} INFO - [2023-09-14T17:45:25.731+0100] {dag.py:2915} INFO - Sync 1 DAGs
[2023-09-14T17:45:25.769+0100] {logging_mixin.py:151} INFO - [2023-09-14T17:45:25.768+0100] {dag.py:3696} INFO - Setting next_dagrun for example_short_circuit_operator to 2023-09-13T16:45:25.768281+00:00, run_after=2023-09-14T16:45:25.768281+00:00
[2023-09-14T17:45:25.807+0100] {processor.py:179} INFO - Processing /home/joestar/Documents/projects/airflow_etl/airflow_env/lib/python3.8/site-packages/airflow/example_dags/example_short_circuit_operator.py took 0.134 seconds
[2023-09-14T17:46:27.427+0100] {processor.py:157} INFO - Started process (PID=35209) to work on /home/joestar/Documents/projects/airflow_etl/airflow_env/lib/python3.8/site-packages/airflow/example_dags/example_short_circuit_operator.py
[2023-09-14T17:46:27.428+0100] {processor.py:829} INFO - Processing file /home/joestar/Documents/projects/airflow_etl/airflow_env/lib/python3.8/site-packages/airflow/example_dags/example_short_circuit_operator.py for tasks to queue
[2023-09-14T17:46:27.429+0100] {logging_mixin.py:151} INFO - [2023-09-14T17:46:27.428+0100] {dagbag.py:539} INFO - Filling up the DagBag from /home/joestar/Documents/projects/airflow_etl/airflow_env/lib/python3.8/site-packages/airflow/example_dags/example_short_circuit_operator.py
[2023-09-14T17:46:27.440+0100] {processor.py:839} INFO - DAG(s) dict_keys(['example_short_circuit_operator']) retrieved from /home/joestar/Documents/projects/airflow_etl/airflow_env/lib/python3.8/site-packages/airflow/example_dags/example_short_circuit_operator.py
[2023-09-14T17:46:27.467+0100] {logging_mixin.py:151} INFO - [2023-09-14T17:46:27.466+0100] {dag.py:2915} INFO - Sync 1 DAGs
[2023-09-14T17:46:27.495+0100] {logging_mixin.py:151} INFO - [2023-09-14T17:46:27.494+0100] {dag.py:3696} INFO - Setting next_dagrun for example_short_circuit_operator to 2023-09-13T16:46:27.494580+00:00, run_after=2023-09-14T16:46:27.494580+00:00
[2023-09-14T17:46:27.526+0100] {processor.py:179} INFO - Processing /home/joestar/Documents/projects/airflow_etl/airflow_env/lib/python3.8/site-packages/airflow/example_dags/example_short_circuit_operator.py took 0.103 seconds
[2023-09-14T17:47:45.055+0100] {processor.py:157} INFO - Started process (PID=35512) to work on /home/joestar/Documents/projects/airflow_etl/airflow_env/lib/python3.8/site-packages/airflow/example_dags/example_short_circuit_operator.py
[2023-09-14T17:47:45.067+0100] {processor.py:829} INFO - Processing file /home/joestar/Documents/projects/airflow_etl/airflow_env/lib/python3.8/site-packages/airflow/example_dags/example_short_circuit_operator.py for tasks to queue
[2023-09-14T17:47:45.074+0100] {logging_mixin.py:151} INFO - [2023-09-14T17:47:45.073+0100] {dagbag.py:539} INFO - Filling up the DagBag from /home/joestar/Documents/projects/airflow_etl/airflow_env/lib/python3.8/site-packages/airflow/example_dags/example_short_circuit_operator.py
[2023-09-14T17:47:45.098+0100] {processor.py:839} INFO - DAG(s) dict_keys(['example_short_circuit_operator']) retrieved from /home/joestar/Documents/projects/airflow_etl/airflow_env/lib/python3.8/site-packages/airflow/example_dags/example_short_circuit_operator.py
[2023-09-14T17:47:45.150+0100] {logging_mixin.py:151} INFO - [2023-09-14T17:47:45.149+0100] {dag.py:2915} INFO - Sync 1 DAGs
[2023-09-14T17:47:45.192+0100] {logging_mixin.py:151} INFO - [2023-09-14T17:47:45.192+0100] {dag.py:3696} INFO - Setting next_dagrun for example_short_circuit_operator to 2023-09-13T16:47:45.191803+00:00, run_after=2023-09-14T16:47:45.191803+00:00
[2023-09-14T17:47:45.241+0100] {processor.py:179} INFO - Processing /home/joestar/Documents/projects/airflow_etl/airflow_env/lib/python3.8/site-packages/airflow/example_dags/example_short_circuit_operator.py took 0.190 seconds
[2023-09-14T17:49:06.952+0100] {processor.py:157} INFO - Started process (PID=35838) to work on /home/joestar/Documents/projects/airflow_etl/airflow_env/lib/python3.8/site-packages/airflow/example_dags/example_short_circuit_operator.py
[2023-09-14T17:49:06.953+0100] {processor.py:829} INFO - Processing file /home/joestar/Documents/projects/airflow_etl/airflow_env/lib/python3.8/site-packages/airflow/example_dags/example_short_circuit_operator.py for tasks to queue
[2023-09-14T17:49:06.954+0100] {logging_mixin.py:151} INFO - [2023-09-14T17:49:06.954+0100] {dagbag.py:539} INFO - Filling up the DagBag from /home/joestar/Documents/projects/airflow_etl/airflow_env/lib/python3.8/site-packages/airflow/example_dags/example_short_circuit_operator.py
[2023-09-14T17:49:06.968+0100] {processor.py:839} INFO - DAG(s) dict_keys(['example_short_circuit_operator']) retrieved from /home/joestar/Documents/projects/airflow_etl/airflow_env/lib/python3.8/site-packages/airflow/example_dags/example_short_circuit_operator.py
[2023-09-14T17:49:07.001+0100] {logging_mixin.py:151} INFO - [2023-09-14T17:49:07.001+0100] {dag.py:2915} INFO - Sync 1 DAGs
[2023-09-14T17:49:07.032+0100] {logging_mixin.py:151} INFO - [2023-09-14T17:49:07.032+0100] {dag.py:3696} INFO - Setting next_dagrun for example_short_circuit_operator to 2023-09-13T16:49:07.031732+00:00, run_after=2023-09-14T16:49:07.031732+00:00
[2023-09-14T17:49:07.065+0100] {processor.py:179} INFO - Processing /home/joestar/Documents/projects/airflow_etl/airflow_env/lib/python3.8/site-packages/airflow/example_dags/example_short_circuit_operator.py took 0.117 seconds
[2023-09-14T17:50:09.904+0100] {processor.py:157} INFO - Started process (PID=36114) to work on /home/joestar/Documents/projects/airflow_etl/airflow_env/lib/python3.8/site-packages/airflow/example_dags/example_short_circuit_operator.py
[2023-09-14T17:50:09.906+0100] {processor.py:829} INFO - Processing file /home/joestar/Documents/projects/airflow_etl/airflow_env/lib/python3.8/site-packages/airflow/example_dags/example_short_circuit_operator.py for tasks to queue
[2023-09-14T17:50:09.907+0100] {logging_mixin.py:151} INFO - [2023-09-14T17:50:09.907+0100] {dagbag.py:539} INFO - Filling up the DagBag from /home/joestar/Documents/projects/airflow_etl/airflow_env/lib/python3.8/site-packages/airflow/example_dags/example_short_circuit_operator.py
[2023-09-14T17:50:09.921+0100] {processor.py:839} INFO - DAG(s) dict_keys(['example_short_circuit_operator']) retrieved from /home/joestar/Documents/projects/airflow_etl/airflow_env/lib/python3.8/site-packages/airflow/example_dags/example_short_circuit_operator.py
[2023-09-14T17:50:09.950+0100] {logging_mixin.py:151} INFO - [2023-09-14T17:50:09.949+0100] {dag.py:2915} INFO - Sync 1 DAGs
[2023-09-14T17:50:09.982+0100] {logging_mixin.py:151} INFO - [2023-09-14T17:50:09.982+0100] {dag.py:3696} INFO - Setting next_dagrun for example_short_circuit_operator to 2023-09-13T16:50:09.982053+00:00, run_after=2023-09-14T16:50:09.982053+00:00
[2023-09-14T17:50:10.019+0100] {processor.py:179} INFO - Processing /home/joestar/Documents/projects/airflow_etl/airflow_env/lib/python3.8/site-packages/airflow/example_dags/example_short_circuit_operator.py took 0.118 seconds
[2023-09-14T17:51:10.270+0100] {processor.py:157} INFO - Started process (PID=36393) to work on /home/joestar/Documents/projects/airflow_etl/airflow_env/lib/python3.8/site-packages/airflow/example_dags/example_short_circuit_operator.py
[2023-09-14T17:51:10.271+0100] {processor.py:829} INFO - Processing file /home/joestar/Documents/projects/airflow_etl/airflow_env/lib/python3.8/site-packages/airflow/example_dags/example_short_circuit_operator.py for tasks to queue
[2023-09-14T17:51:10.272+0100] {logging_mixin.py:151} INFO - [2023-09-14T17:51:10.272+0100] {dagbag.py:539} INFO - Filling up the DagBag from /home/joestar/Documents/projects/airflow_etl/airflow_env/lib/python3.8/site-packages/airflow/example_dags/example_short_circuit_operator.py
[2023-09-14T17:51:10.284+0100] {processor.py:839} INFO - DAG(s) dict_keys(['example_short_circuit_operator']) retrieved from /home/joestar/Documents/projects/airflow_etl/airflow_env/lib/python3.8/site-packages/airflow/example_dags/example_short_circuit_operator.py
[2023-09-14T17:51:10.311+0100] {logging_mixin.py:151} INFO - [2023-09-14T17:51:10.311+0100] {dag.py:2915} INFO - Sync 1 DAGs
[2023-09-14T17:51:10.333+0100] {logging_mixin.py:151} INFO - [2023-09-14T17:51:10.333+0100] {dag.py:3696} INFO - Setting next_dagrun for example_short_circuit_operator to 2023-09-13T16:51:10.333471+00:00, run_after=2023-09-14T16:51:10.333471+00:00
[2023-09-14T17:51:10.359+0100] {processor.py:179} INFO - Processing /home/joestar/Documents/projects/airflow_etl/airflow_env/lib/python3.8/site-packages/airflow/example_dags/example_short_circuit_operator.py took 0.093 seconds
[2023-09-14T17:52:06.144+0100] {processor.py:157} INFO - Started process (PID=36621) to work on /home/joestar/Documents/projects/airflow_etl/airflow_env/lib/python3.8/site-packages/airflow/example_dags/example_short_circuit_operator.py
[2023-09-14T17:52:06.146+0100] {processor.py:829} INFO - Processing file /home/joestar/Documents/projects/airflow_etl/airflow_env/lib/python3.8/site-packages/airflow/example_dags/example_short_circuit_operator.py for tasks to queue
[2023-09-14T17:52:06.147+0100] {logging_mixin.py:151} INFO - [2023-09-14T17:52:06.147+0100] {dagbag.py:539} INFO - Filling up the DagBag from /home/joestar/Documents/projects/airflow_etl/airflow_env/lib/python3.8/site-packages/airflow/example_dags/example_short_circuit_operator.py
[2023-09-14T17:52:06.162+0100] {processor.py:839} INFO - DAG(s) dict_keys(['example_short_circuit_operator']) retrieved from /home/joestar/Documents/projects/airflow_etl/airflow_env/lib/python3.8/site-packages/airflow/example_dags/example_short_circuit_operator.py
[2023-09-14T17:52:06.190+0100] {logging_mixin.py:151} INFO - [2023-09-14T17:52:06.190+0100] {dag.py:2915} INFO - Sync 1 DAGs
[2023-09-14T17:52:06.216+0100] {logging_mixin.py:151} INFO - [2023-09-14T17:52:06.215+0100] {dag.py:3696} INFO - Setting next_dagrun for example_short_circuit_operator to 2023-09-13T16:52:06.215557+00:00, run_after=2023-09-14T16:52:06.215557+00:00
[2023-09-14T17:52:06.251+0100] {processor.py:179} INFO - Processing /home/joestar/Documents/projects/airflow_etl/airflow_env/lib/python3.8/site-packages/airflow/example_dags/example_short_circuit_operator.py took 0.111 seconds
[2023-09-14T17:53:03.293+0100] {processor.py:157} INFO - Started process (PID=36883) to work on /home/joestar/Documents/projects/airflow_etl/airflow_env/lib/python3.8/site-packages/airflow/example_dags/example_short_circuit_operator.py
[2023-09-14T17:53:03.294+0100] {processor.py:829} INFO - Processing file /home/joestar/Documents/projects/airflow_etl/airflow_env/lib/python3.8/site-packages/airflow/example_dags/example_short_circuit_operator.py for tasks to queue
[2023-09-14T17:53:03.296+0100] {logging_mixin.py:151} INFO - [2023-09-14T17:53:03.295+0100] {dagbag.py:539} INFO - Filling up the DagBag from /home/joestar/Documents/projects/airflow_etl/airflow_env/lib/python3.8/site-packages/airflow/example_dags/example_short_circuit_operator.py
[2023-09-14T17:53:03.307+0100] {processor.py:839} INFO - DAG(s) dict_keys(['example_short_circuit_operator']) retrieved from /home/joestar/Documents/projects/airflow_etl/airflow_env/lib/python3.8/site-packages/airflow/example_dags/example_short_circuit_operator.py
[2023-09-14T17:53:03.335+0100] {logging_mixin.py:151} INFO - [2023-09-14T17:53:03.335+0100] {dag.py:2915} INFO - Sync 1 DAGs
[2023-09-14T17:53:03.368+0100] {logging_mixin.py:151} INFO - [2023-09-14T17:53:03.368+0100] {dag.py:3696} INFO - Setting next_dagrun for example_short_circuit_operator to 2023-09-13T16:53:03.368112+00:00, run_after=2023-09-14T16:53:03.368112+00:00
[2023-09-14T17:53:03.398+0100] {processor.py:179} INFO - Processing /home/joestar/Documents/projects/airflow_etl/airflow_env/lib/python3.8/site-packages/airflow/example_dags/example_short_circuit_operator.py took 0.110 seconds
[2023-09-14T18:03:31.000+0100] {processor.py:157} INFO - Started process (PID=38833) to work on /home/joestar/Documents/projects/airflow_etl/airflow_env/lib/python3.8/site-packages/airflow/example_dags/example_short_circuit_operator.py
[2023-09-14T18:03:31.002+0100] {processor.py:829} INFO - Processing file /home/joestar/Documents/projects/airflow_etl/airflow_env/lib/python3.8/site-packages/airflow/example_dags/example_short_circuit_operator.py for tasks to queue
[2023-09-14T18:03:31.004+0100] {logging_mixin.py:151} INFO - [2023-09-14T18:03:31.003+0100] {dagbag.py:539} INFO - Filling up the DagBag from /home/joestar/Documents/projects/airflow_etl/airflow_env/lib/python3.8/site-packages/airflow/example_dags/example_short_circuit_operator.py
[2023-09-14T18:03:31.025+0100] {processor.py:839} INFO - DAG(s) dict_keys(['example_short_circuit_operator']) retrieved from /home/joestar/Documents/projects/airflow_etl/airflow_env/lib/python3.8/site-packages/airflow/example_dags/example_short_circuit_operator.py
[2023-09-14T18:03:31.062+0100] {logging_mixin.py:151} INFO - [2023-09-14T18:03:31.062+0100] {dag.py:2915} INFO - Sync 1 DAGs
[2023-09-14T18:03:31.105+0100] {logging_mixin.py:151} INFO - [2023-09-14T18:03:31.105+0100] {dag.py:3696} INFO - Setting next_dagrun for example_short_circuit_operator to 2023-09-13T17:03:31.104934+00:00, run_after=2023-09-14T17:03:31.104934+00:00
[2023-09-14T18:03:31.150+0100] {processor.py:179} INFO - Processing /home/joestar/Documents/projects/airflow_etl/airflow_env/lib/python3.8/site-packages/airflow/example_dags/example_short_circuit_operator.py took 0.160 seconds
[2023-09-14T18:04:21.390+0100] {processor.py:157} INFO - Started process (PID=39042) to work on /home/joestar/Documents/projects/airflow_etl/airflow_env/lib/python3.8/site-packages/airflow/example_dags/example_short_circuit_operator.py
[2023-09-14T18:04:21.391+0100] {processor.py:829} INFO - Processing file /home/joestar/Documents/projects/airflow_etl/airflow_env/lib/python3.8/site-packages/airflow/example_dags/example_short_circuit_operator.py for tasks to queue
[2023-09-14T18:04:21.392+0100] {logging_mixin.py:151} INFO - [2023-09-14T18:04:21.391+0100] {dagbag.py:539} INFO - Filling up the DagBag from /home/joestar/Documents/projects/airflow_etl/airflow_env/lib/python3.8/site-packages/airflow/example_dags/example_short_circuit_operator.py
[2023-09-14T18:04:21.402+0100] {processor.py:839} INFO - DAG(s) dict_keys(['example_short_circuit_operator']) retrieved from /home/joestar/Documents/projects/airflow_etl/airflow_env/lib/python3.8/site-packages/airflow/example_dags/example_short_circuit_operator.py
[2023-09-14T18:04:21.424+0100] {logging_mixin.py:151} INFO - [2023-09-14T18:04:21.424+0100] {dag.py:2915} INFO - Sync 1 DAGs
[2023-09-14T18:04:21.445+0100] {logging_mixin.py:151} INFO - [2023-09-14T18:04:21.444+0100] {dag.py:3696} INFO - Setting next_dagrun for example_short_circuit_operator to 2023-09-13T17:04:21.444725+00:00, run_after=2023-09-14T17:04:21.444725+00:00
[2023-09-14T18:04:21.478+0100] {processor.py:179} INFO - Processing /home/joestar/Documents/projects/airflow_etl/airflow_env/lib/python3.8/site-packages/airflow/example_dags/example_short_circuit_operator.py took 0.092 seconds
