[2023-09-14T17:12:42.035+0100] {processor.py:157} INFO - Started process (PID=24505) to work on /home/joestar/Documents/projects/airflow_etl/airflow_env/lib/python3.8/site-packages/airflow/example_dags/example_branch_operator_decorator.py
[2023-09-14T17:12:42.036+0100] {processor.py:829} INFO - Processing file /home/joestar/Documents/projects/airflow_etl/airflow_env/lib/python3.8/site-packages/airflow/example_dags/example_branch_operator_decorator.py for tasks to queue
[2023-09-14T17:12:42.037+0100] {logging_mixin.py:151} INFO - [2023-09-14T17:12:42.036+0100] {dagbag.py:539} INFO - Filling up the DagBag from /home/joestar/Documents/projects/airflow_etl/airflow_env/lib/python3.8/site-packages/airflow/example_dags/example_branch_operator_decorator.py
[2023-09-14T17:12:42.051+0100] {processor.py:839} INFO - DAG(s) dict_keys(['example_branch_python_operator_decorator']) retrieved from /home/joestar/Documents/projects/airflow_etl/airflow_env/lib/python3.8/site-packages/airflow/example_dags/example_branch_operator_decorator.py
[2023-09-14T17:12:42.161+0100] {logging_mixin.py:151} INFO - [2023-09-14T17:12:42.160+0100] {manager.py:499} INFO - Created Permission View: %s
[2023-09-14T17:12:42.178+0100] {logging_mixin.py:151} INFO - [2023-09-14T17:12:42.178+0100] {manager.py:499} INFO - Created Permission View: %s
[2023-09-14T17:12:42.193+0100] {logging_mixin.py:151} INFO - [2023-09-14T17:12:42.193+0100] {manager.py:499} INFO - Created Permission View: %s
[2023-09-14T17:12:42.194+0100] {logging_mixin.py:151} INFO - [2023-09-14T17:12:42.194+0100] {security.py:708} INFO - Not syncing DAG-level permissions for DAG 'DAG:example_branch_python_operator_decorator' as access control is unset.
[2023-09-14T17:12:42.194+0100] {logging_mixin.py:151} INFO - [2023-09-14T17:12:42.194+0100] {dag.py:2915} INFO - Sync 1 DAGs
[2023-09-14T17:12:42.207+0100] {logging_mixin.py:151} INFO - [2023-09-14T17:12:42.207+0100] {dag.py:2937} INFO - Creating ORM DAG for example_branch_python_operator_decorator
[2023-09-14T17:12:42.220+0100] {logging_mixin.py:151} INFO - [2023-09-14T17:12:42.220+0100] {dag.py:3696} INFO - Setting next_dagrun for example_branch_python_operator_decorator to 2023-09-13T00:00:00+00:00, run_after=2023-09-14T00:00:00+00:00
[2023-09-14T17:12:42.263+0100] {processor.py:179} INFO - Processing /home/joestar/Documents/projects/airflow_etl/airflow_env/lib/python3.8/site-packages/airflow/example_dags/example_branch_operator_decorator.py took 0.231 seconds
[2023-09-14T17:13:32.259+0100] {processor.py:157} INFO - Started process (PID=24877) to work on /home/joestar/Documents/projects/airflow_etl/airflow_env/lib/python3.8/site-packages/airflow/example_dags/example_branch_operator_decorator.py
[2023-09-14T17:13:32.261+0100] {processor.py:829} INFO - Processing file /home/joestar/Documents/projects/airflow_etl/airflow_env/lib/python3.8/site-packages/airflow/example_dags/example_branch_operator_decorator.py for tasks to queue
[2023-09-14T17:13:32.264+0100] {logging_mixin.py:151} INFO - [2023-09-14T17:13:32.263+0100] {dagbag.py:539} INFO - Filling up the DagBag from /home/joestar/Documents/projects/airflow_etl/airflow_env/lib/python3.8/site-packages/airflow/example_dags/example_branch_operator_decorator.py
[2023-09-14T17:13:32.283+0100] {processor.py:839} INFO - DAG(s) dict_keys(['example_branch_python_operator_decorator']) retrieved from /home/joestar/Documents/projects/airflow_etl/airflow_env/lib/python3.8/site-packages/airflow/example_dags/example_branch_operator_decorator.py
[2023-09-14T17:13:32.301+0100] {logging_mixin.py:151} INFO - [2023-09-14T17:13:32.300+0100] {dag.py:2915} INFO - Sync 1 DAGs
[2023-09-14T17:13:32.328+0100] {logging_mixin.py:151} INFO - [2023-09-14T17:13:32.328+0100] {dag.py:3696} INFO - Setting next_dagrun for example_branch_python_operator_decorator to 2023-09-13T00:00:00+00:00, run_after=2023-09-14T00:00:00+00:00
[2023-09-14T17:13:32.356+0100] {processor.py:179} INFO - Processing /home/joestar/Documents/projects/airflow_etl/airflow_env/lib/python3.8/site-packages/airflow/example_dags/example_branch_operator_decorator.py took 0.104 seconds
[2023-09-14T17:14:28.409+0100] {processor.py:157} INFO - Started process (PID=25254) to work on /home/joestar/Documents/projects/airflow_etl/airflow_env/lib/python3.8/site-packages/airflow/example_dags/example_branch_operator_decorator.py
[2023-09-14T17:14:28.411+0100] {processor.py:829} INFO - Processing file /home/joestar/Documents/projects/airflow_etl/airflow_env/lib/python3.8/site-packages/airflow/example_dags/example_branch_operator_decorator.py for tasks to queue
[2023-09-14T17:14:28.412+0100] {logging_mixin.py:151} INFO - [2023-09-14T17:14:28.412+0100] {dagbag.py:539} INFO - Filling up the DagBag from /home/joestar/Documents/projects/airflow_etl/airflow_env/lib/python3.8/site-packages/airflow/example_dags/example_branch_operator_decorator.py
[2023-09-14T17:14:28.429+0100] {processor.py:839} INFO - DAG(s) dict_keys(['example_branch_python_operator_decorator']) retrieved from /home/joestar/Documents/projects/airflow_etl/airflow_env/lib/python3.8/site-packages/airflow/example_dags/example_branch_operator_decorator.py
[2023-09-14T17:14:28.446+0100] {logging_mixin.py:151} INFO - [2023-09-14T17:14:28.446+0100] {dag.py:2915} INFO - Sync 1 DAGs
[2023-09-14T17:14:28.464+0100] {logging_mixin.py:151} INFO - [2023-09-14T17:14:28.464+0100] {dag.py:3696} INFO - Setting next_dagrun for example_branch_python_operator_decorator to 2023-09-13T00:00:00+00:00, run_after=2023-09-14T00:00:00+00:00
[2023-09-14T17:14:28.486+0100] {processor.py:179} INFO - Processing /home/joestar/Documents/projects/airflow_etl/airflow_env/lib/python3.8/site-packages/airflow/example_dags/example_branch_operator_decorator.py took 0.085 seconds
[2023-09-14T17:15:27.747+0100] {processor.py:157} INFO - Started process (PID=25922) to work on /home/joestar/Documents/projects/airflow_etl/airflow_env/lib/python3.8/site-packages/airflow/example_dags/example_branch_operator_decorator.py
[2023-09-14T17:15:27.748+0100] {processor.py:829} INFO - Processing file /home/joestar/Documents/projects/airflow_etl/airflow_env/lib/python3.8/site-packages/airflow/example_dags/example_branch_operator_decorator.py for tasks to queue
[2023-09-14T17:15:27.749+0100] {logging_mixin.py:151} INFO - [2023-09-14T17:15:27.749+0100] {dagbag.py:539} INFO - Filling up the DagBag from /home/joestar/Documents/projects/airflow_etl/airflow_env/lib/python3.8/site-packages/airflow/example_dags/example_branch_operator_decorator.py
[2023-09-14T17:15:27.764+0100] {processor.py:839} INFO - DAG(s) dict_keys(['example_branch_python_operator_decorator']) retrieved from /home/joestar/Documents/projects/airflow_etl/airflow_env/lib/python3.8/site-packages/airflow/example_dags/example_branch_operator_decorator.py
[2023-09-14T17:15:27.787+0100] {logging_mixin.py:151} INFO - [2023-09-14T17:15:27.787+0100] {dag.py:2915} INFO - Sync 1 DAGs
[2023-09-14T17:15:27.811+0100] {logging_mixin.py:151} INFO - [2023-09-14T17:15:27.810+0100] {dag.py:3696} INFO - Setting next_dagrun for example_branch_python_operator_decorator to 2023-09-13T00:00:00+00:00, run_after=2023-09-14T00:00:00+00:00
[2023-09-14T17:15:27.959+0100] {processor.py:179} INFO - Processing /home/joestar/Documents/projects/airflow_etl/airflow_env/lib/python3.8/site-packages/airflow/example_dags/example_branch_operator_decorator.py took 0.216 seconds
[2023-09-14T17:16:21.967+0100] {processor.py:157} INFO - Started process (PID=26172) to work on /home/joestar/Documents/projects/airflow_etl/airflow_env/lib/python3.8/site-packages/airflow/example_dags/example_branch_operator_decorator.py
[2023-09-14T17:16:21.968+0100] {processor.py:829} INFO - Processing file /home/joestar/Documents/projects/airflow_etl/airflow_env/lib/python3.8/site-packages/airflow/example_dags/example_branch_operator_decorator.py for tasks to queue
[2023-09-14T17:16:21.970+0100] {logging_mixin.py:151} INFO - [2023-09-14T17:16:21.969+0100] {dagbag.py:539} INFO - Filling up the DagBag from /home/joestar/Documents/projects/airflow_etl/airflow_env/lib/python3.8/site-packages/airflow/example_dags/example_branch_operator_decorator.py
[2023-09-14T17:16:21.985+0100] {processor.py:839} INFO - DAG(s) dict_keys(['example_branch_python_operator_decorator']) retrieved from /home/joestar/Documents/projects/airflow_etl/airflow_env/lib/python3.8/site-packages/airflow/example_dags/example_branch_operator_decorator.py
[2023-09-14T17:16:22.013+0100] {logging_mixin.py:151} INFO - [2023-09-14T17:16:22.013+0100] {dag.py:2915} INFO - Sync 1 DAGs
[2023-09-14T17:16:22.047+0100] {logging_mixin.py:151} INFO - [2023-09-14T17:16:22.047+0100] {dag.py:3696} INFO - Setting next_dagrun for example_branch_python_operator_decorator to 2023-09-13T00:00:00+00:00, run_after=2023-09-14T00:00:00+00:00
[2023-09-14T17:16:22.079+0100] {processor.py:179} INFO - Processing /home/joestar/Documents/projects/airflow_etl/airflow_env/lib/python3.8/site-packages/airflow/example_dags/example_branch_operator_decorator.py took 0.116 seconds
[2023-09-14T17:17:13.836+0100] {processor.py:157} INFO - Started process (PID=26424) to work on /home/joestar/Documents/projects/airflow_etl/airflow_env/lib/python3.8/site-packages/airflow/example_dags/example_branch_operator_decorator.py
[2023-09-14T17:17:13.837+0100] {processor.py:829} INFO - Processing file /home/joestar/Documents/projects/airflow_etl/airflow_env/lib/python3.8/site-packages/airflow/example_dags/example_branch_operator_decorator.py for tasks to queue
[2023-09-14T17:17:13.838+0100] {logging_mixin.py:151} INFO - [2023-09-14T17:17:13.838+0100] {dagbag.py:539} INFO - Filling up the DagBag from /home/joestar/Documents/projects/airflow_etl/airflow_env/lib/python3.8/site-packages/airflow/example_dags/example_branch_operator_decorator.py
[2023-09-14T17:17:13.851+0100] {processor.py:839} INFO - DAG(s) dict_keys(['example_branch_python_operator_decorator']) retrieved from /home/joestar/Documents/projects/airflow_etl/airflow_env/lib/python3.8/site-packages/airflow/example_dags/example_branch_operator_decorator.py
[2023-09-14T17:17:13.876+0100] {logging_mixin.py:151} INFO - [2023-09-14T17:17:13.876+0100] {dag.py:2915} INFO - Sync 1 DAGs
[2023-09-14T17:17:13.904+0100] {logging_mixin.py:151} INFO - [2023-09-14T17:17:13.904+0100] {dag.py:3696} INFO - Setting next_dagrun for example_branch_python_operator_decorator to 2023-09-13T00:00:00+00:00, run_after=2023-09-14T00:00:00+00:00
[2023-09-14T17:17:13.939+0100] {processor.py:179} INFO - Processing /home/joestar/Documents/projects/airflow_etl/airflow_env/lib/python3.8/site-packages/airflow/example_dags/example_branch_operator_decorator.py took 0.107 seconds
[2023-09-14T17:18:05.502+0100] {processor.py:157} INFO - Started process (PID=26719) to work on /home/joestar/Documents/projects/airflow_etl/airflow_env/lib/python3.8/site-packages/airflow/example_dags/example_branch_operator_decorator.py
[2023-09-14T17:18:05.503+0100] {processor.py:829} INFO - Processing file /home/joestar/Documents/projects/airflow_etl/airflow_env/lib/python3.8/site-packages/airflow/example_dags/example_branch_operator_decorator.py for tasks to queue
[2023-09-14T17:18:05.504+0100] {logging_mixin.py:151} INFO - [2023-09-14T17:18:05.503+0100] {dagbag.py:539} INFO - Filling up the DagBag from /home/joestar/Documents/projects/airflow_etl/airflow_env/lib/python3.8/site-packages/airflow/example_dags/example_branch_operator_decorator.py
[2023-09-14T17:18:05.514+0100] {processor.py:839} INFO - DAG(s) dict_keys(['example_branch_python_operator_decorator']) retrieved from /home/joestar/Documents/projects/airflow_etl/airflow_env/lib/python3.8/site-packages/airflow/example_dags/example_branch_operator_decorator.py
[2023-09-14T17:18:05.531+0100] {logging_mixin.py:151} INFO - [2023-09-14T17:18:05.530+0100] {dag.py:2915} INFO - Sync 1 DAGs
[2023-09-14T17:18:05.552+0100] {logging_mixin.py:151} INFO - [2023-09-14T17:18:05.552+0100] {dag.py:3696} INFO - Setting next_dagrun for example_branch_python_operator_decorator to 2023-09-13T00:00:00+00:00, run_after=2023-09-14T00:00:00+00:00
[2023-09-14T17:18:05.579+0100] {processor.py:179} INFO - Processing /home/joestar/Documents/projects/airflow_etl/airflow_env/lib/python3.8/site-packages/airflow/example_dags/example_branch_operator_decorator.py took 0.081 seconds
[2023-09-14T17:18:56.165+0100] {processor.py:157} INFO - Started process (PID=27160) to work on /home/joestar/Documents/projects/airflow_etl/airflow_env/lib/python3.8/site-packages/airflow/example_dags/example_branch_operator_decorator.py
[2023-09-14T17:18:56.166+0100] {processor.py:829} INFO - Processing file /home/joestar/Documents/projects/airflow_etl/airflow_env/lib/python3.8/site-packages/airflow/example_dags/example_branch_operator_decorator.py for tasks to queue
[2023-09-14T17:18:56.168+0100] {logging_mixin.py:151} INFO - [2023-09-14T17:18:56.167+0100] {dagbag.py:539} INFO - Filling up the DagBag from /home/joestar/Documents/projects/airflow_etl/airflow_env/lib/python3.8/site-packages/airflow/example_dags/example_branch_operator_decorator.py
[2023-09-14T17:18:56.185+0100] {processor.py:839} INFO - DAG(s) dict_keys(['example_branch_python_operator_decorator']) retrieved from /home/joestar/Documents/projects/airflow_etl/airflow_env/lib/python3.8/site-packages/airflow/example_dags/example_branch_operator_decorator.py
[2023-09-14T17:18:56.212+0100] {logging_mixin.py:151} INFO - [2023-09-14T17:18:56.212+0100] {dag.py:2915} INFO - Sync 1 DAGs
[2023-09-14T17:18:56.243+0100] {logging_mixin.py:151} INFO - [2023-09-14T17:18:56.243+0100] {dag.py:3696} INFO - Setting next_dagrun for example_branch_python_operator_decorator to 2023-09-13T00:00:00+00:00, run_after=2023-09-14T00:00:00+00:00
[2023-09-14T17:18:56.272+0100] {processor.py:179} INFO - Processing /home/joestar/Documents/projects/airflow_etl/airflow_env/lib/python3.8/site-packages/airflow/example_dags/example_branch_operator_decorator.py took 0.111 seconds
[2023-09-14T17:19:56.222+0100] {processor.py:157} INFO - Started process (PID=27434) to work on /home/joestar/Documents/projects/airflow_etl/airflow_env/lib/python3.8/site-packages/airflow/example_dags/example_branch_operator_decorator.py
[2023-09-14T17:19:56.223+0100] {processor.py:829} INFO - Processing file /home/joestar/Documents/projects/airflow_etl/airflow_env/lib/python3.8/site-packages/airflow/example_dags/example_branch_operator_decorator.py for tasks to queue
[2023-09-14T17:19:56.224+0100] {logging_mixin.py:151} INFO - [2023-09-14T17:19:56.224+0100] {dagbag.py:539} INFO - Filling up the DagBag from /home/joestar/Documents/projects/airflow_etl/airflow_env/lib/python3.8/site-packages/airflow/example_dags/example_branch_operator_decorator.py
[2023-09-14T17:19:56.235+0100] {processor.py:839} INFO - DAG(s) dict_keys(['example_branch_python_operator_decorator']) retrieved from /home/joestar/Documents/projects/airflow_etl/airflow_env/lib/python3.8/site-packages/airflow/example_dags/example_branch_operator_decorator.py
[2023-09-14T17:19:56.263+0100] {logging_mixin.py:151} INFO - [2023-09-14T17:19:56.263+0100] {dag.py:2915} INFO - Sync 1 DAGs
[2023-09-14T17:19:56.292+0100] {logging_mixin.py:151} INFO - [2023-09-14T17:19:56.292+0100] {dag.py:3696} INFO - Setting next_dagrun for example_branch_python_operator_decorator to 2023-09-13T00:00:00+00:00, run_after=2023-09-14T00:00:00+00:00
[2023-09-14T17:19:56.330+0100] {processor.py:179} INFO - Processing /home/joestar/Documents/projects/airflow_etl/airflow_env/lib/python3.8/site-packages/airflow/example_dags/example_branch_operator_decorator.py took 0.110 seconds
[2023-09-14T17:20:46.917+0100] {processor.py:157} INFO - Started process (PID=27639) to work on /home/joestar/Documents/projects/airflow_etl/airflow_env/lib/python3.8/site-packages/airflow/example_dags/example_branch_operator_decorator.py
[2023-09-14T17:20:46.919+0100] {processor.py:829} INFO - Processing file /home/joestar/Documents/projects/airflow_etl/airflow_env/lib/python3.8/site-packages/airflow/example_dags/example_branch_operator_decorator.py for tasks to queue
[2023-09-14T17:20:46.920+0100] {logging_mixin.py:151} INFO - [2023-09-14T17:20:46.920+0100] {dagbag.py:539} INFO - Filling up the DagBag from /home/joestar/Documents/projects/airflow_etl/airflow_env/lib/python3.8/site-packages/airflow/example_dags/example_branch_operator_decorator.py
[2023-09-14T17:20:46.935+0100] {processor.py:839} INFO - DAG(s) dict_keys(['example_branch_python_operator_decorator']) retrieved from /home/joestar/Documents/projects/airflow_etl/airflow_env/lib/python3.8/site-packages/airflow/example_dags/example_branch_operator_decorator.py
[2023-09-14T17:20:46.963+0100] {logging_mixin.py:151} INFO - [2023-09-14T17:20:46.963+0100] {dag.py:2915} INFO - Sync 1 DAGs
[2023-09-14T17:20:47.002+0100] {logging_mixin.py:151} INFO - [2023-09-14T17:20:47.002+0100] {dag.py:3696} INFO - Setting next_dagrun for example_branch_python_operator_decorator to 2023-09-13T00:00:00+00:00, run_after=2023-09-14T00:00:00+00:00
[2023-09-14T17:20:47.039+0100] {processor.py:179} INFO - Processing /home/joestar/Documents/projects/airflow_etl/airflow_env/lib/python3.8/site-packages/airflow/example_dags/example_branch_operator_decorator.py took 0.126 seconds
[2023-09-14T17:21:38.945+0100] {processor.py:157} INFO - Started process (PID=27872) to work on /home/joestar/Documents/projects/airflow_etl/airflow_env/lib/python3.8/site-packages/airflow/example_dags/example_branch_operator_decorator.py
[2023-09-14T17:21:38.946+0100] {processor.py:829} INFO - Processing file /home/joestar/Documents/projects/airflow_etl/airflow_env/lib/python3.8/site-packages/airflow/example_dags/example_branch_operator_decorator.py for tasks to queue
[2023-09-14T17:21:38.947+0100] {logging_mixin.py:151} INFO - [2023-09-14T17:21:38.947+0100] {dagbag.py:539} INFO - Filling up the DagBag from /home/joestar/Documents/projects/airflow_etl/airflow_env/lib/python3.8/site-packages/airflow/example_dags/example_branch_operator_decorator.py
[2023-09-14T17:21:38.957+0100] {processor.py:839} INFO - DAG(s) dict_keys(['example_branch_python_operator_decorator']) retrieved from /home/joestar/Documents/projects/airflow_etl/airflow_env/lib/python3.8/site-packages/airflow/example_dags/example_branch_operator_decorator.py
[2023-09-14T17:21:38.979+0100] {logging_mixin.py:151} INFO - [2023-09-14T17:21:38.979+0100] {dag.py:2915} INFO - Sync 1 DAGs
[2023-09-14T17:21:39.010+0100] {logging_mixin.py:151} INFO - [2023-09-14T17:21:39.009+0100] {dag.py:3696} INFO - Setting next_dagrun for example_branch_python_operator_decorator to 2023-09-13T00:00:00+00:00, run_after=2023-09-14T00:00:00+00:00
[2023-09-14T17:21:39.052+0100] {processor.py:179} INFO - Processing /home/joestar/Documents/projects/airflow_etl/airflow_env/lib/python3.8/site-packages/airflow/example_dags/example_branch_operator_decorator.py took 0.110 seconds
[2023-09-14T17:22:32.324+0100] {processor.py:157} INFO - Started process (PID=28093) to work on /home/joestar/Documents/projects/airflow_etl/airflow_env/lib/python3.8/site-packages/airflow/example_dags/example_branch_operator_decorator.py
[2023-09-14T17:22:32.325+0100] {processor.py:829} INFO - Processing file /home/joestar/Documents/projects/airflow_etl/airflow_env/lib/python3.8/site-packages/airflow/example_dags/example_branch_operator_decorator.py for tasks to queue
[2023-09-14T17:22:32.326+0100] {logging_mixin.py:151} INFO - [2023-09-14T17:22:32.326+0100] {dagbag.py:539} INFO - Filling up the DagBag from /home/joestar/Documents/projects/airflow_etl/airflow_env/lib/python3.8/site-packages/airflow/example_dags/example_branch_operator_decorator.py
[2023-09-14T17:22:32.335+0100] {processor.py:839} INFO - DAG(s) dict_keys(['example_branch_python_operator_decorator']) retrieved from /home/joestar/Documents/projects/airflow_etl/airflow_env/lib/python3.8/site-packages/airflow/example_dags/example_branch_operator_decorator.py
[2023-09-14T17:22:32.353+0100] {logging_mixin.py:151} INFO - [2023-09-14T17:22:32.353+0100] {dag.py:2915} INFO - Sync 1 DAGs
[2023-09-14T17:22:32.374+0100] {logging_mixin.py:151} INFO - [2023-09-14T17:22:32.374+0100] {dag.py:3696} INFO - Setting next_dagrun for example_branch_python_operator_decorator to 2023-09-13T00:00:00+00:00, run_after=2023-09-14T00:00:00+00:00
[2023-09-14T17:22:32.399+0100] {processor.py:179} INFO - Processing /home/joestar/Documents/projects/airflow_etl/airflow_env/lib/python3.8/site-packages/airflow/example_dags/example_branch_operator_decorator.py took 0.078 seconds
[2023-09-14T17:23:27.099+0100] {processor.py:157} INFO - Started process (PID=28347) to work on /home/joestar/Documents/projects/airflow_etl/airflow_env/lib/python3.8/site-packages/airflow/example_dags/example_branch_operator_decorator.py
[2023-09-14T17:23:27.103+0100] {processor.py:829} INFO - Processing file /home/joestar/Documents/projects/airflow_etl/airflow_env/lib/python3.8/site-packages/airflow/example_dags/example_branch_operator_decorator.py for tasks to queue
[2023-09-14T17:23:27.104+0100] {logging_mixin.py:151} INFO - [2023-09-14T17:23:27.104+0100] {dagbag.py:539} INFO - Filling up the DagBag from /home/joestar/Documents/projects/airflow_etl/airflow_env/lib/python3.8/site-packages/airflow/example_dags/example_branch_operator_decorator.py
[2023-09-14T17:23:27.121+0100] {processor.py:839} INFO - DAG(s) dict_keys(['example_branch_python_operator_decorator']) retrieved from /home/joestar/Documents/projects/airflow_etl/airflow_env/lib/python3.8/site-packages/airflow/example_dags/example_branch_operator_decorator.py
[2023-09-14T17:23:27.152+0100] {logging_mixin.py:151} INFO - [2023-09-14T17:23:27.152+0100] {dag.py:2915} INFO - Sync 1 DAGs
[2023-09-14T17:23:27.194+0100] {logging_mixin.py:151} INFO - [2023-09-14T17:23:27.194+0100] {dag.py:3696} INFO - Setting next_dagrun for example_branch_python_operator_decorator to 2023-09-13T00:00:00+00:00, run_after=2023-09-14T00:00:00+00:00
[2023-09-14T17:23:27.241+0100] {processor.py:179} INFO - Processing /home/joestar/Documents/projects/airflow_etl/airflow_env/lib/python3.8/site-packages/airflow/example_dags/example_branch_operator_decorator.py took 0.147 seconds
[2023-09-14T17:24:25.810+0100] {processor.py:157} INFO - Started process (PID=28603) to work on /home/joestar/Documents/projects/airflow_etl/airflow_env/lib/python3.8/site-packages/airflow/example_dags/example_branch_operator_decorator.py
[2023-09-14T17:24:25.812+0100] {processor.py:829} INFO - Processing file /home/joestar/Documents/projects/airflow_etl/airflow_env/lib/python3.8/site-packages/airflow/example_dags/example_branch_operator_decorator.py for tasks to queue
[2023-09-14T17:24:25.813+0100] {logging_mixin.py:151} INFO - [2023-09-14T17:24:25.813+0100] {dagbag.py:539} INFO - Filling up the DagBag from /home/joestar/Documents/projects/airflow_etl/airflow_env/lib/python3.8/site-packages/airflow/example_dags/example_branch_operator_decorator.py
[2023-09-14T17:24:25.836+0100] {processor.py:839} INFO - DAG(s) dict_keys(['example_branch_python_operator_decorator']) retrieved from /home/joestar/Documents/projects/airflow_etl/airflow_env/lib/python3.8/site-packages/airflow/example_dags/example_branch_operator_decorator.py
[2023-09-14T17:24:25.875+0100] {logging_mixin.py:151} INFO - [2023-09-14T17:24:25.875+0100] {dag.py:2915} INFO - Sync 1 DAGs
[2023-09-14T17:24:25.914+0100] {logging_mixin.py:151} INFO - [2023-09-14T17:24:25.914+0100] {dag.py:3696} INFO - Setting next_dagrun for example_branch_python_operator_decorator to 2023-09-13T00:00:00+00:00, run_after=2023-09-14T00:00:00+00:00
[2023-09-14T17:24:25.954+0100] {processor.py:179} INFO - Processing /home/joestar/Documents/projects/airflow_etl/airflow_env/lib/python3.8/site-packages/airflow/example_dags/example_branch_operator_decorator.py took 0.148 seconds
[2023-09-14T17:25:23.991+0100] {processor.py:157} INFO - Started process (PID=28841) to work on /home/joestar/Documents/projects/airflow_etl/airflow_env/lib/python3.8/site-packages/airflow/example_dags/example_branch_operator_decorator.py
[2023-09-14T17:25:23.992+0100] {processor.py:829} INFO - Processing file /home/joestar/Documents/projects/airflow_etl/airflow_env/lib/python3.8/site-packages/airflow/example_dags/example_branch_operator_decorator.py for tasks to queue
[2023-09-14T17:25:23.993+0100] {logging_mixin.py:151} INFO - [2023-09-14T17:25:23.992+0100] {dagbag.py:539} INFO - Filling up the DagBag from /home/joestar/Documents/projects/airflow_etl/airflow_env/lib/python3.8/site-packages/airflow/example_dags/example_branch_operator_decorator.py
[2023-09-14T17:25:24.002+0100] {processor.py:839} INFO - DAG(s) dict_keys(['example_branch_python_operator_decorator']) retrieved from /home/joestar/Documents/projects/airflow_etl/airflow_env/lib/python3.8/site-packages/airflow/example_dags/example_branch_operator_decorator.py
[2023-09-14T17:25:24.026+0100] {logging_mixin.py:151} INFO - [2023-09-14T17:25:24.026+0100] {dag.py:2915} INFO - Sync 1 DAGs
[2023-09-14T17:25:24.057+0100] {logging_mixin.py:151} INFO - [2023-09-14T17:25:24.056+0100] {dag.py:3696} INFO - Setting next_dagrun for example_branch_python_operator_decorator to 2023-09-13T00:00:00+00:00, run_after=2023-09-14T00:00:00+00:00
[2023-09-14T17:25:24.086+0100] {processor.py:179} INFO - Processing /home/joestar/Documents/projects/airflow_etl/airflow_env/lib/python3.8/site-packages/airflow/example_dags/example_branch_operator_decorator.py took 0.098 seconds
[2023-09-14T17:26:17.219+0100] {processor.py:157} INFO - Started process (PID=29074) to work on /home/joestar/Documents/projects/airflow_etl/airflow_env/lib/python3.8/site-packages/airflow/example_dags/example_branch_operator_decorator.py
[2023-09-14T17:26:17.220+0100] {processor.py:829} INFO - Processing file /home/joestar/Documents/projects/airflow_etl/airflow_env/lib/python3.8/site-packages/airflow/example_dags/example_branch_operator_decorator.py for tasks to queue
[2023-09-14T17:26:17.221+0100] {logging_mixin.py:151} INFO - [2023-09-14T17:26:17.220+0100] {dagbag.py:539} INFO - Filling up the DagBag from /home/joestar/Documents/projects/airflow_etl/airflow_env/lib/python3.8/site-packages/airflow/example_dags/example_branch_operator_decorator.py
[2023-09-14T17:26:17.231+0100] {processor.py:839} INFO - DAG(s) dict_keys(['example_branch_python_operator_decorator']) retrieved from /home/joestar/Documents/projects/airflow_etl/airflow_env/lib/python3.8/site-packages/airflow/example_dags/example_branch_operator_decorator.py
[2023-09-14T17:26:17.254+0100] {logging_mixin.py:151} INFO - [2023-09-14T17:26:17.253+0100] {dag.py:2915} INFO - Sync 1 DAGs
[2023-09-14T17:26:17.275+0100] {logging_mixin.py:151} INFO - [2023-09-14T17:26:17.275+0100] {dag.py:3696} INFO - Setting next_dagrun for example_branch_python_operator_decorator to 2023-09-13T00:00:00+00:00, run_after=2023-09-14T00:00:00+00:00
[2023-09-14T17:26:17.301+0100] {processor.py:179} INFO - Processing /home/joestar/Documents/projects/airflow_etl/airflow_env/lib/python3.8/site-packages/airflow/example_dags/example_branch_operator_decorator.py took 0.085 seconds
[2023-09-14T17:27:10.246+0100] {processor.py:157} INFO - Started process (PID=29319) to work on /home/joestar/Documents/projects/airflow_etl/airflow_env/lib/python3.8/site-packages/airflow/example_dags/example_branch_operator_decorator.py
[2023-09-14T17:27:10.247+0100] {processor.py:829} INFO - Processing file /home/joestar/Documents/projects/airflow_etl/airflow_env/lib/python3.8/site-packages/airflow/example_dags/example_branch_operator_decorator.py for tasks to queue
[2023-09-14T17:27:10.248+0100] {logging_mixin.py:151} INFO - [2023-09-14T17:27:10.248+0100] {dagbag.py:539} INFO - Filling up the DagBag from /home/joestar/Documents/projects/airflow_etl/airflow_env/lib/python3.8/site-packages/airflow/example_dags/example_branch_operator_decorator.py
[2023-09-14T17:27:10.257+0100] {processor.py:839} INFO - DAG(s) dict_keys(['example_branch_python_operator_decorator']) retrieved from /home/joestar/Documents/projects/airflow_etl/airflow_env/lib/python3.8/site-packages/airflow/example_dags/example_branch_operator_decorator.py
[2023-09-14T17:27:10.279+0100] {logging_mixin.py:151} INFO - [2023-09-14T17:27:10.279+0100] {dag.py:2915} INFO - Sync 1 DAGs
[2023-09-14T17:27:10.300+0100] {logging_mixin.py:151} INFO - [2023-09-14T17:27:10.299+0100] {dag.py:3696} INFO - Setting next_dagrun for example_branch_python_operator_decorator to 2023-09-13T00:00:00+00:00, run_after=2023-09-14T00:00:00+00:00
[2023-09-14T17:27:10.334+0100] {processor.py:179} INFO - Processing /home/joestar/Documents/projects/airflow_etl/airflow_env/lib/python3.8/site-packages/airflow/example_dags/example_branch_operator_decorator.py took 0.091 seconds
[2023-09-14T17:28:05.899+0100] {processor.py:157} INFO - Started process (PID=29559) to work on /home/joestar/Documents/projects/airflow_etl/airflow_env/lib/python3.8/site-packages/airflow/example_dags/example_branch_operator_decorator.py
[2023-09-14T17:28:05.901+0100] {processor.py:829} INFO - Processing file /home/joestar/Documents/projects/airflow_etl/airflow_env/lib/python3.8/site-packages/airflow/example_dags/example_branch_operator_decorator.py for tasks to queue
[2023-09-14T17:28:05.901+0100] {logging_mixin.py:151} INFO - [2023-09-14T17:28:05.901+0100] {dagbag.py:539} INFO - Filling up the DagBag from /home/joestar/Documents/projects/airflow_etl/airflow_env/lib/python3.8/site-packages/airflow/example_dags/example_branch_operator_decorator.py
[2023-09-14T17:28:05.915+0100] {processor.py:839} INFO - DAG(s) dict_keys(['example_branch_python_operator_decorator']) retrieved from /home/joestar/Documents/projects/airflow_etl/airflow_env/lib/python3.8/site-packages/airflow/example_dags/example_branch_operator_decorator.py
[2023-09-14T17:28:05.932+0100] {logging_mixin.py:151} INFO - [2023-09-14T17:28:05.932+0100] {dag.py:2915} INFO - Sync 1 DAGs
[2023-09-14T17:28:05.955+0100] {logging_mixin.py:151} INFO - [2023-09-14T17:28:05.955+0100] {dag.py:3696} INFO - Setting next_dagrun for example_branch_python_operator_decorator to 2023-09-13T00:00:00+00:00, run_after=2023-09-14T00:00:00+00:00
[2023-09-14T17:28:05.985+0100] {processor.py:179} INFO - Processing /home/joestar/Documents/projects/airflow_etl/airflow_env/lib/python3.8/site-packages/airflow/example_dags/example_branch_operator_decorator.py took 0.089 seconds
[2023-09-14T17:28:57.706+0100] {processor.py:157} INFO - Started process (PID=29792) to work on /home/joestar/Documents/projects/airflow_etl/airflow_env/lib/python3.8/site-packages/airflow/example_dags/example_branch_operator_decorator.py
[2023-09-14T17:28:57.707+0100] {processor.py:829} INFO - Processing file /home/joestar/Documents/projects/airflow_etl/airflow_env/lib/python3.8/site-packages/airflow/example_dags/example_branch_operator_decorator.py for tasks to queue
[2023-09-14T17:28:57.708+0100] {logging_mixin.py:151} INFO - [2023-09-14T17:28:57.708+0100] {dagbag.py:539} INFO - Filling up the DagBag from /home/joestar/Documents/projects/airflow_etl/airflow_env/lib/python3.8/site-packages/airflow/example_dags/example_branch_operator_decorator.py
[2023-09-14T17:28:57.724+0100] {processor.py:839} INFO - DAG(s) dict_keys(['example_branch_python_operator_decorator']) retrieved from /home/joestar/Documents/projects/airflow_etl/airflow_env/lib/python3.8/site-packages/airflow/example_dags/example_branch_operator_decorator.py
[2023-09-14T17:28:57.750+0100] {logging_mixin.py:151} INFO - [2023-09-14T17:28:57.750+0100] {dag.py:2915} INFO - Sync 1 DAGs
[2023-09-14T17:28:57.787+0100] {logging_mixin.py:151} INFO - [2023-09-14T17:28:57.787+0100] {dag.py:3696} INFO - Setting next_dagrun for example_branch_python_operator_decorator to 2023-09-13T00:00:00+00:00, run_after=2023-09-14T00:00:00+00:00
[2023-09-14T17:28:57.821+0100] {processor.py:179} INFO - Processing /home/joestar/Documents/projects/airflow_etl/airflow_env/lib/python3.8/site-packages/airflow/example_dags/example_branch_operator_decorator.py took 0.119 seconds
[2023-09-14T17:29:50.227+0100] {processor.py:157} INFO - Started process (PID=30037) to work on /home/joestar/Documents/projects/airflow_etl/airflow_env/lib/python3.8/site-packages/airflow/example_dags/example_branch_operator_decorator.py
[2023-09-14T17:29:50.230+0100] {processor.py:829} INFO - Processing file /home/joestar/Documents/projects/airflow_etl/airflow_env/lib/python3.8/site-packages/airflow/example_dags/example_branch_operator_decorator.py for tasks to queue
[2023-09-14T17:29:50.231+0100] {logging_mixin.py:151} INFO - [2023-09-14T17:29:50.231+0100] {dagbag.py:539} INFO - Filling up the DagBag from /home/joestar/Documents/projects/airflow_etl/airflow_env/lib/python3.8/site-packages/airflow/example_dags/example_branch_operator_decorator.py
[2023-09-14T17:29:50.248+0100] {processor.py:839} INFO - DAG(s) dict_keys(['example_branch_python_operator_decorator']) retrieved from /home/joestar/Documents/projects/airflow_etl/airflow_env/lib/python3.8/site-packages/airflow/example_dags/example_branch_operator_decorator.py
[2023-09-14T17:29:50.276+0100] {logging_mixin.py:151} INFO - [2023-09-14T17:29:50.275+0100] {dag.py:2915} INFO - Sync 1 DAGs
[2023-09-14T17:29:50.309+0100] {logging_mixin.py:151} INFO - [2023-09-14T17:29:50.309+0100] {dag.py:3696} INFO - Setting next_dagrun for example_branch_python_operator_decorator to 2023-09-13T00:00:00+00:00, run_after=2023-09-14T00:00:00+00:00
[2023-09-14T17:29:50.347+0100] {processor.py:179} INFO - Processing /home/joestar/Documents/projects/airflow_etl/airflow_env/lib/python3.8/site-packages/airflow/example_dags/example_branch_operator_decorator.py took 0.123 seconds
[2023-09-14T17:30:43.371+0100] {processor.py:157} INFO - Started process (PID=30287) to work on /home/joestar/Documents/projects/airflow_etl/airflow_env/lib/python3.8/site-packages/airflow/example_dags/example_branch_operator_decorator.py
[2023-09-14T17:30:43.373+0100] {processor.py:829} INFO - Processing file /home/joestar/Documents/projects/airflow_etl/airflow_env/lib/python3.8/site-packages/airflow/example_dags/example_branch_operator_decorator.py for tasks to queue
[2023-09-14T17:30:43.376+0100] {logging_mixin.py:151} INFO - [2023-09-14T17:30:43.376+0100] {dagbag.py:539} INFO - Filling up the DagBag from /home/joestar/Documents/projects/airflow_etl/airflow_env/lib/python3.8/site-packages/airflow/example_dags/example_branch_operator_decorator.py
[2023-09-14T17:30:43.392+0100] {processor.py:839} INFO - DAG(s) dict_keys(['example_branch_python_operator_decorator']) retrieved from /home/joestar/Documents/projects/airflow_etl/airflow_env/lib/python3.8/site-packages/airflow/example_dags/example_branch_operator_decorator.py
[2023-09-14T17:30:43.420+0100] {logging_mixin.py:151} INFO - [2023-09-14T17:30:43.420+0100] {dag.py:2915} INFO - Sync 1 DAGs
[2023-09-14T17:30:43.452+0100] {logging_mixin.py:151} INFO - [2023-09-14T17:30:43.451+0100] {dag.py:3696} INFO - Setting next_dagrun for example_branch_python_operator_decorator to 2023-09-13T00:00:00+00:00, run_after=2023-09-14T00:00:00+00:00
[2023-09-14T17:30:43.486+0100] {processor.py:179} INFO - Processing /home/joestar/Documents/projects/airflow_etl/airflow_env/lib/python3.8/site-packages/airflow/example_dags/example_branch_operator_decorator.py took 0.119 seconds
[2023-09-14T17:31:32.870+0100] {processor.py:157} INFO - Started process (PID=30518) to work on /home/joestar/Documents/projects/airflow_etl/airflow_env/lib/python3.8/site-packages/airflow/example_dags/example_branch_operator_decorator.py
[2023-09-14T17:31:32.871+0100] {processor.py:829} INFO - Processing file /home/joestar/Documents/projects/airflow_etl/airflow_env/lib/python3.8/site-packages/airflow/example_dags/example_branch_operator_decorator.py for tasks to queue
[2023-09-14T17:31:32.873+0100] {logging_mixin.py:151} INFO - [2023-09-14T17:31:32.872+0100] {dagbag.py:539} INFO - Filling up the DagBag from /home/joestar/Documents/projects/airflow_etl/airflow_env/lib/python3.8/site-packages/airflow/example_dags/example_branch_operator_decorator.py
[2023-09-14T17:31:32.884+0100] {processor.py:839} INFO - DAG(s) dict_keys(['example_branch_python_operator_decorator']) retrieved from /home/joestar/Documents/projects/airflow_etl/airflow_env/lib/python3.8/site-packages/airflow/example_dags/example_branch_operator_decorator.py
[2023-09-14T17:31:32.905+0100] {logging_mixin.py:151} INFO - [2023-09-14T17:31:32.905+0100] {dag.py:2915} INFO - Sync 1 DAGs
[2023-09-14T17:31:32.930+0100] {logging_mixin.py:151} INFO - [2023-09-14T17:31:32.930+0100] {dag.py:3696} INFO - Setting next_dagrun for example_branch_python_operator_decorator to 2023-09-13T00:00:00+00:00, run_after=2023-09-14T00:00:00+00:00
[2023-09-14T17:31:32.960+0100] {processor.py:179} INFO - Processing /home/joestar/Documents/projects/airflow_etl/airflow_env/lib/python3.8/site-packages/airflow/example_dags/example_branch_operator_decorator.py took 0.092 seconds
[2023-09-14T17:32:23.932+0100] {processor.py:157} INFO - Started process (PID=30748) to work on /home/joestar/Documents/projects/airflow_etl/airflow_env/lib/python3.8/site-packages/airflow/example_dags/example_branch_operator_decorator.py
[2023-09-14T17:32:23.933+0100] {processor.py:829} INFO - Processing file /home/joestar/Documents/projects/airflow_etl/airflow_env/lib/python3.8/site-packages/airflow/example_dags/example_branch_operator_decorator.py for tasks to queue
[2023-09-14T17:32:23.934+0100] {logging_mixin.py:151} INFO - [2023-09-14T17:32:23.933+0100] {dagbag.py:539} INFO - Filling up the DagBag from /home/joestar/Documents/projects/airflow_etl/airflow_env/lib/python3.8/site-packages/airflow/example_dags/example_branch_operator_decorator.py
[2023-09-14T17:32:23.943+0100] {processor.py:839} INFO - DAG(s) dict_keys(['example_branch_python_operator_decorator']) retrieved from /home/joestar/Documents/projects/airflow_etl/airflow_env/lib/python3.8/site-packages/airflow/example_dags/example_branch_operator_decorator.py
[2023-09-14T17:32:23.960+0100] {logging_mixin.py:151} INFO - [2023-09-14T17:32:23.960+0100] {dag.py:2915} INFO - Sync 1 DAGs
[2023-09-14T17:32:23.980+0100] {logging_mixin.py:151} INFO - [2023-09-14T17:32:23.980+0100] {dag.py:3696} INFO - Setting next_dagrun for example_branch_python_operator_decorator to 2023-09-13T00:00:00+00:00, run_after=2023-09-14T00:00:00+00:00
[2023-09-14T17:32:24.006+0100] {processor.py:179} INFO - Processing /home/joestar/Documents/projects/airflow_etl/airflow_env/lib/python3.8/site-packages/airflow/example_dags/example_branch_operator_decorator.py took 0.077 seconds
[2023-09-14T17:33:16.468+0100] {processor.py:157} INFO - Started process (PID=30985) to work on /home/joestar/Documents/projects/airflow_etl/airflow_env/lib/python3.8/site-packages/airflow/example_dags/example_branch_operator_decorator.py
[2023-09-14T17:33:16.468+0100] {processor.py:829} INFO - Processing file /home/joestar/Documents/projects/airflow_etl/airflow_env/lib/python3.8/site-packages/airflow/example_dags/example_branch_operator_decorator.py for tasks to queue
[2023-09-14T17:33:16.469+0100] {logging_mixin.py:151} INFO - [2023-09-14T17:33:16.469+0100] {dagbag.py:539} INFO - Filling up the DagBag from /home/joestar/Documents/projects/airflow_etl/airflow_env/lib/python3.8/site-packages/airflow/example_dags/example_branch_operator_decorator.py
[2023-09-14T17:33:16.481+0100] {processor.py:839} INFO - DAG(s) dict_keys(['example_branch_python_operator_decorator']) retrieved from /home/joestar/Documents/projects/airflow_etl/airflow_env/lib/python3.8/site-packages/airflow/example_dags/example_branch_operator_decorator.py
[2023-09-14T17:33:16.515+0100] {logging_mixin.py:151} INFO - [2023-09-14T17:33:16.514+0100] {dag.py:2915} INFO - Sync 1 DAGs
[2023-09-14T17:33:16.556+0100] {logging_mixin.py:151} INFO - [2023-09-14T17:33:16.556+0100] {dag.py:3696} INFO - Setting next_dagrun for example_branch_python_operator_decorator to 2023-09-13T00:00:00+00:00, run_after=2023-09-14T00:00:00+00:00
[2023-09-14T17:33:16.594+0100] {processor.py:179} INFO - Processing /home/joestar/Documents/projects/airflow_etl/airflow_env/lib/python3.8/site-packages/airflow/example_dags/example_branch_operator_decorator.py took 0.130 seconds
[2023-09-14T17:34:10.213+0100] {processor.py:157} INFO - Started process (PID=31237) to work on /home/joestar/Documents/projects/airflow_etl/airflow_env/lib/python3.8/site-packages/airflow/example_dags/example_branch_operator_decorator.py
[2023-09-14T17:34:10.215+0100] {processor.py:829} INFO - Processing file /home/joestar/Documents/projects/airflow_etl/airflow_env/lib/python3.8/site-packages/airflow/example_dags/example_branch_operator_decorator.py for tasks to queue
[2023-09-14T17:34:10.216+0100] {logging_mixin.py:151} INFO - [2023-09-14T17:34:10.215+0100] {dagbag.py:539} INFO - Filling up the DagBag from /home/joestar/Documents/projects/airflow_etl/airflow_env/lib/python3.8/site-packages/airflow/example_dags/example_branch_operator_decorator.py
[2023-09-14T17:34:10.227+0100] {processor.py:839} INFO - DAG(s) dict_keys(['example_branch_python_operator_decorator']) retrieved from /home/joestar/Documents/projects/airflow_etl/airflow_env/lib/python3.8/site-packages/airflow/example_dags/example_branch_operator_decorator.py
[2023-09-14T17:34:10.246+0100] {logging_mixin.py:151} INFO - [2023-09-14T17:34:10.246+0100] {dag.py:2915} INFO - Sync 1 DAGs
[2023-09-14T17:34:10.276+0100] {logging_mixin.py:151} INFO - [2023-09-14T17:34:10.275+0100] {dag.py:3696} INFO - Setting next_dagrun for example_branch_python_operator_decorator to 2023-09-13T00:00:00+00:00, run_after=2023-09-14T00:00:00+00:00
[2023-09-14T17:34:10.308+0100] {processor.py:179} INFO - Processing /home/joestar/Documents/projects/airflow_etl/airflow_env/lib/python3.8/site-packages/airflow/example_dags/example_branch_operator_decorator.py took 0.097 seconds
[2023-09-14T17:35:03.945+0100] {processor.py:157} INFO - Started process (PID=31472) to work on /home/joestar/Documents/projects/airflow_etl/airflow_env/lib/python3.8/site-packages/airflow/example_dags/example_branch_operator_decorator.py
[2023-09-14T17:35:03.946+0100] {processor.py:829} INFO - Processing file /home/joestar/Documents/projects/airflow_etl/airflow_env/lib/python3.8/site-packages/airflow/example_dags/example_branch_operator_decorator.py for tasks to queue
[2023-09-14T17:35:03.947+0100] {logging_mixin.py:151} INFO - [2023-09-14T17:35:03.946+0100] {dagbag.py:539} INFO - Filling up the DagBag from /home/joestar/Documents/projects/airflow_etl/airflow_env/lib/python3.8/site-packages/airflow/example_dags/example_branch_operator_decorator.py
[2023-09-14T17:35:03.958+0100] {processor.py:839} INFO - DAG(s) dict_keys(['example_branch_python_operator_decorator']) retrieved from /home/joestar/Documents/projects/airflow_etl/airflow_env/lib/python3.8/site-packages/airflow/example_dags/example_branch_operator_decorator.py
[2023-09-14T17:35:03.982+0100] {logging_mixin.py:151} INFO - [2023-09-14T17:35:03.982+0100] {dag.py:2915} INFO - Sync 1 DAGs
[2023-09-14T17:35:04.012+0100] {logging_mixin.py:151} INFO - [2023-09-14T17:35:04.012+0100] {dag.py:3696} INFO - Setting next_dagrun for example_branch_python_operator_decorator to 2023-09-13T00:00:00+00:00, run_after=2023-09-14T00:00:00+00:00
[2023-09-14T17:35:04.047+0100] {processor.py:179} INFO - Processing /home/joestar/Documents/projects/airflow_etl/airflow_env/lib/python3.8/site-packages/airflow/example_dags/example_branch_operator_decorator.py took 0.105 seconds
[2023-09-14T17:35:54.653+0100] {processor.py:157} INFO - Started process (PID=31704) to work on /home/joestar/Documents/projects/airflow_etl/airflow_env/lib/python3.8/site-packages/airflow/example_dags/example_branch_operator_decorator.py
[2023-09-14T17:35:54.654+0100] {processor.py:829} INFO - Processing file /home/joestar/Documents/projects/airflow_etl/airflow_env/lib/python3.8/site-packages/airflow/example_dags/example_branch_operator_decorator.py for tasks to queue
[2023-09-14T17:35:54.655+0100] {logging_mixin.py:151} INFO - [2023-09-14T17:35:54.654+0100] {dagbag.py:539} INFO - Filling up the DagBag from /home/joestar/Documents/projects/airflow_etl/airflow_env/lib/python3.8/site-packages/airflow/example_dags/example_branch_operator_decorator.py
[2023-09-14T17:35:54.668+0100] {processor.py:839} INFO - DAG(s) dict_keys(['example_branch_python_operator_decorator']) retrieved from /home/joestar/Documents/projects/airflow_etl/airflow_env/lib/python3.8/site-packages/airflow/example_dags/example_branch_operator_decorator.py
[2023-09-14T17:35:54.692+0100] {logging_mixin.py:151} INFO - [2023-09-14T17:35:54.692+0100] {dag.py:2915} INFO - Sync 1 DAGs
[2023-09-14T17:35:54.721+0100] {logging_mixin.py:151} INFO - [2023-09-14T17:35:54.721+0100] {dag.py:3696} INFO - Setting next_dagrun for example_branch_python_operator_decorator to 2023-09-13T00:00:00+00:00, run_after=2023-09-14T00:00:00+00:00
[2023-09-14T17:35:54.750+0100] {processor.py:179} INFO - Processing /home/joestar/Documents/projects/airflow_etl/airflow_env/lib/python3.8/site-packages/airflow/example_dags/example_branch_operator_decorator.py took 0.101 seconds
[2023-09-14T17:36:45.759+0100] {processor.py:157} INFO - Started process (PID=31941) to work on /home/joestar/Documents/projects/airflow_etl/airflow_env/lib/python3.8/site-packages/airflow/example_dags/example_branch_operator_decorator.py
[2023-09-14T17:36:45.761+0100] {processor.py:829} INFO - Processing file /home/joestar/Documents/projects/airflow_etl/airflow_env/lib/python3.8/site-packages/airflow/example_dags/example_branch_operator_decorator.py for tasks to queue
[2023-09-14T17:36:45.762+0100] {logging_mixin.py:151} INFO - [2023-09-14T17:36:45.761+0100] {dagbag.py:539} INFO - Filling up the DagBag from /home/joestar/Documents/projects/airflow_etl/airflow_env/lib/python3.8/site-packages/airflow/example_dags/example_branch_operator_decorator.py
[2023-09-14T17:36:45.773+0100] {processor.py:839} INFO - DAG(s) dict_keys(['example_branch_python_operator_decorator']) retrieved from /home/joestar/Documents/projects/airflow_etl/airflow_env/lib/python3.8/site-packages/airflow/example_dags/example_branch_operator_decorator.py
[2023-09-14T17:36:45.800+0100] {logging_mixin.py:151} INFO - [2023-09-14T17:36:45.800+0100] {dag.py:2915} INFO - Sync 1 DAGs
[2023-09-14T17:36:45.830+0100] {logging_mixin.py:151} INFO - [2023-09-14T17:36:45.830+0100] {dag.py:3696} INFO - Setting next_dagrun for example_branch_python_operator_decorator to 2023-09-13T00:00:00+00:00, run_after=2023-09-14T00:00:00+00:00
[2023-09-14T17:36:45.862+0100] {processor.py:179} INFO - Processing /home/joestar/Documents/projects/airflow_etl/airflow_env/lib/python3.8/site-packages/airflow/example_dags/example_branch_operator_decorator.py took 0.107 seconds
[2023-09-14T17:37:41.523+0100] {processor.py:157} INFO - Started process (PID=32227) to work on /home/joestar/Documents/projects/airflow_etl/airflow_env/lib/python3.8/site-packages/airflow/example_dags/example_branch_operator_decorator.py
[2023-09-14T17:37:41.524+0100] {processor.py:829} INFO - Processing file /home/joestar/Documents/projects/airflow_etl/airflow_env/lib/python3.8/site-packages/airflow/example_dags/example_branch_operator_decorator.py for tasks to queue
[2023-09-14T17:37:41.525+0100] {logging_mixin.py:151} INFO - [2023-09-14T17:37:41.524+0100] {dagbag.py:539} INFO - Filling up the DagBag from /home/joestar/Documents/projects/airflow_etl/airflow_env/lib/python3.8/site-packages/airflow/example_dags/example_branch_operator_decorator.py
[2023-09-14T17:37:41.536+0100] {processor.py:839} INFO - DAG(s) dict_keys(['example_branch_python_operator_decorator']) retrieved from /home/joestar/Documents/projects/airflow_etl/airflow_env/lib/python3.8/site-packages/airflow/example_dags/example_branch_operator_decorator.py
[2023-09-14T17:37:41.553+0100] {logging_mixin.py:151} INFO - [2023-09-14T17:37:41.553+0100] {dag.py:2915} INFO - Sync 1 DAGs
[2023-09-14T17:37:41.573+0100] {logging_mixin.py:151} INFO - [2023-09-14T17:37:41.573+0100] {dag.py:3696} INFO - Setting next_dagrun for example_branch_python_operator_decorator to 2023-09-13T00:00:00+00:00, run_after=2023-09-14T00:00:00+00:00
[2023-09-14T17:37:41.596+0100] {processor.py:179} INFO - Processing /home/joestar/Documents/projects/airflow_etl/airflow_env/lib/python3.8/site-packages/airflow/example_dags/example_branch_operator_decorator.py took 0.077 seconds
[2023-09-14T17:38:38.691+0100] {processor.py:157} INFO - Started process (PID=32724) to work on /home/joestar/Documents/projects/airflow_etl/airflow_env/lib/python3.8/site-packages/airflow/example_dags/example_branch_operator_decorator.py
[2023-09-14T17:38:38.692+0100] {processor.py:829} INFO - Processing file /home/joestar/Documents/projects/airflow_etl/airflow_env/lib/python3.8/site-packages/airflow/example_dags/example_branch_operator_decorator.py for tasks to queue
[2023-09-14T17:38:38.693+0100] {logging_mixin.py:151} INFO - [2023-09-14T17:38:38.692+0100] {dagbag.py:539} INFO - Filling up the DagBag from /home/joestar/Documents/projects/airflow_etl/airflow_env/lib/python3.8/site-packages/airflow/example_dags/example_branch_operator_decorator.py
[2023-09-14T17:38:38.712+0100] {processor.py:839} INFO - DAG(s) dict_keys(['example_branch_python_operator_decorator']) retrieved from /home/joestar/Documents/projects/airflow_etl/airflow_env/lib/python3.8/site-packages/airflow/example_dags/example_branch_operator_decorator.py
[2023-09-14T17:38:38.739+0100] {logging_mixin.py:151} INFO - [2023-09-14T17:38:38.739+0100] {dag.py:2915} INFO - Sync 1 DAGs
[2023-09-14T17:38:38.776+0100] {logging_mixin.py:151} INFO - [2023-09-14T17:38:38.776+0100] {dag.py:3696} INFO - Setting next_dagrun for example_branch_python_operator_decorator to 2023-09-13T00:00:00+00:00, run_after=2023-09-14T00:00:00+00:00
[2023-09-14T17:38:38.851+0100] {processor.py:179} INFO - Processing /home/joestar/Documents/projects/airflow_etl/airflow_env/lib/python3.8/site-packages/airflow/example_dags/example_branch_operator_decorator.py took 0.164 seconds
[2023-09-14T17:39:48.028+0100] {processor.py:157} INFO - Started process (PID=33146) to work on /home/joestar/Documents/projects/airflow_etl/airflow_env/lib/python3.8/site-packages/airflow/example_dags/example_branch_operator_decorator.py
[2023-09-14T17:39:48.031+0100] {processor.py:829} INFO - Processing file /home/joestar/Documents/projects/airflow_etl/airflow_env/lib/python3.8/site-packages/airflow/example_dags/example_branch_operator_decorator.py for tasks to queue
[2023-09-14T17:39:48.036+0100] {logging_mixin.py:151} INFO - [2023-09-14T17:39:48.034+0100] {dagbag.py:539} INFO - Filling up the DagBag from /home/joestar/Documents/projects/airflow_etl/airflow_env/lib/python3.8/site-packages/airflow/example_dags/example_branch_operator_decorator.py
[2023-09-14T17:39:48.093+0100] {processor.py:839} INFO - DAG(s) dict_keys(['example_branch_python_operator_decorator']) retrieved from /home/joestar/Documents/projects/airflow_etl/airflow_env/lib/python3.8/site-packages/airflow/example_dags/example_branch_operator_decorator.py
[2023-09-14T17:39:48.135+0100] {logging_mixin.py:151} INFO - [2023-09-14T17:39:48.135+0100] {dag.py:2915} INFO - Sync 1 DAGs
[2023-09-14T17:39:48.182+0100] {logging_mixin.py:151} INFO - [2023-09-14T17:39:48.182+0100] {dag.py:3696} INFO - Setting next_dagrun for example_branch_python_operator_decorator to 2023-09-13T00:00:00+00:00, run_after=2023-09-14T00:00:00+00:00
[2023-09-14T17:39:48.218+0100] {processor.py:179} INFO - Processing /home/joestar/Documents/projects/airflow_etl/airflow_env/lib/python3.8/site-packages/airflow/example_dags/example_branch_operator_decorator.py took 0.202 seconds
[2023-09-14T17:40:47.695+0100] {processor.py:157} INFO - Started process (PID=33511) to work on /home/joestar/Documents/projects/airflow_etl/airflow_env/lib/python3.8/site-packages/airflow/example_dags/example_branch_operator_decorator.py
[2023-09-14T17:40:47.696+0100] {processor.py:829} INFO - Processing file /home/joestar/Documents/projects/airflow_etl/airflow_env/lib/python3.8/site-packages/airflow/example_dags/example_branch_operator_decorator.py for tasks to queue
[2023-09-14T17:40:47.697+0100] {logging_mixin.py:151} INFO - [2023-09-14T17:40:47.697+0100] {dagbag.py:539} INFO - Filling up the DagBag from /home/joestar/Documents/projects/airflow_etl/airflow_env/lib/python3.8/site-packages/airflow/example_dags/example_branch_operator_decorator.py
[2023-09-14T17:40:47.710+0100] {processor.py:839} INFO - DAG(s) dict_keys(['example_branch_python_operator_decorator']) retrieved from /home/joestar/Documents/projects/airflow_etl/airflow_env/lib/python3.8/site-packages/airflow/example_dags/example_branch_operator_decorator.py
[2023-09-14T17:40:47.734+0100] {logging_mixin.py:151} INFO - [2023-09-14T17:40:47.733+0100] {dag.py:2915} INFO - Sync 1 DAGs
[2023-09-14T17:40:47.781+0100] {logging_mixin.py:151} INFO - [2023-09-14T17:40:47.780+0100] {dag.py:3696} INFO - Setting next_dagrun for example_branch_python_operator_decorator to 2023-09-13T00:00:00+00:00, run_after=2023-09-14T00:00:00+00:00
[2023-09-14T17:40:47.820+0100] {processor.py:179} INFO - Processing /home/joestar/Documents/projects/airflow_etl/airflow_env/lib/python3.8/site-packages/airflow/example_dags/example_branch_operator_decorator.py took 0.129 seconds
[2023-09-14T17:41:40.876+0100] {processor.py:157} INFO - Started process (PID=33910) to work on /home/joestar/Documents/projects/airflow_etl/airflow_env/lib/python3.8/site-packages/airflow/example_dags/example_branch_operator_decorator.py
[2023-09-14T17:41:40.877+0100] {processor.py:829} INFO - Processing file /home/joestar/Documents/projects/airflow_etl/airflow_env/lib/python3.8/site-packages/airflow/example_dags/example_branch_operator_decorator.py for tasks to queue
[2023-09-14T17:41:40.879+0100] {logging_mixin.py:151} INFO - [2023-09-14T17:41:40.878+0100] {dagbag.py:539} INFO - Filling up the DagBag from /home/joestar/Documents/projects/airflow_etl/airflow_env/lib/python3.8/site-packages/airflow/example_dags/example_branch_operator_decorator.py
[2023-09-14T17:41:40.893+0100] {processor.py:839} INFO - DAG(s) dict_keys(['example_branch_python_operator_decorator']) retrieved from /home/joestar/Documents/projects/airflow_etl/airflow_env/lib/python3.8/site-packages/airflow/example_dags/example_branch_operator_decorator.py
[2023-09-14T17:41:40.921+0100] {logging_mixin.py:151} INFO - [2023-09-14T17:41:40.921+0100] {dag.py:2915} INFO - Sync 1 DAGs
[2023-09-14T17:41:40.954+0100] {logging_mixin.py:151} INFO - [2023-09-14T17:41:40.954+0100] {dag.py:3696} INFO - Setting next_dagrun for example_branch_python_operator_decorator to 2023-09-13T00:00:00+00:00, run_after=2023-09-14T00:00:00+00:00
[2023-09-14T17:41:40.988+0100] {processor.py:179} INFO - Processing /home/joestar/Documents/projects/airflow_etl/airflow_env/lib/python3.8/site-packages/airflow/example_dags/example_branch_operator_decorator.py took 0.116 seconds
[2023-09-14T17:42:45.898+0100] {processor.py:157} INFO - Started process (PID=34197) to work on /home/joestar/Documents/projects/airflow_etl/airflow_env/lib/python3.8/site-packages/airflow/example_dags/example_branch_operator_decorator.py
[2023-09-14T17:42:45.899+0100] {processor.py:829} INFO - Processing file /home/joestar/Documents/projects/airflow_etl/airflow_env/lib/python3.8/site-packages/airflow/example_dags/example_branch_operator_decorator.py for tasks to queue
[2023-09-14T17:42:45.904+0100] {logging_mixin.py:151} INFO - [2023-09-14T17:42:45.903+0100] {dagbag.py:539} INFO - Filling up the DagBag from /home/joestar/Documents/projects/airflow_etl/airflow_env/lib/python3.8/site-packages/airflow/example_dags/example_branch_operator_decorator.py
[2023-09-14T17:42:45.922+0100] {processor.py:839} INFO - DAG(s) dict_keys(['example_branch_python_operator_decorator']) retrieved from /home/joestar/Documents/projects/airflow_etl/airflow_env/lib/python3.8/site-packages/airflow/example_dags/example_branch_operator_decorator.py
[2023-09-14T17:42:45.955+0100] {logging_mixin.py:151} INFO - [2023-09-14T17:42:45.954+0100] {dag.py:2915} INFO - Sync 1 DAGs
[2023-09-14T17:42:45.993+0100] {logging_mixin.py:151} INFO - [2023-09-14T17:42:45.993+0100] {dag.py:3696} INFO - Setting next_dagrun for example_branch_python_operator_decorator to 2023-09-13T00:00:00+00:00, run_after=2023-09-14T00:00:00+00:00
[2023-09-14T17:42:46.033+0100] {processor.py:179} INFO - Processing /home/joestar/Documents/projects/airflow_etl/airflow_env/lib/python3.8/site-packages/airflow/example_dags/example_branch_operator_decorator.py took 0.139 seconds
[2023-09-14T17:43:41.979+0100] {processor.py:157} INFO - Started process (PID=34459) to work on /home/joestar/Documents/projects/airflow_etl/airflow_env/lib/python3.8/site-packages/airflow/example_dags/example_branch_operator_decorator.py
[2023-09-14T17:43:41.981+0100] {processor.py:829} INFO - Processing file /home/joestar/Documents/projects/airflow_etl/airflow_env/lib/python3.8/site-packages/airflow/example_dags/example_branch_operator_decorator.py for tasks to queue
[2023-09-14T17:43:41.982+0100] {logging_mixin.py:151} INFO - [2023-09-14T17:43:41.982+0100] {dagbag.py:539} INFO - Filling up the DagBag from /home/joestar/Documents/projects/airflow_etl/airflow_env/lib/python3.8/site-packages/airflow/example_dags/example_branch_operator_decorator.py
[2023-09-14T17:43:41.997+0100] {processor.py:839} INFO - DAG(s) dict_keys(['example_branch_python_operator_decorator']) retrieved from /home/joestar/Documents/projects/airflow_etl/airflow_env/lib/python3.8/site-packages/airflow/example_dags/example_branch_operator_decorator.py
[2023-09-14T17:43:42.019+0100] {logging_mixin.py:151} INFO - [2023-09-14T17:43:42.018+0100] {dag.py:2915} INFO - Sync 1 DAGs
[2023-09-14T17:43:42.049+0100] {logging_mixin.py:151} INFO - [2023-09-14T17:43:42.049+0100] {dag.py:3696} INFO - Setting next_dagrun for example_branch_python_operator_decorator to 2023-09-13T00:00:00+00:00, run_after=2023-09-14T00:00:00+00:00
[2023-09-14T17:43:42.099+0100] {processor.py:179} INFO - Processing /home/joestar/Documents/projects/airflow_etl/airflow_env/lib/python3.8/site-packages/airflow/example_dags/example_branch_operator_decorator.py took 0.124 seconds
[2023-09-14T17:44:44.935+0100] {processor.py:157} INFO - Started process (PID=34772) to work on /home/joestar/Documents/projects/airflow_etl/airflow_env/lib/python3.8/site-packages/airflow/example_dags/example_branch_operator_decorator.py
[2023-09-14T17:44:44.936+0100] {processor.py:829} INFO - Processing file /home/joestar/Documents/projects/airflow_etl/airflow_env/lib/python3.8/site-packages/airflow/example_dags/example_branch_operator_decorator.py for tasks to queue
[2023-09-14T17:44:44.937+0100] {logging_mixin.py:151} INFO - [2023-09-14T17:44:44.937+0100] {dagbag.py:539} INFO - Filling up the DagBag from /home/joestar/Documents/projects/airflow_etl/airflow_env/lib/python3.8/site-packages/airflow/example_dags/example_branch_operator_decorator.py
[2023-09-14T17:44:44.951+0100] {processor.py:839} INFO - DAG(s) dict_keys(['example_branch_python_operator_decorator']) retrieved from /home/joestar/Documents/projects/airflow_etl/airflow_env/lib/python3.8/site-packages/airflow/example_dags/example_branch_operator_decorator.py
[2023-09-14T17:44:44.976+0100] {logging_mixin.py:151} INFO - [2023-09-14T17:44:44.976+0100] {dag.py:2915} INFO - Sync 1 DAGs
[2023-09-14T17:44:45.006+0100] {logging_mixin.py:151} INFO - [2023-09-14T17:44:45.006+0100] {dag.py:3696} INFO - Setting next_dagrun for example_branch_python_operator_decorator to 2023-09-13T00:00:00+00:00, run_after=2023-09-14T00:00:00+00:00
[2023-09-14T17:44:45.039+0100] {processor.py:179} INFO - Processing /home/joestar/Documents/projects/airflow_etl/airflow_env/lib/python3.8/site-packages/airflow/example_dags/example_branch_operator_decorator.py took 0.108 seconds
[2023-09-14T17:45:45.115+0100] {processor.py:157} INFO - Started process (PID=35013) to work on /home/joestar/Documents/projects/airflow_etl/airflow_env/lib/python3.8/site-packages/airflow/example_dags/example_branch_operator_decorator.py
[2023-09-14T17:45:45.116+0100] {processor.py:829} INFO - Processing file /home/joestar/Documents/projects/airflow_etl/airflow_env/lib/python3.8/site-packages/airflow/example_dags/example_branch_operator_decorator.py for tasks to queue
[2023-09-14T17:45:45.117+0100] {logging_mixin.py:151} INFO - [2023-09-14T17:45:45.117+0100] {dagbag.py:539} INFO - Filling up the DagBag from /home/joestar/Documents/projects/airflow_etl/airflow_env/lib/python3.8/site-packages/airflow/example_dags/example_branch_operator_decorator.py
[2023-09-14T17:45:45.128+0100] {processor.py:839} INFO - DAG(s) dict_keys(['example_branch_python_operator_decorator']) retrieved from /home/joestar/Documents/projects/airflow_etl/airflow_env/lib/python3.8/site-packages/airflow/example_dags/example_branch_operator_decorator.py
[2023-09-14T17:45:45.147+0100] {logging_mixin.py:151} INFO - [2023-09-14T17:45:45.146+0100] {dag.py:2915} INFO - Sync 1 DAGs
[2023-09-14T17:45:45.175+0100] {logging_mixin.py:151} INFO - [2023-09-14T17:45:45.175+0100] {dag.py:3696} INFO - Setting next_dagrun for example_branch_python_operator_decorator to 2023-09-13T00:00:00+00:00, run_after=2023-09-14T00:00:00+00:00
[2023-09-14T17:45:45.210+0100] {processor.py:179} INFO - Processing /home/joestar/Documents/projects/airflow_etl/airflow_env/lib/python3.8/site-packages/airflow/example_dags/example_branch_operator_decorator.py took 0.097 seconds
[2023-09-14T17:46:48.205+0100] {processor.py:157} INFO - Started process (PID=35284) to work on /home/joestar/Documents/projects/airflow_etl/airflow_env/lib/python3.8/site-packages/airflow/example_dags/example_branch_operator_decorator.py
[2023-09-14T17:46:48.206+0100] {processor.py:829} INFO - Processing file /home/joestar/Documents/projects/airflow_etl/airflow_env/lib/python3.8/site-packages/airflow/example_dags/example_branch_operator_decorator.py for tasks to queue
[2023-09-14T17:46:48.208+0100] {logging_mixin.py:151} INFO - [2023-09-14T17:46:48.207+0100] {dagbag.py:539} INFO - Filling up the DagBag from /home/joestar/Documents/projects/airflow_etl/airflow_env/lib/python3.8/site-packages/airflow/example_dags/example_branch_operator_decorator.py
[2023-09-14T17:46:48.231+0100] {processor.py:839} INFO - DAG(s) dict_keys(['example_branch_python_operator_decorator']) retrieved from /home/joestar/Documents/projects/airflow_etl/airflow_env/lib/python3.8/site-packages/airflow/example_dags/example_branch_operator_decorator.py
[2023-09-14T17:46:48.267+0100] {logging_mixin.py:151} INFO - [2023-09-14T17:46:48.267+0100] {dag.py:2915} INFO - Sync 1 DAGs
[2023-09-14T17:46:48.302+0100] {logging_mixin.py:151} INFO - [2023-09-14T17:46:48.302+0100] {dag.py:3696} INFO - Setting next_dagrun for example_branch_python_operator_decorator to 2023-09-13T00:00:00+00:00, run_after=2023-09-14T00:00:00+00:00
[2023-09-14T17:46:48.337+0100] {processor.py:179} INFO - Processing /home/joestar/Documents/projects/airflow_etl/airflow_env/lib/python3.8/site-packages/airflow/example_dags/example_branch_operator_decorator.py took 0.137 seconds
[2023-09-14T17:48:07.549+0100] {processor.py:157} INFO - Started process (PID=35610) to work on /home/joestar/Documents/projects/airflow_etl/airflow_env/lib/python3.8/site-packages/airflow/example_dags/example_branch_operator_decorator.py
[2023-09-14T17:48:07.550+0100] {processor.py:829} INFO - Processing file /home/joestar/Documents/projects/airflow_etl/airflow_env/lib/python3.8/site-packages/airflow/example_dags/example_branch_operator_decorator.py for tasks to queue
[2023-09-14T17:48:07.551+0100] {logging_mixin.py:151} INFO - [2023-09-14T17:48:07.550+0100] {dagbag.py:539} INFO - Filling up the DagBag from /home/joestar/Documents/projects/airflow_etl/airflow_env/lib/python3.8/site-packages/airflow/example_dags/example_branch_operator_decorator.py
[2023-09-14T17:48:07.567+0100] {processor.py:839} INFO - DAG(s) dict_keys(['example_branch_python_operator_decorator']) retrieved from /home/joestar/Documents/projects/airflow_etl/airflow_env/lib/python3.8/site-packages/airflow/example_dags/example_branch_operator_decorator.py
[2023-09-14T17:48:07.596+0100] {logging_mixin.py:151} INFO - [2023-09-14T17:48:07.596+0100] {dag.py:2915} INFO - Sync 1 DAGs
[2023-09-14T17:48:07.631+0100] {logging_mixin.py:151} INFO - [2023-09-14T17:48:07.630+0100] {dag.py:3696} INFO - Setting next_dagrun for example_branch_python_operator_decorator to 2023-09-13T00:00:00+00:00, run_after=2023-09-14T00:00:00+00:00
[2023-09-14T17:48:07.664+0100] {processor.py:179} INFO - Processing /home/joestar/Documents/projects/airflow_etl/airflow_env/lib/python3.8/site-packages/airflow/example_dags/example_branch_operator_decorator.py took 0.119 seconds
[2023-09-14T17:49:11.492+0100] {processor.py:157} INFO - Started process (PID=35862) to work on /home/joestar/Documents/projects/airflow_etl/airflow_env/lib/python3.8/site-packages/airflow/example_dags/example_branch_operator_decorator.py
[2023-09-14T17:49:11.493+0100] {processor.py:829} INFO - Processing file /home/joestar/Documents/projects/airflow_etl/airflow_env/lib/python3.8/site-packages/airflow/example_dags/example_branch_operator_decorator.py for tasks to queue
[2023-09-14T17:49:11.494+0100] {logging_mixin.py:151} INFO - [2023-09-14T17:49:11.494+0100] {dagbag.py:539} INFO - Filling up the DagBag from /home/joestar/Documents/projects/airflow_etl/airflow_env/lib/python3.8/site-packages/airflow/example_dags/example_branch_operator_decorator.py
[2023-09-14T17:49:11.514+0100] {processor.py:839} INFO - DAG(s) dict_keys(['example_branch_python_operator_decorator']) retrieved from /home/joestar/Documents/projects/airflow_etl/airflow_env/lib/python3.8/site-packages/airflow/example_dags/example_branch_operator_decorator.py
[2023-09-14T17:49:11.546+0100] {logging_mixin.py:151} INFO - [2023-09-14T17:49:11.546+0100] {dag.py:2915} INFO - Sync 1 DAGs
[2023-09-14T17:49:11.582+0100] {logging_mixin.py:151} INFO - [2023-09-14T17:49:11.582+0100] {dag.py:3696} INFO - Setting next_dagrun for example_branch_python_operator_decorator to 2023-09-13T00:00:00+00:00, run_after=2023-09-14T00:00:00+00:00
[2023-09-14T17:49:11.620+0100] {processor.py:179} INFO - Processing /home/joestar/Documents/projects/airflow_etl/airflow_env/lib/python3.8/site-packages/airflow/example_dags/example_branch_operator_decorator.py took 0.133 seconds
[2023-09-14T17:50:13.742+0100] {processor.py:157} INFO - Started process (PID=36133) to work on /home/joestar/Documents/projects/airflow_etl/airflow_env/lib/python3.8/site-packages/airflow/example_dags/example_branch_operator_decorator.py
[2023-09-14T17:50:13.743+0100] {processor.py:829} INFO - Processing file /home/joestar/Documents/projects/airflow_etl/airflow_env/lib/python3.8/site-packages/airflow/example_dags/example_branch_operator_decorator.py for tasks to queue
[2023-09-14T17:50:13.744+0100] {logging_mixin.py:151} INFO - [2023-09-14T17:50:13.743+0100] {dagbag.py:539} INFO - Filling up the DagBag from /home/joestar/Documents/projects/airflow_etl/airflow_env/lib/python3.8/site-packages/airflow/example_dags/example_branch_operator_decorator.py
[2023-09-14T17:50:13.753+0100] {processor.py:839} INFO - DAG(s) dict_keys(['example_branch_python_operator_decorator']) retrieved from /home/joestar/Documents/projects/airflow_etl/airflow_env/lib/python3.8/site-packages/airflow/example_dags/example_branch_operator_decorator.py
[2023-09-14T17:50:13.769+0100] {logging_mixin.py:151} INFO - [2023-09-14T17:50:13.768+0100] {dag.py:2915} INFO - Sync 1 DAGs
[2023-09-14T17:50:13.786+0100] {logging_mixin.py:151} INFO - [2023-09-14T17:50:13.786+0100] {dag.py:3696} INFO - Setting next_dagrun for example_branch_python_operator_decorator to 2023-09-13T00:00:00+00:00, run_after=2023-09-14T00:00:00+00:00
[2023-09-14T17:50:13.812+0100] {processor.py:179} INFO - Processing /home/joestar/Documents/projects/airflow_etl/airflow_env/lib/python3.8/site-packages/airflow/example_dags/example_branch_operator_decorator.py took 0.073 seconds
[2023-09-14T17:51:14.348+0100] {processor.py:157} INFO - Started process (PID=36414) to work on /home/joestar/Documents/projects/airflow_etl/airflow_env/lib/python3.8/site-packages/airflow/example_dags/example_branch_operator_decorator.py
[2023-09-14T17:51:14.349+0100] {processor.py:829} INFO - Processing file /home/joestar/Documents/projects/airflow_etl/airflow_env/lib/python3.8/site-packages/airflow/example_dags/example_branch_operator_decorator.py for tasks to queue
[2023-09-14T17:51:14.350+0100] {logging_mixin.py:151} INFO - [2023-09-14T17:51:14.349+0100] {dagbag.py:539} INFO - Filling up the DagBag from /home/joestar/Documents/projects/airflow_etl/airflow_env/lib/python3.8/site-packages/airflow/example_dags/example_branch_operator_decorator.py
[2023-09-14T17:51:14.359+0100] {processor.py:839} INFO - DAG(s) dict_keys(['example_branch_python_operator_decorator']) retrieved from /home/joestar/Documents/projects/airflow_etl/airflow_env/lib/python3.8/site-packages/airflow/example_dags/example_branch_operator_decorator.py
[2023-09-14T17:51:14.376+0100] {logging_mixin.py:151} INFO - [2023-09-14T17:51:14.376+0100] {dag.py:2915} INFO - Sync 1 DAGs
[2023-09-14T17:51:14.396+0100] {logging_mixin.py:151} INFO - [2023-09-14T17:51:14.396+0100] {dag.py:3696} INFO - Setting next_dagrun for example_branch_python_operator_decorator to 2023-09-13T00:00:00+00:00, run_after=2023-09-14T00:00:00+00:00
[2023-09-14T17:51:14.421+0100] {processor.py:179} INFO - Processing /home/joestar/Documents/projects/airflow_etl/airflow_env/lib/python3.8/site-packages/airflow/example_dags/example_branch_operator_decorator.py took 0.075 seconds
[2023-09-14T17:52:10.948+0100] {processor.py:157} INFO - Started process (PID=36660) to work on /home/joestar/Documents/projects/airflow_etl/airflow_env/lib/python3.8/site-packages/airflow/example_dags/example_branch_operator_decorator.py
[2023-09-14T17:52:10.949+0100] {processor.py:829} INFO - Processing file /home/joestar/Documents/projects/airflow_etl/airflow_env/lib/python3.8/site-packages/airflow/example_dags/example_branch_operator_decorator.py for tasks to queue
[2023-09-14T17:52:10.950+0100] {logging_mixin.py:151} INFO - [2023-09-14T17:52:10.950+0100] {dagbag.py:539} INFO - Filling up the DagBag from /home/joestar/Documents/projects/airflow_etl/airflow_env/lib/python3.8/site-packages/airflow/example_dags/example_branch_operator_decorator.py
[2023-09-14T17:52:10.960+0100] {processor.py:839} INFO - DAG(s) dict_keys(['example_branch_python_operator_decorator']) retrieved from /home/joestar/Documents/projects/airflow_etl/airflow_env/lib/python3.8/site-packages/airflow/example_dags/example_branch_operator_decorator.py
[2023-09-14T17:52:10.985+0100] {logging_mixin.py:151} INFO - [2023-09-14T17:52:10.984+0100] {dag.py:2915} INFO - Sync 1 DAGs
[2023-09-14T17:52:11.008+0100] {logging_mixin.py:151} INFO - [2023-09-14T17:52:11.008+0100] {dag.py:3696} INFO - Setting next_dagrun for example_branch_python_operator_decorator to 2023-09-13T00:00:00+00:00, run_after=2023-09-14T00:00:00+00:00
[2023-09-14T17:52:11.035+0100] {processor.py:179} INFO - Processing /home/joestar/Documents/projects/airflow_etl/airflow_env/lib/python3.8/site-packages/airflow/example_dags/example_branch_operator_decorator.py took 0.090 seconds
[2023-09-14T17:53:07.812+0100] {processor.py:157} INFO - Started process (PID=36905) to work on /home/joestar/Documents/projects/airflow_etl/airflow_env/lib/python3.8/site-packages/airflow/example_dags/example_branch_operator_decorator.py
[2023-09-14T17:53:07.814+0100] {processor.py:829} INFO - Processing file /home/joestar/Documents/projects/airflow_etl/airflow_env/lib/python3.8/site-packages/airflow/example_dags/example_branch_operator_decorator.py for tasks to queue
[2023-09-14T17:53:07.815+0100] {logging_mixin.py:151} INFO - [2023-09-14T17:53:07.815+0100] {dagbag.py:539} INFO - Filling up the DagBag from /home/joestar/Documents/projects/airflow_etl/airflow_env/lib/python3.8/site-packages/airflow/example_dags/example_branch_operator_decorator.py
[2023-09-14T17:53:07.829+0100] {processor.py:839} INFO - DAG(s) dict_keys(['example_branch_python_operator_decorator']) retrieved from /home/joestar/Documents/projects/airflow_etl/airflow_env/lib/python3.8/site-packages/airflow/example_dags/example_branch_operator_decorator.py
[2023-09-14T17:53:07.856+0100] {logging_mixin.py:151} INFO - [2023-09-14T17:53:07.855+0100] {dag.py:2915} INFO - Sync 1 DAGs
[2023-09-14T17:53:07.884+0100] {logging_mixin.py:151} INFO - [2023-09-14T17:53:07.884+0100] {dag.py:3696} INFO - Setting next_dagrun for example_branch_python_operator_decorator to 2023-09-13T00:00:00+00:00, run_after=2023-09-14T00:00:00+00:00
[2023-09-14T17:53:07.913+0100] {processor.py:179} INFO - Processing /home/joestar/Documents/projects/airflow_etl/airflow_env/lib/python3.8/site-packages/airflow/example_dags/example_branch_operator_decorator.py took 0.106 seconds
[2023-09-14T18:03:35.013+0100] {processor.py:157} INFO - Started process (PID=38849) to work on /home/joestar/Documents/projects/airflow_etl/airflow_env/lib/python3.8/site-packages/airflow/example_dags/example_branch_operator_decorator.py
[2023-09-14T18:03:35.016+0100] {processor.py:829} INFO - Processing file /home/joestar/Documents/projects/airflow_etl/airflow_env/lib/python3.8/site-packages/airflow/example_dags/example_branch_operator_decorator.py for tasks to queue
[2023-09-14T18:03:35.017+0100] {logging_mixin.py:151} INFO - [2023-09-14T18:03:35.016+0100] {dagbag.py:539} INFO - Filling up the DagBag from /home/joestar/Documents/projects/airflow_etl/airflow_env/lib/python3.8/site-packages/airflow/example_dags/example_branch_operator_decorator.py
[2023-09-14T18:03:35.038+0100] {processor.py:839} INFO - DAG(s) dict_keys(['example_branch_python_operator_decorator']) retrieved from /home/joestar/Documents/projects/airflow_etl/airflow_env/lib/python3.8/site-packages/airflow/example_dags/example_branch_operator_decorator.py
[2023-09-14T18:03:35.164+0100] {logging_mixin.py:151} INFO - [2023-09-14T18:03:35.164+0100] {dag.py:2915} INFO - Sync 1 DAGs
[2023-09-14T18:03:35.221+0100] {logging_mixin.py:151} INFO - [2023-09-14T18:03:35.221+0100] {dag.py:3696} INFO - Setting next_dagrun for example_branch_python_operator_decorator to 2023-09-13T00:00:00+00:00, run_after=2023-09-14T00:00:00+00:00
[2023-09-14T18:03:35.425+0100] {processor.py:179} INFO - Processing /home/joestar/Documents/projects/airflow_etl/airflow_env/lib/python3.8/site-packages/airflow/example_dags/example_branch_operator_decorator.py took 0.417 seconds
[2023-09-14T18:04:38.463+0100] {processor.py:157} INFO - Started process (PID=39141) to work on /home/joestar/Documents/projects/airflow_etl/airflow_env/lib/python3.8/site-packages/airflow/example_dags/example_branch_operator_decorator.py
[2023-09-14T18:04:38.464+0100] {processor.py:829} INFO - Processing file /home/joestar/Documents/projects/airflow_etl/airflow_env/lib/python3.8/site-packages/airflow/example_dags/example_branch_operator_decorator.py for tasks to queue
[2023-09-14T18:04:38.465+0100] {logging_mixin.py:151} INFO - [2023-09-14T18:04:38.465+0100] {dagbag.py:539} INFO - Filling up the DagBag from /home/joestar/Documents/projects/airflow_etl/airflow_env/lib/python3.8/site-packages/airflow/example_dags/example_branch_operator_decorator.py
[2023-09-14T18:04:38.475+0100] {processor.py:839} INFO - DAG(s) dict_keys(['example_branch_python_operator_decorator']) retrieved from /home/joestar/Documents/projects/airflow_etl/airflow_env/lib/python3.8/site-packages/airflow/example_dags/example_branch_operator_decorator.py
[2023-09-14T18:04:38.493+0100] {logging_mixin.py:151} INFO - [2023-09-14T18:04:38.493+0100] {dag.py:2915} INFO - Sync 1 DAGs
[2023-09-14T18:04:38.513+0100] {logging_mixin.py:151} INFO - [2023-09-14T18:04:38.513+0100] {dag.py:3696} INFO - Setting next_dagrun for example_branch_python_operator_decorator to 2023-09-13T00:00:00+00:00, run_after=2023-09-14T00:00:00+00:00
[2023-09-14T18:04:38.542+0100] {processor.py:179} INFO - Processing /home/joestar/Documents/projects/airflow_etl/airflow_env/lib/python3.8/site-packages/airflow/example_dags/example_branch_operator_decorator.py took 0.081 seconds
