[2023-09-14T17:12:20.274+0100] {processor.py:157} INFO - Started process (PID=24353) to work on /home/joestar/Documents/projects/airflow_etl/airflow_env/lib/python3.8/site-packages/airflow/example_dags/example_dag_decorator.py
[2023-09-14T17:12:20.275+0100] {processor.py:829} INFO - Processing file /home/joestar/Documents/projects/airflow_etl/airflow_env/lib/python3.8/site-packages/airflow/example_dags/example_dag_decorator.py for tasks to queue
[2023-09-14T17:12:20.276+0100] {logging_mixin.py:151} INFO - [2023-09-14T17:12:20.276+0100] {dagbag.py:539} INFO - Filling up the DagBag from /home/joestar/Documents/projects/airflow_etl/airflow_env/lib/python3.8/site-packages/airflow/example_dags/example_dag_decorator.py
[2023-09-14T17:12:20.288+0100] {processor.py:839} INFO - DAG(s) dict_keys(['example_dag_decorator']) retrieved from /home/joestar/Documents/projects/airflow_etl/airflow_env/lib/python3.8/site-packages/airflow/example_dags/example_dag_decorator.py
[2023-09-14T17:12:20.387+0100] {logging_mixin.py:151} INFO - [2023-09-14T17:12:20.387+0100] {manager.py:499} INFO - Created Permission View: %s
[2023-09-14T17:12:20.407+0100] {logging_mixin.py:151} INFO - [2023-09-14T17:12:20.406+0100] {manager.py:499} INFO - Created Permission View: %s
[2023-09-14T17:12:20.434+0100] {logging_mixin.py:151} INFO - [2023-09-14T17:12:20.434+0100] {manager.py:499} INFO - Created Permission View: %s
[2023-09-14T17:12:20.435+0100] {logging_mixin.py:151} INFO - [2023-09-14T17:12:20.435+0100] {security.py:708} INFO - Not syncing DAG-level permissions for DAG 'DAG:example_dag_decorator' as access control is unset.
[2023-09-14T17:12:20.436+0100] {logging_mixin.py:151} INFO - [2023-09-14T17:12:20.435+0100] {dag.py:2915} INFO - Sync 1 DAGs
[2023-09-14T17:12:20.454+0100] {logging_mixin.py:151} INFO - [2023-09-14T17:12:20.454+0100] {dag.py:2937} INFO - Creating ORM DAG for example_dag_decorator
[2023-09-14T17:12:20.454+0100] {logging_mixin.py:151} INFO - [2023-09-14T17:12:20.454+0100] {dag.py:3696} INFO - Setting next_dagrun for example_dag_decorator to None, run_after=None
[2023-09-14T17:12:20.485+0100] {processor.py:179} INFO - Processing /home/joestar/Documents/projects/airflow_etl/airflow_env/lib/python3.8/site-packages/airflow/example_dags/example_dag_decorator.py took 0.215 seconds
[2023-09-14T17:13:13.665+0100] {processor.py:157} INFO - Started process (PID=24769) to work on /home/joestar/Documents/projects/airflow_etl/airflow_env/lib/python3.8/site-packages/airflow/example_dags/example_dag_decorator.py
[2023-09-14T17:13:13.666+0100] {processor.py:829} INFO - Processing file /home/joestar/Documents/projects/airflow_etl/airflow_env/lib/python3.8/site-packages/airflow/example_dags/example_dag_decorator.py for tasks to queue
[2023-09-14T17:13:13.667+0100] {logging_mixin.py:151} INFO - [2023-09-14T17:13:13.667+0100] {dagbag.py:539} INFO - Filling up the DagBag from /home/joestar/Documents/projects/airflow_etl/airflow_env/lib/python3.8/site-packages/airflow/example_dags/example_dag_decorator.py
[2023-09-14T17:13:13.677+0100] {processor.py:839} INFO - DAG(s) dict_keys(['example_dag_decorator']) retrieved from /home/joestar/Documents/projects/airflow_etl/airflow_env/lib/python3.8/site-packages/airflow/example_dags/example_dag_decorator.py
[2023-09-14T17:13:13.765+0100] {logging_mixin.py:151} INFO - [2023-09-14T17:13:13.765+0100] {security.py:708} INFO - Not syncing DAG-level permissions for DAG 'DAG:example_dag_decorator' as access control is unset.
[2023-09-14T17:13:13.765+0100] {logging_mixin.py:151} INFO - [2023-09-14T17:13:13.765+0100] {dag.py:2915} INFO - Sync 1 DAGs
[2023-09-14T17:13:13.773+0100] {logging_mixin.py:151} INFO - [2023-09-14T17:13:13.773+0100] {dag.py:3696} INFO - Setting next_dagrun for example_dag_decorator to None, run_after=None
[2023-09-14T17:13:13.798+0100] {processor.py:179} INFO - Processing /home/joestar/Documents/projects/airflow_etl/airflow_env/lib/python3.8/site-packages/airflow/example_dags/example_dag_decorator.py took 0.136 seconds
[2023-09-14T17:14:02.343+0100] {processor.py:157} INFO - Started process (PID=25098) to work on /home/joestar/Documents/projects/airflow_etl/airflow_env/lib/python3.8/site-packages/airflow/example_dags/example_dag_decorator.py
[2023-09-14T17:14:02.344+0100] {processor.py:829} INFO - Processing file /home/joestar/Documents/projects/airflow_etl/airflow_env/lib/python3.8/site-packages/airflow/example_dags/example_dag_decorator.py for tasks to queue
[2023-09-14T17:14:02.345+0100] {logging_mixin.py:151} INFO - [2023-09-14T17:14:02.345+0100] {dagbag.py:539} INFO - Filling up the DagBag from /home/joestar/Documents/projects/airflow_etl/airflow_env/lib/python3.8/site-packages/airflow/example_dags/example_dag_decorator.py
[2023-09-14T17:14:02.360+0100] {processor.py:839} INFO - DAG(s) dict_keys(['example_dag_decorator']) retrieved from /home/joestar/Documents/projects/airflow_etl/airflow_env/lib/python3.8/site-packages/airflow/example_dags/example_dag_decorator.py
[2023-09-14T17:14:02.441+0100] {logging_mixin.py:151} INFO - [2023-09-14T17:14:02.441+0100] {security.py:708} INFO - Not syncing DAG-level permissions for DAG 'DAG:example_dag_decorator' as access control is unset.
[2023-09-14T17:14:02.441+0100] {logging_mixin.py:151} INFO - [2023-09-14T17:14:02.441+0100] {dag.py:2915} INFO - Sync 1 DAGs
[2023-09-14T17:14:02.449+0100] {logging_mixin.py:151} INFO - [2023-09-14T17:14:02.449+0100] {dag.py:3696} INFO - Setting next_dagrun for example_dag_decorator to None, run_after=None
[2023-09-14T17:14:02.472+0100] {processor.py:179} INFO - Processing /home/joestar/Documents/projects/airflow_etl/airflow_env/lib/python3.8/site-packages/airflow/example_dags/example_dag_decorator.py took 0.134 seconds
[2023-09-14T17:14:56.134+0100] {processor.py:157} INFO - Started process (PID=25720) to work on /home/joestar/Documents/projects/airflow_etl/airflow_env/lib/python3.8/site-packages/airflow/example_dags/example_dag_decorator.py
[2023-09-14T17:14:56.135+0100] {processor.py:829} INFO - Processing file /home/joestar/Documents/projects/airflow_etl/airflow_env/lib/python3.8/site-packages/airflow/example_dags/example_dag_decorator.py for tasks to queue
[2023-09-14T17:14:56.136+0100] {logging_mixin.py:151} INFO - [2023-09-14T17:14:56.135+0100] {dagbag.py:539} INFO - Filling up the DagBag from /home/joestar/Documents/projects/airflow_etl/airflow_env/lib/python3.8/site-packages/airflow/example_dags/example_dag_decorator.py
[2023-09-14T17:14:56.146+0100] {processor.py:839} INFO - DAG(s) dict_keys(['example_dag_decorator']) retrieved from /home/joestar/Documents/projects/airflow_etl/airflow_env/lib/python3.8/site-packages/airflow/example_dags/example_dag_decorator.py
[2023-09-14T17:14:56.254+0100] {logging_mixin.py:151} INFO - [2023-09-14T17:14:56.254+0100] {security.py:708} INFO - Not syncing DAG-level permissions for DAG 'DAG:example_dag_decorator' as access control is unset.
[2023-09-14T17:14:56.254+0100] {logging_mixin.py:151} INFO - [2023-09-14T17:14:56.254+0100] {dag.py:2915} INFO - Sync 1 DAGs
[2023-09-14T17:14:56.267+0100] {logging_mixin.py:151} INFO - [2023-09-14T17:14:56.267+0100] {dag.py:3696} INFO - Setting next_dagrun for example_dag_decorator to None, run_after=None
[2023-09-14T17:14:56.297+0100] {processor.py:179} INFO - Processing /home/joestar/Documents/projects/airflow_etl/airflow_env/lib/python3.8/site-packages/airflow/example_dags/example_dag_decorator.py took 0.165 seconds
[2023-09-14T17:15:41.848+0100] {processor.py:157} INFO - Started process (PID=25982) to work on /home/joestar/Documents/projects/airflow_etl/airflow_env/lib/python3.8/site-packages/airflow/example_dags/example_dag_decorator.py
[2023-09-14T17:15:41.849+0100] {processor.py:829} INFO - Processing file /home/joestar/Documents/projects/airflow_etl/airflow_env/lib/python3.8/site-packages/airflow/example_dags/example_dag_decorator.py for tasks to queue
[2023-09-14T17:15:41.850+0100] {logging_mixin.py:151} INFO - [2023-09-14T17:15:41.849+0100] {dagbag.py:539} INFO - Filling up the DagBag from /home/joestar/Documents/projects/airflow_etl/airflow_env/lib/python3.8/site-packages/airflow/example_dags/example_dag_decorator.py
[2023-09-14T17:15:41.862+0100] {processor.py:839} INFO - DAG(s) dict_keys(['example_dag_decorator']) retrieved from /home/joestar/Documents/projects/airflow_etl/airflow_env/lib/python3.8/site-packages/airflow/example_dags/example_dag_decorator.py
[2023-09-14T17:15:41.961+0100] {logging_mixin.py:151} INFO - [2023-09-14T17:15:41.961+0100] {security.py:708} INFO - Not syncing DAG-level permissions for DAG 'DAG:example_dag_decorator' as access control is unset.
[2023-09-14T17:15:41.962+0100] {logging_mixin.py:151} INFO - [2023-09-14T17:15:41.962+0100] {dag.py:2915} INFO - Sync 1 DAGs
[2023-09-14T17:15:41.971+0100] {logging_mixin.py:151} INFO - [2023-09-14T17:15:41.970+0100] {dag.py:3696} INFO - Setting next_dagrun for example_dag_decorator to None, run_after=None
[2023-09-14T17:15:42.009+0100] {processor.py:179} INFO - Processing /home/joestar/Documents/projects/airflow_etl/airflow_env/lib/python3.8/site-packages/airflow/example_dags/example_dag_decorator.py took 0.163 seconds
[2023-09-14T17:16:37.241+0100] {processor.py:157} INFO - Started process (PID=26234) to work on /home/joestar/Documents/projects/airflow_etl/airflow_env/lib/python3.8/site-packages/airflow/example_dags/example_dag_decorator.py
[2023-09-14T17:16:37.242+0100] {processor.py:829} INFO - Processing file /home/joestar/Documents/projects/airflow_etl/airflow_env/lib/python3.8/site-packages/airflow/example_dags/example_dag_decorator.py for tasks to queue
[2023-09-14T17:16:37.243+0100] {logging_mixin.py:151} INFO - [2023-09-14T17:16:37.243+0100] {dagbag.py:539} INFO - Filling up the DagBag from /home/joestar/Documents/projects/airflow_etl/airflow_env/lib/python3.8/site-packages/airflow/example_dags/example_dag_decorator.py
[2023-09-14T17:16:37.258+0100] {processor.py:839} INFO - DAG(s) dict_keys(['example_dag_decorator']) retrieved from /home/joestar/Documents/projects/airflow_etl/airflow_env/lib/python3.8/site-packages/airflow/example_dags/example_dag_decorator.py
[2023-09-14T17:16:37.391+0100] {logging_mixin.py:151} INFO - [2023-09-14T17:16:37.391+0100] {security.py:708} INFO - Not syncing DAG-level permissions for DAG 'DAG:example_dag_decorator' as access control is unset.
[2023-09-14T17:16:37.391+0100] {logging_mixin.py:151} INFO - [2023-09-14T17:16:37.391+0100] {dag.py:2915} INFO - Sync 1 DAGs
[2023-09-14T17:16:37.404+0100] {logging_mixin.py:151} INFO - [2023-09-14T17:16:37.404+0100] {dag.py:3696} INFO - Setting next_dagrun for example_dag_decorator to None, run_after=None
[2023-09-14T17:16:37.432+0100] {processor.py:179} INFO - Processing /home/joestar/Documents/projects/airflow_etl/airflow_env/lib/python3.8/site-packages/airflow/example_dags/example_dag_decorator.py took 0.194 seconds
[2023-09-14T17:17:26.805+0100] {processor.py:157} INFO - Started process (PID=26484) to work on /home/joestar/Documents/projects/airflow_etl/airflow_env/lib/python3.8/site-packages/airflow/example_dags/example_dag_decorator.py
[2023-09-14T17:17:26.806+0100] {processor.py:829} INFO - Processing file /home/joestar/Documents/projects/airflow_etl/airflow_env/lib/python3.8/site-packages/airflow/example_dags/example_dag_decorator.py for tasks to queue
[2023-09-14T17:17:26.807+0100] {logging_mixin.py:151} INFO - [2023-09-14T17:17:26.807+0100] {dagbag.py:539} INFO - Filling up the DagBag from /home/joestar/Documents/projects/airflow_etl/airflow_env/lib/python3.8/site-packages/airflow/example_dags/example_dag_decorator.py
[2023-09-14T17:17:26.826+0100] {processor.py:839} INFO - DAG(s) dict_keys(['example_dag_decorator']) retrieved from /home/joestar/Documents/projects/airflow_etl/airflow_env/lib/python3.8/site-packages/airflow/example_dags/example_dag_decorator.py
[2023-09-14T17:17:26.997+0100] {logging_mixin.py:151} INFO - [2023-09-14T17:17:26.996+0100] {security.py:708} INFO - Not syncing DAG-level permissions for DAG 'DAG:example_dag_decorator' as access control is unset.
[2023-09-14T17:17:26.997+0100] {logging_mixin.py:151} INFO - [2023-09-14T17:17:26.997+0100] {dag.py:2915} INFO - Sync 1 DAGs
[2023-09-14T17:17:27.013+0100] {logging_mixin.py:151} INFO - [2023-09-14T17:17:27.013+0100] {dag.py:3696} INFO - Setting next_dagrun for example_dag_decorator to None, run_after=None
[2023-09-14T17:17:27.048+0100] {processor.py:179} INFO - Processing /home/joestar/Documents/projects/airflow_etl/airflow_env/lib/python3.8/site-packages/airflow/example_dags/example_dag_decorator.py took 0.247 seconds
[2023-09-14T17:18:16.143+0100] {processor.py:157} INFO - Started process (PID=26779) to work on /home/joestar/Documents/projects/airflow_etl/airflow_env/lib/python3.8/site-packages/airflow/example_dags/example_dag_decorator.py
[2023-09-14T17:18:16.146+0100] {processor.py:829} INFO - Processing file /home/joestar/Documents/projects/airflow_etl/airflow_env/lib/python3.8/site-packages/airflow/example_dags/example_dag_decorator.py for tasks to queue
[2023-09-14T17:18:16.149+0100] {logging_mixin.py:151} INFO - [2023-09-14T17:18:16.148+0100] {dagbag.py:539} INFO - Filling up the DagBag from /home/joestar/Documents/projects/airflow_etl/airflow_env/lib/python3.8/site-packages/airflow/example_dags/example_dag_decorator.py
[2023-09-14T17:18:16.168+0100] {processor.py:839} INFO - DAG(s) dict_keys(['example_dag_decorator']) retrieved from /home/joestar/Documents/projects/airflow_etl/airflow_env/lib/python3.8/site-packages/airflow/example_dags/example_dag_decorator.py
[2023-09-14T17:18:16.262+0100] {logging_mixin.py:151} INFO - [2023-09-14T17:18:16.262+0100] {security.py:708} INFO - Not syncing DAG-level permissions for DAG 'DAG:example_dag_decorator' as access control is unset.
[2023-09-14T17:18:16.263+0100] {logging_mixin.py:151} INFO - [2023-09-14T17:18:16.263+0100] {dag.py:2915} INFO - Sync 1 DAGs
[2023-09-14T17:18:16.276+0100] {logging_mixin.py:151} INFO - [2023-09-14T17:18:16.275+0100] {dag.py:3696} INFO - Setting next_dagrun for example_dag_decorator to None, run_after=None
[2023-09-14T17:18:16.304+0100] {processor.py:179} INFO - Processing /home/joestar/Documents/projects/airflow_etl/airflow_env/lib/python3.8/site-packages/airflow/example_dags/example_dag_decorator.py took 0.170 seconds
[2023-09-14T17:19:10.322+0100] {processor.py:157} INFO - Started process (PID=27220) to work on /home/joestar/Documents/projects/airflow_etl/airflow_env/lib/python3.8/site-packages/airflow/example_dags/example_dag_decorator.py
[2023-09-14T17:19:10.323+0100] {processor.py:829} INFO - Processing file /home/joestar/Documents/projects/airflow_etl/airflow_env/lib/python3.8/site-packages/airflow/example_dags/example_dag_decorator.py for tasks to queue
[2023-09-14T17:19:10.324+0100] {logging_mixin.py:151} INFO - [2023-09-14T17:19:10.324+0100] {dagbag.py:539} INFO - Filling up the DagBag from /home/joestar/Documents/projects/airflow_etl/airflow_env/lib/python3.8/site-packages/airflow/example_dags/example_dag_decorator.py
[2023-09-14T17:19:10.336+0100] {processor.py:839} INFO - DAG(s) dict_keys(['example_dag_decorator']) retrieved from /home/joestar/Documents/projects/airflow_etl/airflow_env/lib/python3.8/site-packages/airflow/example_dags/example_dag_decorator.py
[2023-09-14T17:19:10.453+0100] {logging_mixin.py:151} INFO - [2023-09-14T17:19:10.453+0100] {security.py:708} INFO - Not syncing DAG-level permissions for DAG 'DAG:example_dag_decorator' as access control is unset.
[2023-09-14T17:19:10.454+0100] {logging_mixin.py:151} INFO - [2023-09-14T17:19:10.454+0100] {dag.py:2915} INFO - Sync 1 DAGs
[2023-09-14T17:19:10.468+0100] {logging_mixin.py:151} INFO - [2023-09-14T17:19:10.468+0100] {dag.py:3696} INFO - Setting next_dagrun for example_dag_decorator to None, run_after=None
[2023-09-14T17:19:10.508+0100] {processor.py:179} INFO - Processing /home/joestar/Documents/projects/airflow_etl/airflow_env/lib/python3.8/site-packages/airflow/example_dags/example_dag_decorator.py took 0.188 seconds
[2023-09-14T17:20:08.844+0100] {processor.py:157} INFO - Started process (PID=27481) to work on /home/joestar/Documents/projects/airflow_etl/airflow_env/lib/python3.8/site-packages/airflow/example_dags/example_dag_decorator.py
[2023-09-14T17:20:08.845+0100] {processor.py:829} INFO - Processing file /home/joestar/Documents/projects/airflow_etl/airflow_env/lib/python3.8/site-packages/airflow/example_dags/example_dag_decorator.py for tasks to queue
[2023-09-14T17:20:08.846+0100] {logging_mixin.py:151} INFO - [2023-09-14T17:20:08.846+0100] {dagbag.py:539} INFO - Filling up the DagBag from /home/joestar/Documents/projects/airflow_etl/airflow_env/lib/python3.8/site-packages/airflow/example_dags/example_dag_decorator.py
[2023-09-14T17:20:08.857+0100] {processor.py:839} INFO - DAG(s) dict_keys(['example_dag_decorator']) retrieved from /home/joestar/Documents/projects/airflow_etl/airflow_env/lib/python3.8/site-packages/airflow/example_dags/example_dag_decorator.py
[2023-09-14T17:20:08.947+0100] {logging_mixin.py:151} INFO - [2023-09-14T17:20:08.946+0100] {security.py:708} INFO - Not syncing DAG-level permissions for DAG 'DAG:example_dag_decorator' as access control is unset.
[2023-09-14T17:20:08.947+0100] {logging_mixin.py:151} INFO - [2023-09-14T17:20:08.947+0100] {dag.py:2915} INFO - Sync 1 DAGs
[2023-09-14T17:20:08.957+0100] {logging_mixin.py:151} INFO - [2023-09-14T17:20:08.957+0100] {dag.py:3696} INFO - Setting next_dagrun for example_dag_decorator to None, run_after=None
[2023-09-14T17:20:08.996+0100] {processor.py:179} INFO - Processing /home/joestar/Documents/projects/airflow_etl/airflow_env/lib/python3.8/site-packages/airflow/example_dags/example_dag_decorator.py took 0.155 seconds
[2023-09-14T17:20:59.668+0100] {processor.py:157} INFO - Started process (PID=27703) to work on /home/joestar/Documents/projects/airflow_etl/airflow_env/lib/python3.8/site-packages/airflow/example_dags/example_dag_decorator.py
[2023-09-14T17:20:59.669+0100] {processor.py:829} INFO - Processing file /home/joestar/Documents/projects/airflow_etl/airflow_env/lib/python3.8/site-packages/airflow/example_dags/example_dag_decorator.py for tasks to queue
[2023-09-14T17:20:59.670+0100] {logging_mixin.py:151} INFO - [2023-09-14T17:20:59.670+0100] {dagbag.py:539} INFO - Filling up the DagBag from /home/joestar/Documents/projects/airflow_etl/airflow_env/lib/python3.8/site-packages/airflow/example_dags/example_dag_decorator.py
[2023-09-14T17:20:59.686+0100] {processor.py:839} INFO - DAG(s) dict_keys(['example_dag_decorator']) retrieved from /home/joestar/Documents/projects/airflow_etl/airflow_env/lib/python3.8/site-packages/airflow/example_dags/example_dag_decorator.py
[2023-09-14T17:20:59.811+0100] {logging_mixin.py:151} INFO - [2023-09-14T17:20:59.811+0100] {security.py:708} INFO - Not syncing DAG-level permissions for DAG 'DAG:example_dag_decorator' as access control is unset.
[2023-09-14T17:20:59.811+0100] {logging_mixin.py:151} INFO - [2023-09-14T17:20:59.811+0100] {dag.py:2915} INFO - Sync 1 DAGs
[2023-09-14T17:20:59.824+0100] {logging_mixin.py:151} INFO - [2023-09-14T17:20:59.824+0100] {dag.py:3696} INFO - Setting next_dagrun for example_dag_decorator to None, run_after=None
[2023-09-14T17:20:59.853+0100] {processor.py:179} INFO - Processing /home/joestar/Documents/projects/airflow_etl/airflow_env/lib/python3.8/site-packages/airflow/example_dags/example_dag_decorator.py took 0.188 seconds
[2023-09-14T17:21:52.807+0100] {processor.py:157} INFO - Started process (PID=27925) to work on /home/joestar/Documents/projects/airflow_etl/airflow_env/lib/python3.8/site-packages/airflow/example_dags/example_dag_decorator.py
[2023-09-14T17:21:52.808+0100] {processor.py:829} INFO - Processing file /home/joestar/Documents/projects/airflow_etl/airflow_env/lib/python3.8/site-packages/airflow/example_dags/example_dag_decorator.py for tasks to queue
[2023-09-14T17:21:52.808+0100] {logging_mixin.py:151} INFO - [2023-09-14T17:21:52.808+0100] {dagbag.py:539} INFO - Filling up the DagBag from /home/joestar/Documents/projects/airflow_etl/airflow_env/lib/python3.8/site-packages/airflow/example_dags/example_dag_decorator.py
[2023-09-14T17:21:52.822+0100] {processor.py:839} INFO - DAG(s) dict_keys(['example_dag_decorator']) retrieved from /home/joestar/Documents/projects/airflow_etl/airflow_env/lib/python3.8/site-packages/airflow/example_dags/example_dag_decorator.py
[2023-09-14T17:21:52.955+0100] {logging_mixin.py:151} INFO - [2023-09-14T17:21:52.955+0100] {security.py:708} INFO - Not syncing DAG-level permissions for DAG 'DAG:example_dag_decorator' as access control is unset.
[2023-09-14T17:21:52.955+0100] {logging_mixin.py:151} INFO - [2023-09-14T17:21:52.955+0100] {dag.py:2915} INFO - Sync 1 DAGs
[2023-09-14T17:21:52.970+0100] {logging_mixin.py:151} INFO - [2023-09-14T17:21:52.969+0100] {dag.py:3696} INFO - Setting next_dagrun for example_dag_decorator to None, run_after=None
[2023-09-14T17:21:53.004+0100] {processor.py:179} INFO - Processing /home/joestar/Documents/projects/airflow_etl/airflow_env/lib/python3.8/site-packages/airflow/example_dags/example_dag_decorator.py took 0.200 seconds
[2023-09-14T17:22:46.837+0100] {processor.py:157} INFO - Started process (PID=28149) to work on /home/joestar/Documents/projects/airflow_etl/airflow_env/lib/python3.8/site-packages/airflow/example_dags/example_dag_decorator.py
[2023-09-14T17:22:46.838+0100] {processor.py:829} INFO - Processing file /home/joestar/Documents/projects/airflow_etl/airflow_env/lib/python3.8/site-packages/airflow/example_dags/example_dag_decorator.py for tasks to queue
[2023-09-14T17:22:46.839+0100] {logging_mixin.py:151} INFO - [2023-09-14T17:22:46.839+0100] {dagbag.py:539} INFO - Filling up the DagBag from /home/joestar/Documents/projects/airflow_etl/airflow_env/lib/python3.8/site-packages/airflow/example_dags/example_dag_decorator.py
[2023-09-14T17:22:46.853+0100] {processor.py:839} INFO - DAG(s) dict_keys(['example_dag_decorator']) retrieved from /home/joestar/Documents/projects/airflow_etl/airflow_env/lib/python3.8/site-packages/airflow/example_dags/example_dag_decorator.py
[2023-09-14T17:22:46.977+0100] {logging_mixin.py:151} INFO - [2023-09-14T17:22:46.977+0100] {security.py:708} INFO - Not syncing DAG-level permissions for DAG 'DAG:example_dag_decorator' as access control is unset.
[2023-09-14T17:22:46.978+0100] {logging_mixin.py:151} INFO - [2023-09-14T17:22:46.978+0100] {dag.py:2915} INFO - Sync 1 DAGs
[2023-09-14T17:22:46.989+0100] {logging_mixin.py:151} INFO - [2023-09-14T17:22:46.989+0100] {dag.py:3696} INFO - Setting next_dagrun for example_dag_decorator to None, run_after=None
[2023-09-14T17:22:47.019+0100] {processor.py:179} INFO - Processing /home/joestar/Documents/projects/airflow_etl/airflow_env/lib/python3.8/site-packages/airflow/example_dags/example_dag_decorator.py took 0.185 seconds
[2023-09-14T17:23:41.300+0100] {processor.py:157} INFO - Started process (PID=28398) to work on /home/joestar/Documents/projects/airflow_etl/airflow_env/lib/python3.8/site-packages/airflow/example_dags/example_dag_decorator.py
[2023-09-14T17:23:41.300+0100] {processor.py:829} INFO - Processing file /home/joestar/Documents/projects/airflow_etl/airflow_env/lib/python3.8/site-packages/airflow/example_dags/example_dag_decorator.py for tasks to queue
[2023-09-14T17:23:41.301+0100] {logging_mixin.py:151} INFO - [2023-09-14T17:23:41.301+0100] {dagbag.py:539} INFO - Filling up the DagBag from /home/joestar/Documents/projects/airflow_etl/airflow_env/lib/python3.8/site-packages/airflow/example_dags/example_dag_decorator.py
[2023-09-14T17:23:41.312+0100] {processor.py:839} INFO - DAG(s) dict_keys(['example_dag_decorator']) retrieved from /home/joestar/Documents/projects/airflow_etl/airflow_env/lib/python3.8/site-packages/airflow/example_dags/example_dag_decorator.py
[2023-09-14T17:23:41.445+0100] {logging_mixin.py:151} INFO - [2023-09-14T17:23:41.445+0100] {security.py:708} INFO - Not syncing DAG-level permissions for DAG 'DAG:example_dag_decorator' as access control is unset.
[2023-09-14T17:23:41.446+0100] {logging_mixin.py:151} INFO - [2023-09-14T17:23:41.445+0100] {dag.py:2915} INFO - Sync 1 DAGs
[2023-09-14T17:23:41.456+0100] {logging_mixin.py:151} INFO - [2023-09-14T17:23:41.455+0100] {dag.py:3696} INFO - Setting next_dagrun for example_dag_decorator to None, run_after=None
[2023-09-14T17:23:41.490+0100] {processor.py:179} INFO - Processing /home/joestar/Documents/projects/airflow_etl/airflow_env/lib/python3.8/site-packages/airflow/example_dags/example_dag_decorator.py took 0.194 seconds
[2023-09-14T17:24:41.401+0100] {processor.py:157} INFO - Started process (PID=28667) to work on /home/joestar/Documents/projects/airflow_etl/airflow_env/lib/python3.8/site-packages/airflow/example_dags/example_dag_decorator.py
[2023-09-14T17:24:41.402+0100] {processor.py:829} INFO - Processing file /home/joestar/Documents/projects/airflow_etl/airflow_env/lib/python3.8/site-packages/airflow/example_dags/example_dag_decorator.py for tasks to queue
[2023-09-14T17:24:41.403+0100] {logging_mixin.py:151} INFO - [2023-09-14T17:24:41.402+0100] {dagbag.py:539} INFO - Filling up the DagBag from /home/joestar/Documents/projects/airflow_etl/airflow_env/lib/python3.8/site-packages/airflow/example_dags/example_dag_decorator.py
[2023-09-14T17:24:41.415+0100] {processor.py:839} INFO - DAG(s) dict_keys(['example_dag_decorator']) retrieved from /home/joestar/Documents/projects/airflow_etl/airflow_env/lib/python3.8/site-packages/airflow/example_dags/example_dag_decorator.py
[2023-09-14T17:24:41.525+0100] {logging_mixin.py:151} INFO - [2023-09-14T17:24:41.525+0100] {security.py:708} INFO - Not syncing DAG-level permissions for DAG 'DAG:example_dag_decorator' as access control is unset.
[2023-09-14T17:24:41.525+0100] {logging_mixin.py:151} INFO - [2023-09-14T17:24:41.525+0100] {dag.py:2915} INFO - Sync 1 DAGs
[2023-09-14T17:24:41.535+0100] {logging_mixin.py:151} INFO - [2023-09-14T17:24:41.535+0100] {dag.py:3696} INFO - Setting next_dagrun for example_dag_decorator to None, run_after=None
[2023-09-14T17:24:41.562+0100] {processor.py:179} INFO - Processing /home/joestar/Documents/projects/airflow_etl/airflow_env/lib/python3.8/site-packages/airflow/example_dags/example_dag_decorator.py took 0.164 seconds
[2023-09-14T17:25:38.316+0100] {processor.py:157} INFO - Started process (PID=28893) to work on /home/joestar/Documents/projects/airflow_etl/airflow_env/lib/python3.8/site-packages/airflow/example_dags/example_dag_decorator.py
[2023-09-14T17:25:38.317+0100] {processor.py:829} INFO - Processing file /home/joestar/Documents/projects/airflow_etl/airflow_env/lib/python3.8/site-packages/airflow/example_dags/example_dag_decorator.py for tasks to queue
[2023-09-14T17:25:38.318+0100] {logging_mixin.py:151} INFO - [2023-09-14T17:25:38.318+0100] {dagbag.py:539} INFO - Filling up the DagBag from /home/joestar/Documents/projects/airflow_etl/airflow_env/lib/python3.8/site-packages/airflow/example_dags/example_dag_decorator.py
[2023-09-14T17:25:38.339+0100] {processor.py:839} INFO - DAG(s) dict_keys(['example_dag_decorator']) retrieved from /home/joestar/Documents/projects/airflow_etl/airflow_env/lib/python3.8/site-packages/airflow/example_dags/example_dag_decorator.py
[2023-09-14T17:25:38.465+0100] {logging_mixin.py:151} INFO - [2023-09-14T17:25:38.465+0100] {security.py:708} INFO - Not syncing DAG-level permissions for DAG 'DAG:example_dag_decorator' as access control is unset.
[2023-09-14T17:25:38.465+0100] {logging_mixin.py:151} INFO - [2023-09-14T17:25:38.465+0100] {dag.py:2915} INFO - Sync 1 DAGs
[2023-09-14T17:25:38.476+0100] {logging_mixin.py:151} INFO - [2023-09-14T17:25:38.476+0100] {dag.py:3696} INFO - Setting next_dagrun for example_dag_decorator to None, run_after=None
[2023-09-14T17:25:38.508+0100] {processor.py:179} INFO - Processing /home/joestar/Documents/projects/airflow_etl/airflow_env/lib/python3.8/site-packages/airflow/example_dags/example_dag_decorator.py took 0.197 seconds
[2023-09-14T17:26:31.895+0100] {processor.py:157} INFO - Started process (PID=29133) to work on /home/joestar/Documents/projects/airflow_etl/airflow_env/lib/python3.8/site-packages/airflow/example_dags/example_dag_decorator.py
[2023-09-14T17:26:31.896+0100] {processor.py:829} INFO - Processing file /home/joestar/Documents/projects/airflow_etl/airflow_env/lib/python3.8/site-packages/airflow/example_dags/example_dag_decorator.py for tasks to queue
[2023-09-14T17:26:31.898+0100] {logging_mixin.py:151} INFO - [2023-09-14T17:26:31.897+0100] {dagbag.py:539} INFO - Filling up the DagBag from /home/joestar/Documents/projects/airflow_etl/airflow_env/lib/python3.8/site-packages/airflow/example_dags/example_dag_decorator.py
[2023-09-14T17:26:31.910+0100] {processor.py:839} INFO - DAG(s) dict_keys(['example_dag_decorator']) retrieved from /home/joestar/Documents/projects/airflow_etl/airflow_env/lib/python3.8/site-packages/airflow/example_dags/example_dag_decorator.py
[2023-09-14T17:26:32.022+0100] {logging_mixin.py:151} INFO - [2023-09-14T17:26:32.021+0100] {security.py:708} INFO - Not syncing DAG-level permissions for DAG 'DAG:example_dag_decorator' as access control is unset.
[2023-09-14T17:26:32.022+0100] {logging_mixin.py:151} INFO - [2023-09-14T17:26:32.022+0100] {dag.py:2915} INFO - Sync 1 DAGs
[2023-09-14T17:26:32.034+0100] {logging_mixin.py:151} INFO - [2023-09-14T17:26:32.034+0100] {dag.py:3696} INFO - Setting next_dagrun for example_dag_decorator to None, run_after=None
[2023-09-14T17:26:32.060+0100] {processor.py:179} INFO - Processing /home/joestar/Documents/projects/airflow_etl/airflow_env/lib/python3.8/site-packages/airflow/example_dags/example_dag_decorator.py took 0.168 seconds
[2023-09-14T17:27:24.468+0100] {processor.py:157} INFO - Started process (PID=29367) to work on /home/joestar/Documents/projects/airflow_etl/airflow_env/lib/python3.8/site-packages/airflow/example_dags/example_dag_decorator.py
[2023-09-14T17:27:24.469+0100] {processor.py:829} INFO - Processing file /home/joestar/Documents/projects/airflow_etl/airflow_env/lib/python3.8/site-packages/airflow/example_dags/example_dag_decorator.py for tasks to queue
[2023-09-14T17:27:24.470+0100] {logging_mixin.py:151} INFO - [2023-09-14T17:27:24.470+0100] {dagbag.py:539} INFO - Filling up the DagBag from /home/joestar/Documents/projects/airflow_etl/airflow_env/lib/python3.8/site-packages/airflow/example_dags/example_dag_decorator.py
[2023-09-14T17:27:24.489+0100] {processor.py:839} INFO - DAG(s) dict_keys(['example_dag_decorator']) retrieved from /home/joestar/Documents/projects/airflow_etl/airflow_env/lib/python3.8/site-packages/airflow/example_dags/example_dag_decorator.py
[2023-09-14T17:27:24.611+0100] {logging_mixin.py:151} INFO - [2023-09-14T17:27:24.611+0100] {security.py:708} INFO - Not syncing DAG-level permissions for DAG 'DAG:example_dag_decorator' as access control is unset.
[2023-09-14T17:27:24.612+0100] {logging_mixin.py:151} INFO - [2023-09-14T17:27:24.611+0100] {dag.py:2915} INFO - Sync 1 DAGs
[2023-09-14T17:27:24.625+0100] {logging_mixin.py:151} INFO - [2023-09-14T17:27:24.625+0100] {dag.py:3696} INFO - Setting next_dagrun for example_dag_decorator to None, run_after=None
[2023-09-14T17:27:24.657+0100] {processor.py:179} INFO - Processing /home/joestar/Documents/projects/airflow_etl/airflow_env/lib/python3.8/site-packages/airflow/example_dags/example_dag_decorator.py took 0.192 seconds
[2023-09-14T17:28:20.401+0100] {processor.py:157} INFO - Started process (PID=29622) to work on /home/joestar/Documents/projects/airflow_etl/airflow_env/lib/python3.8/site-packages/airflow/example_dags/example_dag_decorator.py
[2023-09-14T17:28:20.402+0100] {processor.py:829} INFO - Processing file /home/joestar/Documents/projects/airflow_etl/airflow_env/lib/python3.8/site-packages/airflow/example_dags/example_dag_decorator.py for tasks to queue
[2023-09-14T17:28:20.404+0100] {logging_mixin.py:151} INFO - [2023-09-14T17:28:20.403+0100] {dagbag.py:539} INFO - Filling up the DagBag from /home/joestar/Documents/projects/airflow_etl/airflow_env/lib/python3.8/site-packages/airflow/example_dags/example_dag_decorator.py
[2023-09-14T17:28:20.422+0100] {processor.py:839} INFO - DAG(s) dict_keys(['example_dag_decorator']) retrieved from /home/joestar/Documents/projects/airflow_etl/airflow_env/lib/python3.8/site-packages/airflow/example_dags/example_dag_decorator.py
[2023-09-14T17:28:20.561+0100] {logging_mixin.py:151} INFO - [2023-09-14T17:28:20.560+0100] {security.py:708} INFO - Not syncing DAG-level permissions for DAG 'DAG:example_dag_decorator' as access control is unset.
[2023-09-14T17:28:20.561+0100] {logging_mixin.py:151} INFO - [2023-09-14T17:28:20.561+0100] {dag.py:2915} INFO - Sync 1 DAGs
[2023-09-14T17:28:20.576+0100] {logging_mixin.py:151} INFO - [2023-09-14T17:28:20.576+0100] {dag.py:3696} INFO - Setting next_dagrun for example_dag_decorator to None, run_after=None
[2023-09-14T17:28:20.609+0100] {processor.py:179} INFO - Processing /home/joestar/Documents/projects/airflow_etl/airflow_env/lib/python3.8/site-packages/airflow/example_dags/example_dag_decorator.py took 0.212 seconds
[2023-09-14T17:29:11.204+0100] {processor.py:157} INFO - Started process (PID=29872) to work on /home/joestar/Documents/projects/airflow_etl/airflow_env/lib/python3.8/site-packages/airflow/example_dags/example_dag_decorator.py
[2023-09-14T17:29:11.205+0100] {processor.py:829} INFO - Processing file /home/joestar/Documents/projects/airflow_etl/airflow_env/lib/python3.8/site-packages/airflow/example_dags/example_dag_decorator.py for tasks to queue
[2023-09-14T17:29:11.206+0100] {logging_mixin.py:151} INFO - [2023-09-14T17:29:11.206+0100] {dagbag.py:539} INFO - Filling up the DagBag from /home/joestar/Documents/projects/airflow_etl/airflow_env/lib/python3.8/site-packages/airflow/example_dags/example_dag_decorator.py
[2023-09-14T17:29:11.216+0100] {processor.py:839} INFO - DAG(s) dict_keys(['example_dag_decorator']) retrieved from /home/joestar/Documents/projects/airflow_etl/airflow_env/lib/python3.8/site-packages/airflow/example_dags/example_dag_decorator.py
[2023-09-14T17:29:11.306+0100] {logging_mixin.py:151} INFO - [2023-09-14T17:29:11.305+0100] {security.py:708} INFO - Not syncing DAG-level permissions for DAG 'DAG:example_dag_decorator' as access control is unset.
[2023-09-14T17:29:11.306+0100] {logging_mixin.py:151} INFO - [2023-09-14T17:29:11.306+0100] {dag.py:2915} INFO - Sync 1 DAGs
[2023-09-14T17:29:11.317+0100] {logging_mixin.py:151} INFO - [2023-09-14T17:29:11.317+0100] {dag.py:3696} INFO - Setting next_dagrun for example_dag_decorator to None, run_after=None
[2023-09-14T17:29:11.347+0100] {processor.py:179} INFO - Processing /home/joestar/Documents/projects/airflow_etl/airflow_env/lib/python3.8/site-packages/airflow/example_dags/example_dag_decorator.py took 0.145 seconds
[2023-09-14T17:30:03.376+0100] {processor.py:157} INFO - Started process (PID=30124) to work on /home/joestar/Documents/projects/airflow_etl/airflow_env/lib/python3.8/site-packages/airflow/example_dags/example_dag_decorator.py
[2023-09-14T17:30:03.377+0100] {processor.py:829} INFO - Processing file /home/joestar/Documents/projects/airflow_etl/airflow_env/lib/python3.8/site-packages/airflow/example_dags/example_dag_decorator.py for tasks to queue
[2023-09-14T17:30:03.380+0100] {logging_mixin.py:151} INFO - [2023-09-14T17:30:03.379+0100] {dagbag.py:539} INFO - Filling up the DagBag from /home/joestar/Documents/projects/airflow_etl/airflow_env/lib/python3.8/site-packages/airflow/example_dags/example_dag_decorator.py
[2023-09-14T17:30:03.393+0100] {processor.py:839} INFO - DAG(s) dict_keys(['example_dag_decorator']) retrieved from /home/joestar/Documents/projects/airflow_etl/airflow_env/lib/python3.8/site-packages/airflow/example_dags/example_dag_decorator.py
[2023-09-14T17:30:03.488+0100] {logging_mixin.py:151} INFO - [2023-09-14T17:30:03.487+0100] {security.py:708} INFO - Not syncing DAG-level permissions for DAG 'DAG:example_dag_decorator' as access control is unset.
[2023-09-14T17:30:03.488+0100] {logging_mixin.py:151} INFO - [2023-09-14T17:30:03.488+0100] {dag.py:2915} INFO - Sync 1 DAGs
[2023-09-14T17:30:03.498+0100] {logging_mixin.py:151} INFO - [2023-09-14T17:30:03.498+0100] {dag.py:3696} INFO - Setting next_dagrun for example_dag_decorator to None, run_after=None
[2023-09-14T17:30:03.526+0100] {processor.py:179} INFO - Processing /home/joestar/Documents/projects/airflow_etl/airflow_env/lib/python3.8/site-packages/airflow/example_dags/example_dag_decorator.py took 0.156 seconds
[2023-09-14T17:30:56.372+0100] {processor.py:157} INFO - Started process (PID=30337) to work on /home/joestar/Documents/projects/airflow_etl/airflow_env/lib/python3.8/site-packages/airflow/example_dags/example_dag_decorator.py
[2023-09-14T17:30:56.375+0100] {processor.py:829} INFO - Processing file /home/joestar/Documents/projects/airflow_etl/airflow_env/lib/python3.8/site-packages/airflow/example_dags/example_dag_decorator.py for tasks to queue
[2023-09-14T17:30:56.377+0100] {logging_mixin.py:151} INFO - [2023-09-14T17:30:56.377+0100] {dagbag.py:539} INFO - Filling up the DagBag from /home/joestar/Documents/projects/airflow_etl/airflow_env/lib/python3.8/site-packages/airflow/example_dags/example_dag_decorator.py
[2023-09-14T17:30:56.394+0100] {processor.py:839} INFO - DAG(s) dict_keys(['example_dag_decorator']) retrieved from /home/joestar/Documents/projects/airflow_etl/airflow_env/lib/python3.8/site-packages/airflow/example_dags/example_dag_decorator.py
[2023-09-14T17:30:56.518+0100] {logging_mixin.py:151} INFO - [2023-09-14T17:30:56.518+0100] {security.py:708} INFO - Not syncing DAG-level permissions for DAG 'DAG:example_dag_decorator' as access control is unset.
[2023-09-14T17:30:56.519+0100] {logging_mixin.py:151} INFO - [2023-09-14T17:30:56.518+0100] {dag.py:2915} INFO - Sync 1 DAGs
[2023-09-14T17:30:56.530+0100] {logging_mixin.py:151} INFO - [2023-09-14T17:30:56.530+0100] {dag.py:3696} INFO - Setting next_dagrun for example_dag_decorator to None, run_after=None
[2023-09-14T17:30:56.565+0100] {processor.py:179} INFO - Processing /home/joestar/Documents/projects/airflow_etl/airflow_env/lib/python3.8/site-packages/airflow/example_dags/example_dag_decorator.py took 0.196 seconds
[2023-09-14T17:31:45.596+0100] {processor.py:157} INFO - Started process (PID=30567) to work on /home/joestar/Documents/projects/airflow_etl/airflow_env/lib/python3.8/site-packages/airflow/example_dags/example_dag_decorator.py
[2023-09-14T17:31:45.597+0100] {processor.py:829} INFO - Processing file /home/joestar/Documents/projects/airflow_etl/airflow_env/lib/python3.8/site-packages/airflow/example_dags/example_dag_decorator.py for tasks to queue
[2023-09-14T17:31:45.598+0100] {logging_mixin.py:151} INFO - [2023-09-14T17:31:45.598+0100] {dagbag.py:539} INFO - Filling up the DagBag from /home/joestar/Documents/projects/airflow_etl/airflow_env/lib/python3.8/site-packages/airflow/example_dags/example_dag_decorator.py
[2023-09-14T17:31:45.610+0100] {processor.py:839} INFO - DAG(s) dict_keys(['example_dag_decorator']) retrieved from /home/joestar/Documents/projects/airflow_etl/airflow_env/lib/python3.8/site-packages/airflow/example_dags/example_dag_decorator.py
[2023-09-14T17:31:45.711+0100] {logging_mixin.py:151} INFO - [2023-09-14T17:31:45.711+0100] {security.py:708} INFO - Not syncing DAG-level permissions for DAG 'DAG:example_dag_decorator' as access control is unset.
[2023-09-14T17:31:45.712+0100] {logging_mixin.py:151} INFO - [2023-09-14T17:31:45.711+0100] {dag.py:2915} INFO - Sync 1 DAGs
[2023-09-14T17:31:45.727+0100] {logging_mixin.py:151} INFO - [2023-09-14T17:31:45.727+0100] {dag.py:3696} INFO - Setting next_dagrun for example_dag_decorator to None, run_after=None
[2023-09-14T17:31:45.754+0100] {processor.py:179} INFO - Processing /home/joestar/Documents/projects/airflow_etl/airflow_env/lib/python3.8/site-packages/airflow/example_dags/example_dag_decorator.py took 0.162 seconds
[2023-09-14T17:32:38.038+0100] {processor.py:157} INFO - Started process (PID=30806) to work on /home/joestar/Documents/projects/airflow_etl/airflow_env/lib/python3.8/site-packages/airflow/example_dags/example_dag_decorator.py
[2023-09-14T17:32:38.039+0100] {processor.py:829} INFO - Processing file /home/joestar/Documents/projects/airflow_etl/airflow_env/lib/python3.8/site-packages/airflow/example_dags/example_dag_decorator.py for tasks to queue
[2023-09-14T17:32:38.040+0100] {logging_mixin.py:151} INFO - [2023-09-14T17:32:38.040+0100] {dagbag.py:539} INFO - Filling up the DagBag from /home/joestar/Documents/projects/airflow_etl/airflow_env/lib/python3.8/site-packages/airflow/example_dags/example_dag_decorator.py
[2023-09-14T17:32:38.057+0100] {processor.py:839} INFO - DAG(s) dict_keys(['example_dag_decorator']) retrieved from /home/joestar/Documents/projects/airflow_etl/airflow_env/lib/python3.8/site-packages/airflow/example_dags/example_dag_decorator.py
[2023-09-14T17:32:38.200+0100] {logging_mixin.py:151} INFO - [2023-09-14T17:32:38.199+0100] {security.py:708} INFO - Not syncing DAG-level permissions for DAG 'DAG:example_dag_decorator' as access control is unset.
[2023-09-14T17:32:38.200+0100] {logging_mixin.py:151} INFO - [2023-09-14T17:32:38.200+0100] {dag.py:2915} INFO - Sync 1 DAGs
[2023-09-14T17:32:38.217+0100] {logging_mixin.py:151} INFO - [2023-09-14T17:32:38.216+0100] {dag.py:3696} INFO - Setting next_dagrun for example_dag_decorator to None, run_after=None
[2023-09-14T17:32:38.250+0100] {processor.py:179} INFO - Processing /home/joestar/Documents/projects/airflow_etl/airflow_env/lib/python3.8/site-packages/airflow/example_dags/example_dag_decorator.py took 0.216 seconds
[2023-09-14T17:33:30.811+0100] {processor.py:157} INFO - Started process (PID=31044) to work on /home/joestar/Documents/projects/airflow_etl/airflow_env/lib/python3.8/site-packages/airflow/example_dags/example_dag_decorator.py
[2023-09-14T17:33:30.813+0100] {processor.py:829} INFO - Processing file /home/joestar/Documents/projects/airflow_etl/airflow_env/lib/python3.8/site-packages/airflow/example_dags/example_dag_decorator.py for tasks to queue
[2023-09-14T17:33:30.815+0100] {logging_mixin.py:151} INFO - [2023-09-14T17:33:30.814+0100] {dagbag.py:539} INFO - Filling up the DagBag from /home/joestar/Documents/projects/airflow_etl/airflow_env/lib/python3.8/site-packages/airflow/example_dags/example_dag_decorator.py
[2023-09-14T17:33:30.837+0100] {processor.py:839} INFO - DAG(s) dict_keys(['example_dag_decorator']) retrieved from /home/joestar/Documents/projects/airflow_etl/airflow_env/lib/python3.8/site-packages/airflow/example_dags/example_dag_decorator.py
[2023-09-14T17:33:30.955+0100] {logging_mixin.py:151} INFO - [2023-09-14T17:33:30.954+0100] {security.py:708} INFO - Not syncing DAG-level permissions for DAG 'DAG:example_dag_decorator' as access control is unset.
[2023-09-14T17:33:30.955+0100] {logging_mixin.py:151} INFO - [2023-09-14T17:33:30.955+0100] {dag.py:2915} INFO - Sync 1 DAGs
[2023-09-14T17:33:30.971+0100] {logging_mixin.py:151} INFO - [2023-09-14T17:33:30.970+0100] {dag.py:3696} INFO - Setting next_dagrun for example_dag_decorator to None, run_after=None
[2023-09-14T17:33:31.001+0100] {processor.py:179} INFO - Processing /home/joestar/Documents/projects/airflow_etl/airflow_env/lib/python3.8/site-packages/airflow/example_dags/example_dag_decorator.py took 0.195 seconds
[2023-09-14T17:34:25.280+0100] {processor.py:157} INFO - Started process (PID=31295) to work on /home/joestar/Documents/projects/airflow_etl/airflow_env/lib/python3.8/site-packages/airflow/example_dags/example_dag_decorator.py
[2023-09-14T17:34:25.281+0100] {processor.py:829} INFO - Processing file /home/joestar/Documents/projects/airflow_etl/airflow_env/lib/python3.8/site-packages/airflow/example_dags/example_dag_decorator.py for tasks to queue
[2023-09-14T17:34:25.282+0100] {logging_mixin.py:151} INFO - [2023-09-14T17:34:25.282+0100] {dagbag.py:539} INFO - Filling up the DagBag from /home/joestar/Documents/projects/airflow_etl/airflow_env/lib/python3.8/site-packages/airflow/example_dags/example_dag_decorator.py
[2023-09-14T17:34:25.293+0100] {processor.py:839} INFO - DAG(s) dict_keys(['example_dag_decorator']) retrieved from /home/joestar/Documents/projects/airflow_etl/airflow_env/lib/python3.8/site-packages/airflow/example_dags/example_dag_decorator.py
[2023-09-14T17:34:25.392+0100] {logging_mixin.py:151} INFO - [2023-09-14T17:34:25.392+0100] {security.py:708} INFO - Not syncing DAG-level permissions for DAG 'DAG:example_dag_decorator' as access control is unset.
[2023-09-14T17:34:25.393+0100] {logging_mixin.py:151} INFO - [2023-09-14T17:34:25.393+0100] {dag.py:2915} INFO - Sync 1 DAGs
[2023-09-14T17:34:25.404+0100] {logging_mixin.py:151} INFO - [2023-09-14T17:34:25.404+0100] {dag.py:3696} INFO - Setting next_dagrun for example_dag_decorator to None, run_after=None
[2023-09-14T17:34:25.439+0100] {processor.py:179} INFO - Processing /home/joestar/Documents/projects/airflow_etl/airflow_env/lib/python3.8/site-packages/airflow/example_dags/example_dag_decorator.py took 0.162 seconds
[2023-09-14T17:35:14.764+0100] {processor.py:157} INFO - Started process (PID=31544) to work on /home/joestar/Documents/projects/airflow_etl/airflow_env/lib/python3.8/site-packages/airflow/example_dags/example_dag_decorator.py
[2023-09-14T17:35:14.765+0100] {processor.py:829} INFO - Processing file /home/joestar/Documents/projects/airflow_etl/airflow_env/lib/python3.8/site-packages/airflow/example_dags/example_dag_decorator.py for tasks to queue
[2023-09-14T17:35:14.767+0100] {logging_mixin.py:151} INFO - [2023-09-14T17:35:14.766+0100] {dagbag.py:539} INFO - Filling up the DagBag from /home/joestar/Documents/projects/airflow_etl/airflow_env/lib/python3.8/site-packages/airflow/example_dags/example_dag_decorator.py
[2023-09-14T17:35:14.779+0100] {processor.py:839} INFO - DAG(s) dict_keys(['example_dag_decorator']) retrieved from /home/joestar/Documents/projects/airflow_etl/airflow_env/lib/python3.8/site-packages/airflow/example_dags/example_dag_decorator.py
[2023-09-14T17:35:14.907+0100] {logging_mixin.py:151} INFO - [2023-09-14T17:35:14.907+0100] {security.py:708} INFO - Not syncing DAG-level permissions for DAG 'DAG:example_dag_decorator' as access control is unset.
[2023-09-14T17:35:14.907+0100] {logging_mixin.py:151} INFO - [2023-09-14T17:35:14.907+0100] {dag.py:2915} INFO - Sync 1 DAGs
[2023-09-14T17:35:14.924+0100] {logging_mixin.py:151} INFO - [2023-09-14T17:35:14.924+0100] {dag.py:3696} INFO - Setting next_dagrun for example_dag_decorator to None, run_after=None
[2023-09-14T17:35:14.953+0100] {processor.py:179} INFO - Processing /home/joestar/Documents/projects/airflow_etl/airflow_env/lib/python3.8/site-packages/airflow/example_dags/example_dag_decorator.py took 0.192 seconds
[2023-09-14T17:36:07.843+0100] {processor.py:157} INFO - Started process (PID=31779) to work on /home/joestar/Documents/projects/airflow_etl/airflow_env/lib/python3.8/site-packages/airflow/example_dags/example_dag_decorator.py
[2023-09-14T17:36:07.844+0100] {processor.py:829} INFO - Processing file /home/joestar/Documents/projects/airflow_etl/airflow_env/lib/python3.8/site-packages/airflow/example_dags/example_dag_decorator.py for tasks to queue
[2023-09-14T17:36:07.844+0100] {logging_mixin.py:151} INFO - [2023-09-14T17:36:07.844+0100] {dagbag.py:539} INFO - Filling up the DagBag from /home/joestar/Documents/projects/airflow_etl/airflow_env/lib/python3.8/site-packages/airflow/example_dags/example_dag_decorator.py
[2023-09-14T17:36:07.857+0100] {processor.py:839} INFO - DAG(s) dict_keys(['example_dag_decorator']) retrieved from /home/joestar/Documents/projects/airflow_etl/airflow_env/lib/python3.8/site-packages/airflow/example_dags/example_dag_decorator.py
[2023-09-14T17:36:07.981+0100] {logging_mixin.py:151} INFO - [2023-09-14T17:36:07.981+0100] {security.py:708} INFO - Not syncing DAG-level permissions for DAG 'DAG:example_dag_decorator' as access control is unset.
[2023-09-14T17:36:07.981+0100] {logging_mixin.py:151} INFO - [2023-09-14T17:36:07.981+0100] {dag.py:2915} INFO - Sync 1 DAGs
[2023-09-14T17:36:07.996+0100] {logging_mixin.py:151} INFO - [2023-09-14T17:36:07.996+0100] {dag.py:3696} INFO - Setting next_dagrun for example_dag_decorator to None, run_after=None
[2023-09-14T17:36:08.039+0100] {processor.py:179} INFO - Processing /home/joestar/Documents/projects/airflow_etl/airflow_env/lib/python3.8/site-packages/airflow/example_dags/example_dag_decorator.py took 0.199 seconds
[2023-09-14T17:37:00.029+0100] {processor.py:157} INFO - Started process (PID=32000) to work on /home/joestar/Documents/projects/airflow_etl/airflow_env/lib/python3.8/site-packages/airflow/example_dags/example_dag_decorator.py
[2023-09-14T17:37:00.031+0100] {processor.py:829} INFO - Processing file /home/joestar/Documents/projects/airflow_etl/airflow_env/lib/python3.8/site-packages/airflow/example_dags/example_dag_decorator.py for tasks to queue
[2023-09-14T17:37:00.033+0100] {logging_mixin.py:151} INFO - [2023-09-14T17:37:00.032+0100] {dagbag.py:539} INFO - Filling up the DagBag from /home/joestar/Documents/projects/airflow_etl/airflow_env/lib/python3.8/site-packages/airflow/example_dags/example_dag_decorator.py
[2023-09-14T17:37:00.045+0100] {processor.py:839} INFO - DAG(s) dict_keys(['example_dag_decorator']) retrieved from /home/joestar/Documents/projects/airflow_etl/airflow_env/lib/python3.8/site-packages/airflow/example_dags/example_dag_decorator.py
[2023-09-14T17:37:00.135+0100] {logging_mixin.py:151} INFO - [2023-09-14T17:37:00.134+0100] {security.py:708} INFO - Not syncing DAG-level permissions for DAG 'DAG:example_dag_decorator' as access control is unset.
[2023-09-14T17:37:00.135+0100] {logging_mixin.py:151} INFO - [2023-09-14T17:37:00.135+0100] {dag.py:2915} INFO - Sync 1 DAGs
[2023-09-14T17:37:00.144+0100] {logging_mixin.py:151} INFO - [2023-09-14T17:37:00.144+0100] {dag.py:3696} INFO - Setting next_dagrun for example_dag_decorator to None, run_after=None
[2023-09-14T17:37:00.172+0100] {processor.py:179} INFO - Processing /home/joestar/Documents/projects/airflow_etl/airflow_env/lib/python3.8/site-packages/airflow/example_dags/example_dag_decorator.py took 0.146 seconds
[2023-09-14T17:37:55.992+0100] {processor.py:157} INFO - Started process (PID=32373) to work on /home/joestar/Documents/projects/airflow_etl/airflow_env/lib/python3.8/site-packages/airflow/example_dags/example_dag_decorator.py
[2023-09-14T17:37:55.993+0100] {processor.py:829} INFO - Processing file /home/joestar/Documents/projects/airflow_etl/airflow_env/lib/python3.8/site-packages/airflow/example_dags/example_dag_decorator.py for tasks to queue
[2023-09-14T17:37:55.994+0100] {logging_mixin.py:151} INFO - [2023-09-14T17:37:55.994+0100] {dagbag.py:539} INFO - Filling up the DagBag from /home/joestar/Documents/projects/airflow_etl/airflow_env/lib/python3.8/site-packages/airflow/example_dags/example_dag_decorator.py
[2023-09-14T17:37:56.009+0100] {processor.py:839} INFO - DAG(s) dict_keys(['example_dag_decorator']) retrieved from /home/joestar/Documents/projects/airflow_etl/airflow_env/lib/python3.8/site-packages/airflow/example_dags/example_dag_decorator.py
[2023-09-14T17:37:56.132+0100] {logging_mixin.py:151} INFO - [2023-09-14T17:37:56.132+0100] {security.py:708} INFO - Not syncing DAG-level permissions for DAG 'DAG:example_dag_decorator' as access control is unset.
[2023-09-14T17:37:56.132+0100] {logging_mixin.py:151} INFO - [2023-09-14T17:37:56.132+0100] {dag.py:2915} INFO - Sync 1 DAGs
[2023-09-14T17:37:56.142+0100] {logging_mixin.py:151} INFO - [2023-09-14T17:37:56.142+0100] {dag.py:3696} INFO - Setting next_dagrun for example_dag_decorator to None, run_after=None
[2023-09-14T17:37:56.170+0100] {processor.py:179} INFO - Processing /home/joestar/Documents/projects/airflow_etl/airflow_env/lib/python3.8/site-packages/airflow/example_dags/example_dag_decorator.py took 0.182 seconds
[2023-09-14T17:38:58.106+0100] {processor.py:157} INFO - Started process (PID=32839) to work on /home/joestar/Documents/projects/airflow_etl/airflow_env/lib/python3.8/site-packages/airflow/example_dags/example_dag_decorator.py
[2023-09-14T17:38:58.108+0100] {processor.py:829} INFO - Processing file /home/joestar/Documents/projects/airflow_etl/airflow_env/lib/python3.8/site-packages/airflow/example_dags/example_dag_decorator.py for tasks to queue
[2023-09-14T17:38:58.109+0100] {logging_mixin.py:151} INFO - [2023-09-14T17:38:58.108+0100] {dagbag.py:539} INFO - Filling up the DagBag from /home/joestar/Documents/projects/airflow_etl/airflow_env/lib/python3.8/site-packages/airflow/example_dags/example_dag_decorator.py
[2023-09-14T17:38:58.124+0100] {processor.py:839} INFO - DAG(s) dict_keys(['example_dag_decorator']) retrieved from /home/joestar/Documents/projects/airflow_etl/airflow_env/lib/python3.8/site-packages/airflow/example_dags/example_dag_decorator.py
[2023-09-14T17:38:58.257+0100] {logging_mixin.py:151} INFO - [2023-09-14T17:38:58.256+0100] {security.py:708} INFO - Not syncing DAG-level permissions for DAG 'DAG:example_dag_decorator' as access control is unset.
[2023-09-14T17:38:58.257+0100] {logging_mixin.py:151} INFO - [2023-09-14T17:38:58.257+0100] {dag.py:2915} INFO - Sync 1 DAGs
[2023-09-14T17:38:58.266+0100] {logging_mixin.py:151} INFO - [2023-09-14T17:38:58.266+0100] {dag.py:3696} INFO - Setting next_dagrun for example_dag_decorator to None, run_after=None
[2023-09-14T17:38:58.291+0100] {processor.py:179} INFO - Processing /home/joestar/Documents/projects/airflow_etl/airflow_env/lib/python3.8/site-packages/airflow/example_dags/example_dag_decorator.py took 0.188 seconds
[2023-09-14T17:39:42.598+0100] {processor.py:157} INFO - Started process (PID=33126) to work on /home/joestar/Documents/projects/airflow_etl/airflow_env/lib/python3.8/site-packages/airflow/example_dags/example_dag_decorator.py
[2023-09-14T17:39:42.599+0100] {processor.py:829} INFO - Processing file /home/joestar/Documents/projects/airflow_etl/airflow_env/lib/python3.8/site-packages/airflow/example_dags/example_dag_decorator.py for tasks to queue
[2023-09-14T17:39:42.599+0100] {logging_mixin.py:151} INFO - [2023-09-14T17:39:42.599+0100] {dagbag.py:539} INFO - Filling up the DagBag from /home/joestar/Documents/projects/airflow_etl/airflow_env/lib/python3.8/site-packages/airflow/example_dags/example_dag_decorator.py
[2023-09-14T17:39:42.609+0100] {processor.py:839} INFO - DAG(s) dict_keys(['example_dag_decorator']) retrieved from /home/joestar/Documents/projects/airflow_etl/airflow_env/lib/python3.8/site-packages/airflow/example_dags/example_dag_decorator.py
[2023-09-14T17:39:42.715+0100] {logging_mixin.py:151} INFO - [2023-09-14T17:39:42.715+0100] {security.py:708} INFO - Not syncing DAG-level permissions for DAG 'DAG:example_dag_decorator' as access control is unset.
[2023-09-14T17:39:42.715+0100] {logging_mixin.py:151} INFO - [2023-09-14T17:39:42.715+0100] {dag.py:2915} INFO - Sync 1 DAGs
[2023-09-14T17:39:42.726+0100] {logging_mixin.py:151} INFO - [2023-09-14T17:39:42.726+0100] {dag.py:3696} INFO - Setting next_dagrun for example_dag_decorator to None, run_after=None
[2023-09-14T17:39:42.766+0100] {processor.py:179} INFO - Processing /home/joestar/Documents/projects/airflow_etl/airflow_env/lib/python3.8/site-packages/airflow/example_dags/example_dag_decorator.py took 0.171 seconds
[2023-09-14T17:40:43.674+0100] {processor.py:157} INFO - Started process (PID=33502) to work on /home/joestar/Documents/projects/airflow_etl/airflow_env/lib/python3.8/site-packages/airflow/example_dags/example_dag_decorator.py
[2023-09-14T17:40:43.675+0100] {processor.py:829} INFO - Processing file /home/joestar/Documents/projects/airflow_etl/airflow_env/lib/python3.8/site-packages/airflow/example_dags/example_dag_decorator.py for tasks to queue
[2023-09-14T17:40:43.676+0100] {logging_mixin.py:151} INFO - [2023-09-14T17:40:43.676+0100] {dagbag.py:539} INFO - Filling up the DagBag from /home/joestar/Documents/projects/airflow_etl/airflow_env/lib/python3.8/site-packages/airflow/example_dags/example_dag_decorator.py
[2023-09-14T17:40:43.688+0100] {processor.py:839} INFO - DAG(s) dict_keys(['example_dag_decorator']) retrieved from /home/joestar/Documents/projects/airflow_etl/airflow_env/lib/python3.8/site-packages/airflow/example_dags/example_dag_decorator.py
[2023-09-14T17:40:43.801+0100] {logging_mixin.py:151} INFO - [2023-09-14T17:40:43.801+0100] {security.py:708} INFO - Not syncing DAG-level permissions for DAG 'DAG:example_dag_decorator' as access control is unset.
[2023-09-14T17:40:43.801+0100] {logging_mixin.py:151} INFO - [2023-09-14T17:40:43.801+0100] {dag.py:2915} INFO - Sync 1 DAGs
[2023-09-14T17:40:43.811+0100] {logging_mixin.py:151} INFO - [2023-09-14T17:40:43.811+0100] {dag.py:3696} INFO - Setting next_dagrun for example_dag_decorator to None, run_after=None
[2023-09-14T17:40:43.836+0100] {processor.py:179} INFO - Processing /home/joestar/Documents/projects/airflow_etl/airflow_env/lib/python3.8/site-packages/airflow/example_dags/example_dag_decorator.py took 0.164 seconds
[2023-09-14T17:41:35.613+0100] {processor.py:157} INFO - Started process (PID=33890) to work on /home/joestar/Documents/projects/airflow_etl/airflow_env/lib/python3.8/site-packages/airflow/example_dags/example_dag_decorator.py
[2023-09-14T17:41:35.615+0100] {processor.py:829} INFO - Processing file /home/joestar/Documents/projects/airflow_etl/airflow_env/lib/python3.8/site-packages/airflow/example_dags/example_dag_decorator.py for tasks to queue
[2023-09-14T17:41:35.616+0100] {logging_mixin.py:151} INFO - [2023-09-14T17:41:35.616+0100] {dagbag.py:539} INFO - Filling up the DagBag from /home/joestar/Documents/projects/airflow_etl/airflow_env/lib/python3.8/site-packages/airflow/example_dags/example_dag_decorator.py
[2023-09-14T17:41:35.631+0100] {processor.py:839} INFO - DAG(s) dict_keys(['example_dag_decorator']) retrieved from /home/joestar/Documents/projects/airflow_etl/airflow_env/lib/python3.8/site-packages/airflow/example_dags/example_dag_decorator.py
[2023-09-14T17:41:35.760+0100] {logging_mixin.py:151} INFO - [2023-09-14T17:41:35.760+0100] {security.py:708} INFO - Not syncing DAG-level permissions for DAG 'DAG:example_dag_decorator' as access control is unset.
[2023-09-14T17:41:35.760+0100] {logging_mixin.py:151} INFO - [2023-09-14T17:41:35.760+0100] {dag.py:2915} INFO - Sync 1 DAGs
[2023-09-14T17:41:35.774+0100] {logging_mixin.py:151} INFO - [2023-09-14T17:41:35.774+0100] {dag.py:3696} INFO - Setting next_dagrun for example_dag_decorator to None, run_after=None
[2023-09-14T17:41:35.806+0100] {processor.py:179} INFO - Processing /home/joestar/Documents/projects/airflow_etl/airflow_env/lib/python3.8/site-packages/airflow/example_dags/example_dag_decorator.py took 0.197 seconds
[2023-09-14T17:42:38.987+0100] {processor.py:157} INFO - Started process (PID=34172) to work on /home/joestar/Documents/projects/airflow_etl/airflow_env/lib/python3.8/site-packages/airflow/example_dags/example_dag_decorator.py
[2023-09-14T17:42:38.988+0100] {processor.py:829} INFO - Processing file /home/joestar/Documents/projects/airflow_etl/airflow_env/lib/python3.8/site-packages/airflow/example_dags/example_dag_decorator.py for tasks to queue
[2023-09-14T17:42:38.989+0100] {logging_mixin.py:151} INFO - [2023-09-14T17:42:38.988+0100] {dagbag.py:539} INFO - Filling up the DagBag from /home/joestar/Documents/projects/airflow_etl/airflow_env/lib/python3.8/site-packages/airflow/example_dags/example_dag_decorator.py
[2023-09-14T17:42:39.005+0100] {processor.py:839} INFO - DAG(s) dict_keys(['example_dag_decorator']) retrieved from /home/joestar/Documents/projects/airflow_etl/airflow_env/lib/python3.8/site-packages/airflow/example_dags/example_dag_decorator.py
[2023-09-14T17:42:39.156+0100] {logging_mixin.py:151} INFO - [2023-09-14T17:42:39.156+0100] {security.py:708} INFO - Not syncing DAG-level permissions for DAG 'DAG:example_dag_decorator' as access control is unset.
[2023-09-14T17:42:39.156+0100] {logging_mixin.py:151} INFO - [2023-09-14T17:42:39.156+0100] {dag.py:2915} INFO - Sync 1 DAGs
[2023-09-14T17:42:39.174+0100] {logging_mixin.py:151} INFO - [2023-09-14T17:42:39.174+0100] {dag.py:3696} INFO - Setting next_dagrun for example_dag_decorator to None, run_after=None
[2023-09-14T17:42:39.218+0100] {processor.py:179} INFO - Processing /home/joestar/Documents/projects/airflow_etl/airflow_env/lib/python3.8/site-packages/airflow/example_dags/example_dag_decorator.py took 0.236 seconds
[2023-09-14T17:43:35.442+0100] {processor.py:157} INFO - Started process (PID=34425) to work on /home/joestar/Documents/projects/airflow_etl/airflow_env/lib/python3.8/site-packages/airflow/example_dags/example_dag_decorator.py
[2023-09-14T17:43:35.444+0100] {processor.py:829} INFO - Processing file /home/joestar/Documents/projects/airflow_etl/airflow_env/lib/python3.8/site-packages/airflow/example_dags/example_dag_decorator.py for tasks to queue
[2023-09-14T17:43:35.445+0100] {logging_mixin.py:151} INFO - [2023-09-14T17:43:35.445+0100] {dagbag.py:539} INFO - Filling up the DagBag from /home/joestar/Documents/projects/airflow_etl/airflow_env/lib/python3.8/site-packages/airflow/example_dags/example_dag_decorator.py
[2023-09-14T17:43:35.457+0100] {processor.py:839} INFO - DAG(s) dict_keys(['example_dag_decorator']) retrieved from /home/joestar/Documents/projects/airflow_etl/airflow_env/lib/python3.8/site-packages/airflow/example_dags/example_dag_decorator.py
[2023-09-14T17:43:35.575+0100] {logging_mixin.py:151} INFO - [2023-09-14T17:43:35.574+0100] {security.py:708} INFO - Not syncing DAG-level permissions for DAG 'DAG:example_dag_decorator' as access control is unset.
[2023-09-14T17:43:35.575+0100] {logging_mixin.py:151} INFO - [2023-09-14T17:43:35.575+0100] {dag.py:2915} INFO - Sync 1 DAGs
[2023-09-14T17:43:35.587+0100] {logging_mixin.py:151} INFO - [2023-09-14T17:43:35.587+0100] {dag.py:3696} INFO - Setting next_dagrun for example_dag_decorator to None, run_after=None
[2023-09-14T17:43:35.622+0100] {processor.py:179} INFO - Processing /home/joestar/Documents/projects/airflow_etl/airflow_env/lib/python3.8/site-packages/airflow/example_dags/example_dag_decorator.py took 0.182 seconds
[2023-09-14T17:44:36.363+0100] {processor.py:157} INFO - Started process (PID=34732) to work on /home/joestar/Documents/projects/airflow_etl/airflow_env/lib/python3.8/site-packages/airflow/example_dags/example_dag_decorator.py
[2023-09-14T17:44:36.365+0100] {processor.py:829} INFO - Processing file /home/joestar/Documents/projects/airflow_etl/airflow_env/lib/python3.8/site-packages/airflow/example_dags/example_dag_decorator.py for tasks to queue
[2023-09-14T17:44:36.366+0100] {logging_mixin.py:151} INFO - [2023-09-14T17:44:36.365+0100] {dagbag.py:539} INFO - Filling up the DagBag from /home/joestar/Documents/projects/airflow_etl/airflow_env/lib/python3.8/site-packages/airflow/example_dags/example_dag_decorator.py
[2023-09-14T17:44:36.381+0100] {processor.py:839} INFO - DAG(s) dict_keys(['example_dag_decorator']) retrieved from /home/joestar/Documents/projects/airflow_etl/airflow_env/lib/python3.8/site-packages/airflow/example_dags/example_dag_decorator.py
[2023-09-14T17:44:36.511+0100] {logging_mixin.py:151} INFO - [2023-09-14T17:44:36.511+0100] {security.py:708} INFO - Not syncing DAG-level permissions for DAG 'DAG:example_dag_decorator' as access control is unset.
[2023-09-14T17:44:36.512+0100] {logging_mixin.py:151} INFO - [2023-09-14T17:44:36.511+0100] {dag.py:2915} INFO - Sync 1 DAGs
[2023-09-14T17:44:36.522+0100] {logging_mixin.py:151} INFO - [2023-09-14T17:44:36.521+0100] {dag.py:3696} INFO - Setting next_dagrun for example_dag_decorator to None, run_after=None
[2023-09-14T17:44:36.549+0100] {processor.py:179} INFO - Processing /home/joestar/Documents/projects/airflow_etl/airflow_env/lib/python3.8/site-packages/airflow/example_dags/example_dag_decorator.py took 0.189 seconds
[2023-09-14T17:45:19.027+0100] {processor.py:157} INFO - Started process (PID=34911) to work on /home/joestar/Documents/projects/airflow_etl/airflow_env/lib/python3.8/site-packages/airflow/example_dags/example_dag_decorator.py
[2023-09-14T17:45:19.030+0100] {processor.py:829} INFO - Processing file /home/joestar/Documents/projects/airflow_etl/airflow_env/lib/python3.8/site-packages/airflow/example_dags/example_dag_decorator.py for tasks to queue
[2023-09-14T17:45:19.031+0100] {logging_mixin.py:151} INFO - [2023-09-14T17:45:19.030+0100] {dagbag.py:539} INFO - Filling up the DagBag from /home/joestar/Documents/projects/airflow_etl/airflow_env/lib/python3.8/site-packages/airflow/example_dags/example_dag_decorator.py
[2023-09-14T17:45:19.048+0100] {processor.py:839} INFO - DAG(s) dict_keys(['example_dag_decorator']) retrieved from /home/joestar/Documents/projects/airflow_etl/airflow_env/lib/python3.8/site-packages/airflow/example_dags/example_dag_decorator.py
[2023-09-14T17:45:19.231+0100] {logging_mixin.py:151} INFO - [2023-09-14T17:45:19.230+0100] {security.py:708} INFO - Not syncing DAG-level permissions for DAG 'DAG:example_dag_decorator' as access control is unset.
[2023-09-14T17:45:19.231+0100] {logging_mixin.py:151} INFO - [2023-09-14T17:45:19.231+0100] {dag.py:2915} INFO - Sync 1 DAGs
[2023-09-14T17:45:19.251+0100] {logging_mixin.py:151} INFO - [2023-09-14T17:45:19.251+0100] {dag.py:3696} INFO - Setting next_dagrun for example_dag_decorator to None, run_after=None
[2023-09-14T17:45:19.291+0100] {processor.py:179} INFO - Processing /home/joestar/Documents/projects/airflow_etl/airflow_env/lib/python3.8/site-packages/airflow/example_dags/example_dag_decorator.py took 0.268 seconds
[2023-09-14T17:46:21.511+0100] {processor.py:157} INFO - Started process (PID=35190) to work on /home/joestar/Documents/projects/airflow_etl/airflow_env/lib/python3.8/site-packages/airflow/example_dags/example_dag_decorator.py
[2023-09-14T17:46:21.513+0100] {processor.py:829} INFO - Processing file /home/joestar/Documents/projects/airflow_etl/airflow_env/lib/python3.8/site-packages/airflow/example_dags/example_dag_decorator.py for tasks to queue
[2023-09-14T17:46:21.514+0100] {logging_mixin.py:151} INFO - [2023-09-14T17:46:21.513+0100] {dagbag.py:539} INFO - Filling up the DagBag from /home/joestar/Documents/projects/airflow_etl/airflow_env/lib/python3.8/site-packages/airflow/example_dags/example_dag_decorator.py
[2023-09-14T17:46:21.529+0100] {processor.py:839} INFO - DAG(s) dict_keys(['example_dag_decorator']) retrieved from /home/joestar/Documents/projects/airflow_etl/airflow_env/lib/python3.8/site-packages/airflow/example_dags/example_dag_decorator.py
[2023-09-14T17:46:21.677+0100] {logging_mixin.py:151} INFO - [2023-09-14T17:46:21.676+0100] {security.py:708} INFO - Not syncing DAG-level permissions for DAG 'DAG:example_dag_decorator' as access control is unset.
[2023-09-14T17:46:21.677+0100] {logging_mixin.py:151} INFO - [2023-09-14T17:46:21.677+0100] {dag.py:2915} INFO - Sync 1 DAGs
[2023-09-14T17:46:21.693+0100] {logging_mixin.py:151} INFO - [2023-09-14T17:46:21.692+0100] {dag.py:3696} INFO - Setting next_dagrun for example_dag_decorator to None, run_after=None
[2023-09-14T17:46:21.727+0100] {processor.py:179} INFO - Processing /home/joestar/Documents/projects/airflow_etl/airflow_env/lib/python3.8/site-packages/airflow/example_dags/example_dag_decorator.py took 0.219 seconds
[2023-09-14T17:47:32.157+0100] {processor.py:157} INFO - Started process (PID=35470) to work on /home/joestar/Documents/projects/airflow_etl/airflow_env/lib/python3.8/site-packages/airflow/example_dags/example_dag_decorator.py
[2023-09-14T17:47:32.158+0100] {processor.py:829} INFO - Processing file /home/joestar/Documents/projects/airflow_etl/airflow_env/lib/python3.8/site-packages/airflow/example_dags/example_dag_decorator.py for tasks to queue
[2023-09-14T17:47:32.159+0100] {logging_mixin.py:151} INFO - [2023-09-14T17:47:32.159+0100] {dagbag.py:539} INFO - Filling up the DagBag from /home/joestar/Documents/projects/airflow_etl/airflow_env/lib/python3.8/site-packages/airflow/example_dags/example_dag_decorator.py
[2023-09-14T17:47:32.175+0100] {processor.py:839} INFO - DAG(s) dict_keys(['example_dag_decorator']) retrieved from /home/joestar/Documents/projects/airflow_etl/airflow_env/lib/python3.8/site-packages/airflow/example_dags/example_dag_decorator.py
[2023-09-14T17:47:32.349+0100] {logging_mixin.py:151} INFO - [2023-09-14T17:47:32.349+0100] {security.py:708} INFO - Not syncing DAG-level permissions for DAG 'DAG:example_dag_decorator' as access control is unset.
[2023-09-14T17:47:32.350+0100] {logging_mixin.py:151} INFO - [2023-09-14T17:47:32.350+0100] {dag.py:2915} INFO - Sync 1 DAGs
[2023-09-14T17:47:32.367+0100] {logging_mixin.py:151} INFO - [2023-09-14T17:47:32.366+0100] {dag.py:3696} INFO - Setting next_dagrun for example_dag_decorator to None, run_after=None
[2023-09-14T17:47:32.404+0100] {processor.py:179} INFO - Processing /home/joestar/Documents/projects/airflow_etl/airflow_env/lib/python3.8/site-packages/airflow/example_dags/example_dag_decorator.py took 0.250 seconds
[2023-09-14T17:48:51.669+0100] {processor.py:157} INFO - Started process (PID=35779) to work on /home/joestar/Documents/projects/airflow_etl/airflow_env/lib/python3.8/site-packages/airflow/example_dags/example_dag_decorator.py
[2023-09-14T17:48:51.670+0100] {processor.py:829} INFO - Processing file /home/joestar/Documents/projects/airflow_etl/airflow_env/lib/python3.8/site-packages/airflow/example_dags/example_dag_decorator.py for tasks to queue
[2023-09-14T17:48:51.671+0100] {logging_mixin.py:151} INFO - [2023-09-14T17:48:51.670+0100] {dagbag.py:539} INFO - Filling up the DagBag from /home/joestar/Documents/projects/airflow_etl/airflow_env/lib/python3.8/site-packages/airflow/example_dags/example_dag_decorator.py
[2023-09-14T17:48:51.686+0100] {processor.py:839} INFO - DAG(s) dict_keys(['example_dag_decorator']) retrieved from /home/joestar/Documents/projects/airflow_etl/airflow_env/lib/python3.8/site-packages/airflow/example_dags/example_dag_decorator.py
[2023-09-14T17:48:51.825+0100] {logging_mixin.py:151} INFO - [2023-09-14T17:48:51.825+0100] {security.py:708} INFO - Not syncing DAG-level permissions for DAG 'DAG:example_dag_decorator' as access control is unset.
[2023-09-14T17:48:51.826+0100] {logging_mixin.py:151} INFO - [2023-09-14T17:48:51.826+0100] {dag.py:2915} INFO - Sync 1 DAGs
[2023-09-14T17:48:51.841+0100] {logging_mixin.py:151} INFO - [2023-09-14T17:48:51.840+0100] {dag.py:3696} INFO - Setting next_dagrun for example_dag_decorator to None, run_after=None
[2023-09-14T17:48:51.874+0100] {processor.py:179} INFO - Processing /home/joestar/Documents/projects/airflow_etl/airflow_env/lib/python3.8/site-packages/airflow/example_dags/example_dag_decorator.py took 0.209 seconds
[2023-09-14T17:49:42.260+0100] {processor.py:157} INFO - Started process (PID=35978) to work on /home/joestar/Documents/projects/airflow_etl/airflow_env/lib/python3.8/site-packages/airflow/example_dags/example_dag_decorator.py
[2023-09-14T17:49:42.261+0100] {processor.py:829} INFO - Processing file /home/joestar/Documents/projects/airflow_etl/airflow_env/lib/python3.8/site-packages/airflow/example_dags/example_dag_decorator.py for tasks to queue
[2023-09-14T17:49:42.262+0100] {logging_mixin.py:151} INFO - [2023-09-14T17:49:42.262+0100] {dagbag.py:539} INFO - Filling up the DagBag from /home/joestar/Documents/projects/airflow_etl/airflow_env/lib/python3.8/site-packages/airflow/example_dags/example_dag_decorator.py
[2023-09-14T17:49:42.280+0100] {processor.py:839} INFO - DAG(s) dict_keys(['example_dag_decorator']) retrieved from /home/joestar/Documents/projects/airflow_etl/airflow_env/lib/python3.8/site-packages/airflow/example_dags/example_dag_decorator.py
[2023-09-14T17:49:42.457+0100] {logging_mixin.py:151} INFO - [2023-09-14T17:49:42.457+0100] {security.py:708} INFO - Not syncing DAG-level permissions for DAG 'DAG:example_dag_decorator' as access control is unset.
[2023-09-14T17:49:42.458+0100] {logging_mixin.py:151} INFO - [2023-09-14T17:49:42.457+0100] {dag.py:2915} INFO - Sync 1 DAGs
[2023-09-14T17:49:42.491+0100] {logging_mixin.py:151} INFO - [2023-09-14T17:49:42.491+0100] {dag.py:3696} INFO - Setting next_dagrun for example_dag_decorator to None, run_after=None
[2023-09-14T17:49:42.666+0100] {processor.py:179} INFO - Processing /home/joestar/Documents/projects/airflow_etl/airflow_env/lib/python3.8/site-packages/airflow/example_dags/example_dag_decorator.py took 0.409 seconds
[2023-09-14T17:50:32.256+0100] {processor.py:157} INFO - Started process (PID=36220) to work on /home/joestar/Documents/projects/airflow_etl/airflow_env/lib/python3.8/site-packages/airflow/example_dags/example_dag_decorator.py
[2023-09-14T17:50:32.257+0100] {processor.py:829} INFO - Processing file /home/joestar/Documents/projects/airflow_etl/airflow_env/lib/python3.8/site-packages/airflow/example_dags/example_dag_decorator.py for tasks to queue
[2023-09-14T17:50:32.258+0100] {logging_mixin.py:151} INFO - [2023-09-14T17:50:32.257+0100] {dagbag.py:539} INFO - Filling up the DagBag from /home/joestar/Documents/projects/airflow_etl/airflow_env/lib/python3.8/site-packages/airflow/example_dags/example_dag_decorator.py
[2023-09-14T17:50:32.273+0100] {processor.py:839} INFO - DAG(s) dict_keys(['example_dag_decorator']) retrieved from /home/joestar/Documents/projects/airflow_etl/airflow_env/lib/python3.8/site-packages/airflow/example_dags/example_dag_decorator.py
[2023-09-14T17:50:32.388+0100] {logging_mixin.py:151} INFO - [2023-09-14T17:50:32.387+0100] {security.py:708} INFO - Not syncing DAG-level permissions for DAG 'DAG:example_dag_decorator' as access control is unset.
[2023-09-14T17:50:32.388+0100] {logging_mixin.py:151} INFO - [2023-09-14T17:50:32.388+0100] {dag.py:2915} INFO - Sync 1 DAGs
[2023-09-14T17:50:32.403+0100] {logging_mixin.py:151} INFO - [2023-09-14T17:50:32.403+0100] {dag.py:3696} INFO - Setting next_dagrun for example_dag_decorator to None, run_after=None
[2023-09-14T17:50:32.434+0100] {processor.py:179} INFO - Processing /home/joestar/Documents/projects/airflow_etl/airflow_env/lib/python3.8/site-packages/airflow/example_dags/example_dag_decorator.py took 0.183 seconds
[2023-09-14T17:51:30.571+0100] {processor.py:157} INFO - Started process (PID=36485) to work on /home/joestar/Documents/projects/airflow_etl/airflow_env/lib/python3.8/site-packages/airflow/example_dags/example_dag_decorator.py
[2023-09-14T17:51:30.572+0100] {processor.py:829} INFO - Processing file /home/joestar/Documents/projects/airflow_etl/airflow_env/lib/python3.8/site-packages/airflow/example_dags/example_dag_decorator.py for tasks to queue
[2023-09-14T17:51:30.573+0100] {logging_mixin.py:151} INFO - [2023-09-14T17:51:30.572+0100] {dagbag.py:539} INFO - Filling up the DagBag from /home/joestar/Documents/projects/airflow_etl/airflow_env/lib/python3.8/site-packages/airflow/example_dags/example_dag_decorator.py
[2023-09-14T17:51:30.590+0100] {processor.py:839} INFO - DAG(s) dict_keys(['example_dag_decorator']) retrieved from /home/joestar/Documents/projects/airflow_etl/airflow_env/lib/python3.8/site-packages/airflow/example_dags/example_dag_decorator.py
[2023-09-14T17:51:30.719+0100] {logging_mixin.py:151} INFO - [2023-09-14T17:51:30.719+0100] {security.py:708} INFO - Not syncing DAG-level permissions for DAG 'DAG:example_dag_decorator' as access control is unset.
[2023-09-14T17:51:30.720+0100] {logging_mixin.py:151} INFO - [2023-09-14T17:51:30.720+0100] {dag.py:2915} INFO - Sync 1 DAGs
[2023-09-14T17:51:30.730+0100] {logging_mixin.py:151} INFO - [2023-09-14T17:51:30.729+0100] {dag.py:3696} INFO - Setting next_dagrun for example_dag_decorator to None, run_after=None
[2023-09-14T17:51:30.754+0100] {processor.py:179} INFO - Processing /home/joestar/Documents/projects/airflow_etl/airflow_env/lib/python3.8/site-packages/airflow/example_dags/example_dag_decorator.py took 0.188 seconds
[2023-09-14T17:52:27.420+0100] {processor.py:157} INFO - Started process (PID=36735) to work on /home/joestar/Documents/projects/airflow_etl/airflow_env/lib/python3.8/site-packages/airflow/example_dags/example_dag_decorator.py
[2023-09-14T17:52:27.421+0100] {processor.py:829} INFO - Processing file /home/joestar/Documents/projects/airflow_etl/airflow_env/lib/python3.8/site-packages/airflow/example_dags/example_dag_decorator.py for tasks to queue
[2023-09-14T17:52:27.423+0100] {logging_mixin.py:151} INFO - [2023-09-14T17:52:27.422+0100] {dagbag.py:539} INFO - Filling up the DagBag from /home/joestar/Documents/projects/airflow_etl/airflow_env/lib/python3.8/site-packages/airflow/example_dags/example_dag_decorator.py
[2023-09-14T17:52:27.442+0100] {processor.py:839} INFO - DAG(s) dict_keys(['example_dag_decorator']) retrieved from /home/joestar/Documents/projects/airflow_etl/airflow_env/lib/python3.8/site-packages/airflow/example_dags/example_dag_decorator.py
[2023-09-14T17:52:27.589+0100] {logging_mixin.py:151} INFO - [2023-09-14T17:52:27.589+0100] {security.py:708} INFO - Not syncing DAG-level permissions for DAG 'DAG:example_dag_decorator' as access control is unset.
[2023-09-14T17:52:27.589+0100] {logging_mixin.py:151} INFO - [2023-09-14T17:52:27.589+0100] {dag.py:2915} INFO - Sync 1 DAGs
[2023-09-14T17:52:27.603+0100] {logging_mixin.py:151} INFO - [2023-09-14T17:52:27.603+0100] {dag.py:3696} INFO - Setting next_dagrun for example_dag_decorator to None, run_after=None
[2023-09-14T17:52:27.633+0100] {processor.py:179} INFO - Processing /home/joestar/Documents/projects/airflow_etl/airflow_env/lib/python3.8/site-packages/airflow/example_dags/example_dag_decorator.py took 0.217 seconds
[2023-09-14T17:55:00.139+0100] {processor.py:157} INFO - Started process (PID=37570) to work on /home/joestar/Documents/projects/airflow_etl/airflow_env/lib/python3.8/site-packages/airflow/example_dags/example_dag_decorator.py
[2023-09-14T17:55:00.140+0100] {processor.py:829} INFO - Processing file /home/joestar/Documents/projects/airflow_etl/airflow_env/lib/python3.8/site-packages/airflow/example_dags/example_dag_decorator.py for tasks to queue
[2023-09-14T17:55:00.140+0100] {logging_mixin.py:151} INFO - [2023-09-14T17:55:00.140+0100] {dagbag.py:539} INFO - Filling up the DagBag from /home/joestar/Documents/projects/airflow_etl/airflow_env/lib/python3.8/site-packages/airflow/example_dags/example_dag_decorator.py
[2023-09-14T17:55:00.150+0100] {processor.py:839} INFO - DAG(s) dict_keys(['example_dag_decorator']) retrieved from /home/joestar/Documents/projects/airflow_etl/airflow_env/lib/python3.8/site-packages/airflow/example_dags/example_dag_decorator.py
[2023-09-14T17:55:00.238+0100] {logging_mixin.py:151} INFO - [2023-09-14T17:55:00.238+0100] {security.py:708} INFO - Not syncing DAG-level permissions for DAG 'DAG:example_dag_decorator' as access control is unset.
[2023-09-14T17:55:00.238+0100] {logging_mixin.py:151} INFO - [2023-09-14T17:55:00.238+0100] {dag.py:2915} INFO - Sync 1 DAGs
[2023-09-14T17:55:00.247+0100] {logging_mixin.py:151} INFO - [2023-09-14T17:55:00.247+0100] {dag.py:3696} INFO - Setting next_dagrun for example_dag_decorator to None, run_after=None
[2023-09-14T17:55:00.273+0100] {processor.py:179} INFO - Processing /home/joestar/Documents/projects/airflow_etl/airflow_env/lib/python3.8/site-packages/airflow/example_dags/example_dag_decorator.py took 0.136 seconds
[2023-09-14T18:03:14.081+0100] {processor.py:157} INFO - Started process (PID=38745) to work on /home/joestar/Documents/projects/airflow_etl/airflow_env/lib/python3.8/site-packages/airflow/example_dags/example_dag_decorator.py
[2023-09-14T18:03:14.082+0100] {processor.py:829} INFO - Processing file /home/joestar/Documents/projects/airflow_etl/airflow_env/lib/python3.8/site-packages/airflow/example_dags/example_dag_decorator.py for tasks to queue
[2023-09-14T18:03:14.083+0100] {logging_mixin.py:151} INFO - [2023-09-14T18:03:14.083+0100] {dagbag.py:539} INFO - Filling up the DagBag from /home/joestar/Documents/projects/airflow_etl/airflow_env/lib/python3.8/site-packages/airflow/example_dags/example_dag_decorator.py
[2023-09-14T18:03:14.095+0100] {processor.py:839} INFO - DAG(s) dict_keys(['example_dag_decorator']) retrieved from /home/joestar/Documents/projects/airflow_etl/airflow_env/lib/python3.8/site-packages/airflow/example_dags/example_dag_decorator.py
[2023-09-14T18:03:14.241+0100] {logging_mixin.py:151} INFO - [2023-09-14T18:03:14.240+0100] {security.py:708} INFO - Not syncing DAG-level permissions for DAG 'DAG:example_dag_decorator' as access control is unset.
[2023-09-14T18:03:14.241+0100] {logging_mixin.py:151} INFO - [2023-09-14T18:03:14.241+0100] {dag.py:2915} INFO - Sync 1 DAGs
[2023-09-14T18:03:14.256+0100] {logging_mixin.py:151} INFO - [2023-09-14T18:03:14.256+0100] {dag.py:3696} INFO - Setting next_dagrun for example_dag_decorator to None, run_after=None
[2023-09-14T18:03:14.316+0100] {processor.py:179} INFO - Processing /home/joestar/Documents/projects/airflow_etl/airflow_env/lib/python3.8/site-packages/airflow/example_dags/example_dag_decorator.py took 0.238 seconds
[2023-09-14T18:04:07.198+0100] {processor.py:157} INFO - Started process (PID=38982) to work on /home/joestar/Documents/projects/airflow_etl/airflow_env/lib/python3.8/site-packages/airflow/example_dags/example_dag_decorator.py
[2023-09-14T18:04:07.200+0100] {processor.py:829} INFO - Processing file /home/joestar/Documents/projects/airflow_etl/airflow_env/lib/python3.8/site-packages/airflow/example_dags/example_dag_decorator.py for tasks to queue
[2023-09-14T18:04:07.201+0100] {logging_mixin.py:151} INFO - [2023-09-14T18:04:07.200+0100] {dagbag.py:539} INFO - Filling up the DagBag from /home/joestar/Documents/projects/airflow_etl/airflow_env/lib/python3.8/site-packages/airflow/example_dags/example_dag_decorator.py
[2023-09-14T18:04:07.216+0100] {processor.py:839} INFO - DAG(s) dict_keys(['example_dag_decorator']) retrieved from /home/joestar/Documents/projects/airflow_etl/airflow_env/lib/python3.8/site-packages/airflow/example_dags/example_dag_decorator.py
[2023-09-14T18:04:07.342+0100] {logging_mixin.py:151} INFO - [2023-09-14T18:04:07.341+0100] {security.py:708} INFO - Not syncing DAG-level permissions for DAG 'DAG:example_dag_decorator' as access control is unset.
[2023-09-14T18:04:07.342+0100] {logging_mixin.py:151} INFO - [2023-09-14T18:04:07.342+0100] {dag.py:2915} INFO - Sync 1 DAGs
[2023-09-14T18:04:07.358+0100] {logging_mixin.py:151} INFO - [2023-09-14T18:04:07.357+0100] {dag.py:3696} INFO - Setting next_dagrun for example_dag_decorator to None, run_after=None
[2023-09-14T18:04:07.389+0100] {processor.py:179} INFO - Processing /home/joestar/Documents/projects/airflow_etl/airflow_env/lib/python3.8/site-packages/airflow/example_dags/example_dag_decorator.py took 0.194 seconds
[2023-09-14T18:04:55.221+0100] {processor.py:157} INFO - Started process (PID=39210) to work on /home/joestar/Documents/projects/airflow_etl/airflow_env/lib/python3.8/site-packages/airflow/example_dags/example_dag_decorator.py
[2023-09-14T18:04:55.222+0100] {processor.py:829} INFO - Processing file /home/joestar/Documents/projects/airflow_etl/airflow_env/lib/python3.8/site-packages/airflow/example_dags/example_dag_decorator.py for tasks to queue
[2023-09-14T18:04:55.223+0100] {logging_mixin.py:151} INFO - [2023-09-14T18:04:55.222+0100] {dagbag.py:539} INFO - Filling up the DagBag from /home/joestar/Documents/projects/airflow_etl/airflow_env/lib/python3.8/site-packages/airflow/example_dags/example_dag_decorator.py
[2023-09-14T18:04:55.234+0100] {processor.py:839} INFO - DAG(s) dict_keys(['example_dag_decorator']) retrieved from /home/joestar/Documents/projects/airflow_etl/airflow_env/lib/python3.8/site-packages/airflow/example_dags/example_dag_decorator.py
[2023-09-14T18:04:55.345+0100] {logging_mixin.py:151} INFO - [2023-09-14T18:04:55.344+0100] {security.py:708} INFO - Not syncing DAG-level permissions for DAG 'DAG:example_dag_decorator' as access control is unset.
[2023-09-14T18:04:55.345+0100] {logging_mixin.py:151} INFO - [2023-09-14T18:04:55.345+0100] {dag.py:2915} INFO - Sync 1 DAGs
[2023-09-14T18:04:55.356+0100] {logging_mixin.py:151} INFO - [2023-09-14T18:04:55.356+0100] {dag.py:3696} INFO - Setting next_dagrun for example_dag_decorator to None, run_after=None
[2023-09-14T18:04:55.381+0100] {processor.py:179} INFO - Processing /home/joestar/Documents/projects/airflow_etl/airflow_env/lib/python3.8/site-packages/airflow/example_dags/example_dag_decorator.py took 0.164 seconds
