[2023-09-14T17:12:11.972+0100] {processor.py:157} INFO - Started process (PID=24298) to work on /home/joestar/Documents/projects/airflow_etl/airflow_env/lib/python3.8/site-packages/airflow/example_dags/example_setup_teardown.py
[2023-09-14T17:12:11.973+0100] {processor.py:829} INFO - Processing file /home/joestar/Documents/projects/airflow_etl/airflow_env/lib/python3.8/site-packages/airflow/example_dags/example_setup_teardown.py for tasks to queue
[2023-09-14T17:12:11.974+0100] {logging_mixin.py:151} INFO - [2023-09-14T17:12:11.973+0100] {dagbag.py:539} INFO - Filling up the DagBag from /home/joestar/Documents/projects/airflow_etl/airflow_env/lib/python3.8/site-packages/airflow/example_dags/example_setup_teardown.py
[2023-09-14T17:12:11.985+0100] {processor.py:839} INFO - DAG(s) dict_keys(['example_setup_teardown']) retrieved from /home/joestar/Documents/projects/airflow_etl/airflow_env/lib/python3.8/site-packages/airflow/example_dags/example_setup_teardown.py
[2023-09-14T17:12:12.139+0100] {logging_mixin.py:151} INFO - [2023-09-14T17:12:12.139+0100] {manager.py:499} INFO - Created Permission View: %s
[2023-09-14T17:12:12.160+0100] {logging_mixin.py:151} INFO - [2023-09-14T17:12:12.159+0100] {manager.py:499} INFO - Created Permission View: %s
[2023-09-14T17:12:12.185+0100] {logging_mixin.py:151} INFO - [2023-09-14T17:12:12.185+0100] {manager.py:499} INFO - Created Permission View: %s
[2023-09-14T17:12:12.185+0100] {logging_mixin.py:151} INFO - [2023-09-14T17:12:12.185+0100] {security.py:708} INFO - Not syncing DAG-level permissions for DAG 'DAG:example_setup_teardown' as access control is unset.
[2023-09-14T17:12:12.186+0100] {logging_mixin.py:151} INFO - [2023-09-14T17:12:12.185+0100] {dag.py:2915} INFO - Sync 1 DAGs
[2023-09-14T17:12:12.197+0100] {logging_mixin.py:151} INFO - [2023-09-14T17:12:12.197+0100] {dag.py:2937} INFO - Creating ORM DAG for example_setup_teardown
[2023-09-14T17:12:12.206+0100] {logging_mixin.py:151} INFO - [2023-09-14T17:12:12.206+0100] {dag.py:3696} INFO - Setting next_dagrun for example_setup_teardown to 2023-09-13T16:12:12.206576+00:00, run_after=2023-09-14T16:12:12.206576+00:00
[2023-09-14T17:12:12.240+0100] {processor.py:179} INFO - Processing /home/joestar/Documents/projects/airflow_etl/airflow_env/lib/python3.8/site-packages/airflow/example_dags/example_setup_teardown.py took 0.273 seconds
[2023-09-14T17:13:05.468+0100] {processor.py:157} INFO - Started process (PID=24706) to work on /home/joestar/Documents/projects/airflow_etl/airflow_env/lib/python3.8/site-packages/airflow/example_dags/example_setup_teardown.py
[2023-09-14T17:13:05.469+0100] {processor.py:829} INFO - Processing file /home/joestar/Documents/projects/airflow_etl/airflow_env/lib/python3.8/site-packages/airflow/example_dags/example_setup_teardown.py for tasks to queue
[2023-09-14T17:13:05.470+0100] {logging_mixin.py:151} INFO - [2023-09-14T17:13:05.470+0100] {dagbag.py:539} INFO - Filling up the DagBag from /home/joestar/Documents/projects/airflow_etl/airflow_env/lib/python3.8/site-packages/airflow/example_dags/example_setup_teardown.py
[2023-09-14T17:13:05.479+0100] {processor.py:839} INFO - DAG(s) dict_keys(['example_setup_teardown']) retrieved from /home/joestar/Documents/projects/airflow_etl/airflow_env/lib/python3.8/site-packages/airflow/example_dags/example_setup_teardown.py
[2023-09-14T17:13:05.494+0100] {logging_mixin.py:151} INFO - [2023-09-14T17:13:05.494+0100] {dag.py:2915} INFO - Sync 1 DAGs
[2023-09-14T17:13:05.511+0100] {logging_mixin.py:151} INFO - [2023-09-14T17:13:05.511+0100] {dag.py:3696} INFO - Setting next_dagrun for example_setup_teardown to 2023-09-13T16:13:05.510897+00:00, run_after=2023-09-14T16:13:05.510897+00:00
[2023-09-14T17:13:05.534+0100] {processor.py:179} INFO - Processing /home/joestar/Documents/projects/airflow_etl/airflow_env/lib/python3.8/site-packages/airflow/example_dags/example_setup_teardown.py took 0.069 seconds
[2023-09-14T17:13:55.582+0100] {processor.py:157} INFO - Started process (PID=25060) to work on /home/joestar/Documents/projects/airflow_etl/airflow_env/lib/python3.8/site-packages/airflow/example_dags/example_setup_teardown.py
[2023-09-14T17:13:55.583+0100] {processor.py:829} INFO - Processing file /home/joestar/Documents/projects/airflow_etl/airflow_env/lib/python3.8/site-packages/airflow/example_dags/example_setup_teardown.py for tasks to queue
[2023-09-14T17:13:55.585+0100] {logging_mixin.py:151} INFO - [2023-09-14T17:13:55.584+0100] {dagbag.py:539} INFO - Filling up the DagBag from /home/joestar/Documents/projects/airflow_etl/airflow_env/lib/python3.8/site-packages/airflow/example_dags/example_setup_teardown.py
[2023-09-14T17:13:55.595+0100] {processor.py:839} INFO - DAG(s) dict_keys(['example_setup_teardown']) retrieved from /home/joestar/Documents/projects/airflow_etl/airflow_env/lib/python3.8/site-packages/airflow/example_dags/example_setup_teardown.py
[2023-09-14T17:13:55.610+0100] {logging_mixin.py:151} INFO - [2023-09-14T17:13:55.610+0100] {dag.py:2915} INFO - Sync 1 DAGs
[2023-09-14T17:13:55.628+0100] {logging_mixin.py:151} INFO - [2023-09-14T17:13:55.628+0100] {dag.py:3696} INFO - Setting next_dagrun for example_setup_teardown to 2023-09-13T16:13:55.628580+00:00, run_after=2023-09-14T16:13:55.628580+00:00
[2023-09-14T17:13:55.663+0100] {processor.py:179} INFO - Processing /home/joestar/Documents/projects/airflow_etl/airflow_env/lib/python3.8/site-packages/airflow/example_dags/example_setup_teardown.py took 0.087 seconds
[2023-09-14T17:14:39.710+0100] {processor.py:157} INFO - Started process (PID=25376) to work on /home/joestar/Documents/projects/airflow_etl/airflow_env/lib/python3.8/site-packages/airflow/example_dags/example_setup_teardown.py
[2023-09-14T17:14:39.711+0100] {processor.py:829} INFO - Processing file /home/joestar/Documents/projects/airflow_etl/airflow_env/lib/python3.8/site-packages/airflow/example_dags/example_setup_teardown.py for tasks to queue
[2023-09-14T17:14:39.713+0100] {logging_mixin.py:151} INFO - [2023-09-14T17:14:39.712+0100] {dagbag.py:539} INFO - Filling up the DagBag from /home/joestar/Documents/projects/airflow_etl/airflow_env/lib/python3.8/site-packages/airflow/example_dags/example_setup_teardown.py
[2023-09-14T17:14:39.721+0100] {processor.py:839} INFO - DAG(s) dict_keys(['example_setup_teardown']) retrieved from /home/joestar/Documents/projects/airflow_etl/airflow_env/lib/python3.8/site-packages/airflow/example_dags/example_setup_teardown.py
[2023-09-14T17:14:39.748+0100] {logging_mixin.py:151} INFO - [2023-09-14T17:14:39.748+0100] {dag.py:2915} INFO - Sync 1 DAGs
[2023-09-14T17:14:39.784+0100] {logging_mixin.py:151} INFO - [2023-09-14T17:14:39.783+0100] {dag.py:3696} INFO - Setting next_dagrun for example_setup_teardown to 2023-09-13T16:14:39.783269+00:00, run_after=2023-09-14T16:14:39.783269+00:00
[2023-09-14T17:14:39.823+0100] {processor.py:179} INFO - Processing /home/joestar/Documents/projects/airflow_etl/airflow_env/lib/python3.8/site-packages/airflow/example_dags/example_setup_teardown.py took 0.116 seconds
[2023-09-14T17:15:34.975+0100] {processor.py:157} INFO - Started process (PID=25950) to work on /home/joestar/Documents/projects/airflow_etl/airflow_env/lib/python3.8/site-packages/airflow/example_dags/example_setup_teardown.py
[2023-09-14T17:15:34.976+0100] {processor.py:829} INFO - Processing file /home/joestar/Documents/projects/airflow_etl/airflow_env/lib/python3.8/site-packages/airflow/example_dags/example_setup_teardown.py for tasks to queue
[2023-09-14T17:15:34.978+0100] {logging_mixin.py:151} INFO - [2023-09-14T17:15:34.977+0100] {dagbag.py:539} INFO - Filling up the DagBag from /home/joestar/Documents/projects/airflow_etl/airflow_env/lib/python3.8/site-packages/airflow/example_dags/example_setup_teardown.py
[2023-09-14T17:15:34.990+0100] {processor.py:839} INFO - DAG(s) dict_keys(['example_setup_teardown']) retrieved from /home/joestar/Documents/projects/airflow_etl/airflow_env/lib/python3.8/site-packages/airflow/example_dags/example_setup_teardown.py
[2023-09-14T17:15:35.017+0100] {logging_mixin.py:151} INFO - [2023-09-14T17:15:35.016+0100] {dag.py:2915} INFO - Sync 1 DAGs
[2023-09-14T17:15:35.050+0100] {logging_mixin.py:151} INFO - [2023-09-14T17:15:35.050+0100] {dag.py:3696} INFO - Setting next_dagrun for example_setup_teardown to 2023-09-13T16:15:35.049683+00:00, run_after=2023-09-14T16:15:35.049683+00:00
[2023-09-14T17:15:35.092+0100] {processor.py:179} INFO - Processing /home/joestar/Documents/projects/airflow_etl/airflow_env/lib/python3.8/site-packages/airflow/example_dags/example_setup_teardown.py took 0.122 seconds
[2023-09-14T17:16:13.383+0100] {processor.py:157} INFO - Started process (PID=26137) to work on /home/joestar/Documents/projects/airflow_etl/airflow_env/lib/python3.8/site-packages/airflow/example_dags/example_setup_teardown.py
[2023-09-14T17:16:13.384+0100] {processor.py:829} INFO - Processing file /home/joestar/Documents/projects/airflow_etl/airflow_env/lib/python3.8/site-packages/airflow/example_dags/example_setup_teardown.py for tasks to queue
[2023-09-14T17:16:13.385+0100] {logging_mixin.py:151} INFO - [2023-09-14T17:16:13.384+0100] {dagbag.py:539} INFO - Filling up the DagBag from /home/joestar/Documents/projects/airflow_etl/airflow_env/lib/python3.8/site-packages/airflow/example_dags/example_setup_teardown.py
[2023-09-14T17:16:13.394+0100] {processor.py:839} INFO - DAG(s) dict_keys(['example_setup_teardown']) retrieved from /home/joestar/Documents/projects/airflow_etl/airflow_env/lib/python3.8/site-packages/airflow/example_dags/example_setup_teardown.py
[2023-09-14T17:16:13.412+0100] {logging_mixin.py:151} INFO - [2023-09-14T17:16:13.411+0100] {dag.py:2915} INFO - Sync 1 DAGs
[2023-09-14T17:16:13.437+0100] {logging_mixin.py:151} INFO - [2023-09-14T17:16:13.437+0100] {dag.py:3696} INFO - Setting next_dagrun for example_setup_teardown to 2023-09-13T16:16:13.437052+00:00, run_after=2023-09-14T16:16:13.437052+00:00
[2023-09-14T17:16:13.481+0100] {processor.py:179} INFO - Processing /home/joestar/Documents/projects/airflow_etl/airflow_env/lib/python3.8/site-packages/airflow/example_dags/example_setup_teardown.py took 0.102 seconds
[2023-09-14T17:17:05.721+0100] {processor.py:157} INFO - Started process (PID=26385) to work on /home/joestar/Documents/projects/airflow_etl/airflow_env/lib/python3.8/site-packages/airflow/example_dags/example_setup_teardown.py
[2023-09-14T17:17:05.724+0100] {processor.py:829} INFO - Processing file /home/joestar/Documents/projects/airflow_etl/airflow_env/lib/python3.8/site-packages/airflow/example_dags/example_setup_teardown.py for tasks to queue
[2023-09-14T17:17:05.728+0100] {logging_mixin.py:151} INFO - [2023-09-14T17:17:05.726+0100] {dagbag.py:539} INFO - Filling up the DagBag from /home/joestar/Documents/projects/airflow_etl/airflow_env/lib/python3.8/site-packages/airflow/example_dags/example_setup_teardown.py
[2023-09-14T17:17:05.748+0100] {processor.py:839} INFO - DAG(s) dict_keys(['example_setup_teardown']) retrieved from /home/joestar/Documents/projects/airflow_etl/airflow_env/lib/python3.8/site-packages/airflow/example_dags/example_setup_teardown.py
[2023-09-14T17:17:05.774+0100] {logging_mixin.py:151} INFO - [2023-09-14T17:17:05.773+0100] {dag.py:2915} INFO - Sync 1 DAGs
[2023-09-14T17:17:05.798+0100] {logging_mixin.py:151} INFO - [2023-09-14T17:17:05.797+0100] {dag.py:3696} INFO - Setting next_dagrun for example_setup_teardown to 2023-09-13T16:17:05.797652+00:00, run_after=2023-09-14T16:17:05.797652+00:00
[2023-09-14T17:17:05.825+0100] {processor.py:179} INFO - Processing /home/joestar/Documents/projects/airflow_etl/airflow_env/lib/python3.8/site-packages/airflow/example_dags/example_setup_teardown.py took 0.114 seconds
[2023-09-14T17:17:55.709+0100] {processor.py:157} INFO - Started process (PID=26677) to work on /home/joestar/Documents/projects/airflow_etl/airflow_env/lib/python3.8/site-packages/airflow/example_dags/example_setup_teardown.py
[2023-09-14T17:17:55.710+0100] {processor.py:829} INFO - Processing file /home/joestar/Documents/projects/airflow_etl/airflow_env/lib/python3.8/site-packages/airflow/example_dags/example_setup_teardown.py for tasks to queue
[2023-09-14T17:17:55.711+0100] {logging_mixin.py:151} INFO - [2023-09-14T17:17:55.711+0100] {dagbag.py:539} INFO - Filling up the DagBag from /home/joestar/Documents/projects/airflow_etl/airflow_env/lib/python3.8/site-packages/airflow/example_dags/example_setup_teardown.py
[2023-09-14T17:17:55.718+0100] {processor.py:839} INFO - DAG(s) dict_keys(['example_setup_teardown']) retrieved from /home/joestar/Documents/projects/airflow_etl/airflow_env/lib/python3.8/site-packages/airflow/example_dags/example_setup_teardown.py
[2023-09-14T17:17:55.732+0100] {logging_mixin.py:151} INFO - [2023-09-14T17:17:55.732+0100] {dag.py:2915} INFO - Sync 1 DAGs
[2023-09-14T17:17:55.750+0100] {logging_mixin.py:151} INFO - [2023-09-14T17:17:55.750+0100] {dag.py:3696} INFO - Setting next_dagrun for example_setup_teardown to 2023-09-13T16:17:55.750382+00:00, run_after=2023-09-14T16:17:55.750382+00:00
[2023-09-14T17:17:55.787+0100] {processor.py:179} INFO - Processing /home/joestar/Documents/projects/airflow_etl/airflow_env/lib/python3.8/site-packages/airflow/example_dags/example_setup_teardown.py took 0.081 seconds
[2023-09-14T17:18:45.311+0100] {processor.py:157} INFO - Started process (PID=27073) to work on /home/joestar/Documents/projects/airflow_etl/airflow_env/lib/python3.8/site-packages/airflow/example_dags/example_setup_teardown.py
[2023-09-14T17:18:45.312+0100] {processor.py:829} INFO - Processing file /home/joestar/Documents/projects/airflow_etl/airflow_env/lib/python3.8/site-packages/airflow/example_dags/example_setup_teardown.py for tasks to queue
[2023-09-14T17:18:45.313+0100] {logging_mixin.py:151} INFO - [2023-09-14T17:18:45.313+0100] {dagbag.py:539} INFO - Filling up the DagBag from /home/joestar/Documents/projects/airflow_etl/airflow_env/lib/python3.8/site-packages/airflow/example_dags/example_setup_teardown.py
[2023-09-14T17:18:45.341+0100] {processor.py:839} INFO - DAG(s) dict_keys(['example_setup_teardown']) retrieved from /home/joestar/Documents/projects/airflow_etl/airflow_env/lib/python3.8/site-packages/airflow/example_dags/example_setup_teardown.py
[2023-09-14T17:18:45.372+0100] {logging_mixin.py:151} INFO - [2023-09-14T17:18:45.371+0100] {dag.py:2915} INFO - Sync 1 DAGs
[2023-09-14T17:18:45.400+0100] {logging_mixin.py:151} INFO - [2023-09-14T17:18:45.400+0100] {dag.py:3696} INFO - Setting next_dagrun for example_setup_teardown to 2023-09-13T16:18:45.400132+00:00, run_after=2023-09-14T16:18:45.400132+00:00
[2023-09-14T17:18:45.447+0100] {processor.py:179} INFO - Processing /home/joestar/Documents/projects/airflow_etl/airflow_env/lib/python3.8/site-packages/airflow/example_dags/example_setup_teardown.py took 0.141 seconds
[2023-09-14T17:19:28.873+0100] {processor.py:157} INFO - Started process (PID=27296) to work on /home/joestar/Documents/projects/airflow_etl/airflow_env/lib/python3.8/site-packages/airflow/example_dags/example_setup_teardown.py
[2023-09-14T17:19:28.874+0100] {processor.py:829} INFO - Processing file /home/joestar/Documents/projects/airflow_etl/airflow_env/lib/python3.8/site-packages/airflow/example_dags/example_setup_teardown.py for tasks to queue
[2023-09-14T17:19:28.875+0100] {logging_mixin.py:151} INFO - [2023-09-14T17:19:28.874+0100] {dagbag.py:539} INFO - Filling up the DagBag from /home/joestar/Documents/projects/airflow_etl/airflow_env/lib/python3.8/site-packages/airflow/example_dags/example_setup_teardown.py
[2023-09-14T17:19:28.882+0100] {processor.py:839} INFO - DAG(s) dict_keys(['example_setup_teardown']) retrieved from /home/joestar/Documents/projects/airflow_etl/airflow_env/lib/python3.8/site-packages/airflow/example_dags/example_setup_teardown.py
[2023-09-14T17:19:28.896+0100] {logging_mixin.py:151} INFO - [2023-09-14T17:19:28.895+0100] {dag.py:2915} INFO - Sync 1 DAGs
[2023-09-14T17:19:28.917+0100] {logging_mixin.py:151} INFO - [2023-09-14T17:19:28.916+0100] {dag.py:3696} INFO - Setting next_dagrun for example_setup_teardown to 2023-09-13T16:19:28.916597+00:00, run_after=2023-09-14T16:19:28.916597+00:00
[2023-09-14T17:19:28.961+0100] {processor.py:179} INFO - Processing /home/joestar/Documents/projects/airflow_etl/airflow_env/lib/python3.8/site-packages/airflow/example_dags/example_setup_teardown.py took 0.091 seconds
[2023-09-14T17:20:22.062+0100] {processor.py:157} INFO - Started process (PID=27536) to work on /home/joestar/Documents/projects/airflow_etl/airflow_env/lib/python3.8/site-packages/airflow/example_dags/example_setup_teardown.py
[2023-09-14T17:20:22.062+0100] {processor.py:829} INFO - Processing file /home/joestar/Documents/projects/airflow_etl/airflow_env/lib/python3.8/site-packages/airflow/example_dags/example_setup_teardown.py for tasks to queue
[2023-09-14T17:20:22.063+0100] {logging_mixin.py:151} INFO - [2023-09-14T17:20:22.063+0100] {dagbag.py:539} INFO - Filling up the DagBag from /home/joestar/Documents/projects/airflow_etl/airflow_env/lib/python3.8/site-packages/airflow/example_dags/example_setup_teardown.py
[2023-09-14T17:20:22.071+0100] {processor.py:839} INFO - DAG(s) dict_keys(['example_setup_teardown']) retrieved from /home/joestar/Documents/projects/airflow_etl/airflow_env/lib/python3.8/site-packages/airflow/example_dags/example_setup_teardown.py
[2023-09-14T17:20:22.091+0100] {logging_mixin.py:151} INFO - [2023-09-14T17:20:22.091+0100] {dag.py:2915} INFO - Sync 1 DAGs
[2023-09-14T17:20:22.120+0100] {logging_mixin.py:151} INFO - [2023-09-14T17:20:22.119+0100] {dag.py:3696} INFO - Setting next_dagrun for example_setup_teardown to 2023-09-13T16:20:22.119693+00:00, run_after=2023-09-14T16:20:22.119693+00:00
[2023-09-14T17:20:22.153+0100] {processor.py:179} INFO - Processing /home/joestar/Documents/projects/airflow_etl/airflow_env/lib/python3.8/site-packages/airflow/example_dags/example_setup_teardown.py took 0.094 seconds
[2023-09-14T17:21:12.941+0100] {processor.py:157} INFO - Started process (PID=27765) to work on /home/joestar/Documents/projects/airflow_etl/airflow_env/lib/python3.8/site-packages/airflow/example_dags/example_setup_teardown.py
[2023-09-14T17:21:12.942+0100] {processor.py:829} INFO - Processing file /home/joestar/Documents/projects/airflow_etl/airflow_env/lib/python3.8/site-packages/airflow/example_dags/example_setup_teardown.py for tasks to queue
[2023-09-14T17:21:12.943+0100] {logging_mixin.py:151} INFO - [2023-09-14T17:21:12.943+0100] {dagbag.py:539} INFO - Filling up the DagBag from /home/joestar/Documents/projects/airflow_etl/airflow_env/lib/python3.8/site-packages/airflow/example_dags/example_setup_teardown.py
[2023-09-14T17:21:12.950+0100] {processor.py:839} INFO - DAG(s) dict_keys(['example_setup_teardown']) retrieved from /home/joestar/Documents/projects/airflow_etl/airflow_env/lib/python3.8/site-packages/airflow/example_dags/example_setup_teardown.py
[2023-09-14T17:21:12.964+0100] {logging_mixin.py:151} INFO - [2023-09-14T17:21:12.964+0100] {dag.py:2915} INFO - Sync 1 DAGs
[2023-09-14T17:21:12.983+0100] {logging_mixin.py:151} INFO - [2023-09-14T17:21:12.983+0100] {dag.py:3696} INFO - Setting next_dagrun for example_setup_teardown to 2023-09-13T16:21:12.983076+00:00, run_after=2023-09-14T16:21:12.983076+00:00
[2023-09-14T17:21:13.019+0100] {processor.py:179} INFO - Processing /home/joestar/Documents/projects/airflow_etl/airflow_env/lib/python3.8/site-packages/airflow/example_dags/example_setup_teardown.py took 0.081 seconds
[2023-09-14T17:22:04.079+0100] {processor.py:157} INFO - Started process (PID=27976) to work on /home/joestar/Documents/projects/airflow_etl/airflow_env/lib/python3.8/site-packages/airflow/example_dags/example_setup_teardown.py
[2023-09-14T17:22:04.080+0100] {processor.py:829} INFO - Processing file /home/joestar/Documents/projects/airflow_etl/airflow_env/lib/python3.8/site-packages/airflow/example_dags/example_setup_teardown.py for tasks to queue
[2023-09-14T17:22:04.081+0100] {logging_mixin.py:151} INFO - [2023-09-14T17:22:04.081+0100] {dagbag.py:539} INFO - Filling up the DagBag from /home/joestar/Documents/projects/airflow_etl/airflow_env/lib/python3.8/site-packages/airflow/example_dags/example_setup_teardown.py
[2023-09-14T17:22:04.089+0100] {processor.py:839} INFO - DAG(s) dict_keys(['example_setup_teardown']) retrieved from /home/joestar/Documents/projects/airflow_etl/airflow_env/lib/python3.8/site-packages/airflow/example_dags/example_setup_teardown.py
[2023-09-14T17:22:04.109+0100] {logging_mixin.py:151} INFO - [2023-09-14T17:22:04.108+0100] {dag.py:2915} INFO - Sync 1 DAGs
[2023-09-14T17:22:04.134+0100] {logging_mixin.py:151} INFO - [2023-09-14T17:22:04.134+0100] {dag.py:3696} INFO - Setting next_dagrun for example_setup_teardown to 2023-09-13T16:22:04.134470+00:00, run_after=2023-09-14T16:22:04.134470+00:00
[2023-09-14T17:22:04.165+0100] {processor.py:179} INFO - Processing /home/joestar/Documents/projects/airflow_etl/airflow_env/lib/python3.8/site-packages/airflow/example_dags/example_setup_teardown.py took 0.089 seconds
[2023-09-14T17:22:46.257+0100] {processor.py:157} INFO - Started process (PID=28146) to work on /home/joestar/Documents/projects/airflow_etl/airflow_env/lib/python3.8/site-packages/airflow/example_dags/example_setup_teardown.py
[2023-09-14T17:22:46.258+0100] {processor.py:829} INFO - Processing file /home/joestar/Documents/projects/airflow_etl/airflow_env/lib/python3.8/site-packages/airflow/example_dags/example_setup_teardown.py for tasks to queue
[2023-09-14T17:22:46.259+0100] {logging_mixin.py:151} INFO - [2023-09-14T17:22:46.258+0100] {dagbag.py:539} INFO - Filling up the DagBag from /home/joestar/Documents/projects/airflow_etl/airflow_env/lib/python3.8/site-packages/airflow/example_dags/example_setup_teardown.py
[2023-09-14T17:22:46.267+0100] {processor.py:839} INFO - DAG(s) dict_keys(['example_setup_teardown']) retrieved from /home/joestar/Documents/projects/airflow_etl/airflow_env/lib/python3.8/site-packages/airflow/example_dags/example_setup_teardown.py
[2023-09-14T17:22:46.288+0100] {logging_mixin.py:151} INFO - [2023-09-14T17:22:46.288+0100] {dag.py:2915} INFO - Sync 1 DAGs
[2023-09-14T17:22:46.313+0100] {logging_mixin.py:151} INFO - [2023-09-14T17:22:46.313+0100] {dag.py:3696} INFO - Setting next_dagrun for example_setup_teardown to 2023-09-13T16:22:46.313009+00:00, run_after=2023-09-14T16:22:46.313009+00:00
[2023-09-14T17:22:46.363+0100] {processor.py:179} INFO - Processing /home/joestar/Documents/projects/airflow_etl/airflow_env/lib/python3.8/site-packages/airflow/example_dags/example_setup_teardown.py took 0.109 seconds
[2023-09-14T17:23:38.872+0100] {processor.py:157} INFO - Started process (PID=28391) to work on /home/joestar/Documents/projects/airflow_etl/airflow_env/lib/python3.8/site-packages/airflow/example_dags/example_setup_teardown.py
[2023-09-14T17:23:38.874+0100] {processor.py:829} INFO - Processing file /home/joestar/Documents/projects/airflow_etl/airflow_env/lib/python3.8/site-packages/airflow/example_dags/example_setup_teardown.py for tasks to queue
[2023-09-14T17:23:38.875+0100] {logging_mixin.py:151} INFO - [2023-09-14T17:23:38.874+0100] {dagbag.py:539} INFO - Filling up the DagBag from /home/joestar/Documents/projects/airflow_etl/airflow_env/lib/python3.8/site-packages/airflow/example_dags/example_setup_teardown.py
[2023-09-14T17:23:38.892+0100] {processor.py:839} INFO - DAG(s) dict_keys(['example_setup_teardown']) retrieved from /home/joestar/Documents/projects/airflow_etl/airflow_env/lib/python3.8/site-packages/airflow/example_dags/example_setup_teardown.py
[2023-09-14T17:23:38.917+0100] {logging_mixin.py:151} INFO - [2023-09-14T17:23:38.917+0100] {dag.py:2915} INFO - Sync 1 DAGs
[2023-09-14T17:23:38.959+0100] {logging_mixin.py:151} INFO - [2023-09-14T17:23:38.959+0100] {dag.py:3696} INFO - Setting next_dagrun for example_setup_teardown to 2023-09-13T16:23:38.958967+00:00, run_after=2023-09-14T16:23:38.958967+00:00
[2023-09-14T17:23:39.016+0100] {processor.py:179} INFO - Processing /home/joestar/Documents/projects/airflow_etl/airflow_env/lib/python3.8/site-packages/airflow/example_dags/example_setup_teardown.py took 0.150 seconds
[2023-09-14T17:24:35.773+0100] {processor.py:157} INFO - Started process (PID=28643) to work on /home/joestar/Documents/projects/airflow_etl/airflow_env/lib/python3.8/site-packages/airflow/example_dags/example_setup_teardown.py
[2023-09-14T17:24:35.774+0100] {processor.py:829} INFO - Processing file /home/joestar/Documents/projects/airflow_etl/airflow_env/lib/python3.8/site-packages/airflow/example_dags/example_setup_teardown.py for tasks to queue
[2023-09-14T17:24:35.775+0100] {logging_mixin.py:151} INFO - [2023-09-14T17:24:35.774+0100] {dagbag.py:539} INFO - Filling up the DagBag from /home/joestar/Documents/projects/airflow_etl/airflow_env/lib/python3.8/site-packages/airflow/example_dags/example_setup_teardown.py
[2023-09-14T17:24:35.782+0100] {processor.py:839} INFO - DAG(s) dict_keys(['example_setup_teardown']) retrieved from /home/joestar/Documents/projects/airflow_etl/airflow_env/lib/python3.8/site-packages/airflow/example_dags/example_setup_teardown.py
[2023-09-14T17:24:35.796+0100] {logging_mixin.py:151} INFO - [2023-09-14T17:24:35.796+0100] {dag.py:2915} INFO - Sync 1 DAGs
[2023-09-14T17:24:35.816+0100] {logging_mixin.py:151} INFO - [2023-09-14T17:24:35.816+0100] {dag.py:3696} INFO - Setting next_dagrun for example_setup_teardown to 2023-09-13T16:24:35.816555+00:00, run_after=2023-09-14T16:24:35.816555+00:00
[2023-09-14T17:24:35.860+0100] {processor.py:179} INFO - Processing /home/joestar/Documents/projects/airflow_etl/airflow_env/lib/python3.8/site-packages/airflow/example_dags/example_setup_teardown.py took 0.090 seconds
[2023-09-14T17:25:14.883+0100] {processor.py:157} INFO - Started process (PID=28804) to work on /home/joestar/Documents/projects/airflow_etl/airflow_env/lib/python3.8/site-packages/airflow/example_dags/example_setup_teardown.py
[2023-09-14T17:25:14.885+0100] {processor.py:829} INFO - Processing file /home/joestar/Documents/projects/airflow_etl/airflow_env/lib/python3.8/site-packages/airflow/example_dags/example_setup_teardown.py for tasks to queue
[2023-09-14T17:25:14.887+0100] {logging_mixin.py:151} INFO - [2023-09-14T17:25:14.885+0100] {dagbag.py:539} INFO - Filling up the DagBag from /home/joestar/Documents/projects/airflow_etl/airflow_env/lib/python3.8/site-packages/airflow/example_dags/example_setup_teardown.py
[2023-09-14T17:25:14.898+0100] {processor.py:839} INFO - DAG(s) dict_keys(['example_setup_teardown']) retrieved from /home/joestar/Documents/projects/airflow_etl/airflow_env/lib/python3.8/site-packages/airflow/example_dags/example_setup_teardown.py
[2023-09-14T17:25:14.916+0100] {logging_mixin.py:151} INFO - [2023-09-14T17:25:14.916+0100] {dag.py:2915} INFO - Sync 1 DAGs
[2023-09-14T17:25:14.940+0100] {logging_mixin.py:151} INFO - [2023-09-14T17:25:14.940+0100] {dag.py:3696} INFO - Setting next_dagrun for example_setup_teardown to 2023-09-13T16:25:14.940092+00:00, run_after=2023-09-14T16:25:14.940092+00:00
[2023-09-14T17:25:14.971+0100] {processor.py:179} INFO - Processing /home/joestar/Documents/projects/airflow_etl/airflow_env/lib/python3.8/site-packages/airflow/example_dags/example_setup_teardown.py took 0.092 seconds
[2023-09-14T17:26:08.076+0100] {processor.py:157} INFO - Started process (PID=29035) to work on /home/joestar/Documents/projects/airflow_etl/airflow_env/lib/python3.8/site-packages/airflow/example_dags/example_setup_teardown.py
[2023-09-14T17:26:08.077+0100] {processor.py:829} INFO - Processing file /home/joestar/Documents/projects/airflow_etl/airflow_env/lib/python3.8/site-packages/airflow/example_dags/example_setup_teardown.py for tasks to queue
[2023-09-14T17:26:08.078+0100] {logging_mixin.py:151} INFO - [2023-09-14T17:26:08.078+0100] {dagbag.py:539} INFO - Filling up the DagBag from /home/joestar/Documents/projects/airflow_etl/airflow_env/lib/python3.8/site-packages/airflow/example_dags/example_setup_teardown.py
[2023-09-14T17:26:08.090+0100] {processor.py:839} INFO - DAG(s) dict_keys(['example_setup_teardown']) retrieved from /home/joestar/Documents/projects/airflow_etl/airflow_env/lib/python3.8/site-packages/airflow/example_dags/example_setup_teardown.py
[2023-09-14T17:26:08.112+0100] {logging_mixin.py:151} INFO - [2023-09-14T17:26:08.112+0100] {dag.py:2915} INFO - Sync 1 DAGs
[2023-09-14T17:26:08.144+0100] {logging_mixin.py:151} INFO - [2023-09-14T17:26:08.144+0100] {dag.py:3696} INFO - Setting next_dagrun for example_setup_teardown to 2023-09-13T16:26:08.143960+00:00, run_after=2023-09-14T16:26:08.143960+00:00
[2023-09-14T17:26:08.181+0100] {processor.py:179} INFO - Processing /home/joestar/Documents/projects/airflow_etl/airflow_env/lib/python3.8/site-packages/airflow/example_dags/example_setup_teardown.py took 0.108 seconds
[2023-09-14T17:27:01.031+0100] {processor.py:157} INFO - Started process (PID=29281) to work on /home/joestar/Documents/projects/airflow_etl/airflow_env/lib/python3.8/site-packages/airflow/example_dags/example_setup_teardown.py
[2023-09-14T17:27:01.032+0100] {processor.py:829} INFO - Processing file /home/joestar/Documents/projects/airflow_etl/airflow_env/lib/python3.8/site-packages/airflow/example_dags/example_setup_teardown.py for tasks to queue
[2023-09-14T17:27:01.033+0100] {logging_mixin.py:151} INFO - [2023-09-14T17:27:01.033+0100] {dagbag.py:539} INFO - Filling up the DagBag from /home/joestar/Documents/projects/airflow_etl/airflow_env/lib/python3.8/site-packages/airflow/example_dags/example_setup_teardown.py
[2023-09-14T17:27:01.040+0100] {processor.py:839} INFO - DAG(s) dict_keys(['example_setup_teardown']) retrieved from /home/joestar/Documents/projects/airflow_etl/airflow_env/lib/python3.8/site-packages/airflow/example_dags/example_setup_teardown.py
[2023-09-14T17:27:01.054+0100] {logging_mixin.py:151} INFO - [2023-09-14T17:27:01.054+0100] {dag.py:2915} INFO - Sync 1 DAGs
[2023-09-14T17:27:01.078+0100] {logging_mixin.py:151} INFO - [2023-09-14T17:27:01.078+0100] {dag.py:3696} INFO - Setting next_dagrun for example_setup_teardown to 2023-09-13T16:27:01.078273+00:00, run_after=2023-09-14T16:27:01.078273+00:00
[2023-09-14T17:27:01.130+0100] {processor.py:179} INFO - Processing /home/joestar/Documents/projects/airflow_etl/airflow_env/lib/python3.8/site-packages/airflow/example_dags/example_setup_teardown.py took 0.101 seconds
[2023-09-14T17:27:57.469+0100] {processor.py:157} INFO - Started process (PID=29522) to work on /home/joestar/Documents/projects/airflow_etl/airflow_env/lib/python3.8/site-packages/airflow/example_dags/example_setup_teardown.py
[2023-09-14T17:27:57.471+0100] {processor.py:829} INFO - Processing file /home/joestar/Documents/projects/airflow_etl/airflow_env/lib/python3.8/site-packages/airflow/example_dags/example_setup_teardown.py for tasks to queue
[2023-09-14T17:27:57.473+0100] {logging_mixin.py:151} INFO - [2023-09-14T17:27:57.472+0100] {dagbag.py:539} INFO - Filling up the DagBag from /home/joestar/Documents/projects/airflow_etl/airflow_env/lib/python3.8/site-packages/airflow/example_dags/example_setup_teardown.py
[2023-09-14T17:27:57.486+0100] {processor.py:839} INFO - DAG(s) dict_keys(['example_setup_teardown']) retrieved from /home/joestar/Documents/projects/airflow_etl/airflow_env/lib/python3.8/site-packages/airflow/example_dags/example_setup_teardown.py
[2023-09-14T17:27:57.503+0100] {logging_mixin.py:151} INFO - [2023-09-14T17:27:57.503+0100] {dag.py:2915} INFO - Sync 1 DAGs
[2023-09-14T17:27:57.521+0100] {logging_mixin.py:151} INFO - [2023-09-14T17:27:57.521+0100] {dag.py:3696} INFO - Setting next_dagrun for example_setup_teardown to 2023-09-13T16:27:57.521010+00:00, run_after=2023-09-14T16:27:57.521010+00:00
[2023-09-14T17:27:57.548+0100] {processor.py:179} INFO - Processing /home/joestar/Documents/projects/airflow_etl/airflow_env/lib/python3.8/site-packages/airflow/example_dags/example_setup_teardown.py took 0.086 seconds
[2023-09-14T17:28:49.779+0100] {processor.py:157} INFO - Started process (PID=29748) to work on /home/joestar/Documents/projects/airflow_etl/airflow_env/lib/python3.8/site-packages/airflow/example_dags/example_setup_teardown.py
[2023-09-14T17:28:49.779+0100] {processor.py:829} INFO - Processing file /home/joestar/Documents/projects/airflow_etl/airflow_env/lib/python3.8/site-packages/airflow/example_dags/example_setup_teardown.py for tasks to queue
[2023-09-14T17:28:49.780+0100] {logging_mixin.py:151} INFO - [2023-09-14T17:28:49.780+0100] {dagbag.py:539} INFO - Filling up the DagBag from /home/joestar/Documents/projects/airflow_etl/airflow_env/lib/python3.8/site-packages/airflow/example_dags/example_setup_teardown.py
[2023-09-14T17:28:49.787+0100] {processor.py:839} INFO - DAG(s) dict_keys(['example_setup_teardown']) retrieved from /home/joestar/Documents/projects/airflow_etl/airflow_env/lib/python3.8/site-packages/airflow/example_dags/example_setup_teardown.py
[2023-09-14T17:28:49.801+0100] {logging_mixin.py:151} INFO - [2023-09-14T17:28:49.800+0100] {dag.py:2915} INFO - Sync 1 DAGs
[2023-09-14T17:28:49.825+0100] {logging_mixin.py:151} INFO - [2023-09-14T17:28:49.825+0100] {dag.py:3696} INFO - Setting next_dagrun for example_setup_teardown to 2023-09-13T16:28:49.825160+00:00, run_after=2023-09-14T16:28:49.825160+00:00
[2023-09-14T17:28:49.854+0100] {processor.py:179} INFO - Processing /home/joestar/Documents/projects/airflow_etl/airflow_env/lib/python3.8/site-packages/airflow/example_dags/example_setup_teardown.py took 0.078 seconds
[2023-09-14T17:29:41.020+0100] {processor.py:157} INFO - Started process (PID=29998) to work on /home/joestar/Documents/projects/airflow_etl/airflow_env/lib/python3.8/site-packages/airflow/example_dags/example_setup_teardown.py
[2023-09-14T17:29:41.021+0100] {processor.py:829} INFO - Processing file /home/joestar/Documents/projects/airflow_etl/airflow_env/lib/python3.8/site-packages/airflow/example_dags/example_setup_teardown.py for tasks to queue
[2023-09-14T17:29:41.022+0100] {logging_mixin.py:151} INFO - [2023-09-14T17:29:41.022+0100] {dagbag.py:539} INFO - Filling up the DagBag from /home/joestar/Documents/projects/airflow_etl/airflow_env/lib/python3.8/site-packages/airflow/example_dags/example_setup_teardown.py
[2023-09-14T17:29:41.032+0100] {processor.py:839} INFO - DAG(s) dict_keys(['example_setup_teardown']) retrieved from /home/joestar/Documents/projects/airflow_etl/airflow_env/lib/python3.8/site-packages/airflow/example_dags/example_setup_teardown.py
[2023-09-14T17:29:41.048+0100] {logging_mixin.py:151} INFO - [2023-09-14T17:29:41.048+0100] {dag.py:2915} INFO - Sync 1 DAGs
[2023-09-14T17:29:41.069+0100] {logging_mixin.py:151} INFO - [2023-09-14T17:29:41.069+0100] {dag.py:3696} INFO - Setting next_dagrun for example_setup_teardown to 2023-09-13T16:29:41.068730+00:00, run_after=2023-09-14T16:29:41.068730+00:00
[2023-09-14T17:29:41.102+0100] {processor.py:179} INFO - Processing /home/joestar/Documents/projects/airflow_etl/airflow_env/lib/python3.8/site-packages/airflow/example_dags/example_setup_teardown.py took 0.086 seconds
[2023-09-14T17:30:34.563+0100] {processor.py:157} INFO - Started process (PID=30250) to work on /home/joestar/Documents/projects/airflow_etl/airflow_env/lib/python3.8/site-packages/airflow/example_dags/example_setup_teardown.py
[2023-09-14T17:30:34.564+0100] {processor.py:829} INFO - Processing file /home/joestar/Documents/projects/airflow_etl/airflow_env/lib/python3.8/site-packages/airflow/example_dags/example_setup_teardown.py for tasks to queue
[2023-09-14T17:30:34.565+0100] {logging_mixin.py:151} INFO - [2023-09-14T17:30:34.565+0100] {dagbag.py:539} INFO - Filling up the DagBag from /home/joestar/Documents/projects/airflow_etl/airflow_env/lib/python3.8/site-packages/airflow/example_dags/example_setup_teardown.py
[2023-09-14T17:30:34.573+0100] {processor.py:839} INFO - DAG(s) dict_keys(['example_setup_teardown']) retrieved from /home/joestar/Documents/projects/airflow_etl/airflow_env/lib/python3.8/site-packages/airflow/example_dags/example_setup_teardown.py
[2023-09-14T17:30:34.588+0100] {logging_mixin.py:151} INFO - [2023-09-14T17:30:34.588+0100] {dag.py:2915} INFO - Sync 1 DAGs
[2023-09-14T17:30:34.607+0100] {logging_mixin.py:151} INFO - [2023-09-14T17:30:34.607+0100] {dag.py:3696} INFO - Setting next_dagrun for example_setup_teardown to 2023-09-13T16:30:34.607080+00:00, run_after=2023-09-14T16:30:34.607080+00:00
[2023-09-14T17:30:34.631+0100] {processor.py:179} INFO - Processing /home/joestar/Documents/projects/airflow_etl/airflow_env/lib/python3.8/site-packages/airflow/example_dags/example_setup_teardown.py took 0.070 seconds
[2023-09-14T17:31:23.154+0100] {processor.py:157} INFO - Started process (PID=30480) to work on /home/joestar/Documents/projects/airflow_etl/airflow_env/lib/python3.8/site-packages/airflow/example_dags/example_setup_teardown.py
[2023-09-14T17:31:23.155+0100] {processor.py:829} INFO - Processing file /home/joestar/Documents/projects/airflow_etl/airflow_env/lib/python3.8/site-packages/airflow/example_dags/example_setup_teardown.py for tasks to queue
[2023-09-14T17:31:23.156+0100] {logging_mixin.py:151} INFO - [2023-09-14T17:31:23.156+0100] {dagbag.py:539} INFO - Filling up the DagBag from /home/joestar/Documents/projects/airflow_etl/airflow_env/lib/python3.8/site-packages/airflow/example_dags/example_setup_teardown.py
[2023-09-14T17:31:23.163+0100] {processor.py:839} INFO - DAG(s) dict_keys(['example_setup_teardown']) retrieved from /home/joestar/Documents/projects/airflow_etl/airflow_env/lib/python3.8/site-packages/airflow/example_dags/example_setup_teardown.py
[2023-09-14T17:31:23.178+0100] {logging_mixin.py:151} INFO - [2023-09-14T17:31:23.178+0100] {dag.py:2915} INFO - Sync 1 DAGs
[2023-09-14T17:31:23.196+0100] {logging_mixin.py:151} INFO - [2023-09-14T17:31:23.196+0100] {dag.py:3696} INFO - Setting next_dagrun for example_setup_teardown to 2023-09-13T16:31:23.196509+00:00, run_after=2023-09-14T16:31:23.196509+00:00
[2023-09-14T17:31:23.220+0100] {processor.py:179} INFO - Processing /home/joestar/Documents/projects/airflow_etl/airflow_env/lib/python3.8/site-packages/airflow/example_dags/example_setup_teardown.py took 0.069 seconds
[2023-09-14T17:32:15.430+0100] {processor.py:157} INFO - Started process (PID=30713) to work on /home/joestar/Documents/projects/airflow_etl/airflow_env/lib/python3.8/site-packages/airflow/example_dags/example_setup_teardown.py
[2023-09-14T17:32:15.431+0100] {processor.py:829} INFO - Processing file /home/joestar/Documents/projects/airflow_etl/airflow_env/lib/python3.8/site-packages/airflow/example_dags/example_setup_teardown.py for tasks to queue
[2023-09-14T17:32:15.432+0100] {logging_mixin.py:151} INFO - [2023-09-14T17:32:15.431+0100] {dagbag.py:539} INFO - Filling up the DagBag from /home/joestar/Documents/projects/airflow_etl/airflow_env/lib/python3.8/site-packages/airflow/example_dags/example_setup_teardown.py
[2023-09-14T17:32:15.442+0100] {processor.py:839} INFO - DAG(s) dict_keys(['example_setup_teardown']) retrieved from /home/joestar/Documents/projects/airflow_etl/airflow_env/lib/python3.8/site-packages/airflow/example_dags/example_setup_teardown.py
[2023-09-14T17:32:15.463+0100] {logging_mixin.py:151} INFO - [2023-09-14T17:32:15.463+0100] {dag.py:2915} INFO - Sync 1 DAGs
[2023-09-14T17:32:15.492+0100] {logging_mixin.py:151} INFO - [2023-09-14T17:32:15.492+0100] {dag.py:3696} INFO - Setting next_dagrun for example_setup_teardown to 2023-09-13T16:32:15.491769+00:00, run_after=2023-09-14T16:32:15.491769+00:00
[2023-09-14T17:32:15.524+0100] {processor.py:179} INFO - Processing /home/joestar/Documents/projects/airflow_etl/airflow_env/lib/python3.8/site-packages/airflow/example_dags/example_setup_teardown.py took 0.098 seconds
[2023-09-14T17:33:07.286+0100] {processor.py:157} INFO - Started process (PID=30948) to work on /home/joestar/Documents/projects/airflow_etl/airflow_env/lib/python3.8/site-packages/airflow/example_dags/example_setup_teardown.py
[2023-09-14T17:33:07.287+0100] {processor.py:829} INFO - Processing file /home/joestar/Documents/projects/airflow_etl/airflow_env/lib/python3.8/site-packages/airflow/example_dags/example_setup_teardown.py for tasks to queue
[2023-09-14T17:33:07.288+0100] {logging_mixin.py:151} INFO - [2023-09-14T17:33:07.287+0100] {dagbag.py:539} INFO - Filling up the DagBag from /home/joestar/Documents/projects/airflow_etl/airflow_env/lib/python3.8/site-packages/airflow/example_dags/example_setup_teardown.py
[2023-09-14T17:33:07.297+0100] {processor.py:839} INFO - DAG(s) dict_keys(['example_setup_teardown']) retrieved from /home/joestar/Documents/projects/airflow_etl/airflow_env/lib/python3.8/site-packages/airflow/example_dags/example_setup_teardown.py
[2023-09-14T17:33:07.314+0100] {logging_mixin.py:151} INFO - [2023-09-14T17:33:07.314+0100] {dag.py:2915} INFO - Sync 1 DAGs
[2023-09-14T17:33:07.336+0100] {logging_mixin.py:151} INFO - [2023-09-14T17:33:07.336+0100] {dag.py:3696} INFO - Setting next_dagrun for example_setup_teardown to 2023-09-13T16:33:07.336356+00:00, run_after=2023-09-14T16:33:07.336356+00:00
[2023-09-14T17:33:07.365+0100] {processor.py:179} INFO - Processing /home/joestar/Documents/projects/airflow_etl/airflow_env/lib/python3.8/site-packages/airflow/example_dags/example_setup_teardown.py took 0.083 seconds
[2023-09-14T17:34:01.794+0100] {processor.py:157} INFO - Started process (PID=31196) to work on /home/joestar/Documents/projects/airflow_etl/airflow_env/lib/python3.8/site-packages/airflow/example_dags/example_setup_teardown.py
[2023-09-14T17:34:01.795+0100] {processor.py:829} INFO - Processing file /home/joestar/Documents/projects/airflow_etl/airflow_env/lib/python3.8/site-packages/airflow/example_dags/example_setup_teardown.py for tasks to queue
[2023-09-14T17:34:01.796+0100] {logging_mixin.py:151} INFO - [2023-09-14T17:34:01.795+0100] {dagbag.py:539} INFO - Filling up the DagBag from /home/joestar/Documents/projects/airflow_etl/airflow_env/lib/python3.8/site-packages/airflow/example_dags/example_setup_teardown.py
[2023-09-14T17:34:01.803+0100] {processor.py:839} INFO - DAG(s) dict_keys(['example_setup_teardown']) retrieved from /home/joestar/Documents/projects/airflow_etl/airflow_env/lib/python3.8/site-packages/airflow/example_dags/example_setup_teardown.py
[2023-09-14T17:34:01.817+0100] {logging_mixin.py:151} INFO - [2023-09-14T17:34:01.817+0100] {dag.py:2915} INFO - Sync 1 DAGs
[2023-09-14T17:34:01.835+0100] {logging_mixin.py:151} INFO - [2023-09-14T17:34:01.835+0100] {dag.py:3696} INFO - Setting next_dagrun for example_setup_teardown to 2023-09-13T16:34:01.835433+00:00, run_after=2023-09-14T16:34:01.835433+00:00
[2023-09-14T17:34:01.863+0100] {processor.py:179} INFO - Processing /home/joestar/Documents/projects/airflow_etl/airflow_env/lib/python3.8/site-packages/airflow/example_dags/example_setup_teardown.py took 0.072 seconds
[2023-09-14T17:34:55.228+0100] {processor.py:157} INFO - Started process (PID=31429) to work on /home/joestar/Documents/projects/airflow_etl/airflow_env/lib/python3.8/site-packages/airflow/example_dags/example_setup_teardown.py
[2023-09-14T17:34:55.228+0100] {processor.py:829} INFO - Processing file /home/joestar/Documents/projects/airflow_etl/airflow_env/lib/python3.8/site-packages/airflow/example_dags/example_setup_teardown.py for tasks to queue
[2023-09-14T17:34:55.229+0100] {logging_mixin.py:151} INFO - [2023-09-14T17:34:55.229+0100] {dagbag.py:539} INFO - Filling up the DagBag from /home/joestar/Documents/projects/airflow_etl/airflow_env/lib/python3.8/site-packages/airflow/example_dags/example_setup_teardown.py
[2023-09-14T17:34:55.236+0100] {processor.py:839} INFO - DAG(s) dict_keys(['example_setup_teardown']) retrieved from /home/joestar/Documents/projects/airflow_etl/airflow_env/lib/python3.8/site-packages/airflow/example_dags/example_setup_teardown.py
[2023-09-14T17:34:55.251+0100] {logging_mixin.py:151} INFO - [2023-09-14T17:34:55.251+0100] {dag.py:2915} INFO - Sync 1 DAGs
[2023-09-14T17:34:55.272+0100] {logging_mixin.py:151} INFO - [2023-09-14T17:34:55.272+0100] {dag.py:3696} INFO - Setting next_dagrun for example_setup_teardown to 2023-09-13T16:34:55.272081+00:00, run_after=2023-09-14T16:34:55.272081+00:00
[2023-09-14T17:34:55.302+0100] {processor.py:179} INFO - Processing /home/joestar/Documents/projects/airflow_etl/airflow_env/lib/python3.8/site-packages/airflow/example_dags/example_setup_teardown.py took 0.077 seconds
[2023-09-14T17:35:44.753+0100] {processor.py:157} INFO - Started process (PID=31666) to work on /home/joestar/Documents/projects/airflow_etl/airflow_env/lib/python3.8/site-packages/airflow/example_dags/example_setup_teardown.py
[2023-09-14T17:35:44.755+0100] {processor.py:829} INFO - Processing file /home/joestar/Documents/projects/airflow_etl/airflow_env/lib/python3.8/site-packages/airflow/example_dags/example_setup_teardown.py for tasks to queue
[2023-09-14T17:35:44.756+0100] {logging_mixin.py:151} INFO - [2023-09-14T17:35:44.756+0100] {dagbag.py:539} INFO - Filling up the DagBag from /home/joestar/Documents/projects/airflow_etl/airflow_env/lib/python3.8/site-packages/airflow/example_dags/example_setup_teardown.py
[2023-09-14T17:35:44.767+0100] {processor.py:839} INFO - DAG(s) dict_keys(['example_setup_teardown']) retrieved from /home/joestar/Documents/projects/airflow_etl/airflow_env/lib/python3.8/site-packages/airflow/example_dags/example_setup_teardown.py
[2023-09-14T17:35:44.790+0100] {logging_mixin.py:151} INFO - [2023-09-14T17:35:44.790+0100] {dag.py:2915} INFO - Sync 1 DAGs
[2023-09-14T17:35:44.821+0100] {logging_mixin.py:151} INFO - [2023-09-14T17:35:44.821+0100] {dag.py:3696} INFO - Setting next_dagrun for example_setup_teardown to 2023-09-13T16:35:44.820952+00:00, run_after=2023-09-14T16:35:44.820952+00:00
[2023-09-14T17:35:44.856+0100] {processor.py:179} INFO - Processing /home/joestar/Documents/projects/airflow_etl/airflow_env/lib/python3.8/site-packages/airflow/example_dags/example_setup_teardown.py took 0.106 seconds
[2023-09-14T17:36:37.629+0100] {processor.py:157} INFO - Started process (PID=31904) to work on /home/joestar/Documents/projects/airflow_etl/airflow_env/lib/python3.8/site-packages/airflow/example_dags/example_setup_teardown.py
[2023-09-14T17:36:37.630+0100] {processor.py:829} INFO - Processing file /home/joestar/Documents/projects/airflow_etl/airflow_env/lib/python3.8/site-packages/airflow/example_dags/example_setup_teardown.py for tasks to queue
[2023-09-14T17:36:37.631+0100] {logging_mixin.py:151} INFO - [2023-09-14T17:36:37.631+0100] {dagbag.py:539} INFO - Filling up the DagBag from /home/joestar/Documents/projects/airflow_etl/airflow_env/lib/python3.8/site-packages/airflow/example_dags/example_setup_teardown.py
[2023-09-14T17:36:37.640+0100] {processor.py:839} INFO - DAG(s) dict_keys(['example_setup_teardown']) retrieved from /home/joestar/Documents/projects/airflow_etl/airflow_env/lib/python3.8/site-packages/airflow/example_dags/example_setup_teardown.py
[2023-09-14T17:36:37.661+0100] {logging_mixin.py:151} INFO - [2023-09-14T17:36:37.660+0100] {dag.py:2915} INFO - Sync 1 DAGs
[2023-09-14T17:36:37.687+0100] {logging_mixin.py:151} INFO - [2023-09-14T17:36:37.686+0100] {dag.py:3696} INFO - Setting next_dagrun for example_setup_teardown to 2023-09-13T16:36:37.686687+00:00, run_after=2023-09-14T16:36:37.686687+00:00
[2023-09-14T17:36:37.732+0100] {processor.py:179} INFO - Processing /home/joestar/Documents/projects/airflow_etl/airflow_env/lib/python3.8/site-packages/airflow/example_dags/example_setup_teardown.py took 0.106 seconds
[2023-09-14T17:37:31.560+0100] {processor.py:157} INFO - Started process (PID=32167) to work on /home/joestar/Documents/projects/airflow_etl/airflow_env/lib/python3.8/site-packages/airflow/example_dags/example_setup_teardown.py
[2023-09-14T17:37:31.561+0100] {processor.py:829} INFO - Processing file /home/joestar/Documents/projects/airflow_etl/airflow_env/lib/python3.8/site-packages/airflow/example_dags/example_setup_teardown.py for tasks to queue
[2023-09-14T17:37:31.561+0100] {logging_mixin.py:151} INFO - [2023-09-14T17:37:31.561+0100] {dagbag.py:539} INFO - Filling up the DagBag from /home/joestar/Documents/projects/airflow_etl/airflow_env/lib/python3.8/site-packages/airflow/example_dags/example_setup_teardown.py
[2023-09-14T17:37:31.568+0100] {processor.py:839} INFO - DAG(s) dict_keys(['example_setup_teardown']) retrieved from /home/joestar/Documents/projects/airflow_etl/airflow_env/lib/python3.8/site-packages/airflow/example_dags/example_setup_teardown.py
[2023-09-14T17:37:31.583+0100] {logging_mixin.py:151} INFO - [2023-09-14T17:37:31.582+0100] {dag.py:2915} INFO - Sync 1 DAGs
[2023-09-14T17:37:31.602+0100] {logging_mixin.py:151} INFO - [2023-09-14T17:37:31.601+0100] {dag.py:3696} INFO - Setting next_dagrun for example_setup_teardown to 2023-09-13T16:37:31.601664+00:00, run_after=2023-09-14T16:37:31.601664+00:00
[2023-09-14T17:37:31.630+0100] {processor.py:179} INFO - Processing /home/joestar/Documents/projects/airflow_etl/airflow_env/lib/python3.8/site-packages/airflow/example_dags/example_setup_teardown.py took 0.073 seconds
[2023-09-14T17:38:10.788+0100] {processor.py:157} INFO - Started process (PID=32479) to work on /home/joestar/Documents/projects/airflow_etl/airflow_env/lib/python3.8/site-packages/airflow/example_dags/example_setup_teardown.py
[2023-09-14T17:38:10.790+0100] {processor.py:829} INFO - Processing file /home/joestar/Documents/projects/airflow_etl/airflow_env/lib/python3.8/site-packages/airflow/example_dags/example_setup_teardown.py for tasks to queue
[2023-09-14T17:38:10.792+0100] {logging_mixin.py:151} INFO - [2023-09-14T17:38:10.791+0100] {dagbag.py:539} INFO - Filling up the DagBag from /home/joestar/Documents/projects/airflow_etl/airflow_env/lib/python3.8/site-packages/airflow/example_dags/example_setup_teardown.py
[2023-09-14T17:38:10.805+0100] {processor.py:839} INFO - DAG(s) dict_keys(['example_setup_teardown']) retrieved from /home/joestar/Documents/projects/airflow_etl/airflow_env/lib/python3.8/site-packages/airflow/example_dags/example_setup_teardown.py
[2023-09-14T17:38:10.827+0100] {logging_mixin.py:151} INFO - [2023-09-14T17:38:10.827+0100] {dag.py:2915} INFO - Sync 1 DAGs
[2023-09-14T17:38:10.858+0100] {logging_mixin.py:151} INFO - [2023-09-14T17:38:10.858+0100] {dag.py:3696} INFO - Setting next_dagrun for example_setup_teardown to 2023-09-13T16:38:10.858428+00:00, run_after=2023-09-14T16:38:10.858428+00:00
[2023-09-14T17:38:10.889+0100] {processor.py:179} INFO - Processing /home/joestar/Documents/projects/airflow_etl/airflow_env/lib/python3.8/site-packages/airflow/example_dags/example_setup_teardown.py took 0.106 seconds
[2023-09-14T17:38:51.359+0100] {processor.py:157} INFO - Started process (PID=32808) to work on /home/joestar/Documents/projects/airflow_etl/airflow_env/lib/python3.8/site-packages/airflow/example_dags/example_setup_teardown.py
[2023-09-14T17:38:51.361+0100] {processor.py:829} INFO - Processing file /home/joestar/Documents/projects/airflow_etl/airflow_env/lib/python3.8/site-packages/airflow/example_dags/example_setup_teardown.py for tasks to queue
[2023-09-14T17:38:51.363+0100] {logging_mixin.py:151} INFO - [2023-09-14T17:38:51.362+0100] {dagbag.py:539} INFO - Filling up the DagBag from /home/joestar/Documents/projects/airflow_etl/airflow_env/lib/python3.8/site-packages/airflow/example_dags/example_setup_teardown.py
[2023-09-14T17:38:51.408+0100] {processor.py:839} INFO - DAG(s) dict_keys(['example_setup_teardown']) retrieved from /home/joestar/Documents/projects/airflow_etl/airflow_env/lib/python3.8/site-packages/airflow/example_dags/example_setup_teardown.py
[2023-09-14T17:38:51.494+0100] {logging_mixin.py:151} INFO - [2023-09-14T17:38:51.494+0100] {dag.py:2915} INFO - Sync 1 DAGs
[2023-09-14T17:38:51.538+0100] {logging_mixin.py:151} INFO - [2023-09-14T17:38:51.538+0100] {dag.py:3696} INFO - Setting next_dagrun for example_setup_teardown to 2023-09-13T16:38:51.537890+00:00, run_after=2023-09-14T16:38:51.537890+00:00
[2023-09-14T17:38:51.621+0100] {processor.py:179} INFO - Processing /home/joestar/Documents/projects/airflow_etl/airflow_env/lib/python3.8/site-packages/airflow/example_dags/example_setup_teardown.py took 0.266 seconds
[2023-09-14T17:39:37.330+0100] {processor.py:157} INFO - Started process (PID=33104) to work on /home/joestar/Documents/projects/airflow_etl/airflow_env/lib/python3.8/site-packages/airflow/example_dags/example_setup_teardown.py
[2023-09-14T17:39:37.331+0100] {processor.py:829} INFO - Processing file /home/joestar/Documents/projects/airflow_etl/airflow_env/lib/python3.8/site-packages/airflow/example_dags/example_setup_teardown.py for tasks to queue
[2023-09-14T17:39:37.332+0100] {logging_mixin.py:151} INFO - [2023-09-14T17:39:37.331+0100] {dagbag.py:539} INFO - Filling up the DagBag from /home/joestar/Documents/projects/airflow_etl/airflow_env/lib/python3.8/site-packages/airflow/example_dags/example_setup_teardown.py
[2023-09-14T17:39:37.339+0100] {processor.py:839} INFO - DAG(s) dict_keys(['example_setup_teardown']) retrieved from /home/joestar/Documents/projects/airflow_etl/airflow_env/lib/python3.8/site-packages/airflow/example_dags/example_setup_teardown.py
[2023-09-14T17:39:37.353+0100] {logging_mixin.py:151} INFO - [2023-09-14T17:39:37.353+0100] {dag.py:2915} INFO - Sync 1 DAGs
[2023-09-14T17:39:37.375+0100] {logging_mixin.py:151} INFO - [2023-09-14T17:39:37.375+0100] {dag.py:3696} INFO - Setting next_dagrun for example_setup_teardown to 2023-09-13T16:39:37.374805+00:00, run_after=2023-09-14T16:39:37.374805+00:00
[2023-09-14T17:39:37.400+0100] {processor.py:179} INFO - Processing /home/joestar/Documents/projects/airflow_etl/airflow_env/lib/python3.8/site-packages/airflow/example_dags/example_setup_teardown.py took 0.073 seconds
[2023-09-14T17:40:17.928+0100] {processor.py:157} INFO - Started process (PID=33339) to work on /home/joestar/Documents/projects/airflow_etl/airflow_env/lib/python3.8/site-packages/airflow/example_dags/example_setup_teardown.py
[2023-09-14T17:40:17.929+0100] {processor.py:829} INFO - Processing file /home/joestar/Documents/projects/airflow_etl/airflow_env/lib/python3.8/site-packages/airflow/example_dags/example_setup_teardown.py for tasks to queue
[2023-09-14T17:40:17.930+0100] {logging_mixin.py:151} INFO - [2023-09-14T17:40:17.930+0100] {dagbag.py:539} INFO - Filling up the DagBag from /home/joestar/Documents/projects/airflow_etl/airflow_env/lib/python3.8/site-packages/airflow/example_dags/example_setup_teardown.py
[2023-09-14T17:40:17.939+0100] {processor.py:839} INFO - DAG(s) dict_keys(['example_setup_teardown']) retrieved from /home/joestar/Documents/projects/airflow_etl/airflow_env/lib/python3.8/site-packages/airflow/example_dags/example_setup_teardown.py
[2023-09-14T17:40:17.955+0100] {logging_mixin.py:151} INFO - [2023-09-14T17:40:17.955+0100] {dag.py:2915} INFO - Sync 1 DAGs
[2023-09-14T17:40:17.973+0100] {logging_mixin.py:151} INFO - [2023-09-14T17:40:17.973+0100] {dag.py:3696} INFO - Setting next_dagrun for example_setup_teardown to 2023-09-13T16:40:17.973449+00:00, run_after=2023-09-14T16:40:17.973449+00:00
[2023-09-14T17:40:18.005+0100] {processor.py:179} INFO - Processing /home/joestar/Documents/projects/airflow_etl/airflow_env/lib/python3.8/site-packages/airflow/example_dags/example_setup_teardown.py took 0.080 seconds
[2023-09-14T17:40:58.087+0100] {processor.py:157} INFO - Started process (PID=33596) to work on /home/joestar/Documents/projects/airflow_etl/airflow_env/lib/python3.8/site-packages/airflow/example_dags/example_setup_teardown.py
[2023-09-14T17:40:58.088+0100] {processor.py:829} INFO - Processing file /home/joestar/Documents/projects/airflow_etl/airflow_env/lib/python3.8/site-packages/airflow/example_dags/example_setup_teardown.py for tasks to queue
[2023-09-14T17:40:58.089+0100] {logging_mixin.py:151} INFO - [2023-09-14T17:40:58.088+0100] {dagbag.py:539} INFO - Filling up the DagBag from /home/joestar/Documents/projects/airflow_etl/airflow_env/lib/python3.8/site-packages/airflow/example_dags/example_setup_teardown.py
[2023-09-14T17:40:58.098+0100] {processor.py:839} INFO - DAG(s) dict_keys(['example_setup_teardown']) retrieved from /home/joestar/Documents/projects/airflow_etl/airflow_env/lib/python3.8/site-packages/airflow/example_dags/example_setup_teardown.py
[2023-09-14T17:40:58.118+0100] {logging_mixin.py:151} INFO - [2023-09-14T17:40:58.118+0100] {dag.py:2915} INFO - Sync 1 DAGs
[2023-09-14T17:40:58.144+0100] {logging_mixin.py:151} INFO - [2023-09-14T17:40:58.143+0100] {dag.py:3696} INFO - Setting next_dagrun for example_setup_teardown to 2023-09-13T16:40:58.143399+00:00, run_after=2023-09-14T16:40:58.143399+00:00
[2023-09-14T17:40:58.178+0100] {processor.py:179} INFO - Processing /home/joestar/Documents/projects/airflow_etl/airflow_env/lib/python3.8/site-packages/airflow/example_dags/example_setup_teardown.py took 0.095 seconds
[2023-09-14T17:41:50.130+0100] {processor.py:157} INFO - Started process (PID=33946) to work on /home/joestar/Documents/projects/airflow_etl/airflow_env/lib/python3.8/site-packages/airflow/example_dags/example_setup_teardown.py
[2023-09-14T17:41:50.131+0100] {processor.py:829} INFO - Processing file /home/joestar/Documents/projects/airflow_etl/airflow_env/lib/python3.8/site-packages/airflow/example_dags/example_setup_teardown.py for tasks to queue
[2023-09-14T17:41:50.132+0100] {logging_mixin.py:151} INFO - [2023-09-14T17:41:50.131+0100] {dagbag.py:539} INFO - Filling up the DagBag from /home/joestar/Documents/projects/airflow_etl/airflow_env/lib/python3.8/site-packages/airflow/example_dags/example_setup_teardown.py
[2023-09-14T17:41:50.139+0100] {processor.py:839} INFO - DAG(s) dict_keys(['example_setup_teardown']) retrieved from /home/joestar/Documents/projects/airflow_etl/airflow_env/lib/python3.8/site-packages/airflow/example_dags/example_setup_teardown.py
[2023-09-14T17:41:50.155+0100] {logging_mixin.py:151} INFO - [2023-09-14T17:41:50.154+0100] {dag.py:2915} INFO - Sync 1 DAGs
[2023-09-14T17:41:50.175+0100] {logging_mixin.py:151} INFO - [2023-09-14T17:41:50.175+0100] {dag.py:3696} INFO - Setting next_dagrun for example_setup_teardown to 2023-09-13T16:41:50.174839+00:00, run_after=2023-09-14T16:41:50.174839+00:00
[2023-09-14T17:41:50.203+0100] {processor.py:179} INFO - Processing /home/joestar/Documents/projects/airflow_etl/airflow_env/lib/python3.8/site-packages/airflow/example_dags/example_setup_teardown.py took 0.076 seconds
[2023-09-14T17:42:33.804+0100] {processor.py:157} INFO - Started process (PID=34150) to work on /home/joestar/Documents/projects/airflow_etl/airflow_env/lib/python3.8/site-packages/airflow/example_dags/example_setup_teardown.py
[2023-09-14T17:42:33.807+0100] {processor.py:829} INFO - Processing file /home/joestar/Documents/projects/airflow_etl/airflow_env/lib/python3.8/site-packages/airflow/example_dags/example_setup_teardown.py for tasks to queue
[2023-09-14T17:42:33.809+0100] {logging_mixin.py:151} INFO - [2023-09-14T17:42:33.808+0100] {dagbag.py:539} INFO - Filling up the DagBag from /home/joestar/Documents/projects/airflow_etl/airflow_env/lib/python3.8/site-packages/airflow/example_dags/example_setup_teardown.py
[2023-09-14T17:42:33.823+0100] {processor.py:839} INFO - DAG(s) dict_keys(['example_setup_teardown']) retrieved from /home/joestar/Documents/projects/airflow_etl/airflow_env/lib/python3.8/site-packages/airflow/example_dags/example_setup_teardown.py
[2023-09-14T17:42:33.846+0100] {logging_mixin.py:151} INFO - [2023-09-14T17:42:33.846+0100] {dag.py:2915} INFO - Sync 1 DAGs
[2023-09-14T17:42:33.876+0100] {logging_mixin.py:151} INFO - [2023-09-14T17:42:33.876+0100] {dag.py:3696} INFO - Setting next_dagrun for example_setup_teardown to 2023-09-13T16:42:33.875915+00:00, run_after=2023-09-14T16:42:33.875915+00:00
[2023-09-14T17:42:33.910+0100] {processor.py:179} INFO - Processing /home/joestar/Documents/projects/airflow_etl/airflow_env/lib/python3.8/site-packages/airflow/example_dags/example_setup_teardown.py took 0.111 seconds
[2023-09-14T17:43:16.957+0100] {processor.py:157} INFO - Started process (PID=34322) to work on /home/joestar/Documents/projects/airflow_etl/airflow_env/lib/python3.8/site-packages/airflow/example_dags/example_setup_teardown.py
[2023-09-14T17:43:16.958+0100] {processor.py:829} INFO - Processing file /home/joestar/Documents/projects/airflow_etl/airflow_env/lib/python3.8/site-packages/airflow/example_dags/example_setup_teardown.py for tasks to queue
[2023-09-14T17:43:16.960+0100] {logging_mixin.py:151} INFO - [2023-09-14T17:43:16.959+0100] {dagbag.py:539} INFO - Filling up the DagBag from /home/joestar/Documents/projects/airflow_etl/airflow_env/lib/python3.8/site-packages/airflow/example_dags/example_setup_teardown.py
[2023-09-14T17:43:16.970+0100] {processor.py:839} INFO - DAG(s) dict_keys(['example_setup_teardown']) retrieved from /home/joestar/Documents/projects/airflow_etl/airflow_env/lib/python3.8/site-packages/airflow/example_dags/example_setup_teardown.py
[2023-09-14T17:43:16.990+0100] {logging_mixin.py:151} INFO - [2023-09-14T17:43:16.990+0100] {dag.py:2915} INFO - Sync 1 DAGs
[2023-09-14T17:43:17.020+0100] {logging_mixin.py:151} INFO - [2023-09-14T17:43:17.020+0100] {dag.py:3696} INFO - Setting next_dagrun for example_setup_teardown to 2023-09-13T16:43:17.019739+00:00, run_after=2023-09-14T16:43:17.019739+00:00
[2023-09-14T17:43:17.065+0100] {processor.py:179} INFO - Processing /home/joestar/Documents/projects/airflow_etl/airflow_env/lib/python3.8/site-packages/airflow/example_dags/example_setup_teardown.py took 0.111 seconds
[2023-09-14T17:44:14.972+0100] {processor.py:157} INFO - Started process (PID=34640) to work on /home/joestar/Documents/projects/airflow_etl/airflow_env/lib/python3.8/site-packages/airflow/example_dags/example_setup_teardown.py
[2023-09-14T17:44:14.973+0100] {processor.py:829} INFO - Processing file /home/joestar/Documents/projects/airflow_etl/airflow_env/lib/python3.8/site-packages/airflow/example_dags/example_setup_teardown.py for tasks to queue
[2023-09-14T17:44:14.974+0100] {logging_mixin.py:151} INFO - [2023-09-14T17:44:14.973+0100] {dagbag.py:539} INFO - Filling up the DagBag from /home/joestar/Documents/projects/airflow_etl/airflow_env/lib/python3.8/site-packages/airflow/example_dags/example_setup_teardown.py
[2023-09-14T17:44:14.981+0100] {processor.py:839} INFO - DAG(s) dict_keys(['example_setup_teardown']) retrieved from /home/joestar/Documents/projects/airflow_etl/airflow_env/lib/python3.8/site-packages/airflow/example_dags/example_setup_teardown.py
[2023-09-14T17:44:14.995+0100] {logging_mixin.py:151} INFO - [2023-09-14T17:44:14.994+0100] {dag.py:2915} INFO - Sync 1 DAGs
[2023-09-14T17:44:15.018+0100] {logging_mixin.py:151} INFO - [2023-09-14T17:44:15.018+0100] {dag.py:3696} INFO - Setting next_dagrun for example_setup_teardown to 2023-09-13T16:44:15.017843+00:00, run_after=2023-09-14T16:44:15.017843+00:00
[2023-09-14T17:44:15.043+0100] {processor.py:179} INFO - Processing /home/joestar/Documents/projects/airflow_etl/airflow_env/lib/python3.8/site-packages/airflow/example_dags/example_setup_teardown.py took 0.073 seconds
[2023-09-14T17:44:56.809+0100] {processor.py:157} INFO - Started process (PID=34819) to work on /home/joestar/Documents/projects/airflow_etl/airflow_env/lib/python3.8/site-packages/airflow/example_dags/example_setup_teardown.py
[2023-09-14T17:44:56.810+0100] {processor.py:829} INFO - Processing file /home/joestar/Documents/projects/airflow_etl/airflow_env/lib/python3.8/site-packages/airflow/example_dags/example_setup_teardown.py for tasks to queue
[2023-09-14T17:44:56.811+0100] {logging_mixin.py:151} INFO - [2023-09-14T17:44:56.811+0100] {dagbag.py:539} INFO - Filling up the DagBag from /home/joestar/Documents/projects/airflow_etl/airflow_env/lib/python3.8/site-packages/airflow/example_dags/example_setup_teardown.py
[2023-09-14T17:44:56.823+0100] {processor.py:839} INFO - DAG(s) dict_keys(['example_setup_teardown']) retrieved from /home/joestar/Documents/projects/airflow_etl/airflow_env/lib/python3.8/site-packages/airflow/example_dags/example_setup_teardown.py
[2023-09-14T17:44:56.843+0100] {logging_mixin.py:151} INFO - [2023-09-14T17:44:56.843+0100] {dag.py:2915} INFO - Sync 1 DAGs
[2023-09-14T17:44:56.868+0100] {logging_mixin.py:151} INFO - [2023-09-14T17:44:56.868+0100] {dag.py:3696} INFO - Setting next_dagrun for example_setup_teardown to 2023-09-13T16:44:56.867756+00:00, run_after=2023-09-14T16:44:56.867756+00:00
[2023-09-14T17:44:56.899+0100] {processor.py:179} INFO - Processing /home/joestar/Documents/projects/airflow_etl/airflow_env/lib/python3.8/site-packages/airflow/example_dags/example_setup_teardown.py took 0.095 seconds
[2023-09-14T17:45:37.107+0100] {processor.py:157} INFO - Started process (PID=34980) to work on /home/joestar/Documents/projects/airflow_etl/airflow_env/lib/python3.8/site-packages/airflow/example_dags/example_setup_teardown.py
[2023-09-14T17:45:37.122+0100] {processor.py:829} INFO - Processing file /home/joestar/Documents/projects/airflow_etl/airflow_env/lib/python3.8/site-packages/airflow/example_dags/example_setup_teardown.py for tasks to queue
[2023-09-14T17:45:37.123+0100] {logging_mixin.py:151} INFO - [2023-09-14T17:45:37.123+0100] {dagbag.py:539} INFO - Filling up the DagBag from /home/joestar/Documents/projects/airflow_etl/airflow_env/lib/python3.8/site-packages/airflow/example_dags/example_setup_teardown.py
[2023-09-14T17:45:37.134+0100] {processor.py:839} INFO - DAG(s) dict_keys(['example_setup_teardown']) retrieved from /home/joestar/Documents/projects/airflow_etl/airflow_env/lib/python3.8/site-packages/airflow/example_dags/example_setup_teardown.py
[2023-09-14T17:45:37.159+0100] {logging_mixin.py:151} INFO - [2023-09-14T17:45:37.159+0100] {dag.py:2915} INFO - Sync 1 DAGs
[2023-09-14T17:45:37.191+0100] {logging_mixin.py:151} INFO - [2023-09-14T17:45:37.191+0100] {dag.py:3696} INFO - Setting next_dagrun for example_setup_teardown to 2023-09-13T16:45:37.190895+00:00, run_after=2023-09-14T16:45:37.190895+00:00
[2023-09-14T17:45:37.229+0100] {processor.py:179} INFO - Processing /home/joestar/Documents/projects/airflow_etl/airflow_env/lib/python3.8/site-packages/airflow/example_dags/example_setup_teardown.py took 0.126 seconds
[2023-09-14T17:46:35.041+0100] {processor.py:157} INFO - Started process (PID=35238) to work on /home/joestar/Documents/projects/airflow_etl/airflow_env/lib/python3.8/site-packages/airflow/example_dags/example_setup_teardown.py
[2023-09-14T17:46:35.042+0100] {processor.py:829} INFO - Processing file /home/joestar/Documents/projects/airflow_etl/airflow_env/lib/python3.8/site-packages/airflow/example_dags/example_setup_teardown.py for tasks to queue
[2023-09-14T17:46:35.043+0100] {logging_mixin.py:151} INFO - [2023-09-14T17:46:35.043+0100] {dagbag.py:539} INFO - Filling up the DagBag from /home/joestar/Documents/projects/airflow_etl/airflow_env/lib/python3.8/site-packages/airflow/example_dags/example_setup_teardown.py
[2023-09-14T17:46:35.052+0100] {processor.py:839} INFO - DAG(s) dict_keys(['example_setup_teardown']) retrieved from /home/joestar/Documents/projects/airflow_etl/airflow_env/lib/python3.8/site-packages/airflow/example_dags/example_setup_teardown.py
[2023-09-14T17:46:35.074+0100] {logging_mixin.py:151} INFO - [2023-09-14T17:46:35.073+0100] {dag.py:2915} INFO - Sync 1 DAGs
[2023-09-14T17:46:35.100+0100] {logging_mixin.py:151} INFO - [2023-09-14T17:46:35.099+0100] {dag.py:3696} INFO - Setting next_dagrun for example_setup_teardown to 2023-09-13T16:46:35.099741+00:00, run_after=2023-09-14T16:46:35.099741+00:00
[2023-09-14T17:46:35.134+0100] {processor.py:179} INFO - Processing /home/joestar/Documents/projects/airflow_etl/airflow_env/lib/python3.8/site-packages/airflow/example_dags/example_setup_teardown.py took 0.097 seconds
[2023-09-14T17:47:25.885+0100] {processor.py:157} INFO - Started process (PID=35448) to work on /home/joestar/Documents/projects/airflow_etl/airflow_env/lib/python3.8/site-packages/airflow/example_dags/example_setup_teardown.py
[2023-09-14T17:47:25.888+0100] {processor.py:829} INFO - Processing file /home/joestar/Documents/projects/airflow_etl/airflow_env/lib/python3.8/site-packages/airflow/example_dags/example_setup_teardown.py for tasks to queue
[2023-09-14T17:47:25.889+0100] {logging_mixin.py:151} INFO - [2023-09-14T17:47:25.889+0100] {dagbag.py:539} INFO - Filling up the DagBag from /home/joestar/Documents/projects/airflow_etl/airflow_env/lib/python3.8/site-packages/airflow/example_dags/example_setup_teardown.py
[2023-09-14T17:47:25.920+0100] {processor.py:839} INFO - DAG(s) dict_keys(['example_setup_teardown']) retrieved from /home/joestar/Documents/projects/airflow_etl/airflow_env/lib/python3.8/site-packages/airflow/example_dags/example_setup_teardown.py
[2023-09-14T17:47:25.965+0100] {logging_mixin.py:151} INFO - [2023-09-14T17:47:25.964+0100] {dag.py:2915} INFO - Sync 1 DAGs
[2023-09-14T17:47:26.000+0100] {logging_mixin.py:151} INFO - [2023-09-14T17:47:25.999+0100] {dag.py:3696} INFO - Setting next_dagrun for example_setup_teardown to 2023-09-13T16:47:25.999469+00:00, run_after=2023-09-14T16:47:25.999469+00:00
[2023-09-14T17:47:26.088+0100] {processor.py:179} INFO - Processing /home/joestar/Documents/projects/airflow_etl/airflow_env/lib/python3.8/site-packages/airflow/example_dags/example_setup_teardown.py took 0.212 seconds
[2023-09-14T17:48:45.119+0100] {processor.py:157} INFO - Started process (PID=35753) to work on /home/joestar/Documents/projects/airflow_etl/airflow_env/lib/python3.8/site-packages/airflow/example_dags/example_setup_teardown.py
[2023-09-14T17:48:45.120+0100] {processor.py:829} INFO - Processing file /home/joestar/Documents/projects/airflow_etl/airflow_env/lib/python3.8/site-packages/airflow/example_dags/example_setup_teardown.py for tasks to queue
[2023-09-14T17:48:45.121+0100] {logging_mixin.py:151} INFO - [2023-09-14T17:48:45.121+0100] {dagbag.py:539} INFO - Filling up the DagBag from /home/joestar/Documents/projects/airflow_etl/airflow_env/lib/python3.8/site-packages/airflow/example_dags/example_setup_teardown.py
[2023-09-14T17:48:45.129+0100] {processor.py:839} INFO - DAG(s) dict_keys(['example_setup_teardown']) retrieved from /home/joestar/Documents/projects/airflow_etl/airflow_env/lib/python3.8/site-packages/airflow/example_dags/example_setup_teardown.py
[2023-09-14T17:48:45.145+0100] {logging_mixin.py:151} INFO - [2023-09-14T17:48:45.145+0100] {dag.py:2915} INFO - Sync 1 DAGs
[2023-09-14T17:48:45.163+0100] {logging_mixin.py:151} INFO - [2023-09-14T17:48:45.163+0100] {dag.py:3696} INFO - Setting next_dagrun for example_setup_teardown to 2023-09-13T16:48:45.163536+00:00, run_after=2023-09-14T16:48:45.163536+00:00
[2023-09-14T17:48:45.207+0100] {processor.py:179} INFO - Processing /home/joestar/Documents/projects/airflow_etl/airflow_env/lib/python3.8/site-packages/airflow/example_dags/example_setup_teardown.py took 0.090 seconds
[2023-09-14T17:49:33.813+0100] {processor.py:157} INFO - Started process (PID=35954) to work on /home/joestar/Documents/projects/airflow_etl/airflow_env/lib/python3.8/site-packages/airflow/example_dags/example_setup_teardown.py
[2023-09-14T17:49:33.814+0100] {processor.py:829} INFO - Processing file /home/joestar/Documents/projects/airflow_etl/airflow_env/lib/python3.8/site-packages/airflow/example_dags/example_setup_teardown.py for tasks to queue
[2023-09-14T17:49:33.816+0100] {logging_mixin.py:151} INFO - [2023-09-14T17:49:33.815+0100] {dagbag.py:539} INFO - Filling up the DagBag from /home/joestar/Documents/projects/airflow_etl/airflow_env/lib/python3.8/site-packages/airflow/example_dags/example_setup_teardown.py
[2023-09-14T17:49:33.825+0100] {processor.py:839} INFO - DAG(s) dict_keys(['example_setup_teardown']) retrieved from /home/joestar/Documents/projects/airflow_etl/airflow_env/lib/python3.8/site-packages/airflow/example_dags/example_setup_teardown.py
[2023-09-14T17:49:33.845+0100] {logging_mixin.py:151} INFO - [2023-09-14T17:49:33.845+0100] {dag.py:2915} INFO - Sync 1 DAGs
[2023-09-14T17:49:33.872+0100] {logging_mixin.py:151} INFO - [2023-09-14T17:49:33.872+0100] {dag.py:3696} INFO - Setting next_dagrun for example_setup_teardown to 2023-09-13T16:49:33.872332+00:00, run_after=2023-09-14T16:49:33.872332+00:00
[2023-09-14T17:49:33.907+0100] {processor.py:179} INFO - Processing /home/joestar/Documents/projects/airflow_etl/airflow_env/lib/python3.8/site-packages/airflow/example_dags/example_setup_teardown.py took 0.098 seconds
[2023-09-14T17:50:25.831+0100] {processor.py:157} INFO - Started process (PID=36182) to work on /home/joestar/Documents/projects/airflow_etl/airflow_env/lib/python3.8/site-packages/airflow/example_dags/example_setup_teardown.py
[2023-09-14T17:50:25.832+0100] {processor.py:829} INFO - Processing file /home/joestar/Documents/projects/airflow_etl/airflow_env/lib/python3.8/site-packages/airflow/example_dags/example_setup_teardown.py for tasks to queue
[2023-09-14T17:50:25.834+0100] {logging_mixin.py:151} INFO - [2023-09-14T17:50:25.833+0100] {dagbag.py:539} INFO - Filling up the DagBag from /home/joestar/Documents/projects/airflow_etl/airflow_env/lib/python3.8/site-packages/airflow/example_dags/example_setup_teardown.py
[2023-09-14T17:50:25.841+0100] {processor.py:839} INFO - DAG(s) dict_keys(['example_setup_teardown']) retrieved from /home/joestar/Documents/projects/airflow_etl/airflow_env/lib/python3.8/site-packages/airflow/example_dags/example_setup_teardown.py
[2023-09-14T17:50:25.856+0100] {logging_mixin.py:151} INFO - [2023-09-14T17:50:25.856+0100] {dag.py:2915} INFO - Sync 1 DAGs
[2023-09-14T17:50:25.877+0100] {logging_mixin.py:151} INFO - [2023-09-14T17:50:25.877+0100] {dag.py:3696} INFO - Setting next_dagrun for example_setup_teardown to 2023-09-13T16:50:25.877099+00:00, run_after=2023-09-14T16:50:25.877099+00:00
[2023-09-14T17:50:25.924+0100] {processor.py:179} INFO - Processing /home/joestar/Documents/projects/airflow_etl/airflow_env/lib/python3.8/site-packages/airflow/example_dags/example_setup_teardown.py took 0.097 seconds
[2023-09-14T17:51:06.222+0100] {processor.py:157} INFO - Started process (PID=36357) to work on /home/joestar/Documents/projects/airflow_etl/airflow_env/lib/python3.8/site-packages/airflow/example_dags/example_setup_teardown.py
[2023-09-14T17:51:06.223+0100] {processor.py:829} INFO - Processing file /home/joestar/Documents/projects/airflow_etl/airflow_env/lib/python3.8/site-packages/airflow/example_dags/example_setup_teardown.py for tasks to queue
[2023-09-14T17:51:06.224+0100] {logging_mixin.py:151} INFO - [2023-09-14T17:51:06.224+0100] {dagbag.py:539} INFO - Filling up the DagBag from /home/joestar/Documents/projects/airflow_etl/airflow_env/lib/python3.8/site-packages/airflow/example_dags/example_setup_teardown.py
[2023-09-14T17:51:06.234+0100] {processor.py:839} INFO - DAG(s) dict_keys(['example_setup_teardown']) retrieved from /home/joestar/Documents/projects/airflow_etl/airflow_env/lib/python3.8/site-packages/airflow/example_dags/example_setup_teardown.py
[2023-09-14T17:51:06.256+0100] {logging_mixin.py:151} INFO - [2023-09-14T17:51:06.255+0100] {dag.py:2915} INFO - Sync 1 DAGs
[2023-09-14T17:51:06.285+0100] {logging_mixin.py:151} INFO - [2023-09-14T17:51:06.285+0100] {dag.py:3696} INFO - Setting next_dagrun for example_setup_teardown to 2023-09-13T16:51:06.284969+00:00, run_after=2023-09-14T16:51:06.284969+00:00
[2023-09-14T17:51:06.319+0100] {processor.py:179} INFO - Processing /home/joestar/Documents/projects/airflow_etl/airflow_env/lib/python3.8/site-packages/airflow/example_dags/example_setup_teardown.py took 0.101 seconds
[2023-09-14T17:51:45.915+0100] {processor.py:157} INFO - Started process (PID=36543) to work on /home/joestar/Documents/projects/airflow_etl/airflow_env/lib/python3.8/site-packages/airflow/example_dags/example_setup_teardown.py
[2023-09-14T17:51:45.916+0100] {processor.py:829} INFO - Processing file /home/joestar/Documents/projects/airflow_etl/airflow_env/lib/python3.8/site-packages/airflow/example_dags/example_setup_teardown.py for tasks to queue
[2023-09-14T17:51:45.917+0100] {logging_mixin.py:151} INFO - [2023-09-14T17:51:45.917+0100] {dagbag.py:539} INFO - Filling up the DagBag from /home/joestar/Documents/projects/airflow_etl/airflow_env/lib/python3.8/site-packages/airflow/example_dags/example_setup_teardown.py
[2023-09-14T17:51:45.925+0100] {processor.py:839} INFO - DAG(s) dict_keys(['example_setup_teardown']) retrieved from /home/joestar/Documents/projects/airflow_etl/airflow_env/lib/python3.8/site-packages/airflow/example_dags/example_setup_teardown.py
[2023-09-14T17:51:45.939+0100] {logging_mixin.py:151} INFO - [2023-09-14T17:51:45.939+0100] {dag.py:2915} INFO - Sync 1 DAGs
[2023-09-14T17:51:45.959+0100] {logging_mixin.py:151} INFO - [2023-09-14T17:51:45.959+0100] {dag.py:3696} INFO - Setting next_dagrun for example_setup_teardown to 2023-09-13T16:51:45.958827+00:00, run_after=2023-09-14T16:51:45.958827+00:00
[2023-09-14T17:51:45.984+0100] {processor.py:179} INFO - Processing /home/joestar/Documents/projects/airflow_etl/airflow_env/lib/python3.8/site-packages/airflow/example_dags/example_setup_teardown.py took 0.071 seconds
[2023-09-14T17:52:41.570+0100] {processor.py:157} INFO - Started process (PID=36794) to work on /home/joestar/Documents/projects/airflow_etl/airflow_env/lib/python3.8/site-packages/airflow/example_dags/example_setup_teardown.py
[2023-09-14T17:52:41.572+0100] {processor.py:829} INFO - Processing file /home/joestar/Documents/projects/airflow_etl/airflow_env/lib/python3.8/site-packages/airflow/example_dags/example_setup_teardown.py for tasks to queue
[2023-09-14T17:52:41.572+0100] {logging_mixin.py:151} INFO - [2023-09-14T17:52:41.572+0100] {dagbag.py:539} INFO - Filling up the DagBag from /home/joestar/Documents/projects/airflow_etl/airflow_env/lib/python3.8/site-packages/airflow/example_dags/example_setup_teardown.py
[2023-09-14T17:52:41.582+0100] {processor.py:839} INFO - DAG(s) dict_keys(['example_setup_teardown']) retrieved from /home/joestar/Documents/projects/airflow_etl/airflow_env/lib/python3.8/site-packages/airflow/example_dags/example_setup_teardown.py
[2023-09-14T17:52:41.609+0100] {logging_mixin.py:151} INFO - [2023-09-14T17:52:41.608+0100] {dag.py:2915} INFO - Sync 1 DAGs
[2023-09-14T17:52:41.644+0100] {logging_mixin.py:151} INFO - [2023-09-14T17:52:41.644+0100] {dag.py:3696} INFO - Setting next_dagrun for example_setup_teardown to 2023-09-13T16:52:41.643831+00:00, run_after=2023-09-14T16:52:41.643831+00:00
[2023-09-14T17:52:41.687+0100] {processor.py:179} INFO - Processing /home/joestar/Documents/projects/airflow_etl/airflow_env/lib/python3.8/site-packages/airflow/example_dags/example_setup_teardown.py took 0.122 seconds
[2023-09-14T17:54:29.594+0100] {processor.py:157} INFO - Started process (PID=37394) to work on /home/joestar/Documents/projects/airflow_etl/airflow_env/lib/python3.8/site-packages/airflow/example_dags/example_setup_teardown.py
[2023-09-14T17:54:29.595+0100] {processor.py:829} INFO - Processing file /home/joestar/Documents/projects/airflow_etl/airflow_env/lib/python3.8/site-packages/airflow/example_dags/example_setup_teardown.py for tasks to queue
[2023-09-14T17:54:29.596+0100] {logging_mixin.py:151} INFO - [2023-09-14T17:54:29.595+0100] {dagbag.py:539} INFO - Filling up the DagBag from /home/joestar/Documents/projects/airflow_etl/airflow_env/lib/python3.8/site-packages/airflow/example_dags/example_setup_teardown.py
[2023-09-14T17:54:29.602+0100] {processor.py:839} INFO - DAG(s) dict_keys(['example_setup_teardown']) retrieved from /home/joestar/Documents/projects/airflow_etl/airflow_env/lib/python3.8/site-packages/airflow/example_dags/example_setup_teardown.py
[2023-09-14T17:54:29.617+0100] {logging_mixin.py:151} INFO - [2023-09-14T17:54:29.617+0100] {dag.py:2915} INFO - Sync 1 DAGs
[2023-09-14T17:54:29.637+0100] {logging_mixin.py:151} INFO - [2023-09-14T17:54:29.637+0100] {dag.py:3696} INFO - Setting next_dagrun for example_setup_teardown to 2023-09-13T16:54:29.636861+00:00, run_after=2023-09-14T16:54:29.636861+00:00
[2023-09-14T17:54:29.672+0100] {processor.py:179} INFO - Processing /home/joestar/Documents/projects/airflow_etl/airflow_env/lib/python3.8/site-packages/airflow/example_dags/example_setup_teardown.py took 0.082 seconds
[2023-09-14T18:03:07.237+0100] {processor.py:157} INFO - Started process (PID=38718) to work on /home/joestar/Documents/projects/airflow_etl/airflow_env/lib/python3.8/site-packages/airflow/example_dags/example_setup_teardown.py
[2023-09-14T18:03:07.238+0100] {processor.py:829} INFO - Processing file /home/joestar/Documents/projects/airflow_etl/airflow_env/lib/python3.8/site-packages/airflow/example_dags/example_setup_teardown.py for tasks to queue
[2023-09-14T18:03:07.239+0100] {logging_mixin.py:151} INFO - [2023-09-14T18:03:07.239+0100] {dagbag.py:539} INFO - Filling up the DagBag from /home/joestar/Documents/projects/airflow_etl/airflow_env/lib/python3.8/site-packages/airflow/example_dags/example_setup_teardown.py
[2023-09-14T18:03:07.246+0100] {processor.py:839} INFO - DAG(s) dict_keys(['example_setup_teardown']) retrieved from /home/joestar/Documents/projects/airflow_etl/airflow_env/lib/python3.8/site-packages/airflow/example_dags/example_setup_teardown.py
[2023-09-14T18:03:07.263+0100] {logging_mixin.py:151} INFO - [2023-09-14T18:03:07.262+0100] {dag.py:2915} INFO - Sync 1 DAGs
[2023-09-14T18:03:07.281+0100] {logging_mixin.py:151} INFO - [2023-09-14T18:03:07.281+0100] {dag.py:3696} INFO - Setting next_dagrun for example_setup_teardown to 2023-09-13T17:03:07.280794+00:00, run_after=2023-09-14T17:03:07.280794+00:00
[2023-09-14T18:03:07.319+0100] {processor.py:179} INFO - Processing /home/joestar/Documents/projects/airflow_etl/airflow_env/lib/python3.8/site-packages/airflow/example_dags/example_setup_teardown.py took 0.085 seconds
[2023-09-14T18:03:59.795+0100] {processor.py:157} INFO - Started process (PID=38953) to work on /home/joestar/Documents/projects/airflow_etl/airflow_env/lib/python3.8/site-packages/airflow/example_dags/example_setup_teardown.py
[2023-09-14T18:03:59.797+0100] {processor.py:829} INFO - Processing file /home/joestar/Documents/projects/airflow_etl/airflow_env/lib/python3.8/site-packages/airflow/example_dags/example_setup_teardown.py for tasks to queue
[2023-09-14T18:03:59.799+0100] {logging_mixin.py:151} INFO - [2023-09-14T18:03:59.798+0100] {dagbag.py:539} INFO - Filling up the DagBag from /home/joestar/Documents/projects/airflow_etl/airflow_env/lib/python3.8/site-packages/airflow/example_dags/example_setup_teardown.py
[2023-09-14T18:03:59.808+0100] {processor.py:839} INFO - DAG(s) dict_keys(['example_setup_teardown']) retrieved from /home/joestar/Documents/projects/airflow_etl/airflow_env/lib/python3.8/site-packages/airflow/example_dags/example_setup_teardown.py
[2023-09-14T18:03:59.823+0100] {logging_mixin.py:151} INFO - [2023-09-14T18:03:59.823+0100] {dag.py:2915} INFO - Sync 1 DAGs
[2023-09-14T18:03:59.851+0100] {logging_mixin.py:151} INFO - [2023-09-14T18:03:59.851+0100] {dag.py:3696} INFO - Setting next_dagrun for example_setup_teardown to 2023-09-13T17:03:59.850766+00:00, run_after=2023-09-14T17:03:59.850766+00:00
[2023-09-14T18:03:59.901+0100] {processor.py:179} INFO - Processing /home/joestar/Documents/projects/airflow_etl/airflow_env/lib/python3.8/site-packages/airflow/example_dags/example_setup_teardown.py took 0.112 seconds
[2023-09-14T18:04:48.800+0100] {processor.py:157} INFO - Started process (PID=39180) to work on /home/joestar/Documents/projects/airflow_etl/airflow_env/lib/python3.8/site-packages/airflow/example_dags/example_setup_teardown.py
[2023-09-14T18:04:48.802+0100] {processor.py:829} INFO - Processing file /home/joestar/Documents/projects/airflow_etl/airflow_env/lib/python3.8/site-packages/airflow/example_dags/example_setup_teardown.py for tasks to queue
[2023-09-14T18:04:48.803+0100] {logging_mixin.py:151} INFO - [2023-09-14T18:04:48.803+0100] {dagbag.py:539} INFO - Filling up the DagBag from /home/joestar/Documents/projects/airflow_etl/airflow_env/lib/python3.8/site-packages/airflow/example_dags/example_setup_teardown.py
[2023-09-14T18:04:48.816+0100] {processor.py:839} INFO - DAG(s) dict_keys(['example_setup_teardown']) retrieved from /home/joestar/Documents/projects/airflow_etl/airflow_env/lib/python3.8/site-packages/airflow/example_dags/example_setup_teardown.py
[2023-09-14T18:04:48.840+0100] {logging_mixin.py:151} INFO - [2023-09-14T18:04:48.840+0100] {dag.py:2915} INFO - Sync 1 DAGs
[2023-09-14T18:04:48.866+0100] {logging_mixin.py:151} INFO - [2023-09-14T18:04:48.866+0100] {dag.py:3696} INFO - Setting next_dagrun for example_setup_teardown to 2023-09-13T17:04:48.865630+00:00, run_after=2023-09-14T17:04:48.865630+00:00
[2023-09-14T18:04:48.900+0100] {processor.py:179} INFO - Processing /home/joestar/Documents/projects/airflow_etl/airflow_env/lib/python3.8/site-packages/airflow/example_dags/example_setup_teardown.py took 0.104 seconds
