[2023-09-14T17:12:24.105+0100] {processor.py:157} INFO - Started process (PID=24374) to work on /home/joestar/Documents/projects/airflow_etl/airflow_env/lib/python3.8/site-packages/airflow/example_dags/example_branch_labels.py
[2023-09-14T17:12:24.106+0100] {processor.py:829} INFO - Processing file /home/joestar/Documents/projects/airflow_etl/airflow_env/lib/python3.8/site-packages/airflow/example_dags/example_branch_labels.py for tasks to queue
[2023-09-14T17:12:24.107+0100] {logging_mixin.py:151} INFO - [2023-09-14T17:12:24.107+0100] {dagbag.py:539} INFO - Filling up the DagBag from /home/joestar/Documents/projects/airflow_etl/airflow_env/lib/python3.8/site-packages/airflow/example_dags/example_branch_labels.py
[2023-09-14T17:12:24.115+0100] {processor.py:839} INFO - DAG(s) dict_keys(['example_branch_labels']) retrieved from /home/joestar/Documents/projects/airflow_etl/airflow_env/lib/python3.8/site-packages/airflow/example_dags/example_branch_labels.py
[2023-09-14T17:12:24.223+0100] {logging_mixin.py:151} INFO - [2023-09-14T17:12:24.223+0100] {manager.py:499} INFO - Created Permission View: %s
[2023-09-14T17:12:24.251+0100] {logging_mixin.py:151} INFO - [2023-09-14T17:12:24.251+0100] {manager.py:499} INFO - Created Permission View: %s
[2023-09-14T17:12:24.265+0100] {logging_mixin.py:151} INFO - [2023-09-14T17:12:24.265+0100] {manager.py:499} INFO - Created Permission View: %s
[2023-09-14T17:12:24.266+0100] {logging_mixin.py:151} INFO - [2023-09-14T17:12:24.265+0100] {security.py:708} INFO - Not syncing DAG-level permissions for DAG 'DAG:example_branch_labels' as access control is unset.
[2023-09-14T17:12:24.266+0100] {logging_mixin.py:151} INFO - [2023-09-14T17:12:24.266+0100] {dag.py:2915} INFO - Sync 1 DAGs
[2023-09-14T17:12:24.276+0100] {logging_mixin.py:151} INFO - [2023-09-14T17:12:24.276+0100] {dag.py:2937} INFO - Creating ORM DAG for example_branch_labels
[2023-09-14T17:12:24.284+0100] {logging_mixin.py:151} INFO - [2023-09-14T17:12:24.284+0100] {dag.py:3696} INFO - Setting next_dagrun for example_branch_labels to 2023-09-13T00:00:00+00:00, run_after=2023-09-14T00:00:00+00:00
[2023-09-14T17:12:24.316+0100] {processor.py:179} INFO - Processing /home/joestar/Documents/projects/airflow_etl/airflow_env/lib/python3.8/site-packages/airflow/example_dags/example_branch_labels.py took 0.215 seconds
[2023-09-14T17:13:15.643+0100] {processor.py:157} INFO - Started process (PID=24778) to work on /home/joestar/Documents/projects/airflow_etl/airflow_env/lib/python3.8/site-packages/airflow/example_dags/example_branch_labels.py
[2023-09-14T17:13:15.644+0100] {processor.py:829} INFO - Processing file /home/joestar/Documents/projects/airflow_etl/airflow_env/lib/python3.8/site-packages/airflow/example_dags/example_branch_labels.py for tasks to queue
[2023-09-14T17:13:15.645+0100] {logging_mixin.py:151} INFO - [2023-09-14T17:13:15.645+0100] {dagbag.py:539} INFO - Filling up the DagBag from /home/joestar/Documents/projects/airflow_etl/airflow_env/lib/python3.8/site-packages/airflow/example_dags/example_branch_labels.py
[2023-09-14T17:13:15.655+0100] {processor.py:839} INFO - DAG(s) dict_keys(['example_branch_labels']) retrieved from /home/joestar/Documents/projects/airflow_etl/airflow_env/lib/python3.8/site-packages/airflow/example_dags/example_branch_labels.py
[2023-09-14T17:13:15.670+0100] {logging_mixin.py:151} INFO - [2023-09-14T17:13:15.670+0100] {dag.py:2915} INFO - Sync 1 DAGs
[2023-09-14T17:13:15.688+0100] {logging_mixin.py:151} INFO - [2023-09-14T17:13:15.688+0100] {dag.py:3696} INFO - Setting next_dagrun for example_branch_labels to 2023-09-13T00:00:00+00:00, run_after=2023-09-14T00:00:00+00:00
[2023-09-14T17:13:15.723+0100] {processor.py:179} INFO - Processing /home/joestar/Documents/projects/airflow_etl/airflow_env/lib/python3.8/site-packages/airflow/example_dags/example_branch_labels.py took 0.083 seconds
[2023-09-14T17:14:05.913+0100] {processor.py:157} INFO - Started process (PID=25111) to work on /home/joestar/Documents/projects/airflow_etl/airflow_env/lib/python3.8/site-packages/airflow/example_dags/example_branch_labels.py
[2023-09-14T17:14:05.915+0100] {processor.py:829} INFO - Processing file /home/joestar/Documents/projects/airflow_etl/airflow_env/lib/python3.8/site-packages/airflow/example_dags/example_branch_labels.py for tasks to queue
[2023-09-14T17:14:05.917+0100] {logging_mixin.py:151} INFO - [2023-09-14T17:14:05.916+0100] {dagbag.py:539} INFO - Filling up the DagBag from /home/joestar/Documents/projects/airflow_etl/airflow_env/lib/python3.8/site-packages/airflow/example_dags/example_branch_labels.py
[2023-09-14T17:14:05.930+0100] {processor.py:839} INFO - DAG(s) dict_keys(['example_branch_labels']) retrieved from /home/joestar/Documents/projects/airflow_etl/airflow_env/lib/python3.8/site-packages/airflow/example_dags/example_branch_labels.py
[2023-09-14T17:14:05.949+0100] {logging_mixin.py:151} INFO - [2023-09-14T17:14:05.949+0100] {dag.py:2915} INFO - Sync 1 DAGs
[2023-09-14T17:14:05.966+0100] {logging_mixin.py:151} INFO - [2023-09-14T17:14:05.966+0100] {dag.py:3696} INFO - Setting next_dagrun for example_branch_labels to 2023-09-13T00:00:00+00:00, run_after=2023-09-14T00:00:00+00:00
[2023-09-14T17:14:05.989+0100] {processor.py:179} INFO - Processing /home/joestar/Documents/projects/airflow_etl/airflow_env/lib/python3.8/site-packages/airflow/example_dags/example_branch_labels.py took 0.081 seconds
[2023-09-14T17:14:59.675+0100] {processor.py:157} INFO - Started process (PID=25746) to work on /home/joestar/Documents/projects/airflow_etl/airflow_env/lib/python3.8/site-packages/airflow/example_dags/example_branch_labels.py
[2023-09-14T17:14:59.676+0100] {processor.py:829} INFO - Processing file /home/joestar/Documents/projects/airflow_etl/airflow_env/lib/python3.8/site-packages/airflow/example_dags/example_branch_labels.py for tasks to queue
[2023-09-14T17:14:59.678+0100] {logging_mixin.py:151} INFO - [2023-09-14T17:14:59.677+0100] {dagbag.py:539} INFO - Filling up the DagBag from /home/joestar/Documents/projects/airflow_etl/airflow_env/lib/python3.8/site-packages/airflow/example_dags/example_branch_labels.py
[2023-09-14T17:14:59.689+0100] {processor.py:839} INFO - DAG(s) dict_keys(['example_branch_labels']) retrieved from /home/joestar/Documents/projects/airflow_etl/airflow_env/lib/python3.8/site-packages/airflow/example_dags/example_branch_labels.py
[2023-09-14T17:14:59.710+0100] {logging_mixin.py:151} INFO - [2023-09-14T17:14:59.709+0100] {dag.py:2915} INFO - Sync 1 DAGs
[2023-09-14T17:14:59.750+0100] {logging_mixin.py:151} INFO - [2023-09-14T17:14:59.750+0100] {dag.py:3696} INFO - Setting next_dagrun for example_branch_labels to 2023-09-13T00:00:00+00:00, run_after=2023-09-14T00:00:00+00:00
[2023-09-14T17:14:59.803+0100] {processor.py:179} INFO - Processing /home/joestar/Documents/projects/airflow_etl/airflow_env/lib/python3.8/site-packages/airflow/example_dags/example_branch_labels.py took 0.132 seconds
[2023-09-14T17:15:57.096+0100] {processor.py:157} INFO - Started process (PID=26041) to work on /home/joestar/Documents/projects/airflow_etl/airflow_env/lib/python3.8/site-packages/airflow/example_dags/example_branch_labels.py
[2023-09-14T17:15:57.097+0100] {processor.py:829} INFO - Processing file /home/joestar/Documents/projects/airflow_etl/airflow_env/lib/python3.8/site-packages/airflow/example_dags/example_branch_labels.py for tasks to queue
[2023-09-14T17:15:57.098+0100] {logging_mixin.py:151} INFO - [2023-09-14T17:15:57.098+0100] {dagbag.py:539} INFO - Filling up the DagBag from /home/joestar/Documents/projects/airflow_etl/airflow_env/lib/python3.8/site-packages/airflow/example_dags/example_branch_labels.py
[2023-09-14T17:15:57.107+0100] {processor.py:839} INFO - DAG(s) dict_keys(['example_branch_labels']) retrieved from /home/joestar/Documents/projects/airflow_etl/airflow_env/lib/python3.8/site-packages/airflow/example_dags/example_branch_labels.py
[2023-09-14T17:15:57.124+0100] {logging_mixin.py:151} INFO - [2023-09-14T17:15:57.124+0100] {dag.py:2915} INFO - Sync 1 DAGs
[2023-09-14T17:15:57.148+0100] {logging_mixin.py:151} INFO - [2023-09-14T17:15:57.148+0100] {dag.py:3696} INFO - Setting next_dagrun for example_branch_labels to 2023-09-13T00:00:00+00:00, run_after=2023-09-14T00:00:00+00:00
[2023-09-14T17:15:57.172+0100] {processor.py:179} INFO - Processing /home/joestar/Documents/projects/airflow_etl/airflow_env/lib/python3.8/site-packages/airflow/example_dags/example_branch_labels.py took 0.078 seconds
[2023-09-14T17:16:51.846+0100] {processor.py:157} INFO - Started process (PID=26299) to work on /home/joestar/Documents/projects/airflow_etl/airflow_env/lib/python3.8/site-packages/airflow/example_dags/example_branch_labels.py
[2023-09-14T17:16:51.847+0100] {processor.py:829} INFO - Processing file /home/joestar/Documents/projects/airflow_etl/airflow_env/lib/python3.8/site-packages/airflow/example_dags/example_branch_labels.py for tasks to queue
[2023-09-14T17:16:51.848+0100] {logging_mixin.py:151} INFO - [2023-09-14T17:16:51.847+0100] {dagbag.py:539} INFO - Filling up the DagBag from /home/joestar/Documents/projects/airflow_etl/airflow_env/lib/python3.8/site-packages/airflow/example_dags/example_branch_labels.py
[2023-09-14T17:16:51.858+0100] {processor.py:839} INFO - DAG(s) dict_keys(['example_branch_labels']) retrieved from /home/joestar/Documents/projects/airflow_etl/airflow_env/lib/python3.8/site-packages/airflow/example_dags/example_branch_labels.py
[2023-09-14T17:16:51.879+0100] {logging_mixin.py:151} INFO - [2023-09-14T17:16:51.879+0100] {dag.py:2915} INFO - Sync 1 DAGs
[2023-09-14T17:16:51.906+0100] {logging_mixin.py:151} INFO - [2023-09-14T17:16:51.906+0100] {dag.py:3696} INFO - Setting next_dagrun for example_branch_labels to 2023-09-13T00:00:00+00:00, run_after=2023-09-14T00:00:00+00:00
[2023-09-14T17:16:51.934+0100] {processor.py:179} INFO - Processing /home/joestar/Documents/projects/airflow_etl/airflow_env/lib/python3.8/site-packages/airflow/example_dags/example_branch_labels.py took 0.090 seconds
[2023-09-14T17:17:42.817+0100] {processor.py:157} INFO - Started process (PID=26571) to work on /home/joestar/Documents/projects/airflow_etl/airflow_env/lib/python3.8/site-packages/airflow/example_dags/example_branch_labels.py
[2023-09-14T17:17:42.819+0100] {processor.py:829} INFO - Processing file /home/joestar/Documents/projects/airflow_etl/airflow_env/lib/python3.8/site-packages/airflow/example_dags/example_branch_labels.py for tasks to queue
[2023-09-14T17:17:42.821+0100] {logging_mixin.py:151} INFO - [2023-09-14T17:17:42.820+0100] {dagbag.py:539} INFO - Filling up the DagBag from /home/joestar/Documents/projects/airflow_etl/airflow_env/lib/python3.8/site-packages/airflow/example_dags/example_branch_labels.py
[2023-09-14T17:17:42.835+0100] {processor.py:839} INFO - DAG(s) dict_keys(['example_branch_labels']) retrieved from /home/joestar/Documents/projects/airflow_etl/airflow_env/lib/python3.8/site-packages/airflow/example_dags/example_branch_labels.py
[2023-09-14T17:17:42.855+0100] {logging_mixin.py:151} INFO - [2023-09-14T17:17:42.855+0100] {dag.py:2915} INFO - Sync 1 DAGs
[2023-09-14T17:17:42.881+0100] {logging_mixin.py:151} INFO - [2023-09-14T17:17:42.881+0100] {dag.py:3696} INFO - Setting next_dagrun for example_branch_labels to 2023-09-13T00:00:00+00:00, run_after=2023-09-14T00:00:00+00:00
[2023-09-14T17:17:42.911+0100] {processor.py:179} INFO - Processing /home/joestar/Documents/projects/airflow_etl/airflow_env/lib/python3.8/site-packages/airflow/example_dags/example_branch_labels.py took 0.098 seconds
[2023-09-14T17:18:31.164+0100] {processor.py:157} INFO - Started process (PID=26843) to work on /home/joestar/Documents/projects/airflow_etl/airflow_env/lib/python3.8/site-packages/airflow/example_dags/example_branch_labels.py
[2023-09-14T17:18:31.165+0100] {processor.py:829} INFO - Processing file /home/joestar/Documents/projects/airflow_etl/airflow_env/lib/python3.8/site-packages/airflow/example_dags/example_branch_labels.py for tasks to queue
[2023-09-14T17:18:31.166+0100] {logging_mixin.py:151} INFO - [2023-09-14T17:18:31.165+0100] {dagbag.py:539} INFO - Filling up the DagBag from /home/joestar/Documents/projects/airflow_etl/airflow_env/lib/python3.8/site-packages/airflow/example_dags/example_branch_labels.py
[2023-09-14T17:18:31.176+0100] {processor.py:839} INFO - DAG(s) dict_keys(['example_branch_labels']) retrieved from /home/joestar/Documents/projects/airflow_etl/airflow_env/lib/python3.8/site-packages/airflow/example_dags/example_branch_labels.py
[2023-09-14T17:18:31.198+0100] {logging_mixin.py:151} INFO - [2023-09-14T17:18:31.198+0100] {dag.py:2915} INFO - Sync 1 DAGs
[2023-09-14T17:18:31.226+0100] {logging_mixin.py:151} INFO - [2023-09-14T17:18:31.225+0100] {dag.py:3696} INFO - Setting next_dagrun for example_branch_labels to 2023-09-13T00:00:00+00:00, run_after=2023-09-14T00:00:00+00:00
[2023-09-14T17:18:31.249+0100] {processor.py:179} INFO - Processing /home/joestar/Documents/projects/airflow_etl/airflow_env/lib/python3.8/site-packages/airflow/example_dags/example_branch_labels.py took 0.088 seconds
[2023-09-14T17:19:29.644+0100] {processor.py:157} INFO - Started process (PID=27305) to work on /home/joestar/Documents/projects/airflow_etl/airflow_env/lib/python3.8/site-packages/airflow/example_dags/example_branch_labels.py
[2023-09-14T17:19:29.645+0100] {processor.py:829} INFO - Processing file /home/joestar/Documents/projects/airflow_etl/airflow_env/lib/python3.8/site-packages/airflow/example_dags/example_branch_labels.py for tasks to queue
[2023-09-14T17:19:29.647+0100] {logging_mixin.py:151} INFO - [2023-09-14T17:19:29.646+0100] {dagbag.py:539} INFO - Filling up the DagBag from /home/joestar/Documents/projects/airflow_etl/airflow_env/lib/python3.8/site-packages/airflow/example_dags/example_branch_labels.py
[2023-09-14T17:19:29.655+0100] {processor.py:839} INFO - DAG(s) dict_keys(['example_branch_labels']) retrieved from /home/joestar/Documents/projects/airflow_etl/airflow_env/lib/python3.8/site-packages/airflow/example_dags/example_branch_labels.py
[2023-09-14T17:19:29.677+0100] {logging_mixin.py:151} INFO - [2023-09-14T17:19:29.677+0100] {dag.py:2915} INFO - Sync 1 DAGs
[2023-09-14T17:19:29.701+0100] {logging_mixin.py:151} INFO - [2023-09-14T17:19:29.701+0100] {dag.py:3696} INFO - Setting next_dagrun for example_branch_labels to 2023-09-13T00:00:00+00:00, run_after=2023-09-14T00:00:00+00:00
[2023-09-14T17:19:29.740+0100] {processor.py:179} INFO - Processing /home/joestar/Documents/projects/airflow_etl/airflow_env/lib/python3.8/site-packages/airflow/example_dags/example_branch_labels.py took 0.098 seconds
[2023-09-14T17:20:24.268+0100] {processor.py:157} INFO - Started process (PID=27547) to work on /home/joestar/Documents/projects/airflow_etl/airflow_env/lib/python3.8/site-packages/airflow/example_dags/example_branch_labels.py
[2023-09-14T17:20:24.269+0100] {processor.py:829} INFO - Processing file /home/joestar/Documents/projects/airflow_etl/airflow_env/lib/python3.8/site-packages/airflow/example_dags/example_branch_labels.py for tasks to queue
[2023-09-14T17:20:24.269+0100] {logging_mixin.py:151} INFO - [2023-09-14T17:20:24.269+0100] {dagbag.py:539} INFO - Filling up the DagBag from /home/joestar/Documents/projects/airflow_etl/airflow_env/lib/python3.8/site-packages/airflow/example_dags/example_branch_labels.py
[2023-09-14T17:20:24.276+0100] {processor.py:839} INFO - DAG(s) dict_keys(['example_branch_labels']) retrieved from /home/joestar/Documents/projects/airflow_etl/airflow_env/lib/python3.8/site-packages/airflow/example_dags/example_branch_labels.py
[2023-09-14T17:20:24.292+0100] {logging_mixin.py:151} INFO - [2023-09-14T17:20:24.292+0100] {dag.py:2915} INFO - Sync 1 DAGs
[2023-09-14T17:20:24.311+0100] {logging_mixin.py:151} INFO - [2023-09-14T17:20:24.311+0100] {dag.py:3696} INFO - Setting next_dagrun for example_branch_labels to 2023-09-13T00:00:00+00:00, run_after=2023-09-14T00:00:00+00:00
[2023-09-14T17:20:24.338+0100] {processor.py:179} INFO - Processing /home/joestar/Documents/projects/airflow_etl/airflow_env/lib/python3.8/site-packages/airflow/example_dags/example_branch_labels.py took 0.072 seconds
[2023-09-14T17:21:14.913+0100] {processor.py:157} INFO - Started process (PID=27773) to work on /home/joestar/Documents/projects/airflow_etl/airflow_env/lib/python3.8/site-packages/airflow/example_dags/example_branch_labels.py
[2023-09-14T17:21:14.914+0100] {processor.py:829} INFO - Processing file /home/joestar/Documents/projects/airflow_etl/airflow_env/lib/python3.8/site-packages/airflow/example_dags/example_branch_labels.py for tasks to queue
[2023-09-14T17:21:14.915+0100] {logging_mixin.py:151} INFO - [2023-09-14T17:21:14.915+0100] {dagbag.py:539} INFO - Filling up the DagBag from /home/joestar/Documents/projects/airflow_etl/airflow_env/lib/python3.8/site-packages/airflow/example_dags/example_branch_labels.py
[2023-09-14T17:21:14.926+0100] {processor.py:839} INFO - DAG(s) dict_keys(['example_branch_labels']) retrieved from /home/joestar/Documents/projects/airflow_etl/airflow_env/lib/python3.8/site-packages/airflow/example_dags/example_branch_labels.py
[2023-09-14T17:21:14.951+0100] {logging_mixin.py:151} INFO - [2023-09-14T17:21:14.951+0100] {dag.py:2915} INFO - Sync 1 DAGs
[2023-09-14T17:21:14.983+0100] {logging_mixin.py:151} INFO - [2023-09-14T17:21:14.982+0100] {dag.py:3696} INFO - Setting next_dagrun for example_branch_labels to 2023-09-13T00:00:00+00:00, run_after=2023-09-14T00:00:00+00:00
[2023-09-14T17:21:15.012+0100] {processor.py:179} INFO - Processing /home/joestar/Documents/projects/airflow_etl/airflow_env/lib/python3.8/site-packages/airflow/example_dags/example_branch_labels.py took 0.103 seconds
[2023-09-14T17:22:08.237+0100] {processor.py:157} INFO - Started process (PID=27992) to work on /home/joestar/Documents/projects/airflow_etl/airflow_env/lib/python3.8/site-packages/airflow/example_dags/example_branch_labels.py
[2023-09-14T17:22:08.239+0100] {processor.py:829} INFO - Processing file /home/joestar/Documents/projects/airflow_etl/airflow_env/lib/python3.8/site-packages/airflow/example_dags/example_branch_labels.py for tasks to queue
[2023-09-14T17:22:08.240+0100] {logging_mixin.py:151} INFO - [2023-09-14T17:22:08.240+0100] {dagbag.py:539} INFO - Filling up the DagBag from /home/joestar/Documents/projects/airflow_etl/airflow_env/lib/python3.8/site-packages/airflow/example_dags/example_branch_labels.py
[2023-09-14T17:22:08.251+0100] {processor.py:839} INFO - DAG(s) dict_keys(['example_branch_labels']) retrieved from /home/joestar/Documents/projects/airflow_etl/airflow_env/lib/python3.8/site-packages/airflow/example_dags/example_branch_labels.py
[2023-09-14T17:22:08.270+0100] {logging_mixin.py:151} INFO - [2023-09-14T17:22:08.269+0100] {dag.py:2915} INFO - Sync 1 DAGs
[2023-09-14T17:22:08.300+0100] {logging_mixin.py:151} INFO - [2023-09-14T17:22:08.300+0100] {dag.py:3696} INFO - Setting next_dagrun for example_branch_labels to 2023-09-13T00:00:00+00:00, run_after=2023-09-14T00:00:00+00:00
[2023-09-14T17:22:08.335+0100] {processor.py:179} INFO - Processing /home/joestar/Documents/projects/airflow_etl/airflow_env/lib/python3.8/site-packages/airflow/example_dags/example_branch_labels.py took 0.101 seconds
[2023-09-14T17:23:02.518+0100] {processor.py:157} INFO - Started process (PID=28239) to work on /home/joestar/Documents/projects/airflow_etl/airflow_env/lib/python3.8/site-packages/airflow/example_dags/example_branch_labels.py
[2023-09-14T17:23:02.519+0100] {processor.py:829} INFO - Processing file /home/joestar/Documents/projects/airflow_etl/airflow_env/lib/python3.8/site-packages/airflow/example_dags/example_branch_labels.py for tasks to queue
[2023-09-14T17:23:02.520+0100] {logging_mixin.py:151} INFO - [2023-09-14T17:23:02.520+0100] {dagbag.py:539} INFO - Filling up the DagBag from /home/joestar/Documents/projects/airflow_etl/airflow_env/lib/python3.8/site-packages/airflow/example_dags/example_branch_labels.py
[2023-09-14T17:23:02.529+0100] {processor.py:839} INFO - DAG(s) dict_keys(['example_branch_labels']) retrieved from /home/joestar/Documents/projects/airflow_etl/airflow_env/lib/python3.8/site-packages/airflow/example_dags/example_branch_labels.py
[2023-09-14T17:23:02.545+0100] {logging_mixin.py:151} INFO - [2023-09-14T17:23:02.545+0100] {dag.py:2915} INFO - Sync 1 DAGs
[2023-09-14T17:23:02.565+0100] {logging_mixin.py:151} INFO - [2023-09-14T17:23:02.565+0100] {dag.py:3696} INFO - Setting next_dagrun for example_branch_labels to 2023-09-13T00:00:00+00:00, run_after=2023-09-14T00:00:00+00:00
[2023-09-14T17:23:02.594+0100] {processor.py:179} INFO - Processing /home/joestar/Documents/projects/airflow_etl/airflow_env/lib/python3.8/site-packages/airflow/example_dags/example_branch_labels.py took 0.080 seconds
[2023-09-14T17:23:59.872+0100] {processor.py:157} INFO - Started process (PID=28502) to work on /home/joestar/Documents/projects/airflow_etl/airflow_env/lib/python3.8/site-packages/airflow/example_dags/example_branch_labels.py
[2023-09-14T17:23:59.873+0100] {processor.py:829} INFO - Processing file /home/joestar/Documents/projects/airflow_etl/airflow_env/lib/python3.8/site-packages/airflow/example_dags/example_branch_labels.py for tasks to queue
[2023-09-14T17:23:59.874+0100] {logging_mixin.py:151} INFO - [2023-09-14T17:23:59.873+0100] {dagbag.py:539} INFO - Filling up the DagBag from /home/joestar/Documents/projects/airflow_etl/airflow_env/lib/python3.8/site-packages/airflow/example_dags/example_branch_labels.py
[2023-09-14T17:23:59.885+0100] {processor.py:839} INFO - DAG(s) dict_keys(['example_branch_labels']) retrieved from /home/joestar/Documents/projects/airflow_etl/airflow_env/lib/python3.8/site-packages/airflow/example_dags/example_branch_labels.py
[2023-09-14T17:23:59.900+0100] {logging_mixin.py:151} INFO - [2023-09-14T17:23:59.900+0100] {dag.py:2915} INFO - Sync 1 DAGs
[2023-09-14T17:23:59.920+0100] {logging_mixin.py:151} INFO - [2023-09-14T17:23:59.920+0100] {dag.py:3696} INFO - Setting next_dagrun for example_branch_labels to 2023-09-13T00:00:00+00:00, run_after=2023-09-14T00:00:00+00:00
[2023-09-14T17:23:59.945+0100] {processor.py:179} INFO - Processing /home/joestar/Documents/projects/airflow_etl/airflow_env/lib/python3.8/site-packages/airflow/example_dags/example_branch_labels.py took 0.076 seconds
[2023-09-14T17:24:58.785+0100] {processor.py:157} INFO - Started process (PID=28734) to work on /home/joestar/Documents/projects/airflow_etl/airflow_env/lib/python3.8/site-packages/airflow/example_dags/example_branch_labels.py
[2023-09-14T17:24:58.786+0100] {processor.py:829} INFO - Processing file /home/joestar/Documents/projects/airflow_etl/airflow_env/lib/python3.8/site-packages/airflow/example_dags/example_branch_labels.py for tasks to queue
[2023-09-14T17:24:58.788+0100] {logging_mixin.py:151} INFO - [2023-09-14T17:24:58.787+0100] {dagbag.py:539} INFO - Filling up the DagBag from /home/joestar/Documents/projects/airflow_etl/airflow_env/lib/python3.8/site-packages/airflow/example_dags/example_branch_labels.py
[2023-09-14T17:24:58.803+0100] {processor.py:839} INFO - DAG(s) dict_keys(['example_branch_labels']) retrieved from /home/joestar/Documents/projects/airflow_etl/airflow_env/lib/python3.8/site-packages/airflow/example_dags/example_branch_labels.py
[2023-09-14T17:24:58.841+0100] {logging_mixin.py:151} INFO - [2023-09-14T17:24:58.840+0100] {dag.py:2915} INFO - Sync 1 DAGs
[2023-09-14T17:24:58.882+0100] {logging_mixin.py:151} INFO - [2023-09-14T17:24:58.882+0100] {dag.py:3696} INFO - Setting next_dagrun for example_branch_labels to 2023-09-13T00:00:00+00:00, run_after=2023-09-14T00:00:00+00:00
[2023-09-14T17:24:58.918+0100] {processor.py:179} INFO - Processing /home/joestar/Documents/projects/airflow_etl/airflow_env/lib/python3.8/site-packages/airflow/example_dags/example_branch_labels.py took 0.138 seconds
[2023-09-14T17:25:53.495+0100] {processor.py:157} INFO - Started process (PID=28973) to work on /home/joestar/Documents/projects/airflow_etl/airflow_env/lib/python3.8/site-packages/airflow/example_dags/example_branch_labels.py
[2023-09-14T17:25:53.498+0100] {processor.py:829} INFO - Processing file /home/joestar/Documents/projects/airflow_etl/airflow_env/lib/python3.8/site-packages/airflow/example_dags/example_branch_labels.py for tasks to queue
[2023-09-14T17:25:53.501+0100] {logging_mixin.py:151} INFO - [2023-09-14T17:25:53.499+0100] {dagbag.py:539} INFO - Filling up the DagBag from /home/joestar/Documents/projects/airflow_etl/airflow_env/lib/python3.8/site-packages/airflow/example_dags/example_branch_labels.py
[2023-09-14T17:25:53.523+0100] {processor.py:839} INFO - DAG(s) dict_keys(['example_branch_labels']) retrieved from /home/joestar/Documents/projects/airflow_etl/airflow_env/lib/python3.8/site-packages/airflow/example_dags/example_branch_labels.py
[2023-09-14T17:25:53.543+0100] {logging_mixin.py:151} INFO - [2023-09-14T17:25:53.543+0100] {dag.py:2915} INFO - Sync 1 DAGs
[2023-09-14T17:25:53.562+0100] {logging_mixin.py:151} INFO - [2023-09-14T17:25:53.562+0100] {dag.py:3696} INFO - Setting next_dagrun for example_branch_labels to 2023-09-13T00:00:00+00:00, run_after=2023-09-14T00:00:00+00:00
[2023-09-14T17:25:53.586+0100] {processor.py:179} INFO - Processing /home/joestar/Documents/projects/airflow_etl/airflow_env/lib/python3.8/site-packages/airflow/example_dags/example_branch_labels.py took 0.098 seconds
[2023-09-14T17:26:45.808+0100] {processor.py:157} INFO - Started process (PID=29189) to work on /home/joestar/Documents/projects/airflow_etl/airflow_env/lib/python3.8/site-packages/airflow/example_dags/example_branch_labels.py
[2023-09-14T17:26:45.809+0100] {processor.py:829} INFO - Processing file /home/joestar/Documents/projects/airflow_etl/airflow_env/lib/python3.8/site-packages/airflow/example_dags/example_branch_labels.py for tasks to queue
[2023-09-14T17:26:45.810+0100] {logging_mixin.py:151} INFO - [2023-09-14T17:26:45.810+0100] {dagbag.py:539} INFO - Filling up the DagBag from /home/joestar/Documents/projects/airflow_etl/airflow_env/lib/python3.8/site-packages/airflow/example_dags/example_branch_labels.py
[2023-09-14T17:26:45.820+0100] {processor.py:839} INFO - DAG(s) dict_keys(['example_branch_labels']) retrieved from /home/joestar/Documents/projects/airflow_etl/airflow_env/lib/python3.8/site-packages/airflow/example_dags/example_branch_labels.py
[2023-09-14T17:26:45.841+0100] {logging_mixin.py:151} INFO - [2023-09-14T17:26:45.841+0100] {dag.py:2915} INFO - Sync 1 DAGs
[2023-09-14T17:26:45.861+0100] {logging_mixin.py:151} INFO - [2023-09-14T17:26:45.861+0100] {dag.py:3696} INFO - Setting next_dagrun for example_branch_labels to 2023-09-13T00:00:00+00:00, run_after=2023-09-14T00:00:00+00:00
[2023-09-14T17:26:45.884+0100] {processor.py:179} INFO - Processing /home/joestar/Documents/projects/airflow_etl/airflow_env/lib/python3.8/site-packages/airflow/example_dags/example_branch_labels.py took 0.078 seconds
[2023-09-14T17:27:41.225+0100] {processor.py:157} INFO - Started process (PID=29437) to work on /home/joestar/Documents/projects/airflow_etl/airflow_env/lib/python3.8/site-packages/airflow/example_dags/example_branch_labels.py
[2023-09-14T17:27:41.226+0100] {processor.py:829} INFO - Processing file /home/joestar/Documents/projects/airflow_etl/airflow_env/lib/python3.8/site-packages/airflow/example_dags/example_branch_labels.py for tasks to queue
[2023-09-14T17:27:41.227+0100] {logging_mixin.py:151} INFO - [2023-09-14T17:27:41.226+0100] {dagbag.py:539} INFO - Filling up the DagBag from /home/joestar/Documents/projects/airflow_etl/airflow_env/lib/python3.8/site-packages/airflow/example_dags/example_branch_labels.py
[2023-09-14T17:27:41.235+0100] {processor.py:839} INFO - DAG(s) dict_keys(['example_branch_labels']) retrieved from /home/joestar/Documents/projects/airflow_etl/airflow_env/lib/python3.8/site-packages/airflow/example_dags/example_branch_labels.py
[2023-09-14T17:27:41.256+0100] {logging_mixin.py:151} INFO - [2023-09-14T17:27:41.255+0100] {dag.py:2915} INFO - Sync 1 DAGs
[2023-09-14T17:27:41.277+0100] {logging_mixin.py:151} INFO - [2023-09-14T17:27:41.277+0100] {dag.py:3696} INFO - Setting next_dagrun for example_branch_labels to 2023-09-13T00:00:00+00:00, run_after=2023-09-14T00:00:00+00:00
[2023-09-14T17:27:41.301+0100] {processor.py:179} INFO - Processing /home/joestar/Documents/projects/airflow_etl/airflow_env/lib/python3.8/site-packages/airflow/example_dags/example_branch_labels.py took 0.079 seconds
[2023-09-14T17:28:34.807+0100] {processor.py:157} INFO - Started process (PID=29682) to work on /home/joestar/Documents/projects/airflow_etl/airflow_env/lib/python3.8/site-packages/airflow/example_dags/example_branch_labels.py
[2023-09-14T17:28:34.808+0100] {processor.py:829} INFO - Processing file /home/joestar/Documents/projects/airflow_etl/airflow_env/lib/python3.8/site-packages/airflow/example_dags/example_branch_labels.py for tasks to queue
[2023-09-14T17:28:34.809+0100] {logging_mixin.py:151} INFO - [2023-09-14T17:28:34.809+0100] {dagbag.py:539} INFO - Filling up the DagBag from /home/joestar/Documents/projects/airflow_etl/airflow_env/lib/python3.8/site-packages/airflow/example_dags/example_branch_labels.py
[2023-09-14T17:28:34.818+0100] {processor.py:839} INFO - DAG(s) dict_keys(['example_branch_labels']) retrieved from /home/joestar/Documents/projects/airflow_etl/airflow_env/lib/python3.8/site-packages/airflow/example_dags/example_branch_labels.py
[2023-09-14T17:28:34.838+0100] {logging_mixin.py:151} INFO - [2023-09-14T17:28:34.838+0100] {dag.py:2915} INFO - Sync 1 DAGs
[2023-09-14T17:28:34.857+0100] {logging_mixin.py:151} INFO - [2023-09-14T17:28:34.857+0100] {dag.py:3696} INFO - Setting next_dagrun for example_branch_labels to 2023-09-13T00:00:00+00:00, run_after=2023-09-14T00:00:00+00:00
[2023-09-14T17:28:34.888+0100] {processor.py:179} INFO - Processing /home/joestar/Documents/projects/airflow_etl/airflow_env/lib/python3.8/site-packages/airflow/example_dags/example_branch_labels.py took 0.084 seconds
[2023-09-14T17:29:26.899+0100] {processor.py:157} INFO - Started process (PID=29934) to work on /home/joestar/Documents/projects/airflow_etl/airflow_env/lib/python3.8/site-packages/airflow/example_dags/example_branch_labels.py
[2023-09-14T17:29:26.900+0100] {processor.py:829} INFO - Processing file /home/joestar/Documents/projects/airflow_etl/airflow_env/lib/python3.8/site-packages/airflow/example_dags/example_branch_labels.py for tasks to queue
[2023-09-14T17:29:26.901+0100] {logging_mixin.py:151} INFO - [2023-09-14T17:29:26.901+0100] {dagbag.py:539} INFO - Filling up the DagBag from /home/joestar/Documents/projects/airflow_etl/airflow_env/lib/python3.8/site-packages/airflow/example_dags/example_branch_labels.py
[2023-09-14T17:29:26.915+0100] {processor.py:839} INFO - DAG(s) dict_keys(['example_branch_labels']) retrieved from /home/joestar/Documents/projects/airflow_etl/airflow_env/lib/python3.8/site-packages/airflow/example_dags/example_branch_labels.py
[2023-09-14T17:29:26.945+0100] {logging_mixin.py:151} INFO - [2023-09-14T17:29:26.944+0100] {dag.py:2915} INFO - Sync 1 DAGs
[2023-09-14T17:29:26.982+0100] {logging_mixin.py:151} INFO - [2023-09-14T17:29:26.982+0100] {dag.py:3696} INFO - Setting next_dagrun for example_branch_labels to 2023-09-13T00:00:00+00:00, run_after=2023-09-14T00:00:00+00:00
[2023-09-14T17:29:27.020+0100] {processor.py:179} INFO - Processing /home/joestar/Documents/projects/airflow_etl/airflow_env/lib/python3.8/site-packages/airflow/example_dags/example_branch_labels.py took 0.126 seconds
[2023-09-14T17:30:18.989+0100] {processor.py:157} INFO - Started process (PID=30184) to work on /home/joestar/Documents/projects/airflow_etl/airflow_env/lib/python3.8/site-packages/airflow/example_dags/example_branch_labels.py
[2023-09-14T17:30:18.990+0100] {processor.py:829} INFO - Processing file /home/joestar/Documents/projects/airflow_etl/airflow_env/lib/python3.8/site-packages/airflow/example_dags/example_branch_labels.py for tasks to queue
[2023-09-14T17:30:18.991+0100] {logging_mixin.py:151} INFO - [2023-09-14T17:30:18.991+0100] {dagbag.py:539} INFO - Filling up the DagBag from /home/joestar/Documents/projects/airflow_etl/airflow_env/lib/python3.8/site-packages/airflow/example_dags/example_branch_labels.py
[2023-09-14T17:30:18.999+0100] {processor.py:839} INFO - DAG(s) dict_keys(['example_branch_labels']) retrieved from /home/joestar/Documents/projects/airflow_etl/airflow_env/lib/python3.8/site-packages/airflow/example_dags/example_branch_labels.py
[2023-09-14T17:30:19.017+0100] {logging_mixin.py:151} INFO - [2023-09-14T17:30:19.017+0100] {dag.py:2915} INFO - Sync 1 DAGs
[2023-09-14T17:30:19.047+0100] {logging_mixin.py:151} INFO - [2023-09-14T17:30:19.047+0100] {dag.py:3696} INFO - Setting next_dagrun for example_branch_labels to 2023-09-13T00:00:00+00:00, run_after=2023-09-14T00:00:00+00:00
[2023-09-14T17:30:19.075+0100] {processor.py:179} INFO - Processing /home/joestar/Documents/projects/airflow_etl/airflow_env/lib/python3.8/site-packages/airflow/example_dags/example_branch_labels.py took 0.089 seconds
[2023-09-14T17:31:10.407+0100] {processor.py:157} INFO - Started process (PID=30429) to work on /home/joestar/Documents/projects/airflow_etl/airflow_env/lib/python3.8/site-packages/airflow/example_dags/example_branch_labels.py
[2023-09-14T17:31:10.408+0100] {processor.py:829} INFO - Processing file /home/joestar/Documents/projects/airflow_etl/airflow_env/lib/python3.8/site-packages/airflow/example_dags/example_branch_labels.py for tasks to queue
[2023-09-14T17:31:10.409+0100] {logging_mixin.py:151} INFO - [2023-09-14T17:31:10.409+0100] {dagbag.py:539} INFO - Filling up the DagBag from /home/joestar/Documents/projects/airflow_etl/airflow_env/lib/python3.8/site-packages/airflow/example_dags/example_branch_labels.py
[2023-09-14T17:31:10.418+0100] {processor.py:839} INFO - DAG(s) dict_keys(['example_branch_labels']) retrieved from /home/joestar/Documents/projects/airflow_etl/airflow_env/lib/python3.8/site-packages/airflow/example_dags/example_branch_labels.py
[2023-09-14T17:31:10.434+0100] {logging_mixin.py:151} INFO - [2023-09-14T17:31:10.434+0100] {dag.py:2915} INFO - Sync 1 DAGs
[2023-09-14T17:31:10.466+0100] {logging_mixin.py:151} INFO - [2023-09-14T17:31:10.466+0100] {dag.py:3696} INFO - Setting next_dagrun for example_branch_labels to 2023-09-13T00:00:00+00:00, run_after=2023-09-14T00:00:00+00:00
[2023-09-14T17:31:10.494+0100] {processor.py:179} INFO - Processing /home/joestar/Documents/projects/airflow_etl/airflow_env/lib/python3.8/site-packages/airflow/example_dags/example_branch_labels.py took 0.089 seconds
[2023-09-14T17:32:00.888+0100] {processor.py:157} INFO - Started process (PID=30652) to work on /home/joestar/Documents/projects/airflow_etl/airflow_env/lib/python3.8/site-packages/airflow/example_dags/example_branch_labels.py
[2023-09-14T17:32:00.889+0100] {processor.py:829} INFO - Processing file /home/joestar/Documents/projects/airflow_etl/airflow_env/lib/python3.8/site-packages/airflow/example_dags/example_branch_labels.py for tasks to queue
[2023-09-14T17:32:00.890+0100] {logging_mixin.py:151} INFO - [2023-09-14T17:32:00.890+0100] {dagbag.py:539} INFO - Filling up the DagBag from /home/joestar/Documents/projects/airflow_etl/airflow_env/lib/python3.8/site-packages/airflow/example_dags/example_branch_labels.py
[2023-09-14T17:32:00.899+0100] {processor.py:839} INFO - DAG(s) dict_keys(['example_branch_labels']) retrieved from /home/joestar/Documents/projects/airflow_etl/airflow_env/lib/python3.8/site-packages/airflow/example_dags/example_branch_labels.py
[2023-09-14T17:32:00.914+0100] {logging_mixin.py:151} INFO - [2023-09-14T17:32:00.914+0100] {dag.py:2915} INFO - Sync 1 DAGs
[2023-09-14T17:32:00.934+0100] {logging_mixin.py:151} INFO - [2023-09-14T17:32:00.934+0100] {dag.py:3696} INFO - Setting next_dagrun for example_branch_labels to 2023-09-13T00:00:00+00:00, run_after=2023-09-14T00:00:00+00:00
[2023-09-14T17:32:00.960+0100] {processor.py:179} INFO - Processing /home/joestar/Documents/projects/airflow_etl/airflow_env/lib/python3.8/site-packages/airflow/example_dags/example_branch_labels.py took 0.076 seconds
[2023-09-14T17:32:54.031+0100] {processor.py:157} INFO - Started process (PID=30870) to work on /home/joestar/Documents/projects/airflow_etl/airflow_env/lib/python3.8/site-packages/airflow/example_dags/example_branch_labels.py
[2023-09-14T17:32:54.032+0100] {processor.py:829} INFO - Processing file /home/joestar/Documents/projects/airflow_etl/airflow_env/lib/python3.8/site-packages/airflow/example_dags/example_branch_labels.py for tasks to queue
[2023-09-14T17:32:54.033+0100] {logging_mixin.py:151} INFO - [2023-09-14T17:32:54.033+0100] {dagbag.py:539} INFO - Filling up the DagBag from /home/joestar/Documents/projects/airflow_etl/airflow_env/lib/python3.8/site-packages/airflow/example_dags/example_branch_labels.py
[2023-09-14T17:32:54.040+0100] {processor.py:839} INFO - DAG(s) dict_keys(['example_branch_labels']) retrieved from /home/joestar/Documents/projects/airflow_etl/airflow_env/lib/python3.8/site-packages/airflow/example_dags/example_branch_labels.py
[2023-09-14T17:32:54.056+0100] {logging_mixin.py:151} INFO - [2023-09-14T17:32:54.056+0100] {dag.py:2915} INFO - Sync 1 DAGs
[2023-09-14T17:32:54.076+0100] {logging_mixin.py:151} INFO - [2023-09-14T17:32:54.076+0100] {dag.py:3696} INFO - Setting next_dagrun for example_branch_labels to 2023-09-13T00:00:00+00:00, run_after=2023-09-14T00:00:00+00:00
[2023-09-14T17:32:54.119+0100] {processor.py:179} INFO - Processing /home/joestar/Documents/projects/airflow_etl/airflow_env/lib/python3.8/site-packages/airflow/example_dags/example_branch_labels.py took 0.090 seconds
[2023-09-14T17:33:46.380+0100] {processor.py:157} INFO - Started process (PID=31110) to work on /home/joestar/Documents/projects/airflow_etl/airflow_env/lib/python3.8/site-packages/airflow/example_dags/example_branch_labels.py
[2023-09-14T17:33:46.382+0100] {processor.py:829} INFO - Processing file /home/joestar/Documents/projects/airflow_etl/airflow_env/lib/python3.8/site-packages/airflow/example_dags/example_branch_labels.py for tasks to queue
[2023-09-14T17:33:46.384+0100] {logging_mixin.py:151} INFO - [2023-09-14T17:33:46.383+0100] {dagbag.py:539} INFO - Filling up the DagBag from /home/joestar/Documents/projects/airflow_etl/airflow_env/lib/python3.8/site-packages/airflow/example_dags/example_branch_labels.py
[2023-09-14T17:33:46.396+0100] {processor.py:839} INFO - DAG(s) dict_keys(['example_branch_labels']) retrieved from /home/joestar/Documents/projects/airflow_etl/airflow_env/lib/python3.8/site-packages/airflow/example_dags/example_branch_labels.py
[2023-09-14T17:33:46.420+0100] {logging_mixin.py:151} INFO - [2023-09-14T17:33:46.420+0100] {dag.py:2915} INFO - Sync 1 DAGs
[2023-09-14T17:33:46.450+0100] {logging_mixin.py:151} INFO - [2023-09-14T17:33:46.450+0100] {dag.py:3696} INFO - Setting next_dagrun for example_branch_labels to 2023-09-13T00:00:00+00:00, run_after=2023-09-14T00:00:00+00:00
[2023-09-14T17:33:46.478+0100] {processor.py:179} INFO - Processing /home/joestar/Documents/projects/airflow_etl/airflow_env/lib/python3.8/site-packages/airflow/example_dags/example_branch_labels.py took 0.108 seconds
[2023-09-14T17:34:40.520+0100] {processor.py:157} INFO - Started process (PID=31367) to work on /home/joestar/Documents/projects/airflow_etl/airflow_env/lib/python3.8/site-packages/airflow/example_dags/example_branch_labels.py
[2023-09-14T17:34:40.521+0100] {processor.py:829} INFO - Processing file /home/joestar/Documents/projects/airflow_etl/airflow_env/lib/python3.8/site-packages/airflow/example_dags/example_branch_labels.py for tasks to queue
[2023-09-14T17:34:40.522+0100] {logging_mixin.py:151} INFO - [2023-09-14T17:34:40.522+0100] {dagbag.py:539} INFO - Filling up the DagBag from /home/joestar/Documents/projects/airflow_etl/airflow_env/lib/python3.8/site-packages/airflow/example_dags/example_branch_labels.py
[2023-09-14T17:34:40.532+0100] {processor.py:839} INFO - DAG(s) dict_keys(['example_branch_labels']) retrieved from /home/joestar/Documents/projects/airflow_etl/airflow_env/lib/python3.8/site-packages/airflow/example_dags/example_branch_labels.py
[2023-09-14T17:34:40.555+0100] {logging_mixin.py:151} INFO - [2023-09-14T17:34:40.555+0100] {dag.py:2915} INFO - Sync 1 DAGs
[2023-09-14T17:34:40.575+0100] {logging_mixin.py:151} INFO - [2023-09-14T17:34:40.574+0100] {dag.py:3696} INFO - Setting next_dagrun for example_branch_labels to 2023-09-13T00:00:00+00:00, run_after=2023-09-14T00:00:00+00:00
[2023-09-14T17:34:40.602+0100] {processor.py:179} INFO - Processing /home/joestar/Documents/projects/airflow_etl/airflow_env/lib/python3.8/site-packages/airflow/example_dags/example_branch_labels.py took 0.085 seconds
[2023-09-14T17:35:29.668+0100] {processor.py:157} INFO - Started process (PID=31604) to work on /home/joestar/Documents/projects/airflow_etl/airflow_env/lib/python3.8/site-packages/airflow/example_dags/example_branch_labels.py
[2023-09-14T17:35:29.669+0100] {processor.py:829} INFO - Processing file /home/joestar/Documents/projects/airflow_etl/airflow_env/lib/python3.8/site-packages/airflow/example_dags/example_branch_labels.py for tasks to queue
[2023-09-14T17:35:29.670+0100] {logging_mixin.py:151} INFO - [2023-09-14T17:35:29.670+0100] {dagbag.py:539} INFO - Filling up the DagBag from /home/joestar/Documents/projects/airflow_etl/airflow_env/lib/python3.8/site-packages/airflow/example_dags/example_branch_labels.py
[2023-09-14T17:35:29.680+0100] {processor.py:839} INFO - DAG(s) dict_keys(['example_branch_labels']) retrieved from /home/joestar/Documents/projects/airflow_etl/airflow_env/lib/python3.8/site-packages/airflow/example_dags/example_branch_labels.py
[2023-09-14T17:35:29.696+0100] {logging_mixin.py:151} INFO - [2023-09-14T17:35:29.696+0100] {dag.py:2915} INFO - Sync 1 DAGs
[2023-09-14T17:35:29.717+0100] {logging_mixin.py:151} INFO - [2023-09-14T17:35:29.717+0100] {dag.py:3696} INFO - Setting next_dagrun for example_branch_labels to 2023-09-13T00:00:00+00:00, run_after=2023-09-14T00:00:00+00:00
[2023-09-14T17:35:29.741+0100] {processor.py:179} INFO - Processing /home/joestar/Documents/projects/airflow_etl/airflow_env/lib/python3.8/site-packages/airflow/example_dags/example_branch_labels.py took 0.076 seconds
[2023-09-14T17:36:22.355+0100] {processor.py:157} INFO - Started process (PID=31845) to work on /home/joestar/Documents/projects/airflow_etl/airflow_env/lib/python3.8/site-packages/airflow/example_dags/example_branch_labels.py
[2023-09-14T17:36:22.356+0100] {processor.py:829} INFO - Processing file /home/joestar/Documents/projects/airflow_etl/airflow_env/lib/python3.8/site-packages/airflow/example_dags/example_branch_labels.py for tasks to queue
[2023-09-14T17:36:22.357+0100] {logging_mixin.py:151} INFO - [2023-09-14T17:36:22.357+0100] {dagbag.py:539} INFO - Filling up the DagBag from /home/joestar/Documents/projects/airflow_etl/airflow_env/lib/python3.8/site-packages/airflow/example_dags/example_branch_labels.py
[2023-09-14T17:36:22.365+0100] {processor.py:839} INFO - DAG(s) dict_keys(['example_branch_labels']) retrieved from /home/joestar/Documents/projects/airflow_etl/airflow_env/lib/python3.8/site-packages/airflow/example_dags/example_branch_labels.py
[2023-09-14T17:36:22.392+0100] {logging_mixin.py:151} INFO - [2023-09-14T17:36:22.391+0100] {dag.py:2915} INFO - Sync 1 DAGs
[2023-09-14T17:36:22.422+0100] {logging_mixin.py:151} INFO - [2023-09-14T17:36:22.422+0100] {dag.py:3696} INFO - Setting next_dagrun for example_branch_labels to 2023-09-13T00:00:00+00:00, run_after=2023-09-14T00:00:00+00:00
[2023-09-14T17:36:22.451+0100] {processor.py:179} INFO - Processing /home/joestar/Documents/projects/airflow_etl/airflow_env/lib/python3.8/site-packages/airflow/example_dags/example_branch_labels.py took 0.098 seconds
[2023-09-14T17:37:15.604+0100] {processor.py:157} INFO - Started process (PID=32089) to work on /home/joestar/Documents/projects/airflow_etl/airflow_env/lib/python3.8/site-packages/airflow/example_dags/example_branch_labels.py
[2023-09-14T17:37:15.605+0100] {processor.py:829} INFO - Processing file /home/joestar/Documents/projects/airflow_etl/airflow_env/lib/python3.8/site-packages/airflow/example_dags/example_branch_labels.py for tasks to queue
[2023-09-14T17:37:15.606+0100] {logging_mixin.py:151} INFO - [2023-09-14T17:37:15.605+0100] {dagbag.py:539} INFO - Filling up the DagBag from /home/joestar/Documents/projects/airflow_etl/airflow_env/lib/python3.8/site-packages/airflow/example_dags/example_branch_labels.py
[2023-09-14T17:37:15.614+0100] {processor.py:839} INFO - DAG(s) dict_keys(['example_branch_labels']) retrieved from /home/joestar/Documents/projects/airflow_etl/airflow_env/lib/python3.8/site-packages/airflow/example_dags/example_branch_labels.py
[2023-09-14T17:37:15.631+0100] {logging_mixin.py:151} INFO - [2023-09-14T17:37:15.631+0100] {dag.py:2915} INFO - Sync 1 DAGs
[2023-09-14T17:37:15.655+0100] {logging_mixin.py:151} INFO - [2023-09-14T17:37:15.655+0100] {dag.py:3696} INFO - Setting next_dagrun for example_branch_labels to 2023-09-13T00:00:00+00:00, run_after=2023-09-14T00:00:00+00:00
[2023-09-14T17:37:15.686+0100] {processor.py:179} INFO - Processing /home/joestar/Documents/projects/airflow_etl/airflow_env/lib/python3.8/site-packages/airflow/example_dags/example_branch_labels.py took 0.085 seconds
[2023-09-14T17:38:12.245+0100] {processor.py:157} INFO - Started process (PID=32502) to work on /home/joestar/Documents/projects/airflow_etl/airflow_env/lib/python3.8/site-packages/airflow/example_dags/example_branch_labels.py
[2023-09-14T17:38:12.246+0100] {processor.py:829} INFO - Processing file /home/joestar/Documents/projects/airflow_etl/airflow_env/lib/python3.8/site-packages/airflow/example_dags/example_branch_labels.py for tasks to queue
[2023-09-14T17:38:12.247+0100] {logging_mixin.py:151} INFO - [2023-09-14T17:38:12.247+0100] {dagbag.py:539} INFO - Filling up the DagBag from /home/joestar/Documents/projects/airflow_etl/airflow_env/lib/python3.8/site-packages/airflow/example_dags/example_branch_labels.py
[2023-09-14T17:38:12.259+0100] {processor.py:839} INFO - DAG(s) dict_keys(['example_branch_labels']) retrieved from /home/joestar/Documents/projects/airflow_etl/airflow_env/lib/python3.8/site-packages/airflow/example_dags/example_branch_labels.py
[2023-09-14T17:38:12.295+0100] {logging_mixin.py:151} INFO - [2023-09-14T17:38:12.294+0100] {dag.py:2915} INFO - Sync 1 DAGs
[2023-09-14T17:38:12.327+0100] {logging_mixin.py:151} INFO - [2023-09-14T17:38:12.326+0100] {dag.py:3696} INFO - Setting next_dagrun for example_branch_labels to 2023-09-13T00:00:00+00:00, run_after=2023-09-14T00:00:00+00:00
[2023-09-14T17:38:12.362+0100] {processor.py:179} INFO - Processing /home/joestar/Documents/projects/airflow_etl/airflow_env/lib/python3.8/site-packages/airflow/example_dags/example_branch_labels.py took 0.122 seconds
[2023-09-14T17:39:17.656+0100] {processor.py:157} INFO - Started process (PID=32978) to work on /home/joestar/Documents/projects/airflow_etl/airflow_env/lib/python3.8/site-packages/airflow/example_dags/example_branch_labels.py
[2023-09-14T17:39:17.657+0100] {processor.py:829} INFO - Processing file /home/joestar/Documents/projects/airflow_etl/airflow_env/lib/python3.8/site-packages/airflow/example_dags/example_branch_labels.py for tasks to queue
[2023-09-14T17:39:17.658+0100] {logging_mixin.py:151} INFO - [2023-09-14T17:39:17.658+0100] {dagbag.py:539} INFO - Filling up the DagBag from /home/joestar/Documents/projects/airflow_etl/airflow_env/lib/python3.8/site-packages/airflow/example_dags/example_branch_labels.py
[2023-09-14T17:39:17.666+0100] {processor.py:839} INFO - DAG(s) dict_keys(['example_branch_labels']) retrieved from /home/joestar/Documents/projects/airflow_etl/airflow_env/lib/python3.8/site-packages/airflow/example_dags/example_branch_labels.py
[2023-09-14T17:39:17.682+0100] {logging_mixin.py:151} INFO - [2023-09-14T17:39:17.682+0100] {dag.py:2915} INFO - Sync 1 DAGs
[2023-09-14T17:39:17.702+0100] {logging_mixin.py:151} INFO - [2023-09-14T17:39:17.701+0100] {dag.py:3696} INFO - Setting next_dagrun for example_branch_labels to 2023-09-13T00:00:00+00:00, run_after=2023-09-14T00:00:00+00:00
[2023-09-14T17:39:17.724+0100] {processor.py:179} INFO - Processing /home/joestar/Documents/projects/airflow_etl/airflow_env/lib/python3.8/site-packages/airflow/example_dags/example_branch_labels.py took 0.071 seconds
[2023-09-14T17:40:04.748+0100] {processor.py:157} INFO - Started process (PID=33272) to work on /home/joestar/Documents/projects/airflow_etl/airflow_env/lib/python3.8/site-packages/airflow/example_dags/example_branch_labels.py
[2023-09-14T17:40:04.749+0100] {processor.py:829} INFO - Processing file /home/joestar/Documents/projects/airflow_etl/airflow_env/lib/python3.8/site-packages/airflow/example_dags/example_branch_labels.py for tasks to queue
[2023-09-14T17:40:04.750+0100] {logging_mixin.py:151} INFO - [2023-09-14T17:40:04.749+0100] {dagbag.py:539} INFO - Filling up the DagBag from /home/joestar/Documents/projects/airflow_etl/airflow_env/lib/python3.8/site-packages/airflow/example_dags/example_branch_labels.py
[2023-09-14T17:40:04.757+0100] {processor.py:839} INFO - DAG(s) dict_keys(['example_branch_labels']) retrieved from /home/joestar/Documents/projects/airflow_etl/airflow_env/lib/python3.8/site-packages/airflow/example_dags/example_branch_labels.py
[2023-09-14T17:40:04.775+0100] {logging_mixin.py:151} INFO - [2023-09-14T17:40:04.775+0100] {dag.py:2915} INFO - Sync 1 DAGs
[2023-09-14T17:40:04.798+0100] {logging_mixin.py:151} INFO - [2023-09-14T17:40:04.798+0100] {dag.py:3696} INFO - Setting next_dagrun for example_branch_labels to 2023-09-13T00:00:00+00:00, run_after=2023-09-14T00:00:00+00:00
[2023-09-14T17:40:04.828+0100] {processor.py:179} INFO - Processing /home/joestar/Documents/projects/airflow_etl/airflow_env/lib/python3.8/site-packages/airflow/example_dags/example_branch_labels.py took 0.083 seconds
[2023-09-14T17:41:01.228+0100] {processor.py:157} INFO - Started process (PID=33623) to work on /home/joestar/Documents/projects/airflow_etl/airflow_env/lib/python3.8/site-packages/airflow/example_dags/example_branch_labels.py
[2023-09-14T17:41:01.230+0100] {processor.py:829} INFO - Processing file /home/joestar/Documents/projects/airflow_etl/airflow_env/lib/python3.8/site-packages/airflow/example_dags/example_branch_labels.py for tasks to queue
[2023-09-14T17:41:01.232+0100] {logging_mixin.py:151} INFO - [2023-09-14T17:41:01.231+0100] {dagbag.py:539} INFO - Filling up the DagBag from /home/joestar/Documents/projects/airflow_etl/airflow_env/lib/python3.8/site-packages/airflow/example_dags/example_branch_labels.py
[2023-09-14T17:41:01.250+0100] {processor.py:839} INFO - DAG(s) dict_keys(['example_branch_labels']) retrieved from /home/joestar/Documents/projects/airflow_etl/airflow_env/lib/python3.8/site-packages/airflow/example_dags/example_branch_labels.py
[2023-09-14T17:41:01.276+0100] {logging_mixin.py:151} INFO - [2023-09-14T17:41:01.275+0100] {dag.py:2915} INFO - Sync 1 DAGs
[2023-09-14T17:41:01.303+0100] {logging_mixin.py:151} INFO - [2023-09-14T17:41:01.303+0100] {dag.py:3696} INFO - Setting next_dagrun for example_branch_labels to 2023-09-13T00:00:00+00:00, run_after=2023-09-14T00:00:00+00:00
[2023-09-14T17:41:01.331+0100] {processor.py:179} INFO - Processing /home/joestar/Documents/projects/airflow_etl/airflow_env/lib/python3.8/site-packages/airflow/example_dags/example_branch_labels.py took 0.108 seconds
[2023-09-14T17:41:56.438+0100] {processor.py:157} INFO - Started process (PID=33974) to work on /home/joestar/Documents/projects/airflow_etl/airflow_env/lib/python3.8/site-packages/airflow/example_dags/example_branch_labels.py
[2023-09-14T17:41:56.440+0100] {processor.py:829} INFO - Processing file /home/joestar/Documents/projects/airflow_etl/airflow_env/lib/python3.8/site-packages/airflow/example_dags/example_branch_labels.py for tasks to queue
[2023-09-14T17:41:56.442+0100] {logging_mixin.py:151} INFO - [2023-09-14T17:41:56.441+0100] {dagbag.py:539} INFO - Filling up the DagBag from /home/joestar/Documents/projects/airflow_etl/airflow_env/lib/python3.8/site-packages/airflow/example_dags/example_branch_labels.py
[2023-09-14T17:41:56.470+0100] {processor.py:839} INFO - DAG(s) dict_keys(['example_branch_labels']) retrieved from /home/joestar/Documents/projects/airflow_etl/airflow_env/lib/python3.8/site-packages/airflow/example_dags/example_branch_labels.py
[2023-09-14T17:41:56.546+0100] {logging_mixin.py:151} INFO - [2023-09-14T17:41:56.546+0100] {dag.py:2915} INFO - Sync 1 DAGs
[2023-09-14T17:41:56.586+0100] {logging_mixin.py:151} INFO - [2023-09-14T17:41:56.586+0100] {dag.py:3696} INFO - Setting next_dagrun for example_branch_labels to 2023-09-13T00:00:00+00:00, run_after=2023-09-14T00:00:00+00:00
[2023-09-14T17:41:56.620+0100] {processor.py:179} INFO - Processing /home/joestar/Documents/projects/airflow_etl/airflow_env/lib/python3.8/site-packages/airflow/example_dags/example_branch_labels.py took 0.193 seconds
[2023-09-14T17:42:57.937+0100] {processor.py:157} INFO - Started process (PID=34244) to work on /home/joestar/Documents/projects/airflow_etl/airflow_env/lib/python3.8/site-packages/airflow/example_dags/example_branch_labels.py
[2023-09-14T17:42:57.938+0100] {processor.py:829} INFO - Processing file /home/joestar/Documents/projects/airflow_etl/airflow_env/lib/python3.8/site-packages/airflow/example_dags/example_branch_labels.py for tasks to queue
[2023-09-14T17:42:57.940+0100] {logging_mixin.py:151} INFO - [2023-09-14T17:42:57.939+0100] {dagbag.py:539} INFO - Filling up the DagBag from /home/joestar/Documents/projects/airflow_etl/airflow_env/lib/python3.8/site-packages/airflow/example_dags/example_branch_labels.py
[2023-09-14T17:42:57.952+0100] {processor.py:839} INFO - DAG(s) dict_keys(['example_branch_labels']) retrieved from /home/joestar/Documents/projects/airflow_etl/airflow_env/lib/python3.8/site-packages/airflow/example_dags/example_branch_labels.py
[2023-09-14T17:42:57.979+0100] {logging_mixin.py:151} INFO - [2023-09-14T17:42:57.979+0100] {dag.py:2915} INFO - Sync 1 DAGs
[2023-09-14T17:42:58.014+0100] {logging_mixin.py:151} INFO - [2023-09-14T17:42:58.014+0100] {dag.py:3696} INFO - Setting next_dagrun for example_branch_labels to 2023-09-13T00:00:00+00:00, run_after=2023-09-14T00:00:00+00:00
[2023-09-14T17:42:58.045+0100] {processor.py:179} INFO - Processing /home/joestar/Documents/projects/airflow_etl/airflow_env/lib/python3.8/site-packages/airflow/example_dags/example_branch_labels.py took 0.112 seconds
[2023-09-14T17:43:54.839+0100] {processor.py:157} INFO - Started process (PID=34516) to work on /home/joestar/Documents/projects/airflow_etl/airflow_env/lib/python3.8/site-packages/airflow/example_dags/example_branch_labels.py
[2023-09-14T17:43:54.840+0100] {processor.py:829} INFO - Processing file /home/joestar/Documents/projects/airflow_etl/airflow_env/lib/python3.8/site-packages/airflow/example_dags/example_branch_labels.py for tasks to queue
[2023-09-14T17:43:54.841+0100] {logging_mixin.py:151} INFO - [2023-09-14T17:43:54.841+0100] {dagbag.py:539} INFO - Filling up the DagBag from /home/joestar/Documents/projects/airflow_etl/airflow_env/lib/python3.8/site-packages/airflow/example_dags/example_branch_labels.py
[2023-09-14T17:43:54.850+0100] {processor.py:839} INFO - DAG(s) dict_keys(['example_branch_labels']) retrieved from /home/joestar/Documents/projects/airflow_etl/airflow_env/lib/python3.8/site-packages/airflow/example_dags/example_branch_labels.py
[2023-09-14T17:43:54.866+0100] {logging_mixin.py:151} INFO - [2023-09-14T17:43:54.866+0100] {dag.py:2915} INFO - Sync 1 DAGs
[2023-09-14T17:43:54.887+0100] {logging_mixin.py:151} INFO - [2023-09-14T17:43:54.887+0100] {dag.py:3696} INFO - Setting next_dagrun for example_branch_labels to 2023-09-13T00:00:00+00:00, run_after=2023-09-14T00:00:00+00:00
[2023-09-14T17:43:54.911+0100] {processor.py:179} INFO - Processing /home/joestar/Documents/projects/airflow_etl/airflow_env/lib/python3.8/site-packages/airflow/example_dags/example_branch_labels.py took 0.075 seconds
[2023-09-14T17:44:39.644+0100] {processor.py:157} INFO - Started process (PID=34745) to work on /home/joestar/Documents/projects/airflow_etl/airflow_env/lib/python3.8/site-packages/airflow/example_dags/example_branch_labels.py
[2023-09-14T17:44:39.645+0100] {processor.py:829} INFO - Processing file /home/joestar/Documents/projects/airflow_etl/airflow_env/lib/python3.8/site-packages/airflow/example_dags/example_branch_labels.py for tasks to queue
[2023-09-14T17:44:39.646+0100] {logging_mixin.py:151} INFO - [2023-09-14T17:44:39.645+0100] {dagbag.py:539} INFO - Filling up the DagBag from /home/joestar/Documents/projects/airflow_etl/airflow_env/lib/python3.8/site-packages/airflow/example_dags/example_branch_labels.py
[2023-09-14T17:44:39.655+0100] {processor.py:839} INFO - DAG(s) dict_keys(['example_branch_labels']) retrieved from /home/joestar/Documents/projects/airflow_etl/airflow_env/lib/python3.8/site-packages/airflow/example_dags/example_branch_labels.py
[2023-09-14T17:44:39.675+0100] {logging_mixin.py:151} INFO - [2023-09-14T17:44:39.674+0100] {dag.py:2915} INFO - Sync 1 DAGs
[2023-09-14T17:44:39.695+0100] {logging_mixin.py:151} INFO - [2023-09-14T17:44:39.695+0100] {dag.py:3696} INFO - Setting next_dagrun for example_branch_labels to 2023-09-13T00:00:00+00:00, run_after=2023-09-14T00:00:00+00:00
[2023-09-14T17:44:39.723+0100] {processor.py:179} INFO - Processing /home/joestar/Documents/projects/airflow_etl/airflow_env/lib/python3.8/site-packages/airflow/example_dags/example_branch_labels.py took 0.083 seconds
[2023-09-14T17:45:39.957+0100] {processor.py:157} INFO - Started process (PID=34989) to work on /home/joestar/Documents/projects/airflow_etl/airflow_env/lib/python3.8/site-packages/airflow/example_dags/example_branch_labels.py
[2023-09-14T17:45:39.958+0100] {processor.py:829} INFO - Processing file /home/joestar/Documents/projects/airflow_etl/airflow_env/lib/python3.8/site-packages/airflow/example_dags/example_branch_labels.py for tasks to queue
[2023-09-14T17:45:39.959+0100] {logging_mixin.py:151} INFO - [2023-09-14T17:45:39.959+0100] {dagbag.py:539} INFO - Filling up the DagBag from /home/joestar/Documents/projects/airflow_etl/airflow_env/lib/python3.8/site-packages/airflow/example_dags/example_branch_labels.py
[2023-09-14T17:45:39.970+0100] {processor.py:839} INFO - DAG(s) dict_keys(['example_branch_labels']) retrieved from /home/joestar/Documents/projects/airflow_etl/airflow_env/lib/python3.8/site-packages/airflow/example_dags/example_branch_labels.py
[2023-09-14T17:45:39.991+0100] {logging_mixin.py:151} INFO - [2023-09-14T17:45:39.991+0100] {dag.py:2915} INFO - Sync 1 DAGs
[2023-09-14T17:45:40.017+0100] {logging_mixin.py:151} INFO - [2023-09-14T17:45:40.017+0100] {dag.py:3696} INFO - Setting next_dagrun for example_branch_labels to 2023-09-13T00:00:00+00:00, run_after=2023-09-14T00:00:00+00:00
[2023-09-14T17:45:40.046+0100] {processor.py:179} INFO - Processing /home/joestar/Documents/projects/airflow_etl/airflow_env/lib/python3.8/site-packages/airflow/example_dags/example_branch_labels.py took 0.092 seconds
[2023-09-14T17:46:42.674+0100] {processor.py:157} INFO - Started process (PID=35264) to work on /home/joestar/Documents/projects/airflow_etl/airflow_env/lib/python3.8/site-packages/airflow/example_dags/example_branch_labels.py
[2023-09-14T17:46:42.676+0100] {processor.py:829} INFO - Processing file /home/joestar/Documents/projects/airflow_etl/airflow_env/lib/python3.8/site-packages/airflow/example_dags/example_branch_labels.py for tasks to queue
[2023-09-14T17:46:42.677+0100] {logging_mixin.py:151} INFO - [2023-09-14T17:46:42.677+0100] {dagbag.py:539} INFO - Filling up the DagBag from /home/joestar/Documents/projects/airflow_etl/airflow_env/lib/python3.8/site-packages/airflow/example_dags/example_branch_labels.py
[2023-09-14T17:46:42.691+0100] {processor.py:839} INFO - DAG(s) dict_keys(['example_branch_labels']) retrieved from /home/joestar/Documents/projects/airflow_etl/airflow_env/lib/python3.8/site-packages/airflow/example_dags/example_branch_labels.py
[2023-09-14T17:46:42.719+0100] {logging_mixin.py:151} INFO - [2023-09-14T17:46:42.719+0100] {dag.py:2915} INFO - Sync 1 DAGs
[2023-09-14T17:46:42.756+0100] {logging_mixin.py:151} INFO - [2023-09-14T17:46:42.756+0100] {dag.py:3696} INFO - Setting next_dagrun for example_branch_labels to 2023-09-13T00:00:00+00:00, run_after=2023-09-14T00:00:00+00:00
[2023-09-14T17:46:42.803+0100] {processor.py:179} INFO - Processing /home/joestar/Documents/projects/airflow_etl/airflow_env/lib/python3.8/site-packages/airflow/example_dags/example_branch_labels.py took 0.133 seconds
[2023-09-14T17:47:36.067+0100] {processor.py:157} INFO - Started process (PID=35484) to work on /home/joestar/Documents/projects/airflow_etl/airflow_env/lib/python3.8/site-packages/airflow/example_dags/example_branch_labels.py
[2023-09-14T17:47:36.069+0100] {processor.py:829} INFO - Processing file /home/joestar/Documents/projects/airflow_etl/airflow_env/lib/python3.8/site-packages/airflow/example_dags/example_branch_labels.py for tasks to queue
[2023-09-14T17:47:36.070+0100] {logging_mixin.py:151} INFO - [2023-09-14T17:47:36.069+0100] {dagbag.py:539} INFO - Filling up the DagBag from /home/joestar/Documents/projects/airflow_etl/airflow_env/lib/python3.8/site-packages/airflow/example_dags/example_branch_labels.py
[2023-09-14T17:47:36.083+0100] {processor.py:839} INFO - DAG(s) dict_keys(['example_branch_labels']) retrieved from /home/joestar/Documents/projects/airflow_etl/airflow_env/lib/python3.8/site-packages/airflow/example_dags/example_branch_labels.py
[2023-09-14T17:47:36.103+0100] {logging_mixin.py:151} INFO - [2023-09-14T17:47:36.103+0100] {dag.py:2915} INFO - Sync 1 DAGs
[2023-09-14T17:47:36.134+0100] {logging_mixin.py:151} INFO - [2023-09-14T17:47:36.133+0100] {dag.py:3696} INFO - Setting next_dagrun for example_branch_labels to 2023-09-13T00:00:00+00:00, run_after=2023-09-14T00:00:00+00:00
[2023-09-14T17:47:36.165+0100] {processor.py:179} INFO - Processing /home/joestar/Documents/projects/airflow_etl/airflow_env/lib/python3.8/site-packages/airflow/example_dags/example_branch_labels.py took 0.103 seconds
[2023-09-14T17:48:54.620+0100] {processor.py:157} INFO - Started process (PID=35790) to work on /home/joestar/Documents/projects/airflow_etl/airflow_env/lib/python3.8/site-packages/airflow/example_dags/example_branch_labels.py
[2023-09-14T17:48:54.621+0100] {processor.py:829} INFO - Processing file /home/joestar/Documents/projects/airflow_etl/airflow_env/lib/python3.8/site-packages/airflow/example_dags/example_branch_labels.py for tasks to queue
[2023-09-14T17:48:54.623+0100] {logging_mixin.py:151} INFO - [2023-09-14T17:48:54.622+0100] {dagbag.py:539} INFO - Filling up the DagBag from /home/joestar/Documents/projects/airflow_etl/airflow_env/lib/python3.8/site-packages/airflow/example_dags/example_branch_labels.py
[2023-09-14T17:48:54.634+0100] {processor.py:839} INFO - DAG(s) dict_keys(['example_branch_labels']) retrieved from /home/joestar/Documents/projects/airflow_etl/airflow_env/lib/python3.8/site-packages/airflow/example_dags/example_branch_labels.py
[2023-09-14T17:48:54.653+0100] {logging_mixin.py:151} INFO - [2023-09-14T17:48:54.653+0100] {dag.py:2915} INFO - Sync 1 DAGs
[2023-09-14T17:48:54.686+0100] {logging_mixin.py:151} INFO - [2023-09-14T17:48:54.685+0100] {dag.py:3696} INFO - Setting next_dagrun for example_branch_labels to 2023-09-13T00:00:00+00:00, run_after=2023-09-14T00:00:00+00:00
[2023-09-14T17:48:54.715+0100] {processor.py:179} INFO - Processing /home/joestar/Documents/projects/airflow_etl/airflow_env/lib/python3.8/site-packages/airflow/example_dags/example_branch_labels.py took 0.098 seconds
[2023-09-14T17:49:45.628+0100] {processor.py:157} INFO - Started process (PID=35992) to work on /home/joestar/Documents/projects/airflow_etl/airflow_env/lib/python3.8/site-packages/airflow/example_dags/example_branch_labels.py
[2023-09-14T17:49:45.632+0100] {processor.py:829} INFO - Processing file /home/joestar/Documents/projects/airflow_etl/airflow_env/lib/python3.8/site-packages/airflow/example_dags/example_branch_labels.py for tasks to queue
[2023-09-14T17:49:45.634+0100] {logging_mixin.py:151} INFO - [2023-09-14T17:49:45.633+0100] {dagbag.py:539} INFO - Filling up the DagBag from /home/joestar/Documents/projects/airflow_etl/airflow_env/lib/python3.8/site-packages/airflow/example_dags/example_branch_labels.py
[2023-09-14T17:49:45.650+0100] {processor.py:839} INFO - DAG(s) dict_keys(['example_branch_labels']) retrieved from /home/joestar/Documents/projects/airflow_etl/airflow_env/lib/python3.8/site-packages/airflow/example_dags/example_branch_labels.py
[2023-09-14T17:49:45.685+0100] {logging_mixin.py:151} INFO - [2023-09-14T17:49:45.684+0100] {dag.py:2915} INFO - Sync 1 DAGs
[2023-09-14T17:49:45.737+0100] {logging_mixin.py:151} INFO - [2023-09-14T17:49:45.736+0100] {dag.py:3696} INFO - Setting next_dagrun for example_branch_labels to 2023-09-13T00:00:00+00:00, run_after=2023-09-14T00:00:00+00:00
[2023-09-14T17:49:45.793+0100] {processor.py:179} INFO - Processing /home/joestar/Documents/projects/airflow_etl/airflow_env/lib/python3.8/site-packages/airflow/example_dags/example_branch_labels.py took 0.169 seconds
[2023-09-14T17:50:35.798+0100] {processor.py:157} INFO - Started process (PID=36234) to work on /home/joestar/Documents/projects/airflow_etl/airflow_env/lib/python3.8/site-packages/airflow/example_dags/example_branch_labels.py
[2023-09-14T17:50:35.800+0100] {processor.py:829} INFO - Processing file /home/joestar/Documents/projects/airflow_etl/airflow_env/lib/python3.8/site-packages/airflow/example_dags/example_branch_labels.py for tasks to queue
[2023-09-14T17:50:35.802+0100] {logging_mixin.py:151} INFO - [2023-09-14T17:50:35.801+0100] {dagbag.py:539} INFO - Filling up the DagBag from /home/joestar/Documents/projects/airflow_etl/airflow_env/lib/python3.8/site-packages/airflow/example_dags/example_branch_labels.py
[2023-09-14T17:50:35.816+0100] {processor.py:839} INFO - DAG(s) dict_keys(['example_branch_labels']) retrieved from /home/joestar/Documents/projects/airflow_etl/airflow_env/lib/python3.8/site-packages/airflow/example_dags/example_branch_labels.py
[2023-09-14T17:50:35.836+0100] {logging_mixin.py:151} INFO - [2023-09-14T17:50:35.836+0100] {dag.py:2915} INFO - Sync 1 DAGs
[2023-09-14T17:50:35.863+0100] {logging_mixin.py:151} INFO - [2023-09-14T17:50:35.863+0100] {dag.py:3696} INFO - Setting next_dagrun for example_branch_labels to 2023-09-13T00:00:00+00:00, run_after=2023-09-14T00:00:00+00:00
[2023-09-14T17:50:35.890+0100] {processor.py:179} INFO - Processing /home/joestar/Documents/projects/airflow_etl/airflow_env/lib/python3.8/site-packages/airflow/example_dags/example_branch_labels.py took 0.095 seconds
[2023-09-14T17:51:34.106+0100] {processor.py:157} INFO - Started process (PID=36500) to work on /home/joestar/Documents/projects/airflow_etl/airflow_env/lib/python3.8/site-packages/airflow/example_dags/example_branch_labels.py
[2023-09-14T17:51:34.108+0100] {processor.py:829} INFO - Processing file /home/joestar/Documents/projects/airflow_etl/airflow_env/lib/python3.8/site-packages/airflow/example_dags/example_branch_labels.py for tasks to queue
[2023-09-14T17:51:34.108+0100] {logging_mixin.py:151} INFO - [2023-09-14T17:51:34.108+0100] {dagbag.py:539} INFO - Filling up the DagBag from /home/joestar/Documents/projects/airflow_etl/airflow_env/lib/python3.8/site-packages/airflow/example_dags/example_branch_labels.py
[2023-09-14T17:51:34.116+0100] {processor.py:839} INFO - DAG(s) dict_keys(['example_branch_labels']) retrieved from /home/joestar/Documents/projects/airflow_etl/airflow_env/lib/python3.8/site-packages/airflow/example_dags/example_branch_labels.py
[2023-09-14T17:51:34.132+0100] {logging_mixin.py:151} INFO - [2023-09-14T17:51:34.132+0100] {dag.py:2915} INFO - Sync 1 DAGs
[2023-09-14T17:51:34.154+0100] {logging_mixin.py:151} INFO - [2023-09-14T17:51:34.154+0100] {dag.py:3696} INFO - Setting next_dagrun for example_branch_labels to 2023-09-13T00:00:00+00:00, run_after=2023-09-14T00:00:00+00:00
[2023-09-14T17:51:34.179+0100] {processor.py:179} INFO - Processing /home/joestar/Documents/projects/airflow_etl/airflow_env/lib/python3.8/site-packages/airflow/example_dags/example_branch_labels.py took 0.075 seconds
[2023-09-14T17:52:30.314+0100] {processor.py:157} INFO - Started process (PID=36748) to work on /home/joestar/Documents/projects/airflow_etl/airflow_env/lib/python3.8/site-packages/airflow/example_dags/example_branch_labels.py
[2023-09-14T17:52:30.315+0100] {processor.py:829} INFO - Processing file /home/joestar/Documents/projects/airflow_etl/airflow_env/lib/python3.8/site-packages/airflow/example_dags/example_branch_labels.py for tasks to queue
[2023-09-14T17:52:30.316+0100] {logging_mixin.py:151} INFO - [2023-09-14T17:52:30.316+0100] {dagbag.py:539} INFO - Filling up the DagBag from /home/joestar/Documents/projects/airflow_etl/airflow_env/lib/python3.8/site-packages/airflow/example_dags/example_branch_labels.py
[2023-09-14T17:52:30.325+0100] {processor.py:839} INFO - DAG(s) dict_keys(['example_branch_labels']) retrieved from /home/joestar/Documents/projects/airflow_etl/airflow_env/lib/python3.8/site-packages/airflow/example_dags/example_branch_labels.py
[2023-09-14T17:52:30.345+0100] {logging_mixin.py:151} INFO - [2023-09-14T17:52:30.344+0100] {dag.py:2915} INFO - Sync 1 DAGs
[2023-09-14T17:52:30.371+0100] {logging_mixin.py:151} INFO - [2023-09-14T17:52:30.371+0100] {dag.py:3696} INFO - Setting next_dagrun for example_branch_labels to 2023-09-13T00:00:00+00:00, run_after=2023-09-14T00:00:00+00:00
[2023-09-14T17:52:30.398+0100] {processor.py:179} INFO - Processing /home/joestar/Documents/projects/airflow_etl/airflow_env/lib/python3.8/site-packages/airflow/example_dags/example_branch_labels.py took 0.088 seconds
[2023-09-14T17:55:32.541+0100] {processor.py:157} INFO - Started process (PID=37784) to work on /home/joestar/Documents/projects/airflow_etl/airflow_env/lib/python3.8/site-packages/airflow/example_dags/example_branch_labels.py
[2023-09-14T17:55:32.541+0100] {processor.py:829} INFO - Processing file /home/joestar/Documents/projects/airflow_etl/airflow_env/lib/python3.8/site-packages/airflow/example_dags/example_branch_labels.py for tasks to queue
[2023-09-14T17:55:32.542+0100] {logging_mixin.py:151} INFO - [2023-09-14T17:55:32.542+0100] {dagbag.py:539} INFO - Filling up the DagBag from /home/joestar/Documents/projects/airflow_etl/airflow_env/lib/python3.8/site-packages/airflow/example_dags/example_branch_labels.py
[2023-09-14T17:55:32.550+0100] {processor.py:839} INFO - DAG(s) dict_keys(['example_branch_labels']) retrieved from /home/joestar/Documents/projects/airflow_etl/airflow_env/lib/python3.8/site-packages/airflow/example_dags/example_branch_labels.py
[2023-09-14T17:55:32.567+0100] {logging_mixin.py:151} INFO - [2023-09-14T17:55:32.567+0100] {dag.py:2915} INFO - Sync 1 DAGs
[2023-09-14T17:55:32.592+0100] {logging_mixin.py:151} INFO - [2023-09-14T17:55:32.592+0100] {dag.py:3696} INFO - Setting next_dagrun for example_branch_labels to 2023-09-13T00:00:00+00:00, run_after=2023-09-14T00:00:00+00:00
[2023-09-14T17:55:32.629+0100] {processor.py:179} INFO - Processing /home/joestar/Documents/projects/airflow_etl/airflow_env/lib/python3.8/site-packages/airflow/example_dags/example_branch_labels.py took 0.091 seconds
[2023-09-14T18:03:17.786+0100] {processor.py:157} INFO - Started process (PID=38788) to work on /home/joestar/Documents/projects/airflow_etl/airflow_env/lib/python3.8/site-packages/airflow/example_dags/example_branch_labels.py
[2023-09-14T18:03:17.793+0100] {processor.py:829} INFO - Processing file /home/joestar/Documents/projects/airflow_etl/airflow_env/lib/python3.8/site-packages/airflow/example_dags/example_branch_labels.py for tasks to queue
[2023-09-14T18:03:17.798+0100] {logging_mixin.py:151} INFO - [2023-09-14T18:03:17.797+0100] {dagbag.py:539} INFO - Filling up the DagBag from /home/joestar/Documents/projects/airflow_etl/airflow_env/lib/python3.8/site-packages/airflow/example_dags/example_branch_labels.py
[2023-09-14T18:03:17.813+0100] {processor.py:839} INFO - DAG(s) dict_keys(['example_branch_labels']) retrieved from /home/joestar/Documents/projects/airflow_etl/airflow_env/lib/python3.8/site-packages/airflow/example_dags/example_branch_labels.py
[2023-09-14T18:03:17.889+0100] {logging_mixin.py:151} INFO - [2023-09-14T18:03:17.888+0100] {dag.py:2915} INFO - Sync 1 DAGs
[2023-09-14T18:03:17.932+0100] {logging_mixin.py:151} INFO - [2023-09-14T18:03:17.932+0100] {dag.py:3696} INFO - Setting next_dagrun for example_branch_labels to 2023-09-13T00:00:00+00:00, run_after=2023-09-14T00:00:00+00:00
[2023-09-14T18:03:17.971+0100] {processor.py:179} INFO - Processing /home/joestar/Documents/projects/airflow_etl/airflow_env/lib/python3.8/site-packages/airflow/example_dags/example_branch_labels.py took 0.194 seconds
[2023-09-14T18:04:10.099+0100] {processor.py:157} INFO - Started process (PID=38993) to work on /home/joestar/Documents/projects/airflow_etl/airflow_env/lib/python3.8/site-packages/airflow/example_dags/example_branch_labels.py
[2023-09-14T18:04:10.100+0100] {processor.py:829} INFO - Processing file /home/joestar/Documents/projects/airflow_etl/airflow_env/lib/python3.8/site-packages/airflow/example_dags/example_branch_labels.py for tasks to queue
[2023-09-14T18:04:10.101+0100] {logging_mixin.py:151} INFO - [2023-09-14T18:04:10.101+0100] {dagbag.py:539} INFO - Filling up the DagBag from /home/joestar/Documents/projects/airflow_etl/airflow_env/lib/python3.8/site-packages/airflow/example_dags/example_branch_labels.py
[2023-09-14T18:04:10.109+0100] {processor.py:839} INFO - DAG(s) dict_keys(['example_branch_labels']) retrieved from /home/joestar/Documents/projects/airflow_etl/airflow_env/lib/python3.8/site-packages/airflow/example_dags/example_branch_labels.py
[2023-09-14T18:04:10.126+0100] {logging_mixin.py:151} INFO - [2023-09-14T18:04:10.125+0100] {dag.py:2915} INFO - Sync 1 DAGs
[2023-09-14T18:04:10.156+0100] {logging_mixin.py:151} INFO - [2023-09-14T18:04:10.156+0100] {dag.py:3696} INFO - Setting next_dagrun for example_branch_labels to 2023-09-13T00:00:00+00:00, run_after=2023-09-14T00:00:00+00:00
[2023-09-14T18:04:10.187+0100] {processor.py:179} INFO - Processing /home/joestar/Documents/projects/airflow_etl/airflow_env/lib/python3.8/site-packages/airflow/example_dags/example_branch_labels.py took 0.092 seconds
[2023-09-14T18:04:58.897+0100] {processor.py:157} INFO - Started process (PID=39223) to work on /home/joestar/Documents/projects/airflow_etl/airflow_env/lib/python3.8/site-packages/airflow/example_dags/example_branch_labels.py
[2023-09-14T18:04:58.899+0100] {processor.py:829} INFO - Processing file /home/joestar/Documents/projects/airflow_etl/airflow_env/lib/python3.8/site-packages/airflow/example_dags/example_branch_labels.py for tasks to queue
[2023-09-14T18:04:58.901+0100] {logging_mixin.py:151} INFO - [2023-09-14T18:04:58.900+0100] {dagbag.py:539} INFO - Filling up the DagBag from /home/joestar/Documents/projects/airflow_etl/airflow_env/lib/python3.8/site-packages/airflow/example_dags/example_branch_labels.py
[2023-09-14T18:04:58.926+0100] {processor.py:839} INFO - DAG(s) dict_keys(['example_branch_labels']) retrieved from /home/joestar/Documents/projects/airflow_etl/airflow_env/lib/python3.8/site-packages/airflow/example_dags/example_branch_labels.py
[2023-09-14T18:04:58.963+0100] {logging_mixin.py:151} INFO - [2023-09-14T18:04:58.963+0100] {dag.py:2915} INFO - Sync 1 DAGs
[2023-09-14T18:04:59.000+0100] {logging_mixin.py:151} INFO - [2023-09-14T18:04:58.999+0100] {dag.py:3696} INFO - Setting next_dagrun for example_branch_labels to 2023-09-13T00:00:00+00:00, run_after=2023-09-14T00:00:00+00:00
[2023-09-14T18:04:59.033+0100] {processor.py:179} INFO - Processing /home/joestar/Documents/projects/airflow_etl/airflow_env/lib/python3.8/site-packages/airflow/example_dags/example_branch_labels.py took 0.145 seconds
