[2023-09-14T17:12:44.603+0100] {processor.py:157} INFO - Started process (PID=24545) to work on /home/joestar/Documents/projects/airflow_etl/airflow_env/lib/python3.8/site-packages/airflow/example_dags/example_sensors.py
[2023-09-14T17:12:44.605+0100] {processor.py:829} INFO - Processing file /home/joestar/Documents/projects/airflow_etl/airflow_env/lib/python3.8/site-packages/airflow/example_dags/example_sensors.py for tasks to queue
[2023-09-14T17:12:44.606+0100] {logging_mixin.py:151} INFO - [2023-09-14T17:12:44.606+0100] {dagbag.py:539} INFO - Filling up the DagBag from /home/joestar/Documents/projects/airflow_etl/airflow_env/lib/python3.8/site-packages/airflow/example_dags/example_sensors.py
[2023-09-14T17:12:44.618+0100] {processor.py:839} INFO - DAG(s) dict_keys(['example_sensors']) retrieved from /home/joestar/Documents/projects/airflow_etl/airflow_env/lib/python3.8/site-packages/airflow/example_dags/example_sensors.py
[2023-09-14T17:12:44.786+0100] {logging_mixin.py:151} INFO - [2023-09-14T17:12:44.785+0100] {manager.py:499} INFO - Created Permission View: %s
[2023-09-14T17:12:44.814+0100] {logging_mixin.py:151} INFO - [2023-09-14T17:12:44.814+0100] {manager.py:499} INFO - Created Permission View: %s
[2023-09-14T17:12:44.839+0100] {logging_mixin.py:151} INFO - [2023-09-14T17:12:44.838+0100] {manager.py:499} INFO - Created Permission View: %s
[2023-09-14T17:12:44.839+0100] {logging_mixin.py:151} INFO - [2023-09-14T17:12:44.839+0100] {security.py:708} INFO - Not syncing DAG-level permissions for DAG 'DAG:example_sensors' as access control is unset.
[2023-09-14T17:12:44.841+0100] {logging_mixin.py:151} INFO - [2023-09-14T17:12:44.840+0100] {dag.py:2915} INFO - Sync 1 DAGs
[2023-09-14T17:12:44.884+0100] {logging_mixin.py:151} INFO - [2023-09-14T17:12:44.883+0100] {dag.py:2937} INFO - Creating ORM DAG for example_sensors
[2023-09-14T17:12:44.884+0100] {logging_mixin.py:151} INFO - [2023-09-14T17:12:44.884+0100] {dag.py:3696} INFO - Setting next_dagrun for example_sensors to None, run_after=None
[2023-09-14T17:12:44.920+0100] {processor.py:179} INFO - Processing /home/joestar/Documents/projects/airflow_etl/airflow_env/lib/python3.8/site-packages/airflow/example_dags/example_sensors.py took 0.322 seconds
[2023-09-14T17:13:51.954+0100] {processor.py:157} INFO - Started process (PID=25031) to work on /home/joestar/Documents/projects/airflow_etl/airflow_env/lib/python3.8/site-packages/airflow/example_dags/example_sensors.py
[2023-09-14T17:13:51.955+0100] {processor.py:829} INFO - Processing file /home/joestar/Documents/projects/airflow_etl/airflow_env/lib/python3.8/site-packages/airflow/example_dags/example_sensors.py for tasks to queue
[2023-09-14T17:13:51.956+0100] {logging_mixin.py:151} INFO - [2023-09-14T17:13:51.956+0100] {dagbag.py:539} INFO - Filling up the DagBag from /home/joestar/Documents/projects/airflow_etl/airflow_env/lib/python3.8/site-packages/airflow/example_dags/example_sensors.py
[2023-09-14T17:13:51.970+0100] {processor.py:839} INFO - DAG(s) dict_keys(['example_sensors']) retrieved from /home/joestar/Documents/projects/airflow_etl/airflow_env/lib/python3.8/site-packages/airflow/example_dags/example_sensors.py
[2023-09-14T17:13:51.990+0100] {logging_mixin.py:151} INFO - [2023-09-14T17:13:51.990+0100] {dag.py:2915} INFO - Sync 1 DAGs
[2023-09-14T17:13:52.000+0100] {logging_mixin.py:151} INFO - [2023-09-14T17:13:52.000+0100] {dag.py:3696} INFO - Setting next_dagrun for example_sensors to None, run_after=None
[2023-09-14T17:13:52.031+0100] {processor.py:179} INFO - Processing /home/joestar/Documents/projects/airflow_etl/airflow_env/lib/python3.8/site-packages/airflow/example_dags/example_sensors.py took 0.081 seconds
[2023-09-14T17:14:46.185+0100] {processor.py:157} INFO - Started process (PID=25451) to work on /home/joestar/Documents/projects/airflow_etl/airflow_env/lib/python3.8/site-packages/airflow/example_dags/example_sensors.py
[2023-09-14T17:14:46.186+0100] {processor.py:829} INFO - Processing file /home/joestar/Documents/projects/airflow_etl/airflow_env/lib/python3.8/site-packages/airflow/example_dags/example_sensors.py for tasks to queue
[2023-09-14T17:14:46.187+0100] {logging_mixin.py:151} INFO - [2023-09-14T17:14:46.187+0100] {dagbag.py:539} INFO - Filling up the DagBag from /home/joestar/Documents/projects/airflow_etl/airflow_env/lib/python3.8/site-packages/airflow/example_dags/example_sensors.py
[2023-09-14T17:14:46.202+0100] {processor.py:839} INFO - DAG(s) dict_keys(['example_sensors']) retrieved from /home/joestar/Documents/projects/airflow_etl/airflow_env/lib/python3.8/site-packages/airflow/example_dags/example_sensors.py
[2023-09-14T17:14:46.229+0100] {logging_mixin.py:151} INFO - [2023-09-14T17:14:46.229+0100] {dag.py:2915} INFO - Sync 1 DAGs
[2023-09-14T17:14:46.242+0100] {logging_mixin.py:151} INFO - [2023-09-14T17:14:46.242+0100] {dag.py:3696} INFO - Setting next_dagrun for example_sensors to None, run_after=None
[2023-09-14T17:14:46.282+0100] {processor.py:179} INFO - Processing /home/joestar/Documents/projects/airflow_etl/airflow_env/lib/python3.8/site-packages/airflow/example_dags/example_sensors.py took 0.102 seconds
[2023-09-14T17:15:45.526+0100] {processor.py:157} INFO - Started process (PID=25996) to work on /home/joestar/Documents/projects/airflow_etl/airflow_env/lib/python3.8/site-packages/airflow/example_dags/example_sensors.py
[2023-09-14T17:15:45.529+0100] {processor.py:829} INFO - Processing file /home/joestar/Documents/projects/airflow_etl/airflow_env/lib/python3.8/site-packages/airflow/example_dags/example_sensors.py for tasks to queue
[2023-09-14T17:15:45.532+0100] {logging_mixin.py:151} INFO - [2023-09-14T17:15:45.531+0100] {dagbag.py:539} INFO - Filling up the DagBag from /home/joestar/Documents/projects/airflow_etl/airflow_env/lib/python3.8/site-packages/airflow/example_dags/example_sensors.py
[2023-09-14T17:15:45.549+0100] {processor.py:839} INFO - DAG(s) dict_keys(['example_sensors']) retrieved from /home/joestar/Documents/projects/airflow_etl/airflow_env/lib/python3.8/site-packages/airflow/example_dags/example_sensors.py
[2023-09-14T17:15:45.586+0100] {logging_mixin.py:151} INFO - [2023-09-14T17:15:45.585+0100] {dag.py:2915} INFO - Sync 1 DAGs
[2023-09-14T17:15:45.607+0100] {logging_mixin.py:151} INFO - [2023-09-14T17:15:45.606+0100] {dag.py:3696} INFO - Setting next_dagrun for example_sensors to None, run_after=None
[2023-09-14T17:15:45.649+0100] {processor.py:179} INFO - Processing /home/joestar/Documents/projects/airflow_etl/airflow_env/lib/python3.8/site-packages/airflow/example_dags/example_sensors.py took 0.128 seconds
[2023-09-14T17:16:39.281+0100] {processor.py:157} INFO - Started process (PID=26242) to work on /home/joestar/Documents/projects/airflow_etl/airflow_env/lib/python3.8/site-packages/airflow/example_dags/example_sensors.py
[2023-09-14T17:16:39.283+0100] {processor.py:829} INFO - Processing file /home/joestar/Documents/projects/airflow_etl/airflow_env/lib/python3.8/site-packages/airflow/example_dags/example_sensors.py for tasks to queue
[2023-09-14T17:16:39.284+0100] {logging_mixin.py:151} INFO - [2023-09-14T17:16:39.284+0100] {dagbag.py:539} INFO - Filling up the DagBag from /home/joestar/Documents/projects/airflow_etl/airflow_env/lib/python3.8/site-packages/airflow/example_dags/example_sensors.py
[2023-09-14T17:16:39.300+0100] {processor.py:839} INFO - DAG(s) dict_keys(['example_sensors']) retrieved from /home/joestar/Documents/projects/airflow_etl/airflow_env/lib/python3.8/site-packages/airflow/example_dags/example_sensors.py
[2023-09-14T17:16:39.339+0100] {logging_mixin.py:151} INFO - [2023-09-14T17:16:39.339+0100] {dag.py:2915} INFO - Sync 1 DAGs
[2023-09-14T17:16:39.358+0100] {logging_mixin.py:151} INFO - [2023-09-14T17:16:39.358+0100] {dag.py:3696} INFO - Setting next_dagrun for example_sensors to None, run_after=None
[2023-09-14T17:16:39.395+0100] {processor.py:179} INFO - Processing /home/joestar/Documents/projects/airflow_etl/airflow_env/lib/python3.8/site-packages/airflow/example_dags/example_sensors.py took 0.117 seconds
[2023-09-14T17:17:29.647+0100] {processor.py:157} INFO - Started process (PID=26499) to work on /home/joestar/Documents/projects/airflow_etl/airflow_env/lib/python3.8/site-packages/airflow/example_dags/example_sensors.py
[2023-09-14T17:17:29.648+0100] {processor.py:829} INFO - Processing file /home/joestar/Documents/projects/airflow_etl/airflow_env/lib/python3.8/site-packages/airflow/example_dags/example_sensors.py for tasks to queue
[2023-09-14T17:17:29.649+0100] {logging_mixin.py:151} INFO - [2023-09-14T17:17:29.649+0100] {dagbag.py:539} INFO - Filling up the DagBag from /home/joestar/Documents/projects/airflow_etl/airflow_env/lib/python3.8/site-packages/airflow/example_dags/example_sensors.py
[2023-09-14T17:17:29.661+0100] {processor.py:839} INFO - DAG(s) dict_keys(['example_sensors']) retrieved from /home/joestar/Documents/projects/airflow_etl/airflow_env/lib/python3.8/site-packages/airflow/example_dags/example_sensors.py
[2023-09-14T17:17:29.690+0100] {logging_mixin.py:151} INFO - [2023-09-14T17:17:29.690+0100] {dag.py:2915} INFO - Sync 1 DAGs
[2023-09-14T17:17:29.708+0100] {logging_mixin.py:151} INFO - [2023-09-14T17:17:29.708+0100] {dag.py:3696} INFO - Setting next_dagrun for example_sensors to None, run_after=None
[2023-09-14T17:17:29.739+0100] {processor.py:179} INFO - Processing /home/joestar/Documents/projects/airflow_etl/airflow_env/lib/python3.8/site-packages/airflow/example_dags/example_sensors.py took 0.095 seconds
[2023-09-14T17:18:19.677+0100] {processor.py:157} INFO - Started process (PID=26797) to work on /home/joestar/Documents/projects/airflow_etl/airflow_env/lib/python3.8/site-packages/airflow/example_dags/example_sensors.py
[2023-09-14T17:18:19.678+0100] {processor.py:829} INFO - Processing file /home/joestar/Documents/projects/airflow_etl/airflow_env/lib/python3.8/site-packages/airflow/example_dags/example_sensors.py for tasks to queue
[2023-09-14T17:18:19.679+0100] {logging_mixin.py:151} INFO - [2023-09-14T17:18:19.678+0100] {dagbag.py:539} INFO - Filling up the DagBag from /home/joestar/Documents/projects/airflow_etl/airflow_env/lib/python3.8/site-packages/airflow/example_dags/example_sensors.py
[2023-09-14T17:18:19.691+0100] {processor.py:839} INFO - DAG(s) dict_keys(['example_sensors']) retrieved from /home/joestar/Documents/projects/airflow_etl/airflow_env/lib/python3.8/site-packages/airflow/example_dags/example_sensors.py
[2023-09-14T17:18:19.717+0100] {logging_mixin.py:151} INFO - [2023-09-14T17:18:19.717+0100] {dag.py:2915} INFO - Sync 1 DAGs
[2023-09-14T17:18:19.728+0100] {logging_mixin.py:151} INFO - [2023-09-14T17:18:19.728+0100] {dag.py:3696} INFO - Setting next_dagrun for example_sensors to None, run_after=None
[2023-09-14T17:18:19.759+0100] {processor.py:179} INFO - Processing /home/joestar/Documents/projects/airflow_etl/airflow_env/lib/python3.8/site-packages/airflow/example_dags/example_sensors.py took 0.086 seconds
[2023-09-14T17:19:13.173+0100] {processor.py:157} INFO - Started process (PID=27230) to work on /home/joestar/Documents/projects/airflow_etl/airflow_env/lib/python3.8/site-packages/airflow/example_dags/example_sensors.py
[2023-09-14T17:19:13.174+0100] {processor.py:829} INFO - Processing file /home/joestar/Documents/projects/airflow_etl/airflow_env/lib/python3.8/site-packages/airflow/example_dags/example_sensors.py for tasks to queue
[2023-09-14T17:19:13.175+0100] {logging_mixin.py:151} INFO - [2023-09-14T17:19:13.175+0100] {dagbag.py:539} INFO - Filling up the DagBag from /home/joestar/Documents/projects/airflow_etl/airflow_env/lib/python3.8/site-packages/airflow/example_dags/example_sensors.py
[2023-09-14T17:19:13.188+0100] {processor.py:839} INFO - DAG(s) dict_keys(['example_sensors']) retrieved from /home/joestar/Documents/projects/airflow_etl/airflow_env/lib/python3.8/site-packages/airflow/example_dags/example_sensors.py
[2023-09-14T17:19:13.216+0100] {logging_mixin.py:151} INFO - [2023-09-14T17:19:13.216+0100] {dag.py:2915} INFO - Sync 1 DAGs
[2023-09-14T17:19:13.229+0100] {logging_mixin.py:151} INFO - [2023-09-14T17:19:13.229+0100] {dag.py:3696} INFO - Setting next_dagrun for example_sensors to None, run_after=None
[2023-09-14T17:19:13.258+0100] {processor.py:179} INFO - Processing /home/joestar/Documents/projects/airflow_etl/airflow_env/lib/python3.8/site-packages/airflow/example_dags/example_sensors.py took 0.089 seconds
[2023-09-14T17:20:11.710+0100] {processor.py:157} INFO - Started process (PID=27493) to work on /home/joestar/Documents/projects/airflow_etl/airflow_env/lib/python3.8/site-packages/airflow/example_dags/example_sensors.py
[2023-09-14T17:20:11.711+0100] {processor.py:829} INFO - Processing file /home/joestar/Documents/projects/airflow_etl/airflow_env/lib/python3.8/site-packages/airflow/example_dags/example_sensors.py for tasks to queue
[2023-09-14T17:20:11.712+0100] {logging_mixin.py:151} INFO - [2023-09-14T17:20:11.712+0100] {dagbag.py:539} INFO - Filling up the DagBag from /home/joestar/Documents/projects/airflow_etl/airflow_env/lib/python3.8/site-packages/airflow/example_dags/example_sensors.py
[2023-09-14T17:20:11.723+0100] {processor.py:839} INFO - DAG(s) dict_keys(['example_sensors']) retrieved from /home/joestar/Documents/projects/airflow_etl/airflow_env/lib/python3.8/site-packages/airflow/example_dags/example_sensors.py
[2023-09-14T17:20:11.749+0100] {logging_mixin.py:151} INFO - [2023-09-14T17:20:11.749+0100] {dag.py:2915} INFO - Sync 1 DAGs
[2023-09-14T17:20:11.764+0100] {logging_mixin.py:151} INFO - [2023-09-14T17:20:11.764+0100] {dag.py:3696} INFO - Setting next_dagrun for example_sensors to None, run_after=None
[2023-09-14T17:20:11.809+0100] {processor.py:179} INFO - Processing /home/joestar/Documents/projects/airflow_etl/airflow_env/lib/python3.8/site-packages/airflow/example_dags/example_sensors.py took 0.101 seconds
[2023-09-14T17:21:02.518+0100] {processor.py:157} INFO - Started process (PID=27719) to work on /home/joestar/Documents/projects/airflow_etl/airflow_env/lib/python3.8/site-packages/airflow/example_dags/example_sensors.py
[2023-09-14T17:21:02.527+0100] {processor.py:829} INFO - Processing file /home/joestar/Documents/projects/airflow_etl/airflow_env/lib/python3.8/site-packages/airflow/example_dags/example_sensors.py for tasks to queue
[2023-09-14T17:21:02.529+0100] {logging_mixin.py:151} INFO - [2023-09-14T17:21:02.528+0100] {dagbag.py:539} INFO - Filling up the DagBag from /home/joestar/Documents/projects/airflow_etl/airflow_env/lib/python3.8/site-packages/airflow/example_dags/example_sensors.py
[2023-09-14T17:21:02.555+0100] {processor.py:839} INFO - DAG(s) dict_keys(['example_sensors']) retrieved from /home/joestar/Documents/projects/airflow_etl/airflow_env/lib/python3.8/site-packages/airflow/example_dags/example_sensors.py
[2023-09-14T17:21:02.605+0100] {logging_mixin.py:151} INFO - [2023-09-14T17:21:02.605+0100] {dag.py:2915} INFO - Sync 1 DAGs
[2023-09-14T17:21:02.623+0100] {logging_mixin.py:151} INFO - [2023-09-14T17:21:02.623+0100] {dag.py:3696} INFO - Setting next_dagrun for example_sensors to None, run_after=None
[2023-09-14T17:21:02.654+0100] {processor.py:179} INFO - Processing /home/joestar/Documents/projects/airflow_etl/airflow_env/lib/python3.8/site-packages/airflow/example_dags/example_sensors.py took 0.140 seconds
[2023-09-14T17:21:55.698+0100] {processor.py:157} INFO - Started process (PID=27940) to work on /home/joestar/Documents/projects/airflow_etl/airflow_env/lib/python3.8/site-packages/airflow/example_dags/example_sensors.py
[2023-09-14T17:21:55.699+0100] {processor.py:829} INFO - Processing file /home/joestar/Documents/projects/airflow_etl/airflow_env/lib/python3.8/site-packages/airflow/example_dags/example_sensors.py for tasks to queue
[2023-09-14T17:21:55.700+0100] {logging_mixin.py:151} INFO - [2023-09-14T17:21:55.699+0100] {dagbag.py:539} INFO - Filling up the DagBag from /home/joestar/Documents/projects/airflow_etl/airflow_env/lib/python3.8/site-packages/airflow/example_dags/example_sensors.py
[2023-09-14T17:21:55.709+0100] {processor.py:839} INFO - DAG(s) dict_keys(['example_sensors']) retrieved from /home/joestar/Documents/projects/airflow_etl/airflow_env/lib/python3.8/site-packages/airflow/example_dags/example_sensors.py
[2023-09-14T17:21:55.729+0100] {logging_mixin.py:151} INFO - [2023-09-14T17:21:55.728+0100] {dag.py:2915} INFO - Sync 1 DAGs
[2023-09-14T17:21:55.742+0100] {logging_mixin.py:151} INFO - [2023-09-14T17:21:55.742+0100] {dag.py:3696} INFO - Setting next_dagrun for example_sensors to None, run_after=None
[2023-09-14T17:21:55.770+0100] {processor.py:179} INFO - Processing /home/joestar/Documents/projects/airflow_etl/airflow_env/lib/python3.8/site-packages/airflow/example_dags/example_sensors.py took 0.075 seconds
[2023-09-14T17:22:49.869+0100] {processor.py:157} INFO - Started process (PID=28183) to work on /home/joestar/Documents/projects/airflow_etl/airflow_env/lib/python3.8/site-packages/airflow/example_dags/example_sensors.py
[2023-09-14T17:22:49.869+0100] {processor.py:829} INFO - Processing file /home/joestar/Documents/projects/airflow_etl/airflow_env/lib/python3.8/site-packages/airflow/example_dags/example_sensors.py for tasks to queue
[2023-09-14T17:22:49.870+0100] {logging_mixin.py:151} INFO - [2023-09-14T17:22:49.870+0100] {dagbag.py:539} INFO - Filling up the DagBag from /home/joestar/Documents/projects/airflow_etl/airflow_env/lib/python3.8/site-packages/airflow/example_dags/example_sensors.py
[2023-09-14T17:22:49.886+0100] {processor.py:839} INFO - DAG(s) dict_keys(['example_sensors']) retrieved from /home/joestar/Documents/projects/airflow_etl/airflow_env/lib/python3.8/site-packages/airflow/example_dags/example_sensors.py
[2023-09-14T17:22:49.904+0100] {logging_mixin.py:151} INFO - [2023-09-14T17:22:49.904+0100] {dag.py:2915} INFO - Sync 1 DAGs
[2023-09-14T17:22:49.915+0100] {logging_mixin.py:151} INFO - [2023-09-14T17:22:49.915+0100] {dag.py:3696} INFO - Setting next_dagrun for example_sensors to None, run_after=None
[2023-09-14T17:22:49.940+0100] {processor.py:179} INFO - Processing /home/joestar/Documents/projects/airflow_etl/airflow_env/lib/python3.8/site-packages/airflow/example_dags/example_sensors.py took 0.074 seconds
[2023-09-14T17:23:44.164+0100] {processor.py:157} INFO - Started process (PID=28409) to work on /home/joestar/Documents/projects/airflow_etl/airflow_env/lib/python3.8/site-packages/airflow/example_dags/example_sensors.py
[2023-09-14T17:23:44.165+0100] {processor.py:829} INFO - Processing file /home/joestar/Documents/projects/airflow_etl/airflow_env/lib/python3.8/site-packages/airflow/example_dags/example_sensors.py for tasks to queue
[2023-09-14T17:23:44.166+0100] {logging_mixin.py:151} INFO - [2023-09-14T17:23:44.166+0100] {dagbag.py:539} INFO - Filling up the DagBag from /home/joestar/Documents/projects/airflow_etl/airflow_env/lib/python3.8/site-packages/airflow/example_dags/example_sensors.py
[2023-09-14T17:23:44.183+0100] {processor.py:839} INFO - DAG(s) dict_keys(['example_sensors']) retrieved from /home/joestar/Documents/projects/airflow_etl/airflow_env/lib/python3.8/site-packages/airflow/example_dags/example_sensors.py
[2023-09-14T17:23:44.215+0100] {logging_mixin.py:151} INFO - [2023-09-14T17:23:44.215+0100] {dag.py:2915} INFO - Sync 1 DAGs
[2023-09-14T17:23:44.231+0100] {logging_mixin.py:151} INFO - [2023-09-14T17:23:44.231+0100] {dag.py:3696} INFO - Setting next_dagrun for example_sensors to None, run_after=None
[2023-09-14T17:23:44.265+0100] {processor.py:179} INFO - Processing /home/joestar/Documents/projects/airflow_etl/airflow_env/lib/python3.8/site-packages/airflow/example_dags/example_sensors.py took 0.105 seconds
[2023-09-14T17:24:45.088+0100] {processor.py:157} INFO - Started process (PID=28679) to work on /home/joestar/Documents/projects/airflow_etl/airflow_env/lib/python3.8/site-packages/airflow/example_dags/example_sensors.py
[2023-09-14T17:24:45.089+0100] {processor.py:829} INFO - Processing file /home/joestar/Documents/projects/airflow_etl/airflow_env/lib/python3.8/site-packages/airflow/example_dags/example_sensors.py for tasks to queue
[2023-09-14T17:24:45.090+0100] {logging_mixin.py:151} INFO - [2023-09-14T17:24:45.090+0100] {dagbag.py:539} INFO - Filling up the DagBag from /home/joestar/Documents/projects/airflow_etl/airflow_env/lib/python3.8/site-packages/airflow/example_dags/example_sensors.py
[2023-09-14T17:24:45.102+0100] {processor.py:839} INFO - DAG(s) dict_keys(['example_sensors']) retrieved from /home/joestar/Documents/projects/airflow_etl/airflow_env/lib/python3.8/site-packages/airflow/example_dags/example_sensors.py
[2023-09-14T17:24:45.120+0100] {logging_mixin.py:151} INFO - [2023-09-14T17:24:45.120+0100] {dag.py:2915} INFO - Sync 1 DAGs
[2023-09-14T17:24:45.130+0100] {logging_mixin.py:151} INFO - [2023-09-14T17:24:45.129+0100] {dag.py:3696} INFO - Setting next_dagrun for example_sensors to None, run_after=None
[2023-09-14T17:24:45.152+0100] {processor.py:179} INFO - Processing /home/joestar/Documents/projects/airflow_etl/airflow_env/lib/python3.8/site-packages/airflow/example_dags/example_sensors.py took 0.066 seconds
[2023-09-14T17:25:41.991+0100] {processor.py:157} INFO - Started process (PID=28906) to work on /home/joestar/Documents/projects/airflow_etl/airflow_env/lib/python3.8/site-packages/airflow/example_dags/example_sensors.py
[2023-09-14T17:25:41.992+0100] {processor.py:829} INFO - Processing file /home/joestar/Documents/projects/airflow_etl/airflow_env/lib/python3.8/site-packages/airflow/example_dags/example_sensors.py for tasks to queue
[2023-09-14T17:25:41.993+0100] {logging_mixin.py:151} INFO - [2023-09-14T17:25:41.992+0100] {dagbag.py:539} INFO - Filling up the DagBag from /home/joestar/Documents/projects/airflow_etl/airflow_env/lib/python3.8/site-packages/airflow/example_dags/example_sensors.py
[2023-09-14T17:25:42.002+0100] {processor.py:839} INFO - DAG(s) dict_keys(['example_sensors']) retrieved from /home/joestar/Documents/projects/airflow_etl/airflow_env/lib/python3.8/site-packages/airflow/example_dags/example_sensors.py
[2023-09-14T17:25:42.020+0100] {logging_mixin.py:151} INFO - [2023-09-14T17:25:42.020+0100] {dag.py:2915} INFO - Sync 1 DAGs
[2023-09-14T17:25:42.031+0100] {logging_mixin.py:151} INFO - [2023-09-14T17:25:42.031+0100] {dag.py:3696} INFO - Setting next_dagrun for example_sensors to None, run_after=None
[2023-09-14T17:25:42.057+0100] {processor.py:179} INFO - Processing /home/joestar/Documents/projects/airflow_etl/airflow_env/lib/python3.8/site-packages/airflow/example_dags/example_sensors.py took 0.069 seconds
[2023-09-14T17:26:34.760+0100] {processor.py:157} INFO - Started process (PID=29144) to work on /home/joestar/Documents/projects/airflow_etl/airflow_env/lib/python3.8/site-packages/airflow/example_dags/example_sensors.py
[2023-09-14T17:26:34.761+0100] {processor.py:829} INFO - Processing file /home/joestar/Documents/projects/airflow_etl/airflow_env/lib/python3.8/site-packages/airflow/example_dags/example_sensors.py for tasks to queue
[2023-09-14T17:26:34.762+0100] {logging_mixin.py:151} INFO - [2023-09-14T17:26:34.761+0100] {dagbag.py:539} INFO - Filling up the DagBag from /home/joestar/Documents/projects/airflow_etl/airflow_env/lib/python3.8/site-packages/airflow/example_dags/example_sensors.py
[2023-09-14T17:26:34.770+0100] {processor.py:839} INFO - DAG(s) dict_keys(['example_sensors']) retrieved from /home/joestar/Documents/projects/airflow_etl/airflow_env/lib/python3.8/site-packages/airflow/example_dags/example_sensors.py
[2023-09-14T17:26:34.789+0100] {logging_mixin.py:151} INFO - [2023-09-14T17:26:34.788+0100] {dag.py:2915} INFO - Sync 1 DAGs
[2023-09-14T17:26:34.799+0100] {logging_mixin.py:151} INFO - [2023-09-14T17:26:34.799+0100] {dag.py:3696} INFO - Setting next_dagrun for example_sensors to None, run_after=None
[2023-09-14T17:26:34.830+0100] {processor.py:179} INFO - Processing /home/joestar/Documents/projects/airflow_etl/airflow_env/lib/python3.8/site-packages/airflow/example_dags/example_sensors.py took 0.072 seconds
[2023-09-14T17:27:27.319+0100] {processor.py:157} INFO - Started process (PID=29379) to work on /home/joestar/Documents/projects/airflow_etl/airflow_env/lib/python3.8/site-packages/airflow/example_dags/example_sensors.py
[2023-09-14T17:27:27.321+0100] {processor.py:829} INFO - Processing file /home/joestar/Documents/projects/airflow_etl/airflow_env/lib/python3.8/site-packages/airflow/example_dags/example_sensors.py for tasks to queue
[2023-09-14T17:27:27.322+0100] {logging_mixin.py:151} INFO - [2023-09-14T17:27:27.321+0100] {dagbag.py:539} INFO - Filling up the DagBag from /home/joestar/Documents/projects/airflow_etl/airflow_env/lib/python3.8/site-packages/airflow/example_dags/example_sensors.py
[2023-09-14T17:27:27.337+0100] {processor.py:839} INFO - DAG(s) dict_keys(['example_sensors']) retrieved from /home/joestar/Documents/projects/airflow_etl/airflow_env/lib/python3.8/site-packages/airflow/example_dags/example_sensors.py
[2023-09-14T17:27:27.357+0100] {logging_mixin.py:151} INFO - [2023-09-14T17:27:27.357+0100] {dag.py:2915} INFO - Sync 1 DAGs
[2023-09-14T17:27:27.369+0100] {logging_mixin.py:151} INFO - [2023-09-14T17:27:27.369+0100] {dag.py:3696} INFO - Setting next_dagrun for example_sensors to None, run_after=None
[2023-09-14T17:27:27.401+0100] {processor.py:179} INFO - Processing /home/joestar/Documents/projects/airflow_etl/airflow_env/lib/python3.8/site-packages/airflow/example_dags/example_sensors.py took 0.085 seconds
[2023-09-14T17:28:22.496+0100] {processor.py:157} INFO - Started process (PID=29632) to work on /home/joestar/Documents/projects/airflow_etl/airflow_env/lib/python3.8/site-packages/airflow/example_dags/example_sensors.py
[2023-09-14T17:28:22.497+0100] {processor.py:829} INFO - Processing file /home/joestar/Documents/projects/airflow_etl/airflow_env/lib/python3.8/site-packages/airflow/example_dags/example_sensors.py for tasks to queue
[2023-09-14T17:28:22.498+0100] {logging_mixin.py:151} INFO - [2023-09-14T17:28:22.498+0100] {dagbag.py:539} INFO - Filling up the DagBag from /home/joestar/Documents/projects/airflow_etl/airflow_env/lib/python3.8/site-packages/airflow/example_dags/example_sensors.py
[2023-09-14T17:28:22.511+0100] {processor.py:839} INFO - DAG(s) dict_keys(['example_sensors']) retrieved from /home/joestar/Documents/projects/airflow_etl/airflow_env/lib/python3.8/site-packages/airflow/example_dags/example_sensors.py
[2023-09-14T17:28:22.539+0100] {logging_mixin.py:151} INFO - [2023-09-14T17:28:22.539+0100] {dag.py:2915} INFO - Sync 1 DAGs
[2023-09-14T17:28:22.552+0100] {logging_mixin.py:151} INFO - [2023-09-14T17:28:22.552+0100] {dag.py:3696} INFO - Setting next_dagrun for example_sensors to None, run_after=None
[2023-09-14T17:28:22.582+0100] {processor.py:179} INFO - Processing /home/joestar/Documents/projects/airflow_etl/airflow_env/lib/python3.8/site-packages/airflow/example_dags/example_sensors.py took 0.089 seconds
[2023-09-14T17:29:14.578+0100] {processor.py:157} INFO - Started process (PID=29887) to work on /home/joestar/Documents/projects/airflow_etl/airflow_env/lib/python3.8/site-packages/airflow/example_dags/example_sensors.py
[2023-09-14T17:29:14.579+0100] {processor.py:829} INFO - Processing file /home/joestar/Documents/projects/airflow_etl/airflow_env/lib/python3.8/site-packages/airflow/example_dags/example_sensors.py for tasks to queue
[2023-09-14T17:29:14.580+0100] {logging_mixin.py:151} INFO - [2023-09-14T17:29:14.580+0100] {dagbag.py:539} INFO - Filling up the DagBag from /home/joestar/Documents/projects/airflow_etl/airflow_env/lib/python3.8/site-packages/airflow/example_dags/example_sensors.py
[2023-09-14T17:29:14.593+0100] {processor.py:839} INFO - DAG(s) dict_keys(['example_sensors']) retrieved from /home/joestar/Documents/projects/airflow_etl/airflow_env/lib/python3.8/site-packages/airflow/example_dags/example_sensors.py
[2023-09-14T17:29:14.615+0100] {logging_mixin.py:151} INFO - [2023-09-14T17:29:14.614+0100] {dag.py:2915} INFO - Sync 1 DAGs
[2023-09-14T17:29:14.630+0100] {logging_mixin.py:151} INFO - [2023-09-14T17:29:14.629+0100] {dag.py:3696} INFO - Setting next_dagrun for example_sensors to None, run_after=None
[2023-09-14T17:29:14.657+0100] {processor.py:179} INFO - Processing /home/joestar/Documents/projects/airflow_etl/airflow_env/lib/python3.8/site-packages/airflow/example_dags/example_sensors.py took 0.082 seconds
[2023-09-14T17:30:06.781+0100] {processor.py:157} INFO - Started process (PID=30138) to work on /home/joestar/Documents/projects/airflow_etl/airflow_env/lib/python3.8/site-packages/airflow/example_dags/example_sensors.py
[2023-09-14T17:30:06.782+0100] {processor.py:829} INFO - Processing file /home/joestar/Documents/projects/airflow_etl/airflow_env/lib/python3.8/site-packages/airflow/example_dags/example_sensors.py for tasks to queue
[2023-09-14T17:30:06.783+0100] {logging_mixin.py:151} INFO - [2023-09-14T17:30:06.783+0100] {dagbag.py:539} INFO - Filling up the DagBag from /home/joestar/Documents/projects/airflow_etl/airflow_env/lib/python3.8/site-packages/airflow/example_dags/example_sensors.py
[2023-09-14T17:30:06.797+0100] {processor.py:839} INFO - DAG(s) dict_keys(['example_sensors']) retrieved from /home/joestar/Documents/projects/airflow_etl/airflow_env/lib/python3.8/site-packages/airflow/example_dags/example_sensors.py
[2023-09-14T17:30:06.826+0100] {logging_mixin.py:151} INFO - [2023-09-14T17:30:06.826+0100] {dag.py:2915} INFO - Sync 1 DAGs
[2023-09-14T17:30:06.842+0100] {logging_mixin.py:151} INFO - [2023-09-14T17:30:06.842+0100] {dag.py:3696} INFO - Setting next_dagrun for example_sensors to None, run_after=None
[2023-09-14T17:30:06.880+0100] {processor.py:179} INFO - Processing /home/joestar/Documents/projects/airflow_etl/airflow_env/lib/python3.8/site-packages/airflow/example_dags/example_sensors.py took 0.102 seconds
[2023-09-14T17:30:59.145+0100] {processor.py:157} INFO - Started process (PID=30348) to work on /home/joestar/Documents/projects/airflow_etl/airflow_env/lib/python3.8/site-packages/airflow/example_dags/example_sensors.py
[2023-09-14T17:30:59.147+0100] {processor.py:829} INFO - Processing file /home/joestar/Documents/projects/airflow_etl/airflow_env/lib/python3.8/site-packages/airflow/example_dags/example_sensors.py for tasks to queue
[2023-09-14T17:30:59.148+0100] {logging_mixin.py:151} INFO - [2023-09-14T17:30:59.148+0100] {dagbag.py:539} INFO - Filling up the DagBag from /home/joestar/Documents/projects/airflow_etl/airflow_env/lib/python3.8/site-packages/airflow/example_dags/example_sensors.py
[2023-09-14T17:30:59.162+0100] {processor.py:839} INFO - DAG(s) dict_keys(['example_sensors']) retrieved from /home/joestar/Documents/projects/airflow_etl/airflow_env/lib/python3.8/site-packages/airflow/example_dags/example_sensors.py
[2023-09-14T17:30:59.201+0100] {logging_mixin.py:151} INFO - [2023-09-14T17:30:59.201+0100] {dag.py:2915} INFO - Sync 1 DAGs
[2023-09-14T17:30:59.220+0100] {logging_mixin.py:151} INFO - [2023-09-14T17:30:59.220+0100] {dag.py:3696} INFO - Setting next_dagrun for example_sensors to None, run_after=None
[2023-09-14T17:30:59.253+0100] {processor.py:179} INFO - Processing /home/joestar/Documents/projects/airflow_etl/airflow_env/lib/python3.8/site-packages/airflow/example_dags/example_sensors.py took 0.112 seconds
[2023-09-14T17:31:48.266+0100] {processor.py:157} INFO - Started process (PID=30577) to work on /home/joestar/Documents/projects/airflow_etl/airflow_env/lib/python3.8/site-packages/airflow/example_dags/example_sensors.py
[2023-09-14T17:31:48.267+0100] {processor.py:829} INFO - Processing file /home/joestar/Documents/projects/airflow_etl/airflow_env/lib/python3.8/site-packages/airflow/example_dags/example_sensors.py for tasks to queue
[2023-09-14T17:31:48.268+0100] {logging_mixin.py:151} INFO - [2023-09-14T17:31:48.268+0100] {dagbag.py:539} INFO - Filling up the DagBag from /home/joestar/Documents/projects/airflow_etl/airflow_env/lib/python3.8/site-packages/airflow/example_dags/example_sensors.py
[2023-09-14T17:31:48.278+0100] {processor.py:839} INFO - DAG(s) dict_keys(['example_sensors']) retrieved from /home/joestar/Documents/projects/airflow_etl/airflow_env/lib/python3.8/site-packages/airflow/example_dags/example_sensors.py
[2023-09-14T17:31:48.297+0100] {logging_mixin.py:151} INFO - [2023-09-14T17:31:48.297+0100] {dag.py:2915} INFO - Sync 1 DAGs
[2023-09-14T17:31:48.308+0100] {logging_mixin.py:151} INFO - [2023-09-14T17:31:48.308+0100] {dag.py:3696} INFO - Setting next_dagrun for example_sensors to None, run_after=None
[2023-09-14T17:31:48.332+0100] {processor.py:179} INFO - Processing /home/joestar/Documents/projects/airflow_etl/airflow_env/lib/python3.8/site-packages/airflow/example_dags/example_sensors.py took 0.068 seconds
[2023-09-14T17:32:41.354+0100] {processor.py:157} INFO - Started process (PID=30818) to work on /home/joestar/Documents/projects/airflow_etl/airflow_env/lib/python3.8/site-packages/airflow/example_dags/example_sensors.py
[2023-09-14T17:32:41.355+0100] {processor.py:829} INFO - Processing file /home/joestar/Documents/projects/airflow_etl/airflow_env/lib/python3.8/site-packages/airflow/example_dags/example_sensors.py for tasks to queue
[2023-09-14T17:32:41.355+0100] {logging_mixin.py:151} INFO - [2023-09-14T17:32:41.355+0100] {dagbag.py:539} INFO - Filling up the DagBag from /home/joestar/Documents/projects/airflow_etl/airflow_env/lib/python3.8/site-packages/airflow/example_dags/example_sensors.py
[2023-09-14T17:32:41.364+0100] {processor.py:839} INFO - DAG(s) dict_keys(['example_sensors']) retrieved from /home/joestar/Documents/projects/airflow_etl/airflow_env/lib/python3.8/site-packages/airflow/example_dags/example_sensors.py
[2023-09-14T17:32:41.388+0100] {logging_mixin.py:151} INFO - [2023-09-14T17:32:41.388+0100] {dag.py:2915} INFO - Sync 1 DAGs
[2023-09-14T17:32:41.399+0100] {logging_mixin.py:151} INFO - [2023-09-14T17:32:41.399+0100] {dag.py:3696} INFO - Setting next_dagrun for example_sensors to None, run_after=None
[2023-09-14T17:32:41.436+0100] {processor.py:179} INFO - Processing /home/joestar/Documents/projects/airflow_etl/airflow_env/lib/python3.8/site-packages/airflow/example_dags/example_sensors.py took 0.085 seconds
[2023-09-14T17:33:34.463+0100] {processor.py:157} INFO - Started process (PID=31057) to work on /home/joestar/Documents/projects/airflow_etl/airflow_env/lib/python3.8/site-packages/airflow/example_dags/example_sensors.py
[2023-09-14T17:33:34.464+0100] {processor.py:829} INFO - Processing file /home/joestar/Documents/projects/airflow_etl/airflow_env/lib/python3.8/site-packages/airflow/example_dags/example_sensors.py for tasks to queue
[2023-09-14T17:33:34.464+0100] {logging_mixin.py:151} INFO - [2023-09-14T17:33:34.464+0100] {dagbag.py:539} INFO - Filling up the DagBag from /home/joestar/Documents/projects/airflow_etl/airflow_env/lib/python3.8/site-packages/airflow/example_dags/example_sensors.py
[2023-09-14T17:33:34.473+0100] {processor.py:839} INFO - DAG(s) dict_keys(['example_sensors']) retrieved from /home/joestar/Documents/projects/airflow_etl/airflow_env/lib/python3.8/site-packages/airflow/example_dags/example_sensors.py
[2023-09-14T17:33:34.500+0100] {logging_mixin.py:151} INFO - [2023-09-14T17:33:34.500+0100] {dag.py:2915} INFO - Sync 1 DAGs
[2023-09-14T17:33:34.513+0100] {logging_mixin.py:151} INFO - [2023-09-14T17:33:34.513+0100] {dag.py:3696} INFO - Setting next_dagrun for example_sensors to None, run_after=None
[2023-09-14T17:33:34.540+0100] {processor.py:179} INFO - Processing /home/joestar/Documents/projects/airflow_etl/airflow_env/lib/python3.8/site-packages/airflow/example_dags/example_sensors.py took 0.081 seconds
[2023-09-14T17:34:28.141+0100] {processor.py:157} INFO - Started process (PID=31307) to work on /home/joestar/Documents/projects/airflow_etl/airflow_env/lib/python3.8/site-packages/airflow/example_dags/example_sensors.py
[2023-09-14T17:34:28.143+0100] {processor.py:829} INFO - Processing file /home/joestar/Documents/projects/airflow_etl/airflow_env/lib/python3.8/site-packages/airflow/example_dags/example_sensors.py for tasks to queue
[2023-09-14T17:34:28.144+0100] {logging_mixin.py:151} INFO - [2023-09-14T17:34:28.144+0100] {dagbag.py:539} INFO - Filling up the DagBag from /home/joestar/Documents/projects/airflow_etl/airflow_env/lib/python3.8/site-packages/airflow/example_dags/example_sensors.py
[2023-09-14T17:34:28.160+0100] {processor.py:839} INFO - DAG(s) dict_keys(['example_sensors']) retrieved from /home/joestar/Documents/projects/airflow_etl/airflow_env/lib/python3.8/site-packages/airflow/example_dags/example_sensors.py
[2023-09-14T17:34:28.189+0100] {logging_mixin.py:151} INFO - [2023-09-14T17:34:28.189+0100] {dag.py:2915} INFO - Sync 1 DAGs
[2023-09-14T17:34:28.202+0100] {logging_mixin.py:151} INFO - [2023-09-14T17:34:28.202+0100] {dag.py:3696} INFO - Setting next_dagrun for example_sensors to None, run_after=None
[2023-09-14T17:34:28.233+0100] {processor.py:179} INFO - Processing /home/joestar/Documents/projects/airflow_etl/airflow_env/lib/python3.8/site-packages/airflow/example_dags/example_sensors.py took 0.094 seconds
[2023-09-14T17:35:18.434+0100] {processor.py:157} INFO - Started process (PID=31557) to work on /home/joestar/Documents/projects/airflow_etl/airflow_env/lib/python3.8/site-packages/airflow/example_dags/example_sensors.py
[2023-09-14T17:35:18.435+0100] {processor.py:829} INFO - Processing file /home/joestar/Documents/projects/airflow_etl/airflow_env/lib/python3.8/site-packages/airflow/example_dags/example_sensors.py for tasks to queue
[2023-09-14T17:35:18.436+0100] {logging_mixin.py:151} INFO - [2023-09-14T17:35:18.436+0100] {dagbag.py:539} INFO - Filling up the DagBag from /home/joestar/Documents/projects/airflow_etl/airflow_env/lib/python3.8/site-packages/airflow/example_dags/example_sensors.py
[2023-09-14T17:35:18.452+0100] {processor.py:839} INFO - DAG(s) dict_keys(['example_sensors']) retrieved from /home/joestar/Documents/projects/airflow_etl/airflow_env/lib/python3.8/site-packages/airflow/example_dags/example_sensors.py
[2023-09-14T17:35:18.480+0100] {logging_mixin.py:151} INFO - [2023-09-14T17:35:18.479+0100] {dag.py:2915} INFO - Sync 1 DAGs
[2023-09-14T17:35:18.496+0100] {logging_mixin.py:151} INFO - [2023-09-14T17:35:18.495+0100] {dag.py:3696} INFO - Setting next_dagrun for example_sensors to None, run_after=None
[2023-09-14T17:35:18.533+0100] {processor.py:179} INFO - Processing /home/joestar/Documents/projects/airflow_etl/airflow_env/lib/python3.8/site-packages/airflow/example_dags/example_sensors.py took 0.103 seconds
[2023-09-14T17:36:11.377+0100] {processor.py:157} INFO - Started process (PID=31794) to work on /home/joestar/Documents/projects/airflow_etl/airflow_env/lib/python3.8/site-packages/airflow/example_dags/example_sensors.py
[2023-09-14T17:36:11.379+0100] {processor.py:829} INFO - Processing file /home/joestar/Documents/projects/airflow_etl/airflow_env/lib/python3.8/site-packages/airflow/example_dags/example_sensors.py for tasks to queue
[2023-09-14T17:36:11.380+0100] {logging_mixin.py:151} INFO - [2023-09-14T17:36:11.380+0100] {dagbag.py:539} INFO - Filling up the DagBag from /home/joestar/Documents/projects/airflow_etl/airflow_env/lib/python3.8/site-packages/airflow/example_dags/example_sensors.py
[2023-09-14T17:36:11.390+0100] {processor.py:839} INFO - DAG(s) dict_keys(['example_sensors']) retrieved from /home/joestar/Documents/projects/airflow_etl/airflow_env/lib/python3.8/site-packages/airflow/example_dags/example_sensors.py
[2023-09-14T17:36:11.408+0100] {logging_mixin.py:151} INFO - [2023-09-14T17:36:11.408+0100] {dag.py:2915} INFO - Sync 1 DAGs
[2023-09-14T17:36:11.419+0100] {logging_mixin.py:151} INFO - [2023-09-14T17:36:11.419+0100] {dag.py:3696} INFO - Setting next_dagrun for example_sensors to None, run_after=None
[2023-09-14T17:36:11.444+0100] {processor.py:179} INFO - Processing /home/joestar/Documents/projects/airflow_etl/airflow_env/lib/python3.8/site-packages/airflow/example_dags/example_sensors.py took 0.073 seconds
[2023-09-14T17:37:03.442+0100] {processor.py:157} INFO - Started process (PID=32012) to work on /home/joestar/Documents/projects/airflow_etl/airflow_env/lib/python3.8/site-packages/airflow/example_dags/example_sensors.py
[2023-09-14T17:37:03.443+0100] {processor.py:829} INFO - Processing file /home/joestar/Documents/projects/airflow_etl/airflow_env/lib/python3.8/site-packages/airflow/example_dags/example_sensors.py for tasks to queue
[2023-09-14T17:37:03.444+0100] {logging_mixin.py:151} INFO - [2023-09-14T17:37:03.444+0100] {dagbag.py:539} INFO - Filling up the DagBag from /home/joestar/Documents/projects/airflow_etl/airflow_env/lib/python3.8/site-packages/airflow/example_dags/example_sensors.py
[2023-09-14T17:37:03.461+0100] {processor.py:839} INFO - DAG(s) dict_keys(['example_sensors']) retrieved from /home/joestar/Documents/projects/airflow_etl/airflow_env/lib/python3.8/site-packages/airflow/example_dags/example_sensors.py
[2023-09-14T17:37:03.496+0100] {logging_mixin.py:151} INFO - [2023-09-14T17:37:03.496+0100] {dag.py:2915} INFO - Sync 1 DAGs
[2023-09-14T17:37:03.515+0100] {logging_mixin.py:151} INFO - [2023-09-14T17:37:03.514+0100] {dag.py:3696} INFO - Setting next_dagrun for example_sensors to None, run_after=None
[2023-09-14T17:37:03.555+0100] {processor.py:179} INFO - Processing /home/joestar/Documents/projects/airflow_etl/airflow_env/lib/python3.8/site-packages/airflow/example_dags/example_sensors.py took 0.118 seconds
[2023-09-14T17:37:59.109+0100] {processor.py:157} INFO - Started process (PID=32408) to work on /home/joestar/Documents/projects/airflow_etl/airflow_env/lib/python3.8/site-packages/airflow/example_dags/example_sensors.py
[2023-09-14T17:37:59.110+0100] {processor.py:829} INFO - Processing file /home/joestar/Documents/projects/airflow_etl/airflow_env/lib/python3.8/site-packages/airflow/example_dags/example_sensors.py for tasks to queue
[2023-09-14T17:37:59.111+0100] {logging_mixin.py:151} INFO - [2023-09-14T17:37:59.110+0100] {dagbag.py:539} INFO - Filling up the DagBag from /home/joestar/Documents/projects/airflow_etl/airflow_env/lib/python3.8/site-packages/airflow/example_dags/example_sensors.py
[2023-09-14T17:37:59.120+0100] {processor.py:839} INFO - DAG(s) dict_keys(['example_sensors']) retrieved from /home/joestar/Documents/projects/airflow_etl/airflow_env/lib/python3.8/site-packages/airflow/example_dags/example_sensors.py
[2023-09-14T17:37:59.138+0100] {logging_mixin.py:151} INFO - [2023-09-14T17:37:59.138+0100] {dag.py:2915} INFO - Sync 1 DAGs
[2023-09-14T17:37:59.150+0100] {logging_mixin.py:151} INFO - [2023-09-14T17:37:59.150+0100] {dag.py:3696} INFO - Setting next_dagrun for example_sensors to None, run_after=None
[2023-09-14T17:37:59.176+0100] {processor.py:179} INFO - Processing /home/joestar/Documents/projects/airflow_etl/airflow_env/lib/python3.8/site-packages/airflow/example_dags/example_sensors.py took 0.070 seconds
[2023-09-14T17:39:01.304+0100] {processor.py:157} INFO - Started process (PID=32849) to work on /home/joestar/Documents/projects/airflow_etl/airflow_env/lib/python3.8/site-packages/airflow/example_dags/example_sensors.py
[2023-09-14T17:39:01.305+0100] {processor.py:829} INFO - Processing file /home/joestar/Documents/projects/airflow_etl/airflow_env/lib/python3.8/site-packages/airflow/example_dags/example_sensors.py for tasks to queue
[2023-09-14T17:39:01.306+0100] {logging_mixin.py:151} INFO - [2023-09-14T17:39:01.306+0100] {dagbag.py:539} INFO - Filling up the DagBag from /home/joestar/Documents/projects/airflow_etl/airflow_env/lib/python3.8/site-packages/airflow/example_dags/example_sensors.py
[2023-09-14T17:39:01.316+0100] {processor.py:839} INFO - DAG(s) dict_keys(['example_sensors']) retrieved from /home/joestar/Documents/projects/airflow_etl/airflow_env/lib/python3.8/site-packages/airflow/example_dags/example_sensors.py
[2023-09-14T17:39:01.335+0100] {logging_mixin.py:151} INFO - [2023-09-14T17:39:01.334+0100] {dag.py:2915} INFO - Sync 1 DAGs
[2023-09-14T17:39:01.346+0100] {logging_mixin.py:151} INFO - [2023-09-14T17:39:01.346+0100] {dag.py:3696} INFO - Setting next_dagrun for example_sensors to None, run_after=None
[2023-09-14T17:39:01.378+0100] {processor.py:179} INFO - Processing /home/joestar/Documents/projects/airflow_etl/airflow_env/lib/python3.8/site-packages/airflow/example_dags/example_sensors.py took 0.076 seconds
[2023-09-14T17:40:07.623+0100] {processor.py:157} INFO - Started process (PID=33284) to work on /home/joestar/Documents/projects/airflow_etl/airflow_env/lib/python3.8/site-packages/airflow/example_dags/example_sensors.py
[2023-09-14T17:40:07.624+0100] {processor.py:829} INFO - Processing file /home/joestar/Documents/projects/airflow_etl/airflow_env/lib/python3.8/site-packages/airflow/example_dags/example_sensors.py for tasks to queue
[2023-09-14T17:40:07.625+0100] {logging_mixin.py:151} INFO - [2023-09-14T17:40:07.625+0100] {dagbag.py:539} INFO - Filling up the DagBag from /home/joestar/Documents/projects/airflow_etl/airflow_env/lib/python3.8/site-packages/airflow/example_dags/example_sensors.py
[2023-09-14T17:40:07.635+0100] {processor.py:839} INFO - DAG(s) dict_keys(['example_sensors']) retrieved from /home/joestar/Documents/projects/airflow_etl/airflow_env/lib/python3.8/site-packages/airflow/example_dags/example_sensors.py
[2023-09-14T17:40:07.651+0100] {logging_mixin.py:151} INFO - [2023-09-14T17:40:07.651+0100] {dag.py:2915} INFO - Sync 1 DAGs
[2023-09-14T17:40:07.662+0100] {logging_mixin.py:151} INFO - [2023-09-14T17:40:07.661+0100] {dag.py:3696} INFO - Setting next_dagrun for example_sensors to None, run_after=None
[2023-09-14T17:40:07.693+0100] {processor.py:179} INFO - Processing /home/joestar/Documents/projects/airflow_etl/airflow_env/lib/python3.8/site-packages/airflow/example_dags/example_sensors.py took 0.077 seconds
[2023-09-14T17:41:04.530+0100] {processor.py:157} INFO - Started process (PID=33647) to work on /home/joestar/Documents/projects/airflow_etl/airflow_env/lib/python3.8/site-packages/airflow/example_dags/example_sensors.py
[2023-09-14T17:41:04.531+0100] {processor.py:829} INFO - Processing file /home/joestar/Documents/projects/airflow_etl/airflow_env/lib/python3.8/site-packages/airflow/example_dags/example_sensors.py for tasks to queue
[2023-09-14T17:41:04.532+0100] {logging_mixin.py:151} INFO - [2023-09-14T17:41:04.532+0100] {dagbag.py:539} INFO - Filling up the DagBag from /home/joestar/Documents/projects/airflow_etl/airflow_env/lib/python3.8/site-packages/airflow/example_dags/example_sensors.py
[2023-09-14T17:41:04.548+0100] {processor.py:839} INFO - DAG(s) dict_keys(['example_sensors']) retrieved from /home/joestar/Documents/projects/airflow_etl/airflow_env/lib/python3.8/site-packages/airflow/example_dags/example_sensors.py
[2023-09-14T17:41:04.575+0100] {logging_mixin.py:151} INFO - [2023-09-14T17:41:04.575+0100] {dag.py:2915} INFO - Sync 1 DAGs
[2023-09-14T17:41:04.589+0100] {logging_mixin.py:151} INFO - [2023-09-14T17:41:04.589+0100] {dag.py:3696} INFO - Setting next_dagrun for example_sensors to None, run_after=None
[2023-09-14T17:41:04.619+0100] {processor.py:179} INFO - Processing /home/joestar/Documents/projects/airflow_etl/airflow_env/lib/python3.8/site-packages/airflow/example_dags/example_sensors.py took 0.092 seconds
[2023-09-14T17:42:00.157+0100] {processor.py:157} INFO - Started process (PID=33988) to work on /home/joestar/Documents/projects/airflow_etl/airflow_env/lib/python3.8/site-packages/airflow/example_dags/example_sensors.py
[2023-09-14T17:42:00.167+0100] {processor.py:829} INFO - Processing file /home/joestar/Documents/projects/airflow_etl/airflow_env/lib/python3.8/site-packages/airflow/example_dags/example_sensors.py for tasks to queue
[2023-09-14T17:42:00.168+0100] {logging_mixin.py:151} INFO - [2023-09-14T17:42:00.168+0100] {dagbag.py:539} INFO - Filling up the DagBag from /home/joestar/Documents/projects/airflow_etl/airflow_env/lib/python3.8/site-packages/airflow/example_dags/example_sensors.py
[2023-09-14T17:42:00.187+0100] {processor.py:839} INFO - DAG(s) dict_keys(['example_sensors']) retrieved from /home/joestar/Documents/projects/airflow_etl/airflow_env/lib/python3.8/site-packages/airflow/example_dags/example_sensors.py
[2023-09-14T17:42:00.282+0100] {logging_mixin.py:151} INFO - [2023-09-14T17:42:00.281+0100] {dag.py:2915} INFO - Sync 1 DAGs
[2023-09-14T17:42:00.301+0100] {logging_mixin.py:151} INFO - [2023-09-14T17:42:00.301+0100] {dag.py:3696} INFO - Setting next_dagrun for example_sensors to None, run_after=None
[2023-09-14T17:42:00.340+0100] {processor.py:179} INFO - Processing /home/joestar/Documents/projects/airflow_etl/airflow_env/lib/python3.8/site-packages/airflow/example_dags/example_sensors.py took 0.187 seconds
[2023-09-14T17:43:03.192+0100] {processor.py:157} INFO - Started process (PID=34265) to work on /home/joestar/Documents/projects/airflow_etl/airflow_env/lib/python3.8/site-packages/airflow/example_dags/example_sensors.py
[2023-09-14T17:43:03.193+0100] {processor.py:829} INFO - Processing file /home/joestar/Documents/projects/airflow_etl/airflow_env/lib/python3.8/site-packages/airflow/example_dags/example_sensors.py for tasks to queue
[2023-09-14T17:43:03.193+0100] {logging_mixin.py:151} INFO - [2023-09-14T17:43:03.193+0100] {dagbag.py:539} INFO - Filling up the DagBag from /home/joestar/Documents/projects/airflow_etl/airflow_env/lib/python3.8/site-packages/airflow/example_dags/example_sensors.py
[2023-09-14T17:43:03.203+0100] {processor.py:839} INFO - DAG(s) dict_keys(['example_sensors']) retrieved from /home/joestar/Documents/projects/airflow_etl/airflow_env/lib/python3.8/site-packages/airflow/example_dags/example_sensors.py
[2023-09-14T17:43:03.221+0100] {logging_mixin.py:151} INFO - [2023-09-14T17:43:03.220+0100] {dag.py:2915} INFO - Sync 1 DAGs
[2023-09-14T17:43:03.232+0100] {logging_mixin.py:151} INFO - [2023-09-14T17:43:03.232+0100] {dag.py:3696} INFO - Setting next_dagrun for example_sensors to None, run_after=None
[2023-09-14T17:43:03.258+0100] {processor.py:179} INFO - Processing /home/joestar/Documents/projects/airflow_etl/airflow_env/lib/python3.8/site-packages/airflow/example_dags/example_sensors.py took 0.068 seconds
[2023-09-14T17:44:00.561+0100] {processor.py:157} INFO - Started process (PID=34539) to work on /home/joestar/Documents/projects/airflow_etl/airflow_env/lib/python3.8/site-packages/airflow/example_dags/example_sensors.py
[2023-09-14T17:44:00.562+0100] {processor.py:829} INFO - Processing file /home/joestar/Documents/projects/airflow_etl/airflow_env/lib/python3.8/site-packages/airflow/example_dags/example_sensors.py for tasks to queue
[2023-09-14T17:44:00.563+0100] {logging_mixin.py:151} INFO - [2023-09-14T17:44:00.562+0100] {dagbag.py:539} INFO - Filling up the DagBag from /home/joestar/Documents/projects/airflow_etl/airflow_env/lib/python3.8/site-packages/airflow/example_dags/example_sensors.py
[2023-09-14T17:44:00.582+0100] {processor.py:839} INFO - DAG(s) dict_keys(['example_sensors']) retrieved from /home/joestar/Documents/projects/airflow_etl/airflow_env/lib/python3.8/site-packages/airflow/example_dags/example_sensors.py
[2023-09-14T17:44:00.624+0100] {logging_mixin.py:151} INFO - [2023-09-14T17:44:00.624+0100] {dag.py:2915} INFO - Sync 1 DAGs
[2023-09-14T17:44:00.645+0100] {logging_mixin.py:151} INFO - [2023-09-14T17:44:00.645+0100] {dag.py:3696} INFO - Setting next_dagrun for example_sensors to None, run_after=None
[2023-09-14T17:44:00.696+0100] {processor.py:179} INFO - Processing /home/joestar/Documents/projects/airflow_etl/airflow_env/lib/python3.8/site-packages/airflow/example_dags/example_sensors.py took 0.139 seconds
[2023-09-14T17:45:03.688+0100] {processor.py:157} INFO - Started process (PID=34851) to work on /home/joestar/Documents/projects/airflow_etl/airflow_env/lib/python3.8/site-packages/airflow/example_dags/example_sensors.py
[2023-09-14T17:45:03.689+0100] {processor.py:829} INFO - Processing file /home/joestar/Documents/projects/airflow_etl/airflow_env/lib/python3.8/site-packages/airflow/example_dags/example_sensors.py for tasks to queue
[2023-09-14T17:45:03.690+0100] {logging_mixin.py:151} INFO - [2023-09-14T17:45:03.690+0100] {dagbag.py:539} INFO - Filling up the DagBag from /home/joestar/Documents/projects/airflow_etl/airflow_env/lib/python3.8/site-packages/airflow/example_dags/example_sensors.py
[2023-09-14T17:45:03.699+0100] {processor.py:839} INFO - DAG(s) dict_keys(['example_sensors']) retrieved from /home/joestar/Documents/projects/airflow_etl/airflow_env/lib/python3.8/site-packages/airflow/example_dags/example_sensors.py
[2023-09-14T17:45:03.720+0100] {logging_mixin.py:151} INFO - [2023-09-14T17:45:03.720+0100] {dag.py:2915} INFO - Sync 1 DAGs
[2023-09-14T17:45:03.731+0100] {logging_mixin.py:151} INFO - [2023-09-14T17:45:03.730+0100] {dag.py:3696} INFO - Setting next_dagrun for example_sensors to None, run_after=None
[2023-09-14T17:45:03.753+0100] {processor.py:179} INFO - Processing /home/joestar/Documents/projects/airflow_etl/airflow_env/lib/python3.8/site-packages/airflow/example_dags/example_sensors.py took 0.067 seconds
[2023-09-14T17:46:04.281+0100] {processor.py:157} INFO - Started process (PID=35113) to work on /home/joestar/Documents/projects/airflow_etl/airflow_env/lib/python3.8/site-packages/airflow/example_dags/example_sensors.py
[2023-09-14T17:46:04.282+0100] {processor.py:829} INFO - Processing file /home/joestar/Documents/projects/airflow_etl/airflow_env/lib/python3.8/site-packages/airflow/example_dags/example_sensors.py for tasks to queue
[2023-09-14T17:46:04.283+0100] {logging_mixin.py:151} INFO - [2023-09-14T17:46:04.282+0100] {dagbag.py:539} INFO - Filling up the DagBag from /home/joestar/Documents/projects/airflow_etl/airflow_env/lib/python3.8/site-packages/airflow/example_dags/example_sensors.py
[2023-09-14T17:46:04.320+0100] {processor.py:839} INFO - DAG(s) dict_keys(['example_sensors']) retrieved from /home/joestar/Documents/projects/airflow_etl/airflow_env/lib/python3.8/site-packages/airflow/example_dags/example_sensors.py
[2023-09-14T17:46:04.379+0100] {logging_mixin.py:151} INFO - [2023-09-14T17:46:04.378+0100] {dag.py:2915} INFO - Sync 1 DAGs
[2023-09-14T17:46:04.414+0100] {logging_mixin.py:151} INFO - [2023-09-14T17:46:04.414+0100] {dag.py:3696} INFO - Setting next_dagrun for example_sensors to None, run_after=None
[2023-09-14T17:46:04.465+0100] {processor.py:179} INFO - Processing /home/joestar/Documents/projects/airflow_etl/airflow_env/lib/python3.8/site-packages/airflow/example_dags/example_sensors.py took 0.188 seconds
[2023-09-14T17:47:11.705+0100] {processor.py:157} INFO - Started process (PID=35394) to work on /home/joestar/Documents/projects/airflow_etl/airflow_env/lib/python3.8/site-packages/airflow/example_dags/example_sensors.py
[2023-09-14T17:47:11.707+0100] {processor.py:829} INFO - Processing file /home/joestar/Documents/projects/airflow_etl/airflow_env/lib/python3.8/site-packages/airflow/example_dags/example_sensors.py for tasks to queue
[2023-09-14T17:47:11.710+0100] {logging_mixin.py:151} INFO - [2023-09-14T17:47:11.708+0100] {dagbag.py:539} INFO - Filling up the DagBag from /home/joestar/Documents/projects/airflow_etl/airflow_env/lib/python3.8/site-packages/airflow/example_dags/example_sensors.py
[2023-09-14T17:47:11.728+0100] {processor.py:839} INFO - DAG(s) dict_keys(['example_sensors']) retrieved from /home/joestar/Documents/projects/airflow_etl/airflow_env/lib/python3.8/site-packages/airflow/example_dags/example_sensors.py
[2023-09-14T17:47:11.764+0100] {logging_mixin.py:151} INFO - [2023-09-14T17:47:11.763+0100] {dag.py:2915} INFO - Sync 1 DAGs
[2023-09-14T17:47:11.785+0100] {logging_mixin.py:151} INFO - [2023-09-14T17:47:11.785+0100] {dag.py:3696} INFO - Setting next_dagrun for example_sensors to None, run_after=None
[2023-09-14T17:47:11.830+0100] {processor.py:179} INFO - Processing /home/joestar/Documents/projects/airflow_etl/airflow_env/lib/python3.8/site-packages/airflow/example_dags/example_sensors.py took 0.130 seconds
[2023-09-14T17:48:09.503+0100] {processor.py:157} INFO - Started process (PID=35623) to work on /home/joestar/Documents/projects/airflow_etl/airflow_env/lib/python3.8/site-packages/airflow/example_dags/example_sensors.py
[2023-09-14T17:48:09.504+0100] {processor.py:829} INFO - Processing file /home/joestar/Documents/projects/airflow_etl/airflow_env/lib/python3.8/site-packages/airflow/example_dags/example_sensors.py for tasks to queue
[2023-09-14T17:48:09.505+0100] {logging_mixin.py:151} INFO - [2023-09-14T17:48:09.505+0100] {dagbag.py:539} INFO - Filling up the DagBag from /home/joestar/Documents/projects/airflow_etl/airflow_env/lib/python3.8/site-packages/airflow/example_dags/example_sensors.py
[2023-09-14T17:48:09.520+0100] {processor.py:839} INFO - DAG(s) dict_keys(['example_sensors']) retrieved from /home/joestar/Documents/projects/airflow_etl/airflow_env/lib/python3.8/site-packages/airflow/example_dags/example_sensors.py
[2023-09-14T17:48:09.552+0100] {logging_mixin.py:151} INFO - [2023-09-14T17:48:09.552+0100] {dag.py:2915} INFO - Sync 1 DAGs
[2023-09-14T17:48:09.571+0100] {logging_mixin.py:151} INFO - [2023-09-14T17:48:09.570+0100] {dag.py:3696} INFO - Setting next_dagrun for example_sensors to None, run_after=None
[2023-09-14T17:48:09.613+0100] {processor.py:179} INFO - Processing /home/joestar/Documents/projects/airflow_etl/airflow_env/lib/python3.8/site-packages/airflow/example_dags/example_sensors.py took 0.114 seconds
[2023-09-14T17:49:12.948+0100] {processor.py:157} INFO - Started process (PID=35870) to work on /home/joestar/Documents/projects/airflow_etl/airflow_env/lib/python3.8/site-packages/airflow/example_dags/example_sensors.py
[2023-09-14T17:49:12.949+0100] {processor.py:829} INFO - Processing file /home/joestar/Documents/projects/airflow_etl/airflow_env/lib/python3.8/site-packages/airflow/example_dags/example_sensors.py for tasks to queue
[2023-09-14T17:49:12.950+0100] {logging_mixin.py:151} INFO - [2023-09-14T17:49:12.950+0100] {dagbag.py:539} INFO - Filling up the DagBag from /home/joestar/Documents/projects/airflow_etl/airflow_env/lib/python3.8/site-packages/airflow/example_dags/example_sensors.py
[2023-09-14T17:49:12.960+0100] {processor.py:839} INFO - DAG(s) dict_keys(['example_sensors']) retrieved from /home/joestar/Documents/projects/airflow_etl/airflow_env/lib/python3.8/site-packages/airflow/example_dags/example_sensors.py
[2023-09-14T17:49:12.980+0100] {logging_mixin.py:151} INFO - [2023-09-14T17:49:12.980+0100] {dag.py:2915} INFO - Sync 1 DAGs
[2023-09-14T17:49:12.991+0100] {logging_mixin.py:151} INFO - [2023-09-14T17:49:12.990+0100] {dag.py:3696} INFO - Setting next_dagrun for example_sensors to None, run_after=None
[2023-09-14T17:49:13.015+0100] {processor.py:179} INFO - Processing /home/joestar/Documents/projects/airflow_etl/airflow_env/lib/python3.8/site-packages/airflow/example_dags/example_sensors.py took 0.069 seconds
[2023-09-14T17:50:15.650+0100] {processor.py:157} INFO - Started process (PID=36139) to work on /home/joestar/Documents/projects/airflow_etl/airflow_env/lib/python3.8/site-packages/airflow/example_dags/example_sensors.py
[2023-09-14T17:50:15.651+0100] {processor.py:829} INFO - Processing file /home/joestar/Documents/projects/airflow_etl/airflow_env/lib/python3.8/site-packages/airflow/example_dags/example_sensors.py for tasks to queue
[2023-09-14T17:50:15.651+0100] {logging_mixin.py:151} INFO - [2023-09-14T17:50:15.651+0100] {dagbag.py:539} INFO - Filling up the DagBag from /home/joestar/Documents/projects/airflow_etl/airflow_env/lib/python3.8/site-packages/airflow/example_dags/example_sensors.py
[2023-09-14T17:50:15.662+0100] {processor.py:839} INFO - DAG(s) dict_keys(['example_sensors']) retrieved from /home/joestar/Documents/projects/airflow_etl/airflow_env/lib/python3.8/site-packages/airflow/example_dags/example_sensors.py
[2023-09-14T17:50:15.681+0100] {logging_mixin.py:151} INFO - [2023-09-14T17:50:15.681+0100] {dag.py:2915} INFO - Sync 1 DAGs
[2023-09-14T17:50:15.693+0100] {logging_mixin.py:151} INFO - [2023-09-14T17:50:15.692+0100] {dag.py:3696} INFO - Setting next_dagrun for example_sensors to None, run_after=None
[2023-09-14T17:50:15.718+0100] {processor.py:179} INFO - Processing /home/joestar/Documents/projects/airflow_etl/airflow_env/lib/python3.8/site-packages/airflow/example_dags/example_sensors.py took 0.071 seconds
[2023-09-14T17:51:15.670+0100] {processor.py:157} INFO - Started process (PID=36422) to work on /home/joestar/Documents/projects/airflow_etl/airflow_env/lib/python3.8/site-packages/airflow/example_dags/example_sensors.py
[2023-09-14T17:51:15.671+0100] {processor.py:829} INFO - Processing file /home/joestar/Documents/projects/airflow_etl/airflow_env/lib/python3.8/site-packages/airflow/example_dags/example_sensors.py for tasks to queue
[2023-09-14T17:51:15.673+0100] {logging_mixin.py:151} INFO - [2023-09-14T17:51:15.672+0100] {dagbag.py:539} INFO - Filling up the DagBag from /home/joestar/Documents/projects/airflow_etl/airflow_env/lib/python3.8/site-packages/airflow/example_dags/example_sensors.py
[2023-09-14T17:51:15.686+0100] {processor.py:839} INFO - DAG(s) dict_keys(['example_sensors']) retrieved from /home/joestar/Documents/projects/airflow_etl/airflow_env/lib/python3.8/site-packages/airflow/example_dags/example_sensors.py
[2023-09-14T17:51:15.705+0100] {logging_mixin.py:151} INFO - [2023-09-14T17:51:15.705+0100] {dag.py:2915} INFO - Sync 1 DAGs
[2023-09-14T17:51:15.720+0100] {logging_mixin.py:151} INFO - [2023-09-14T17:51:15.720+0100] {dag.py:3696} INFO - Setting next_dagrun for example_sensors to None, run_after=None
[2023-09-14T17:51:15.751+0100] {processor.py:179} INFO - Processing /home/joestar/Documents/projects/airflow_etl/airflow_env/lib/python3.8/site-packages/airflow/example_dags/example_sensors.py took 0.084 seconds
[2023-09-14T17:52:12.555+0100] {processor.py:157} INFO - Started process (PID=36665) to work on /home/joestar/Documents/projects/airflow_etl/airflow_env/lib/python3.8/site-packages/airflow/example_dags/example_sensors.py
[2023-09-14T17:52:12.556+0100] {processor.py:829} INFO - Processing file /home/joestar/Documents/projects/airflow_etl/airflow_env/lib/python3.8/site-packages/airflow/example_dags/example_sensors.py for tasks to queue
[2023-09-14T17:52:12.558+0100] {logging_mixin.py:151} INFO - [2023-09-14T17:52:12.557+0100] {dagbag.py:539} INFO - Filling up the DagBag from /home/joestar/Documents/projects/airflow_etl/airflow_env/lib/python3.8/site-packages/airflow/example_dags/example_sensors.py
[2023-09-14T17:52:12.573+0100] {processor.py:839} INFO - DAG(s) dict_keys(['example_sensors']) retrieved from /home/joestar/Documents/projects/airflow_etl/airflow_env/lib/python3.8/site-packages/airflow/example_dags/example_sensors.py
[2023-09-14T17:52:12.595+0100] {logging_mixin.py:151} INFO - [2023-09-14T17:52:12.594+0100] {dag.py:2915} INFO - Sync 1 DAGs
[2023-09-14T17:52:12.608+0100] {logging_mixin.py:151} INFO - [2023-09-14T17:52:12.608+0100] {dag.py:3696} INFO - Setting next_dagrun for example_sensors to None, run_after=None
[2023-09-14T17:52:12.638+0100] {processor.py:179} INFO - Processing /home/joestar/Documents/projects/airflow_etl/airflow_env/lib/python3.8/site-packages/airflow/example_dags/example_sensors.py took 0.086 seconds
[2023-09-14T17:53:09.410+0100] {processor.py:157} INFO - Started process (PID=36927) to work on /home/joestar/Documents/projects/airflow_etl/airflow_env/lib/python3.8/site-packages/airflow/example_dags/example_sensors.py
[2023-09-14T17:53:09.411+0100] {processor.py:829} INFO - Processing file /home/joestar/Documents/projects/airflow_etl/airflow_env/lib/python3.8/site-packages/airflow/example_dags/example_sensors.py for tasks to queue
[2023-09-14T17:53:09.412+0100] {logging_mixin.py:151} INFO - [2023-09-14T17:53:09.412+0100] {dagbag.py:539} INFO - Filling up the DagBag from /home/joestar/Documents/projects/airflow_etl/airflow_env/lib/python3.8/site-packages/airflow/example_dags/example_sensors.py
[2023-09-14T17:53:09.424+0100] {processor.py:839} INFO - DAG(s) dict_keys(['example_sensors']) retrieved from /home/joestar/Documents/projects/airflow_etl/airflow_env/lib/python3.8/site-packages/airflow/example_dags/example_sensors.py
[2023-09-14T17:53:09.446+0100] {logging_mixin.py:151} INFO - [2023-09-14T17:53:09.445+0100] {dag.py:2915} INFO - Sync 1 DAGs
[2023-09-14T17:53:09.461+0100] {logging_mixin.py:151} INFO - [2023-09-14T17:53:09.460+0100] {dag.py:3696} INFO - Setting next_dagrun for example_sensors to None, run_after=None
[2023-09-14T17:53:09.495+0100] {processor.py:179} INFO - Processing /home/joestar/Documents/projects/airflow_etl/airflow_env/lib/python3.8/site-packages/airflow/example_dags/example_sensors.py took 0.087 seconds
[2023-09-14T18:03:37.916+0100] {processor.py:157} INFO - Started process (PID=38856) to work on /home/joestar/Documents/projects/airflow_etl/airflow_env/lib/python3.8/site-packages/airflow/example_dags/example_sensors.py
[2023-09-14T18:03:37.917+0100] {processor.py:829} INFO - Processing file /home/joestar/Documents/projects/airflow_etl/airflow_env/lib/python3.8/site-packages/airflow/example_dags/example_sensors.py for tasks to queue
[2023-09-14T18:03:37.918+0100] {logging_mixin.py:151} INFO - [2023-09-14T18:03:37.917+0100] {dagbag.py:539} INFO - Filling up the DagBag from /home/joestar/Documents/projects/airflow_etl/airflow_env/lib/python3.8/site-packages/airflow/example_dags/example_sensors.py
[2023-09-14T18:03:37.930+0100] {processor.py:839} INFO - DAG(s) dict_keys(['example_sensors']) retrieved from /home/joestar/Documents/projects/airflow_etl/airflow_env/lib/python3.8/site-packages/airflow/example_dags/example_sensors.py
[2023-09-14T18:03:37.949+0100] {logging_mixin.py:151} INFO - [2023-09-14T18:03:37.949+0100] {dag.py:2915} INFO - Sync 1 DAGs
[2023-09-14T18:03:37.961+0100] {logging_mixin.py:151} INFO - [2023-09-14T18:03:37.960+0100] {dag.py:3696} INFO - Setting next_dagrun for example_sensors to None, run_after=None
[2023-09-14T18:03:37.990+0100] {processor.py:179} INFO - Processing /home/joestar/Documents/projects/airflow_etl/airflow_env/lib/python3.8/site-packages/airflow/example_dags/example_sensors.py took 0.078 seconds
[2023-09-14T18:04:40.629+0100] {processor.py:157} INFO - Started process (PID=39150) to work on /home/joestar/Documents/projects/airflow_etl/airflow_env/lib/python3.8/site-packages/airflow/example_dags/example_sensors.py
[2023-09-14T18:04:40.630+0100] {processor.py:829} INFO - Processing file /home/joestar/Documents/projects/airflow_etl/airflow_env/lib/python3.8/site-packages/airflow/example_dags/example_sensors.py for tasks to queue
[2023-09-14T18:04:40.630+0100] {logging_mixin.py:151} INFO - [2023-09-14T18:04:40.630+0100] {dagbag.py:539} INFO - Filling up the DagBag from /home/joestar/Documents/projects/airflow_etl/airflow_env/lib/python3.8/site-packages/airflow/example_dags/example_sensors.py
[2023-09-14T18:04:40.639+0100] {processor.py:839} INFO - DAG(s) dict_keys(['example_sensors']) retrieved from /home/joestar/Documents/projects/airflow_etl/airflow_env/lib/python3.8/site-packages/airflow/example_dags/example_sensors.py
[2023-09-14T18:04:40.665+0100] {logging_mixin.py:151} INFO - [2023-09-14T18:04:40.665+0100] {dag.py:2915} INFO - Sync 1 DAGs
[2023-09-14T18:04:40.680+0100] {logging_mixin.py:151} INFO - [2023-09-14T18:04:40.679+0100] {dag.py:3696} INFO - Setting next_dagrun for example_sensors to None, run_after=None
[2023-09-14T18:04:40.707+0100] {processor.py:179} INFO - Processing /home/joestar/Documents/projects/airflow_etl/airflow_env/lib/python3.8/site-packages/airflow/example_dags/example_sensors.py took 0.082 seconds
