[2023-09-14T17:12:24.475+0100] {processor.py:157} INFO - Started process (PID=24380) to work on /home/joestar/Documents/projects/airflow_etl/airflow_env/lib/python3.8/site-packages/airflow/example_dags/example_params_ui_tutorial.py
[2023-09-14T17:12:24.476+0100] {processor.py:829} INFO - Processing file /home/joestar/Documents/projects/airflow_etl/airflow_env/lib/python3.8/site-packages/airflow/example_dags/example_params_ui_tutorial.py for tasks to queue
[2023-09-14T17:12:24.477+0100] {logging_mixin.py:151} INFO - [2023-09-14T17:12:24.477+0100] {dagbag.py:539} INFO - Filling up the DagBag from /home/joestar/Documents/projects/airflow_etl/airflow_env/lib/python3.8/site-packages/airflow/example_dags/example_params_ui_tutorial.py
[2023-09-14T17:12:24.512+0100] {processor.py:839} INFO - DAG(s) dict_keys(['example_params_ui_tutorial']) retrieved from /home/joestar/Documents/projects/airflow_etl/airflow_env/lib/python3.8/site-packages/airflow/example_dags/example_params_ui_tutorial.py
[2023-09-14T17:12:24.635+0100] {logging_mixin.py:151} INFO - [2023-09-14T17:12:24.634+0100] {manager.py:499} INFO - Created Permission View: %s
[2023-09-14T17:12:24.653+0100] {logging_mixin.py:151} INFO - [2023-09-14T17:12:24.652+0100] {manager.py:499} INFO - Created Permission View: %s
[2023-09-14T17:12:24.680+0100] {logging_mixin.py:151} INFO - [2023-09-14T17:12:24.680+0100] {manager.py:499} INFO - Created Permission View: %s
[2023-09-14T17:12:24.682+0100] {logging_mixin.py:151} INFO - [2023-09-14T17:12:24.681+0100] {security.py:708} INFO - Not syncing DAG-level permissions for DAG 'DAG:example_params_ui_tutorial' as access control is unset.
[2023-09-14T17:12:24.683+0100] {logging_mixin.py:151} INFO - [2023-09-14T17:12:24.682+0100] {dag.py:2915} INFO - Sync 1 DAGs
[2023-09-14T17:12:24.702+0100] {logging_mixin.py:151} INFO - [2023-09-14T17:12:24.701+0100] {dag.py:2937} INFO - Creating ORM DAG for example_params_ui_tutorial
[2023-09-14T17:12:24.702+0100] {logging_mixin.py:151} INFO - [2023-09-14T17:12:24.702+0100] {dag.py:3696} INFO - Setting next_dagrun for example_params_ui_tutorial to None, run_after=None
[2023-09-14T17:12:24.736+0100] {processor.py:179} INFO - Processing /home/joestar/Documents/projects/airflow_etl/airflow_env/lib/python3.8/site-packages/airflow/example_dags/example_params_ui_tutorial.py took 0.265 seconds
[2023-09-14T17:13:16.815+0100] {processor.py:157} INFO - Started process (PID=24781) to work on /home/joestar/Documents/projects/airflow_etl/airflow_env/lib/python3.8/site-packages/airflow/example_dags/example_params_ui_tutorial.py
[2023-09-14T17:13:16.817+0100] {processor.py:829} INFO - Processing file /home/joestar/Documents/projects/airflow_etl/airflow_env/lib/python3.8/site-packages/airflow/example_dags/example_params_ui_tutorial.py for tasks to queue
[2023-09-14T17:13:16.818+0100] {logging_mixin.py:151} INFO - [2023-09-14T17:13:16.818+0100] {dagbag.py:539} INFO - Filling up the DagBag from /home/joestar/Documents/projects/airflow_etl/airflow_env/lib/python3.8/site-packages/airflow/example_dags/example_params_ui_tutorial.py
[2023-09-14T17:13:16.857+0100] {processor.py:839} INFO - DAG(s) dict_keys(['example_params_ui_tutorial']) retrieved from /home/joestar/Documents/projects/airflow_etl/airflow_env/lib/python3.8/site-packages/airflow/example_dags/example_params_ui_tutorial.py
[2023-09-14T17:13:16.898+0100] {logging_mixin.py:151} INFO - [2023-09-14T17:13:16.897+0100] {dag.py:2915} INFO - Sync 1 DAGs
[2023-09-14T17:13:16.907+0100] {logging_mixin.py:151} INFO - [2023-09-14T17:13:16.906+0100] {dag.py:3696} INFO - Setting next_dagrun for example_params_ui_tutorial to None, run_after=None
[2023-09-14T17:13:16.931+0100] {processor.py:179} INFO - Processing /home/joestar/Documents/projects/airflow_etl/airflow_env/lib/python3.8/site-packages/airflow/example_dags/example_params_ui_tutorial.py took 0.121 seconds
[2023-09-14T17:14:06.320+0100] {processor.py:157} INFO - Started process (PID=25112) to work on /home/joestar/Documents/projects/airflow_etl/airflow_env/lib/python3.8/site-packages/airflow/example_dags/example_params_ui_tutorial.py
[2023-09-14T17:14:06.321+0100] {processor.py:829} INFO - Processing file /home/joestar/Documents/projects/airflow_etl/airflow_env/lib/python3.8/site-packages/airflow/example_dags/example_params_ui_tutorial.py for tasks to queue
[2023-09-14T17:14:06.323+0100] {logging_mixin.py:151} INFO - [2023-09-14T17:14:06.322+0100] {dagbag.py:539} INFO - Filling up the DagBag from /home/joestar/Documents/projects/airflow_etl/airflow_env/lib/python3.8/site-packages/airflow/example_dags/example_params_ui_tutorial.py
[2023-09-14T17:14:06.354+0100] {processor.py:839} INFO - DAG(s) dict_keys(['example_params_ui_tutorial']) retrieved from /home/joestar/Documents/projects/airflow_etl/airflow_env/lib/python3.8/site-packages/airflow/example_dags/example_params_ui_tutorial.py
[2023-09-14T17:14:06.394+0100] {logging_mixin.py:151} INFO - [2023-09-14T17:14:06.393+0100] {dag.py:2915} INFO - Sync 1 DAGs
[2023-09-14T17:14:06.403+0100] {logging_mixin.py:151} INFO - [2023-09-14T17:14:06.403+0100] {dag.py:3696} INFO - Setting next_dagrun for example_params_ui_tutorial to None, run_after=None
[2023-09-14T17:14:06.425+0100] {processor.py:179} INFO - Processing /home/joestar/Documents/projects/airflow_etl/airflow_env/lib/python3.8/site-packages/airflow/example_dags/example_params_ui_tutorial.py took 0.108 seconds
[2023-09-14T17:15:01.001+0100] {processor.py:157} INFO - Started process (PID=25752) to work on /home/joestar/Documents/projects/airflow_etl/airflow_env/lib/python3.8/site-packages/airflow/example_dags/example_params_ui_tutorial.py
[2023-09-14T17:15:01.003+0100] {processor.py:829} INFO - Processing file /home/joestar/Documents/projects/airflow_etl/airflow_env/lib/python3.8/site-packages/airflow/example_dags/example_params_ui_tutorial.py for tasks to queue
[2023-09-14T17:15:01.004+0100] {logging_mixin.py:151} INFO - [2023-09-14T17:15:01.003+0100] {dagbag.py:539} INFO - Filling up the DagBag from /home/joestar/Documents/projects/airflow_etl/airflow_env/lib/python3.8/site-packages/airflow/example_dags/example_params_ui_tutorial.py
[2023-09-14T17:15:01.034+0100] {processor.py:839} INFO - DAG(s) dict_keys(['example_params_ui_tutorial']) retrieved from /home/joestar/Documents/projects/airflow_etl/airflow_env/lib/python3.8/site-packages/airflow/example_dags/example_params_ui_tutorial.py
[2023-09-14T17:15:01.088+0100] {logging_mixin.py:151} INFO - [2023-09-14T17:15:01.087+0100] {dag.py:2915} INFO - Sync 1 DAGs
[2023-09-14T17:15:01.099+0100] {logging_mixin.py:151} INFO - [2023-09-14T17:15:01.099+0100] {dag.py:3696} INFO - Setting next_dagrun for example_params_ui_tutorial to None, run_after=None
[2023-09-14T17:15:01.125+0100] {processor.py:179} INFO - Processing /home/joestar/Documents/projects/airflow_etl/airflow_env/lib/python3.8/site-packages/airflow/example_dags/example_params_ui_tutorial.py took 0.128 seconds
[2023-09-14T17:15:58.263+0100] {processor.py:157} INFO - Started process (PID=26045) to work on /home/joestar/Documents/projects/airflow_etl/airflow_env/lib/python3.8/site-packages/airflow/example_dags/example_params_ui_tutorial.py
[2023-09-14T17:15:58.264+0100] {processor.py:829} INFO - Processing file /home/joestar/Documents/projects/airflow_etl/airflow_env/lib/python3.8/site-packages/airflow/example_dags/example_params_ui_tutorial.py for tasks to queue
[2023-09-14T17:15:58.266+0100] {logging_mixin.py:151} INFO - [2023-09-14T17:15:58.265+0100] {dagbag.py:539} INFO - Filling up the DagBag from /home/joestar/Documents/projects/airflow_etl/airflow_env/lib/python3.8/site-packages/airflow/example_dags/example_params_ui_tutorial.py
[2023-09-14T17:15:58.309+0100] {processor.py:839} INFO - DAG(s) dict_keys(['example_params_ui_tutorial']) retrieved from /home/joestar/Documents/projects/airflow_etl/airflow_env/lib/python3.8/site-packages/airflow/example_dags/example_params_ui_tutorial.py
[2023-09-14T17:15:58.399+0100] {logging_mixin.py:151} INFO - [2023-09-14T17:15:58.398+0100] {dag.py:2915} INFO - Sync 1 DAGs
[2023-09-14T17:15:58.415+0100] {logging_mixin.py:151} INFO - [2023-09-14T17:15:58.415+0100] {dag.py:3696} INFO - Setting next_dagrun for example_params_ui_tutorial to None, run_after=None
[2023-09-14T17:15:58.464+0100] {processor.py:179} INFO - Processing /home/joestar/Documents/projects/airflow_etl/airflow_env/lib/python3.8/site-packages/airflow/example_dags/example_params_ui_tutorial.py took 0.205 seconds
[2023-09-14T17:16:52.997+0100] {processor.py:157} INFO - Started process (PID=26317) to work on /home/joestar/Documents/projects/airflow_etl/airflow_env/lib/python3.8/site-packages/airflow/example_dags/example_params_ui_tutorial.py
[2023-09-14T17:16:52.998+0100] {processor.py:829} INFO - Processing file /home/joestar/Documents/projects/airflow_etl/airflow_env/lib/python3.8/site-packages/airflow/example_dags/example_params_ui_tutorial.py for tasks to queue
[2023-09-14T17:16:53.000+0100] {logging_mixin.py:151} INFO - [2023-09-14T17:16:52.999+0100] {dagbag.py:539} INFO - Filling up the DagBag from /home/joestar/Documents/projects/airflow_etl/airflow_env/lib/python3.8/site-packages/airflow/example_dags/example_params_ui_tutorial.py
[2023-09-14T17:16:53.058+0100] {processor.py:839} INFO - DAG(s) dict_keys(['example_params_ui_tutorial']) retrieved from /home/joestar/Documents/projects/airflow_etl/airflow_env/lib/python3.8/site-packages/airflow/example_dags/example_params_ui_tutorial.py
[2023-09-14T17:16:53.122+0100] {logging_mixin.py:151} INFO - [2023-09-14T17:16:53.122+0100] {dag.py:2915} INFO - Sync 1 DAGs
[2023-09-14T17:16:53.135+0100] {logging_mixin.py:151} INFO - [2023-09-14T17:16:53.135+0100] {dag.py:3696} INFO - Setting next_dagrun for example_params_ui_tutorial to None, run_after=None
[2023-09-14T17:16:53.169+0100] {processor.py:179} INFO - Processing /home/joestar/Documents/projects/airflow_etl/airflow_env/lib/python3.8/site-packages/airflow/example_dags/example_params_ui_tutorial.py took 0.177 seconds
[2023-09-14T17:17:43.413+0100] {processor.py:157} INFO - Started process (PID=26574) to work on /home/joestar/Documents/projects/airflow_etl/airflow_env/lib/python3.8/site-packages/airflow/example_dags/example_params_ui_tutorial.py
[2023-09-14T17:17:43.414+0100] {processor.py:829} INFO - Processing file /home/joestar/Documents/projects/airflow_etl/airflow_env/lib/python3.8/site-packages/airflow/example_dags/example_params_ui_tutorial.py for tasks to queue
[2023-09-14T17:17:43.416+0100] {logging_mixin.py:151} INFO - [2023-09-14T17:17:43.415+0100] {dagbag.py:539} INFO - Filling up the DagBag from /home/joestar/Documents/projects/airflow_etl/airflow_env/lib/python3.8/site-packages/airflow/example_dags/example_params_ui_tutorial.py
[2023-09-14T17:17:43.461+0100] {processor.py:839} INFO - DAG(s) dict_keys(['example_params_ui_tutorial']) retrieved from /home/joestar/Documents/projects/airflow_etl/airflow_env/lib/python3.8/site-packages/airflow/example_dags/example_params_ui_tutorial.py
[2023-09-14T17:17:43.539+0100] {logging_mixin.py:151} INFO - [2023-09-14T17:17:43.538+0100] {dag.py:2915} INFO - Sync 1 DAGs
[2023-09-14T17:17:43.552+0100] {logging_mixin.py:151} INFO - [2023-09-14T17:17:43.552+0100] {dag.py:3696} INFO - Setting next_dagrun for example_params_ui_tutorial to None, run_after=None
[2023-09-14T17:17:43.581+0100] {processor.py:179} INFO - Processing /home/joestar/Documents/projects/airflow_etl/airflow_env/lib/python3.8/site-packages/airflow/example_dags/example_params_ui_tutorial.py took 0.171 seconds
[2023-09-14T17:18:31.530+0100] {processor.py:157} INFO - Started process (PID=26845) to work on /home/joestar/Documents/projects/airflow_etl/airflow_env/lib/python3.8/site-packages/airflow/example_dags/example_params_ui_tutorial.py
[2023-09-14T17:18:31.531+0100] {processor.py:829} INFO - Processing file /home/joestar/Documents/projects/airflow_etl/airflow_env/lib/python3.8/site-packages/airflow/example_dags/example_params_ui_tutorial.py for tasks to queue
[2023-09-14T17:18:31.531+0100] {logging_mixin.py:151} INFO - [2023-09-14T17:18:31.531+0100] {dagbag.py:539} INFO - Filling up the DagBag from /home/joestar/Documents/projects/airflow_etl/airflow_env/lib/python3.8/site-packages/airflow/example_dags/example_params_ui_tutorial.py
[2023-09-14T17:18:31.570+0100] {processor.py:839} INFO - DAG(s) dict_keys(['example_params_ui_tutorial']) retrieved from /home/joestar/Documents/projects/airflow_etl/airflow_env/lib/python3.8/site-packages/airflow/example_dags/example_params_ui_tutorial.py
[2023-09-14T17:18:31.618+0100] {logging_mixin.py:151} INFO - [2023-09-14T17:18:31.618+0100] {dag.py:2915} INFO - Sync 1 DAGs
[2023-09-14T17:18:31.629+0100] {logging_mixin.py:151} INFO - [2023-09-14T17:18:31.629+0100] {dag.py:3696} INFO - Setting next_dagrun for example_params_ui_tutorial to None, run_after=None
[2023-09-14T17:18:31.670+0100] {processor.py:179} INFO - Processing /home/joestar/Documents/projects/airflow_etl/airflow_env/lib/python3.8/site-packages/airflow/example_dags/example_params_ui_tutorial.py took 0.143 seconds
[2023-09-14T17:19:30.893+0100] {processor.py:157} INFO - Started process (PID=27325) to work on /home/joestar/Documents/projects/airflow_etl/airflow_env/lib/python3.8/site-packages/airflow/example_dags/example_params_ui_tutorial.py
[2023-09-14T17:19:30.894+0100] {processor.py:829} INFO - Processing file /home/joestar/Documents/projects/airflow_etl/airflow_env/lib/python3.8/site-packages/airflow/example_dags/example_params_ui_tutorial.py for tasks to queue
[2023-09-14T17:19:30.896+0100] {logging_mixin.py:151} INFO - [2023-09-14T17:19:30.895+0100] {dagbag.py:539} INFO - Filling up the DagBag from /home/joestar/Documents/projects/airflow_etl/airflow_env/lib/python3.8/site-packages/airflow/example_dags/example_params_ui_tutorial.py
[2023-09-14T17:19:30.959+0100] {processor.py:839} INFO - DAG(s) dict_keys(['example_params_ui_tutorial']) retrieved from /home/joestar/Documents/projects/airflow_etl/airflow_env/lib/python3.8/site-packages/airflow/example_dags/example_params_ui_tutorial.py
[2023-09-14T17:19:31.057+0100] {logging_mixin.py:151} INFO - [2023-09-14T17:19:31.057+0100] {dag.py:2915} INFO - Sync 1 DAGs
[2023-09-14T17:19:31.077+0100] {logging_mixin.py:151} INFO - [2023-09-14T17:19:31.077+0100] {dag.py:3696} INFO - Setting next_dagrun for example_params_ui_tutorial to None, run_after=None
[2023-09-14T17:19:31.116+0100] {processor.py:179} INFO - Processing /home/joestar/Documents/projects/airflow_etl/airflow_env/lib/python3.8/site-packages/airflow/example_dags/example_params_ui_tutorial.py took 0.227 seconds
[2023-09-14T17:20:25.439+0100] {processor.py:157} INFO - Started process (PID=27551) to work on /home/joestar/Documents/projects/airflow_etl/airflow_env/lib/python3.8/site-packages/airflow/example_dags/example_params_ui_tutorial.py
[2023-09-14T17:20:25.441+0100] {processor.py:829} INFO - Processing file /home/joestar/Documents/projects/airflow_etl/airflow_env/lib/python3.8/site-packages/airflow/example_dags/example_params_ui_tutorial.py for tasks to queue
[2023-09-14T17:20:25.443+0100] {logging_mixin.py:151} INFO - [2023-09-14T17:20:25.443+0100] {dagbag.py:539} INFO - Filling up the DagBag from /home/joestar/Documents/projects/airflow_etl/airflow_env/lib/python3.8/site-packages/airflow/example_dags/example_params_ui_tutorial.py
[2023-09-14T17:20:25.520+0100] {processor.py:839} INFO - DAG(s) dict_keys(['example_params_ui_tutorial']) retrieved from /home/joestar/Documents/projects/airflow_etl/airflow_env/lib/python3.8/site-packages/airflow/example_dags/example_params_ui_tutorial.py
[2023-09-14T17:20:25.576+0100] {logging_mixin.py:151} INFO - [2023-09-14T17:20:25.576+0100] {dag.py:2915} INFO - Sync 1 DAGs
[2023-09-14T17:20:25.588+0100] {logging_mixin.py:151} INFO - [2023-09-14T17:20:25.588+0100] {dag.py:3696} INFO - Setting next_dagrun for example_params_ui_tutorial to None, run_after=None
[2023-09-14T17:20:25.611+0100] {processor.py:179} INFO - Processing /home/joestar/Documents/projects/airflow_etl/airflow_env/lib/python3.8/site-packages/airflow/example_dags/example_params_ui_tutorial.py took 0.179 seconds
[2023-09-14T17:21:15.880+0100] {processor.py:157} INFO - Started process (PID=27781) to work on /home/joestar/Documents/projects/airflow_etl/airflow_env/lib/python3.8/site-packages/airflow/example_dags/example_params_ui_tutorial.py
[2023-09-14T17:21:15.881+0100] {processor.py:829} INFO - Processing file /home/joestar/Documents/projects/airflow_etl/airflow_env/lib/python3.8/site-packages/airflow/example_dags/example_params_ui_tutorial.py for tasks to queue
[2023-09-14T17:21:15.883+0100] {logging_mixin.py:151} INFO - [2023-09-14T17:21:15.882+0100] {dagbag.py:539} INFO - Filling up the DagBag from /home/joestar/Documents/projects/airflow_etl/airflow_env/lib/python3.8/site-packages/airflow/example_dags/example_params_ui_tutorial.py
[2023-09-14T17:21:15.944+0100] {processor.py:839} INFO - DAG(s) dict_keys(['example_params_ui_tutorial']) retrieved from /home/joestar/Documents/projects/airflow_etl/airflow_env/lib/python3.8/site-packages/airflow/example_dags/example_params_ui_tutorial.py
[2023-09-14T17:21:16.051+0100] {logging_mixin.py:151} INFO - [2023-09-14T17:21:16.050+0100] {dag.py:2915} INFO - Sync 1 DAGs
[2023-09-14T17:21:16.070+0100] {logging_mixin.py:151} INFO - [2023-09-14T17:21:16.070+0100] {dag.py:3696} INFO - Setting next_dagrun for example_params_ui_tutorial to None, run_after=None
[2023-09-14T17:21:16.109+0100] {processor.py:179} INFO - Processing /home/joestar/Documents/projects/airflow_etl/airflow_env/lib/python3.8/site-packages/airflow/example_dags/example_params_ui_tutorial.py took 0.232 seconds
[2023-09-14T17:22:09.490+0100] {processor.py:157} INFO - Started process (PID=27995) to work on /home/joestar/Documents/projects/airflow_etl/airflow_env/lib/python3.8/site-packages/airflow/example_dags/example_params_ui_tutorial.py
[2023-09-14T17:22:09.491+0100] {processor.py:829} INFO - Processing file /home/joestar/Documents/projects/airflow_etl/airflow_env/lib/python3.8/site-packages/airflow/example_dags/example_params_ui_tutorial.py for tasks to queue
[2023-09-14T17:22:09.492+0100] {logging_mixin.py:151} INFO - [2023-09-14T17:22:09.491+0100] {dagbag.py:539} INFO - Filling up the DagBag from /home/joestar/Documents/projects/airflow_etl/airflow_env/lib/python3.8/site-packages/airflow/example_dags/example_params_ui_tutorial.py
[2023-09-14T17:22:09.522+0100] {processor.py:839} INFO - DAG(s) dict_keys(['example_params_ui_tutorial']) retrieved from /home/joestar/Documents/projects/airflow_etl/airflow_env/lib/python3.8/site-packages/airflow/example_dags/example_params_ui_tutorial.py
[2023-09-14T17:22:09.583+0100] {logging_mixin.py:151} INFO - [2023-09-14T17:22:09.583+0100] {dag.py:2915} INFO - Sync 1 DAGs
[2023-09-14T17:22:09.594+0100] {logging_mixin.py:151} INFO - [2023-09-14T17:22:09.594+0100] {dag.py:3696} INFO - Setting next_dagrun for example_params_ui_tutorial to None, run_after=None
[2023-09-14T17:22:09.619+0100] {processor.py:179} INFO - Processing /home/joestar/Documents/projects/airflow_etl/airflow_env/lib/python3.8/site-packages/airflow/example_dags/example_params_ui_tutorial.py took 0.132 seconds
[2023-09-14T17:23:03.695+0100] {processor.py:157} INFO - Started process (PID=28243) to work on /home/joestar/Documents/projects/airflow_etl/airflow_env/lib/python3.8/site-packages/airflow/example_dags/example_params_ui_tutorial.py
[2023-09-14T17:23:03.696+0100] {processor.py:829} INFO - Processing file /home/joestar/Documents/projects/airflow_etl/airflow_env/lib/python3.8/site-packages/airflow/example_dags/example_params_ui_tutorial.py for tasks to queue
[2023-09-14T17:23:03.697+0100] {logging_mixin.py:151} INFO - [2023-09-14T17:23:03.697+0100] {dagbag.py:539} INFO - Filling up the DagBag from /home/joestar/Documents/projects/airflow_etl/airflow_env/lib/python3.8/site-packages/airflow/example_dags/example_params_ui_tutorial.py
[2023-09-14T17:23:03.744+0100] {processor.py:839} INFO - DAG(s) dict_keys(['example_params_ui_tutorial']) retrieved from /home/joestar/Documents/projects/airflow_etl/airflow_env/lib/python3.8/site-packages/airflow/example_dags/example_params_ui_tutorial.py
[2023-09-14T17:23:03.816+0100] {logging_mixin.py:151} INFO - [2023-09-14T17:23:03.816+0100] {dag.py:2915} INFO - Sync 1 DAGs
[2023-09-14T17:23:03.831+0100] {logging_mixin.py:151} INFO - [2023-09-14T17:23:03.831+0100] {dag.py:3696} INFO - Setting next_dagrun for example_params_ui_tutorial to None, run_after=None
[2023-09-14T17:23:03.866+0100] {processor.py:179} INFO - Processing /home/joestar/Documents/projects/airflow_etl/airflow_env/lib/python3.8/site-packages/airflow/example_dags/example_params_ui_tutorial.py took 0.175 seconds
[2023-09-14T17:24:01.062+0100] {processor.py:157} INFO - Started process (PID=28506) to work on /home/joestar/Documents/projects/airflow_etl/airflow_env/lib/python3.8/site-packages/airflow/example_dags/example_params_ui_tutorial.py
[2023-09-14T17:24:01.064+0100] {processor.py:829} INFO - Processing file /home/joestar/Documents/projects/airflow_etl/airflow_env/lib/python3.8/site-packages/airflow/example_dags/example_params_ui_tutorial.py for tasks to queue
[2023-09-14T17:24:01.066+0100] {logging_mixin.py:151} INFO - [2023-09-14T17:24:01.065+0100] {dagbag.py:539} INFO - Filling up the DagBag from /home/joestar/Documents/projects/airflow_etl/airflow_env/lib/python3.8/site-packages/airflow/example_dags/example_params_ui_tutorial.py
[2023-09-14T17:24:01.113+0100] {processor.py:839} INFO - DAG(s) dict_keys(['example_params_ui_tutorial']) retrieved from /home/joestar/Documents/projects/airflow_etl/airflow_env/lib/python3.8/site-packages/airflow/example_dags/example_params_ui_tutorial.py
[2023-09-14T17:24:01.195+0100] {logging_mixin.py:151} INFO - [2023-09-14T17:24:01.195+0100] {dag.py:2915} INFO - Sync 1 DAGs
[2023-09-14T17:24:01.214+0100] {logging_mixin.py:151} INFO - [2023-09-14T17:24:01.214+0100] {dag.py:3696} INFO - Setting next_dagrun for example_params_ui_tutorial to None, run_after=None
[2023-09-14T17:24:01.251+0100] {processor.py:179} INFO - Processing /home/joestar/Documents/projects/airflow_etl/airflow_env/lib/python3.8/site-packages/airflow/example_dags/example_params_ui_tutorial.py took 0.196 seconds
[2023-09-14T17:25:00.044+0100] {processor.py:157} INFO - Started process (PID=28740) to work on /home/joestar/Documents/projects/airflow_etl/airflow_env/lib/python3.8/site-packages/airflow/example_dags/example_params_ui_tutorial.py
[2023-09-14T17:25:00.045+0100] {processor.py:829} INFO - Processing file /home/joestar/Documents/projects/airflow_etl/airflow_env/lib/python3.8/site-packages/airflow/example_dags/example_params_ui_tutorial.py for tasks to queue
[2023-09-14T17:25:00.046+0100] {logging_mixin.py:151} INFO - [2023-09-14T17:25:00.046+0100] {dagbag.py:539} INFO - Filling up the DagBag from /home/joestar/Documents/projects/airflow_etl/airflow_env/lib/python3.8/site-packages/airflow/example_dags/example_params_ui_tutorial.py
[2023-09-14T17:25:00.076+0100] {processor.py:839} INFO - DAG(s) dict_keys(['example_params_ui_tutorial']) retrieved from /home/joestar/Documents/projects/airflow_etl/airflow_env/lib/python3.8/site-packages/airflow/example_dags/example_params_ui_tutorial.py
[2023-09-14T17:25:00.123+0100] {logging_mixin.py:151} INFO - [2023-09-14T17:25:00.123+0100] {dag.py:2915} INFO - Sync 1 DAGs
[2023-09-14T17:25:00.136+0100] {logging_mixin.py:151} INFO - [2023-09-14T17:25:00.136+0100] {dag.py:3696} INFO - Setting next_dagrun for example_params_ui_tutorial to None, run_after=None
[2023-09-14T17:25:00.161+0100] {processor.py:179} INFO - Processing /home/joestar/Documents/projects/airflow_etl/airflow_env/lib/python3.8/site-packages/airflow/example_dags/example_params_ui_tutorial.py took 0.119 seconds
[2023-09-14T17:25:54.000+0100] {processor.py:157} INFO - Started process (PID=28974) to work on /home/joestar/Documents/projects/airflow_etl/airflow_env/lib/python3.8/site-packages/airflow/example_dags/example_params_ui_tutorial.py
[2023-09-14T17:25:54.001+0100] {processor.py:829} INFO - Processing file /home/joestar/Documents/projects/airflow_etl/airflow_env/lib/python3.8/site-packages/airflow/example_dags/example_params_ui_tutorial.py for tasks to queue
[2023-09-14T17:25:54.002+0100] {logging_mixin.py:151} INFO - [2023-09-14T17:25:54.002+0100] {dagbag.py:539} INFO - Filling up the DagBag from /home/joestar/Documents/projects/airflow_etl/airflow_env/lib/python3.8/site-packages/airflow/example_dags/example_params_ui_tutorial.py
[2023-09-14T17:25:54.031+0100] {processor.py:839} INFO - DAG(s) dict_keys(['example_params_ui_tutorial']) retrieved from /home/joestar/Documents/projects/airflow_etl/airflow_env/lib/python3.8/site-packages/airflow/example_dags/example_params_ui_tutorial.py
[2023-09-14T17:25:54.079+0100] {logging_mixin.py:151} INFO - [2023-09-14T17:25:54.079+0100] {dag.py:2915} INFO - Sync 1 DAGs
[2023-09-14T17:25:54.090+0100] {logging_mixin.py:151} INFO - [2023-09-14T17:25:54.089+0100] {dag.py:3696} INFO - Setting next_dagrun for example_params_ui_tutorial to None, run_after=None
[2023-09-14T17:25:54.114+0100] {processor.py:179} INFO - Processing /home/joestar/Documents/projects/airflow_etl/airflow_env/lib/python3.8/site-packages/airflow/example_dags/example_params_ui_tutorial.py took 0.116 seconds
[2023-09-14T17:26:46.987+0100] {processor.py:157} INFO - Started process (PID=29193) to work on /home/joestar/Documents/projects/airflow_etl/airflow_env/lib/python3.8/site-packages/airflow/example_dags/example_params_ui_tutorial.py
[2023-09-14T17:26:46.990+0100] {processor.py:829} INFO - Processing file /home/joestar/Documents/projects/airflow_etl/airflow_env/lib/python3.8/site-packages/airflow/example_dags/example_params_ui_tutorial.py for tasks to queue
[2023-09-14T17:26:46.993+0100] {logging_mixin.py:151} INFO - [2023-09-14T17:26:46.991+0100] {dagbag.py:539} INFO - Filling up the DagBag from /home/joestar/Documents/projects/airflow_etl/airflow_env/lib/python3.8/site-packages/airflow/example_dags/example_params_ui_tutorial.py
[2023-09-14T17:26:47.035+0100] {processor.py:839} INFO - DAG(s) dict_keys(['example_params_ui_tutorial']) retrieved from /home/joestar/Documents/projects/airflow_etl/airflow_env/lib/python3.8/site-packages/airflow/example_dags/example_params_ui_tutorial.py
[2023-09-14T17:26:47.076+0100] {logging_mixin.py:151} INFO - [2023-09-14T17:26:47.076+0100] {dag.py:2915} INFO - Sync 1 DAGs
[2023-09-14T17:26:47.085+0100] {logging_mixin.py:151} INFO - [2023-09-14T17:26:47.085+0100] {dag.py:3696} INFO - Setting next_dagrun for example_params_ui_tutorial to None, run_after=None
[2023-09-14T17:26:47.113+0100] {processor.py:179} INFO - Processing /home/joestar/Documents/projects/airflow_etl/airflow_env/lib/python3.8/site-packages/airflow/example_dags/example_params_ui_tutorial.py took 0.134 seconds
[2023-09-14T17:27:41.804+0100] {processor.py:157} INFO - Started process (PID=29440) to work on /home/joestar/Documents/projects/airflow_etl/airflow_env/lib/python3.8/site-packages/airflow/example_dags/example_params_ui_tutorial.py
[2023-09-14T17:27:41.805+0100] {processor.py:829} INFO - Processing file /home/joestar/Documents/projects/airflow_etl/airflow_env/lib/python3.8/site-packages/airflow/example_dags/example_params_ui_tutorial.py for tasks to queue
[2023-09-14T17:27:41.806+0100] {logging_mixin.py:151} INFO - [2023-09-14T17:27:41.806+0100] {dagbag.py:539} INFO - Filling up the DagBag from /home/joestar/Documents/projects/airflow_etl/airflow_env/lib/python3.8/site-packages/airflow/example_dags/example_params_ui_tutorial.py
[2023-09-14T17:27:41.849+0100] {processor.py:839} INFO - DAG(s) dict_keys(['example_params_ui_tutorial']) retrieved from /home/joestar/Documents/projects/airflow_etl/airflow_env/lib/python3.8/site-packages/airflow/example_dags/example_params_ui_tutorial.py
[2023-09-14T17:27:41.902+0100] {logging_mixin.py:151} INFO - [2023-09-14T17:27:41.902+0100] {dag.py:2915} INFO - Sync 1 DAGs
[2023-09-14T17:27:41.918+0100] {logging_mixin.py:151} INFO - [2023-09-14T17:27:41.917+0100] {dag.py:3696} INFO - Setting next_dagrun for example_params_ui_tutorial to None, run_after=None
[2023-09-14T17:27:41.951+0100] {processor.py:179} INFO - Processing /home/joestar/Documents/projects/airflow_etl/airflow_env/lib/python3.8/site-packages/airflow/example_dags/example_params_ui_tutorial.py took 0.151 seconds
[2023-09-14T17:28:35.960+0100] {processor.py:157} INFO - Started process (PID=29686) to work on /home/joestar/Documents/projects/airflow_etl/airflow_env/lib/python3.8/site-packages/airflow/example_dags/example_params_ui_tutorial.py
[2023-09-14T17:28:35.961+0100] {processor.py:829} INFO - Processing file /home/joestar/Documents/projects/airflow_etl/airflow_env/lib/python3.8/site-packages/airflow/example_dags/example_params_ui_tutorial.py for tasks to queue
[2023-09-14T17:28:35.962+0100] {logging_mixin.py:151} INFO - [2023-09-14T17:28:35.961+0100] {dagbag.py:539} INFO - Filling up the DagBag from /home/joestar/Documents/projects/airflow_etl/airflow_env/lib/python3.8/site-packages/airflow/example_dags/example_params_ui_tutorial.py
[2023-09-14T17:28:35.991+0100] {processor.py:839} INFO - DAG(s) dict_keys(['example_params_ui_tutorial']) retrieved from /home/joestar/Documents/projects/airflow_etl/airflow_env/lib/python3.8/site-packages/airflow/example_dags/example_params_ui_tutorial.py
[2023-09-14T17:28:36.038+0100] {logging_mixin.py:151} INFO - [2023-09-14T17:28:36.037+0100] {dag.py:2915} INFO - Sync 1 DAGs
[2023-09-14T17:28:36.048+0100] {logging_mixin.py:151} INFO - [2023-09-14T17:28:36.048+0100] {dag.py:3696} INFO - Setting next_dagrun for example_params_ui_tutorial to None, run_after=None
[2023-09-14T17:28:36.074+0100] {processor.py:179} INFO - Processing /home/joestar/Documents/projects/airflow_etl/airflow_env/lib/python3.8/site-packages/airflow/example_dags/example_params_ui_tutorial.py took 0.117 seconds
[2023-09-14T17:29:28.171+0100] {processor.py:157} INFO - Started process (PID=29939) to work on /home/joestar/Documents/projects/airflow_etl/airflow_env/lib/python3.8/site-packages/airflow/example_dags/example_params_ui_tutorial.py
[2023-09-14T17:29:28.172+0100] {processor.py:829} INFO - Processing file /home/joestar/Documents/projects/airflow_etl/airflow_env/lib/python3.8/site-packages/airflow/example_dags/example_params_ui_tutorial.py for tasks to queue
[2023-09-14T17:29:28.173+0100] {logging_mixin.py:151} INFO - [2023-09-14T17:29:28.173+0100] {dagbag.py:539} INFO - Filling up the DagBag from /home/joestar/Documents/projects/airflow_etl/airflow_env/lib/python3.8/site-packages/airflow/example_dags/example_params_ui_tutorial.py
[2023-09-14T17:29:28.210+0100] {processor.py:839} INFO - DAG(s) dict_keys(['example_params_ui_tutorial']) retrieved from /home/joestar/Documents/projects/airflow_etl/airflow_env/lib/python3.8/site-packages/airflow/example_dags/example_params_ui_tutorial.py
[2023-09-14T17:29:28.279+0100] {logging_mixin.py:151} INFO - [2023-09-14T17:29:28.279+0100] {dag.py:2915} INFO - Sync 1 DAGs
[2023-09-14T17:29:28.289+0100] {logging_mixin.py:151} INFO - [2023-09-14T17:29:28.289+0100] {dag.py:3696} INFO - Setting next_dagrun for example_params_ui_tutorial to None, run_after=None
[2023-09-14T17:29:28.315+0100] {processor.py:179} INFO - Processing /home/joestar/Documents/projects/airflow_etl/airflow_env/lib/python3.8/site-packages/airflow/example_dags/example_params_ui_tutorial.py took 0.148 seconds
[2023-09-14T17:30:20.155+0100] {processor.py:157} INFO - Started process (PID=30190) to work on /home/joestar/Documents/projects/airflow_etl/airflow_env/lib/python3.8/site-packages/airflow/example_dags/example_params_ui_tutorial.py
[2023-09-14T17:30:20.156+0100] {processor.py:829} INFO - Processing file /home/joestar/Documents/projects/airflow_etl/airflow_env/lib/python3.8/site-packages/airflow/example_dags/example_params_ui_tutorial.py for tasks to queue
[2023-09-14T17:30:20.157+0100] {logging_mixin.py:151} INFO - [2023-09-14T17:30:20.157+0100] {dagbag.py:539} INFO - Filling up the DagBag from /home/joestar/Documents/projects/airflow_etl/airflow_env/lib/python3.8/site-packages/airflow/example_dags/example_params_ui_tutorial.py
[2023-09-14T17:30:20.196+0100] {processor.py:839} INFO - DAG(s) dict_keys(['example_params_ui_tutorial']) retrieved from /home/joestar/Documents/projects/airflow_etl/airflow_env/lib/python3.8/site-packages/airflow/example_dags/example_params_ui_tutorial.py
[2023-09-14T17:30:20.269+0100] {logging_mixin.py:151} INFO - [2023-09-14T17:30:20.269+0100] {dag.py:2915} INFO - Sync 1 DAGs
[2023-09-14T17:30:20.286+0100] {logging_mixin.py:151} INFO - [2023-09-14T17:30:20.286+0100] {dag.py:3696} INFO - Setting next_dagrun for example_params_ui_tutorial to None, run_after=None
[2023-09-14T17:30:20.316+0100] {processor.py:179} INFO - Processing /home/joestar/Documents/projects/airflow_etl/airflow_env/lib/python3.8/site-packages/airflow/example_dags/example_params_ui_tutorial.py took 0.163 seconds
[2023-09-14T17:31:10.669+0100] {processor.py:157} INFO - Started process (PID=30431) to work on /home/joestar/Documents/projects/airflow_etl/airflow_env/lib/python3.8/site-packages/airflow/example_dags/example_params_ui_tutorial.py
[2023-09-14T17:31:10.670+0100] {processor.py:829} INFO - Processing file /home/joestar/Documents/projects/airflow_etl/airflow_env/lib/python3.8/site-packages/airflow/example_dags/example_params_ui_tutorial.py for tasks to queue
[2023-09-14T17:31:10.671+0100] {logging_mixin.py:151} INFO - [2023-09-14T17:31:10.671+0100] {dagbag.py:539} INFO - Filling up the DagBag from /home/joestar/Documents/projects/airflow_etl/airflow_env/lib/python3.8/site-packages/airflow/example_dags/example_params_ui_tutorial.py
[2023-09-14T17:31:10.701+0100] {processor.py:839} INFO - DAG(s) dict_keys(['example_params_ui_tutorial']) retrieved from /home/joestar/Documents/projects/airflow_etl/airflow_env/lib/python3.8/site-packages/airflow/example_dags/example_params_ui_tutorial.py
[2023-09-14T17:31:10.749+0100] {logging_mixin.py:151} INFO - [2023-09-14T17:31:10.749+0100] {dag.py:2915} INFO - Sync 1 DAGs
[2023-09-14T17:31:10.760+0100] {logging_mixin.py:151} INFO - [2023-09-14T17:31:10.759+0100] {dag.py:3696} INFO - Setting next_dagrun for example_params_ui_tutorial to None, run_after=None
[2023-09-14T17:31:10.784+0100] {processor.py:179} INFO - Processing /home/joestar/Documents/projects/airflow_etl/airflow_env/lib/python3.8/site-packages/airflow/example_dags/example_params_ui_tutorial.py took 0.118 seconds
[2023-09-14T17:32:02.028+0100] {processor.py:157} INFO - Started process (PID=30656) to work on /home/joestar/Documents/projects/airflow_etl/airflow_env/lib/python3.8/site-packages/airflow/example_dags/example_params_ui_tutorial.py
[2023-09-14T17:32:02.029+0100] {processor.py:829} INFO - Processing file /home/joestar/Documents/projects/airflow_etl/airflow_env/lib/python3.8/site-packages/airflow/example_dags/example_params_ui_tutorial.py for tasks to queue
[2023-09-14T17:32:02.030+0100] {logging_mixin.py:151} INFO - [2023-09-14T17:32:02.029+0100] {dagbag.py:539} INFO - Filling up the DagBag from /home/joestar/Documents/projects/airflow_etl/airflow_env/lib/python3.8/site-packages/airflow/example_dags/example_params_ui_tutorial.py
[2023-09-14T17:32:02.084+0100] {processor.py:839} INFO - DAG(s) dict_keys(['example_params_ui_tutorial']) retrieved from /home/joestar/Documents/projects/airflow_etl/airflow_env/lib/python3.8/site-packages/airflow/example_dags/example_params_ui_tutorial.py
[2023-09-14T17:32:02.169+0100] {logging_mixin.py:151} INFO - [2023-09-14T17:32:02.169+0100] {dag.py:2915} INFO - Sync 1 DAGs
[2023-09-14T17:32:02.184+0100] {logging_mixin.py:151} INFO - [2023-09-14T17:32:02.184+0100] {dag.py:3696} INFO - Setting next_dagrun for example_params_ui_tutorial to None, run_after=None
[2023-09-14T17:32:02.217+0100] {processor.py:179} INFO - Processing /home/joestar/Documents/projects/airflow_etl/airflow_env/lib/python3.8/site-packages/airflow/example_dags/example_params_ui_tutorial.py took 0.192 seconds
[2023-09-14T17:32:54.212+0100] {processor.py:157} INFO - Started process (PID=30872) to work on /home/joestar/Documents/projects/airflow_etl/airflow_env/lib/python3.8/site-packages/airflow/example_dags/example_params_ui_tutorial.py
[2023-09-14T17:32:54.214+0100] {processor.py:829} INFO - Processing file /home/joestar/Documents/projects/airflow_etl/airflow_env/lib/python3.8/site-packages/airflow/example_dags/example_params_ui_tutorial.py for tasks to queue
[2023-09-14T17:32:54.215+0100] {logging_mixin.py:151} INFO - [2023-09-14T17:32:54.214+0100] {dagbag.py:539} INFO - Filling up the DagBag from /home/joestar/Documents/projects/airflow_etl/airflow_env/lib/python3.8/site-packages/airflow/example_dags/example_params_ui_tutorial.py
[2023-09-14T17:32:54.249+0100] {processor.py:839} INFO - DAG(s) dict_keys(['example_params_ui_tutorial']) retrieved from /home/joestar/Documents/projects/airflow_etl/airflow_env/lib/python3.8/site-packages/airflow/example_dags/example_params_ui_tutorial.py
[2023-09-14T17:32:54.290+0100] {logging_mixin.py:151} INFO - [2023-09-14T17:32:54.290+0100] {dag.py:2915} INFO - Sync 1 DAGs
[2023-09-14T17:32:54.299+0100] {logging_mixin.py:151} INFO - [2023-09-14T17:32:54.299+0100] {dag.py:3696} INFO - Setting next_dagrun for example_params_ui_tutorial to None, run_after=None
[2023-09-14T17:32:54.323+0100] {processor.py:179} INFO - Processing /home/joestar/Documents/projects/airflow_etl/airflow_env/lib/python3.8/site-packages/airflow/example_dags/example_params_ui_tutorial.py took 0.114 seconds
[2023-09-14T17:33:47.641+0100] {processor.py:157} INFO - Started process (PID=31116) to work on /home/joestar/Documents/projects/airflow_etl/airflow_env/lib/python3.8/site-packages/airflow/example_dags/example_params_ui_tutorial.py
[2023-09-14T17:33:47.642+0100] {processor.py:829} INFO - Processing file /home/joestar/Documents/projects/airflow_etl/airflow_env/lib/python3.8/site-packages/airflow/example_dags/example_params_ui_tutorial.py for tasks to queue
[2023-09-14T17:33:47.643+0100] {logging_mixin.py:151} INFO - [2023-09-14T17:33:47.643+0100] {dagbag.py:539} INFO - Filling up the DagBag from /home/joestar/Documents/projects/airflow_etl/airflow_env/lib/python3.8/site-packages/airflow/example_dags/example_params_ui_tutorial.py
[2023-09-14T17:33:47.675+0100] {processor.py:839} INFO - DAG(s) dict_keys(['example_params_ui_tutorial']) retrieved from /home/joestar/Documents/projects/airflow_etl/airflow_env/lib/python3.8/site-packages/airflow/example_dags/example_params_ui_tutorial.py
[2023-09-14T17:33:47.743+0100] {logging_mixin.py:151} INFO - [2023-09-14T17:33:47.743+0100] {dag.py:2915} INFO - Sync 1 DAGs
[2023-09-14T17:33:47.762+0100] {logging_mixin.py:151} INFO - [2023-09-14T17:33:47.762+0100] {dag.py:3696} INFO - Setting next_dagrun for example_params_ui_tutorial to None, run_after=None
[2023-09-14T17:33:47.791+0100] {processor.py:179} INFO - Processing /home/joestar/Documents/projects/airflow_etl/airflow_env/lib/python3.8/site-packages/airflow/example_dags/example_params_ui_tutorial.py took 0.153 seconds
[2023-09-14T17:34:41.667+0100] {processor.py:157} INFO - Started process (PID=31373) to work on /home/joestar/Documents/projects/airflow_etl/airflow_env/lib/python3.8/site-packages/airflow/example_dags/example_params_ui_tutorial.py
[2023-09-14T17:34:41.668+0100] {processor.py:829} INFO - Processing file /home/joestar/Documents/projects/airflow_etl/airflow_env/lib/python3.8/site-packages/airflow/example_dags/example_params_ui_tutorial.py for tasks to queue
[2023-09-14T17:34:41.669+0100] {logging_mixin.py:151} INFO - [2023-09-14T17:34:41.669+0100] {dagbag.py:539} INFO - Filling up the DagBag from /home/joestar/Documents/projects/airflow_etl/airflow_env/lib/python3.8/site-packages/airflow/example_dags/example_params_ui_tutorial.py
[2023-09-14T17:34:41.701+0100] {processor.py:839} INFO - DAG(s) dict_keys(['example_params_ui_tutorial']) retrieved from /home/joestar/Documents/projects/airflow_etl/airflow_env/lib/python3.8/site-packages/airflow/example_dags/example_params_ui_tutorial.py
[2023-09-14T17:34:41.743+0100] {logging_mixin.py:151} INFO - [2023-09-14T17:34:41.743+0100] {dag.py:2915} INFO - Sync 1 DAGs
[2023-09-14T17:34:41.752+0100] {logging_mixin.py:151} INFO - [2023-09-14T17:34:41.752+0100] {dag.py:3696} INFO - Setting next_dagrun for example_params_ui_tutorial to None, run_after=None
[2023-09-14T17:34:41.779+0100] {processor.py:179} INFO - Processing /home/joestar/Documents/projects/airflow_etl/airflow_env/lib/python3.8/site-packages/airflow/example_dags/example_params_ui_tutorial.py took 0.114 seconds
[2023-09-14T17:35:30.564+0100] {processor.py:157} INFO - Started process (PID=31608) to work on /home/joestar/Documents/projects/airflow_etl/airflow_env/lib/python3.8/site-packages/airflow/example_dags/example_params_ui_tutorial.py
[2023-09-14T17:35:30.565+0100] {processor.py:829} INFO - Processing file /home/joestar/Documents/projects/airflow_etl/airflow_env/lib/python3.8/site-packages/airflow/example_dags/example_params_ui_tutorial.py for tasks to queue
[2023-09-14T17:35:30.566+0100] {logging_mixin.py:151} INFO - [2023-09-14T17:35:30.566+0100] {dagbag.py:539} INFO - Filling up the DagBag from /home/joestar/Documents/projects/airflow_etl/airflow_env/lib/python3.8/site-packages/airflow/example_dags/example_params_ui_tutorial.py
[2023-09-14T17:35:30.616+0100] {processor.py:839} INFO - DAG(s) dict_keys(['example_params_ui_tutorial']) retrieved from /home/joestar/Documents/projects/airflow_etl/airflow_env/lib/python3.8/site-packages/airflow/example_dags/example_params_ui_tutorial.py
[2023-09-14T17:35:30.670+0100] {logging_mixin.py:151} INFO - [2023-09-14T17:35:30.669+0100] {dag.py:2915} INFO - Sync 1 DAGs
[2023-09-14T17:35:30.683+0100] {logging_mixin.py:151} INFO - [2023-09-14T17:35:30.683+0100] {dag.py:3696} INFO - Setting next_dagrun for example_params_ui_tutorial to None, run_after=None
[2023-09-14T17:35:30.708+0100] {processor.py:179} INFO - Processing /home/joestar/Documents/projects/airflow_etl/airflow_env/lib/python3.8/site-packages/airflow/example_dags/example_params_ui_tutorial.py took 0.147 seconds
[2023-09-14T17:36:23.617+0100] {processor.py:157} INFO - Started process (PID=31851) to work on /home/joestar/Documents/projects/airflow_etl/airflow_env/lib/python3.8/site-packages/airflow/example_dags/example_params_ui_tutorial.py
[2023-09-14T17:36:23.618+0100] {processor.py:829} INFO - Processing file /home/joestar/Documents/projects/airflow_etl/airflow_env/lib/python3.8/site-packages/airflow/example_dags/example_params_ui_tutorial.py for tasks to queue
[2023-09-14T17:36:23.619+0100] {logging_mixin.py:151} INFO - [2023-09-14T17:36:23.619+0100] {dagbag.py:539} INFO - Filling up the DagBag from /home/joestar/Documents/projects/airflow_etl/airflow_env/lib/python3.8/site-packages/airflow/example_dags/example_params_ui_tutorial.py
[2023-09-14T17:36:23.666+0100] {processor.py:839} INFO - DAG(s) dict_keys(['example_params_ui_tutorial']) retrieved from /home/joestar/Documents/projects/airflow_etl/airflow_env/lib/python3.8/site-packages/airflow/example_dags/example_params_ui_tutorial.py
[2023-09-14T17:36:23.720+0100] {logging_mixin.py:151} INFO - [2023-09-14T17:36:23.720+0100] {dag.py:2915} INFO - Sync 1 DAGs
[2023-09-14T17:36:23.736+0100] {logging_mixin.py:151} INFO - [2023-09-14T17:36:23.735+0100] {dag.py:3696} INFO - Setting next_dagrun for example_params_ui_tutorial to None, run_after=None
[2023-09-14T17:36:23.763+0100] {processor.py:179} INFO - Processing /home/joestar/Documents/projects/airflow_etl/airflow_env/lib/python3.8/site-packages/airflow/example_dags/example_params_ui_tutorial.py took 0.149 seconds
[2023-09-14T17:37:16.744+0100] {processor.py:157} INFO - Started process (PID=32094) to work on /home/joestar/Documents/projects/airflow_etl/airflow_env/lib/python3.8/site-packages/airflow/example_dags/example_params_ui_tutorial.py
[2023-09-14T17:37:16.745+0100] {processor.py:829} INFO - Processing file /home/joestar/Documents/projects/airflow_etl/airflow_env/lib/python3.8/site-packages/airflow/example_dags/example_params_ui_tutorial.py for tasks to queue
[2023-09-14T17:37:16.746+0100] {logging_mixin.py:151} INFO - [2023-09-14T17:37:16.746+0100] {dagbag.py:539} INFO - Filling up the DagBag from /home/joestar/Documents/projects/airflow_etl/airflow_env/lib/python3.8/site-packages/airflow/example_dags/example_params_ui_tutorial.py
[2023-09-14T17:37:16.773+0100] {processor.py:839} INFO - DAG(s) dict_keys(['example_params_ui_tutorial']) retrieved from /home/joestar/Documents/projects/airflow_etl/airflow_env/lib/python3.8/site-packages/airflow/example_dags/example_params_ui_tutorial.py
[2023-09-14T17:37:16.859+0100] {logging_mixin.py:151} INFO - [2023-09-14T17:37:16.859+0100] {dag.py:2915} INFO - Sync 1 DAGs
[2023-09-14T17:37:16.876+0100] {logging_mixin.py:151} INFO - [2023-09-14T17:37:16.876+0100] {dag.py:3696} INFO - Setting next_dagrun for example_params_ui_tutorial to None, run_after=None
[2023-09-14T17:37:16.908+0100] {processor.py:179} INFO - Processing /home/joestar/Documents/projects/airflow_etl/airflow_env/lib/python3.8/site-packages/airflow/example_dags/example_params_ui_tutorial.py took 0.166 seconds
[2023-09-14T17:38:13.112+0100] {processor.py:157} INFO - Started process (PID=32512) to work on /home/joestar/Documents/projects/airflow_etl/airflow_env/lib/python3.8/site-packages/airflow/example_dags/example_params_ui_tutorial.py
[2023-09-14T17:38:13.113+0100] {processor.py:829} INFO - Processing file /home/joestar/Documents/projects/airflow_etl/airflow_env/lib/python3.8/site-packages/airflow/example_dags/example_params_ui_tutorial.py for tasks to queue
[2023-09-14T17:38:13.115+0100] {logging_mixin.py:151} INFO - [2023-09-14T17:38:13.114+0100] {dagbag.py:539} INFO - Filling up the DagBag from /home/joestar/Documents/projects/airflow_etl/airflow_env/lib/python3.8/site-packages/airflow/example_dags/example_params_ui_tutorial.py
[2023-09-14T17:38:13.171+0100] {processor.py:839} INFO - DAG(s) dict_keys(['example_params_ui_tutorial']) retrieved from /home/joestar/Documents/projects/airflow_etl/airflow_env/lib/python3.8/site-packages/airflow/example_dags/example_params_ui_tutorial.py
[2023-09-14T17:38:13.366+0100] {logging_mixin.py:151} INFO - [2023-09-14T17:38:13.365+0100] {dag.py:2915} INFO - Sync 1 DAGs
[2023-09-14T17:38:13.394+0100] {logging_mixin.py:151} INFO - [2023-09-14T17:38:13.394+0100] {dag.py:3696} INFO - Setting next_dagrun for example_params_ui_tutorial to None, run_after=None
[2023-09-14T17:38:13.423+0100] {processor.py:179} INFO - Processing /home/joestar/Documents/projects/airflow_etl/airflow_env/lib/python3.8/site-packages/airflow/example_dags/example_params_ui_tutorial.py took 0.314 seconds
[2023-09-14T17:39:18.795+0100] {processor.py:157} INFO - Started process (PID=32982) to work on /home/joestar/Documents/projects/airflow_etl/airflow_env/lib/python3.8/site-packages/airflow/example_dags/example_params_ui_tutorial.py
[2023-09-14T17:39:18.796+0100] {processor.py:829} INFO - Processing file /home/joestar/Documents/projects/airflow_etl/airflow_env/lib/python3.8/site-packages/airflow/example_dags/example_params_ui_tutorial.py for tasks to queue
[2023-09-14T17:39:18.797+0100] {logging_mixin.py:151} INFO - [2023-09-14T17:39:18.797+0100] {dagbag.py:539} INFO - Filling up the DagBag from /home/joestar/Documents/projects/airflow_etl/airflow_env/lib/python3.8/site-packages/airflow/example_dags/example_params_ui_tutorial.py
[2023-09-14T17:39:18.826+0100] {processor.py:839} INFO - DAG(s) dict_keys(['example_params_ui_tutorial']) retrieved from /home/joestar/Documents/projects/airflow_etl/airflow_env/lib/python3.8/site-packages/airflow/example_dags/example_params_ui_tutorial.py
[2023-09-14T17:39:18.872+0100] {logging_mixin.py:151} INFO - [2023-09-14T17:39:18.872+0100] {dag.py:2915} INFO - Sync 1 DAGs
[2023-09-14T17:39:18.882+0100] {logging_mixin.py:151} INFO - [2023-09-14T17:39:18.882+0100] {dag.py:3696} INFO - Setting next_dagrun for example_params_ui_tutorial to None, run_after=None
[2023-09-14T17:39:18.910+0100] {processor.py:179} INFO - Processing /home/joestar/Documents/projects/airflow_etl/airflow_env/lib/python3.8/site-packages/airflow/example_dags/example_params_ui_tutorial.py took 0.117 seconds
[2023-09-14T17:40:05.920+0100] {processor.py:157} INFO - Started process (PID=33280) to work on /home/joestar/Documents/projects/airflow_etl/airflow_env/lib/python3.8/site-packages/airflow/example_dags/example_params_ui_tutorial.py
[2023-09-14T17:40:05.922+0100] {processor.py:829} INFO - Processing file /home/joestar/Documents/projects/airflow_etl/airflow_env/lib/python3.8/site-packages/airflow/example_dags/example_params_ui_tutorial.py for tasks to queue
[2023-09-14T17:40:05.923+0100] {logging_mixin.py:151} INFO - [2023-09-14T17:40:05.923+0100] {dagbag.py:539} INFO - Filling up the DagBag from /home/joestar/Documents/projects/airflow_etl/airflow_env/lib/python3.8/site-packages/airflow/example_dags/example_params_ui_tutorial.py
[2023-09-14T17:40:05.961+0100] {processor.py:839} INFO - DAG(s) dict_keys(['example_params_ui_tutorial']) retrieved from /home/joestar/Documents/projects/airflow_etl/airflow_env/lib/python3.8/site-packages/airflow/example_dags/example_params_ui_tutorial.py
[2023-09-14T17:40:06.000+0100] {logging_mixin.py:151} INFO - [2023-09-14T17:40:06.000+0100] {dag.py:2915} INFO - Sync 1 DAGs
[2023-09-14T17:40:06.010+0100] {logging_mixin.py:151} INFO - [2023-09-14T17:40:06.010+0100] {dag.py:3696} INFO - Setting next_dagrun for example_params_ui_tutorial to None, run_after=None
[2023-09-14T17:40:06.053+0100] {processor.py:179} INFO - Processing /home/joestar/Documents/projects/airflow_etl/airflow_env/lib/python3.8/site-packages/airflow/example_dags/example_params_ui_tutorial.py took 0.138 seconds
[2023-09-14T17:41:02.467+0100] {processor.py:157} INFO - Started process (PID=33635) to work on /home/joestar/Documents/projects/airflow_etl/airflow_env/lib/python3.8/site-packages/airflow/example_dags/example_params_ui_tutorial.py
[2023-09-14T17:41:02.468+0100] {processor.py:829} INFO - Processing file /home/joestar/Documents/projects/airflow_etl/airflow_env/lib/python3.8/site-packages/airflow/example_dags/example_params_ui_tutorial.py for tasks to queue
[2023-09-14T17:41:02.469+0100] {logging_mixin.py:151} INFO - [2023-09-14T17:41:02.468+0100] {dagbag.py:539} INFO - Filling up the DagBag from /home/joestar/Documents/projects/airflow_etl/airflow_env/lib/python3.8/site-packages/airflow/example_dags/example_params_ui_tutorial.py
[2023-09-14T17:41:02.499+0100] {processor.py:839} INFO - DAG(s) dict_keys(['example_params_ui_tutorial']) retrieved from /home/joestar/Documents/projects/airflow_etl/airflow_env/lib/python3.8/site-packages/airflow/example_dags/example_params_ui_tutorial.py
[2023-09-14T17:41:02.547+0100] {logging_mixin.py:151} INFO - [2023-09-14T17:41:02.547+0100] {dag.py:2915} INFO - Sync 1 DAGs
[2023-09-14T17:41:02.558+0100] {logging_mixin.py:151} INFO - [2023-09-14T17:41:02.558+0100] {dag.py:3696} INFO - Setting next_dagrun for example_params_ui_tutorial to None, run_after=None
[2023-09-14T17:41:02.586+0100] {processor.py:179} INFO - Processing /home/joestar/Documents/projects/airflow_etl/airflow_env/lib/python3.8/site-packages/airflow/example_dags/example_params_ui_tutorial.py took 0.122 seconds
[2023-09-14T17:41:57.780+0100] {processor.py:157} INFO - Started process (PID=33976) to work on /home/joestar/Documents/projects/airflow_etl/airflow_env/lib/python3.8/site-packages/airflow/example_dags/example_params_ui_tutorial.py
[2023-09-14T17:41:57.781+0100] {processor.py:829} INFO - Processing file /home/joestar/Documents/projects/airflow_etl/airflow_env/lib/python3.8/site-packages/airflow/example_dags/example_params_ui_tutorial.py for tasks to queue
[2023-09-14T17:41:57.783+0100] {logging_mixin.py:151} INFO - [2023-09-14T17:41:57.782+0100] {dagbag.py:539} INFO - Filling up the DagBag from /home/joestar/Documents/projects/airflow_etl/airflow_env/lib/python3.8/site-packages/airflow/example_dags/example_params_ui_tutorial.py
[2023-09-14T17:41:57.840+0100] {processor.py:839} INFO - DAG(s) dict_keys(['example_params_ui_tutorial']) retrieved from /home/joestar/Documents/projects/airflow_etl/airflow_env/lib/python3.8/site-packages/airflow/example_dags/example_params_ui_tutorial.py
[2023-09-14T17:41:57.929+0100] {logging_mixin.py:151} INFO - [2023-09-14T17:41:57.929+0100] {dag.py:2915} INFO - Sync 1 DAGs
[2023-09-14T17:41:57.948+0100] {logging_mixin.py:151} INFO - [2023-09-14T17:41:57.947+0100] {dag.py:3696} INFO - Setting next_dagrun for example_params_ui_tutorial to None, run_after=None
[2023-09-14T17:41:57.991+0100] {processor.py:179} INFO - Processing /home/joestar/Documents/projects/airflow_etl/airflow_env/lib/python3.8/site-packages/airflow/example_dags/example_params_ui_tutorial.py took 0.214 seconds
[2023-09-14T17:42:58.238+0100] {processor.py:157} INFO - Started process (PID=34246) to work on /home/joestar/Documents/projects/airflow_etl/airflow_env/lib/python3.8/site-packages/airflow/example_dags/example_params_ui_tutorial.py
[2023-09-14T17:42:58.239+0100] {processor.py:829} INFO - Processing file /home/joestar/Documents/projects/airflow_etl/airflow_env/lib/python3.8/site-packages/airflow/example_dags/example_params_ui_tutorial.py for tasks to queue
[2023-09-14T17:42:58.240+0100] {logging_mixin.py:151} INFO - [2023-09-14T17:42:58.239+0100] {dagbag.py:539} INFO - Filling up the DagBag from /home/joestar/Documents/projects/airflow_etl/airflow_env/lib/python3.8/site-packages/airflow/example_dags/example_params_ui_tutorial.py
[2023-09-14T17:42:58.282+0100] {processor.py:839} INFO - DAG(s) dict_keys(['example_params_ui_tutorial']) retrieved from /home/joestar/Documents/projects/airflow_etl/airflow_env/lib/python3.8/site-packages/airflow/example_dags/example_params_ui_tutorial.py
[2023-09-14T17:42:58.360+0100] {logging_mixin.py:151} INFO - [2023-09-14T17:42:58.360+0100] {dag.py:2915} INFO - Sync 1 DAGs
[2023-09-14T17:42:58.373+0100] {logging_mixin.py:151} INFO - [2023-09-14T17:42:58.373+0100] {dag.py:3696} INFO - Setting next_dagrun for example_params_ui_tutorial to None, run_after=None
[2023-09-14T17:42:58.402+0100] {processor.py:179} INFO - Processing /home/joestar/Documents/projects/airflow_etl/airflow_env/lib/python3.8/site-packages/airflow/example_dags/example_params_ui_tutorial.py took 0.168 seconds
[2023-09-14T17:43:55.282+0100] {processor.py:157} INFO - Started process (PID=34519) to work on /home/joestar/Documents/projects/airflow_etl/airflow_env/lib/python3.8/site-packages/airflow/example_dags/example_params_ui_tutorial.py
[2023-09-14T17:43:55.283+0100] {processor.py:829} INFO - Processing file /home/joestar/Documents/projects/airflow_etl/airflow_env/lib/python3.8/site-packages/airflow/example_dags/example_params_ui_tutorial.py for tasks to queue
[2023-09-14T17:43:55.283+0100] {logging_mixin.py:151} INFO - [2023-09-14T17:43:55.283+0100] {dagbag.py:539} INFO - Filling up the DagBag from /home/joestar/Documents/projects/airflow_etl/airflow_env/lib/python3.8/site-packages/airflow/example_dags/example_params_ui_tutorial.py
[2023-09-14T17:43:55.356+0100] {processor.py:839} INFO - DAG(s) dict_keys(['example_params_ui_tutorial']) retrieved from /home/joestar/Documents/projects/airflow_etl/airflow_env/lib/python3.8/site-packages/airflow/example_dags/example_params_ui_tutorial.py
[2023-09-14T17:43:55.462+0100] {logging_mixin.py:151} INFO - [2023-09-14T17:43:55.462+0100] {dag.py:2915} INFO - Sync 1 DAGs
[2023-09-14T17:43:55.481+0100] {logging_mixin.py:151} INFO - [2023-09-14T17:43:55.481+0100] {dag.py:3696} INFO - Setting next_dagrun for example_params_ui_tutorial to None, run_after=None
[2023-09-14T17:43:55.511+0100] {processor.py:179} INFO - Processing /home/joestar/Documents/projects/airflow_etl/airflow_env/lib/python3.8/site-packages/airflow/example_dags/example_params_ui_tutorial.py took 0.232 seconds
[2023-09-14T17:44:40.033+0100] {processor.py:157} INFO - Started process (PID=34746) to work on /home/joestar/Documents/projects/airflow_etl/airflow_env/lib/python3.8/site-packages/airflow/example_dags/example_params_ui_tutorial.py
[2023-09-14T17:44:40.034+0100] {processor.py:829} INFO - Processing file /home/joestar/Documents/projects/airflow_etl/airflow_env/lib/python3.8/site-packages/airflow/example_dags/example_params_ui_tutorial.py for tasks to queue
[2023-09-14T17:44:40.035+0100] {logging_mixin.py:151} INFO - [2023-09-14T17:44:40.035+0100] {dagbag.py:539} INFO - Filling up the DagBag from /home/joestar/Documents/projects/airflow_etl/airflow_env/lib/python3.8/site-packages/airflow/example_dags/example_params_ui_tutorial.py
[2023-09-14T17:44:40.080+0100] {processor.py:839} INFO - DAG(s) dict_keys(['example_params_ui_tutorial']) retrieved from /home/joestar/Documents/projects/airflow_etl/airflow_env/lib/python3.8/site-packages/airflow/example_dags/example_params_ui_tutorial.py
[2023-09-14T17:44:40.165+0100] {logging_mixin.py:151} INFO - [2023-09-14T17:44:40.165+0100] {dag.py:2915} INFO - Sync 1 DAGs
[2023-09-14T17:44:40.181+0100] {logging_mixin.py:151} INFO - [2023-09-14T17:44:40.181+0100] {dag.py:3696} INFO - Setting next_dagrun for example_params_ui_tutorial to None, run_after=None
[2023-09-14T17:44:40.211+0100] {processor.py:179} INFO - Processing /home/joestar/Documents/projects/airflow_etl/airflow_env/lib/python3.8/site-packages/airflow/example_dags/example_params_ui_tutorial.py took 0.181 seconds
[2023-09-14T17:45:41.119+0100] {processor.py:157} INFO - Started process (PID=34996) to work on /home/joestar/Documents/projects/airflow_etl/airflow_env/lib/python3.8/site-packages/airflow/example_dags/example_params_ui_tutorial.py
[2023-09-14T17:45:41.122+0100] {processor.py:829} INFO - Processing file /home/joestar/Documents/projects/airflow_etl/airflow_env/lib/python3.8/site-packages/airflow/example_dags/example_params_ui_tutorial.py for tasks to queue
[2023-09-14T17:45:41.123+0100] {logging_mixin.py:151} INFO - [2023-09-14T17:45:41.122+0100] {dagbag.py:539} INFO - Filling up the DagBag from /home/joestar/Documents/projects/airflow_etl/airflow_env/lib/python3.8/site-packages/airflow/example_dags/example_params_ui_tutorial.py
[2023-09-14T17:45:41.163+0100] {processor.py:839} INFO - DAG(s) dict_keys(['example_params_ui_tutorial']) retrieved from /home/joestar/Documents/projects/airflow_etl/airflow_env/lib/python3.8/site-packages/airflow/example_dags/example_params_ui_tutorial.py
[2023-09-14T17:45:41.246+0100] {logging_mixin.py:151} INFO - [2023-09-14T17:45:41.245+0100] {dag.py:2915} INFO - Sync 1 DAGs
[2023-09-14T17:45:41.258+0100] {logging_mixin.py:151} INFO - [2023-09-14T17:45:41.258+0100] {dag.py:3696} INFO - Setting next_dagrun for example_params_ui_tutorial to None, run_after=None
[2023-09-14T17:45:41.286+0100] {processor.py:179} INFO - Processing /home/joestar/Documents/projects/airflow_etl/airflow_env/lib/python3.8/site-packages/airflow/example_dags/example_params_ui_tutorial.py took 0.170 seconds
[2023-09-14T17:46:43.130+0100] {processor.py:157} INFO - Started process (PID=35268) to work on /home/joestar/Documents/projects/airflow_etl/airflow_env/lib/python3.8/site-packages/airflow/example_dags/example_params_ui_tutorial.py
[2023-09-14T17:46:43.132+0100] {processor.py:829} INFO - Processing file /home/joestar/Documents/projects/airflow_etl/airflow_env/lib/python3.8/site-packages/airflow/example_dags/example_params_ui_tutorial.py for tasks to queue
[2023-09-14T17:46:43.133+0100] {logging_mixin.py:151} INFO - [2023-09-14T17:46:43.132+0100] {dagbag.py:539} INFO - Filling up the DagBag from /home/joestar/Documents/projects/airflow_etl/airflow_env/lib/python3.8/site-packages/airflow/example_dags/example_params_ui_tutorial.py
[2023-09-14T17:46:43.168+0100] {processor.py:839} INFO - DAG(s) dict_keys(['example_params_ui_tutorial']) retrieved from /home/joestar/Documents/projects/airflow_etl/airflow_env/lib/python3.8/site-packages/airflow/example_dags/example_params_ui_tutorial.py
[2023-09-14T17:46:43.247+0100] {logging_mixin.py:151} INFO - [2023-09-14T17:46:43.247+0100] {dag.py:2915} INFO - Sync 1 DAGs
[2023-09-14T17:46:43.263+0100] {logging_mixin.py:151} INFO - [2023-09-14T17:46:43.263+0100] {dag.py:3696} INFO - Setting next_dagrun for example_params_ui_tutorial to None, run_after=None
[2023-09-14T17:46:43.302+0100] {processor.py:179} INFO - Processing /home/joestar/Documents/projects/airflow_etl/airflow_env/lib/python3.8/site-packages/airflow/example_dags/example_params_ui_tutorial.py took 0.175 seconds
[2023-09-14T17:47:37.336+0100] {processor.py:157} INFO - Started process (PID=35488) to work on /home/joestar/Documents/projects/airflow_etl/airflow_env/lib/python3.8/site-packages/airflow/example_dags/example_params_ui_tutorial.py
[2023-09-14T17:47:37.337+0100] {processor.py:829} INFO - Processing file /home/joestar/Documents/projects/airflow_etl/airflow_env/lib/python3.8/site-packages/airflow/example_dags/example_params_ui_tutorial.py for tasks to queue
[2023-09-14T17:47:37.338+0100] {logging_mixin.py:151} INFO - [2023-09-14T17:47:37.338+0100] {dagbag.py:539} INFO - Filling up the DagBag from /home/joestar/Documents/projects/airflow_etl/airflow_env/lib/python3.8/site-packages/airflow/example_dags/example_params_ui_tutorial.py
[2023-09-14T17:47:37.415+0100] {processor.py:839} INFO - DAG(s) dict_keys(['example_params_ui_tutorial']) retrieved from /home/joestar/Documents/projects/airflow_etl/airflow_env/lib/python3.8/site-packages/airflow/example_dags/example_params_ui_tutorial.py
[2023-09-14T17:47:37.575+0100] {logging_mixin.py:151} INFO - [2023-09-14T17:47:37.575+0100] {dag.py:2915} INFO - Sync 1 DAGs
[2023-09-14T17:47:37.610+0100] {logging_mixin.py:151} INFO - [2023-09-14T17:47:37.610+0100] {dag.py:3696} INFO - Setting next_dagrun for example_params_ui_tutorial to None, run_after=None
[2023-09-14T17:47:37.700+0100] {processor.py:179} INFO - Processing /home/joestar/Documents/projects/airflow_etl/airflow_env/lib/python3.8/site-packages/airflow/example_dags/example_params_ui_tutorial.py took 0.369 seconds
[2023-09-14T17:48:55.868+0100] {processor.py:157} INFO - Started process (PID=35796) to work on /home/joestar/Documents/projects/airflow_etl/airflow_env/lib/python3.8/site-packages/airflow/example_dags/example_params_ui_tutorial.py
[2023-09-14T17:48:55.869+0100] {processor.py:829} INFO - Processing file /home/joestar/Documents/projects/airflow_etl/airflow_env/lib/python3.8/site-packages/airflow/example_dags/example_params_ui_tutorial.py for tasks to queue
[2023-09-14T17:48:55.869+0100] {logging_mixin.py:151} INFO - [2023-09-14T17:48:55.869+0100] {dagbag.py:539} INFO - Filling up the DagBag from /home/joestar/Documents/projects/airflow_etl/airflow_env/lib/python3.8/site-packages/airflow/example_dags/example_params_ui_tutorial.py
[2023-09-14T17:48:55.900+0100] {processor.py:839} INFO - DAG(s) dict_keys(['example_params_ui_tutorial']) retrieved from /home/joestar/Documents/projects/airflow_etl/airflow_env/lib/python3.8/site-packages/airflow/example_dags/example_params_ui_tutorial.py
[2023-09-14T17:48:55.955+0100] {logging_mixin.py:151} INFO - [2023-09-14T17:48:55.955+0100] {dag.py:2915} INFO - Sync 1 DAGs
[2023-09-14T17:48:55.973+0100] {logging_mixin.py:151} INFO - [2023-09-14T17:48:55.972+0100] {dag.py:3696} INFO - Setting next_dagrun for example_params_ui_tutorial to None, run_after=None
[2023-09-14T17:48:56.001+0100] {processor.py:179} INFO - Processing /home/joestar/Documents/projects/airflow_etl/airflow_env/lib/python3.8/site-packages/airflow/example_dags/example_params_ui_tutorial.py took 0.136 seconds
[2023-09-14T17:49:46.910+0100] {processor.py:157} INFO - Started process (PID=35995) to work on /home/joestar/Documents/projects/airflow_etl/airflow_env/lib/python3.8/site-packages/airflow/example_dags/example_params_ui_tutorial.py
[2023-09-14T17:49:46.912+0100] {processor.py:829} INFO - Processing file /home/joestar/Documents/projects/airflow_etl/airflow_env/lib/python3.8/site-packages/airflow/example_dags/example_params_ui_tutorial.py for tasks to queue
[2023-09-14T17:49:46.914+0100] {logging_mixin.py:151} INFO - [2023-09-14T17:49:46.913+0100] {dagbag.py:539} INFO - Filling up the DagBag from /home/joestar/Documents/projects/airflow_etl/airflow_env/lib/python3.8/site-packages/airflow/example_dags/example_params_ui_tutorial.py
[2023-09-14T17:49:46.995+0100] {processor.py:839} INFO - DAG(s) dict_keys(['example_params_ui_tutorial']) retrieved from /home/joestar/Documents/projects/airflow_etl/airflow_env/lib/python3.8/site-packages/airflow/example_dags/example_params_ui_tutorial.py
[2023-09-14T17:49:47.132+0100] {logging_mixin.py:151} INFO - [2023-09-14T17:49:47.131+0100] {dag.py:2915} INFO - Sync 1 DAGs
[2023-09-14T17:49:47.186+0100] {logging_mixin.py:151} INFO - [2023-09-14T17:49:47.186+0100] {dag.py:3696} INFO - Setting next_dagrun for example_params_ui_tutorial to None, run_after=None
[2023-09-14T17:49:47.285+0100] {processor.py:179} INFO - Processing /home/joestar/Documents/projects/airflow_etl/airflow_env/lib/python3.8/site-packages/airflow/example_dags/example_params_ui_tutorial.py took 0.384 seconds
[2023-09-14T17:50:36.254+0100] {processor.py:157} INFO - Started process (PID=36237) to work on /home/joestar/Documents/projects/airflow_etl/airflow_env/lib/python3.8/site-packages/airflow/example_dags/example_params_ui_tutorial.py
[2023-09-14T17:50:36.255+0100] {processor.py:829} INFO - Processing file /home/joestar/Documents/projects/airflow_etl/airflow_env/lib/python3.8/site-packages/airflow/example_dags/example_params_ui_tutorial.py for tasks to queue
[2023-09-14T17:50:36.256+0100] {logging_mixin.py:151} INFO - [2023-09-14T17:50:36.256+0100] {dagbag.py:539} INFO - Filling up the DagBag from /home/joestar/Documents/projects/airflow_etl/airflow_env/lib/python3.8/site-packages/airflow/example_dags/example_params_ui_tutorial.py
[2023-09-14T17:50:36.307+0100] {processor.py:839} INFO - DAG(s) dict_keys(['example_params_ui_tutorial']) retrieved from /home/joestar/Documents/projects/airflow_etl/airflow_env/lib/python3.8/site-packages/airflow/example_dags/example_params_ui_tutorial.py
[2023-09-14T17:50:36.375+0100] {logging_mixin.py:151} INFO - [2023-09-14T17:50:36.374+0100] {dag.py:2915} INFO - Sync 1 DAGs
[2023-09-14T17:50:36.389+0100] {logging_mixin.py:151} INFO - [2023-09-14T17:50:36.388+0100] {dag.py:3696} INFO - Setting next_dagrun for example_params_ui_tutorial to None, run_after=None
[2023-09-14T17:50:36.423+0100] {processor.py:179} INFO - Processing /home/joestar/Documents/projects/airflow_etl/airflow_env/lib/python3.8/site-packages/airflow/example_dags/example_params_ui_tutorial.py took 0.173 seconds
[2023-09-14T17:51:34.367+0100] {processor.py:157} INFO - Started process (PID=36501) to work on /home/joestar/Documents/projects/airflow_etl/airflow_env/lib/python3.8/site-packages/airflow/example_dags/example_params_ui_tutorial.py
[2023-09-14T17:51:34.368+0100] {processor.py:829} INFO - Processing file /home/joestar/Documents/projects/airflow_etl/airflow_env/lib/python3.8/site-packages/airflow/example_dags/example_params_ui_tutorial.py for tasks to queue
[2023-09-14T17:51:34.369+0100] {logging_mixin.py:151} INFO - [2023-09-14T17:51:34.369+0100] {dagbag.py:539} INFO - Filling up the DagBag from /home/joestar/Documents/projects/airflow_etl/airflow_env/lib/python3.8/site-packages/airflow/example_dags/example_params_ui_tutorial.py
[2023-09-14T17:51:34.402+0100] {processor.py:839} INFO - DAG(s) dict_keys(['example_params_ui_tutorial']) retrieved from /home/joestar/Documents/projects/airflow_etl/airflow_env/lib/python3.8/site-packages/airflow/example_dags/example_params_ui_tutorial.py
[2023-09-14T17:51:34.455+0100] {logging_mixin.py:151} INFO - [2023-09-14T17:51:34.455+0100] {dag.py:2915} INFO - Sync 1 DAGs
[2023-09-14T17:51:34.476+0100] {logging_mixin.py:151} INFO - [2023-09-14T17:51:34.476+0100] {dag.py:3696} INFO - Setting next_dagrun for example_params_ui_tutorial to None, run_after=None
[2023-09-14T17:51:34.501+0100] {processor.py:179} INFO - Processing /home/joestar/Documents/projects/airflow_etl/airflow_env/lib/python3.8/site-packages/airflow/example_dags/example_params_ui_tutorial.py took 0.137 seconds
[2023-09-14T17:52:31.463+0100] {processor.py:157} INFO - Started process (PID=36752) to work on /home/joestar/Documents/projects/airflow_etl/airflow_env/lib/python3.8/site-packages/airflow/example_dags/example_params_ui_tutorial.py
[2023-09-14T17:52:31.463+0100] {processor.py:829} INFO - Processing file /home/joestar/Documents/projects/airflow_etl/airflow_env/lib/python3.8/site-packages/airflow/example_dags/example_params_ui_tutorial.py for tasks to queue
[2023-09-14T17:52:31.464+0100] {logging_mixin.py:151} INFO - [2023-09-14T17:52:31.464+0100] {dagbag.py:539} INFO - Filling up the DagBag from /home/joestar/Documents/projects/airflow_etl/airflow_env/lib/python3.8/site-packages/airflow/example_dags/example_params_ui_tutorial.py
[2023-09-14T17:52:31.493+0100] {processor.py:839} INFO - DAG(s) dict_keys(['example_params_ui_tutorial']) retrieved from /home/joestar/Documents/projects/airflow_etl/airflow_env/lib/python3.8/site-packages/airflow/example_dags/example_params_ui_tutorial.py
[2023-09-14T17:52:31.541+0100] {logging_mixin.py:151} INFO - [2023-09-14T17:52:31.541+0100] {dag.py:2915} INFO - Sync 1 DAGs
[2023-09-14T17:52:31.552+0100] {logging_mixin.py:151} INFO - [2023-09-14T17:52:31.552+0100] {dag.py:3696} INFO - Setting next_dagrun for example_params_ui_tutorial to None, run_after=None
[2023-09-14T17:52:31.581+0100] {processor.py:179} INFO - Processing /home/joestar/Documents/projects/airflow_etl/airflow_env/lib/python3.8/site-packages/airflow/example_dags/example_params_ui_tutorial.py took 0.122 seconds
[2023-09-14T17:55:33.710+0100] {processor.py:157} INFO - Started process (PID=37791) to work on /home/joestar/Documents/projects/airflow_etl/airflow_env/lib/python3.8/site-packages/airflow/example_dags/example_params_ui_tutorial.py
[2023-09-14T17:55:33.711+0100] {processor.py:829} INFO - Processing file /home/joestar/Documents/projects/airflow_etl/airflow_env/lib/python3.8/site-packages/airflow/example_dags/example_params_ui_tutorial.py for tasks to queue
[2023-09-14T17:55:33.712+0100] {logging_mixin.py:151} INFO - [2023-09-14T17:55:33.712+0100] {dagbag.py:539} INFO - Filling up the DagBag from /home/joestar/Documents/projects/airflow_etl/airflow_env/lib/python3.8/site-packages/airflow/example_dags/example_params_ui_tutorial.py
[2023-09-14T17:55:33.758+0100] {processor.py:839} INFO - DAG(s) dict_keys(['example_params_ui_tutorial']) retrieved from /home/joestar/Documents/projects/airflow_etl/airflow_env/lib/python3.8/site-packages/airflow/example_dags/example_params_ui_tutorial.py
[2023-09-14T17:55:33.838+0100] {logging_mixin.py:151} INFO - [2023-09-14T17:55:33.838+0100] {dag.py:2915} INFO - Sync 1 DAGs
[2023-09-14T17:55:33.853+0100] {logging_mixin.py:151} INFO - [2023-09-14T17:55:33.853+0100] {dag.py:3696} INFO - Setting next_dagrun for example_params_ui_tutorial to None, run_after=None
[2023-09-14T17:55:33.885+0100] {processor.py:179} INFO - Processing /home/joestar/Documents/projects/airflow_etl/airflow_env/lib/python3.8/site-packages/airflow/example_dags/example_params_ui_tutorial.py took 0.178 seconds
[2023-09-14T18:03:19.118+0100] {processor.py:157} INFO - Started process (PID=38793) to work on /home/joestar/Documents/projects/airflow_etl/airflow_env/lib/python3.8/site-packages/airflow/example_dags/example_params_ui_tutorial.py
[2023-09-14T18:03:19.119+0100] {processor.py:829} INFO - Processing file /home/joestar/Documents/projects/airflow_etl/airflow_env/lib/python3.8/site-packages/airflow/example_dags/example_params_ui_tutorial.py for tasks to queue
[2023-09-14T18:03:19.120+0100] {logging_mixin.py:151} INFO - [2023-09-14T18:03:19.120+0100] {dagbag.py:539} INFO - Filling up the DagBag from /home/joestar/Documents/projects/airflow_etl/airflow_env/lib/python3.8/site-packages/airflow/example_dags/example_params_ui_tutorial.py
[2023-09-14T18:03:19.183+0100] {processor.py:839} INFO - DAG(s) dict_keys(['example_params_ui_tutorial']) retrieved from /home/joestar/Documents/projects/airflow_etl/airflow_env/lib/python3.8/site-packages/airflow/example_dags/example_params_ui_tutorial.py
[2023-09-14T18:03:19.283+0100] {logging_mixin.py:151} INFO - [2023-09-14T18:03:19.283+0100] {dag.py:2915} INFO - Sync 1 DAGs
[2023-09-14T18:03:19.324+0100] {logging_mixin.py:151} INFO - [2023-09-14T18:03:19.324+0100] {dag.py:3696} INFO - Setting next_dagrun for example_params_ui_tutorial to None, run_after=None
[2023-09-14T18:03:19.400+0100] {processor.py:179} INFO - Processing /home/joestar/Documents/projects/airflow_etl/airflow_env/lib/python3.8/site-packages/airflow/example_dags/example_params_ui_tutorial.py took 0.285 seconds
[2023-09-14T18:04:11.245+0100] {processor.py:157} INFO - Started process (PID=38997) to work on /home/joestar/Documents/projects/airflow_etl/airflow_env/lib/python3.8/site-packages/airflow/example_dags/example_params_ui_tutorial.py
[2023-09-14T18:04:11.246+0100] {processor.py:829} INFO - Processing file /home/joestar/Documents/projects/airflow_etl/airflow_env/lib/python3.8/site-packages/airflow/example_dags/example_params_ui_tutorial.py for tasks to queue
[2023-09-14T18:04:11.247+0100] {logging_mixin.py:151} INFO - [2023-09-14T18:04:11.247+0100] {dagbag.py:539} INFO - Filling up the DagBag from /home/joestar/Documents/projects/airflow_etl/airflow_env/lib/python3.8/site-packages/airflow/example_dags/example_params_ui_tutorial.py
[2023-09-14T18:04:11.292+0100] {processor.py:839} INFO - DAG(s) dict_keys(['example_params_ui_tutorial']) retrieved from /home/joestar/Documents/projects/airflow_etl/airflow_env/lib/python3.8/site-packages/airflow/example_dags/example_params_ui_tutorial.py
[2023-09-14T18:04:11.352+0100] {logging_mixin.py:151} INFO - [2023-09-14T18:04:11.351+0100] {dag.py:2915} INFO - Sync 1 DAGs
[2023-09-14T18:04:11.364+0100] {logging_mixin.py:151} INFO - [2023-09-14T18:04:11.364+0100] {dag.py:3696} INFO - Setting next_dagrun for example_params_ui_tutorial to None, run_after=None
[2023-09-14T18:04:11.400+0100] {processor.py:179} INFO - Processing /home/joestar/Documents/projects/airflow_etl/airflow_env/lib/python3.8/site-packages/airflow/example_dags/example_params_ui_tutorial.py took 0.158 seconds
[2023-09-14T18:04:59.224+0100] {processor.py:157} INFO - Started process (PID=39225) to work on /home/joestar/Documents/projects/airflow_etl/airflow_env/lib/python3.8/site-packages/airflow/example_dags/example_params_ui_tutorial.py
[2023-09-14T18:04:59.225+0100] {processor.py:829} INFO - Processing file /home/joestar/Documents/projects/airflow_etl/airflow_env/lib/python3.8/site-packages/airflow/example_dags/example_params_ui_tutorial.py for tasks to queue
[2023-09-14T18:04:59.226+0100] {logging_mixin.py:151} INFO - [2023-09-14T18:04:59.226+0100] {dagbag.py:539} INFO - Filling up the DagBag from /home/joestar/Documents/projects/airflow_etl/airflow_env/lib/python3.8/site-packages/airflow/example_dags/example_params_ui_tutorial.py
[2023-09-14T18:04:59.277+0100] {processor.py:839} INFO - DAG(s) dict_keys(['example_params_ui_tutorial']) retrieved from /home/joestar/Documents/projects/airflow_etl/airflow_env/lib/python3.8/site-packages/airflow/example_dags/example_params_ui_tutorial.py
[2023-09-14T18:04:59.384+0100] {logging_mixin.py:151} INFO - [2023-09-14T18:04:59.384+0100] {dag.py:2915} INFO - Sync 1 DAGs
[2023-09-14T18:04:59.398+0100] {logging_mixin.py:151} INFO - [2023-09-14T18:04:59.398+0100] {dag.py:3696} INFO - Setting next_dagrun for example_params_ui_tutorial to None, run_after=None
[2023-09-14T18:04:59.432+0100] {processor.py:179} INFO - Processing /home/joestar/Documents/projects/airflow_etl/airflow_env/lib/python3.8/site-packages/airflow/example_dags/example_params_ui_tutorial.py took 0.212 seconds
