[2023-09-14T17:12:38.063+0100] {processor.py:157} INFO - Started process (PID=24463) to work on /home/joestar/Documents/projects/airflow_etl/airflow_env/lib/python3.8/site-packages/airflow/example_dags/example_external_task_marker_dag.py
[2023-09-14T17:12:38.064+0100] {processor.py:829} INFO - Processing file /home/joestar/Documents/projects/airflow_etl/airflow_env/lib/python3.8/site-packages/airflow/example_dags/example_external_task_marker_dag.py for tasks to queue
[2023-09-14T17:12:38.065+0100] {logging_mixin.py:151} INFO - [2023-09-14T17:12:38.064+0100] {dagbag.py:539} INFO - Filling up the DagBag from /home/joestar/Documents/projects/airflow_etl/airflow_env/lib/python3.8/site-packages/airflow/example_dags/example_external_task_marker_dag.py
[2023-09-14T17:12:38.071+0100] {processor.py:839} INFO - DAG(s) dict_keys(['example_external_task_marker_parent', 'example_external_task_marker_child']) retrieved from /home/joestar/Documents/projects/airflow_etl/airflow_env/lib/python3.8/site-packages/airflow/example_dags/example_external_task_marker_dag.py
[2023-09-14T17:12:38.190+0100] {logging_mixin.py:151} INFO - [2023-09-14T17:12:38.190+0100] {manager.py:499} INFO - Created Permission View: %s
[2023-09-14T17:12:38.210+0100] {logging_mixin.py:151} INFO - [2023-09-14T17:12:38.210+0100] {manager.py:499} INFO - Created Permission View: %s
[2023-09-14T17:12:38.234+0100] {logging_mixin.py:151} INFO - [2023-09-14T17:12:38.233+0100] {manager.py:499} INFO - Created Permission View: %s
[2023-09-14T17:12:38.236+0100] {logging_mixin.py:151} INFO - [2023-09-14T17:12:38.235+0100] {security.py:708} INFO - Not syncing DAG-level permissions for DAG 'DAG:example_external_task_marker_parent' as access control is unset.
[2023-09-14T17:12:38.292+0100] {logging_mixin.py:151} INFO - [2023-09-14T17:12:38.291+0100] {manager.py:499} INFO - Created Permission View: %s
[2023-09-14T17:12:38.307+0100] {logging_mixin.py:151} INFO - [2023-09-14T17:12:38.307+0100] {manager.py:499} INFO - Created Permission View: %s
[2023-09-14T17:12:38.320+0100] {logging_mixin.py:151} INFO - [2023-09-14T17:12:38.320+0100] {manager.py:499} INFO - Created Permission View: %s
[2023-09-14T17:12:38.321+0100] {logging_mixin.py:151} INFO - [2023-09-14T17:12:38.320+0100] {security.py:708} INFO - Not syncing DAG-level permissions for DAG 'DAG:example_external_task_marker_child' as access control is unset.
[2023-09-14T17:12:38.321+0100] {logging_mixin.py:151} INFO - [2023-09-14T17:12:38.321+0100] {dag.py:2915} INFO - Sync 2 DAGs
[2023-09-14T17:12:38.331+0100] {logging_mixin.py:151} INFO - [2023-09-14T17:12:38.331+0100] {dag.py:2937} INFO - Creating ORM DAG for example_external_task_marker_child
[2023-09-14T17:12:38.331+0100] {logging_mixin.py:151} INFO - [2023-09-14T17:12:38.331+0100] {dag.py:2937} INFO - Creating ORM DAG for example_external_task_marker_parent
[2023-09-14T17:12:38.332+0100] {logging_mixin.py:151} INFO - [2023-09-14T17:12:38.332+0100] {dag.py:3696} INFO - Setting next_dagrun for example_external_task_marker_child to None, run_after=None
[2023-09-14T17:12:38.332+0100] {logging_mixin.py:151} INFO - [2023-09-14T17:12:38.332+0100] {dag.py:3696} INFO - Setting next_dagrun for example_external_task_marker_parent to None, run_after=None
[2023-09-14T17:12:38.357+0100] {processor.py:179} INFO - Processing /home/joestar/Documents/projects/airflow_etl/airflow_env/lib/python3.8/site-packages/airflow/example_dags/example_external_task_marker_dag.py took 0.298 seconds
[2023-09-14T17:13:29.437+0100] {processor.py:157} INFO - Started process (PID=24863) to work on /home/joestar/Documents/projects/airflow_etl/airflow_env/lib/python3.8/site-packages/airflow/example_dags/example_external_task_marker_dag.py
[2023-09-14T17:13:29.438+0100] {processor.py:829} INFO - Processing file /home/joestar/Documents/projects/airflow_etl/airflow_env/lib/python3.8/site-packages/airflow/example_dags/example_external_task_marker_dag.py for tasks to queue
[2023-09-14T17:13:29.440+0100] {logging_mixin.py:151} INFO - [2023-09-14T17:13:29.439+0100] {dagbag.py:539} INFO - Filling up the DagBag from /home/joestar/Documents/projects/airflow_etl/airflow_env/lib/python3.8/site-packages/airflow/example_dags/example_external_task_marker_dag.py
[2023-09-14T17:13:29.449+0100] {processor.py:839} INFO - DAG(s) dict_keys(['example_external_task_marker_child', 'example_external_task_marker_parent']) retrieved from /home/joestar/Documents/projects/airflow_etl/airflow_env/lib/python3.8/site-packages/airflow/example_dags/example_external_task_marker_dag.py
[2023-09-14T17:13:29.475+0100] {logging_mixin.py:151} INFO - [2023-09-14T17:13:29.474+0100] {dag.py:2915} INFO - Sync 2 DAGs
[2023-09-14T17:13:29.492+0100] {logging_mixin.py:151} INFO - [2023-09-14T17:13:29.491+0100] {dag.py:3696} INFO - Setting next_dagrun for example_external_task_marker_child to None, run_after=None
[2023-09-14T17:13:29.496+0100] {logging_mixin.py:151} INFO - [2023-09-14T17:13:29.495+0100] {dag.py:3696} INFO - Setting next_dagrun for example_external_task_marker_parent to None, run_after=None
[2023-09-14T17:13:29.524+0100] {processor.py:179} INFO - Processing /home/joestar/Documents/projects/airflow_etl/airflow_env/lib/python3.8/site-packages/airflow/example_dags/example_external_task_marker_dag.py took 0.092 seconds
[2023-09-14T17:14:25.737+0100] {processor.py:157} INFO - Started process (PID=25237) to work on /home/joestar/Documents/projects/airflow_etl/airflow_env/lib/python3.8/site-packages/airflow/example_dags/example_external_task_marker_dag.py
[2023-09-14T17:14:25.738+0100] {processor.py:829} INFO - Processing file /home/joestar/Documents/projects/airflow_etl/airflow_env/lib/python3.8/site-packages/airflow/example_dags/example_external_task_marker_dag.py for tasks to queue
[2023-09-14T17:14:25.739+0100] {logging_mixin.py:151} INFO - [2023-09-14T17:14:25.739+0100] {dagbag.py:539} INFO - Filling up the DagBag from /home/joestar/Documents/projects/airflow_etl/airflow_env/lib/python3.8/site-packages/airflow/example_dags/example_external_task_marker_dag.py
[2023-09-14T17:14:25.744+0100] {processor.py:839} INFO - DAG(s) dict_keys(['example_external_task_marker_child', 'example_external_task_marker_parent']) retrieved from /home/joestar/Documents/projects/airflow_etl/airflow_env/lib/python3.8/site-packages/airflow/example_dags/example_external_task_marker_dag.py
[2023-09-14T17:14:25.764+0100] {logging_mixin.py:151} INFO - [2023-09-14T17:14:25.764+0100] {dag.py:2915} INFO - Sync 2 DAGs
[2023-09-14T17:14:25.774+0100] {logging_mixin.py:151} INFO - [2023-09-14T17:14:25.774+0100] {dag.py:3696} INFO - Setting next_dagrun for example_external_task_marker_child to None, run_after=None
[2023-09-14T17:14:25.776+0100] {logging_mixin.py:151} INFO - [2023-09-14T17:14:25.776+0100] {dag.py:3696} INFO - Setting next_dagrun for example_external_task_marker_parent to None, run_after=None
[2023-09-14T17:14:25.808+0100] {processor.py:179} INFO - Processing /home/joestar/Documents/projects/airflow_etl/airflow_env/lib/python3.8/site-packages/airflow/example_dags/example_external_task_marker_dag.py took 0.073 seconds
[2023-09-14T17:15:24.371+0100] {processor.py:157} INFO - Started process (PID=25908) to work on /home/joestar/Documents/projects/airflow_etl/airflow_env/lib/python3.8/site-packages/airflow/example_dags/example_external_task_marker_dag.py
[2023-09-14T17:15:24.376+0100] {processor.py:829} INFO - Processing file /home/joestar/Documents/projects/airflow_etl/airflow_env/lib/python3.8/site-packages/airflow/example_dags/example_external_task_marker_dag.py for tasks to queue
[2023-09-14T17:15:24.378+0100] {logging_mixin.py:151} INFO - [2023-09-14T17:15:24.377+0100] {dagbag.py:539} INFO - Filling up the DagBag from /home/joestar/Documents/projects/airflow_etl/airflow_env/lib/python3.8/site-packages/airflow/example_dags/example_external_task_marker_dag.py
[2023-09-14T17:15:24.396+0100] {processor.py:839} INFO - DAG(s) dict_keys(['example_external_task_marker_parent', 'example_external_task_marker_child']) retrieved from /home/joestar/Documents/projects/airflow_etl/airflow_env/lib/python3.8/site-packages/airflow/example_dags/example_external_task_marker_dag.py
[2023-09-14T17:15:24.438+0100] {logging_mixin.py:151} INFO - [2023-09-14T17:15:24.437+0100] {dag.py:2915} INFO - Sync 2 DAGs
[2023-09-14T17:15:24.463+0100] {logging_mixin.py:151} INFO - [2023-09-14T17:15:24.463+0100] {dag.py:3696} INFO - Setting next_dagrun for example_external_task_marker_child to None, run_after=None
[2023-09-14T17:15:24.469+0100] {logging_mixin.py:151} INFO - [2023-09-14T17:15:24.469+0100] {dag.py:3696} INFO - Setting next_dagrun for example_external_task_marker_parent to None, run_after=None
[2023-09-14T17:15:24.509+0100] {processor.py:179} INFO - Processing /home/joestar/Documents/projects/airflow_etl/airflow_env/lib/python3.8/site-packages/airflow/example_dags/example_external_task_marker_dag.py took 0.143 seconds
[2023-09-14T17:16:18.874+0100] {processor.py:157} INFO - Started process (PID=26158) to work on /home/joestar/Documents/projects/airflow_etl/airflow_env/lib/python3.8/site-packages/airflow/example_dags/example_external_task_marker_dag.py
[2023-09-14T17:16:18.875+0100] {processor.py:829} INFO - Processing file /home/joestar/Documents/projects/airflow_etl/airflow_env/lib/python3.8/site-packages/airflow/example_dags/example_external_task_marker_dag.py for tasks to queue
[2023-09-14T17:16:18.876+0100] {logging_mixin.py:151} INFO - [2023-09-14T17:16:18.875+0100] {dagbag.py:539} INFO - Filling up the DagBag from /home/joestar/Documents/projects/airflow_etl/airflow_env/lib/python3.8/site-packages/airflow/example_dags/example_external_task_marker_dag.py
[2023-09-14T17:16:18.882+0100] {processor.py:839} INFO - DAG(s) dict_keys(['example_external_task_marker_parent', 'example_external_task_marker_child']) retrieved from /home/joestar/Documents/projects/airflow_etl/airflow_env/lib/python3.8/site-packages/airflow/example_dags/example_external_task_marker_dag.py
[2023-09-14T17:16:18.901+0100] {logging_mixin.py:151} INFO - [2023-09-14T17:16:18.900+0100] {dag.py:2915} INFO - Sync 2 DAGs
[2023-09-14T17:16:18.912+0100] {logging_mixin.py:151} INFO - [2023-09-14T17:16:18.911+0100] {dag.py:3696} INFO - Setting next_dagrun for example_external_task_marker_child to None, run_after=None
[2023-09-14T17:16:18.914+0100] {logging_mixin.py:151} INFO - [2023-09-14T17:16:18.914+0100] {dag.py:3696} INFO - Setting next_dagrun for example_external_task_marker_parent to None, run_after=None
[2023-09-14T17:16:18.939+0100] {processor.py:179} INFO - Processing /home/joestar/Documents/projects/airflow_etl/airflow_env/lib/python3.8/site-packages/airflow/example_dags/example_external_task_marker_dag.py took 0.068 seconds
[2023-09-14T17:17:11.097+0100] {processor.py:157} INFO - Started process (PID=26408) to work on /home/joestar/Documents/projects/airflow_etl/airflow_env/lib/python3.8/site-packages/airflow/example_dags/example_external_task_marker_dag.py
[2023-09-14T17:17:11.099+0100] {processor.py:829} INFO - Processing file /home/joestar/Documents/projects/airflow_etl/airflow_env/lib/python3.8/site-packages/airflow/example_dags/example_external_task_marker_dag.py for tasks to queue
[2023-09-14T17:17:11.100+0100] {logging_mixin.py:151} INFO - [2023-09-14T17:17:11.099+0100] {dagbag.py:539} INFO - Filling up the DagBag from /home/joestar/Documents/projects/airflow_etl/airflow_env/lib/python3.8/site-packages/airflow/example_dags/example_external_task_marker_dag.py
[2023-09-14T17:17:11.108+0100] {processor.py:839} INFO - DAG(s) dict_keys(['example_external_task_marker_parent', 'example_external_task_marker_child']) retrieved from /home/joestar/Documents/projects/airflow_etl/airflow_env/lib/python3.8/site-packages/airflow/example_dags/example_external_task_marker_dag.py
[2023-09-14T17:17:11.133+0100] {logging_mixin.py:151} INFO - [2023-09-14T17:17:11.132+0100] {dag.py:2915} INFO - Sync 2 DAGs
[2023-09-14T17:17:11.149+0100] {logging_mixin.py:151} INFO - [2023-09-14T17:17:11.149+0100] {dag.py:3696} INFO - Setting next_dagrun for example_external_task_marker_child to None, run_after=None
[2023-09-14T17:17:11.153+0100] {logging_mixin.py:151} INFO - [2023-09-14T17:17:11.152+0100] {dag.py:3696} INFO - Setting next_dagrun for example_external_task_marker_parent to None, run_after=None
[2023-09-14T17:17:11.182+0100] {processor.py:179} INFO - Processing /home/joestar/Documents/projects/airflow_etl/airflow_env/lib/python3.8/site-packages/airflow/example_dags/example_external_task_marker_dag.py took 0.088 seconds
[2023-09-14T17:18:01.970+0100] {processor.py:157} INFO - Started process (PID=26704) to work on /home/joestar/Documents/projects/airflow_etl/airflow_env/lib/python3.8/site-packages/airflow/example_dags/example_external_task_marker_dag.py
[2023-09-14T17:18:01.971+0100] {processor.py:829} INFO - Processing file /home/joestar/Documents/projects/airflow_etl/airflow_env/lib/python3.8/site-packages/airflow/example_dags/example_external_task_marker_dag.py for tasks to queue
[2023-09-14T17:18:01.972+0100] {logging_mixin.py:151} INFO - [2023-09-14T17:18:01.972+0100] {dagbag.py:539} INFO - Filling up the DagBag from /home/joestar/Documents/projects/airflow_etl/airflow_env/lib/python3.8/site-packages/airflow/example_dags/example_external_task_marker_dag.py
[2023-09-14T17:18:01.980+0100] {processor.py:839} INFO - DAG(s) dict_keys(['example_external_task_marker_child', 'example_external_task_marker_parent']) retrieved from /home/joestar/Documents/projects/airflow_etl/airflow_env/lib/python3.8/site-packages/airflow/example_dags/example_external_task_marker_dag.py
[2023-09-14T17:18:02.003+0100] {logging_mixin.py:151} INFO - [2023-09-14T17:18:02.002+0100] {dag.py:2915} INFO - Sync 2 DAGs
[2023-09-14T17:18:02.017+0100] {logging_mixin.py:151} INFO - [2023-09-14T17:18:02.016+0100] {dag.py:3696} INFO - Setting next_dagrun for example_external_task_marker_child to None, run_after=None
[2023-09-14T17:18:02.021+0100] {logging_mixin.py:151} INFO - [2023-09-14T17:18:02.020+0100] {dag.py:3696} INFO - Setting next_dagrun for example_external_task_marker_parent to None, run_after=None
[2023-09-14T17:18:02.044+0100] {processor.py:179} INFO - Processing /home/joestar/Documents/projects/airflow_etl/airflow_env/lib/python3.8/site-packages/airflow/example_dags/example_external_task_marker_dag.py took 0.078 seconds
[2023-09-14T17:18:52.231+0100] {processor.py:157} INFO - Started process (PID=27125) to work on /home/joestar/Documents/projects/airflow_etl/airflow_env/lib/python3.8/site-packages/airflow/example_dags/example_external_task_marker_dag.py
[2023-09-14T17:18:52.245+0100] {processor.py:829} INFO - Processing file /home/joestar/Documents/projects/airflow_etl/airflow_env/lib/python3.8/site-packages/airflow/example_dags/example_external_task_marker_dag.py for tasks to queue
[2023-09-14T17:18:52.246+0100] {logging_mixin.py:151} INFO - [2023-09-14T17:18:52.246+0100] {dagbag.py:539} INFO - Filling up the DagBag from /home/joestar/Documents/projects/airflow_etl/airflow_env/lib/python3.8/site-packages/airflow/example_dags/example_external_task_marker_dag.py
[2023-09-14T17:18:52.307+0100] {processor.py:839} INFO - DAG(s) dict_keys(['example_external_task_marker_parent', 'example_external_task_marker_child']) retrieved from /home/joestar/Documents/projects/airflow_etl/airflow_env/lib/python3.8/site-packages/airflow/example_dags/example_external_task_marker_dag.py
[2023-09-14T17:18:52.366+0100] {logging_mixin.py:151} INFO - [2023-09-14T17:18:52.366+0100] {dag.py:2915} INFO - Sync 2 DAGs
[2023-09-14T17:18:52.386+0100] {logging_mixin.py:151} INFO - [2023-09-14T17:18:52.385+0100] {dag.py:3696} INFO - Setting next_dagrun for example_external_task_marker_child to None, run_after=None
[2023-09-14T17:18:52.390+0100] {logging_mixin.py:151} INFO - [2023-09-14T17:18:52.390+0100] {dag.py:3696} INFO - Setting next_dagrun for example_external_task_marker_parent to None, run_after=None
[2023-09-14T17:18:52.445+0100] {processor.py:179} INFO - Processing /home/joestar/Documents/projects/airflow_etl/airflow_env/lib/python3.8/site-packages/airflow/example_dags/example_external_task_marker_dag.py took 0.218 seconds
[2023-09-14T17:19:53.742+0100] {processor.py:157} INFO - Started process (PID=27423) to work on /home/joestar/Documents/projects/airflow_etl/airflow_env/lib/python3.8/site-packages/airflow/example_dags/example_external_task_marker_dag.py
[2023-09-14T17:19:53.743+0100] {processor.py:829} INFO - Processing file /home/joestar/Documents/projects/airflow_etl/airflow_env/lib/python3.8/site-packages/airflow/example_dags/example_external_task_marker_dag.py for tasks to queue
[2023-09-14T17:19:53.744+0100] {logging_mixin.py:151} INFO - [2023-09-14T17:19:53.744+0100] {dagbag.py:539} INFO - Filling up the DagBag from /home/joestar/Documents/projects/airflow_etl/airflow_env/lib/python3.8/site-packages/airflow/example_dags/example_external_task_marker_dag.py
[2023-09-14T17:19:53.752+0100] {processor.py:839} INFO - DAG(s) dict_keys(['example_external_task_marker_child', 'example_external_task_marker_parent']) retrieved from /home/joestar/Documents/projects/airflow_etl/airflow_env/lib/python3.8/site-packages/airflow/example_dags/example_external_task_marker_dag.py
[2023-09-14T17:19:53.777+0100] {logging_mixin.py:151} INFO - [2023-09-14T17:19:53.777+0100] {dag.py:2915} INFO - Sync 2 DAGs
[2023-09-14T17:19:53.793+0100] {logging_mixin.py:151} INFO - [2023-09-14T17:19:53.793+0100] {dag.py:3696} INFO - Setting next_dagrun for example_external_task_marker_child to None, run_after=None
[2023-09-14T17:19:53.797+0100] {logging_mixin.py:151} INFO - [2023-09-14T17:19:53.797+0100] {dag.py:3696} INFO - Setting next_dagrun for example_external_task_marker_parent to None, run_after=None
[2023-09-14T17:19:53.830+0100] {processor.py:179} INFO - Processing /home/joestar/Documents/projects/airflow_etl/airflow_env/lib/python3.8/site-packages/airflow/example_dags/example_external_task_marker_dag.py took 0.092 seconds
[2023-09-14T17:20:44.549+0100] {processor.py:157} INFO - Started process (PID=27629) to work on /home/joestar/Documents/projects/airflow_etl/airflow_env/lib/python3.8/site-packages/airflow/example_dags/example_external_task_marker_dag.py
[2023-09-14T17:20:44.550+0100] {processor.py:829} INFO - Processing file /home/joestar/Documents/projects/airflow_etl/airflow_env/lib/python3.8/site-packages/airflow/example_dags/example_external_task_marker_dag.py for tasks to queue
[2023-09-14T17:20:44.551+0100] {logging_mixin.py:151} INFO - [2023-09-14T17:20:44.551+0100] {dagbag.py:539} INFO - Filling up the DagBag from /home/joestar/Documents/projects/airflow_etl/airflow_env/lib/python3.8/site-packages/airflow/example_dags/example_external_task_marker_dag.py
[2023-09-14T17:20:44.557+0100] {processor.py:839} INFO - DAG(s) dict_keys(['example_external_task_marker_child', 'example_external_task_marker_parent']) retrieved from /home/joestar/Documents/projects/airflow_etl/airflow_env/lib/python3.8/site-packages/airflow/example_dags/example_external_task_marker_dag.py
[2023-09-14T17:20:44.576+0100] {logging_mixin.py:151} INFO - [2023-09-14T17:20:44.576+0100] {dag.py:2915} INFO - Sync 2 DAGs
[2023-09-14T17:20:44.590+0100] {logging_mixin.py:151} INFO - [2023-09-14T17:20:44.590+0100] {dag.py:3696} INFO - Setting next_dagrun for example_external_task_marker_child to None, run_after=None
[2023-09-14T17:20:44.593+0100] {logging_mixin.py:151} INFO - [2023-09-14T17:20:44.593+0100] {dag.py:3696} INFO - Setting next_dagrun for example_external_task_marker_parent to None, run_after=None
[2023-09-14T17:20:44.624+0100] {processor.py:179} INFO - Processing /home/joestar/Documents/projects/airflow_etl/airflow_env/lib/python3.8/site-packages/airflow/example_dags/example_external_task_marker_dag.py took 0.078 seconds
[2023-09-14T17:21:35.413+0100] {processor.py:157} INFO - Started process (PID=27859) to work on /home/joestar/Documents/projects/airflow_etl/airflow_env/lib/python3.8/site-packages/airflow/example_dags/example_external_task_marker_dag.py
[2023-09-14T17:21:35.414+0100] {processor.py:829} INFO - Processing file /home/joestar/Documents/projects/airflow_etl/airflow_env/lib/python3.8/site-packages/airflow/example_dags/example_external_task_marker_dag.py for tasks to queue
[2023-09-14T17:21:35.415+0100] {logging_mixin.py:151} INFO - [2023-09-14T17:21:35.414+0100] {dagbag.py:539} INFO - Filling up the DagBag from /home/joestar/Documents/projects/airflow_etl/airflow_env/lib/python3.8/site-packages/airflow/example_dags/example_external_task_marker_dag.py
[2023-09-14T17:21:35.421+0100] {processor.py:839} INFO - DAG(s) dict_keys(['example_external_task_marker_parent', 'example_external_task_marker_child']) retrieved from /home/joestar/Documents/projects/airflow_etl/airflow_env/lib/python3.8/site-packages/airflow/example_dags/example_external_task_marker_dag.py
[2023-09-14T17:21:35.441+0100] {logging_mixin.py:151} INFO - [2023-09-14T17:21:35.440+0100] {dag.py:2915} INFO - Sync 2 DAGs
[2023-09-14T17:21:35.451+0100] {logging_mixin.py:151} INFO - [2023-09-14T17:21:35.451+0100] {dag.py:3696} INFO - Setting next_dagrun for example_external_task_marker_child to None, run_after=None
[2023-09-14T17:21:35.454+0100] {logging_mixin.py:151} INFO - [2023-09-14T17:21:35.454+0100] {dag.py:3696} INFO - Setting next_dagrun for example_external_task_marker_parent to None, run_after=None
[2023-09-14T17:21:35.478+0100] {processor.py:179} INFO - Processing /home/joestar/Documents/projects/airflow_etl/airflow_env/lib/python3.8/site-packages/airflow/example_dags/example_external_task_marker_dag.py took 0.067 seconds
[2023-09-14T17:22:28.744+0100] {processor.py:157} INFO - Started process (PID=28080) to work on /home/joestar/Documents/projects/airflow_etl/airflow_env/lib/python3.8/site-packages/airflow/example_dags/example_external_task_marker_dag.py
[2023-09-14T17:22:28.746+0100] {processor.py:829} INFO - Processing file /home/joestar/Documents/projects/airflow_etl/airflow_env/lib/python3.8/site-packages/airflow/example_dags/example_external_task_marker_dag.py for tasks to queue
[2023-09-14T17:22:28.747+0100] {logging_mixin.py:151} INFO - [2023-09-14T17:22:28.746+0100] {dagbag.py:539} INFO - Filling up the DagBag from /home/joestar/Documents/projects/airflow_etl/airflow_env/lib/python3.8/site-packages/airflow/example_dags/example_external_task_marker_dag.py
[2023-09-14T17:22:28.754+0100] {processor.py:839} INFO - DAG(s) dict_keys(['example_external_task_marker_parent', 'example_external_task_marker_child']) retrieved from /home/joestar/Documents/projects/airflow_etl/airflow_env/lib/python3.8/site-packages/airflow/example_dags/example_external_task_marker_dag.py
[2023-09-14T17:22:28.780+0100] {logging_mixin.py:151} INFO - [2023-09-14T17:22:28.779+0100] {dag.py:2915} INFO - Sync 2 DAGs
[2023-09-14T17:22:28.797+0100] {logging_mixin.py:151} INFO - [2023-09-14T17:22:28.796+0100] {dag.py:3696} INFO - Setting next_dagrun for example_external_task_marker_child to None, run_after=None
[2023-09-14T17:22:28.800+0100] {logging_mixin.py:151} INFO - [2023-09-14T17:22:28.800+0100] {dag.py:3696} INFO - Setting next_dagrun for example_external_task_marker_parent to None, run_after=None
[2023-09-14T17:22:28.827+0100] {processor.py:179} INFO - Processing /home/joestar/Documents/projects/airflow_etl/airflow_env/lib/python3.8/site-packages/airflow/example_dags/example_external_task_marker_dag.py took 0.086 seconds
[2023-09-14T17:23:23.197+0100] {processor.py:157} INFO - Started process (PID=28330) to work on /home/joestar/Documents/projects/airflow_etl/airflow_env/lib/python3.8/site-packages/airflow/example_dags/example_external_task_marker_dag.py
[2023-09-14T17:23:23.202+0100] {processor.py:829} INFO - Processing file /home/joestar/Documents/projects/airflow_etl/airflow_env/lib/python3.8/site-packages/airflow/example_dags/example_external_task_marker_dag.py for tasks to queue
[2023-09-14T17:23:23.209+0100] {logging_mixin.py:151} INFO - [2023-09-14T17:23:23.203+0100] {dagbag.py:539} INFO - Filling up the DagBag from /home/joestar/Documents/projects/airflow_etl/airflow_env/lib/python3.8/site-packages/airflow/example_dags/example_external_task_marker_dag.py
[2023-09-14T17:23:23.220+0100] {processor.py:839} INFO - DAG(s) dict_keys(['example_external_task_marker_parent', 'example_external_task_marker_child']) retrieved from /home/joestar/Documents/projects/airflow_etl/airflow_env/lib/python3.8/site-packages/airflow/example_dags/example_external_task_marker_dag.py
[2023-09-14T17:23:23.251+0100] {logging_mixin.py:151} INFO - [2023-09-14T17:23:23.251+0100] {dag.py:2915} INFO - Sync 2 DAGs
[2023-09-14T17:23:23.270+0100] {logging_mixin.py:151} INFO - [2023-09-14T17:23:23.270+0100] {dag.py:3696} INFO - Setting next_dagrun for example_external_task_marker_child to None, run_after=None
[2023-09-14T17:23:23.280+0100] {logging_mixin.py:151} INFO - [2023-09-14T17:23:23.280+0100] {dag.py:3696} INFO - Setting next_dagrun for example_external_task_marker_parent to None, run_after=None
[2023-09-14T17:23:23.344+0100] {processor.py:179} INFO - Processing /home/joestar/Documents/projects/airflow_etl/airflow_env/lib/python3.8/site-packages/airflow/example_dags/example_external_task_marker_dag.py took 0.152 seconds
[2023-09-14T17:24:23.038+0100] {processor.py:157} INFO - Started process (PID=28591) to work on /home/joestar/Documents/projects/airflow_etl/airflow_env/lib/python3.8/site-packages/airflow/example_dags/example_external_task_marker_dag.py
[2023-09-14T17:24:23.039+0100] {processor.py:829} INFO - Processing file /home/joestar/Documents/projects/airflow_etl/airflow_env/lib/python3.8/site-packages/airflow/example_dags/example_external_task_marker_dag.py for tasks to queue
[2023-09-14T17:24:23.040+0100] {logging_mixin.py:151} INFO - [2023-09-14T17:24:23.040+0100] {dagbag.py:539} INFO - Filling up the DagBag from /home/joestar/Documents/projects/airflow_etl/airflow_env/lib/python3.8/site-packages/airflow/example_dags/example_external_task_marker_dag.py
[2023-09-14T17:24:23.046+0100] {processor.py:839} INFO - DAG(s) dict_keys(['example_external_task_marker_parent', 'example_external_task_marker_child']) retrieved from /home/joestar/Documents/projects/airflow_etl/airflow_env/lib/python3.8/site-packages/airflow/example_dags/example_external_task_marker_dag.py
[2023-09-14T17:24:23.064+0100] {logging_mixin.py:151} INFO - [2023-09-14T17:24:23.064+0100] {dag.py:2915} INFO - Sync 2 DAGs
[2023-09-14T17:24:23.080+0100] {logging_mixin.py:151} INFO - [2023-09-14T17:24:23.080+0100] {dag.py:3696} INFO - Setting next_dagrun for example_external_task_marker_child to None, run_after=None
[2023-09-14T17:24:23.085+0100] {logging_mixin.py:151} INFO - [2023-09-14T17:24:23.084+0100] {dag.py:3696} INFO - Setting next_dagrun for example_external_task_marker_parent to None, run_after=None
[2023-09-14T17:24:23.109+0100] {processor.py:179} INFO - Processing /home/joestar/Documents/projects/airflow_etl/airflow_env/lib/python3.8/site-packages/airflow/example_dags/example_external_task_marker_dag.py took 0.074 seconds
[2023-09-14T17:25:20.453+0100] {processor.py:157} INFO - Started process (PID=28825) to work on /home/joestar/Documents/projects/airflow_etl/airflow_env/lib/python3.8/site-packages/airflow/example_dags/example_external_task_marker_dag.py
[2023-09-14T17:25:20.454+0100] {processor.py:829} INFO - Processing file /home/joestar/Documents/projects/airflow_etl/airflow_env/lib/python3.8/site-packages/airflow/example_dags/example_external_task_marker_dag.py for tasks to queue
[2023-09-14T17:25:20.455+0100] {logging_mixin.py:151} INFO - [2023-09-14T17:25:20.455+0100] {dagbag.py:539} INFO - Filling up the DagBag from /home/joestar/Documents/projects/airflow_etl/airflow_env/lib/python3.8/site-packages/airflow/example_dags/example_external_task_marker_dag.py
[2023-09-14T17:25:20.463+0100] {processor.py:839} INFO - DAG(s) dict_keys(['example_external_task_marker_parent', 'example_external_task_marker_child']) retrieved from /home/joestar/Documents/projects/airflow_etl/airflow_env/lib/python3.8/site-packages/airflow/example_dags/example_external_task_marker_dag.py
[2023-09-14T17:25:20.492+0100] {logging_mixin.py:151} INFO - [2023-09-14T17:25:20.491+0100] {dag.py:2915} INFO - Sync 2 DAGs
[2023-09-14T17:25:20.509+0100] {logging_mixin.py:151} INFO - [2023-09-14T17:25:20.509+0100] {dag.py:3696} INFO - Setting next_dagrun for example_external_task_marker_child to None, run_after=None
[2023-09-14T17:25:20.513+0100] {logging_mixin.py:151} INFO - [2023-09-14T17:25:20.513+0100] {dag.py:3696} INFO - Setting next_dagrun for example_external_task_marker_parent to None, run_after=None
[2023-09-14T17:25:20.545+0100] {processor.py:179} INFO - Processing /home/joestar/Documents/projects/airflow_etl/airflow_env/lib/python3.8/site-packages/airflow/example_dags/example_external_task_marker_dag.py took 0.096 seconds
[2023-09-14T17:26:13.782+0100] {processor.py:157} INFO - Started process (PID=29061) to work on /home/joestar/Documents/projects/airflow_etl/airflow_env/lib/python3.8/site-packages/airflow/example_dags/example_external_task_marker_dag.py
[2023-09-14T17:26:13.784+0100] {processor.py:829} INFO - Processing file /home/joestar/Documents/projects/airflow_etl/airflow_env/lib/python3.8/site-packages/airflow/example_dags/example_external_task_marker_dag.py for tasks to queue
[2023-09-14T17:26:13.785+0100] {logging_mixin.py:151} INFO - [2023-09-14T17:26:13.785+0100] {dagbag.py:539} INFO - Filling up the DagBag from /home/joestar/Documents/projects/airflow_etl/airflow_env/lib/python3.8/site-packages/airflow/example_dags/example_external_task_marker_dag.py
[2023-09-14T17:26:13.793+0100] {processor.py:839} INFO - DAG(s) dict_keys(['example_external_task_marker_child', 'example_external_task_marker_parent']) retrieved from /home/joestar/Documents/projects/airflow_etl/airflow_env/lib/python3.8/site-packages/airflow/example_dags/example_external_task_marker_dag.py
[2023-09-14T17:26:13.828+0100] {logging_mixin.py:151} INFO - [2023-09-14T17:26:13.828+0100] {dag.py:2915} INFO - Sync 2 DAGs
[2023-09-14T17:26:13.849+0100] {logging_mixin.py:151} INFO - [2023-09-14T17:26:13.849+0100] {dag.py:3696} INFO - Setting next_dagrun for example_external_task_marker_child to None, run_after=None
[2023-09-14T17:26:13.856+0100] {logging_mixin.py:151} INFO - [2023-09-14T17:26:13.855+0100] {dag.py:3696} INFO - Setting next_dagrun for example_external_task_marker_parent to None, run_after=None
[2023-09-14T17:26:13.887+0100] {processor.py:179} INFO - Processing /home/joestar/Documents/projects/airflow_etl/airflow_env/lib/python3.8/site-packages/airflow/example_dags/example_external_task_marker_dag.py took 0.108 seconds
[2023-09-14T17:27:06.689+0100] {processor.py:157} INFO - Started process (PID=29303) to work on /home/joestar/Documents/projects/airflow_etl/airflow_env/lib/python3.8/site-packages/airflow/example_dags/example_external_task_marker_dag.py
[2023-09-14T17:27:06.690+0100] {processor.py:829} INFO - Processing file /home/joestar/Documents/projects/airflow_etl/airflow_env/lib/python3.8/site-packages/airflow/example_dags/example_external_task_marker_dag.py for tasks to queue
[2023-09-14T17:27:06.691+0100] {logging_mixin.py:151} INFO - [2023-09-14T17:27:06.691+0100] {dagbag.py:539} INFO - Filling up the DagBag from /home/joestar/Documents/projects/airflow_etl/airflow_env/lib/python3.8/site-packages/airflow/example_dags/example_external_task_marker_dag.py
[2023-09-14T17:27:06.698+0100] {processor.py:839} INFO - DAG(s) dict_keys(['example_external_task_marker_child', 'example_external_task_marker_parent']) retrieved from /home/joestar/Documents/projects/airflow_etl/airflow_env/lib/python3.8/site-packages/airflow/example_dags/example_external_task_marker_dag.py
[2023-09-14T17:27:06.715+0100] {logging_mixin.py:151} INFO - [2023-09-14T17:27:06.715+0100] {dag.py:2915} INFO - Sync 2 DAGs
[2023-09-14T17:27:06.725+0100] {logging_mixin.py:151} INFO - [2023-09-14T17:27:06.725+0100] {dag.py:3696} INFO - Setting next_dagrun for example_external_task_marker_child to None, run_after=None
[2023-09-14T17:27:06.728+0100] {logging_mixin.py:151} INFO - [2023-09-14T17:27:06.727+0100] {dag.py:3696} INFO - Setting next_dagrun for example_external_task_marker_parent to None, run_after=None
[2023-09-14T17:27:06.751+0100] {processor.py:179} INFO - Processing /home/joestar/Documents/projects/airflow_etl/airflow_env/lib/python3.8/site-packages/airflow/example_dags/example_external_task_marker_dag.py took 0.067 seconds
[2023-09-14T17:28:03.348+0100] {processor.py:157} INFO - Started process (PID=29547) to work on /home/joestar/Documents/projects/airflow_etl/airflow_env/lib/python3.8/site-packages/airflow/example_dags/example_external_task_marker_dag.py
[2023-09-14T17:28:03.349+0100] {processor.py:829} INFO - Processing file /home/joestar/Documents/projects/airflow_etl/airflow_env/lib/python3.8/site-packages/airflow/example_dags/example_external_task_marker_dag.py for tasks to queue
[2023-09-14T17:28:03.350+0100] {logging_mixin.py:151} INFO - [2023-09-14T17:28:03.350+0100] {dagbag.py:539} INFO - Filling up the DagBag from /home/joestar/Documents/projects/airflow_etl/airflow_env/lib/python3.8/site-packages/airflow/example_dags/example_external_task_marker_dag.py
[2023-09-14T17:28:03.356+0100] {processor.py:839} INFO - DAG(s) dict_keys(['example_external_task_marker_parent', 'example_external_task_marker_child']) retrieved from /home/joestar/Documents/projects/airflow_etl/airflow_env/lib/python3.8/site-packages/airflow/example_dags/example_external_task_marker_dag.py
[2023-09-14T17:28:03.378+0100] {logging_mixin.py:151} INFO - [2023-09-14T17:28:03.377+0100] {dag.py:2915} INFO - Sync 2 DAGs
[2023-09-14T17:28:03.390+0100] {logging_mixin.py:151} INFO - [2023-09-14T17:28:03.390+0100] {dag.py:3696} INFO - Setting next_dagrun for example_external_task_marker_child to None, run_after=None
[2023-09-14T17:28:03.393+0100] {logging_mixin.py:151} INFO - [2023-09-14T17:28:03.393+0100] {dag.py:3696} INFO - Setting next_dagrun for example_external_task_marker_parent to None, run_after=None
[2023-09-14T17:28:03.417+0100] {processor.py:179} INFO - Processing /home/joestar/Documents/projects/airflow_etl/airflow_env/lib/python3.8/site-packages/airflow/example_dags/example_external_task_marker_dag.py took 0.072 seconds
[2023-09-14T17:28:55.333+0100] {processor.py:157} INFO - Started process (PID=29772) to work on /home/joestar/Documents/projects/airflow_etl/airflow_env/lib/python3.8/site-packages/airflow/example_dags/example_external_task_marker_dag.py
[2023-09-14T17:28:55.334+0100] {processor.py:829} INFO - Processing file /home/joestar/Documents/projects/airflow_etl/airflow_env/lib/python3.8/site-packages/airflow/example_dags/example_external_task_marker_dag.py for tasks to queue
[2023-09-14T17:28:55.335+0100] {logging_mixin.py:151} INFO - [2023-09-14T17:28:55.335+0100] {dagbag.py:539} INFO - Filling up the DagBag from /home/joestar/Documents/projects/airflow_etl/airflow_env/lib/python3.8/site-packages/airflow/example_dags/example_external_task_marker_dag.py
[2023-09-14T17:28:55.344+0100] {processor.py:839} INFO - DAG(s) dict_keys(['example_external_task_marker_child', 'example_external_task_marker_parent']) retrieved from /home/joestar/Documents/projects/airflow_etl/airflow_env/lib/python3.8/site-packages/airflow/example_dags/example_external_task_marker_dag.py
[2023-09-14T17:28:55.370+0100] {logging_mixin.py:151} INFO - [2023-09-14T17:28:55.370+0100] {dag.py:2915} INFO - Sync 2 DAGs
[2023-09-14T17:28:55.394+0100] {logging_mixin.py:151} INFO - [2023-09-14T17:28:55.394+0100] {dag.py:3696} INFO - Setting next_dagrun for example_external_task_marker_child to None, run_after=None
[2023-09-14T17:28:55.399+0100] {logging_mixin.py:151} INFO - [2023-09-14T17:28:55.398+0100] {dag.py:3696} INFO - Setting next_dagrun for example_external_task_marker_parent to None, run_after=None
[2023-09-14T17:28:55.434+0100] {processor.py:179} INFO - Processing /home/joestar/Documents/projects/airflow_etl/airflow_env/lib/python3.8/site-packages/airflow/example_dags/example_external_task_marker_dag.py took 0.104 seconds
[2023-09-14T17:29:47.526+0100] {processor.py:157} INFO - Started process (PID=30023) to work on /home/joestar/Documents/projects/airflow_etl/airflow_env/lib/python3.8/site-packages/airflow/example_dags/example_external_task_marker_dag.py
[2023-09-14T17:29:47.527+0100] {processor.py:829} INFO - Processing file /home/joestar/Documents/projects/airflow_etl/airflow_env/lib/python3.8/site-packages/airflow/example_dags/example_external_task_marker_dag.py for tasks to queue
[2023-09-14T17:29:47.528+0100] {logging_mixin.py:151} INFO - [2023-09-14T17:29:47.528+0100] {dagbag.py:539} INFO - Filling up the DagBag from /home/joestar/Documents/projects/airflow_etl/airflow_env/lib/python3.8/site-packages/airflow/example_dags/example_external_task_marker_dag.py
[2023-09-14T17:29:47.534+0100] {processor.py:839} INFO - DAG(s) dict_keys(['example_external_task_marker_parent', 'example_external_task_marker_child']) retrieved from /home/joestar/Documents/projects/airflow_etl/airflow_env/lib/python3.8/site-packages/airflow/example_dags/example_external_task_marker_dag.py
[2023-09-14T17:29:47.553+0100] {logging_mixin.py:151} INFO - [2023-09-14T17:29:47.553+0100] {dag.py:2915} INFO - Sync 2 DAGs
[2023-09-14T17:29:47.564+0100] {logging_mixin.py:151} INFO - [2023-09-14T17:29:47.564+0100] {dag.py:3696} INFO - Setting next_dagrun for example_external_task_marker_child to None, run_after=None
[2023-09-14T17:29:47.567+0100] {logging_mixin.py:151} INFO - [2023-09-14T17:29:47.567+0100] {dag.py:3696} INFO - Setting next_dagrun for example_external_task_marker_parent to None, run_after=None
[2023-09-14T17:29:47.591+0100] {processor.py:179} INFO - Processing /home/joestar/Documents/projects/airflow_etl/airflow_env/lib/python3.8/site-packages/airflow/example_dags/example_external_task_marker_dag.py took 0.068 seconds
[2023-09-14T17:30:39.714+0100] {processor.py:157} INFO - Started process (PID=30272) to work on /home/joestar/Documents/projects/airflow_etl/airflow_env/lib/python3.8/site-packages/airflow/example_dags/example_external_task_marker_dag.py
[2023-09-14T17:30:39.715+0100] {processor.py:829} INFO - Processing file /home/joestar/Documents/projects/airflow_etl/airflow_env/lib/python3.8/site-packages/airflow/example_dags/example_external_task_marker_dag.py for tasks to queue
[2023-09-14T17:30:39.716+0100] {logging_mixin.py:151} INFO - [2023-09-14T17:30:39.716+0100] {dagbag.py:539} INFO - Filling up the DagBag from /home/joestar/Documents/projects/airflow_etl/airflow_env/lib/python3.8/site-packages/airflow/example_dags/example_external_task_marker_dag.py
[2023-09-14T17:30:39.725+0100] {processor.py:839} INFO - DAG(s) dict_keys(['example_external_task_marker_parent', 'example_external_task_marker_child']) retrieved from /home/joestar/Documents/projects/airflow_etl/airflow_env/lib/python3.8/site-packages/airflow/example_dags/example_external_task_marker_dag.py
[2023-09-14T17:30:39.746+0100] {logging_mixin.py:151} INFO - [2023-09-14T17:30:39.746+0100] {dag.py:2915} INFO - Sync 2 DAGs
[2023-09-14T17:30:39.757+0100] {logging_mixin.py:151} INFO - [2023-09-14T17:30:39.757+0100] {dag.py:3696} INFO - Setting next_dagrun for example_external_task_marker_child to None, run_after=None
[2023-09-14T17:30:39.760+0100] {logging_mixin.py:151} INFO - [2023-09-14T17:30:39.760+0100] {dag.py:3696} INFO - Setting next_dagrun for example_external_task_marker_parent to None, run_after=None
[2023-09-14T17:30:39.782+0100] {processor.py:179} INFO - Processing /home/joestar/Documents/projects/airflow_etl/airflow_env/lib/python3.8/site-packages/airflow/example_dags/example_external_task_marker_dag.py took 0.072 seconds
[2023-09-14T17:31:29.877+0100] {processor.py:157} INFO - Started process (PID=30503) to work on /home/joestar/Documents/projects/airflow_etl/airflow_env/lib/python3.8/site-packages/airflow/example_dags/example_external_task_marker_dag.py
[2023-09-14T17:31:29.878+0100] {processor.py:829} INFO - Processing file /home/joestar/Documents/projects/airflow_etl/airflow_env/lib/python3.8/site-packages/airflow/example_dags/example_external_task_marker_dag.py for tasks to queue
[2023-09-14T17:31:29.879+0100] {logging_mixin.py:151} INFO - [2023-09-14T17:31:29.879+0100] {dagbag.py:539} INFO - Filling up the DagBag from /home/joestar/Documents/projects/airflow_etl/airflow_env/lib/python3.8/site-packages/airflow/example_dags/example_external_task_marker_dag.py
[2023-09-14T17:31:29.885+0100] {processor.py:839} INFO - DAG(s) dict_keys(['example_external_task_marker_parent', 'example_external_task_marker_child']) retrieved from /home/joestar/Documents/projects/airflow_etl/airflow_env/lib/python3.8/site-packages/airflow/example_dags/example_external_task_marker_dag.py
[2023-09-14T17:31:29.904+0100] {logging_mixin.py:151} INFO - [2023-09-14T17:31:29.904+0100] {dag.py:2915} INFO - Sync 2 DAGs
[2023-09-14T17:31:29.922+0100] {logging_mixin.py:151} INFO - [2023-09-14T17:31:29.921+0100] {dag.py:3696} INFO - Setting next_dagrun for example_external_task_marker_child to None, run_after=None
[2023-09-14T17:31:29.927+0100] {logging_mixin.py:151} INFO - [2023-09-14T17:31:29.927+0100] {dag.py:3696} INFO - Setting next_dagrun for example_external_task_marker_parent to None, run_after=None
[2023-09-14T17:31:29.955+0100] {processor.py:179} INFO - Processing /home/joestar/Documents/projects/airflow_etl/airflow_env/lib/python3.8/site-packages/airflow/example_dags/example_external_task_marker_dag.py took 0.080 seconds
[2023-09-14T17:32:21.844+0100] {processor.py:157} INFO - Started process (PID=30737) to work on /home/joestar/Documents/projects/airflow_etl/airflow_env/lib/python3.8/site-packages/airflow/example_dags/example_external_task_marker_dag.py
[2023-09-14T17:32:21.845+0100] {processor.py:829} INFO - Processing file /home/joestar/Documents/projects/airflow_etl/airflow_env/lib/python3.8/site-packages/airflow/example_dags/example_external_task_marker_dag.py for tasks to queue
[2023-09-14T17:32:21.846+0100] {logging_mixin.py:151} INFO - [2023-09-14T17:32:21.846+0100] {dagbag.py:539} INFO - Filling up the DagBag from /home/joestar/Documents/projects/airflow_etl/airflow_env/lib/python3.8/site-packages/airflow/example_dags/example_external_task_marker_dag.py
[2023-09-14T17:32:21.854+0100] {processor.py:839} INFO - DAG(s) dict_keys(['example_external_task_marker_parent', 'example_external_task_marker_child']) retrieved from /home/joestar/Documents/projects/airflow_etl/airflow_env/lib/python3.8/site-packages/airflow/example_dags/example_external_task_marker_dag.py
[2023-09-14T17:32:21.880+0100] {logging_mixin.py:151} INFO - [2023-09-14T17:32:21.880+0100] {dag.py:2915} INFO - Sync 2 DAGs
[2023-09-14T17:32:21.897+0100] {logging_mixin.py:151} INFO - [2023-09-14T17:32:21.897+0100] {dag.py:3696} INFO - Setting next_dagrun for example_external_task_marker_child to None, run_after=None
[2023-09-14T17:32:21.901+0100] {logging_mixin.py:151} INFO - [2023-09-14T17:32:21.901+0100] {dag.py:3696} INFO - Setting next_dagrun for example_external_task_marker_parent to None, run_after=None
[2023-09-14T17:32:21.926+0100] {processor.py:179} INFO - Processing /home/joestar/Documents/projects/airflow_etl/airflow_env/lib/python3.8/site-packages/airflow/example_dags/example_external_task_marker_dag.py took 0.085 seconds
[2023-09-14T17:33:13.789+0100] {processor.py:157} INFO - Started process (PID=30974) to work on /home/joestar/Documents/projects/airflow_etl/airflow_env/lib/python3.8/site-packages/airflow/example_dags/example_external_task_marker_dag.py
[2023-09-14T17:33:13.790+0100] {processor.py:829} INFO - Processing file /home/joestar/Documents/projects/airflow_etl/airflow_env/lib/python3.8/site-packages/airflow/example_dags/example_external_task_marker_dag.py for tasks to queue
[2023-09-14T17:33:13.791+0100] {logging_mixin.py:151} INFO - [2023-09-14T17:33:13.790+0100] {dagbag.py:539} INFO - Filling up the DagBag from /home/joestar/Documents/projects/airflow_etl/airflow_env/lib/python3.8/site-packages/airflow/example_dags/example_external_task_marker_dag.py
[2023-09-14T17:33:13.798+0100] {processor.py:839} INFO - DAG(s) dict_keys(['example_external_task_marker_parent', 'example_external_task_marker_child']) retrieved from /home/joestar/Documents/projects/airflow_etl/airflow_env/lib/python3.8/site-packages/airflow/example_dags/example_external_task_marker_dag.py
[2023-09-14T17:33:13.828+0100] {logging_mixin.py:151} INFO - [2023-09-14T17:33:13.828+0100] {dag.py:2915} INFO - Sync 2 DAGs
[2023-09-14T17:33:13.847+0100] {logging_mixin.py:151} INFO - [2023-09-14T17:33:13.846+0100] {dag.py:3696} INFO - Setting next_dagrun for example_external_task_marker_child to None, run_after=None
[2023-09-14T17:33:13.851+0100] {logging_mixin.py:151} INFO - [2023-09-14T17:33:13.851+0100] {dag.py:3696} INFO - Setting next_dagrun for example_external_task_marker_parent to None, run_after=None
[2023-09-14T17:33:13.881+0100] {processor.py:179} INFO - Processing /home/joestar/Documents/projects/airflow_etl/airflow_env/lib/python3.8/site-packages/airflow/example_dags/example_external_task_marker_dag.py took 0.095 seconds
[2023-09-14T17:34:07.391+0100] {processor.py:157} INFO - Started process (PID=31223) to work on /home/joestar/Documents/projects/airflow_etl/airflow_env/lib/python3.8/site-packages/airflow/example_dags/example_external_task_marker_dag.py
[2023-09-14T17:34:07.392+0100] {processor.py:829} INFO - Processing file /home/joestar/Documents/projects/airflow_etl/airflow_env/lib/python3.8/site-packages/airflow/example_dags/example_external_task_marker_dag.py for tasks to queue
[2023-09-14T17:34:07.393+0100] {logging_mixin.py:151} INFO - [2023-09-14T17:34:07.392+0100] {dagbag.py:539} INFO - Filling up the DagBag from /home/joestar/Documents/projects/airflow_etl/airflow_env/lib/python3.8/site-packages/airflow/example_dags/example_external_task_marker_dag.py
[2023-09-14T17:34:07.401+0100] {processor.py:839} INFO - DAG(s) dict_keys(['example_external_task_marker_parent', 'example_external_task_marker_child']) retrieved from /home/joestar/Documents/projects/airflow_etl/airflow_env/lib/python3.8/site-packages/airflow/example_dags/example_external_task_marker_dag.py
[2023-09-14T17:34:07.426+0100] {logging_mixin.py:151} INFO - [2023-09-14T17:34:07.426+0100] {dag.py:2915} INFO - Sync 2 DAGs
[2023-09-14T17:34:07.442+0100] {logging_mixin.py:151} INFO - [2023-09-14T17:34:07.442+0100] {dag.py:3696} INFO - Setting next_dagrun for example_external_task_marker_child to None, run_after=None
[2023-09-14T17:34:07.447+0100] {logging_mixin.py:151} INFO - [2023-09-14T17:34:07.446+0100] {dag.py:3696} INFO - Setting next_dagrun for example_external_task_marker_parent to None, run_after=None
[2023-09-14T17:34:07.474+0100] {processor.py:179} INFO - Processing /home/joestar/Documents/projects/airflow_etl/airflow_env/lib/python3.8/site-packages/airflow/example_dags/example_external_task_marker_dag.py took 0.089 seconds
[2023-09-14T17:35:00.403+0100] {processor.py:157} INFO - Started process (PID=31453) to work on /home/joestar/Documents/projects/airflow_etl/airflow_env/lib/python3.8/site-packages/airflow/example_dags/example_external_task_marker_dag.py
[2023-09-14T17:35:00.404+0100] {processor.py:829} INFO - Processing file /home/joestar/Documents/projects/airflow_etl/airflow_env/lib/python3.8/site-packages/airflow/example_dags/example_external_task_marker_dag.py for tasks to queue
[2023-09-14T17:35:00.405+0100] {logging_mixin.py:151} INFO - [2023-09-14T17:35:00.405+0100] {dagbag.py:539} INFO - Filling up the DagBag from /home/joestar/Documents/projects/airflow_etl/airflow_env/lib/python3.8/site-packages/airflow/example_dags/example_external_task_marker_dag.py
[2023-09-14T17:35:00.412+0100] {processor.py:839} INFO - DAG(s) dict_keys(['example_external_task_marker_child', 'example_external_task_marker_parent']) retrieved from /home/joestar/Documents/projects/airflow_etl/airflow_env/lib/python3.8/site-packages/airflow/example_dags/example_external_task_marker_dag.py
[2023-09-14T17:35:00.437+0100] {logging_mixin.py:151} INFO - [2023-09-14T17:35:00.437+0100] {dag.py:2915} INFO - Sync 2 DAGs
[2023-09-14T17:35:00.451+0100] {logging_mixin.py:151} INFO - [2023-09-14T17:35:00.451+0100] {dag.py:3696} INFO - Setting next_dagrun for example_external_task_marker_child to None, run_after=None
[2023-09-14T17:35:00.454+0100] {logging_mixin.py:151} INFO - [2023-09-14T17:35:00.454+0100] {dag.py:3696} INFO - Setting next_dagrun for example_external_task_marker_parent to None, run_after=None
[2023-09-14T17:35:00.496+0100] {processor.py:179} INFO - Processing /home/joestar/Documents/projects/airflow_etl/airflow_env/lib/python3.8/site-packages/airflow/example_dags/example_external_task_marker_dag.py took 0.096 seconds
[2023-09-14T17:35:51.106+0100] {processor.py:157} INFO - Started process (PID=31690) to work on /home/joestar/Documents/projects/airflow_etl/airflow_env/lib/python3.8/site-packages/airflow/example_dags/example_external_task_marker_dag.py
[2023-09-14T17:35:51.107+0100] {processor.py:829} INFO - Processing file /home/joestar/Documents/projects/airflow_etl/airflow_env/lib/python3.8/site-packages/airflow/example_dags/example_external_task_marker_dag.py for tasks to queue
[2023-09-14T17:35:51.109+0100] {logging_mixin.py:151} INFO - [2023-09-14T17:35:51.108+0100] {dagbag.py:539} INFO - Filling up the DagBag from /home/joestar/Documents/projects/airflow_etl/airflow_env/lib/python3.8/site-packages/airflow/example_dags/example_external_task_marker_dag.py
[2023-09-14T17:35:51.118+0100] {processor.py:839} INFO - DAG(s) dict_keys(['example_external_task_marker_parent', 'example_external_task_marker_child']) retrieved from /home/joestar/Documents/projects/airflow_etl/airflow_env/lib/python3.8/site-packages/airflow/example_dags/example_external_task_marker_dag.py
[2023-09-14T17:35:51.147+0100] {logging_mixin.py:151} INFO - [2023-09-14T17:35:51.147+0100] {dag.py:2915} INFO - Sync 2 DAGs
[2023-09-14T17:35:51.166+0100] {logging_mixin.py:151} INFO - [2023-09-14T17:35:51.166+0100] {dag.py:3696} INFO - Setting next_dagrun for example_external_task_marker_child to None, run_after=None
[2023-09-14T17:35:51.171+0100] {logging_mixin.py:151} INFO - [2023-09-14T17:35:51.171+0100] {dag.py:3696} INFO - Setting next_dagrun for example_external_task_marker_parent to None, run_after=None
[2023-09-14T17:35:51.212+0100] {processor.py:179} INFO - Processing /home/joestar/Documents/projects/airflow_etl/airflow_env/lib/python3.8/site-packages/airflow/example_dags/example_external_task_marker_dag.py took 0.111 seconds
[2023-09-14T17:36:43.177+0100] {processor.py:157} INFO - Started process (PID=31927) to work on /home/joestar/Documents/projects/airflow_etl/airflow_env/lib/python3.8/site-packages/airflow/example_dags/example_external_task_marker_dag.py
[2023-09-14T17:36:43.178+0100] {processor.py:829} INFO - Processing file /home/joestar/Documents/projects/airflow_etl/airflow_env/lib/python3.8/site-packages/airflow/example_dags/example_external_task_marker_dag.py for tasks to queue
[2023-09-14T17:36:43.179+0100] {logging_mixin.py:151} INFO - [2023-09-14T17:36:43.178+0100] {dagbag.py:539} INFO - Filling up the DagBag from /home/joestar/Documents/projects/airflow_etl/airflow_env/lib/python3.8/site-packages/airflow/example_dags/example_external_task_marker_dag.py
[2023-09-14T17:36:43.187+0100] {processor.py:839} INFO - DAG(s) dict_keys(['example_external_task_marker_parent', 'example_external_task_marker_child']) retrieved from /home/joestar/Documents/projects/airflow_etl/airflow_env/lib/python3.8/site-packages/airflow/example_dags/example_external_task_marker_dag.py
[2023-09-14T17:36:43.213+0100] {logging_mixin.py:151} INFO - [2023-09-14T17:36:43.213+0100] {dag.py:2915} INFO - Sync 2 DAGs
[2023-09-14T17:36:43.226+0100] {logging_mixin.py:151} INFO - [2023-09-14T17:36:43.226+0100] {dag.py:3696} INFO - Setting next_dagrun for example_external_task_marker_child to None, run_after=None
[2023-09-14T17:36:43.230+0100] {logging_mixin.py:151} INFO - [2023-09-14T17:36:43.230+0100] {dag.py:3696} INFO - Setting next_dagrun for example_external_task_marker_parent to None, run_after=None
[2023-09-14T17:36:43.256+0100] {processor.py:179} INFO - Processing /home/joestar/Documents/projects/airflow_etl/airflow_env/lib/python3.8/site-packages/airflow/example_dags/example_external_task_marker_dag.py took 0.082 seconds
[2023-09-14T17:37:38.655+0100] {processor.py:157} INFO - Started process (PID=32213) to work on /home/joestar/Documents/projects/airflow_etl/airflow_env/lib/python3.8/site-packages/airflow/example_dags/example_external_task_marker_dag.py
[2023-09-14T17:37:38.656+0100] {processor.py:829} INFO - Processing file /home/joestar/Documents/projects/airflow_etl/airflow_env/lib/python3.8/site-packages/airflow/example_dags/example_external_task_marker_dag.py for tasks to queue
[2023-09-14T17:37:38.658+0100] {logging_mixin.py:151} INFO - [2023-09-14T17:37:38.657+0100] {dagbag.py:539} INFO - Filling up the DagBag from /home/joestar/Documents/projects/airflow_etl/airflow_env/lib/python3.8/site-packages/airflow/example_dags/example_external_task_marker_dag.py
[2023-09-14T17:37:38.667+0100] {processor.py:839} INFO - DAG(s) dict_keys(['example_external_task_marker_parent', 'example_external_task_marker_child']) retrieved from /home/joestar/Documents/projects/airflow_etl/airflow_env/lib/python3.8/site-packages/airflow/example_dags/example_external_task_marker_dag.py
[2023-09-14T17:37:38.694+0100] {logging_mixin.py:151} INFO - [2023-09-14T17:37:38.694+0100] {dag.py:2915} INFO - Sync 2 DAGs
[2023-09-14T17:37:38.712+0100] {logging_mixin.py:151} INFO - [2023-09-14T17:37:38.712+0100] {dag.py:3696} INFO - Setting next_dagrun for example_external_task_marker_child to None, run_after=None
[2023-09-14T17:37:38.717+0100] {logging_mixin.py:151} INFO - [2023-09-14T17:37:38.717+0100] {dag.py:3696} INFO - Setting next_dagrun for example_external_task_marker_parent to None, run_after=None
[2023-09-14T17:37:38.748+0100] {processor.py:179} INFO - Processing /home/joestar/Documents/projects/airflow_etl/airflow_env/lib/python3.8/site-packages/airflow/example_dags/example_external_task_marker_dag.py took 0.096 seconds
[2023-09-14T17:38:35.281+0100] {processor.py:157} INFO - Started process (PID=32700) to work on /home/joestar/Documents/projects/airflow_etl/airflow_env/lib/python3.8/site-packages/airflow/example_dags/example_external_task_marker_dag.py
[2023-09-14T17:38:35.282+0100] {processor.py:829} INFO - Processing file /home/joestar/Documents/projects/airflow_etl/airflow_env/lib/python3.8/site-packages/airflow/example_dags/example_external_task_marker_dag.py for tasks to queue
[2023-09-14T17:38:35.283+0100] {logging_mixin.py:151} INFO - [2023-09-14T17:38:35.282+0100] {dagbag.py:539} INFO - Filling up the DagBag from /home/joestar/Documents/projects/airflow_etl/airflow_env/lib/python3.8/site-packages/airflow/example_dags/example_external_task_marker_dag.py
[2023-09-14T17:38:35.291+0100] {processor.py:839} INFO - DAG(s) dict_keys(['example_external_task_marker_parent', 'example_external_task_marker_child']) retrieved from /home/joestar/Documents/projects/airflow_etl/airflow_env/lib/python3.8/site-packages/airflow/example_dags/example_external_task_marker_dag.py
[2023-09-14T17:38:35.319+0100] {logging_mixin.py:151} INFO - [2023-09-14T17:38:35.319+0100] {dag.py:2915} INFO - Sync 2 DAGs
[2023-09-14T17:38:35.336+0100] {logging_mixin.py:151} INFO - [2023-09-14T17:38:35.336+0100] {dag.py:3696} INFO - Setting next_dagrun for example_external_task_marker_child to None, run_after=None
[2023-09-14T17:38:35.340+0100] {logging_mixin.py:151} INFO - [2023-09-14T17:38:35.340+0100] {dag.py:3696} INFO - Setting next_dagrun for example_external_task_marker_parent to None, run_after=None
[2023-09-14T17:38:35.390+0100] {processor.py:179} INFO - Processing /home/joestar/Documents/projects/airflow_etl/airflow_env/lib/python3.8/site-packages/airflow/example_dags/example_external_task_marker_dag.py took 0.113 seconds
[2023-09-14T17:39:44.454+0100] {processor.py:157} INFO - Started process (PID=33131) to work on /home/joestar/Documents/projects/airflow_etl/airflow_env/lib/python3.8/site-packages/airflow/example_dags/example_external_task_marker_dag.py
[2023-09-14T17:39:44.455+0100] {processor.py:829} INFO - Processing file /home/joestar/Documents/projects/airflow_etl/airflow_env/lib/python3.8/site-packages/airflow/example_dags/example_external_task_marker_dag.py for tasks to queue
[2023-09-14T17:39:44.456+0100] {logging_mixin.py:151} INFO - [2023-09-14T17:39:44.456+0100] {dagbag.py:539} INFO - Filling up the DagBag from /home/joestar/Documents/projects/airflow_etl/airflow_env/lib/python3.8/site-packages/airflow/example_dags/example_external_task_marker_dag.py
[2023-09-14T17:39:44.463+0100] {processor.py:839} INFO - DAG(s) dict_keys(['example_external_task_marker_parent', 'example_external_task_marker_child']) retrieved from /home/joestar/Documents/projects/airflow_etl/airflow_env/lib/python3.8/site-packages/airflow/example_dags/example_external_task_marker_dag.py
[2023-09-14T17:39:44.482+0100] {logging_mixin.py:151} INFO - [2023-09-14T17:39:44.481+0100] {dag.py:2915} INFO - Sync 2 DAGs
[2023-09-14T17:39:44.492+0100] {logging_mixin.py:151} INFO - [2023-09-14T17:39:44.492+0100] {dag.py:3696} INFO - Setting next_dagrun for example_external_task_marker_child to None, run_after=None
[2023-09-14T17:39:44.495+0100] {logging_mixin.py:151} INFO - [2023-09-14T17:39:44.495+0100] {dag.py:3696} INFO - Setting next_dagrun for example_external_task_marker_parent to None, run_after=None
[2023-09-14T17:39:44.519+0100] {processor.py:179} INFO - Processing /home/joestar/Documents/projects/airflow_etl/airflow_env/lib/python3.8/site-packages/airflow/example_dags/example_external_task_marker_dag.py took 0.069 seconds
[2023-09-14T17:40:45.639+0100] {processor.py:157} INFO - Started process (PID=33507) to work on /home/joestar/Documents/projects/airflow_etl/airflow_env/lib/python3.8/site-packages/airflow/example_dags/example_external_task_marker_dag.py
[2023-09-14T17:40:45.640+0100] {processor.py:829} INFO - Processing file /home/joestar/Documents/projects/airflow_etl/airflow_env/lib/python3.8/site-packages/airflow/example_dags/example_external_task_marker_dag.py for tasks to queue
[2023-09-14T17:40:45.641+0100] {logging_mixin.py:151} INFO - [2023-09-14T17:40:45.641+0100] {dagbag.py:539} INFO - Filling up the DagBag from /home/joestar/Documents/projects/airflow_etl/airflow_env/lib/python3.8/site-packages/airflow/example_dags/example_external_task_marker_dag.py
[2023-09-14T17:40:45.649+0100] {processor.py:839} INFO - DAG(s) dict_keys(['example_external_task_marker_child', 'example_external_task_marker_parent']) retrieved from /home/joestar/Documents/projects/airflow_etl/airflow_env/lib/python3.8/site-packages/airflow/example_dags/example_external_task_marker_dag.py
[2023-09-14T17:40:45.678+0100] {logging_mixin.py:151} INFO - [2023-09-14T17:40:45.677+0100] {dag.py:2915} INFO - Sync 2 DAGs
[2023-09-14T17:40:45.693+0100] {logging_mixin.py:151} INFO - [2023-09-14T17:40:45.693+0100] {dag.py:3696} INFO - Setting next_dagrun for example_external_task_marker_child to None, run_after=None
[2023-09-14T17:40:45.696+0100] {logging_mixin.py:151} INFO - [2023-09-14T17:40:45.696+0100] {dag.py:3696} INFO - Setting next_dagrun for example_external_task_marker_parent to None, run_after=None
[2023-09-14T17:40:45.729+0100] {processor.py:179} INFO - Processing /home/joestar/Documents/projects/airflow_etl/airflow_env/lib/python3.8/site-packages/airflow/example_dags/example_external_task_marker_dag.py took 0.094 seconds
[2023-09-14T17:41:37.503+0100] {processor.py:157} INFO - Started process (PID=33900) to work on /home/joestar/Documents/projects/airflow_etl/airflow_env/lib/python3.8/site-packages/airflow/example_dags/example_external_task_marker_dag.py
[2023-09-14T17:41:37.504+0100] {processor.py:829} INFO - Processing file /home/joestar/Documents/projects/airflow_etl/airflow_env/lib/python3.8/site-packages/airflow/example_dags/example_external_task_marker_dag.py for tasks to queue
[2023-09-14T17:41:37.505+0100] {logging_mixin.py:151} INFO - [2023-09-14T17:41:37.505+0100] {dagbag.py:539} INFO - Filling up the DagBag from /home/joestar/Documents/projects/airflow_etl/airflow_env/lib/python3.8/site-packages/airflow/example_dags/example_external_task_marker_dag.py
[2023-09-14T17:41:37.511+0100] {processor.py:839} INFO - DAG(s) dict_keys(['example_external_task_marker_child', 'example_external_task_marker_parent']) retrieved from /home/joestar/Documents/projects/airflow_etl/airflow_env/lib/python3.8/site-packages/airflow/example_dags/example_external_task_marker_dag.py
[2023-09-14T17:41:37.535+0100] {logging_mixin.py:151} INFO - [2023-09-14T17:41:37.535+0100] {dag.py:2915} INFO - Sync 2 DAGs
[2023-09-14T17:41:37.550+0100] {logging_mixin.py:151} INFO - [2023-09-14T17:41:37.550+0100] {dag.py:3696} INFO - Setting next_dagrun for example_external_task_marker_child to None, run_after=None
[2023-09-14T17:41:37.553+0100] {logging_mixin.py:151} INFO - [2023-09-14T17:41:37.552+0100] {dag.py:3696} INFO - Setting next_dagrun for example_external_task_marker_parent to None, run_after=None
[2023-09-14T17:41:37.583+0100] {processor.py:179} INFO - Processing /home/joestar/Documents/projects/airflow_etl/airflow_env/lib/python3.8/site-packages/airflow/example_dags/example_external_task_marker_dag.py took 0.083 seconds
[2023-09-14T17:42:42.202+0100] {processor.py:157} INFO - Started process (PID=34183) to work on /home/joestar/Documents/projects/airflow_etl/airflow_env/lib/python3.8/site-packages/airflow/example_dags/example_external_task_marker_dag.py
[2023-09-14T17:42:42.204+0100] {processor.py:829} INFO - Processing file /home/joestar/Documents/projects/airflow_etl/airflow_env/lib/python3.8/site-packages/airflow/example_dags/example_external_task_marker_dag.py for tasks to queue
[2023-09-14T17:42:42.205+0100] {logging_mixin.py:151} INFO - [2023-09-14T17:42:42.205+0100] {dagbag.py:539} INFO - Filling up the DagBag from /home/joestar/Documents/projects/airflow_etl/airflow_env/lib/python3.8/site-packages/airflow/example_dags/example_external_task_marker_dag.py
[2023-09-14T17:42:42.215+0100] {processor.py:839} INFO - DAG(s) dict_keys(['example_external_task_marker_parent', 'example_external_task_marker_child']) retrieved from /home/joestar/Documents/projects/airflow_etl/airflow_env/lib/python3.8/site-packages/airflow/example_dags/example_external_task_marker_dag.py
[2023-09-14T17:42:42.248+0100] {logging_mixin.py:151} INFO - [2023-09-14T17:42:42.248+0100] {dag.py:2915} INFO - Sync 2 DAGs
[2023-09-14T17:42:42.269+0100] {logging_mixin.py:151} INFO - [2023-09-14T17:42:42.269+0100] {dag.py:3696} INFO - Setting next_dagrun for example_external_task_marker_child to None, run_after=None
[2023-09-14T17:42:42.274+0100] {logging_mixin.py:151} INFO - [2023-09-14T17:42:42.274+0100] {dag.py:3696} INFO - Setting next_dagrun for example_external_task_marker_parent to None, run_after=None
[2023-09-14T17:42:42.328+0100] {processor.py:179} INFO - Processing /home/joestar/Documents/projects/airflow_etl/airflow_env/lib/python3.8/site-packages/airflow/example_dags/example_external_task_marker_dag.py took 0.130 seconds
[2023-09-14T17:43:38.908+0100] {processor.py:157} INFO - Started process (PID=34447) to work on /home/joestar/Documents/projects/airflow_etl/airflow_env/lib/python3.8/site-packages/airflow/example_dags/example_external_task_marker_dag.py
[2023-09-14T17:43:38.910+0100] {processor.py:829} INFO - Processing file /home/joestar/Documents/projects/airflow_etl/airflow_env/lib/python3.8/site-packages/airflow/example_dags/example_external_task_marker_dag.py for tasks to queue
[2023-09-14T17:43:38.911+0100] {logging_mixin.py:151} INFO - [2023-09-14T17:43:38.911+0100] {dagbag.py:539} INFO - Filling up the DagBag from /home/joestar/Documents/projects/airflow_etl/airflow_env/lib/python3.8/site-packages/airflow/example_dags/example_external_task_marker_dag.py
[2023-09-14T17:43:38.922+0100] {processor.py:839} INFO - DAG(s) dict_keys(['example_external_task_marker_parent', 'example_external_task_marker_child']) retrieved from /home/joestar/Documents/projects/airflow_etl/airflow_env/lib/python3.8/site-packages/airflow/example_dags/example_external_task_marker_dag.py
[2023-09-14T17:43:38.958+0100] {logging_mixin.py:151} INFO - [2023-09-14T17:43:38.957+0100] {dag.py:2915} INFO - Sync 2 DAGs
[2023-09-14T17:43:38.979+0100] {logging_mixin.py:151} INFO - [2023-09-14T17:43:38.978+0100] {dag.py:3696} INFO - Setting next_dagrun for example_external_task_marker_child to None, run_after=None
[2023-09-14T17:43:38.983+0100] {logging_mixin.py:151} INFO - [2023-09-14T17:43:38.983+0100] {dag.py:3696} INFO - Setting next_dagrun for example_external_task_marker_parent to None, run_after=None
[2023-09-14T17:43:39.010+0100] {processor.py:179} INFO - Processing /home/joestar/Documents/projects/airflow_etl/airflow_env/lib/python3.8/site-packages/airflow/example_dags/example_external_task_marker_dag.py took 0.106 seconds
[2023-09-14T17:44:41.298+0100] {processor.py:157} INFO - Started process (PID=34753) to work on /home/joestar/Documents/projects/airflow_etl/airflow_env/lib/python3.8/site-packages/airflow/example_dags/example_external_task_marker_dag.py
[2023-09-14T17:44:41.319+0100] {processor.py:829} INFO - Processing file /home/joestar/Documents/projects/airflow_etl/airflow_env/lib/python3.8/site-packages/airflow/example_dags/example_external_task_marker_dag.py for tasks to queue
[2023-09-14T17:44:41.321+0100] {logging_mixin.py:151} INFO - [2023-09-14T17:44:41.320+0100] {dagbag.py:539} INFO - Filling up the DagBag from /home/joestar/Documents/projects/airflow_etl/airflow_env/lib/python3.8/site-packages/airflow/example_dags/example_external_task_marker_dag.py
[2023-09-14T17:44:41.329+0100] {processor.py:839} INFO - DAG(s) dict_keys(['example_external_task_marker_parent', 'example_external_task_marker_child']) retrieved from /home/joestar/Documents/projects/airflow_etl/airflow_env/lib/python3.8/site-packages/airflow/example_dags/example_external_task_marker_dag.py
[2023-09-14T17:44:41.367+0100] {logging_mixin.py:151} INFO - [2023-09-14T17:44:41.367+0100] {dag.py:2915} INFO - Sync 2 DAGs
[2023-09-14T17:44:41.391+0100] {logging_mixin.py:151} INFO - [2023-09-14T17:44:41.391+0100] {dag.py:3696} INFO - Setting next_dagrun for example_external_task_marker_child to None, run_after=None
[2023-09-14T17:44:41.395+0100] {logging_mixin.py:151} INFO - [2023-09-14T17:44:41.395+0100] {dag.py:3696} INFO - Setting next_dagrun for example_external_task_marker_parent to None, run_after=None
[2023-09-14T17:44:41.421+0100] {processor.py:179} INFO - Processing /home/joestar/Documents/projects/airflow_etl/airflow_env/lib/python3.8/site-packages/airflow/example_dags/example_external_task_marker_dag.py took 0.125 seconds
[2023-09-14T17:45:42.382+0100] {processor.py:157} INFO - Started process (PID=35001) to work on /home/joestar/Documents/projects/airflow_etl/airflow_env/lib/python3.8/site-packages/airflow/example_dags/example_external_task_marker_dag.py
[2023-09-14T17:45:42.383+0100] {processor.py:829} INFO - Processing file /home/joestar/Documents/projects/airflow_etl/airflow_env/lib/python3.8/site-packages/airflow/example_dags/example_external_task_marker_dag.py for tasks to queue
[2023-09-14T17:45:42.385+0100] {logging_mixin.py:151} INFO - [2023-09-14T17:45:42.384+0100] {dagbag.py:539} INFO - Filling up the DagBag from /home/joestar/Documents/projects/airflow_etl/airflow_env/lib/python3.8/site-packages/airflow/example_dags/example_external_task_marker_dag.py
[2023-09-14T17:45:42.393+0100] {processor.py:839} INFO - DAG(s) dict_keys(['example_external_task_marker_parent', 'example_external_task_marker_child']) retrieved from /home/joestar/Documents/projects/airflow_etl/airflow_env/lib/python3.8/site-packages/airflow/example_dags/example_external_task_marker_dag.py
[2023-09-14T17:45:42.412+0100] {logging_mixin.py:151} INFO - [2023-09-14T17:45:42.411+0100] {dag.py:2915} INFO - Sync 2 DAGs
[2023-09-14T17:45:42.423+0100] {logging_mixin.py:151} INFO - [2023-09-14T17:45:42.423+0100] {dag.py:3696} INFO - Setting next_dagrun for example_external_task_marker_child to None, run_after=None
[2023-09-14T17:45:42.426+0100] {logging_mixin.py:151} INFO - [2023-09-14T17:45:42.426+0100] {dag.py:3696} INFO - Setting next_dagrun for example_external_task_marker_parent to None, run_after=None
[2023-09-14T17:45:42.455+0100] {processor.py:179} INFO - Processing /home/joestar/Documents/projects/airflow_etl/airflow_env/lib/python3.8/site-packages/airflow/example_dags/example_external_task_marker_dag.py took 0.077 seconds
[2023-09-14T17:46:44.412+0100] {processor.py:157} INFO - Started process (PID=35272) to work on /home/joestar/Documents/projects/airflow_etl/airflow_env/lib/python3.8/site-packages/airflow/example_dags/example_external_task_marker_dag.py
[2023-09-14T17:46:44.413+0100] {processor.py:829} INFO - Processing file /home/joestar/Documents/projects/airflow_etl/airflow_env/lib/python3.8/site-packages/airflow/example_dags/example_external_task_marker_dag.py for tasks to queue
[2023-09-14T17:46:44.415+0100] {logging_mixin.py:151} INFO - [2023-09-14T17:46:44.414+0100] {dagbag.py:539} INFO - Filling up the DagBag from /home/joestar/Documents/projects/airflow_etl/airflow_env/lib/python3.8/site-packages/airflow/example_dags/example_external_task_marker_dag.py
[2023-09-14T17:46:44.423+0100] {processor.py:839} INFO - DAG(s) dict_keys(['example_external_task_marker_parent', 'example_external_task_marker_child']) retrieved from /home/joestar/Documents/projects/airflow_etl/airflow_env/lib/python3.8/site-packages/airflow/example_dags/example_external_task_marker_dag.py
[2023-09-14T17:46:44.451+0100] {logging_mixin.py:151} INFO - [2023-09-14T17:46:44.451+0100] {dag.py:2915} INFO - Sync 2 DAGs
[2023-09-14T17:46:44.470+0100] {logging_mixin.py:151} INFO - [2023-09-14T17:46:44.470+0100] {dag.py:3696} INFO - Setting next_dagrun for example_external_task_marker_child to None, run_after=None
[2023-09-14T17:46:44.475+0100] {logging_mixin.py:151} INFO - [2023-09-14T17:46:44.475+0100] {dag.py:3696} INFO - Setting next_dagrun for example_external_task_marker_parent to None, run_after=None
[2023-09-14T17:46:44.509+0100] {processor.py:179} INFO - Processing /home/joestar/Documents/projects/airflow_etl/airflow_env/lib/python3.8/site-packages/airflow/example_dags/example_external_task_marker_dag.py took 0.101 seconds
[2023-09-14T17:47:45.394+0100] {processor.py:157} INFO - Started process (PID=35513) to work on /home/joestar/Documents/projects/airflow_etl/airflow_env/lib/python3.8/site-packages/airflow/example_dags/example_external_task_marker_dag.py
[2023-09-14T17:47:45.402+0100] {processor.py:829} INFO - Processing file /home/joestar/Documents/projects/airflow_etl/airflow_env/lib/python3.8/site-packages/airflow/example_dags/example_external_task_marker_dag.py for tasks to queue
[2023-09-14T17:47:45.404+0100] {logging_mixin.py:151} INFO - [2023-09-14T17:47:45.403+0100] {dagbag.py:539} INFO - Filling up the DagBag from /home/joestar/Documents/projects/airflow_etl/airflow_env/lib/python3.8/site-packages/airflow/example_dags/example_external_task_marker_dag.py
[2023-09-14T17:47:45.423+0100] {processor.py:839} INFO - DAG(s) dict_keys(['example_external_task_marker_parent', 'example_external_task_marker_child']) retrieved from /home/joestar/Documents/projects/airflow_etl/airflow_env/lib/python3.8/site-packages/airflow/example_dags/example_external_task_marker_dag.py
[2023-09-14T17:47:45.494+0100] {logging_mixin.py:151} INFO - [2023-09-14T17:47:45.493+0100] {dag.py:2915} INFO - Sync 2 DAGs
[2023-09-14T17:47:45.537+0100] {logging_mixin.py:151} INFO - [2023-09-14T17:47:45.537+0100] {dag.py:3696} INFO - Setting next_dagrun for example_external_task_marker_child to None, run_after=None
[2023-09-14T17:47:45.549+0100] {logging_mixin.py:151} INFO - [2023-09-14T17:47:45.549+0100] {dag.py:3696} INFO - Setting next_dagrun for example_external_task_marker_parent to None, run_after=None
[2023-09-14T17:47:45.595+0100] {processor.py:179} INFO - Processing /home/joestar/Documents/projects/airflow_etl/airflow_env/lib/python3.8/site-packages/airflow/example_dags/example_external_task_marker_dag.py took 0.208 seconds
[2023-09-14T17:49:07.652+0100] {processor.py:157} INFO - Started process (PID=35842) to work on /home/joestar/Documents/projects/airflow_etl/airflow_env/lib/python3.8/site-packages/airflow/example_dags/example_external_task_marker_dag.py
[2023-09-14T17:49:07.653+0100] {processor.py:829} INFO - Processing file /home/joestar/Documents/projects/airflow_etl/airflow_env/lib/python3.8/site-packages/airflow/example_dags/example_external_task_marker_dag.py for tasks to queue
[2023-09-14T17:49:07.655+0100] {logging_mixin.py:151} INFO - [2023-09-14T17:49:07.654+0100] {dagbag.py:539} INFO - Filling up the DagBag from /home/joestar/Documents/projects/airflow_etl/airflow_env/lib/python3.8/site-packages/airflow/example_dags/example_external_task_marker_dag.py
[2023-09-14T17:49:07.666+0100] {processor.py:839} INFO - DAG(s) dict_keys(['example_external_task_marker_child', 'example_external_task_marker_parent']) retrieved from /home/joestar/Documents/projects/airflow_etl/airflow_env/lib/python3.8/site-packages/airflow/example_dags/example_external_task_marker_dag.py
[2023-09-14T17:49:07.705+0100] {logging_mixin.py:151} INFO - [2023-09-14T17:49:07.705+0100] {dag.py:2915} INFO - Sync 2 DAGs
[2023-09-14T17:49:07.733+0100] {logging_mixin.py:151} INFO - [2023-09-14T17:49:07.733+0100] {dag.py:3696} INFO - Setting next_dagrun for example_external_task_marker_child to None, run_after=None
[2023-09-14T17:49:07.740+0100] {logging_mixin.py:151} INFO - [2023-09-14T17:49:07.740+0100] {dag.py:3696} INFO - Setting next_dagrun for example_external_task_marker_parent to None, run_after=None
[2023-09-14T17:49:07.775+0100] {processor.py:179} INFO - Processing /home/joestar/Documents/projects/airflow_etl/airflow_env/lib/python3.8/site-packages/airflow/example_dags/example_external_task_marker_dag.py took 0.128 seconds
[2023-09-14T17:50:10.495+0100] {processor.py:157} INFO - Started process (PID=36115) to work on /home/joestar/Documents/projects/airflow_etl/airflow_env/lib/python3.8/site-packages/airflow/example_dags/example_external_task_marker_dag.py
[2023-09-14T17:50:10.496+0100] {processor.py:829} INFO - Processing file /home/joestar/Documents/projects/airflow_etl/airflow_env/lib/python3.8/site-packages/airflow/example_dags/example_external_task_marker_dag.py for tasks to queue
[2023-09-14T17:50:10.497+0100] {logging_mixin.py:151} INFO - [2023-09-14T17:50:10.497+0100] {dagbag.py:539} INFO - Filling up the DagBag from /home/joestar/Documents/projects/airflow_etl/airflow_env/lib/python3.8/site-packages/airflow/example_dags/example_external_task_marker_dag.py
[2023-09-14T17:50:10.503+0100] {processor.py:839} INFO - DAG(s) dict_keys(['example_external_task_marker_parent', 'example_external_task_marker_child']) retrieved from /home/joestar/Documents/projects/airflow_etl/airflow_env/lib/python3.8/site-packages/airflow/example_dags/example_external_task_marker_dag.py
[2023-09-14T17:50:10.527+0100] {logging_mixin.py:151} INFO - [2023-09-14T17:50:10.526+0100] {dag.py:2915} INFO - Sync 2 DAGs
[2023-09-14T17:50:10.538+0100] {logging_mixin.py:151} INFO - [2023-09-14T17:50:10.537+0100] {dag.py:3696} INFO - Setting next_dagrun for example_external_task_marker_child to None, run_after=None
[2023-09-14T17:50:10.540+0100] {logging_mixin.py:151} INFO - [2023-09-14T17:50:10.540+0100] {dag.py:3696} INFO - Setting next_dagrun for example_external_task_marker_parent to None, run_after=None
[2023-09-14T17:50:10.566+0100] {processor.py:179} INFO - Processing /home/joestar/Documents/projects/airflow_etl/airflow_env/lib/python3.8/site-packages/airflow/example_dags/example_external_task_marker_dag.py took 0.073 seconds
[2023-09-14T17:51:11.421+0100] {processor.py:157} INFO - Started process (PID=36399) to work on /home/joestar/Documents/projects/airflow_etl/airflow_env/lib/python3.8/site-packages/airflow/example_dags/example_external_task_marker_dag.py
[2023-09-14T17:51:11.422+0100] {processor.py:829} INFO - Processing file /home/joestar/Documents/projects/airflow_etl/airflow_env/lib/python3.8/site-packages/airflow/example_dags/example_external_task_marker_dag.py for tasks to queue
[2023-09-14T17:51:11.423+0100] {logging_mixin.py:151} INFO - [2023-09-14T17:51:11.422+0100] {dagbag.py:539} INFO - Filling up the DagBag from /home/joestar/Documents/projects/airflow_etl/airflow_env/lib/python3.8/site-packages/airflow/example_dags/example_external_task_marker_dag.py
[2023-09-14T17:51:11.432+0100] {processor.py:839} INFO - DAG(s) dict_keys(['example_external_task_marker_child', 'example_external_task_marker_parent']) retrieved from /home/joestar/Documents/projects/airflow_etl/airflow_env/lib/python3.8/site-packages/airflow/example_dags/example_external_task_marker_dag.py
[2023-09-14T17:51:11.455+0100] {logging_mixin.py:151} INFO - [2023-09-14T17:51:11.455+0100] {dag.py:2915} INFO - Sync 2 DAGs
[2023-09-14T17:51:11.471+0100] {logging_mixin.py:151} INFO - [2023-09-14T17:51:11.471+0100] {dag.py:3696} INFO - Setting next_dagrun for example_external_task_marker_child to None, run_after=None
[2023-09-14T17:51:11.478+0100] {logging_mixin.py:151} INFO - [2023-09-14T17:51:11.477+0100] {dag.py:3696} INFO - Setting next_dagrun for example_external_task_marker_parent to None, run_after=None
[2023-09-14T17:51:11.505+0100] {processor.py:179} INFO - Processing /home/joestar/Documents/projects/airflow_etl/airflow_env/lib/python3.8/site-packages/airflow/example_dags/example_external_task_marker_dag.py took 0.087 seconds
[2023-09-14T17:52:07.400+0100] {processor.py:157} INFO - Started process (PID=36625) to work on /home/joestar/Documents/projects/airflow_etl/airflow_env/lib/python3.8/site-packages/airflow/example_dags/example_external_task_marker_dag.py
[2023-09-14T17:52:07.401+0100] {processor.py:829} INFO - Processing file /home/joestar/Documents/projects/airflow_etl/airflow_env/lib/python3.8/site-packages/airflow/example_dags/example_external_task_marker_dag.py for tasks to queue
[2023-09-14T17:52:07.402+0100] {logging_mixin.py:151} INFO - [2023-09-14T17:52:07.401+0100] {dagbag.py:539} INFO - Filling up the DagBag from /home/joestar/Documents/projects/airflow_etl/airflow_env/lib/python3.8/site-packages/airflow/example_dags/example_external_task_marker_dag.py
[2023-09-14T17:52:07.408+0100] {processor.py:839} INFO - DAG(s) dict_keys(['example_external_task_marker_child', 'example_external_task_marker_parent']) retrieved from /home/joestar/Documents/projects/airflow_etl/airflow_env/lib/python3.8/site-packages/airflow/example_dags/example_external_task_marker_dag.py
[2023-09-14T17:52:07.424+0100] {logging_mixin.py:151} INFO - [2023-09-14T17:52:07.424+0100] {dag.py:2915} INFO - Sync 2 DAGs
[2023-09-14T17:52:07.434+0100] {logging_mixin.py:151} INFO - [2023-09-14T17:52:07.434+0100] {dag.py:3696} INFO - Setting next_dagrun for example_external_task_marker_child to None, run_after=None
[2023-09-14T17:52:07.437+0100] {logging_mixin.py:151} INFO - [2023-09-14T17:52:07.437+0100] {dag.py:3696} INFO - Setting next_dagrun for example_external_task_marker_parent to None, run_after=None
[2023-09-14T17:52:07.465+0100] {processor.py:179} INFO - Processing /home/joestar/Documents/projects/airflow_etl/airflow_env/lib/python3.8/site-packages/airflow/example_dags/example_external_task_marker_dag.py took 0.068 seconds
[2023-09-14T17:53:04.255+0100] {processor.py:157} INFO - Started process (PID=36886) to work on /home/joestar/Documents/projects/airflow_etl/airflow_env/lib/python3.8/site-packages/airflow/example_dags/example_external_task_marker_dag.py
[2023-09-14T17:53:04.256+0100] {processor.py:829} INFO - Processing file /home/joestar/Documents/projects/airflow_etl/airflow_env/lib/python3.8/site-packages/airflow/example_dags/example_external_task_marker_dag.py for tasks to queue
[2023-09-14T17:53:04.257+0100] {logging_mixin.py:151} INFO - [2023-09-14T17:53:04.256+0100] {dagbag.py:539} INFO - Filling up the DagBag from /home/joestar/Documents/projects/airflow_etl/airflow_env/lib/python3.8/site-packages/airflow/example_dags/example_external_task_marker_dag.py
[2023-09-14T17:53:04.264+0100] {processor.py:839} INFO - DAG(s) dict_keys(['example_external_task_marker_child', 'example_external_task_marker_parent']) retrieved from /home/joestar/Documents/projects/airflow_etl/airflow_env/lib/python3.8/site-packages/airflow/example_dags/example_external_task_marker_dag.py
[2023-09-14T17:53:04.290+0100] {logging_mixin.py:151} INFO - [2023-09-14T17:53:04.290+0100] {dag.py:2915} INFO - Sync 2 DAGs
[2023-09-14T17:53:04.303+0100] {logging_mixin.py:151} INFO - [2023-09-14T17:53:04.302+0100] {dag.py:3696} INFO - Setting next_dagrun for example_external_task_marker_child to None, run_after=None
[2023-09-14T17:53:04.306+0100] {logging_mixin.py:151} INFO - [2023-09-14T17:53:04.305+0100] {dag.py:3696} INFO - Setting next_dagrun for example_external_task_marker_parent to None, run_after=None
[2023-09-14T17:53:04.333+0100] {processor.py:179} INFO - Processing /home/joestar/Documents/projects/airflow_etl/airflow_env/lib/python3.8/site-packages/airflow/example_dags/example_external_task_marker_dag.py took 0.082 seconds
[2023-09-14T18:03:32.241+0100] {processor.py:157} INFO - Started process (PID=38839) to work on /home/joestar/Documents/projects/airflow_etl/airflow_env/lib/python3.8/site-packages/airflow/example_dags/example_external_task_marker_dag.py
[2023-09-14T18:03:32.242+0100] {processor.py:829} INFO - Processing file /home/joestar/Documents/projects/airflow_etl/airflow_env/lib/python3.8/site-packages/airflow/example_dags/example_external_task_marker_dag.py for tasks to queue
[2023-09-14T18:03:32.243+0100] {logging_mixin.py:151} INFO - [2023-09-14T18:03:32.242+0100] {dagbag.py:539} INFO - Filling up the DagBag from /home/joestar/Documents/projects/airflow_etl/airflow_env/lib/python3.8/site-packages/airflow/example_dags/example_external_task_marker_dag.py
[2023-09-14T18:03:32.254+0100] {processor.py:839} INFO - DAG(s) dict_keys(['example_external_task_marker_parent', 'example_external_task_marker_child']) retrieved from /home/joestar/Documents/projects/airflow_etl/airflow_env/lib/python3.8/site-packages/airflow/example_dags/example_external_task_marker_dag.py
[2023-09-14T18:03:32.280+0100] {logging_mixin.py:151} INFO - [2023-09-14T18:03:32.279+0100] {dag.py:2915} INFO - Sync 2 DAGs
[2023-09-14T18:03:32.300+0100] {logging_mixin.py:151} INFO - [2023-09-14T18:03:32.300+0100] {dag.py:3696} INFO - Setting next_dagrun for example_external_task_marker_child to None, run_after=None
[2023-09-14T18:03:32.305+0100] {logging_mixin.py:151} INFO - [2023-09-14T18:03:32.305+0100] {dag.py:3696} INFO - Setting next_dagrun for example_external_task_marker_parent to None, run_after=None
[2023-09-14T18:03:32.358+0100] {processor.py:179} INFO - Processing /home/joestar/Documents/projects/airflow_etl/airflow_env/lib/python3.8/site-packages/airflow/example_dags/example_external_task_marker_dag.py took 0.121 seconds
[2023-09-14T18:04:22.543+0100] {processor.py:157} INFO - Started process (PID=39045) to work on /home/joestar/Documents/projects/airflow_etl/airflow_env/lib/python3.8/site-packages/airflow/example_dags/example_external_task_marker_dag.py
[2023-09-14T18:04:22.544+0100] {processor.py:829} INFO - Processing file /home/joestar/Documents/projects/airflow_etl/airflow_env/lib/python3.8/site-packages/airflow/example_dags/example_external_task_marker_dag.py for tasks to queue
[2023-09-14T18:04:22.545+0100] {logging_mixin.py:151} INFO - [2023-09-14T18:04:22.544+0100] {dagbag.py:539} INFO - Filling up the DagBag from /home/joestar/Documents/projects/airflow_etl/airflow_env/lib/python3.8/site-packages/airflow/example_dags/example_external_task_marker_dag.py
[2023-09-14T18:04:22.552+0100] {processor.py:839} INFO - DAG(s) dict_keys(['example_external_task_marker_parent', 'example_external_task_marker_child']) retrieved from /home/joestar/Documents/projects/airflow_etl/airflow_env/lib/python3.8/site-packages/airflow/example_dags/example_external_task_marker_dag.py
[2023-09-14T18:04:22.579+0100] {logging_mixin.py:151} INFO - [2023-09-14T18:04:22.578+0100] {dag.py:2915} INFO - Sync 2 DAGs
[2023-09-14T18:04:22.595+0100] {logging_mixin.py:151} INFO - [2023-09-14T18:04:22.595+0100] {dag.py:3696} INFO - Setting next_dagrun for example_external_task_marker_child to None, run_after=None
[2023-09-14T18:04:22.599+0100] {logging_mixin.py:151} INFO - [2023-09-14T18:04:22.599+0100] {dag.py:3696} INFO - Setting next_dagrun for example_external_task_marker_parent to None, run_after=None
[2023-09-14T18:04:22.625+0100] {processor.py:179} INFO - Processing /home/joestar/Documents/projects/airflow_etl/airflow_env/lib/python3.8/site-packages/airflow/example_dags/example_external_task_marker_dag.py took 0.086 seconds
