[2023-09-14T17:12:14.824+0100] {processor.py:157} INFO - Started process (PID=24319) to work on /home/joestar/Documents/projects/airflow_etl/airflow_env/lib/python3.8/site-packages/airflow/example_dags/example_branch_python_dop_operator_3.py
[2023-09-14T17:12:14.825+0100] {processor.py:829} INFO - Processing file /home/joestar/Documents/projects/airflow_etl/airflow_env/lib/python3.8/site-packages/airflow/example_dags/example_branch_python_dop_operator_3.py for tasks to queue
[2023-09-14T17:12:14.826+0100] {logging_mixin.py:151} INFO - [2023-09-14T17:12:14.825+0100] {dagbag.py:539} INFO - Filling up the DagBag from /home/joestar/Documents/projects/airflow_etl/airflow_env/lib/python3.8/site-packages/airflow/example_dags/example_branch_python_dop_operator_3.py
[2023-09-14T17:12:14.834+0100] {processor.py:839} INFO - DAG(s) dict_keys(['example_branch_dop_operator_v3']) retrieved from /home/joestar/Documents/projects/airflow_etl/airflow_env/lib/python3.8/site-packages/airflow/example_dags/example_branch_python_dop_operator_3.py
[2023-09-14T17:12:14.939+0100] {logging_mixin.py:151} INFO - [2023-09-14T17:12:14.938+0100] {manager.py:499} INFO - Created Permission View: %s
[2023-09-14T17:12:14.966+0100] {logging_mixin.py:151} INFO - [2023-09-14T17:12:14.966+0100] {manager.py:499} INFO - Created Permission View: %s
[2023-09-14T17:12:15.071+0100] {logging_mixin.py:151} INFO - [2023-09-14T17:12:15.070+0100] {manager.py:499} INFO - Created Permission View: %s
[2023-09-14T17:12:15.071+0100] {logging_mixin.py:151} INFO - [2023-09-14T17:12:15.071+0100] {security.py:708} INFO - Not syncing DAG-level permissions for DAG 'DAG:example_branch_dop_operator_v3' as access control is unset.
[2023-09-14T17:12:15.072+0100] {logging_mixin.py:151} INFO - [2023-09-14T17:12:15.072+0100] {dag.py:2915} INFO - Sync 1 DAGs
[2023-09-14T17:12:15.087+0100] {logging_mixin.py:151} INFO - [2023-09-14T17:12:15.087+0100] {dag.py:2937} INFO - Creating ORM DAG for example_branch_dop_operator_v3
[2023-09-14T17:12:15.102+0100] {logging_mixin.py:151} INFO - [2023-09-14T17:12:15.102+0100] {dag.py:3696} INFO - Setting next_dagrun for example_branch_dop_operator_v3 to 2023-09-14T16:11:00+00:00, run_after=2023-09-14T16:12:00+00:00
[2023-09-14T17:12:15.146+0100] {processor.py:179} INFO - Processing /home/joestar/Documents/projects/airflow_etl/airflow_env/lib/python3.8/site-packages/airflow/example_dags/example_branch_python_dop_operator_3.py took 0.326 seconds
[2023-09-14T17:13:09.019+0100] {processor.py:157} INFO - Started process (PID=24758) to work on /home/joestar/Documents/projects/airflow_etl/airflow_env/lib/python3.8/site-packages/airflow/example_dags/example_branch_python_dop_operator_3.py
[2023-09-14T17:13:09.023+0100] {processor.py:829} INFO - Processing file /home/joestar/Documents/projects/airflow_etl/airflow_env/lib/python3.8/site-packages/airflow/example_dags/example_branch_python_dop_operator_3.py for tasks to queue
[2023-09-14T17:13:09.026+0100] {logging_mixin.py:151} INFO - [2023-09-14T17:13:09.025+0100] {dagbag.py:539} INFO - Filling up the DagBag from /home/joestar/Documents/projects/airflow_etl/airflow_env/lib/python3.8/site-packages/airflow/example_dags/example_branch_python_dop_operator_3.py
[2023-09-14T17:13:09.046+0100] {processor.py:839} INFO - DAG(s) dict_keys(['example_branch_dop_operator_v3']) retrieved from /home/joestar/Documents/projects/airflow_etl/airflow_env/lib/python3.8/site-packages/airflow/example_dags/example_branch_python_dop_operator_3.py
[2023-09-14T17:13:09.073+0100] {logging_mixin.py:151} INFO - [2023-09-14T17:13:09.073+0100] {dag.py:2915} INFO - Sync 1 DAGs
[2023-09-14T17:13:09.102+0100] {logging_mixin.py:151} INFO - [2023-09-14T17:13:09.102+0100] {dag.py:3696} INFO - Setting next_dagrun for example_branch_dop_operator_v3 to 2023-09-14T16:12:00+00:00, run_after=2023-09-14T16:13:00+00:00
[2023-09-14T17:13:09.141+0100] {processor.py:179} INFO - Processing /home/joestar/Documents/projects/airflow_etl/airflow_env/lib/python3.8/site-packages/airflow/example_dags/example_branch_python_dop_operator_3.py took 0.137 seconds
[2023-09-14T17:13:57.711+0100] {processor.py:157} INFO - Started process (PID=25070) to work on /home/joestar/Documents/projects/airflow_etl/airflow_env/lib/python3.8/site-packages/airflow/example_dags/example_branch_python_dop_operator_3.py
[2023-09-14T17:13:57.717+0100] {processor.py:829} INFO - Processing file /home/joestar/Documents/projects/airflow_etl/airflow_env/lib/python3.8/site-packages/airflow/example_dags/example_branch_python_dop_operator_3.py for tasks to queue
[2023-09-14T17:13:57.720+0100] {logging_mixin.py:151} INFO - [2023-09-14T17:13:57.718+0100] {dagbag.py:539} INFO - Filling up the DagBag from /home/joestar/Documents/projects/airflow_etl/airflow_env/lib/python3.8/site-packages/airflow/example_dags/example_branch_python_dop_operator_3.py
[2023-09-14T17:13:57.753+0100] {processor.py:839} INFO - DAG(s) dict_keys(['example_branch_dop_operator_v3']) retrieved from /home/joestar/Documents/projects/airflow_etl/airflow_env/lib/python3.8/site-packages/airflow/example_dags/example_branch_python_dop_operator_3.py
[2023-09-14T17:13:57.780+0100] {logging_mixin.py:151} INFO - [2023-09-14T17:13:57.780+0100] {dag.py:2915} INFO - Sync 1 DAGs
[2023-09-14T17:13:57.802+0100] {logging_mixin.py:151} INFO - [2023-09-14T17:13:57.802+0100] {dag.py:3696} INFO - Setting next_dagrun for example_branch_dop_operator_v3 to 2023-09-14T16:12:00+00:00, run_after=2023-09-14T16:13:00+00:00
[2023-09-14T17:13:57.837+0100] {processor.py:179} INFO - Processing /home/joestar/Documents/projects/airflow_etl/airflow_env/lib/python3.8/site-packages/airflow/example_dags/example_branch_python_dop_operator_3.py took 0.138 seconds
[2023-09-14T17:14:42.568+0100] {processor.py:157} INFO - Started process (PID=25410) to work on /home/joestar/Documents/projects/airflow_etl/airflow_env/lib/python3.8/site-packages/airflow/example_dags/example_branch_python_dop_operator_3.py
[2023-09-14T17:14:42.569+0100] {processor.py:829} INFO - Processing file /home/joestar/Documents/projects/airflow_etl/airflow_env/lib/python3.8/site-packages/airflow/example_dags/example_branch_python_dop_operator_3.py for tasks to queue
[2023-09-14T17:14:42.570+0100] {logging_mixin.py:151} INFO - [2023-09-14T17:14:42.570+0100] {dagbag.py:539} INFO - Filling up the DagBag from /home/joestar/Documents/projects/airflow_etl/airflow_env/lib/python3.8/site-packages/airflow/example_dags/example_branch_python_dop_operator_3.py
[2023-09-14T17:14:42.586+0100] {processor.py:839} INFO - DAG(s) dict_keys(['example_branch_dop_operator_v3']) retrieved from /home/joestar/Documents/projects/airflow_etl/airflow_env/lib/python3.8/site-packages/airflow/example_dags/example_branch_python_dop_operator_3.py
[2023-09-14T17:14:42.608+0100] {logging_mixin.py:151} INFO - [2023-09-14T17:14:42.608+0100] {dag.py:2915} INFO - Sync 1 DAGs
[2023-09-14T17:14:42.648+0100] {logging_mixin.py:151} INFO - [2023-09-14T17:14:42.648+0100] {dag.py:3696} INFO - Setting next_dagrun for example_branch_dop_operator_v3 to 2023-09-14T16:13:00+00:00, run_after=2023-09-14T16:14:00+00:00
[2023-09-14T17:14:42.682+0100] {processor.py:179} INFO - Processing /home/joestar/Documents/projects/airflow_etl/airflow_env/lib/python3.8/site-packages/airflow/example_dags/example_branch_python_dop_operator_3.py took 0.119 seconds
[2023-09-14T17:15:38.101+0100] {processor.py:157} INFO - Started process (PID=25965) to work on /home/joestar/Documents/projects/airflow_etl/airflow_env/lib/python3.8/site-packages/airflow/example_dags/example_branch_python_dop_operator_3.py
[2023-09-14T17:15:38.102+0100] {processor.py:829} INFO - Processing file /home/joestar/Documents/projects/airflow_etl/airflow_env/lib/python3.8/site-packages/airflow/example_dags/example_branch_python_dop_operator_3.py for tasks to queue
[2023-09-14T17:15:38.103+0100] {logging_mixin.py:151} INFO - [2023-09-14T17:15:38.103+0100] {dagbag.py:539} INFO - Filling up the DagBag from /home/joestar/Documents/projects/airflow_etl/airflow_env/lib/python3.8/site-packages/airflow/example_dags/example_branch_python_dop_operator_3.py
[2023-09-14T17:15:38.113+0100] {processor.py:839} INFO - DAG(s) dict_keys(['example_branch_dop_operator_v3']) retrieved from /home/joestar/Documents/projects/airflow_etl/airflow_env/lib/python3.8/site-packages/airflow/example_dags/example_branch_python_dop_operator_3.py
[2023-09-14T17:15:38.133+0100] {logging_mixin.py:151} INFO - [2023-09-14T17:15:38.133+0100] {dag.py:2915} INFO - Sync 1 DAGs
[2023-09-14T17:15:38.167+0100] {logging_mixin.py:151} INFO - [2023-09-14T17:15:38.167+0100] {dag.py:3696} INFO - Setting next_dagrun for example_branch_dop_operator_v3 to 2023-09-14T16:14:00+00:00, run_after=2023-09-14T16:15:00+00:00
[2023-09-14T17:15:38.205+0100] {processor.py:179} INFO - Processing /home/joestar/Documents/projects/airflow_etl/airflow_env/lib/python3.8/site-packages/airflow/example_dags/example_branch_python_dop_operator_3.py took 0.107 seconds
[2023-09-14T17:16:32.398+0100] {processor.py:157} INFO - Started process (PID=26216) to work on /home/joestar/Documents/projects/airflow_etl/airflow_env/lib/python3.8/site-packages/airflow/example_dags/example_branch_python_dop_operator_3.py
[2023-09-14T17:16:32.399+0100] {processor.py:829} INFO - Processing file /home/joestar/Documents/projects/airflow_etl/airflow_env/lib/python3.8/site-packages/airflow/example_dags/example_branch_python_dop_operator_3.py for tasks to queue
[2023-09-14T17:16:32.400+0100] {logging_mixin.py:151} INFO - [2023-09-14T17:16:32.399+0100] {dagbag.py:539} INFO - Filling up the DagBag from /home/joestar/Documents/projects/airflow_etl/airflow_env/lib/python3.8/site-packages/airflow/example_dags/example_branch_python_dop_operator_3.py
[2023-09-14T17:16:32.409+0100] {processor.py:839} INFO - DAG(s) dict_keys(['example_branch_dop_operator_v3']) retrieved from /home/joestar/Documents/projects/airflow_etl/airflow_env/lib/python3.8/site-packages/airflow/example_dags/example_branch_python_dop_operator_3.py
[2023-09-14T17:16:32.430+0100] {logging_mixin.py:151} INFO - [2023-09-14T17:16:32.429+0100] {dag.py:2915} INFO - Sync 1 DAGs
[2023-09-14T17:16:32.453+0100] {logging_mixin.py:151} INFO - [2023-09-14T17:16:32.453+0100] {dag.py:3696} INFO - Setting next_dagrun for example_branch_dop_operator_v3 to 2023-09-14T16:15:00+00:00, run_after=2023-09-14T16:16:00+00:00
[2023-09-14T17:16:32.479+0100] {processor.py:179} INFO - Processing /home/joestar/Documents/projects/airflow_etl/airflow_env/lib/python3.8/site-packages/airflow/example_dags/example_branch_python_dop_operator_3.py took 0.084 seconds
[2023-09-14T17:17:22.521+0100] {processor.py:157} INFO - Started process (PID=26462) to work on /home/joestar/Documents/projects/airflow_etl/airflow_env/lib/python3.8/site-packages/airflow/example_dags/example_branch_python_dop_operator_3.py
[2023-09-14T17:17:22.522+0100] {processor.py:829} INFO - Processing file /home/joestar/Documents/projects/airflow_etl/airflow_env/lib/python3.8/site-packages/airflow/example_dags/example_branch_python_dop_operator_3.py for tasks to queue
[2023-09-14T17:17:22.523+0100] {logging_mixin.py:151} INFO - [2023-09-14T17:17:22.523+0100] {dagbag.py:539} INFO - Filling up the DagBag from /home/joestar/Documents/projects/airflow_etl/airflow_env/lib/python3.8/site-packages/airflow/example_dags/example_branch_python_dop_operator_3.py
[2023-09-14T17:17:22.534+0100] {processor.py:839} INFO - DAG(s) dict_keys(['example_branch_dop_operator_v3']) retrieved from /home/joestar/Documents/projects/airflow_etl/airflow_env/lib/python3.8/site-packages/airflow/example_dags/example_branch_python_dop_operator_3.py
[2023-09-14T17:17:22.554+0100] {logging_mixin.py:151} INFO - [2023-09-14T17:17:22.553+0100] {dag.py:2915} INFO - Sync 1 DAGs
[2023-09-14T17:17:22.589+0100] {logging_mixin.py:151} INFO - [2023-09-14T17:17:22.589+0100] {dag.py:3696} INFO - Setting next_dagrun for example_branch_dop_operator_v3 to 2023-09-14T16:16:00+00:00, run_after=2023-09-14T16:17:00+00:00
[2023-09-14T17:17:22.624+0100] {processor.py:179} INFO - Processing /home/joestar/Documents/projects/airflow_etl/airflow_env/lib/python3.8/site-packages/airflow/example_dags/example_branch_python_dop_operator_3.py took 0.106 seconds
[2023-09-14T17:18:12.228+0100] {processor.py:157} INFO - Started process (PID=26750) to work on /home/joestar/Documents/projects/airflow_etl/airflow_env/lib/python3.8/site-packages/airflow/example_dags/example_branch_python_dop_operator_3.py
[2023-09-14T17:18:12.229+0100] {processor.py:829} INFO - Processing file /home/joestar/Documents/projects/airflow_etl/airflow_env/lib/python3.8/site-packages/airflow/example_dags/example_branch_python_dop_operator_3.py for tasks to queue
[2023-09-14T17:18:12.230+0100] {logging_mixin.py:151} INFO - [2023-09-14T17:18:12.230+0100] {dagbag.py:539} INFO - Filling up the DagBag from /home/joestar/Documents/projects/airflow_etl/airflow_env/lib/python3.8/site-packages/airflow/example_dags/example_branch_python_dop_operator_3.py
[2023-09-14T17:18:12.239+0100] {processor.py:839} INFO - DAG(s) dict_keys(['example_branch_dop_operator_v3']) retrieved from /home/joestar/Documents/projects/airflow_etl/airflow_env/lib/python3.8/site-packages/airflow/example_dags/example_branch_python_dop_operator_3.py
[2023-09-14T17:18:12.253+0100] {logging_mixin.py:151} INFO - [2023-09-14T17:18:12.253+0100] {dag.py:2915} INFO - Sync 1 DAGs
[2023-09-14T17:18:12.276+0100] {logging_mixin.py:151} INFO - [2023-09-14T17:18:12.275+0100] {dag.py:3696} INFO - Setting next_dagrun for example_branch_dop_operator_v3 to 2023-09-14T16:17:00+00:00, run_after=2023-09-14T16:18:00+00:00
[2023-09-14T17:18:12.299+0100] {processor.py:179} INFO - Processing /home/joestar/Documents/projects/airflow_etl/airflow_env/lib/python3.8/site-packages/airflow/example_dags/example_branch_python_dop_operator_3.py took 0.073 seconds
[2023-09-14T17:19:06.184+0100] {processor.py:157} INFO - Started process (PID=27204) to work on /home/joestar/Documents/projects/airflow_etl/airflow_env/lib/python3.8/site-packages/airflow/example_dags/example_branch_python_dop_operator_3.py
[2023-09-14T17:19:06.185+0100] {processor.py:829} INFO - Processing file /home/joestar/Documents/projects/airflow_etl/airflow_env/lib/python3.8/site-packages/airflow/example_dags/example_branch_python_dop_operator_3.py for tasks to queue
[2023-09-14T17:19:06.186+0100] {logging_mixin.py:151} INFO - [2023-09-14T17:19:06.185+0100] {dagbag.py:539} INFO - Filling up the DagBag from /home/joestar/Documents/projects/airflow_etl/airflow_env/lib/python3.8/site-packages/airflow/example_dags/example_branch_python_dop_operator_3.py
[2023-09-14T17:19:06.193+0100] {processor.py:839} INFO - DAG(s) dict_keys(['example_branch_dop_operator_v3']) retrieved from /home/joestar/Documents/projects/airflow_etl/airflow_env/lib/python3.8/site-packages/airflow/example_dags/example_branch_python_dop_operator_3.py
[2023-09-14T17:19:06.207+0100] {logging_mixin.py:151} INFO - [2023-09-14T17:19:06.207+0100] {dag.py:2915} INFO - Sync 1 DAGs
[2023-09-14T17:19:06.226+0100] {logging_mixin.py:151} INFO - [2023-09-14T17:19:06.226+0100] {dag.py:3696} INFO - Setting next_dagrun for example_branch_dop_operator_v3 to 2023-09-14T16:18:00+00:00, run_after=2023-09-14T16:19:00+00:00
[2023-09-14T17:19:06.249+0100] {processor.py:179} INFO - Processing /home/joestar/Documents/projects/airflow_etl/airflow_env/lib/python3.8/site-packages/airflow/example_dags/example_branch_python_dop_operator_3.py took 0.067 seconds
[2023-09-14T17:19:47.049+0100] {processor.py:157} INFO - Started process (PID=27394) to work on /home/joestar/Documents/projects/airflow_etl/airflow_env/lib/python3.8/site-packages/airflow/example_dags/example_branch_python_dop_operator_3.py
[2023-09-14T17:19:47.050+0100] {processor.py:829} INFO - Processing file /home/joestar/Documents/projects/airflow_etl/airflow_env/lib/python3.8/site-packages/airflow/example_dags/example_branch_python_dop_operator_3.py for tasks to queue
[2023-09-14T17:19:47.051+0100] {logging_mixin.py:151} INFO - [2023-09-14T17:19:47.051+0100] {dagbag.py:539} INFO - Filling up the DagBag from /home/joestar/Documents/projects/airflow_etl/airflow_env/lib/python3.8/site-packages/airflow/example_dags/example_branch_python_dop_operator_3.py
[2023-09-14T17:19:47.059+0100] {processor.py:839} INFO - DAG(s) dict_keys(['example_branch_dop_operator_v3']) retrieved from /home/joestar/Documents/projects/airflow_etl/airflow_env/lib/python3.8/site-packages/airflow/example_dags/example_branch_python_dop_operator_3.py
[2023-09-14T17:19:47.077+0100] {logging_mixin.py:151} INFO - [2023-09-14T17:19:47.077+0100] {dag.py:2915} INFO - Sync 1 DAGs
[2023-09-14T17:19:47.103+0100] {logging_mixin.py:151} INFO - [2023-09-14T17:19:47.102+0100] {dag.py:3696} INFO - Setting next_dagrun for example_branch_dop_operator_v3 to 2023-09-14T16:18:00+00:00, run_after=2023-09-14T16:19:00+00:00
[2023-09-14T17:19:47.129+0100] {processor.py:179} INFO - Processing /home/joestar/Documents/projects/airflow_etl/airflow_env/lib/python3.8/site-packages/airflow/example_dags/example_branch_python_dop_operator_3.py took 0.083 seconds
[2023-09-14T17:20:37.753+0100] {processor.py:157} INFO - Started process (PID=27598) to work on /home/joestar/Documents/projects/airflow_etl/airflow_env/lib/python3.8/site-packages/airflow/example_dags/example_branch_python_dop_operator_3.py
[2023-09-14T17:20:37.754+0100] {processor.py:829} INFO - Processing file /home/joestar/Documents/projects/airflow_etl/airflow_env/lib/python3.8/site-packages/airflow/example_dags/example_branch_python_dop_operator_3.py for tasks to queue
[2023-09-14T17:20:37.755+0100] {logging_mixin.py:151} INFO - [2023-09-14T17:20:37.754+0100] {dagbag.py:539} INFO - Filling up the DagBag from /home/joestar/Documents/projects/airflow_etl/airflow_env/lib/python3.8/site-packages/airflow/example_dags/example_branch_python_dop_operator_3.py
[2023-09-14T17:20:37.767+0100] {processor.py:839} INFO - DAG(s) dict_keys(['example_branch_dop_operator_v3']) retrieved from /home/joestar/Documents/projects/airflow_etl/airflow_env/lib/python3.8/site-packages/airflow/example_dags/example_branch_python_dop_operator_3.py
[2023-09-14T17:20:37.788+0100] {logging_mixin.py:151} INFO - [2023-09-14T17:20:37.788+0100] {dag.py:2915} INFO - Sync 1 DAGs
[2023-09-14T17:20:37.826+0100] {logging_mixin.py:151} INFO - [2023-09-14T17:20:37.825+0100] {dag.py:3696} INFO - Setting next_dagrun for example_branch_dop_operator_v3 to 2023-09-14T16:19:00+00:00, run_after=2023-09-14T16:20:00+00:00
[2023-09-14T17:20:37.858+0100] {processor.py:179} INFO - Processing /home/joestar/Documents/projects/airflow_etl/airflow_env/lib/python3.8/site-packages/airflow/example_dags/example_branch_python_dop_operator_3.py took 0.108 seconds
[2023-09-14T17:21:28.655+0100] {processor.py:157} INFO - Started process (PID=27831) to work on /home/joestar/Documents/projects/airflow_etl/airflow_env/lib/python3.8/site-packages/airflow/example_dags/example_branch_python_dop_operator_3.py
[2023-09-14T17:21:28.656+0100] {processor.py:829} INFO - Processing file /home/joestar/Documents/projects/airflow_etl/airflow_env/lib/python3.8/site-packages/airflow/example_dags/example_branch_python_dop_operator_3.py for tasks to queue
[2023-09-14T17:21:28.657+0100] {logging_mixin.py:151} INFO - [2023-09-14T17:21:28.657+0100] {dagbag.py:539} INFO - Filling up the DagBag from /home/joestar/Documents/projects/airflow_etl/airflow_env/lib/python3.8/site-packages/airflow/example_dags/example_branch_python_dop_operator_3.py
[2023-09-14T17:21:28.669+0100] {processor.py:839} INFO - DAG(s) dict_keys(['example_branch_dop_operator_v3']) retrieved from /home/joestar/Documents/projects/airflow_etl/airflow_env/lib/python3.8/site-packages/airflow/example_dags/example_branch_python_dop_operator_3.py
[2023-09-14T17:21:28.688+0100] {logging_mixin.py:151} INFO - [2023-09-14T17:21:28.688+0100] {dag.py:2915} INFO - Sync 1 DAGs
[2023-09-14T17:21:28.725+0100] {logging_mixin.py:151} INFO - [2023-09-14T17:21:28.724+0100] {dag.py:3696} INFO - Setting next_dagrun for example_branch_dop_operator_v3 to 2023-09-14T16:20:00+00:00, run_after=2023-09-14T16:21:00+00:00
[2023-09-14T17:21:28.757+0100] {processor.py:179} INFO - Processing /home/joestar/Documents/projects/airflow_etl/airflow_env/lib/python3.8/site-packages/airflow/example_dags/example_branch_python_dop_operator_3.py took 0.105 seconds
[2023-09-14T17:22:07.001+0100] {processor.py:157} INFO - Started process (PID=27985) to work on /home/joestar/Documents/projects/airflow_etl/airflow_env/lib/python3.8/site-packages/airflow/example_dags/example_branch_python_dop_operator_3.py
[2023-09-14T17:22:07.003+0100] {processor.py:829} INFO - Processing file /home/joestar/Documents/projects/airflow_etl/airflow_env/lib/python3.8/site-packages/airflow/example_dags/example_branch_python_dop_operator_3.py for tasks to queue
[2023-09-14T17:22:07.005+0100] {logging_mixin.py:151} INFO - [2023-09-14T17:22:07.004+0100] {dagbag.py:539} INFO - Filling up the DagBag from /home/joestar/Documents/projects/airflow_etl/airflow_env/lib/python3.8/site-packages/airflow/example_dags/example_branch_python_dop_operator_3.py
[2023-09-14T17:22:07.018+0100] {processor.py:839} INFO - DAG(s) dict_keys(['example_branch_dop_operator_v3']) retrieved from /home/joestar/Documents/projects/airflow_etl/airflow_env/lib/python3.8/site-packages/airflow/example_dags/example_branch_python_dop_operator_3.py
[2023-09-14T17:22:07.041+0100] {logging_mixin.py:151} INFO - [2023-09-14T17:22:07.040+0100] {dag.py:2915} INFO - Sync 1 DAGs
[2023-09-14T17:22:07.079+0100] {logging_mixin.py:151} INFO - [2023-09-14T17:22:07.079+0100] {dag.py:3696} INFO - Setting next_dagrun for example_branch_dop_operator_v3 to 2023-09-14T16:21:00+00:00, run_after=2023-09-14T16:22:00+00:00
[2023-09-14T17:22:07.116+0100] {processor.py:179} INFO - Processing /home/joestar/Documents/projects/airflow_etl/airflow_env/lib/python3.8/site-packages/airflow/example_dags/example_branch_python_dop_operator_3.py took 0.122 seconds
[2023-09-14T17:23:00.800+0100] {processor.py:157} INFO - Started process (PID=28231) to work on /home/joestar/Documents/projects/airflow_etl/airflow_env/lib/python3.8/site-packages/airflow/example_dags/example_branch_python_dop_operator_3.py
[2023-09-14T17:23:00.801+0100] {processor.py:829} INFO - Processing file /home/joestar/Documents/projects/airflow_etl/airflow_env/lib/python3.8/site-packages/airflow/example_dags/example_branch_python_dop_operator_3.py for tasks to queue
[2023-09-14T17:23:00.802+0100] {logging_mixin.py:151} INFO - [2023-09-14T17:23:00.802+0100] {dagbag.py:539} INFO - Filling up the DagBag from /home/joestar/Documents/projects/airflow_etl/airflow_env/lib/python3.8/site-packages/airflow/example_dags/example_branch_python_dop_operator_3.py
[2023-09-14T17:23:00.810+0100] {processor.py:839} INFO - DAG(s) dict_keys(['example_branch_dop_operator_v3']) retrieved from /home/joestar/Documents/projects/airflow_etl/airflow_env/lib/python3.8/site-packages/airflow/example_dags/example_branch_python_dop_operator_3.py
[2023-09-14T17:23:00.826+0100] {logging_mixin.py:151} INFO - [2023-09-14T17:23:00.825+0100] {dag.py:2915} INFO - Sync 1 DAGs
[2023-09-14T17:23:00.849+0100] {logging_mixin.py:151} INFO - [2023-09-14T17:23:00.849+0100] {dag.py:3696} INFO - Setting next_dagrun for example_branch_dop_operator_v3 to 2023-09-14T16:22:00+00:00, run_after=2023-09-14T16:23:00+00:00
[2023-09-14T17:23:00.877+0100] {processor.py:179} INFO - Processing /home/joestar/Documents/projects/airflow_etl/airflow_env/lib/python3.8/site-packages/airflow/example_dags/example_branch_python_dop_operator_3.py took 0.080 seconds
[2023-09-14T17:23:56.931+0100] {processor.py:157} INFO - Started process (PID=28489) to work on /home/joestar/Documents/projects/airflow_etl/airflow_env/lib/python3.8/site-packages/airflow/example_dags/example_branch_python_dop_operator_3.py
[2023-09-14T17:23:56.932+0100] {processor.py:829} INFO - Processing file /home/joestar/Documents/projects/airflow_etl/airflow_env/lib/python3.8/site-packages/airflow/example_dags/example_branch_python_dop_operator_3.py for tasks to queue
[2023-09-14T17:23:56.933+0100] {logging_mixin.py:151} INFO - [2023-09-14T17:23:56.932+0100] {dagbag.py:539} INFO - Filling up the DagBag from /home/joestar/Documents/projects/airflow_etl/airflow_env/lib/python3.8/site-packages/airflow/example_dags/example_branch_python_dop_operator_3.py
[2023-09-14T17:23:56.945+0100] {processor.py:839} INFO - DAG(s) dict_keys(['example_branch_dop_operator_v3']) retrieved from /home/joestar/Documents/projects/airflow_etl/airflow_env/lib/python3.8/site-packages/airflow/example_dags/example_branch_python_dop_operator_3.py
[2023-09-14T17:23:56.967+0100] {logging_mixin.py:151} INFO - [2023-09-14T17:23:56.966+0100] {dag.py:2915} INFO - Sync 1 DAGs
[2023-09-14T17:23:57.005+0100] {logging_mixin.py:151} INFO - [2023-09-14T17:23:57.004+0100] {dag.py:3696} INFO - Setting next_dagrun for example_branch_dop_operator_v3 to 2023-09-14T16:22:00+00:00, run_after=2023-09-14T16:23:00+00:00
[2023-09-14T17:23:57.039+0100] {processor.py:179} INFO - Processing /home/joestar/Documents/projects/airflow_etl/airflow_env/lib/python3.8/site-packages/airflow/example_dags/example_branch_python_dop_operator_3.py took 0.112 seconds
[2023-09-14T17:24:38.486+0100] {processor.py:157} INFO - Started process (PID=28654) to work on /home/joestar/Documents/projects/airflow_etl/airflow_env/lib/python3.8/site-packages/airflow/example_dags/example_branch_python_dop_operator_3.py
[2023-09-14T17:24:38.488+0100] {processor.py:829} INFO - Processing file /home/joestar/Documents/projects/airflow_etl/airflow_env/lib/python3.8/site-packages/airflow/example_dags/example_branch_python_dop_operator_3.py for tasks to queue
[2023-09-14T17:24:38.489+0100] {logging_mixin.py:151} INFO - [2023-09-14T17:24:38.489+0100] {dagbag.py:539} INFO - Filling up the DagBag from /home/joestar/Documents/projects/airflow_etl/airflow_env/lib/python3.8/site-packages/airflow/example_dags/example_branch_python_dop_operator_3.py
[2023-09-14T17:24:38.501+0100] {processor.py:839} INFO - DAG(s) dict_keys(['example_branch_dop_operator_v3']) retrieved from /home/joestar/Documents/projects/airflow_etl/airflow_env/lib/python3.8/site-packages/airflow/example_dags/example_branch_python_dop_operator_3.py
[2023-09-14T17:24:38.523+0100] {logging_mixin.py:151} INFO - [2023-09-14T17:24:38.523+0100] {dag.py:2915} INFO - Sync 1 DAGs
[2023-09-14T17:24:38.560+0100] {logging_mixin.py:151} INFO - [2023-09-14T17:24:38.560+0100] {dag.py:3696} INFO - Setting next_dagrun for example_branch_dop_operator_v3 to 2023-09-14T16:23:00+00:00, run_after=2023-09-14T16:24:00+00:00
[2023-09-14T17:24:38.594+0100] {processor.py:179} INFO - Processing /home/joestar/Documents/projects/airflow_etl/airflow_env/lib/python3.8/site-packages/airflow/example_dags/example_branch_python_dop_operator_3.py took 0.111 seconds
[2023-09-14T17:25:35.335+0100] {processor.py:157} INFO - Started process (PID=28882) to work on /home/joestar/Documents/projects/airflow_etl/airflow_env/lib/python3.8/site-packages/airflow/example_dags/example_branch_python_dop_operator_3.py
[2023-09-14T17:25:35.336+0100] {processor.py:829} INFO - Processing file /home/joestar/Documents/projects/airflow_etl/airflow_env/lib/python3.8/site-packages/airflow/example_dags/example_branch_python_dop_operator_3.py for tasks to queue
[2023-09-14T17:25:35.337+0100] {logging_mixin.py:151} INFO - [2023-09-14T17:25:35.337+0100] {dagbag.py:539} INFO - Filling up the DagBag from /home/joestar/Documents/projects/airflow_etl/airflow_env/lib/python3.8/site-packages/airflow/example_dags/example_branch_python_dop_operator_3.py
[2023-09-14T17:25:35.347+0100] {processor.py:839} INFO - DAG(s) dict_keys(['example_branch_dop_operator_v3']) retrieved from /home/joestar/Documents/projects/airflow_etl/airflow_env/lib/python3.8/site-packages/airflow/example_dags/example_branch_python_dop_operator_3.py
[2023-09-14T17:25:35.364+0100] {logging_mixin.py:151} INFO - [2023-09-14T17:25:35.364+0100] {dag.py:2915} INFO - Sync 1 DAGs
[2023-09-14T17:25:35.387+0100] {logging_mixin.py:151} INFO - [2023-09-14T17:25:35.386+0100] {dag.py:3696} INFO - Setting next_dagrun for example_branch_dop_operator_v3 to 2023-09-14T16:24:00+00:00, run_after=2023-09-14T16:25:00+00:00
[2023-09-14T17:25:35.411+0100] {processor.py:179} INFO - Processing /home/joestar/Documents/projects/airflow_etl/airflow_env/lib/python3.8/site-packages/airflow/example_dags/example_branch_python_dop_operator_3.py took 0.080 seconds
[2023-09-14T17:26:29.769+0100] {processor.py:157} INFO - Started process (PID=29124) to work on /home/joestar/Documents/projects/airflow_etl/airflow_env/lib/python3.8/site-packages/airflow/example_dags/example_branch_python_dop_operator_3.py
[2023-09-14T17:26:29.770+0100] {processor.py:829} INFO - Processing file /home/joestar/Documents/projects/airflow_etl/airflow_env/lib/python3.8/site-packages/airflow/example_dags/example_branch_python_dop_operator_3.py for tasks to queue
[2023-09-14T17:26:29.771+0100] {logging_mixin.py:151} INFO - [2023-09-14T17:26:29.770+0100] {dagbag.py:539} INFO - Filling up the DagBag from /home/joestar/Documents/projects/airflow_etl/airflow_env/lib/python3.8/site-packages/airflow/example_dags/example_branch_python_dop_operator_3.py
[2023-09-14T17:26:29.779+0100] {processor.py:839} INFO - DAG(s) dict_keys(['example_branch_dop_operator_v3']) retrieved from /home/joestar/Documents/projects/airflow_etl/airflow_env/lib/python3.8/site-packages/airflow/example_dags/example_branch_python_dop_operator_3.py
[2023-09-14T17:26:29.793+0100] {logging_mixin.py:151} INFO - [2023-09-14T17:26:29.793+0100] {dag.py:2915} INFO - Sync 1 DAGs
[2023-09-14T17:26:29.815+0100] {logging_mixin.py:151} INFO - [2023-09-14T17:26:29.815+0100] {dag.py:3696} INFO - Setting next_dagrun for example_branch_dop_operator_v3 to 2023-09-14T16:25:00+00:00, run_after=2023-09-14T16:26:00+00:00
[2023-09-14T17:26:29.845+0100] {processor.py:179} INFO - Processing /home/joestar/Documents/projects/airflow_etl/airflow_env/lib/python3.8/site-packages/airflow/example_dags/example_branch_python_dop_operator_3.py took 0.079 seconds
[2023-09-14T17:27:21.404+0100] {processor.py:157} INFO - Started process (PID=29357) to work on /home/joestar/Documents/projects/airflow_etl/airflow_env/lib/python3.8/site-packages/airflow/example_dags/example_branch_python_dop_operator_3.py
[2023-09-14T17:27:21.406+0100] {processor.py:829} INFO - Processing file /home/joestar/Documents/projects/airflow_etl/airflow_env/lib/python3.8/site-packages/airflow/example_dags/example_branch_python_dop_operator_3.py for tasks to queue
[2023-09-14T17:27:21.409+0100] {logging_mixin.py:151} INFO - [2023-09-14T17:27:21.408+0100] {dagbag.py:539} INFO - Filling up the DagBag from /home/joestar/Documents/projects/airflow_etl/airflow_env/lib/python3.8/site-packages/airflow/example_dags/example_branch_python_dop_operator_3.py
[2023-09-14T17:27:21.432+0100] {processor.py:839} INFO - DAG(s) dict_keys(['example_branch_dop_operator_v3']) retrieved from /home/joestar/Documents/projects/airflow_etl/airflow_env/lib/python3.8/site-packages/airflow/example_dags/example_branch_python_dop_operator_3.py
[2023-09-14T17:27:21.457+0100] {logging_mixin.py:151} INFO - [2023-09-14T17:27:21.456+0100] {dag.py:2915} INFO - Sync 1 DAGs
[2023-09-14T17:27:21.481+0100] {logging_mixin.py:151} INFO - [2023-09-14T17:27:21.480+0100] {dag.py:3696} INFO - Setting next_dagrun for example_branch_dop_operator_v3 to 2023-09-14T16:26:00+00:00, run_after=2023-09-14T16:27:00+00:00
[2023-09-14T17:27:21.505+0100] {processor.py:179} INFO - Processing /home/joestar/Documents/projects/airflow_etl/airflow_env/lib/python3.8/site-packages/airflow/example_dags/example_branch_python_dop_operator_3.py took 0.110 seconds
[2023-09-14T17:28:17.631+0100] {processor.py:157} INFO - Started process (PID=29609) to work on /home/joestar/Documents/projects/airflow_etl/airflow_env/lib/python3.8/site-packages/airflow/example_dags/example_branch_python_dop_operator_3.py
[2023-09-14T17:28:17.633+0100] {processor.py:829} INFO - Processing file /home/joestar/Documents/projects/airflow_etl/airflow_env/lib/python3.8/site-packages/airflow/example_dags/example_branch_python_dop_operator_3.py for tasks to queue
[2023-09-14T17:28:17.635+0100] {logging_mixin.py:151} INFO - [2023-09-14T17:28:17.634+0100] {dagbag.py:539} INFO - Filling up the DagBag from /home/joestar/Documents/projects/airflow_etl/airflow_env/lib/python3.8/site-packages/airflow/example_dags/example_branch_python_dop_operator_3.py
[2023-09-14T17:28:17.651+0100] {processor.py:839} INFO - DAG(s) dict_keys(['example_branch_dop_operator_v3']) retrieved from /home/joestar/Documents/projects/airflow_etl/airflow_env/lib/python3.8/site-packages/airflow/example_dags/example_branch_python_dop_operator_3.py
[2023-09-14T17:28:17.674+0100] {logging_mixin.py:151} INFO - [2023-09-14T17:28:17.673+0100] {dag.py:2915} INFO - Sync 1 DAGs
[2023-09-14T17:28:17.712+0100] {logging_mixin.py:151} INFO - [2023-09-14T17:28:17.711+0100] {dag.py:3696} INFO - Setting next_dagrun for example_branch_dop_operator_v3 to 2023-09-14T16:27:00+00:00, run_after=2023-09-14T16:28:00+00:00
[2023-09-14T17:28:17.746+0100] {processor.py:179} INFO - Processing /home/joestar/Documents/projects/airflow_etl/airflow_env/lib/python3.8/site-packages/airflow/example_dags/example_branch_python_dop_operator_3.py took 0.120 seconds
[2023-09-14T17:29:08.753+0100] {processor.py:157} INFO - Started process (PID=29863) to work on /home/joestar/Documents/projects/airflow_etl/airflow_env/lib/python3.8/site-packages/airflow/example_dags/example_branch_python_dop_operator_3.py
[2023-09-14T17:29:08.754+0100] {processor.py:829} INFO - Processing file /home/joestar/Documents/projects/airflow_etl/airflow_env/lib/python3.8/site-packages/airflow/example_dags/example_branch_python_dop_operator_3.py for tasks to queue
[2023-09-14T17:29:08.756+0100] {logging_mixin.py:151} INFO - [2023-09-14T17:29:08.755+0100] {dagbag.py:539} INFO - Filling up the DagBag from /home/joestar/Documents/projects/airflow_etl/airflow_env/lib/python3.8/site-packages/airflow/example_dags/example_branch_python_dop_operator_3.py
[2023-09-14T17:29:08.766+0100] {processor.py:839} INFO - DAG(s) dict_keys(['example_branch_dop_operator_v3']) retrieved from /home/joestar/Documents/projects/airflow_etl/airflow_env/lib/python3.8/site-packages/airflow/example_dags/example_branch_python_dop_operator_3.py
[2023-09-14T17:29:08.782+0100] {logging_mixin.py:151} INFO - [2023-09-14T17:29:08.782+0100] {dag.py:2915} INFO - Sync 1 DAGs
[2023-09-14T17:29:08.810+0100] {logging_mixin.py:151} INFO - [2023-09-14T17:29:08.810+0100] {dag.py:3696} INFO - Setting next_dagrun for example_branch_dop_operator_v3 to 2023-09-14T16:28:00+00:00, run_after=2023-09-14T16:29:00+00:00
[2023-09-14T17:29:08.843+0100] {processor.py:179} INFO - Processing /home/joestar/Documents/projects/airflow_etl/airflow_env/lib/python3.8/site-packages/airflow/example_dags/example_branch_python_dop_operator_3.py took 0.093 seconds
[2023-09-14T17:30:00.525+0100] {processor.py:157} INFO - Started process (PID=30109) to work on /home/joestar/Documents/projects/airflow_etl/airflow_env/lib/python3.8/site-packages/airflow/example_dags/example_branch_python_dop_operator_3.py
[2023-09-14T17:30:00.528+0100] {processor.py:829} INFO - Processing file /home/joestar/Documents/projects/airflow_etl/airflow_env/lib/python3.8/site-packages/airflow/example_dags/example_branch_python_dop_operator_3.py for tasks to queue
[2023-09-14T17:30:00.529+0100] {logging_mixin.py:151} INFO - [2023-09-14T17:30:00.529+0100] {dagbag.py:539} INFO - Filling up the DagBag from /home/joestar/Documents/projects/airflow_etl/airflow_env/lib/python3.8/site-packages/airflow/example_dags/example_branch_python_dop_operator_3.py
[2023-09-14T17:30:00.550+0100] {processor.py:839} INFO - DAG(s) dict_keys(['example_branch_dop_operator_v3']) retrieved from /home/joestar/Documents/projects/airflow_etl/airflow_env/lib/python3.8/site-packages/airflow/example_dags/example_branch_python_dop_operator_3.py
[2023-09-14T17:30:00.586+0100] {logging_mixin.py:151} INFO - [2023-09-14T17:30:00.586+0100] {dag.py:2915} INFO - Sync 1 DAGs
[2023-09-14T17:30:00.638+0100] {logging_mixin.py:151} INFO - [2023-09-14T17:30:00.638+0100] {dag.py:3696} INFO - Setting next_dagrun for example_branch_dop_operator_v3 to 2023-09-14T16:29:00+00:00, run_after=2023-09-14T16:30:00+00:00
[2023-09-14T17:30:00.668+0100] {processor.py:179} INFO - Processing /home/joestar/Documents/projects/airflow_etl/airflow_env/lib/python3.8/site-packages/airflow/example_dags/example_branch_python_dop_operator_3.py took 0.149 seconds
[2023-09-14T17:30:54.024+0100] {processor.py:157} INFO - Started process (PID=30328) to work on /home/joestar/Documents/projects/airflow_etl/airflow_env/lib/python3.8/site-packages/airflow/example_dags/example_branch_python_dop_operator_3.py
[2023-09-14T17:30:54.026+0100] {processor.py:829} INFO - Processing file /home/joestar/Documents/projects/airflow_etl/airflow_env/lib/python3.8/site-packages/airflow/example_dags/example_branch_python_dop_operator_3.py for tasks to queue
[2023-09-14T17:30:54.028+0100] {logging_mixin.py:151} INFO - [2023-09-14T17:30:54.027+0100] {dagbag.py:539} INFO - Filling up the DagBag from /home/joestar/Documents/projects/airflow_etl/airflow_env/lib/python3.8/site-packages/airflow/example_dags/example_branch_python_dop_operator_3.py
[2023-09-14T17:30:54.047+0100] {processor.py:839} INFO - DAG(s) dict_keys(['example_branch_dop_operator_v3']) retrieved from /home/joestar/Documents/projects/airflow_etl/airflow_env/lib/python3.8/site-packages/airflow/example_dags/example_branch_python_dop_operator_3.py
[2023-09-14T17:30:54.065+0100] {logging_mixin.py:151} INFO - [2023-09-14T17:30:54.065+0100] {dag.py:2915} INFO - Sync 1 DAGs
[2023-09-14T17:30:54.087+0100] {logging_mixin.py:151} INFO - [2023-09-14T17:30:54.087+0100] {dag.py:3696} INFO - Setting next_dagrun for example_branch_dop_operator_v3 to 2023-09-14T16:29:00+00:00, run_after=2023-09-14T16:30:00+00:00
[2023-09-14T17:30:54.117+0100] {processor.py:179} INFO - Processing /home/joestar/Documents/projects/airflow_etl/airflow_env/lib/python3.8/site-packages/airflow/example_dags/example_branch_python_dop_operator_3.py took 0.102 seconds
[2023-09-14T17:31:42.024+0100] {processor.py:157} INFO - Started process (PID=30555) to work on /home/joestar/Documents/projects/airflow_etl/airflow_env/lib/python3.8/site-packages/airflow/example_dags/example_branch_python_dop_operator_3.py
[2023-09-14T17:31:42.025+0100] {processor.py:829} INFO - Processing file /home/joestar/Documents/projects/airflow_etl/airflow_env/lib/python3.8/site-packages/airflow/example_dags/example_branch_python_dop_operator_3.py for tasks to queue
[2023-09-14T17:31:42.026+0100] {logging_mixin.py:151} INFO - [2023-09-14T17:31:42.026+0100] {dagbag.py:539} INFO - Filling up the DagBag from /home/joestar/Documents/projects/airflow_etl/airflow_env/lib/python3.8/site-packages/airflow/example_dags/example_branch_python_dop_operator_3.py
[2023-09-14T17:31:42.034+0100] {processor.py:839} INFO - DAG(s) dict_keys(['example_branch_dop_operator_v3']) retrieved from /home/joestar/Documents/projects/airflow_etl/airflow_env/lib/python3.8/site-packages/airflow/example_dags/example_branch_python_dop_operator_3.py
[2023-09-14T17:31:42.049+0100] {logging_mixin.py:151} INFO - [2023-09-14T17:31:42.049+0100] {dag.py:2915} INFO - Sync 1 DAGs
[2023-09-14T17:31:42.074+0100] {logging_mixin.py:151} INFO - [2023-09-14T17:31:42.074+0100] {dag.py:3696} INFO - Setting next_dagrun for example_branch_dop_operator_v3 to 2023-09-14T16:30:00+00:00, run_after=2023-09-14T16:31:00+00:00
[2023-09-14T17:31:42.099+0100] {processor.py:179} INFO - Processing /home/joestar/Documents/projects/airflow_etl/airflow_env/lib/python3.8/site-packages/airflow/example_dags/example_branch_python_dop_operator_3.py took 0.078 seconds
[2023-09-14T17:32:34.932+0100] {processor.py:157} INFO - Started process (PID=30795) to work on /home/joestar/Documents/projects/airflow_etl/airflow_env/lib/python3.8/site-packages/airflow/example_dags/example_branch_python_dop_operator_3.py
[2023-09-14T17:32:34.933+0100] {processor.py:829} INFO - Processing file /home/joestar/Documents/projects/airflow_etl/airflow_env/lib/python3.8/site-packages/airflow/example_dags/example_branch_python_dop_operator_3.py for tasks to queue
[2023-09-14T17:32:34.934+0100] {logging_mixin.py:151} INFO - [2023-09-14T17:32:34.934+0100] {dagbag.py:539} INFO - Filling up the DagBag from /home/joestar/Documents/projects/airflow_etl/airflow_env/lib/python3.8/site-packages/airflow/example_dags/example_branch_python_dop_operator_3.py
[2023-09-14T17:32:34.942+0100] {processor.py:839} INFO - DAG(s) dict_keys(['example_branch_dop_operator_v3']) retrieved from /home/joestar/Documents/projects/airflow_etl/airflow_env/lib/python3.8/site-packages/airflow/example_dags/example_branch_python_dop_operator_3.py
[2023-09-14T17:32:34.957+0100] {logging_mixin.py:151} INFO - [2023-09-14T17:32:34.957+0100] {dag.py:2915} INFO - Sync 1 DAGs
[2023-09-14T17:32:34.981+0100] {logging_mixin.py:151} INFO - [2023-09-14T17:32:34.981+0100] {dag.py:3696} INFO - Setting next_dagrun for example_branch_dop_operator_v3 to 2023-09-14T16:31:00+00:00, run_after=2023-09-14T16:32:00+00:00
[2023-09-14T17:32:35.005+0100] {processor.py:179} INFO - Processing /home/joestar/Documents/projects/airflow_etl/airflow_env/lib/python3.8/site-packages/airflow/example_dags/example_branch_python_dop_operator_3.py took 0.075 seconds
[2023-09-14T17:33:27.592+0100] {processor.py:157} INFO - Started process (PID=31032) to work on /home/joestar/Documents/projects/airflow_etl/airflow_env/lib/python3.8/site-packages/airflow/example_dags/example_branch_python_dop_operator_3.py
[2023-09-14T17:33:27.594+0100] {processor.py:829} INFO - Processing file /home/joestar/Documents/projects/airflow_etl/airflow_env/lib/python3.8/site-packages/airflow/example_dags/example_branch_python_dop_operator_3.py for tasks to queue
[2023-09-14T17:33:27.595+0100] {logging_mixin.py:151} INFO - [2023-09-14T17:33:27.594+0100] {dagbag.py:539} INFO - Filling up the DagBag from /home/joestar/Documents/projects/airflow_etl/airflow_env/lib/python3.8/site-packages/airflow/example_dags/example_branch_python_dop_operator_3.py
[2023-09-14T17:33:27.609+0100] {processor.py:839} INFO - DAG(s) dict_keys(['example_branch_dop_operator_v3']) retrieved from /home/joestar/Documents/projects/airflow_etl/airflow_env/lib/python3.8/site-packages/airflow/example_dags/example_branch_python_dop_operator_3.py
[2023-09-14T17:33:27.639+0100] {logging_mixin.py:151} INFO - [2023-09-14T17:33:27.639+0100] {dag.py:2915} INFO - Sync 1 DAGs
[2023-09-14T17:33:27.683+0100] {logging_mixin.py:151} INFO - [2023-09-14T17:33:27.682+0100] {dag.py:3696} INFO - Setting next_dagrun for example_branch_dop_operator_v3 to 2023-09-14T16:32:00+00:00, run_after=2023-09-14T16:33:00+00:00
[2023-09-14T17:33:27.720+0100] {processor.py:179} INFO - Processing /home/joestar/Documents/projects/airflow_etl/airflow_env/lib/python3.8/site-packages/airflow/example_dags/example_branch_python_dop_operator_3.py took 0.131 seconds
[2023-09-14T17:34:22.110+0100] {processor.py:157} INFO - Started process (PID=31283) to work on /home/joestar/Documents/projects/airflow_etl/airflow_env/lib/python3.8/site-packages/airflow/example_dags/example_branch_python_dop_operator_3.py
[2023-09-14T17:34:22.111+0100] {processor.py:829} INFO - Processing file /home/joestar/Documents/projects/airflow_etl/airflow_env/lib/python3.8/site-packages/airflow/example_dags/example_branch_python_dop_operator_3.py for tasks to queue
[2023-09-14T17:34:22.112+0100] {logging_mixin.py:151} INFO - [2023-09-14T17:34:22.112+0100] {dagbag.py:539} INFO - Filling up the DagBag from /home/joestar/Documents/projects/airflow_etl/airflow_env/lib/python3.8/site-packages/airflow/example_dags/example_branch_python_dop_operator_3.py
[2023-09-14T17:34:22.121+0100] {processor.py:839} INFO - DAG(s) dict_keys(['example_branch_dop_operator_v3']) retrieved from /home/joestar/Documents/projects/airflow_etl/airflow_env/lib/python3.8/site-packages/airflow/example_dags/example_branch_python_dop_operator_3.py
[2023-09-14T17:34:22.143+0100] {logging_mixin.py:151} INFO - [2023-09-14T17:34:22.142+0100] {dag.py:2915} INFO - Sync 1 DAGs
[2023-09-14T17:34:22.184+0100] {logging_mixin.py:151} INFO - [2023-09-14T17:34:22.183+0100] {dag.py:3696} INFO - Setting next_dagrun for example_branch_dop_operator_v3 to 2023-09-14T16:33:00+00:00, run_after=2023-09-14T16:34:00+00:00
[2023-09-14T17:34:22.217+0100] {processor.py:179} INFO - Processing /home/joestar/Documents/projects/airflow_etl/airflow_env/lib/python3.8/site-packages/airflow/example_dags/example_branch_python_dop_operator_3.py took 0.109 seconds
[2023-09-14T17:35:11.911+0100] {processor.py:157} INFO - Started process (PID=31531) to work on /home/joestar/Documents/projects/airflow_etl/airflow_env/lib/python3.8/site-packages/airflow/example_dags/example_branch_python_dop_operator_3.py
[2023-09-14T17:35:11.912+0100] {processor.py:829} INFO - Processing file /home/joestar/Documents/projects/airflow_etl/airflow_env/lib/python3.8/site-packages/airflow/example_dags/example_branch_python_dop_operator_3.py for tasks to queue
[2023-09-14T17:35:11.913+0100] {logging_mixin.py:151} INFO - [2023-09-14T17:35:11.913+0100] {dagbag.py:539} INFO - Filling up the DagBag from /home/joestar/Documents/projects/airflow_etl/airflow_env/lib/python3.8/site-packages/airflow/example_dags/example_branch_python_dop_operator_3.py
[2023-09-14T17:35:11.922+0100] {processor.py:839} INFO - DAG(s) dict_keys(['example_branch_dop_operator_v3']) retrieved from /home/joestar/Documents/projects/airflow_etl/airflow_env/lib/python3.8/site-packages/airflow/example_dags/example_branch_python_dop_operator_3.py
[2023-09-14T17:35:11.937+0100] {logging_mixin.py:151} INFO - [2023-09-14T17:35:11.937+0100] {dag.py:2915} INFO - Sync 1 DAGs
[2023-09-14T17:35:11.962+0100] {logging_mixin.py:151} INFO - [2023-09-14T17:35:11.962+0100] {dag.py:3696} INFO - Setting next_dagrun for example_branch_dop_operator_v3 to 2023-09-14T16:34:00+00:00, run_after=2023-09-14T16:35:00+00:00
[2023-09-14T17:35:11.989+0100] {processor.py:179} INFO - Processing /home/joestar/Documents/projects/airflow_etl/airflow_env/lib/python3.8/site-packages/airflow/example_dags/example_branch_python_dop_operator_3.py took 0.081 seconds
[2023-09-14T17:36:04.988+0100] {processor.py:157} INFO - Started process (PID=31762) to work on /home/joestar/Documents/projects/airflow_etl/airflow_env/lib/python3.8/site-packages/airflow/example_dags/example_branch_python_dop_operator_3.py
[2023-09-14T17:36:04.989+0100] {processor.py:829} INFO - Processing file /home/joestar/Documents/projects/airflow_etl/airflow_env/lib/python3.8/site-packages/airflow/example_dags/example_branch_python_dop_operator_3.py for tasks to queue
[2023-09-14T17:36:04.990+0100] {logging_mixin.py:151} INFO - [2023-09-14T17:36:04.990+0100] {dagbag.py:539} INFO - Filling up the DagBag from /home/joestar/Documents/projects/airflow_etl/airflow_env/lib/python3.8/site-packages/airflow/example_dags/example_branch_python_dop_operator_3.py
[2023-09-14T17:36:04.998+0100] {processor.py:839} INFO - DAG(s) dict_keys(['example_branch_dop_operator_v3']) retrieved from /home/joestar/Documents/projects/airflow_etl/airflow_env/lib/python3.8/site-packages/airflow/example_dags/example_branch_python_dop_operator_3.py
[2023-09-14T17:36:05.013+0100] {logging_mixin.py:151} INFO - [2023-09-14T17:36:05.013+0100] {dag.py:2915} INFO - Sync 1 DAGs
[2023-09-14T17:36:05.037+0100] {logging_mixin.py:151} INFO - [2023-09-14T17:36:05.037+0100] {dag.py:3696} INFO - Setting next_dagrun for example_branch_dop_operator_v3 to 2023-09-14T16:35:00+00:00, run_after=2023-09-14T16:36:00+00:00
[2023-09-14T17:36:05.064+0100] {processor.py:179} INFO - Processing /home/joestar/Documents/projects/airflow_etl/airflow_env/lib/python3.8/site-packages/airflow/example_dags/example_branch_python_dop_operator_3.py took 0.079 seconds
[2023-09-14T17:36:57.181+0100] {processor.py:157} INFO - Started process (PID=31989) to work on /home/joestar/Documents/projects/airflow_etl/airflow_env/lib/python3.8/site-packages/airflow/example_dags/example_branch_python_dop_operator_3.py
[2023-09-14T17:36:57.183+0100] {processor.py:829} INFO - Processing file /home/joestar/Documents/projects/airflow_etl/airflow_env/lib/python3.8/site-packages/airflow/example_dags/example_branch_python_dop_operator_3.py for tasks to queue
[2023-09-14T17:36:57.184+0100] {logging_mixin.py:151} INFO - [2023-09-14T17:36:57.184+0100] {dagbag.py:539} INFO - Filling up the DagBag from /home/joestar/Documents/projects/airflow_etl/airflow_env/lib/python3.8/site-packages/airflow/example_dags/example_branch_python_dop_operator_3.py
[2023-09-14T17:36:57.201+0100] {processor.py:839} INFO - DAG(s) dict_keys(['example_branch_dop_operator_v3']) retrieved from /home/joestar/Documents/projects/airflow_etl/airflow_env/lib/python3.8/site-packages/airflow/example_dags/example_branch_python_dop_operator_3.py
[2023-09-14T17:36:57.223+0100] {logging_mixin.py:151} INFO - [2023-09-14T17:36:57.222+0100] {dag.py:2915} INFO - Sync 1 DAGs
[2023-09-14T17:36:57.259+0100] {logging_mixin.py:151} INFO - [2023-09-14T17:36:57.259+0100] {dag.py:3696} INFO - Setting next_dagrun for example_branch_dop_operator_v3 to 2023-09-14T16:35:00+00:00, run_after=2023-09-14T16:36:00+00:00
[2023-09-14T17:36:57.317+0100] {processor.py:179} INFO - Processing /home/joestar/Documents/projects/airflow_etl/airflow_env/lib/python3.8/site-packages/airflow/example_dags/example_branch_python_dop_operator_3.py took 0.140 seconds
[2023-09-14T17:37:54.136+0100] {processor.py:157} INFO - Started process (PID=32348) to work on /home/joestar/Documents/projects/airflow_etl/airflow_env/lib/python3.8/site-packages/airflow/example_dags/example_branch_python_dop_operator_3.py
[2023-09-14T17:37:54.137+0100] {processor.py:829} INFO - Processing file /home/joestar/Documents/projects/airflow_etl/airflow_env/lib/python3.8/site-packages/airflow/example_dags/example_branch_python_dop_operator_3.py for tasks to queue
[2023-09-14T17:37:54.138+0100] {logging_mixin.py:151} INFO - [2023-09-14T17:37:54.138+0100] {dagbag.py:539} INFO - Filling up the DagBag from /home/joestar/Documents/projects/airflow_etl/airflow_env/lib/python3.8/site-packages/airflow/example_dags/example_branch_python_dop_operator_3.py
[2023-09-14T17:37:54.147+0100] {processor.py:839} INFO - DAG(s) dict_keys(['example_branch_dop_operator_v3']) retrieved from /home/joestar/Documents/projects/airflow_etl/airflow_env/lib/python3.8/site-packages/airflow/example_dags/example_branch_python_dop_operator_3.py
[2023-09-14T17:37:54.161+0100] {logging_mixin.py:151} INFO - [2023-09-14T17:37:54.161+0100] {dag.py:2915} INFO - Sync 1 DAGs
[2023-09-14T17:37:54.184+0100] {logging_mixin.py:151} INFO - [2023-09-14T17:37:54.184+0100] {dag.py:3696} INFO - Setting next_dagrun for example_branch_dop_operator_v3 to 2023-09-14T16:36:00+00:00, run_after=2023-09-14T16:37:00+00:00
[2023-09-14T17:37:54.210+0100] {processor.py:179} INFO - Processing /home/joestar/Documents/projects/airflow_etl/airflow_env/lib/python3.8/site-packages/airflow/example_dags/example_branch_python_dop_operator_3.py took 0.077 seconds
[2023-09-14T17:38:54.373+0100] {processor.py:157} INFO - Started process (PID=32820) to work on /home/joestar/Documents/projects/airflow_etl/airflow_env/lib/python3.8/site-packages/airflow/example_dags/example_branch_python_dop_operator_3.py
[2023-09-14T17:38:54.376+0100] {processor.py:829} INFO - Processing file /home/joestar/Documents/projects/airflow_etl/airflow_env/lib/python3.8/site-packages/airflow/example_dags/example_branch_python_dop_operator_3.py for tasks to queue
[2023-09-14T17:38:54.379+0100] {logging_mixin.py:151} INFO - [2023-09-14T17:38:54.377+0100] {dagbag.py:539} INFO - Filling up the DagBag from /home/joestar/Documents/projects/airflow_etl/airflow_env/lib/python3.8/site-packages/airflow/example_dags/example_branch_python_dop_operator_3.py
[2023-09-14T17:38:54.407+0100] {processor.py:839} INFO - DAG(s) dict_keys(['example_branch_dop_operator_v3']) retrieved from /home/joestar/Documents/projects/airflow_etl/airflow_env/lib/python3.8/site-packages/airflow/example_dags/example_branch_python_dop_operator_3.py
[2023-09-14T17:38:54.464+0100] {logging_mixin.py:151} INFO - [2023-09-14T17:38:54.464+0100] {dag.py:2915} INFO - Sync 1 DAGs
[2023-09-14T17:38:54.561+0100] {logging_mixin.py:151} INFO - [2023-09-14T17:38:54.560+0100] {dag.py:3696} INFO - Setting next_dagrun for example_branch_dop_operator_v3 to 2023-09-14T16:37:00+00:00, run_after=2023-09-14T16:38:00+00:00
[2023-09-14T17:38:54.637+0100] {processor.py:179} INFO - Processing /home/joestar/Documents/projects/airflow_etl/airflow_env/lib/python3.8/site-packages/airflow/example_dags/example_branch_python_dop_operator_3.py took 0.274 seconds
[2023-09-14T17:39:39.631+0100] {processor.py:157} INFO - Started process (PID=33115) to work on /home/joestar/Documents/projects/airflow_etl/airflow_env/lib/python3.8/site-packages/airflow/example_dags/example_branch_python_dop_operator_3.py
[2023-09-14T17:39:39.633+0100] {processor.py:829} INFO - Processing file /home/joestar/Documents/projects/airflow_etl/airflow_env/lib/python3.8/site-packages/airflow/example_dags/example_branch_python_dop_operator_3.py for tasks to queue
[2023-09-14T17:39:39.634+0100] {logging_mixin.py:151} INFO - [2023-09-14T17:39:39.633+0100] {dagbag.py:539} INFO - Filling up the DagBag from /home/joestar/Documents/projects/airflow_etl/airflow_env/lib/python3.8/site-packages/airflow/example_dags/example_branch_python_dop_operator_3.py
[2023-09-14T17:39:39.646+0100] {processor.py:839} INFO - DAG(s) dict_keys(['example_branch_dop_operator_v3']) retrieved from /home/joestar/Documents/projects/airflow_etl/airflow_env/lib/python3.8/site-packages/airflow/example_dags/example_branch_python_dop_operator_3.py
[2023-09-14T17:39:39.667+0100] {logging_mixin.py:151} INFO - [2023-09-14T17:39:39.666+0100] {dag.py:2915} INFO - Sync 1 DAGs
[2023-09-14T17:39:39.697+0100] {logging_mixin.py:151} INFO - [2023-09-14T17:39:39.697+0100] {dag.py:3696} INFO - Setting next_dagrun for example_branch_dop_operator_v3 to 2023-09-14T16:38:00+00:00, run_after=2023-09-14T16:39:00+00:00
[2023-09-14T17:39:39.728+0100] {processor.py:179} INFO - Processing /home/joestar/Documents/projects/airflow_etl/airflow_env/lib/python3.8/site-packages/airflow/example_dags/example_branch_python_dop_operator_3.py took 0.100 seconds
[2023-09-14T17:40:20.276+0100] {processor.py:157} INFO - Started process (PID=33351) to work on /home/joestar/Documents/projects/airflow_etl/airflow_env/lib/python3.8/site-packages/airflow/example_dags/example_branch_python_dop_operator_3.py
[2023-09-14T17:40:20.277+0100] {processor.py:829} INFO - Processing file /home/joestar/Documents/projects/airflow_etl/airflow_env/lib/python3.8/site-packages/airflow/example_dags/example_branch_python_dop_operator_3.py for tasks to queue
[2023-09-14T17:40:20.278+0100] {logging_mixin.py:151} INFO - [2023-09-14T17:40:20.278+0100] {dagbag.py:539} INFO - Filling up the DagBag from /home/joestar/Documents/projects/airflow_etl/airflow_env/lib/python3.8/site-packages/airflow/example_dags/example_branch_python_dop_operator_3.py
[2023-09-14T17:40:20.286+0100] {processor.py:839} INFO - DAG(s) dict_keys(['example_branch_dop_operator_v3']) retrieved from /home/joestar/Documents/projects/airflow_etl/airflow_env/lib/python3.8/site-packages/airflow/example_dags/example_branch_python_dop_operator_3.py
[2023-09-14T17:40:20.301+0100] {logging_mixin.py:151} INFO - [2023-09-14T17:40:20.301+0100] {dag.py:2915} INFO - Sync 1 DAGs
[2023-09-14T17:40:20.344+0100] {logging_mixin.py:151} INFO - [2023-09-14T17:40:20.344+0100] {dag.py:3696} INFO - Setting next_dagrun for example_branch_dop_operator_v3 to 2023-09-14T16:39:00+00:00, run_after=2023-09-14T16:40:00+00:00
[2023-09-14T17:40:20.374+0100] {processor.py:179} INFO - Processing /home/joestar/Documents/projects/airflow_etl/airflow_env/lib/python3.8/site-packages/airflow/example_dags/example_branch_python_dop_operator_3.py took 0.100 seconds
[2023-09-14T17:41:13.702+0100] {processor.py:157} INFO - Started process (PID=33752) to work on /home/joestar/Documents/projects/airflow_etl/airflow_env/lib/python3.8/site-packages/airflow/example_dags/example_branch_python_dop_operator_3.py
[2023-09-14T17:41:13.703+0100] {processor.py:829} INFO - Processing file /home/joestar/Documents/projects/airflow_etl/airflow_env/lib/python3.8/site-packages/airflow/example_dags/example_branch_python_dop_operator_3.py for tasks to queue
[2023-09-14T17:41:13.704+0100] {logging_mixin.py:151} INFO - [2023-09-14T17:41:13.703+0100] {dagbag.py:539} INFO - Filling up the DagBag from /home/joestar/Documents/projects/airflow_etl/airflow_env/lib/python3.8/site-packages/airflow/example_dags/example_branch_python_dop_operator_3.py
[2023-09-14T17:41:13.711+0100] {processor.py:839} INFO - DAG(s) dict_keys(['example_branch_dop_operator_v3']) retrieved from /home/joestar/Documents/projects/airflow_etl/airflow_env/lib/python3.8/site-packages/airflow/example_dags/example_branch_python_dop_operator_3.py
[2023-09-14T17:41:13.725+0100] {logging_mixin.py:151} INFO - [2023-09-14T17:41:13.725+0100] {dag.py:2915} INFO - Sync 1 DAGs
[2023-09-14T17:41:13.745+0100] {logging_mixin.py:151} INFO - [2023-09-14T17:41:13.745+0100] {dag.py:3696} INFO - Setting next_dagrun for example_branch_dop_operator_v3 to 2023-09-14T16:40:00+00:00, run_after=2023-09-14T16:41:00+00:00
[2023-09-14T17:41:13.771+0100] {processor.py:179} INFO - Processing /home/joestar/Documents/projects/airflow_etl/airflow_env/lib/python3.8/site-packages/airflow/example_dags/example_branch_python_dop_operator_3.py took 0.072 seconds
[2023-09-14T17:42:12.239+0100] {processor.py:157} INFO - Started process (PID=34038) to work on /home/joestar/Documents/projects/airflow_etl/airflow_env/lib/python3.8/site-packages/airflow/example_dags/example_branch_python_dop_operator_3.py
[2023-09-14T17:42:12.241+0100] {processor.py:829} INFO - Processing file /home/joestar/Documents/projects/airflow_etl/airflow_env/lib/python3.8/site-packages/airflow/example_dags/example_branch_python_dop_operator_3.py for tasks to queue
[2023-09-14T17:42:12.242+0100] {logging_mixin.py:151} INFO - [2023-09-14T17:42:12.241+0100] {dagbag.py:539} INFO - Filling up the DagBag from /home/joestar/Documents/projects/airflow_etl/airflow_env/lib/python3.8/site-packages/airflow/example_dags/example_branch_python_dop_operator_3.py
[2023-09-14T17:42:12.254+0100] {processor.py:839} INFO - DAG(s) dict_keys(['example_branch_dop_operator_v3']) retrieved from /home/joestar/Documents/projects/airflow_etl/airflow_env/lib/python3.8/site-packages/airflow/example_dags/example_branch_python_dop_operator_3.py
[2023-09-14T17:42:12.277+0100] {logging_mixin.py:151} INFO - [2023-09-14T17:42:12.277+0100] {dag.py:2915} INFO - Sync 1 DAGs
[2023-09-14T17:42:12.322+0100] {logging_mixin.py:151} INFO - [2023-09-14T17:42:12.322+0100] {dag.py:3696} INFO - Setting next_dagrun for example_branch_dop_operator_v3 to 2023-09-14T16:41:00+00:00, run_after=2023-09-14T16:42:00+00:00
[2023-09-14T17:42:12.365+0100] {processor.py:179} INFO - Processing /home/joestar/Documents/projects/airflow_etl/airflow_env/lib/python3.8/site-packages/airflow/example_dags/example_branch_python_dop_operator_3.py took 0.129 seconds
[2023-09-14T17:42:55.582+0100] {processor.py:157} INFO - Started process (PID=34237) to work on /home/joestar/Documents/projects/airflow_etl/airflow_env/lib/python3.8/site-packages/airflow/example_dags/example_branch_python_dop_operator_3.py
[2023-09-14T17:42:55.583+0100] {processor.py:829} INFO - Processing file /home/joestar/Documents/projects/airflow_etl/airflow_env/lib/python3.8/site-packages/airflow/example_dags/example_branch_python_dop_operator_3.py for tasks to queue
[2023-09-14T17:42:55.584+0100] {logging_mixin.py:151} INFO - [2023-09-14T17:42:55.584+0100] {dagbag.py:539} INFO - Filling up the DagBag from /home/joestar/Documents/projects/airflow_etl/airflow_env/lib/python3.8/site-packages/airflow/example_dags/example_branch_python_dop_operator_3.py
[2023-09-14T17:42:55.596+0100] {processor.py:839} INFO - DAG(s) dict_keys(['example_branch_dop_operator_v3']) retrieved from /home/joestar/Documents/projects/airflow_etl/airflow_env/lib/python3.8/site-packages/airflow/example_dags/example_branch_python_dop_operator_3.py
[2023-09-14T17:42:55.619+0100] {logging_mixin.py:151} INFO - [2023-09-14T17:42:55.618+0100] {dag.py:2915} INFO - Sync 1 DAGs
[2023-09-14T17:42:55.657+0100] {logging_mixin.py:151} INFO - [2023-09-14T17:42:55.657+0100] {dag.py:3696} INFO - Setting next_dagrun for example_branch_dop_operator_v3 to 2023-09-14T16:41:00+00:00, run_after=2023-09-14T16:42:00+00:00
[2023-09-14T17:42:55.687+0100] {processor.py:179} INFO - Processing /home/joestar/Documents/projects/airflow_etl/airflow_env/lib/python3.8/site-packages/airflow/example_dags/example_branch_python_dop_operator_3.py took 0.109 seconds
[2023-09-14T17:43:52.440+0100] {processor.py:157} INFO - Started process (PID=34506) to work on /home/joestar/Documents/projects/airflow_etl/airflow_env/lib/python3.8/site-packages/airflow/example_dags/example_branch_python_dop_operator_3.py
[2023-09-14T17:43:52.442+0100] {processor.py:829} INFO - Processing file /home/joestar/Documents/projects/airflow_etl/airflow_env/lib/python3.8/site-packages/airflow/example_dags/example_branch_python_dop_operator_3.py for tasks to queue
[2023-09-14T17:43:52.443+0100] {logging_mixin.py:151} INFO - [2023-09-14T17:43:52.442+0100] {dagbag.py:539} INFO - Filling up the DagBag from /home/joestar/Documents/projects/airflow_etl/airflow_env/lib/python3.8/site-packages/airflow/example_dags/example_branch_python_dop_operator_3.py
[2023-09-14T17:43:52.455+0100] {processor.py:839} INFO - DAG(s) dict_keys(['example_branch_dop_operator_v3']) retrieved from /home/joestar/Documents/projects/airflow_etl/airflow_env/lib/python3.8/site-packages/airflow/example_dags/example_branch_python_dop_operator_3.py
[2023-09-14T17:43:52.475+0100] {logging_mixin.py:151} INFO - [2023-09-14T17:43:52.475+0100] {dag.py:2915} INFO - Sync 1 DAGs
[2023-09-14T17:43:52.511+0100] {logging_mixin.py:151} INFO - [2023-09-14T17:43:52.511+0100] {dag.py:3696} INFO - Setting next_dagrun for example_branch_dop_operator_v3 to 2023-09-14T16:42:00+00:00, run_after=2023-09-14T16:43:00+00:00
[2023-09-14T17:43:52.541+0100] {processor.py:179} INFO - Processing /home/joestar/Documents/projects/airflow_etl/airflow_env/lib/python3.8/site-packages/airflow/example_dags/example_branch_python_dop_operator_3.py took 0.104 seconds
[2023-09-14T17:44:33.365+0100] {processor.py:157} INFO - Started process (PID=34719) to work on /home/joestar/Documents/projects/airflow_etl/airflow_env/lib/python3.8/site-packages/airflow/example_dags/example_branch_python_dop_operator_3.py
[2023-09-14T17:44:33.367+0100] {processor.py:829} INFO - Processing file /home/joestar/Documents/projects/airflow_etl/airflow_env/lib/python3.8/site-packages/airflow/example_dags/example_branch_python_dop_operator_3.py for tasks to queue
[2023-09-14T17:44:33.370+0100] {logging_mixin.py:151} INFO - [2023-09-14T17:44:33.369+0100] {dagbag.py:539} INFO - Filling up the DagBag from /home/joestar/Documents/projects/airflow_etl/airflow_env/lib/python3.8/site-packages/airflow/example_dags/example_branch_python_dop_operator_3.py
[2023-09-14T17:44:33.390+0100] {processor.py:839} INFO - DAG(s) dict_keys(['example_branch_dop_operator_v3']) retrieved from /home/joestar/Documents/projects/airflow_etl/airflow_env/lib/python3.8/site-packages/airflow/example_dags/example_branch_python_dop_operator_3.py
[2023-09-14T17:44:33.432+0100] {logging_mixin.py:151} INFO - [2023-09-14T17:44:33.432+0100] {dag.py:2915} INFO - Sync 1 DAGs
[2023-09-14T17:44:33.542+0100] {logging_mixin.py:151} INFO - [2023-09-14T17:44:33.542+0100] {dag.py:3696} INFO - Setting next_dagrun for example_branch_dop_operator_v3 to 2023-09-14T16:43:00+00:00, run_after=2023-09-14T16:44:00+00:00
[2023-09-14T17:44:33.606+0100] {processor.py:179} INFO - Processing /home/joestar/Documents/projects/airflow_etl/airflow_env/lib/python3.8/site-packages/airflow/example_dags/example_branch_python_dop_operator_3.py took 0.245 seconds
[2023-09-14T17:45:14.032+0100] {processor.py:157} INFO - Started process (PID=34896) to work on /home/joestar/Documents/projects/airflow_etl/airflow_env/lib/python3.8/site-packages/airflow/example_dags/example_branch_python_dop_operator_3.py
[2023-09-14T17:45:14.033+0100] {processor.py:829} INFO - Processing file /home/joestar/Documents/projects/airflow_etl/airflow_env/lib/python3.8/site-packages/airflow/example_dags/example_branch_python_dop_operator_3.py for tasks to queue
[2023-09-14T17:45:14.034+0100] {logging_mixin.py:151} INFO - [2023-09-14T17:45:14.033+0100] {dagbag.py:539} INFO - Filling up the DagBag from /home/joestar/Documents/projects/airflow_etl/airflow_env/lib/python3.8/site-packages/airflow/example_dags/example_branch_python_dop_operator_3.py
[2023-09-14T17:45:14.045+0100] {processor.py:839} INFO - DAG(s) dict_keys(['example_branch_dop_operator_v3']) retrieved from /home/joestar/Documents/projects/airflow_etl/airflow_env/lib/python3.8/site-packages/airflow/example_dags/example_branch_python_dop_operator_3.py
[2023-09-14T17:45:14.067+0100] {logging_mixin.py:151} INFO - [2023-09-14T17:45:14.067+0100] {dag.py:2915} INFO - Sync 1 DAGs
[2023-09-14T17:45:14.103+0100] {logging_mixin.py:151} INFO - [2023-09-14T17:45:14.103+0100] {dag.py:3696} INFO - Setting next_dagrun for example_branch_dop_operator_v3 to 2023-09-14T16:44:00+00:00, run_after=2023-09-14T16:45:00+00:00
[2023-09-14T17:45:14.131+0100] {processor.py:179} INFO - Processing /home/joestar/Documents/projects/airflow_etl/airflow_env/lib/python3.8/site-packages/airflow/example_dags/example_branch_python_dop_operator_3.py took 0.103 seconds
[2023-09-14T17:45:56.889+0100] {processor.py:157} INFO - Started process (PID=35062) to work on /home/joestar/Documents/projects/airflow_etl/airflow_env/lib/python3.8/site-packages/airflow/example_dags/example_branch_python_dop_operator_3.py
[2023-09-14T17:45:56.890+0100] {processor.py:829} INFO - Processing file /home/joestar/Documents/projects/airflow_etl/airflow_env/lib/python3.8/site-packages/airflow/example_dags/example_branch_python_dop_operator_3.py for tasks to queue
[2023-09-14T17:45:56.891+0100] {logging_mixin.py:151} INFO - [2023-09-14T17:45:56.891+0100] {dagbag.py:539} INFO - Filling up the DagBag from /home/joestar/Documents/projects/airflow_etl/airflow_env/lib/python3.8/site-packages/airflow/example_dags/example_branch_python_dop_operator_3.py
[2023-09-14T17:45:56.905+0100] {processor.py:839} INFO - DAG(s) dict_keys(['example_branch_dop_operator_v3']) retrieved from /home/joestar/Documents/projects/airflow_etl/airflow_env/lib/python3.8/site-packages/airflow/example_dags/example_branch_python_dop_operator_3.py
[2023-09-14T17:45:56.924+0100] {logging_mixin.py:151} INFO - [2023-09-14T17:45:56.924+0100] {dag.py:2915} INFO - Sync 1 DAGs
[2023-09-14T17:45:56.949+0100] {logging_mixin.py:151} INFO - [2023-09-14T17:45:56.948+0100] {dag.py:3696} INFO - Setting next_dagrun for example_branch_dop_operator_v3 to 2023-09-14T16:44:00+00:00, run_after=2023-09-14T16:45:00+00:00
[2023-09-14T17:45:56.974+0100] {processor.py:179} INFO - Processing /home/joestar/Documents/projects/airflow_etl/airflow_env/lib/python3.8/site-packages/airflow/example_dags/example_branch_python_dop_operator_3.py took 0.089 seconds
[2023-09-14T17:46:37.868+0100] {processor.py:157} INFO - Started process (PID=35247) to work on /home/joestar/Documents/projects/airflow_etl/airflow_env/lib/python3.8/site-packages/airflow/example_dags/example_branch_python_dop_operator_3.py
[2023-09-14T17:46:37.870+0100] {processor.py:829} INFO - Processing file /home/joestar/Documents/projects/airflow_etl/airflow_env/lib/python3.8/site-packages/airflow/example_dags/example_branch_python_dop_operator_3.py for tasks to queue
[2023-09-14T17:46:37.872+0100] {logging_mixin.py:151} INFO - [2023-09-14T17:46:37.871+0100] {dagbag.py:539} INFO - Filling up the DagBag from /home/joestar/Documents/projects/airflow_etl/airflow_env/lib/python3.8/site-packages/airflow/example_dags/example_branch_python_dop_operator_3.py
[2023-09-14T17:46:37.885+0100] {processor.py:839} INFO - DAG(s) dict_keys(['example_branch_dop_operator_v3']) retrieved from /home/joestar/Documents/projects/airflow_etl/airflow_env/lib/python3.8/site-packages/airflow/example_dags/example_branch_python_dop_operator_3.py
[2023-09-14T17:46:37.908+0100] {logging_mixin.py:151} INFO - [2023-09-14T17:46:37.908+0100] {dag.py:2915} INFO - Sync 1 DAGs
[2023-09-14T17:46:37.954+0100] {logging_mixin.py:151} INFO - [2023-09-14T17:46:37.954+0100] {dag.py:3696} INFO - Setting next_dagrun for example_branch_dop_operator_v3 to 2023-09-14T16:45:00+00:00, run_after=2023-09-14T16:46:00+00:00
[2023-09-14T17:46:37.992+0100] {processor.py:179} INFO - Processing /home/joestar/Documents/projects/airflow_etl/airflow_env/lib/python3.8/site-packages/airflow/example_dags/example_branch_python_dop_operator_3.py took 0.128 seconds
[2023-09-14T17:47:29.639+0100] {processor.py:157} INFO - Started process (PID=35463) to work on /home/joestar/Documents/projects/airflow_etl/airflow_env/lib/python3.8/site-packages/airflow/example_dags/example_branch_python_dop_operator_3.py
[2023-09-14T17:47:29.640+0100] {processor.py:829} INFO - Processing file /home/joestar/Documents/projects/airflow_etl/airflow_env/lib/python3.8/site-packages/airflow/example_dags/example_branch_python_dop_operator_3.py for tasks to queue
[2023-09-14T17:47:29.641+0100] {logging_mixin.py:151} INFO - [2023-09-14T17:47:29.640+0100] {dagbag.py:539} INFO - Filling up the DagBag from /home/joestar/Documents/projects/airflow_etl/airflow_env/lib/python3.8/site-packages/airflow/example_dags/example_branch_python_dop_operator_3.py
[2023-09-14T17:47:29.661+0100] {processor.py:839} INFO - DAG(s) dict_keys(['example_branch_dop_operator_v3']) retrieved from /home/joestar/Documents/projects/airflow_etl/airflow_env/lib/python3.8/site-packages/airflow/example_dags/example_branch_python_dop_operator_3.py
[2023-09-14T17:47:29.695+0100] {logging_mixin.py:151} INFO - [2023-09-14T17:47:29.695+0100] {dag.py:2915} INFO - Sync 1 DAGs
[2023-09-14T17:47:29.742+0100] {logging_mixin.py:151} INFO - [2023-09-14T17:47:29.742+0100] {dag.py:3696} INFO - Setting next_dagrun for example_branch_dop_operator_v3 to 2023-09-14T16:46:00+00:00, run_after=2023-09-14T16:47:00+00:00
[2023-09-14T17:47:29.809+0100] {processor.py:179} INFO - Processing /home/joestar/Documents/projects/airflow_etl/airflow_env/lib/python3.8/site-packages/airflow/example_dags/example_branch_python_dop_operator_3.py took 0.176 seconds
[2023-09-14T17:48:46.840+0100] {processor.py:157} INFO - Started process (PID=35761) to work on /home/joestar/Documents/projects/airflow_etl/airflow_env/lib/python3.8/site-packages/airflow/example_dags/example_branch_python_dop_operator_3.py
[2023-09-14T17:48:46.841+0100] {processor.py:829} INFO - Processing file /home/joestar/Documents/projects/airflow_etl/airflow_env/lib/python3.8/site-packages/airflow/example_dags/example_branch_python_dop_operator_3.py for tasks to queue
[2023-09-14T17:48:46.842+0100] {logging_mixin.py:151} INFO - [2023-09-14T17:48:46.842+0100] {dagbag.py:539} INFO - Filling up the DagBag from /home/joestar/Documents/projects/airflow_etl/airflow_env/lib/python3.8/site-packages/airflow/example_dags/example_branch_python_dop_operator_3.py
[2023-09-14T17:48:46.853+0100] {processor.py:839} INFO - DAG(s) dict_keys(['example_branch_dop_operator_v3']) retrieved from /home/joestar/Documents/projects/airflow_etl/airflow_env/lib/python3.8/site-packages/airflow/example_dags/example_branch_python_dop_operator_3.py
[2023-09-14T17:48:46.876+0100] {logging_mixin.py:151} INFO - [2023-09-14T17:48:46.875+0100] {dag.py:2915} INFO - Sync 1 DAGs
[2023-09-14T17:48:46.907+0100] {logging_mixin.py:151} INFO - [2023-09-14T17:48:46.907+0100] {dag.py:3696} INFO - Setting next_dagrun for example_branch_dop_operator_v3 to 2023-09-14T16:47:00+00:00, run_after=2023-09-14T16:48:00+00:00
[2023-09-14T17:48:46.942+0100] {processor.py:179} INFO - Processing /home/joestar/Documents/projects/airflow_etl/airflow_env/lib/python3.8/site-packages/airflow/example_dags/example_branch_python_dop_operator_3.py took 0.105 seconds
[2023-09-14T17:49:37.741+0100] {processor.py:157} INFO - Started process (PID=35963) to work on /home/joestar/Documents/projects/airflow_etl/airflow_env/lib/python3.8/site-packages/airflow/example_dags/example_branch_python_dop_operator_3.py
[2023-09-14T17:49:37.745+0100] {processor.py:829} INFO - Processing file /home/joestar/Documents/projects/airflow_etl/airflow_env/lib/python3.8/site-packages/airflow/example_dags/example_branch_python_dop_operator_3.py for tasks to queue
[2023-09-14T17:49:37.747+0100] {logging_mixin.py:151} INFO - [2023-09-14T17:49:37.746+0100] {dagbag.py:539} INFO - Filling up the DagBag from /home/joestar/Documents/projects/airflow_etl/airflow_env/lib/python3.8/site-packages/airflow/example_dags/example_branch_python_dop_operator_3.py
[2023-09-14T17:49:37.761+0100] {processor.py:839} INFO - DAG(s) dict_keys(['example_branch_dop_operator_v3']) retrieved from /home/joestar/Documents/projects/airflow_etl/airflow_env/lib/python3.8/site-packages/airflow/example_dags/example_branch_python_dop_operator_3.py
[2023-09-14T17:49:37.794+0100] {logging_mixin.py:151} INFO - [2023-09-14T17:49:37.794+0100] {dag.py:2915} INFO - Sync 1 DAGs
[2023-09-14T17:49:37.837+0100] {logging_mixin.py:151} INFO - [2023-09-14T17:49:37.837+0100] {dag.py:3696} INFO - Setting next_dagrun for example_branch_dop_operator_v3 to 2023-09-14T16:48:00+00:00, run_after=2023-09-14T16:49:00+00:00
[2023-09-14T17:49:37.877+0100] {processor.py:179} INFO - Processing /home/joestar/Documents/projects/airflow_etl/airflow_env/lib/python3.8/site-packages/airflow/example_dags/example_branch_python_dop_operator_3.py took 0.141 seconds
[2023-09-14T17:50:27.804+0100] {processor.py:157} INFO - Started process (PID=36192) to work on /home/joestar/Documents/projects/airflow_etl/airflow_env/lib/python3.8/site-packages/airflow/example_dags/example_branch_python_dop_operator_3.py
[2023-09-14T17:50:27.805+0100] {processor.py:829} INFO - Processing file /home/joestar/Documents/projects/airflow_etl/airflow_env/lib/python3.8/site-packages/airflow/example_dags/example_branch_python_dop_operator_3.py for tasks to queue
[2023-09-14T17:50:27.806+0100] {logging_mixin.py:151} INFO - [2023-09-14T17:50:27.806+0100] {dagbag.py:539} INFO - Filling up the DagBag from /home/joestar/Documents/projects/airflow_etl/airflow_env/lib/python3.8/site-packages/airflow/example_dags/example_branch_python_dop_operator_3.py
[2023-09-14T17:50:27.815+0100] {processor.py:839} INFO - DAG(s) dict_keys(['example_branch_dop_operator_v3']) retrieved from /home/joestar/Documents/projects/airflow_etl/airflow_env/lib/python3.8/site-packages/airflow/example_dags/example_branch_python_dop_operator_3.py
[2023-09-14T17:50:27.831+0100] {logging_mixin.py:151} INFO - [2023-09-14T17:50:27.831+0100] {dag.py:2915} INFO - Sync 1 DAGs
[2023-09-14T17:50:27.861+0100] {logging_mixin.py:151} INFO - [2023-09-14T17:50:27.860+0100] {dag.py:3696} INFO - Setting next_dagrun for example_branch_dop_operator_v3 to 2023-09-14T16:49:00+00:00, run_after=2023-09-14T16:50:00+00:00
[2023-09-14T17:50:27.887+0100] {processor.py:179} INFO - Processing /home/joestar/Documents/projects/airflow_etl/airflow_env/lib/python3.8/site-packages/airflow/example_dags/example_branch_python_dop_operator_3.py took 0.085 seconds
[2023-09-14T17:51:09.195+0100] {processor.py:157} INFO - Started process (PID=36388) to work on /home/joestar/Documents/projects/airflow_etl/airflow_env/lib/python3.8/site-packages/airflow/example_dags/example_branch_python_dop_operator_3.py
[2023-09-14T17:51:09.197+0100] {processor.py:829} INFO - Processing file /home/joestar/Documents/projects/airflow_etl/airflow_env/lib/python3.8/site-packages/airflow/example_dags/example_branch_python_dop_operator_3.py for tasks to queue
[2023-09-14T17:51:09.198+0100] {logging_mixin.py:151} INFO - [2023-09-14T17:51:09.197+0100] {dagbag.py:539} INFO - Filling up the DagBag from /home/joestar/Documents/projects/airflow_etl/airflow_env/lib/python3.8/site-packages/airflow/example_dags/example_branch_python_dop_operator_3.py
[2023-09-14T17:51:09.207+0100] {processor.py:839} INFO - DAG(s) dict_keys(['example_branch_dop_operator_v3']) retrieved from /home/joestar/Documents/projects/airflow_etl/airflow_env/lib/python3.8/site-packages/airflow/example_dags/example_branch_python_dop_operator_3.py
[2023-09-14T17:51:09.223+0100] {logging_mixin.py:151} INFO - [2023-09-14T17:51:09.222+0100] {dag.py:2915} INFO - Sync 1 DAGs
[2023-09-14T17:51:09.255+0100] {logging_mixin.py:151} INFO - [2023-09-14T17:51:09.255+0100] {dag.py:3696} INFO - Setting next_dagrun for example_branch_dop_operator_v3 to 2023-09-14T16:50:00+00:00, run_after=2023-09-14T16:51:00+00:00
[2023-09-14T17:51:09.290+0100] {processor.py:179} INFO - Processing /home/joestar/Documents/projects/airflow_etl/airflow_env/lib/python3.8/site-packages/airflow/example_dags/example_branch_python_dop_operator_3.py took 0.097 seconds
[2023-09-14T17:52:04.888+0100] {processor.py:157} INFO - Started process (PID=36617) to work on /home/joestar/Documents/projects/airflow_etl/airflow_env/lib/python3.8/site-packages/airflow/example_dags/example_branch_python_dop_operator_3.py
[2023-09-14T17:52:04.889+0100] {processor.py:829} INFO - Processing file /home/joestar/Documents/projects/airflow_etl/airflow_env/lib/python3.8/site-packages/airflow/example_dags/example_branch_python_dop_operator_3.py for tasks to queue
[2023-09-14T17:52:04.890+0100] {logging_mixin.py:151} INFO - [2023-09-14T17:52:04.890+0100] {dagbag.py:539} INFO - Filling up the DagBag from /home/joestar/Documents/projects/airflow_etl/airflow_env/lib/python3.8/site-packages/airflow/example_dags/example_branch_python_dop_operator_3.py
[2023-09-14T17:52:04.903+0100] {processor.py:839} INFO - DAG(s) dict_keys(['example_branch_dop_operator_v3']) retrieved from /home/joestar/Documents/projects/airflow_etl/airflow_env/lib/python3.8/site-packages/airflow/example_dags/example_branch_python_dop_operator_3.py
[2023-09-14T17:52:04.924+0100] {logging_mixin.py:151} INFO - [2023-09-14T17:52:04.924+0100] {dag.py:2915} INFO - Sync 1 DAGs
[2023-09-14T17:52:04.954+0100] {logging_mixin.py:151} INFO - [2023-09-14T17:52:04.954+0100] {dag.py:3696} INFO - Setting next_dagrun for example_branch_dop_operator_v3 to 2023-09-14T16:51:00+00:00, run_after=2023-09-14T16:52:00+00:00
[2023-09-14T17:52:04.987+0100] {processor.py:179} INFO - Processing /home/joestar/Documents/projects/airflow_etl/airflow_env/lib/python3.8/site-packages/airflow/example_dags/example_branch_python_dop_operator_3.py took 0.102 seconds
[2023-09-14T17:53:02.137+0100] {processor.py:157} INFO - Started process (PID=36879) to work on /home/joestar/Documents/projects/airflow_etl/airflow_env/lib/python3.8/site-packages/airflow/example_dags/example_branch_python_dop_operator_3.py
[2023-09-14T17:53:02.139+0100] {processor.py:829} INFO - Processing file /home/joestar/Documents/projects/airflow_etl/airflow_env/lib/python3.8/site-packages/airflow/example_dags/example_branch_python_dop_operator_3.py for tasks to queue
[2023-09-14T17:53:02.140+0100] {logging_mixin.py:151} INFO - [2023-09-14T17:53:02.139+0100] {dagbag.py:539} INFO - Filling up the DagBag from /home/joestar/Documents/projects/airflow_etl/airflow_env/lib/python3.8/site-packages/airflow/example_dags/example_branch_python_dop_operator_3.py
[2023-09-14T17:53:02.150+0100] {processor.py:839} INFO - DAG(s) dict_keys(['example_branch_dop_operator_v3']) retrieved from /home/joestar/Documents/projects/airflow_etl/airflow_env/lib/python3.8/site-packages/airflow/example_dags/example_branch_python_dop_operator_3.py
[2023-09-14T17:53:02.166+0100] {logging_mixin.py:151} INFO - [2023-09-14T17:53:02.166+0100] {dag.py:2915} INFO - Sync 1 DAGs
[2023-09-14T17:53:02.192+0100] {logging_mixin.py:151} INFO - [2023-09-14T17:53:02.192+0100] {dag.py:3696} INFO - Setting next_dagrun for example_branch_dop_operator_v3 to 2023-09-14T16:52:00+00:00, run_after=2023-09-14T16:53:00+00:00
[2023-09-14T17:53:02.221+0100] {processor.py:179} INFO - Processing /home/joestar/Documents/projects/airflow_etl/airflow_env/lib/python3.8/site-packages/airflow/example_dags/example_branch_python_dop_operator_3.py took 0.086 seconds
[2023-09-14T18:03:10.079+0100] {processor.py:157} INFO - Started process (PID=38731) to work on /home/joestar/Documents/projects/airflow_etl/airflow_env/lib/python3.8/site-packages/airflow/example_dags/example_branch_python_dop_operator_3.py
[2023-09-14T18:03:10.080+0100] {processor.py:829} INFO - Processing file /home/joestar/Documents/projects/airflow_etl/airflow_env/lib/python3.8/site-packages/airflow/example_dags/example_branch_python_dop_operator_3.py for tasks to queue
[2023-09-14T18:03:10.081+0100] {logging_mixin.py:151} INFO - [2023-09-14T18:03:10.080+0100] {dagbag.py:539} INFO - Filling up the DagBag from /home/joestar/Documents/projects/airflow_etl/airflow_env/lib/python3.8/site-packages/airflow/example_dags/example_branch_python_dop_operator_3.py
[2023-09-14T18:03:10.089+0100] {processor.py:839} INFO - DAG(s) dict_keys(['example_branch_dop_operator_v3']) retrieved from /home/joestar/Documents/projects/airflow_etl/airflow_env/lib/python3.8/site-packages/airflow/example_dags/example_branch_python_dop_operator_3.py
[2023-09-14T18:03:10.106+0100] {logging_mixin.py:151} INFO - [2023-09-14T18:03:10.105+0100] {dag.py:2915} INFO - Sync 1 DAGs
[2023-09-14T18:03:10.128+0100] {logging_mixin.py:151} INFO - [2023-09-14T18:03:10.128+0100] {dag.py:3696} INFO - Setting next_dagrun for example_branch_dop_operator_v3 to 2023-09-14T17:02:00+00:00, run_after=2023-09-14T17:03:00+00:00
[2023-09-14T18:03:10.154+0100] {processor.py:179} INFO - Processing /home/joestar/Documents/projects/airflow_etl/airflow_env/lib/python3.8/site-packages/airflow/example_dags/example_branch_python_dop_operator_3.py took 0.078 seconds
[2023-09-14T18:04:03.229+0100] {processor.py:157} INFO - Started process (PID=38966) to work on /home/joestar/Documents/projects/airflow_etl/airflow_env/lib/python3.8/site-packages/airflow/example_dags/example_branch_python_dop_operator_3.py
[2023-09-14T18:04:03.230+0100] {processor.py:829} INFO - Processing file /home/joestar/Documents/projects/airflow_etl/airflow_env/lib/python3.8/site-packages/airflow/example_dags/example_branch_python_dop_operator_3.py for tasks to queue
[2023-09-14T18:04:03.232+0100] {logging_mixin.py:151} INFO - [2023-09-14T18:04:03.231+0100] {dagbag.py:539} INFO - Filling up the DagBag from /home/joestar/Documents/projects/airflow_etl/airflow_env/lib/python3.8/site-packages/airflow/example_dags/example_branch_python_dop_operator_3.py
[2023-09-14T18:04:03.244+0100] {processor.py:839} INFO - DAG(s) dict_keys(['example_branch_dop_operator_v3']) retrieved from /home/joestar/Documents/projects/airflow_etl/airflow_env/lib/python3.8/site-packages/airflow/example_dags/example_branch_python_dop_operator_3.py
[2023-09-14T18:04:03.267+0100] {logging_mixin.py:151} INFO - [2023-09-14T18:04:03.266+0100] {dag.py:2915} INFO - Sync 1 DAGs
[2023-09-14T18:04:03.303+0100] {logging_mixin.py:151} INFO - [2023-09-14T18:04:03.303+0100] {dag.py:3696} INFO - Setting next_dagrun for example_branch_dop_operator_v3 to 2023-09-14T17:03:00+00:00, run_after=2023-09-14T17:04:00+00:00
[2023-09-14T18:04:03.337+0100] {processor.py:179} INFO - Processing /home/joestar/Documents/projects/airflow_etl/airflow_env/lib/python3.8/site-packages/airflow/example_dags/example_branch_python_dop_operator_3.py took 0.112 seconds
[2023-09-14T18:04:50.887+0100] {processor.py:157} INFO - Started process (PID=39189) to work on /home/joestar/Documents/projects/airflow_etl/airflow_env/lib/python3.8/site-packages/airflow/example_dags/example_branch_python_dop_operator_3.py
[2023-09-14T18:04:50.888+0100] {processor.py:829} INFO - Processing file /home/joestar/Documents/projects/airflow_etl/airflow_env/lib/python3.8/site-packages/airflow/example_dags/example_branch_python_dop_operator_3.py for tasks to queue
[2023-09-14T18:04:50.889+0100] {logging_mixin.py:151} INFO - [2023-09-14T18:04:50.889+0100] {dagbag.py:539} INFO - Filling up the DagBag from /home/joestar/Documents/projects/airflow_etl/airflow_env/lib/python3.8/site-packages/airflow/example_dags/example_branch_python_dop_operator_3.py
[2023-09-14T18:04:50.898+0100] {processor.py:839} INFO - DAG(s) dict_keys(['example_branch_dop_operator_v3']) retrieved from /home/joestar/Documents/projects/airflow_etl/airflow_env/lib/python3.8/site-packages/airflow/example_dags/example_branch_python_dop_operator_3.py
[2023-09-14T18:04:50.915+0100] {logging_mixin.py:151} INFO - [2023-09-14T18:04:50.914+0100] {dag.py:2915} INFO - Sync 1 DAGs
[2023-09-14T18:04:50.939+0100] {logging_mixin.py:151} INFO - [2023-09-14T18:04:50.939+0100] {dag.py:3696} INFO - Setting next_dagrun for example_branch_dop_operator_v3 to 2023-09-14T17:03:00+00:00, run_after=2023-09-14T17:04:00+00:00
[2023-09-14T18:04:50.980+0100] {processor.py:179} INFO - Processing /home/joestar/Documents/projects/airflow_etl/airflow_env/lib/python3.8/site-packages/airflow/example_dags/example_branch_python_dop_operator_3.py took 0.095 seconds
