[2023-09-14T17:12:04.306+0100] {processor.py:157} INFO - Started process (PID=24245) to work on /home/joestar/Documents/projects/airflow_etl/airflow_env/lib/python3.8/site-packages/airflow/example_dags/example_xcom.py
[2023-09-14T17:12:04.309+0100] {processor.py:829} INFO - Processing file /home/joestar/Documents/projects/airflow_etl/airflow_env/lib/python3.8/site-packages/airflow/example_dags/example_xcom.py for tasks to queue
[2023-09-14T17:12:04.312+0100] {logging_mixin.py:151} INFO - [2023-09-14T17:12:04.311+0100] {dagbag.py:539} INFO - Filling up the DagBag from /home/joestar/Documents/projects/airflow_etl/airflow_env/lib/python3.8/site-packages/airflow/example_dags/example_xcom.py
[2023-09-14T17:12:04.337+0100] {processor.py:839} INFO - DAG(s) dict_keys(['example_xcom']) retrieved from /home/joestar/Documents/projects/airflow_etl/airflow_env/lib/python3.8/site-packages/airflow/example_dags/example_xcom.py
[2023-09-14T17:12:04.465+0100] {logging_mixin.py:151} INFO - [2023-09-14T17:12:04.464+0100] {manager.py:499} INFO - Created Permission View: %s
[2023-09-14T17:12:04.490+0100] {logging_mixin.py:151} INFO - [2023-09-14T17:12:04.489+0100] {manager.py:499} INFO - Created Permission View: %s
[2023-09-14T17:12:04.507+0100] {logging_mixin.py:151} INFO - [2023-09-14T17:12:04.507+0100] {manager.py:499} INFO - Created Permission View: %s
[2023-09-14T17:12:04.507+0100] {logging_mixin.py:151} INFO - [2023-09-14T17:12:04.507+0100] {security.py:708} INFO - Not syncing DAG-level permissions for DAG 'DAG:example_xcom' as access control is unset.
[2023-09-14T17:12:04.508+0100] {logging_mixin.py:151} INFO - [2023-09-14T17:12:04.507+0100] {dag.py:2915} INFO - Sync 1 DAGs
[2023-09-14T17:12:04.522+0100] {logging_mixin.py:151} INFO - [2023-09-14T17:12:04.521+0100] {dag.py:2937} INFO - Creating ORM DAG for example_xcom
[2023-09-14T17:12:04.530+0100] {logging_mixin.py:151} INFO - [2023-09-14T17:12:04.530+0100] {dag.py:3696} INFO - Setting next_dagrun for example_xcom to 2021-01-01T00:00:00+00:00, run_after=2021-01-01T00:00:00+00:00
[2023-09-14T17:12:04.565+0100] {processor.py:179} INFO - Processing /home/joestar/Documents/projects/airflow_etl/airflow_env/lib/python3.8/site-packages/airflow/example_dags/example_xcom.py took 0.268 seconds
[2023-09-14T17:12:58.636+0100] {processor.py:157} INFO - Started process (PID=24656) to work on /home/joestar/Documents/projects/airflow_etl/airflow_env/lib/python3.8/site-packages/airflow/example_dags/example_xcom.py
[2023-09-14T17:12:58.636+0100] {processor.py:829} INFO - Processing file /home/joestar/Documents/projects/airflow_etl/airflow_env/lib/python3.8/site-packages/airflow/example_dags/example_xcom.py for tasks to queue
[2023-09-14T17:12:58.637+0100] {logging_mixin.py:151} INFO - [2023-09-14T17:12:58.637+0100] {dagbag.py:539} INFO - Filling up the DagBag from /home/joestar/Documents/projects/airflow_etl/airflow_env/lib/python3.8/site-packages/airflow/example_dags/example_xcom.py
[2023-09-14T17:12:58.645+0100] {processor.py:839} INFO - DAG(s) dict_keys(['example_xcom']) retrieved from /home/joestar/Documents/projects/airflow_etl/airflow_env/lib/python3.8/site-packages/airflow/example_dags/example_xcom.py
[2023-09-14T17:12:58.661+0100] {logging_mixin.py:151} INFO - [2023-09-14T17:12:58.661+0100] {dag.py:2915} INFO - Sync 1 DAGs
[2023-09-14T17:12:58.681+0100] {logging_mixin.py:151} INFO - [2023-09-14T17:12:58.681+0100] {dag.py:3696} INFO - Setting next_dagrun for example_xcom to 2021-01-01T00:00:00+00:00, run_after=2021-01-01T00:00:00+00:00
[2023-09-14T17:12:58.711+0100] {processor.py:179} INFO - Processing /home/joestar/Documents/projects/airflow_etl/airflow_env/lib/python3.8/site-packages/airflow/example_dags/example_xcom.py took 0.078 seconds
[2023-09-14T17:13:45.569+0100] {processor.py:157} INFO - Started process (PID=24981) to work on /home/joestar/Documents/projects/airflow_etl/airflow_env/lib/python3.8/site-packages/airflow/example_dags/example_xcom.py
[2023-09-14T17:13:45.571+0100] {processor.py:829} INFO - Processing file /home/joestar/Documents/projects/airflow_etl/airflow_env/lib/python3.8/site-packages/airflow/example_dags/example_xcom.py for tasks to queue
[2023-09-14T17:13:45.572+0100] {logging_mixin.py:151} INFO - [2023-09-14T17:13:45.572+0100] {dagbag.py:539} INFO - Filling up the DagBag from /home/joestar/Documents/projects/airflow_etl/airflow_env/lib/python3.8/site-packages/airflow/example_dags/example_xcom.py
[2023-09-14T17:13:45.586+0100] {processor.py:839} INFO - DAG(s) dict_keys(['example_xcom']) retrieved from /home/joestar/Documents/projects/airflow_etl/airflow_env/lib/python3.8/site-packages/airflow/example_dags/example_xcom.py
[2023-09-14T17:13:45.608+0100] {logging_mixin.py:151} INFO - [2023-09-14T17:13:45.607+0100] {dag.py:2915} INFO - Sync 1 DAGs
[2023-09-14T17:13:45.629+0100] {logging_mixin.py:151} INFO - [2023-09-14T17:13:45.629+0100] {dag.py:3696} INFO - Setting next_dagrun for example_xcom to 2021-01-01T00:00:00+00:00, run_after=2021-01-01T00:00:00+00:00
[2023-09-14T17:13:45.657+0100] {processor.py:179} INFO - Processing /home/joestar/Documents/projects/airflow_etl/airflow_env/lib/python3.8/site-packages/airflow/example_dags/example_xcom.py took 0.091 seconds
[2023-09-14T17:14:32.349+0100] {processor.py:157} INFO - Started process (PID=25291) to work on /home/joestar/Documents/projects/airflow_etl/airflow_env/lib/python3.8/site-packages/airflow/example_dags/example_xcom.py
[2023-09-14T17:14:32.350+0100] {processor.py:829} INFO - Processing file /home/joestar/Documents/projects/airflow_etl/airflow_env/lib/python3.8/site-packages/airflow/example_dags/example_xcom.py for tasks to queue
[2023-09-14T17:14:32.351+0100] {logging_mixin.py:151} INFO - [2023-09-14T17:14:32.351+0100] {dagbag.py:539} INFO - Filling up the DagBag from /home/joestar/Documents/projects/airflow_etl/airflow_env/lib/python3.8/site-packages/airflow/example_dags/example_xcom.py
[2023-09-14T17:14:32.357+0100] {processor.py:839} INFO - DAG(s) dict_keys(['example_xcom']) retrieved from /home/joestar/Documents/projects/airflow_etl/airflow_env/lib/python3.8/site-packages/airflow/example_dags/example_xcom.py
[2023-09-14T17:14:32.372+0100] {logging_mixin.py:151} INFO - [2023-09-14T17:14:32.371+0100] {dag.py:2915} INFO - Sync 1 DAGs
[2023-09-14T17:14:32.387+0100] {logging_mixin.py:151} INFO - [2023-09-14T17:14:32.387+0100] {dag.py:3696} INFO - Setting next_dagrun for example_xcom to 2021-01-01T00:00:00+00:00, run_after=2021-01-01T00:00:00+00:00
[2023-09-14T17:14:32.422+0100] {processor.py:179} INFO - Processing /home/joestar/Documents/projects/airflow_etl/airflow_env/lib/python3.8/site-packages/airflow/example_dags/example_xcom.py took 0.075 seconds
[2023-09-14T17:15:13.873+0100] {processor.py:157} INFO - Started process (PID=25851) to work on /home/joestar/Documents/projects/airflow_etl/airflow_env/lib/python3.8/site-packages/airflow/example_dags/example_xcom.py
[2023-09-14T17:15:13.874+0100] {processor.py:829} INFO - Processing file /home/joestar/Documents/projects/airflow_etl/airflow_env/lib/python3.8/site-packages/airflow/example_dags/example_xcom.py for tasks to queue
[2023-09-14T17:15:13.875+0100] {logging_mixin.py:151} INFO - [2023-09-14T17:15:13.874+0100] {dagbag.py:539} INFO - Filling up the DagBag from /home/joestar/Documents/projects/airflow_etl/airflow_env/lib/python3.8/site-packages/airflow/example_dags/example_xcom.py
[2023-09-14T17:15:13.882+0100] {processor.py:839} INFO - DAG(s) dict_keys(['example_xcom']) retrieved from /home/joestar/Documents/projects/airflow_etl/airflow_env/lib/python3.8/site-packages/airflow/example_dags/example_xcom.py
[2023-09-14T17:15:13.898+0100] {logging_mixin.py:151} INFO - [2023-09-14T17:15:13.898+0100] {dag.py:2915} INFO - Sync 1 DAGs
[2023-09-14T17:15:13.920+0100] {logging_mixin.py:151} INFO - [2023-09-14T17:15:13.920+0100] {dag.py:3696} INFO - Setting next_dagrun for example_xcom to 2021-01-01T00:00:00+00:00, run_after=2021-01-01T00:00:00+00:00
[2023-09-14T17:15:13.946+0100] {processor.py:179} INFO - Processing /home/joestar/Documents/projects/airflow_etl/airflow_env/lib/python3.8/site-packages/airflow/example_dags/example_xcom.py took 0.076 seconds
[2023-09-14T17:15:53.182+0100] {processor.py:157} INFO - Started process (PID=26025) to work on /home/joestar/Documents/projects/airflow_etl/airflow_env/lib/python3.8/site-packages/airflow/example_dags/example_xcom.py
[2023-09-14T17:15:53.183+0100] {processor.py:829} INFO - Processing file /home/joestar/Documents/projects/airflow_etl/airflow_env/lib/python3.8/site-packages/airflow/example_dags/example_xcom.py for tasks to queue
[2023-09-14T17:15:53.185+0100] {logging_mixin.py:151} INFO - [2023-09-14T17:15:53.184+0100] {dagbag.py:539} INFO - Filling up the DagBag from /home/joestar/Documents/projects/airflow_etl/airflow_env/lib/python3.8/site-packages/airflow/example_dags/example_xcom.py
[2023-09-14T17:15:53.197+0100] {processor.py:839} INFO - DAG(s) dict_keys(['example_xcom']) retrieved from /home/joestar/Documents/projects/airflow_etl/airflow_env/lib/python3.8/site-packages/airflow/example_dags/example_xcom.py
[2023-09-14T17:15:53.223+0100] {logging_mixin.py:151} INFO - [2023-09-14T17:15:53.222+0100] {dag.py:2915} INFO - Sync 1 DAGs
[2023-09-14T17:15:53.256+0100] {logging_mixin.py:151} INFO - [2023-09-14T17:15:53.255+0100] {dag.py:3696} INFO - Setting next_dagrun for example_xcom to 2021-01-01T00:00:00+00:00, run_after=2021-01-01T00:00:00+00:00
[2023-09-14T17:15:53.299+0100] {processor.py:179} INFO - Processing /home/joestar/Documents/projects/airflow_etl/airflow_env/lib/python3.8/site-packages/airflow/example_dags/example_xcom.py took 0.122 seconds
[2023-09-14T17:16:28.411+0100] {processor.py:157} INFO - Started process (PID=26196) to work on /home/joestar/Documents/projects/airflow_etl/airflow_env/lib/python3.8/site-packages/airflow/example_dags/example_xcom.py
[2023-09-14T17:16:28.413+0100] {processor.py:829} INFO - Processing file /home/joestar/Documents/projects/airflow_etl/airflow_env/lib/python3.8/site-packages/airflow/example_dags/example_xcom.py for tasks to queue
[2023-09-14T17:16:28.415+0100] {logging_mixin.py:151} INFO - [2023-09-14T17:16:28.414+0100] {dagbag.py:539} INFO - Filling up the DagBag from /home/joestar/Documents/projects/airflow_etl/airflow_env/lib/python3.8/site-packages/airflow/example_dags/example_xcom.py
[2023-09-14T17:16:28.428+0100] {processor.py:839} INFO - DAG(s) dict_keys(['example_xcom']) retrieved from /home/joestar/Documents/projects/airflow_etl/airflow_env/lib/python3.8/site-packages/airflow/example_dags/example_xcom.py
[2023-09-14T17:16:28.458+0100] {logging_mixin.py:151} INFO - [2023-09-14T17:16:28.458+0100] {dag.py:2915} INFO - Sync 1 DAGs
[2023-09-14T17:16:28.508+0100] {logging_mixin.py:151} INFO - [2023-09-14T17:16:28.508+0100] {dag.py:3696} INFO - Setting next_dagrun for example_xcom to 2021-01-01T00:00:00+00:00, run_after=2021-01-01T00:00:00+00:00
[2023-09-14T17:16:28.550+0100] {processor.py:179} INFO - Processing /home/joestar/Documents/projects/airflow_etl/airflow_env/lib/python3.8/site-packages/airflow/example_dags/example_xcom.py took 0.145 seconds
[2023-09-14T17:17:03.403+0100] {processor.py:157} INFO - Started process (PID=26375) to work on /home/joestar/Documents/projects/airflow_etl/airflow_env/lib/python3.8/site-packages/airflow/example_dags/example_xcom.py
[2023-09-14T17:17:03.404+0100] {processor.py:829} INFO - Processing file /home/joestar/Documents/projects/airflow_etl/airflow_env/lib/python3.8/site-packages/airflow/example_dags/example_xcom.py for tasks to queue
[2023-09-14T17:17:03.405+0100] {logging_mixin.py:151} INFO - [2023-09-14T17:17:03.404+0100] {dagbag.py:539} INFO - Filling up the DagBag from /home/joestar/Documents/projects/airflow_etl/airflow_env/lib/python3.8/site-packages/airflow/example_dags/example_xcom.py
[2023-09-14T17:17:03.412+0100] {processor.py:839} INFO - DAG(s) dict_keys(['example_xcom']) retrieved from /home/joestar/Documents/projects/airflow_etl/airflow_env/lib/python3.8/site-packages/airflow/example_dags/example_xcom.py
[2023-09-14T17:17:03.427+0100] {logging_mixin.py:151} INFO - [2023-09-14T17:17:03.427+0100] {dag.py:2915} INFO - Sync 1 DAGs
[2023-09-14T17:17:03.445+0100] {logging_mixin.py:151} INFO - [2023-09-14T17:17:03.445+0100] {dag.py:3696} INFO - Setting next_dagrun for example_xcom to 2021-01-01T00:00:00+00:00, run_after=2021-01-01T00:00:00+00:00
[2023-09-14T17:17:03.488+0100] {processor.py:179} INFO - Processing /home/joestar/Documents/projects/airflow_etl/airflow_env/lib/python3.8/site-packages/airflow/example_dags/example_xcom.py took 0.087 seconds
[2023-09-14T17:17:54.393+0100] {processor.py:157} INFO - Started process (PID=26667) to work on /home/joestar/Documents/projects/airflow_etl/airflow_env/lib/python3.8/site-packages/airflow/example_dags/example_xcom.py
[2023-09-14T17:17:54.394+0100] {processor.py:829} INFO - Processing file /home/joestar/Documents/projects/airflow_etl/airflow_env/lib/python3.8/site-packages/airflow/example_dags/example_xcom.py for tasks to queue
[2023-09-14T17:17:54.395+0100] {logging_mixin.py:151} INFO - [2023-09-14T17:17:54.395+0100] {dagbag.py:539} INFO - Filling up the DagBag from /home/joestar/Documents/projects/airflow_etl/airflow_env/lib/python3.8/site-packages/airflow/example_dags/example_xcom.py
[2023-09-14T17:17:54.402+0100] {processor.py:839} INFO - DAG(s) dict_keys(['example_xcom']) retrieved from /home/joestar/Documents/projects/airflow_etl/airflow_env/lib/python3.8/site-packages/airflow/example_dags/example_xcom.py
[2023-09-14T17:17:54.417+0100] {logging_mixin.py:151} INFO - [2023-09-14T17:17:54.417+0100] {dag.py:2915} INFO - Sync 1 DAGs
[2023-09-14T17:17:54.437+0100] {logging_mixin.py:151} INFO - [2023-09-14T17:17:54.436+0100] {dag.py:3696} INFO - Setting next_dagrun for example_xcom to 2021-01-01T00:00:00+00:00, run_after=2021-01-01T00:00:00+00:00
[2023-09-14T17:17:54.465+0100] {processor.py:179} INFO - Processing /home/joestar/Documents/projects/airflow_etl/airflow_env/lib/python3.8/site-packages/airflow/example_dags/example_xcom.py took 0.074 seconds
[2023-09-14T17:18:43.255+0100] {processor.py:157} INFO - Started process (PID=27032) to work on /home/joestar/Documents/projects/airflow_etl/airflow_env/lib/python3.8/site-packages/airflow/example_dags/example_xcom.py
[2023-09-14T17:18:43.264+0100] {processor.py:829} INFO - Processing file /home/joestar/Documents/projects/airflow_etl/airflow_env/lib/python3.8/site-packages/airflow/example_dags/example_xcom.py for tasks to queue
[2023-09-14T17:18:43.265+0100] {logging_mixin.py:151} INFO - [2023-09-14T17:18:43.265+0100] {dagbag.py:539} INFO - Filling up the DagBag from /home/joestar/Documents/projects/airflow_etl/airflow_env/lib/python3.8/site-packages/airflow/example_dags/example_xcom.py
[2023-09-14T17:18:43.285+0100] {processor.py:839} INFO - DAG(s) dict_keys(['example_xcom']) retrieved from /home/joestar/Documents/projects/airflow_etl/airflow_env/lib/python3.8/site-packages/airflow/example_dags/example_xcom.py
[2023-09-14T17:18:43.336+0100] {logging_mixin.py:151} INFO - [2023-09-14T17:18:43.336+0100] {dag.py:2915} INFO - Sync 1 DAGs
[2023-09-14T17:18:43.368+0100] {logging_mixin.py:151} INFO - [2023-09-14T17:18:43.367+0100] {dag.py:3696} INFO - Setting next_dagrun for example_xcom to 2021-01-01T00:00:00+00:00, run_after=2021-01-01T00:00:00+00:00
[2023-09-14T17:18:43.406+0100] {processor.py:179} INFO - Processing /home/joestar/Documents/projects/airflow_etl/airflow_env/lib/python3.8/site-packages/airflow/example_dags/example_xcom.py took 0.155 seconds
[2023-09-14T17:19:22.994+0100] {processor.py:157} INFO - Started process (PID=27277) to work on /home/joestar/Documents/projects/airflow_etl/airflow_env/lib/python3.8/site-packages/airflow/example_dags/example_xcom.py
[2023-09-14T17:19:23.014+0100] {processor.py:829} INFO - Processing file /home/joestar/Documents/projects/airflow_etl/airflow_env/lib/python3.8/site-packages/airflow/example_dags/example_xcom.py for tasks to queue
[2023-09-14T17:19:23.016+0100] {logging_mixin.py:151} INFO - [2023-09-14T17:19:23.016+0100] {dagbag.py:539} INFO - Filling up the DagBag from /home/joestar/Documents/projects/airflow_etl/airflow_env/lib/python3.8/site-packages/airflow/example_dags/example_xcom.py
[2023-09-14T17:19:23.040+0100] {processor.py:839} INFO - DAG(s) dict_keys(['example_xcom']) retrieved from /home/joestar/Documents/projects/airflow_etl/airflow_env/lib/python3.8/site-packages/airflow/example_dags/example_xcom.py
[2023-09-14T17:19:23.096+0100] {logging_mixin.py:151} INFO - [2023-09-14T17:19:23.096+0100] {dag.py:2915} INFO - Sync 1 DAGs
[2023-09-14T17:19:23.134+0100] {logging_mixin.py:151} INFO - [2023-09-14T17:19:23.134+0100] {dag.py:3696} INFO - Setting next_dagrun for example_xcom to 2021-01-01T00:00:00+00:00, run_after=2021-01-01T00:00:00+00:00
[2023-09-14T17:19:23.201+0100] {processor.py:179} INFO - Processing /home/joestar/Documents/projects/airflow_etl/airflow_env/lib/python3.8/site-packages/airflow/example_dags/example_xcom.py took 0.211 seconds
[2023-09-14T17:20:02.646+0100] {processor.py:157} INFO - Started process (PID=27458) to work on /home/joestar/Documents/projects/airflow_etl/airflow_env/lib/python3.8/site-packages/airflow/example_dags/example_xcom.py
[2023-09-14T17:20:02.647+0100] {processor.py:829} INFO - Processing file /home/joestar/Documents/projects/airflow_etl/airflow_env/lib/python3.8/site-packages/airflow/example_dags/example_xcom.py for tasks to queue
[2023-09-14T17:20:02.648+0100] {logging_mixin.py:151} INFO - [2023-09-14T17:20:02.648+0100] {dagbag.py:539} INFO - Filling up the DagBag from /home/joestar/Documents/projects/airflow_etl/airflow_env/lib/python3.8/site-packages/airflow/example_dags/example_xcom.py
[2023-09-14T17:20:02.660+0100] {processor.py:839} INFO - DAG(s) dict_keys(['example_xcom']) retrieved from /home/joestar/Documents/projects/airflow_etl/airflow_env/lib/python3.8/site-packages/airflow/example_dags/example_xcom.py
[2023-09-14T17:20:02.683+0100] {logging_mixin.py:151} INFO - [2023-09-14T17:20:02.683+0100] {dag.py:2915} INFO - Sync 1 DAGs
[2023-09-14T17:20:02.717+0100] {logging_mixin.py:151} INFO - [2023-09-14T17:20:02.717+0100] {dag.py:3696} INFO - Setting next_dagrun for example_xcom to 2021-01-01T00:00:00+00:00, run_after=2021-01-01T00:00:00+00:00
[2023-09-14T17:20:02.746+0100] {processor.py:179} INFO - Processing /home/joestar/Documents/projects/airflow_etl/airflow_env/lib/python3.8/site-packages/airflow/example_dags/example_xcom.py took 0.105 seconds
[2023-09-14T17:20:53.350+0100] {processor.py:157} INFO - Started process (PID=27661) to work on /home/joestar/Documents/projects/airflow_etl/airflow_env/lib/python3.8/site-packages/airflow/example_dags/example_xcom.py
[2023-09-14T17:20:53.351+0100] {processor.py:829} INFO - Processing file /home/joestar/Documents/projects/airflow_etl/airflow_env/lib/python3.8/site-packages/airflow/example_dags/example_xcom.py for tasks to queue
[2023-09-14T17:20:53.352+0100] {logging_mixin.py:151} INFO - [2023-09-14T17:20:53.352+0100] {dagbag.py:539} INFO - Filling up the DagBag from /home/joestar/Documents/projects/airflow_etl/airflow_env/lib/python3.8/site-packages/airflow/example_dags/example_xcom.py
[2023-09-14T17:20:53.363+0100] {processor.py:839} INFO - DAG(s) dict_keys(['example_xcom']) retrieved from /home/joestar/Documents/projects/airflow_etl/airflow_env/lib/python3.8/site-packages/airflow/example_dags/example_xcom.py
[2023-09-14T17:20:53.389+0100] {logging_mixin.py:151} INFO - [2023-09-14T17:20:53.389+0100] {dag.py:2915} INFO - Sync 1 DAGs
[2023-09-14T17:20:53.419+0100] {logging_mixin.py:151} INFO - [2023-09-14T17:20:53.419+0100] {dag.py:3696} INFO - Setting next_dagrun for example_xcom to 2021-01-01T00:00:00+00:00, run_after=2021-01-01T00:00:00+00:00
[2023-09-14T17:20:53.454+0100] {processor.py:179} INFO - Processing /home/joestar/Documents/projects/airflow_etl/airflow_env/lib/python3.8/site-packages/airflow/example_dags/example_xcom.py took 0.108 seconds
[2023-09-14T17:21:45.553+0100] {processor.py:157} INFO - Started process (PID=27896) to work on /home/joestar/Documents/projects/airflow_etl/airflow_env/lib/python3.8/site-packages/airflow/example_dags/example_xcom.py
[2023-09-14T17:21:45.554+0100] {processor.py:829} INFO - Processing file /home/joestar/Documents/projects/airflow_etl/airflow_env/lib/python3.8/site-packages/airflow/example_dags/example_xcom.py for tasks to queue
[2023-09-14T17:21:45.555+0100] {logging_mixin.py:151} INFO - [2023-09-14T17:21:45.555+0100] {dagbag.py:539} INFO - Filling up the DagBag from /home/joestar/Documents/projects/airflow_etl/airflow_env/lib/python3.8/site-packages/airflow/example_dags/example_xcom.py
[2023-09-14T17:21:45.563+0100] {processor.py:839} INFO - DAG(s) dict_keys(['example_xcom']) retrieved from /home/joestar/Documents/projects/airflow_etl/airflow_env/lib/python3.8/site-packages/airflow/example_dags/example_xcom.py
[2023-09-14T17:21:45.579+0100] {logging_mixin.py:151} INFO - [2023-09-14T17:21:45.579+0100] {dag.py:2915} INFO - Sync 1 DAGs
[2023-09-14T17:21:45.597+0100] {logging_mixin.py:151} INFO - [2023-09-14T17:21:45.597+0100] {dag.py:3696} INFO - Setting next_dagrun for example_xcom to 2021-01-01T00:00:00+00:00, run_after=2021-01-01T00:00:00+00:00
[2023-09-14T17:21:45.626+0100] {processor.py:179} INFO - Processing /home/joestar/Documents/projects/airflow_etl/airflow_env/lib/python3.8/site-packages/airflow/example_dags/example_xcom.py took 0.075 seconds
[2023-09-14T17:22:21.857+0100] {processor.py:157} INFO - Started process (PID=28049) to work on /home/joestar/Documents/projects/airflow_etl/airflow_env/lib/python3.8/site-packages/airflow/example_dags/example_xcom.py
[2023-09-14T17:22:21.858+0100] {processor.py:829} INFO - Processing file /home/joestar/Documents/projects/airflow_etl/airflow_env/lib/python3.8/site-packages/airflow/example_dags/example_xcom.py for tasks to queue
[2023-09-14T17:22:21.859+0100] {logging_mixin.py:151} INFO - [2023-09-14T17:22:21.858+0100] {dagbag.py:539} INFO - Filling up the DagBag from /home/joestar/Documents/projects/airflow_etl/airflow_env/lib/python3.8/site-packages/airflow/example_dags/example_xcom.py
[2023-09-14T17:22:21.867+0100] {processor.py:839} INFO - DAG(s) dict_keys(['example_xcom']) retrieved from /home/joestar/Documents/projects/airflow_etl/airflow_env/lib/python3.8/site-packages/airflow/example_dags/example_xcom.py
[2023-09-14T17:22:21.883+0100] {logging_mixin.py:151} INFO - [2023-09-14T17:22:21.883+0100] {dag.py:2915} INFO - Sync 1 DAGs
[2023-09-14T17:22:21.906+0100] {logging_mixin.py:151} INFO - [2023-09-14T17:22:21.905+0100] {dag.py:3696} INFO - Setting next_dagrun for example_xcom to 2021-01-01T00:00:00+00:00, run_after=2021-01-01T00:00:00+00:00
[2023-09-14T17:22:21.936+0100] {processor.py:179} INFO - Processing /home/joestar/Documents/projects/airflow_etl/airflow_env/lib/python3.8/site-packages/airflow/example_dags/example_xcom.py took 0.082 seconds
[2023-09-14T17:22:57.356+0100] {processor.py:157} INFO - Started process (PID=28216) to work on /home/joestar/Documents/projects/airflow_etl/airflow_env/lib/python3.8/site-packages/airflow/example_dags/example_xcom.py
[2023-09-14T17:22:57.357+0100] {processor.py:829} INFO - Processing file /home/joestar/Documents/projects/airflow_etl/airflow_env/lib/python3.8/site-packages/airflow/example_dags/example_xcom.py for tasks to queue
[2023-09-14T17:22:57.358+0100] {logging_mixin.py:151} INFO - [2023-09-14T17:22:57.357+0100] {dagbag.py:539} INFO - Filling up the DagBag from /home/joestar/Documents/projects/airflow_etl/airflow_env/lib/python3.8/site-packages/airflow/example_dags/example_xcom.py
[2023-09-14T17:22:57.365+0100] {processor.py:839} INFO - DAG(s) dict_keys(['example_xcom']) retrieved from /home/joestar/Documents/projects/airflow_etl/airflow_env/lib/python3.8/site-packages/airflow/example_dags/example_xcom.py
[2023-09-14T17:22:57.381+0100] {logging_mixin.py:151} INFO - [2023-09-14T17:22:57.381+0100] {dag.py:2915} INFO - Sync 1 DAGs
[2023-09-14T17:22:57.400+0100] {logging_mixin.py:151} INFO - [2023-09-14T17:22:57.400+0100] {dag.py:3696} INFO - Setting next_dagrun for example_xcom to 2021-01-01T00:00:00+00:00, run_after=2021-01-01T00:00:00+00:00
[2023-09-14T17:22:57.428+0100] {processor.py:179} INFO - Processing /home/joestar/Documents/projects/airflow_etl/airflow_env/lib/python3.8/site-packages/airflow/example_dags/example_xcom.py took 0.075 seconds
[2023-09-14T17:23:33.748+0100] {processor.py:157} INFO - Started process (PID=28373) to work on /home/joestar/Documents/projects/airflow_etl/airflow_env/lib/python3.8/site-packages/airflow/example_dags/example_xcom.py
[2023-09-14T17:23:33.749+0100] {processor.py:829} INFO - Processing file /home/joestar/Documents/projects/airflow_etl/airflow_env/lib/python3.8/site-packages/airflow/example_dags/example_xcom.py for tasks to queue
[2023-09-14T17:23:33.751+0100] {logging_mixin.py:151} INFO - [2023-09-14T17:23:33.750+0100] {dagbag.py:539} INFO - Filling up the DagBag from /home/joestar/Documents/projects/airflow_etl/airflow_env/lib/python3.8/site-packages/airflow/example_dags/example_xcom.py
[2023-09-14T17:23:33.764+0100] {processor.py:839} INFO - DAG(s) dict_keys(['example_xcom']) retrieved from /home/joestar/Documents/projects/airflow_etl/airflow_env/lib/python3.8/site-packages/airflow/example_dags/example_xcom.py
[2023-09-14T17:23:33.801+0100] {logging_mixin.py:151} INFO - [2023-09-14T17:23:33.800+0100] {dag.py:2915} INFO - Sync 1 DAGs
[2023-09-14T17:23:33.834+0100] {logging_mixin.py:151} INFO - [2023-09-14T17:23:33.834+0100] {dag.py:3696} INFO - Setting next_dagrun for example_xcom to 2021-01-01T00:00:00+00:00, run_after=2021-01-01T00:00:00+00:00
[2023-09-14T17:23:33.870+0100] {processor.py:179} INFO - Processing /home/joestar/Documents/projects/airflow_etl/airflow_env/lib/python3.8/site-packages/airflow/example_dags/example_xcom.py took 0.126 seconds
[2023-09-14T17:24:13.742+0100] {processor.py:157} INFO - Started process (PID=28559) to work on /home/joestar/Documents/projects/airflow_etl/airflow_env/lib/python3.8/site-packages/airflow/example_dags/example_xcom.py
[2023-09-14T17:24:13.742+0100] {processor.py:829} INFO - Processing file /home/joestar/Documents/projects/airflow_etl/airflow_env/lib/python3.8/site-packages/airflow/example_dags/example_xcom.py for tasks to queue
[2023-09-14T17:24:13.744+0100] {logging_mixin.py:151} INFO - [2023-09-14T17:24:13.743+0100] {dagbag.py:539} INFO - Filling up the DagBag from /home/joestar/Documents/projects/airflow_etl/airflow_env/lib/python3.8/site-packages/airflow/example_dags/example_xcom.py
[2023-09-14T17:24:13.754+0100] {processor.py:839} INFO - DAG(s) dict_keys(['example_xcom']) retrieved from /home/joestar/Documents/projects/airflow_etl/airflow_env/lib/python3.8/site-packages/airflow/example_dags/example_xcom.py
[2023-09-14T17:24:13.779+0100] {logging_mixin.py:151} INFO - [2023-09-14T17:24:13.778+0100] {dag.py:2915} INFO - Sync 1 DAGs
[2023-09-14T17:24:13.807+0100] {logging_mixin.py:151} INFO - [2023-09-14T17:24:13.807+0100] {dag.py:3696} INFO - Setting next_dagrun for example_xcom to 2021-01-01T00:00:00+00:00, run_after=2021-01-01T00:00:00+00:00
[2023-09-14T17:24:13.840+0100] {processor.py:179} INFO - Processing /home/joestar/Documents/projects/airflow_etl/airflow_env/lib/python3.8/site-packages/airflow/example_dags/example_xcom.py took 0.101 seconds
[2023-09-14T17:24:53.196+0100] {processor.py:157} INFO - Started process (PID=28713) to work on /home/joestar/Documents/projects/airflow_etl/airflow_env/lib/python3.8/site-packages/airflow/example_dags/example_xcom.py
[2023-09-14T17:24:53.197+0100] {processor.py:829} INFO - Processing file /home/joestar/Documents/projects/airflow_etl/airflow_env/lib/python3.8/site-packages/airflow/example_dags/example_xcom.py for tasks to queue
[2023-09-14T17:24:53.199+0100] {logging_mixin.py:151} INFO - [2023-09-14T17:24:53.198+0100] {dagbag.py:539} INFO - Filling up the DagBag from /home/joestar/Documents/projects/airflow_etl/airflow_env/lib/python3.8/site-packages/airflow/example_dags/example_xcom.py
[2023-09-14T17:24:53.209+0100] {processor.py:839} INFO - DAG(s) dict_keys(['example_xcom']) retrieved from /home/joestar/Documents/projects/airflow_etl/airflow_env/lib/python3.8/site-packages/airflow/example_dags/example_xcom.py
[2023-09-14T17:24:53.239+0100] {logging_mixin.py:151} INFO - [2023-09-14T17:24:53.239+0100] {dag.py:2915} INFO - Sync 1 DAGs
[2023-09-14T17:24:53.270+0100] {logging_mixin.py:151} INFO - [2023-09-14T17:24:53.270+0100] {dag.py:3696} INFO - Setting next_dagrun for example_xcom to 2021-01-01T00:00:00+00:00, run_after=2021-01-01T00:00:00+00:00
[2023-09-14T17:24:53.302+0100] {processor.py:179} INFO - Processing /home/joestar/Documents/projects/airflow_etl/airflow_env/lib/python3.8/site-packages/airflow/example_dags/example_xcom.py took 0.110 seconds
[2023-09-14T17:25:30.583+0100] {processor.py:157} INFO - Started process (PID=28865) to work on /home/joestar/Documents/projects/airflow_etl/airflow_env/lib/python3.8/site-packages/airflow/example_dags/example_xcom.py
[2023-09-14T17:25:30.584+0100] {processor.py:829} INFO - Processing file /home/joestar/Documents/projects/airflow_etl/airflow_env/lib/python3.8/site-packages/airflow/example_dags/example_xcom.py for tasks to queue
[2023-09-14T17:25:30.585+0100] {logging_mixin.py:151} INFO - [2023-09-14T17:25:30.584+0100] {dagbag.py:539} INFO - Filling up the DagBag from /home/joestar/Documents/projects/airflow_etl/airflow_env/lib/python3.8/site-packages/airflow/example_dags/example_xcom.py
[2023-09-14T17:25:30.592+0100] {processor.py:839} INFO - DAG(s) dict_keys(['example_xcom']) retrieved from /home/joestar/Documents/projects/airflow_etl/airflow_env/lib/python3.8/site-packages/airflow/example_dags/example_xcom.py
[2023-09-14T17:25:30.608+0100] {logging_mixin.py:151} INFO - [2023-09-14T17:25:30.608+0100] {dag.py:2915} INFO - Sync 1 DAGs
[2023-09-14T17:25:30.627+0100] {logging_mixin.py:151} INFO - [2023-09-14T17:25:30.627+0100] {dag.py:3696} INFO - Setting next_dagrun for example_xcom to 2021-01-01T00:00:00+00:00, run_after=2021-01-01T00:00:00+00:00
[2023-09-14T17:25:30.651+0100] {processor.py:179} INFO - Processing /home/joestar/Documents/projects/airflow_etl/airflow_env/lib/python3.8/site-packages/airflow/example_dags/example_xcom.py took 0.071 seconds
[2023-09-14T17:26:06.923+0100] {processor.py:157} INFO - Started process (PID=29031) to work on /home/joestar/Documents/projects/airflow_etl/airflow_env/lib/python3.8/site-packages/airflow/example_dags/example_xcom.py
[2023-09-14T17:26:06.925+0100] {processor.py:829} INFO - Processing file /home/joestar/Documents/projects/airflow_etl/airflow_env/lib/python3.8/site-packages/airflow/example_dags/example_xcom.py for tasks to queue
[2023-09-14T17:26:06.926+0100] {logging_mixin.py:151} INFO - [2023-09-14T17:26:06.926+0100] {dagbag.py:539} INFO - Filling up the DagBag from /home/joestar/Documents/projects/airflow_etl/airflow_env/lib/python3.8/site-packages/airflow/example_dags/example_xcom.py
[2023-09-14T17:26:06.936+0100] {processor.py:839} INFO - DAG(s) dict_keys(['example_xcom']) retrieved from /home/joestar/Documents/projects/airflow_etl/airflow_env/lib/python3.8/site-packages/airflow/example_dags/example_xcom.py
[2023-09-14T17:26:06.951+0100] {logging_mixin.py:151} INFO - [2023-09-14T17:26:06.951+0100] {dag.py:2915} INFO - Sync 1 DAGs
[2023-09-14T17:26:06.967+0100] {logging_mixin.py:151} INFO - [2023-09-14T17:26:06.967+0100] {dag.py:3696} INFO - Setting next_dagrun for example_xcom to 2021-01-01T00:00:00+00:00, run_after=2021-01-01T00:00:00+00:00
[2023-09-14T17:26:06.992+0100] {processor.py:179} INFO - Processing /home/joestar/Documents/projects/airflow_etl/airflow_env/lib/python3.8/site-packages/airflow/example_dags/example_xcom.py took 0.076 seconds
[2023-09-14T17:26:42.041+0100] {processor.py:157} INFO - Started process (PID=29175) to work on /home/joestar/Documents/projects/airflow_etl/airflow_env/lib/python3.8/site-packages/airflow/example_dags/example_xcom.py
[2023-09-14T17:26:42.042+0100] {processor.py:829} INFO - Processing file /home/joestar/Documents/projects/airflow_etl/airflow_env/lib/python3.8/site-packages/airflow/example_dags/example_xcom.py for tasks to queue
[2023-09-14T17:26:42.043+0100] {logging_mixin.py:151} INFO - [2023-09-14T17:26:42.042+0100] {dagbag.py:539} INFO - Filling up the DagBag from /home/joestar/Documents/projects/airflow_etl/airflow_env/lib/python3.8/site-packages/airflow/example_dags/example_xcom.py
[2023-09-14T17:26:42.050+0100] {processor.py:839} INFO - DAG(s) dict_keys(['example_xcom']) retrieved from /home/joestar/Documents/projects/airflow_etl/airflow_env/lib/python3.8/site-packages/airflow/example_dags/example_xcom.py
[2023-09-14T17:26:42.065+0100] {logging_mixin.py:151} INFO - [2023-09-14T17:26:42.064+0100] {dag.py:2915} INFO - Sync 1 DAGs
[2023-09-14T17:26:42.083+0100] {logging_mixin.py:151} INFO - [2023-09-14T17:26:42.083+0100] {dag.py:3696} INFO - Setting next_dagrun for example_xcom to 2021-01-01T00:00:00+00:00, run_after=2021-01-01T00:00:00+00:00
[2023-09-14T17:26:42.107+0100] {processor.py:179} INFO - Processing /home/joestar/Documents/projects/airflow_etl/airflow_env/lib/python3.8/site-packages/airflow/example_dags/example_xcom.py took 0.069 seconds
[2023-09-14T17:27:35.398+0100] {processor.py:157} INFO - Started process (PID=29414) to work on /home/joestar/Documents/projects/airflow_etl/airflow_env/lib/python3.8/site-packages/airflow/example_dags/example_xcom.py
[2023-09-14T17:27:35.401+0100] {processor.py:829} INFO - Processing file /home/joestar/Documents/projects/airflow_etl/airflow_env/lib/python3.8/site-packages/airflow/example_dags/example_xcom.py for tasks to queue
[2023-09-14T17:27:35.405+0100] {logging_mixin.py:151} INFO - [2023-09-14T17:27:35.403+0100] {dagbag.py:539} INFO - Filling up the DagBag from /home/joestar/Documents/projects/airflow_etl/airflow_env/lib/python3.8/site-packages/airflow/example_dags/example_xcom.py
[2023-09-14T17:27:35.440+0100] {processor.py:839} INFO - DAG(s) dict_keys(['example_xcom']) retrieved from /home/joestar/Documents/projects/airflow_etl/airflow_env/lib/python3.8/site-packages/airflow/example_dags/example_xcom.py
[2023-09-14T17:27:35.471+0100] {logging_mixin.py:151} INFO - [2023-09-14T17:27:35.471+0100] {dag.py:2915} INFO - Sync 1 DAGs
[2023-09-14T17:27:35.490+0100] {logging_mixin.py:151} INFO - [2023-09-14T17:27:35.490+0100] {dag.py:3696} INFO - Setting next_dagrun for example_xcom to 2021-01-01T00:00:00+00:00, run_after=2021-01-01T00:00:00+00:00
[2023-09-14T17:27:35.525+0100] {processor.py:179} INFO - Processing /home/joestar/Documents/projects/airflow_etl/airflow_env/lib/python3.8/site-packages/airflow/example_dags/example_xcom.py took 0.136 seconds
[2023-09-14T17:28:13.496+0100] {processor.py:157} INFO - Started process (PID=29595) to work on /home/joestar/Documents/projects/airflow_etl/airflow_env/lib/python3.8/site-packages/airflow/example_dags/example_xcom.py
[2023-09-14T17:28:13.498+0100] {processor.py:829} INFO - Processing file /home/joestar/Documents/projects/airflow_etl/airflow_env/lib/python3.8/site-packages/airflow/example_dags/example_xcom.py for tasks to queue
[2023-09-14T17:28:13.499+0100] {logging_mixin.py:151} INFO - [2023-09-14T17:28:13.498+0100] {dagbag.py:539} INFO - Filling up the DagBag from /home/joestar/Documents/projects/airflow_etl/airflow_env/lib/python3.8/site-packages/airflow/example_dags/example_xcom.py
[2023-09-14T17:28:13.509+0100] {processor.py:839} INFO - DAG(s) dict_keys(['example_xcom']) retrieved from /home/joestar/Documents/projects/airflow_etl/airflow_env/lib/python3.8/site-packages/airflow/example_dags/example_xcom.py
[2023-09-14T17:28:13.533+0100] {logging_mixin.py:151} INFO - [2023-09-14T17:28:13.532+0100] {dag.py:2915} INFO - Sync 1 DAGs
[2023-09-14T17:28:13.562+0100] {logging_mixin.py:151} INFO - [2023-09-14T17:28:13.562+0100] {dag.py:3696} INFO - Setting next_dagrun for example_xcom to 2021-01-01T00:00:00+00:00, run_after=2021-01-01T00:00:00+00:00
[2023-09-14T17:28:13.597+0100] {processor.py:179} INFO - Processing /home/joestar/Documents/projects/airflow_etl/airflow_env/lib/python3.8/site-packages/airflow/example_dags/example_xcom.py took 0.104 seconds
[2023-09-14T17:29:05.469+0100] {processor.py:157} INFO - Started process (PID=29847) to work on /home/joestar/Documents/projects/airflow_etl/airflow_env/lib/python3.8/site-packages/airflow/example_dags/example_xcom.py
[2023-09-14T17:29:05.470+0100] {processor.py:829} INFO - Processing file /home/joestar/Documents/projects/airflow_etl/airflow_env/lib/python3.8/site-packages/airflow/example_dags/example_xcom.py for tasks to queue
[2023-09-14T17:29:05.471+0100] {logging_mixin.py:151} INFO - [2023-09-14T17:29:05.470+0100] {dagbag.py:539} INFO - Filling up the DagBag from /home/joestar/Documents/projects/airflow_etl/airflow_env/lib/python3.8/site-packages/airflow/example_dags/example_xcom.py
[2023-09-14T17:29:05.478+0100] {processor.py:839} INFO - DAG(s) dict_keys(['example_xcom']) retrieved from /home/joestar/Documents/projects/airflow_etl/airflow_env/lib/python3.8/site-packages/airflow/example_dags/example_xcom.py
[2023-09-14T17:29:05.494+0100] {logging_mixin.py:151} INFO - [2023-09-14T17:29:05.494+0100] {dag.py:2915} INFO - Sync 1 DAGs
[2023-09-14T17:29:05.514+0100] {logging_mixin.py:151} INFO - [2023-09-14T17:29:05.514+0100] {dag.py:3696} INFO - Setting next_dagrun for example_xcom to 2021-01-01T00:00:00+00:00, run_after=2021-01-01T00:00:00+00:00
[2023-09-14T17:29:05.540+0100] {processor.py:179} INFO - Processing /home/joestar/Documents/projects/airflow_etl/airflow_env/lib/python3.8/site-packages/airflow/example_dags/example_xcom.py took 0.075 seconds
[2023-09-14T17:29:56.696+0100] {processor.py:157} INFO - Started process (PID=30069) to work on /home/joestar/Documents/projects/airflow_etl/airflow_env/lib/python3.8/site-packages/airflow/example_dags/example_xcom.py
[2023-09-14T17:29:56.697+0100] {processor.py:829} INFO - Processing file /home/joestar/Documents/projects/airflow_etl/airflow_env/lib/python3.8/site-packages/airflow/example_dags/example_xcom.py for tasks to queue
[2023-09-14T17:29:56.698+0100] {logging_mixin.py:151} INFO - [2023-09-14T17:29:56.698+0100] {dagbag.py:539} INFO - Filling up the DagBag from /home/joestar/Documents/projects/airflow_etl/airflow_env/lib/python3.8/site-packages/airflow/example_dags/example_xcom.py
[2023-09-14T17:29:56.707+0100] {processor.py:839} INFO - DAG(s) dict_keys(['example_xcom']) retrieved from /home/joestar/Documents/projects/airflow_etl/airflow_env/lib/python3.8/site-packages/airflow/example_dags/example_xcom.py
[2023-09-14T17:29:56.729+0100] {logging_mixin.py:151} INFO - [2023-09-14T17:29:56.729+0100] {dag.py:2915} INFO - Sync 1 DAGs
[2023-09-14T17:29:56.757+0100] {logging_mixin.py:151} INFO - [2023-09-14T17:29:56.757+0100] {dag.py:3696} INFO - Setting next_dagrun for example_xcom to 2021-01-01T00:00:00+00:00, run_after=2021-01-01T00:00:00+00:00
[2023-09-14T17:29:56.787+0100] {processor.py:179} INFO - Processing /home/joestar/Documents/projects/airflow_etl/airflow_env/lib/python3.8/site-packages/airflow/example_dags/example_xcom.py took 0.094 seconds
[2023-09-14T17:30:32.851+0100] {processor.py:157} INFO - Started process (PID=30244) to work on /home/joestar/Documents/projects/airflow_etl/airflow_env/lib/python3.8/site-packages/airflow/example_dags/example_xcom.py
[2023-09-14T17:30:32.853+0100] {processor.py:829} INFO - Processing file /home/joestar/Documents/projects/airflow_etl/airflow_env/lib/python3.8/site-packages/airflow/example_dags/example_xcom.py for tasks to queue
[2023-09-14T17:30:32.854+0100] {logging_mixin.py:151} INFO - [2023-09-14T17:30:32.853+0100] {dagbag.py:539} INFO - Filling up the DagBag from /home/joestar/Documents/projects/airflow_etl/airflow_env/lib/python3.8/site-packages/airflow/example_dags/example_xcom.py
[2023-09-14T17:30:32.863+0100] {processor.py:839} INFO - DAG(s) dict_keys(['example_xcom']) retrieved from /home/joestar/Documents/projects/airflow_etl/airflow_env/lib/python3.8/site-packages/airflow/example_dags/example_xcom.py
[2023-09-14T17:30:32.886+0100] {logging_mixin.py:151} INFO - [2023-09-14T17:30:32.886+0100] {dag.py:2915} INFO - Sync 1 DAGs
[2023-09-14T17:30:32.912+0100] {logging_mixin.py:151} INFO - [2023-09-14T17:30:32.912+0100] {dag.py:3696} INFO - Setting next_dagrun for example_xcom to 2021-01-01T00:00:00+00:00, run_after=2021-01-01T00:00:00+00:00
[2023-09-14T17:30:32.938+0100] {processor.py:179} INFO - Processing /home/joestar/Documents/projects/airflow_etl/airflow_env/lib/python3.8/site-packages/airflow/example_dags/example_xcom.py took 0.091 seconds
[2023-09-14T17:31:21.076+0100] {processor.py:157} INFO - Started process (PID=30473) to work on /home/joestar/Documents/projects/airflow_etl/airflow_env/lib/python3.8/site-packages/airflow/example_dags/example_xcom.py
[2023-09-14T17:31:21.077+0100] {processor.py:829} INFO - Processing file /home/joestar/Documents/projects/airflow_etl/airflow_env/lib/python3.8/site-packages/airflow/example_dags/example_xcom.py for tasks to queue
[2023-09-14T17:31:21.078+0100] {logging_mixin.py:151} INFO - [2023-09-14T17:31:21.078+0100] {dagbag.py:539} INFO - Filling up the DagBag from /home/joestar/Documents/projects/airflow_etl/airflow_env/lib/python3.8/site-packages/airflow/example_dags/example_xcom.py
[2023-09-14T17:31:21.088+0100] {processor.py:839} INFO - DAG(s) dict_keys(['example_xcom']) retrieved from /home/joestar/Documents/projects/airflow_etl/airflow_env/lib/python3.8/site-packages/airflow/example_dags/example_xcom.py
[2023-09-14T17:31:21.112+0100] {logging_mixin.py:151} INFO - [2023-09-14T17:31:21.112+0100] {dag.py:2915} INFO - Sync 1 DAGs
[2023-09-14T17:31:21.140+0100] {logging_mixin.py:151} INFO - [2023-09-14T17:31:21.140+0100] {dag.py:3696} INFO - Setting next_dagrun for example_xcom to 2021-01-01T00:00:00+00:00, run_after=2021-01-01T00:00:00+00:00
[2023-09-14T17:31:21.170+0100] {processor.py:179} INFO - Processing /home/joestar/Documents/projects/airflow_etl/airflow_env/lib/python3.8/site-packages/airflow/example_dags/example_xcom.py took 0.097 seconds
[2023-09-14T17:31:56.999+0100] {processor.py:157} INFO - Started process (PID=30615) to work on /home/joestar/Documents/projects/airflow_etl/airflow_env/lib/python3.8/site-packages/airflow/example_dags/example_xcom.py
[2023-09-14T17:31:57.000+0100] {processor.py:829} INFO - Processing file /home/joestar/Documents/projects/airflow_etl/airflow_env/lib/python3.8/site-packages/airflow/example_dags/example_xcom.py for tasks to queue
[2023-09-14T17:31:57.002+0100] {logging_mixin.py:151} INFO - [2023-09-14T17:31:57.001+0100] {dagbag.py:539} INFO - Filling up the DagBag from /home/joestar/Documents/projects/airflow_etl/airflow_env/lib/python3.8/site-packages/airflow/example_dags/example_xcom.py
[2023-09-14T17:31:57.012+0100] {processor.py:839} INFO - DAG(s) dict_keys(['example_xcom']) retrieved from /home/joestar/Documents/projects/airflow_etl/airflow_env/lib/python3.8/site-packages/airflow/example_dags/example_xcom.py
[2023-09-14T17:31:57.031+0100] {logging_mixin.py:151} INFO - [2023-09-14T17:31:57.030+0100] {dag.py:2915} INFO - Sync 1 DAGs
[2023-09-14T17:31:57.057+0100] {logging_mixin.py:151} INFO - [2023-09-14T17:31:57.056+0100] {dag.py:3696} INFO - Setting next_dagrun for example_xcom to 2021-01-01T00:00:00+00:00, run_after=2021-01-01T00:00:00+00:00
[2023-09-14T17:31:57.091+0100] {processor.py:179} INFO - Processing /home/joestar/Documents/projects/airflow_etl/airflow_env/lib/python3.8/site-packages/airflow/example_dags/example_xcom.py took 0.095 seconds
[2023-09-14T17:32:48.200+0100] {processor.py:157} INFO - Started process (PID=30849) to work on /home/joestar/Documents/projects/airflow_etl/airflow_env/lib/python3.8/site-packages/airflow/example_dags/example_xcom.py
[2023-09-14T17:32:48.202+0100] {processor.py:829} INFO - Processing file /home/joestar/Documents/projects/airflow_etl/airflow_env/lib/python3.8/site-packages/airflow/example_dags/example_xcom.py for tasks to queue
[2023-09-14T17:32:48.205+0100] {logging_mixin.py:151} INFO - [2023-09-14T17:32:48.204+0100] {dagbag.py:539} INFO - Filling up the DagBag from /home/joestar/Documents/projects/airflow_etl/airflow_env/lib/python3.8/site-packages/airflow/example_dags/example_xcom.py
[2023-09-14T17:32:48.224+0100] {processor.py:839} INFO - DAG(s) dict_keys(['example_xcom']) retrieved from /home/joestar/Documents/projects/airflow_etl/airflow_env/lib/python3.8/site-packages/airflow/example_dags/example_xcom.py
[2023-09-14T17:32:48.244+0100] {logging_mixin.py:151} INFO - [2023-09-14T17:32:48.244+0100] {dag.py:2915} INFO - Sync 1 DAGs
[2023-09-14T17:32:48.263+0100] {logging_mixin.py:151} INFO - [2023-09-14T17:32:48.263+0100] {dag.py:3696} INFO - Setting next_dagrun for example_xcom to 2021-01-01T00:00:00+00:00, run_after=2021-01-01T00:00:00+00:00
[2023-09-14T17:32:48.288+0100] {processor.py:179} INFO - Processing /home/joestar/Documents/projects/airflow_etl/airflow_env/lib/python3.8/site-packages/airflow/example_dags/example_xcom.py took 0.095 seconds
[2023-09-14T17:33:23.930+0100] {processor.py:157} INFO - Started process (PID=31018) to work on /home/joestar/Documents/projects/airflow_etl/airflow_env/lib/python3.8/site-packages/airflow/example_dags/example_xcom.py
[2023-09-14T17:33:23.931+0100] {processor.py:829} INFO - Processing file /home/joestar/Documents/projects/airflow_etl/airflow_env/lib/python3.8/site-packages/airflow/example_dags/example_xcom.py for tasks to queue
[2023-09-14T17:33:23.932+0100] {logging_mixin.py:151} INFO - [2023-09-14T17:33:23.932+0100] {dagbag.py:539} INFO - Filling up the DagBag from /home/joestar/Documents/projects/airflow_etl/airflow_env/lib/python3.8/site-packages/airflow/example_dags/example_xcom.py
[2023-09-14T17:33:23.940+0100] {processor.py:839} INFO - DAG(s) dict_keys(['example_xcom']) retrieved from /home/joestar/Documents/projects/airflow_etl/airflow_env/lib/python3.8/site-packages/airflow/example_dags/example_xcom.py
[2023-09-14T17:33:23.956+0100] {logging_mixin.py:151} INFO - [2023-09-14T17:33:23.956+0100] {dag.py:2915} INFO - Sync 1 DAGs
[2023-09-14T17:33:23.976+0100] {logging_mixin.py:151} INFO - [2023-09-14T17:33:23.976+0100] {dag.py:3696} INFO - Setting next_dagrun for example_xcom to 2021-01-01T00:00:00+00:00, run_after=2021-01-01T00:00:00+00:00
[2023-09-14T17:33:24.002+0100] {processor.py:179} INFO - Processing /home/joestar/Documents/projects/airflow_etl/airflow_env/lib/python3.8/site-packages/airflow/example_dags/example_xcom.py took 0.074 seconds
[2023-09-14T17:33:59.501+0100] {processor.py:157} INFO - Started process (PID=31168) to work on /home/joestar/Documents/projects/airflow_etl/airflow_env/lib/python3.8/site-packages/airflow/example_dags/example_xcom.py
[2023-09-14T17:33:59.502+0100] {processor.py:829} INFO - Processing file /home/joestar/Documents/projects/airflow_etl/airflow_env/lib/python3.8/site-packages/airflow/example_dags/example_xcom.py for tasks to queue
[2023-09-14T17:33:59.503+0100] {logging_mixin.py:151} INFO - [2023-09-14T17:33:59.502+0100] {dagbag.py:539} INFO - Filling up the DagBag from /home/joestar/Documents/projects/airflow_etl/airflow_env/lib/python3.8/site-packages/airflow/example_dags/example_xcom.py
[2023-09-14T17:33:59.512+0100] {processor.py:839} INFO - DAG(s) dict_keys(['example_xcom']) retrieved from /home/joestar/Documents/projects/airflow_etl/airflow_env/lib/python3.8/site-packages/airflow/example_dags/example_xcom.py
[2023-09-14T17:33:59.534+0100] {logging_mixin.py:151} INFO - [2023-09-14T17:33:59.534+0100] {dag.py:2915} INFO - Sync 1 DAGs
[2023-09-14T17:33:59.561+0100] {logging_mixin.py:151} INFO - [2023-09-14T17:33:59.560+0100] {dag.py:3696} INFO - Setting next_dagrun for example_xcom to 2021-01-01T00:00:00+00:00, run_after=2021-01-01T00:00:00+00:00
[2023-09-14T17:33:59.591+0100] {processor.py:179} INFO - Processing /home/joestar/Documents/projects/airflow_etl/airflow_env/lib/python3.8/site-packages/airflow/example_dags/example_xcom.py took 0.094 seconds
[2023-09-14T17:34:36.857+0100] {processor.py:157} INFO - Started process (PID=31345) to work on /home/joestar/Documents/projects/airflow_etl/airflow_env/lib/python3.8/site-packages/airflow/example_dags/example_xcom.py
[2023-09-14T17:34:36.858+0100] {processor.py:829} INFO - Processing file /home/joestar/Documents/projects/airflow_etl/airflow_env/lib/python3.8/site-packages/airflow/example_dags/example_xcom.py for tasks to queue
[2023-09-14T17:34:36.859+0100] {logging_mixin.py:151} INFO - [2023-09-14T17:34:36.858+0100] {dagbag.py:539} INFO - Filling up the DagBag from /home/joestar/Documents/projects/airflow_etl/airflow_env/lib/python3.8/site-packages/airflow/example_dags/example_xcom.py
[2023-09-14T17:34:36.866+0100] {processor.py:839} INFO - DAG(s) dict_keys(['example_xcom']) retrieved from /home/joestar/Documents/projects/airflow_etl/airflow_env/lib/python3.8/site-packages/airflow/example_dags/example_xcom.py
[2023-09-14T17:34:36.882+0100] {logging_mixin.py:151} INFO - [2023-09-14T17:34:36.881+0100] {dag.py:2915} INFO - Sync 1 DAGs
[2023-09-14T17:34:36.900+0100] {logging_mixin.py:151} INFO - [2023-09-14T17:34:36.900+0100] {dag.py:3696} INFO - Setting next_dagrun for example_xcom to 2021-01-01T00:00:00+00:00, run_after=2021-01-01T00:00:00+00:00
[2023-09-14T17:34:36.925+0100] {processor.py:179} INFO - Processing /home/joestar/Documents/projects/airflow_etl/airflow_env/lib/python3.8/site-packages/airflow/example_dags/example_xcom.py took 0.071 seconds
[2023-09-14T17:35:25.306+0100] {processor.py:157} INFO - Started process (PID=31586) to work on /home/joestar/Documents/projects/airflow_etl/airflow_env/lib/python3.8/site-packages/airflow/example_dags/example_xcom.py
[2023-09-14T17:35:25.307+0100] {processor.py:829} INFO - Processing file /home/joestar/Documents/projects/airflow_etl/airflow_env/lib/python3.8/site-packages/airflow/example_dags/example_xcom.py for tasks to queue
[2023-09-14T17:35:25.308+0100] {logging_mixin.py:151} INFO - [2023-09-14T17:35:25.308+0100] {dagbag.py:539} INFO - Filling up the DagBag from /home/joestar/Documents/projects/airflow_etl/airflow_env/lib/python3.8/site-packages/airflow/example_dags/example_xcom.py
[2023-09-14T17:35:25.319+0100] {processor.py:839} INFO - DAG(s) dict_keys(['example_xcom']) retrieved from /home/joestar/Documents/projects/airflow_etl/airflow_env/lib/python3.8/site-packages/airflow/example_dags/example_xcom.py
[2023-09-14T17:35:25.346+0100] {logging_mixin.py:151} INFO - [2023-09-14T17:35:25.346+0100] {dag.py:2915} INFO - Sync 1 DAGs
[2023-09-14T17:35:25.383+0100] {logging_mixin.py:151} INFO - [2023-09-14T17:35:25.383+0100] {dag.py:3696} INFO - Setting next_dagrun for example_xcom to 2021-01-01T00:00:00+00:00, run_after=2021-01-01T00:00:00+00:00
[2023-09-14T17:35:25.417+0100] {processor.py:179} INFO - Processing /home/joestar/Documents/projects/airflow_etl/airflow_env/lib/python3.8/site-packages/airflow/example_dags/example_xcom.py took 0.116 seconds
[2023-09-14T17:36:01.235+0100] {processor.py:157} INFO - Started process (PID=31734) to work on /home/joestar/Documents/projects/airflow_etl/airflow_env/lib/python3.8/site-packages/airflow/example_dags/example_xcom.py
[2023-09-14T17:36:01.236+0100] {processor.py:829} INFO - Processing file /home/joestar/Documents/projects/airflow_etl/airflow_env/lib/python3.8/site-packages/airflow/example_dags/example_xcom.py for tasks to queue
[2023-09-14T17:36:01.237+0100] {logging_mixin.py:151} INFO - [2023-09-14T17:36:01.236+0100] {dagbag.py:539} INFO - Filling up the DagBag from /home/joestar/Documents/projects/airflow_etl/airflow_env/lib/python3.8/site-packages/airflow/example_dags/example_xcom.py
[2023-09-14T17:36:01.244+0100] {processor.py:839} INFO - DAG(s) dict_keys(['example_xcom']) retrieved from /home/joestar/Documents/projects/airflow_etl/airflow_env/lib/python3.8/site-packages/airflow/example_dags/example_xcom.py
[2023-09-14T17:36:01.259+0100] {logging_mixin.py:151} INFO - [2023-09-14T17:36:01.259+0100] {dag.py:2915} INFO - Sync 1 DAGs
[2023-09-14T17:36:01.277+0100] {logging_mixin.py:151} INFO - [2023-09-14T17:36:01.277+0100] {dag.py:3696} INFO - Setting next_dagrun for example_xcom to 2021-01-01T00:00:00+00:00, run_after=2021-01-01T00:00:00+00:00
[2023-09-14T17:36:01.305+0100] {processor.py:179} INFO - Processing /home/joestar/Documents/projects/airflow_etl/airflow_env/lib/python3.8/site-packages/airflow/example_dags/example_xcom.py took 0.073 seconds
[2023-09-14T17:36:53.172+0100] {processor.py:157} INFO - Started process (PID=31974) to work on /home/joestar/Documents/projects/airflow_etl/airflow_env/lib/python3.8/site-packages/airflow/example_dags/example_xcom.py
[2023-09-14T17:36:53.173+0100] {processor.py:829} INFO - Processing file /home/joestar/Documents/projects/airflow_etl/airflow_env/lib/python3.8/site-packages/airflow/example_dags/example_xcom.py for tasks to queue
[2023-09-14T17:36:53.174+0100] {logging_mixin.py:151} INFO - [2023-09-14T17:36:53.173+0100] {dagbag.py:539} INFO - Filling up the DagBag from /home/joestar/Documents/projects/airflow_etl/airflow_env/lib/python3.8/site-packages/airflow/example_dags/example_xcom.py
[2023-09-14T17:36:53.181+0100] {processor.py:839} INFO - DAG(s) dict_keys(['example_xcom']) retrieved from /home/joestar/Documents/projects/airflow_etl/airflow_env/lib/python3.8/site-packages/airflow/example_dags/example_xcom.py
[2023-09-14T17:36:53.197+0100] {logging_mixin.py:151} INFO - [2023-09-14T17:36:53.197+0100] {dag.py:2915} INFO - Sync 1 DAGs
[2023-09-14T17:36:53.216+0100] {logging_mixin.py:151} INFO - [2023-09-14T17:36:53.215+0100] {dag.py:3696} INFO - Setting next_dagrun for example_xcom to 2021-01-01T00:00:00+00:00, run_after=2021-01-01T00:00:00+00:00
[2023-09-14T17:36:53.273+0100] {processor.py:179} INFO - Processing /home/joestar/Documents/projects/airflow_etl/airflow_env/lib/python3.8/site-packages/airflow/example_dags/example_xcom.py took 0.104 seconds
[2023-09-14T17:37:29.967+0100] {processor.py:157} INFO - Started process (PID=32159) to work on /home/joestar/Documents/projects/airflow_etl/airflow_env/lib/python3.8/site-packages/airflow/example_dags/example_xcom.py
[2023-09-14T17:37:29.967+0100] {processor.py:829} INFO - Processing file /home/joestar/Documents/projects/airflow_etl/airflow_env/lib/python3.8/site-packages/airflow/example_dags/example_xcom.py for tasks to queue
[2023-09-14T17:37:29.968+0100] {logging_mixin.py:151} INFO - [2023-09-14T17:37:29.968+0100] {dagbag.py:539} INFO - Filling up the DagBag from /home/joestar/Documents/projects/airflow_etl/airflow_env/lib/python3.8/site-packages/airflow/example_dags/example_xcom.py
[2023-09-14T17:37:29.975+0100] {processor.py:839} INFO - DAG(s) dict_keys(['example_xcom']) retrieved from /home/joestar/Documents/projects/airflow_etl/airflow_env/lib/python3.8/site-packages/airflow/example_dags/example_xcom.py
[2023-09-14T17:37:29.993+0100] {logging_mixin.py:151} INFO - [2023-09-14T17:37:29.992+0100] {dag.py:2915} INFO - Sync 1 DAGs
[2023-09-14T17:37:30.019+0100] {logging_mixin.py:151} INFO - [2023-09-14T17:37:30.019+0100] {dag.py:3696} INFO - Setting next_dagrun for example_xcom to 2021-01-01T00:00:00+00:00, run_after=2021-01-01T00:00:00+00:00
[2023-09-14T17:37:30.048+0100] {processor.py:179} INFO - Processing /home/joestar/Documents/projects/airflow_etl/airflow_env/lib/python3.8/site-packages/airflow/example_dags/example_xcom.py took 0.084 seconds
[2023-09-14T17:38:07.294+0100] {processor.py:157} INFO - Started process (PID=32464) to work on /home/joestar/Documents/projects/airflow_etl/airflow_env/lib/python3.8/site-packages/airflow/example_dags/example_xcom.py
[2023-09-14T17:38:07.296+0100] {processor.py:829} INFO - Processing file /home/joestar/Documents/projects/airflow_etl/airflow_env/lib/python3.8/site-packages/airflow/example_dags/example_xcom.py for tasks to queue
[2023-09-14T17:38:07.297+0100] {logging_mixin.py:151} INFO - [2023-09-14T17:38:07.296+0100] {dagbag.py:539} INFO - Filling up the DagBag from /home/joestar/Documents/projects/airflow_etl/airflow_env/lib/python3.8/site-packages/airflow/example_dags/example_xcom.py
[2023-09-14T17:38:07.304+0100] {processor.py:839} INFO - DAG(s) dict_keys(['example_xcom']) retrieved from /home/joestar/Documents/projects/airflow_etl/airflow_env/lib/python3.8/site-packages/airflow/example_dags/example_xcom.py
[2023-09-14T17:38:07.322+0100] {logging_mixin.py:151} INFO - [2023-09-14T17:38:07.322+0100] {dag.py:2915} INFO - Sync 1 DAGs
[2023-09-14T17:38:07.343+0100] {logging_mixin.py:151} INFO - [2023-09-14T17:38:07.342+0100] {dag.py:3696} INFO - Setting next_dagrun for example_xcom to 2021-01-01T00:00:00+00:00, run_after=2021-01-01T00:00:00+00:00
[2023-09-14T17:38:07.367+0100] {processor.py:179} INFO - Processing /home/joestar/Documents/projects/airflow_etl/airflow_env/lib/python3.8/site-packages/airflow/example_dags/example_xcom.py took 0.075 seconds
[2023-09-14T17:38:47.356+0100] {processor.py:157} INFO - Started process (PID=32780) to work on /home/joestar/Documents/projects/airflow_etl/airflow_env/lib/python3.8/site-packages/airflow/example_dags/example_xcom.py
[2023-09-14T17:38:47.357+0100] {processor.py:829} INFO - Processing file /home/joestar/Documents/projects/airflow_etl/airflow_env/lib/python3.8/site-packages/airflow/example_dags/example_xcom.py for tasks to queue
[2023-09-14T17:38:47.358+0100] {logging_mixin.py:151} INFO - [2023-09-14T17:38:47.358+0100] {dagbag.py:539} INFO - Filling up the DagBag from /home/joestar/Documents/projects/airflow_etl/airflow_env/lib/python3.8/site-packages/airflow/example_dags/example_xcom.py
[2023-09-14T17:38:47.367+0100] {processor.py:839} INFO - DAG(s) dict_keys(['example_xcom']) retrieved from /home/joestar/Documents/projects/airflow_etl/airflow_env/lib/python3.8/site-packages/airflow/example_dags/example_xcom.py
[2023-09-14T17:38:47.386+0100] {logging_mixin.py:151} INFO - [2023-09-14T17:38:47.385+0100] {dag.py:2915} INFO - Sync 1 DAGs
[2023-09-14T17:38:47.406+0100] {logging_mixin.py:151} INFO - [2023-09-14T17:38:47.406+0100] {dag.py:3696} INFO - Setting next_dagrun for example_xcom to 2021-01-01T00:00:00+00:00, run_after=2021-01-01T00:00:00+00:00
[2023-09-14T17:38:47.438+0100] {processor.py:179} INFO - Processing /home/joestar/Documents/projects/airflow_etl/airflow_env/lib/python3.8/site-packages/airflow/example_dags/example_xcom.py took 0.085 seconds
[2023-09-14T17:39:33.442+0100] {processor.py:157} INFO - Started process (PID=33081) to work on /home/joestar/Documents/projects/airflow_etl/airflow_env/lib/python3.8/site-packages/airflow/example_dags/example_xcom.py
[2023-09-14T17:39:33.443+0100] {processor.py:829} INFO - Processing file /home/joestar/Documents/projects/airflow_etl/airflow_env/lib/python3.8/site-packages/airflow/example_dags/example_xcom.py for tasks to queue
[2023-09-14T17:39:33.444+0100] {logging_mixin.py:151} INFO - [2023-09-14T17:39:33.443+0100] {dagbag.py:539} INFO - Filling up the DagBag from /home/joestar/Documents/projects/airflow_etl/airflow_env/lib/python3.8/site-packages/airflow/example_dags/example_xcom.py
[2023-09-14T17:39:33.453+0100] {processor.py:839} INFO - DAG(s) dict_keys(['example_xcom']) retrieved from /home/joestar/Documents/projects/airflow_etl/airflow_env/lib/python3.8/site-packages/airflow/example_dags/example_xcom.py
[2023-09-14T17:39:33.473+0100] {logging_mixin.py:151} INFO - [2023-09-14T17:39:33.472+0100] {dag.py:2915} INFO - Sync 1 DAGs
[2023-09-14T17:39:33.499+0100] {logging_mixin.py:151} INFO - [2023-09-14T17:39:33.499+0100] {dag.py:3696} INFO - Setting next_dagrun for example_xcom to 2021-01-01T00:00:00+00:00, run_after=2021-01-01T00:00:00+00:00
[2023-09-14T17:39:33.532+0100] {processor.py:179} INFO - Processing /home/joestar/Documents/projects/airflow_etl/airflow_env/lib/python3.8/site-packages/airflow/example_dags/example_xcom.py took 0.094 seconds
[2023-09-14T17:40:14.925+0100] {processor.py:157} INFO - Started process (PID=33315) to work on /home/joestar/Documents/projects/airflow_etl/airflow_env/lib/python3.8/site-packages/airflow/example_dags/example_xcom.py
[2023-09-14T17:40:14.926+0100] {processor.py:829} INFO - Processing file /home/joestar/Documents/projects/airflow_etl/airflow_env/lib/python3.8/site-packages/airflow/example_dags/example_xcom.py for tasks to queue
[2023-09-14T17:40:14.928+0100] {logging_mixin.py:151} INFO - [2023-09-14T17:40:14.928+0100] {dagbag.py:539} INFO - Filling up the DagBag from /home/joestar/Documents/projects/airflow_etl/airflow_env/lib/python3.8/site-packages/airflow/example_dags/example_xcom.py
[2023-09-14T17:40:14.939+0100] {processor.py:839} INFO - DAG(s) dict_keys(['example_xcom']) retrieved from /home/joestar/Documents/projects/airflow_etl/airflow_env/lib/python3.8/site-packages/airflow/example_dags/example_xcom.py
[2023-09-14T17:40:14.954+0100] {logging_mixin.py:151} INFO - [2023-09-14T17:40:14.954+0100] {dag.py:2915} INFO - Sync 1 DAGs
[2023-09-14T17:40:14.971+0100] {logging_mixin.py:151} INFO - [2023-09-14T17:40:14.970+0100] {dag.py:3696} INFO - Setting next_dagrun for example_xcom to 2021-01-01T00:00:00+00:00, run_after=2021-01-01T00:00:00+00:00
[2023-09-14T17:40:14.993+0100] {processor.py:179} INFO - Processing /home/joestar/Documents/projects/airflow_etl/airflow_env/lib/python3.8/site-packages/airflow/example_dags/example_xcom.py took 0.073 seconds
[2023-09-14T17:40:54.128+0100] {processor.py:157} INFO - Started process (PID=33556) to work on /home/joestar/Documents/projects/airflow_etl/airflow_env/lib/python3.8/site-packages/airflow/example_dags/example_xcom.py
[2023-09-14T17:40:54.129+0100] {processor.py:829} INFO - Processing file /home/joestar/Documents/projects/airflow_etl/airflow_env/lib/python3.8/site-packages/airflow/example_dags/example_xcom.py for tasks to queue
[2023-09-14T17:40:54.130+0100] {logging_mixin.py:151} INFO - [2023-09-14T17:40:54.129+0100] {dagbag.py:539} INFO - Filling up the DagBag from /home/joestar/Documents/projects/airflow_etl/airflow_env/lib/python3.8/site-packages/airflow/example_dags/example_xcom.py
[2023-09-14T17:40:54.140+0100] {processor.py:839} INFO - DAG(s) dict_keys(['example_xcom']) retrieved from /home/joestar/Documents/projects/airflow_etl/airflow_env/lib/python3.8/site-packages/airflow/example_dags/example_xcom.py
[2023-09-14T17:40:54.174+0100] {logging_mixin.py:151} INFO - [2023-09-14T17:40:54.174+0100] {dag.py:2915} INFO - Sync 1 DAGs
[2023-09-14T17:40:54.200+0100] {logging_mixin.py:151} INFO - [2023-09-14T17:40:54.200+0100] {dag.py:3696} INFO - Setting next_dagrun for example_xcom to 2021-01-01T00:00:00+00:00, run_after=2021-01-01T00:00:00+00:00
[2023-09-14T17:40:54.229+0100] {processor.py:179} INFO - Processing /home/joestar/Documents/projects/airflow_etl/airflow_env/lib/python3.8/site-packages/airflow/example_dags/example_xcom.py took 0.104 seconds
[2023-09-14T17:41:29.207+0100] {processor.py:157} INFO - Started process (PID=33832) to work on /home/joestar/Documents/projects/airflow_etl/airflow_env/lib/python3.8/site-packages/airflow/example_dags/example_xcom.py
[2023-09-14T17:41:29.209+0100] {processor.py:829} INFO - Processing file /home/joestar/Documents/projects/airflow_etl/airflow_env/lib/python3.8/site-packages/airflow/example_dags/example_xcom.py for tasks to queue
[2023-09-14T17:41:29.213+0100] {logging_mixin.py:151} INFO - [2023-09-14T17:41:29.212+0100] {dagbag.py:539} INFO - Filling up the DagBag from /home/joestar/Documents/projects/airflow_etl/airflow_env/lib/python3.8/site-packages/airflow/example_dags/example_xcom.py
[2023-09-14T17:41:29.223+0100] {processor.py:839} INFO - DAG(s) dict_keys(['example_xcom']) retrieved from /home/joestar/Documents/projects/airflow_etl/airflow_env/lib/python3.8/site-packages/airflow/example_dags/example_xcom.py
[2023-09-14T17:41:29.246+0100] {logging_mixin.py:151} INFO - [2023-09-14T17:41:29.246+0100] {dag.py:2915} INFO - Sync 1 DAGs
[2023-09-14T17:41:29.275+0100] {logging_mixin.py:151} INFO - [2023-09-14T17:41:29.275+0100] {dag.py:3696} INFO - Setting next_dagrun for example_xcom to 2021-01-01T00:00:00+00:00, run_after=2021-01-01T00:00:00+00:00
[2023-09-14T17:41:29.309+0100] {processor.py:179} INFO - Processing /home/joestar/Documents/projects/airflow_etl/airflow_env/lib/python3.8/site-packages/airflow/example_dags/example_xcom.py took 0.105 seconds
[2023-09-14T17:42:06.787+0100] {processor.py:157} INFO - Started process (PID=34017) to work on /home/joestar/Documents/projects/airflow_etl/airflow_env/lib/python3.8/site-packages/airflow/example_dags/example_xcom.py
[2023-09-14T17:42:06.789+0100] {processor.py:829} INFO - Processing file /home/joestar/Documents/projects/airflow_etl/airflow_env/lib/python3.8/site-packages/airflow/example_dags/example_xcom.py for tasks to queue
[2023-09-14T17:42:06.790+0100] {logging_mixin.py:151} INFO - [2023-09-14T17:42:06.789+0100] {dagbag.py:539} INFO - Filling up the DagBag from /home/joestar/Documents/projects/airflow_etl/airflow_env/lib/python3.8/site-packages/airflow/example_dags/example_xcom.py
[2023-09-14T17:42:06.802+0100] {processor.py:839} INFO - DAG(s) dict_keys(['example_xcom']) retrieved from /home/joestar/Documents/projects/airflow_etl/airflow_env/lib/python3.8/site-packages/airflow/example_dags/example_xcom.py
[2023-09-14T17:42:06.840+0100] {logging_mixin.py:151} INFO - [2023-09-14T17:42:06.840+0100] {dag.py:2915} INFO - Sync 1 DAGs
[2023-09-14T17:42:06.874+0100] {logging_mixin.py:151} INFO - [2023-09-14T17:42:06.874+0100] {dag.py:3696} INFO - Setting next_dagrun for example_xcom to 2021-01-01T00:00:00+00:00, run_after=2021-01-01T00:00:00+00:00
[2023-09-14T17:42:06.914+0100] {processor.py:179} INFO - Processing /home/joestar/Documents/projects/airflow_etl/airflow_env/lib/python3.8/site-packages/airflow/example_dags/example_xcom.py took 0.131 seconds
[2023-09-14T17:42:50.391+0100] {processor.py:157} INFO - Started process (PID=34216) to work on /home/joestar/Documents/projects/airflow_etl/airflow_env/lib/python3.8/site-packages/airflow/example_dags/example_xcom.py
[2023-09-14T17:42:50.392+0100] {processor.py:829} INFO - Processing file /home/joestar/Documents/projects/airflow_etl/airflow_env/lib/python3.8/site-packages/airflow/example_dags/example_xcom.py for tasks to queue
[2023-09-14T17:42:50.393+0100] {logging_mixin.py:151} INFO - [2023-09-14T17:42:50.393+0100] {dagbag.py:539} INFO - Filling up the DagBag from /home/joestar/Documents/projects/airflow_etl/airflow_env/lib/python3.8/site-packages/airflow/example_dags/example_xcom.py
[2023-09-14T17:42:50.405+0100] {processor.py:839} INFO - DAG(s) dict_keys(['example_xcom']) retrieved from /home/joestar/Documents/projects/airflow_etl/airflow_env/lib/python3.8/site-packages/airflow/example_dags/example_xcom.py
[2023-09-14T17:42:50.430+0100] {logging_mixin.py:151} INFO - [2023-09-14T17:42:50.430+0100] {dag.py:2915} INFO - Sync 1 DAGs
[2023-09-14T17:42:50.464+0100] {logging_mixin.py:151} INFO - [2023-09-14T17:42:50.464+0100] {dag.py:3696} INFO - Setting next_dagrun for example_xcom to 2021-01-01T00:00:00+00:00, run_after=2021-01-01T00:00:00+00:00
[2023-09-14T17:42:50.498+0100] {processor.py:179} INFO - Processing /home/joestar/Documents/projects/airflow_etl/airflow_env/lib/python3.8/site-packages/airflow/example_dags/example_xcom.py took 0.112 seconds
[2023-09-14T17:43:28.655+0100] {processor.py:157} INFO - Started process (PID=34375) to work on /home/joestar/Documents/projects/airflow_etl/airflow_env/lib/python3.8/site-packages/airflow/example_dags/example_xcom.py
[2023-09-14T17:43:28.656+0100] {processor.py:829} INFO - Processing file /home/joestar/Documents/projects/airflow_etl/airflow_env/lib/python3.8/site-packages/airflow/example_dags/example_xcom.py for tasks to queue
[2023-09-14T17:43:28.657+0100] {logging_mixin.py:151} INFO - [2023-09-14T17:43:28.657+0100] {dagbag.py:539} INFO - Filling up the DagBag from /home/joestar/Documents/projects/airflow_etl/airflow_env/lib/python3.8/site-packages/airflow/example_dags/example_xcom.py
[2023-09-14T17:43:28.667+0100] {processor.py:839} INFO - DAG(s) dict_keys(['example_xcom']) retrieved from /home/joestar/Documents/projects/airflow_etl/airflow_env/lib/python3.8/site-packages/airflow/example_dags/example_xcom.py
[2023-09-14T17:43:28.690+0100] {logging_mixin.py:151} INFO - [2023-09-14T17:43:28.690+0100] {dag.py:2915} INFO - Sync 1 DAGs
[2023-09-14T17:43:28.719+0100] {logging_mixin.py:151} INFO - [2023-09-14T17:43:28.719+0100] {dag.py:3696} INFO - Setting next_dagrun for example_xcom to 2021-01-01T00:00:00+00:00, run_after=2021-01-01T00:00:00+00:00
[2023-09-14T17:43:28.759+0100] {processor.py:179} INFO - Processing /home/joestar/Documents/projects/airflow_etl/airflow_env/lib/python3.8/site-packages/airflow/example_dags/example_xcom.py took 0.108 seconds
[2023-09-14T17:44:08.139+0100] {processor.py:157} INFO - Started process (PID=34600) to work on /home/joestar/Documents/projects/airflow_etl/airflow_env/lib/python3.8/site-packages/airflow/example_dags/example_xcom.py
[2023-09-14T17:44:08.140+0100] {processor.py:829} INFO - Processing file /home/joestar/Documents/projects/airflow_etl/airflow_env/lib/python3.8/site-packages/airflow/example_dags/example_xcom.py for tasks to queue
[2023-09-14T17:44:08.141+0100] {logging_mixin.py:151} INFO - [2023-09-14T17:44:08.140+0100] {dagbag.py:539} INFO - Filling up the DagBag from /home/joestar/Documents/projects/airflow_etl/airflow_env/lib/python3.8/site-packages/airflow/example_dags/example_xcom.py
[2023-09-14T17:44:08.151+0100] {processor.py:839} INFO - DAG(s) dict_keys(['example_xcom']) retrieved from /home/joestar/Documents/projects/airflow_etl/airflow_env/lib/python3.8/site-packages/airflow/example_dags/example_xcom.py
[2023-09-14T17:44:08.174+0100] {logging_mixin.py:151} INFO - [2023-09-14T17:44:08.174+0100] {dag.py:2915} INFO - Sync 1 DAGs
[2023-09-14T17:44:08.199+0100] {logging_mixin.py:151} INFO - [2023-09-14T17:44:08.199+0100] {dag.py:3696} INFO - Setting next_dagrun for example_xcom to 2021-01-01T00:00:00+00:00, run_after=2021-01-01T00:00:00+00:00
[2023-09-14T17:44:08.228+0100] {processor.py:179} INFO - Processing /home/joestar/Documents/projects/airflow_etl/airflow_env/lib/python3.8/site-packages/airflow/example_dags/example_xcom.py took 0.093 seconds
[2023-09-14T17:44:50.287+0100] {processor.py:157} INFO - Started process (PID=34789) to work on /home/joestar/Documents/projects/airflow_etl/airflow_env/lib/python3.8/site-packages/airflow/example_dags/example_xcom.py
[2023-09-14T17:44:50.288+0100] {processor.py:829} INFO - Processing file /home/joestar/Documents/projects/airflow_etl/airflow_env/lib/python3.8/site-packages/airflow/example_dags/example_xcom.py for tasks to queue
[2023-09-14T17:44:50.289+0100] {logging_mixin.py:151} INFO - [2023-09-14T17:44:50.289+0100] {dagbag.py:539} INFO - Filling up the DagBag from /home/joestar/Documents/projects/airflow_etl/airflow_env/lib/python3.8/site-packages/airflow/example_dags/example_xcom.py
[2023-09-14T17:44:50.301+0100] {processor.py:839} INFO - DAG(s) dict_keys(['example_xcom']) retrieved from /home/joestar/Documents/projects/airflow_etl/airflow_env/lib/python3.8/site-packages/airflow/example_dags/example_xcom.py
[2023-09-14T17:44:50.323+0100] {logging_mixin.py:151} INFO - [2023-09-14T17:44:50.323+0100] {dag.py:2915} INFO - Sync 1 DAGs
[2023-09-14T17:44:50.349+0100] {logging_mixin.py:151} INFO - [2023-09-14T17:44:50.349+0100] {dag.py:3696} INFO - Setting next_dagrun for example_xcom to 2021-01-01T00:00:00+00:00, run_after=2021-01-01T00:00:00+00:00
[2023-09-14T17:44:50.379+0100] {processor.py:179} INFO - Processing /home/joestar/Documents/projects/airflow_etl/airflow_env/lib/python3.8/site-packages/airflow/example_dags/example_xcom.py took 0.096 seconds
[2023-09-14T17:45:30.824+0100] {processor.py:157} INFO - Started process (PID=34955) to work on /home/joestar/Documents/projects/airflow_etl/airflow_env/lib/python3.8/site-packages/airflow/example_dags/example_xcom.py
[2023-09-14T17:45:30.826+0100] {processor.py:829} INFO - Processing file /home/joestar/Documents/projects/airflow_etl/airflow_env/lib/python3.8/site-packages/airflow/example_dags/example_xcom.py for tasks to queue
[2023-09-14T17:45:30.827+0100] {logging_mixin.py:151} INFO - [2023-09-14T17:45:30.826+0100] {dagbag.py:539} INFO - Filling up the DagBag from /home/joestar/Documents/projects/airflow_etl/airflow_env/lib/python3.8/site-packages/airflow/example_dags/example_xcom.py
[2023-09-14T17:45:30.837+0100] {processor.py:839} INFO - DAG(s) dict_keys(['example_xcom']) retrieved from /home/joestar/Documents/projects/airflow_etl/airflow_env/lib/python3.8/site-packages/airflow/example_dags/example_xcom.py
[2023-09-14T17:45:30.854+0100] {logging_mixin.py:151} INFO - [2023-09-14T17:45:30.854+0100] {dag.py:2915} INFO - Sync 1 DAGs
[2023-09-14T17:45:30.876+0100] {logging_mixin.py:151} INFO - [2023-09-14T17:45:30.876+0100] {dag.py:3696} INFO - Setting next_dagrun for example_xcom to 2021-01-01T00:00:00+00:00, run_after=2021-01-01T00:00:00+00:00
[2023-09-14T17:45:30.913+0100] {processor.py:179} INFO - Processing /home/joestar/Documents/projects/airflow_etl/airflow_env/lib/python3.8/site-packages/airflow/example_dags/example_xcom.py took 0.092 seconds
[2023-09-14T17:46:13.153+0100] {processor.py:157} INFO - Started process (PID=35156) to work on /home/joestar/Documents/projects/airflow_etl/airflow_env/lib/python3.8/site-packages/airflow/example_dags/example_xcom.py
[2023-09-14T17:46:13.154+0100] {processor.py:829} INFO - Processing file /home/joestar/Documents/projects/airflow_etl/airflow_env/lib/python3.8/site-packages/airflow/example_dags/example_xcom.py for tasks to queue
[2023-09-14T17:46:13.155+0100] {logging_mixin.py:151} INFO - [2023-09-14T17:46:13.154+0100] {dagbag.py:539} INFO - Filling up the DagBag from /home/joestar/Documents/projects/airflow_etl/airflow_env/lib/python3.8/site-packages/airflow/example_dags/example_xcom.py
[2023-09-14T17:46:13.165+0100] {processor.py:839} INFO - DAG(s) dict_keys(['example_xcom']) retrieved from /home/joestar/Documents/projects/airflow_etl/airflow_env/lib/python3.8/site-packages/airflow/example_dags/example_xcom.py
[2023-09-14T17:46:13.187+0100] {logging_mixin.py:151} INFO - [2023-09-14T17:46:13.186+0100] {dag.py:2915} INFO - Sync 1 DAGs
[2023-09-14T17:46:13.215+0100] {logging_mixin.py:151} INFO - [2023-09-14T17:46:13.215+0100] {dag.py:3696} INFO - Setting next_dagrun for example_xcom to 2021-01-01T00:00:00+00:00, run_after=2021-01-01T00:00:00+00:00
[2023-09-14T17:46:13.246+0100] {processor.py:179} INFO - Processing /home/joestar/Documents/projects/airflow_etl/airflow_env/lib/python3.8/site-packages/airflow/example_dags/example_xcom.py took 0.097 seconds
[2023-09-14T17:46:57.270+0100] {processor.py:157} INFO - Started process (PID=35321) to work on /home/joestar/Documents/projects/airflow_etl/airflow_env/lib/python3.8/site-packages/airflow/example_dags/example_xcom.py
[2023-09-14T17:46:57.272+0100] {processor.py:829} INFO - Processing file /home/joestar/Documents/projects/airflow_etl/airflow_env/lib/python3.8/site-packages/airflow/example_dags/example_xcom.py for tasks to queue
[2023-09-14T17:46:57.274+0100] {logging_mixin.py:151} INFO - [2023-09-14T17:46:57.273+0100] {dagbag.py:539} INFO - Filling up the DagBag from /home/joestar/Documents/projects/airflow_etl/airflow_env/lib/python3.8/site-packages/airflow/example_dags/example_xcom.py
[2023-09-14T17:46:57.285+0100] {processor.py:839} INFO - DAG(s) dict_keys(['example_xcom']) retrieved from /home/joestar/Documents/projects/airflow_etl/airflow_env/lib/python3.8/site-packages/airflow/example_dags/example_xcom.py
[2023-09-14T17:46:57.312+0100] {logging_mixin.py:151} INFO - [2023-09-14T17:46:57.312+0100] {dag.py:2915} INFO - Sync 1 DAGs
[2023-09-14T17:46:57.347+0100] {logging_mixin.py:151} INFO - [2023-09-14T17:46:57.347+0100] {dag.py:3696} INFO - Setting next_dagrun for example_xcom to 2021-01-01T00:00:00+00:00, run_after=2021-01-01T00:00:00+00:00
[2023-09-14T17:46:57.412+0100] {processor.py:179} INFO - Processing /home/joestar/Documents/projects/airflow_etl/airflow_env/lib/python3.8/site-packages/airflow/example_dags/example_xcom.py took 0.148 seconds
[2023-09-14T17:47:51.852+0100] {processor.py:157} INFO - Started process (PID=35534) to work on /home/joestar/Documents/projects/airflow_etl/airflow_env/lib/python3.8/site-packages/airflow/example_dags/example_xcom.py
[2023-09-14T17:47:51.853+0100] {processor.py:829} INFO - Processing file /home/joestar/Documents/projects/airflow_etl/airflow_env/lib/python3.8/site-packages/airflow/example_dags/example_xcom.py for tasks to queue
[2023-09-14T17:47:51.854+0100] {logging_mixin.py:151} INFO - [2023-09-14T17:47:51.854+0100] {dagbag.py:539} INFO - Filling up the DagBag from /home/joestar/Documents/projects/airflow_etl/airflow_env/lib/python3.8/site-packages/airflow/example_dags/example_xcom.py
[2023-09-14T17:47:51.868+0100] {processor.py:839} INFO - DAG(s) dict_keys(['example_xcom']) retrieved from /home/joestar/Documents/projects/airflow_etl/airflow_env/lib/python3.8/site-packages/airflow/example_dags/example_xcom.py
[2023-09-14T17:47:51.895+0100] {logging_mixin.py:151} INFO - [2023-09-14T17:47:51.895+0100] {dag.py:2915} INFO - Sync 1 DAGs
[2023-09-14T17:47:51.931+0100] {logging_mixin.py:151} INFO - [2023-09-14T17:47:51.931+0100] {dag.py:3696} INFO - Setting next_dagrun for example_xcom to 2021-01-01T00:00:00+00:00, run_after=2021-01-01T00:00:00+00:00
[2023-09-14T17:47:51.971+0100] {processor.py:179} INFO - Processing /home/joestar/Documents/projects/airflow_etl/airflow_env/lib/python3.8/site-packages/airflow/example_dags/example_xcom.py took 0.123 seconds
[2023-09-14T17:48:36.560+0100] {processor.py:157} INFO - Started process (PID=35714) to work on /home/joestar/Documents/projects/airflow_etl/airflow_env/lib/python3.8/site-packages/airflow/example_dags/example_xcom.py
[2023-09-14T17:48:36.561+0100] {processor.py:829} INFO - Processing file /home/joestar/Documents/projects/airflow_etl/airflow_env/lib/python3.8/site-packages/airflow/example_dags/example_xcom.py for tasks to queue
[2023-09-14T17:48:36.562+0100] {logging_mixin.py:151} INFO - [2023-09-14T17:48:36.562+0100] {dagbag.py:539} INFO - Filling up the DagBag from /home/joestar/Documents/projects/airflow_etl/airflow_env/lib/python3.8/site-packages/airflow/example_dags/example_xcom.py
[2023-09-14T17:48:36.569+0100] {processor.py:839} INFO - DAG(s) dict_keys(['example_xcom']) retrieved from /home/joestar/Documents/projects/airflow_etl/airflow_env/lib/python3.8/site-packages/airflow/example_dags/example_xcom.py
[2023-09-14T17:48:36.589+0100] {logging_mixin.py:151} INFO - [2023-09-14T17:48:36.589+0100] {dag.py:2915} INFO - Sync 1 DAGs
[2023-09-14T17:48:36.608+0100] {logging_mixin.py:151} INFO - [2023-09-14T17:48:36.608+0100] {dag.py:3696} INFO - Setting next_dagrun for example_xcom to 2021-01-01T00:00:00+00:00, run_after=2021-01-01T00:00:00+00:00
[2023-09-14T17:48:36.641+0100] {processor.py:179} INFO - Processing /home/joestar/Documents/projects/airflow_etl/airflow_env/lib/python3.8/site-packages/airflow/example_dags/example_xcom.py took 0.084 seconds
[2023-09-14T17:49:27.103+0100] {processor.py:157} INFO - Started process (PID=35927) to work on /home/joestar/Documents/projects/airflow_etl/airflow_env/lib/python3.8/site-packages/airflow/example_dags/example_xcom.py
[2023-09-14T17:49:27.104+0100] {processor.py:829} INFO - Processing file /home/joestar/Documents/projects/airflow_etl/airflow_env/lib/python3.8/site-packages/airflow/example_dags/example_xcom.py for tasks to queue
[2023-09-14T17:49:27.105+0100] {logging_mixin.py:151} INFO - [2023-09-14T17:49:27.104+0100] {dagbag.py:539} INFO - Filling up the DagBag from /home/joestar/Documents/projects/airflow_etl/airflow_env/lib/python3.8/site-packages/airflow/example_dags/example_xcom.py
[2023-09-14T17:49:27.114+0100] {processor.py:839} INFO - DAG(s) dict_keys(['example_xcom']) retrieved from /home/joestar/Documents/projects/airflow_etl/airflow_env/lib/python3.8/site-packages/airflow/example_dags/example_xcom.py
[2023-09-14T17:49:27.137+0100] {logging_mixin.py:151} INFO - [2023-09-14T17:49:27.137+0100] {dag.py:2915} INFO - Sync 1 DAGs
[2023-09-14T17:49:27.162+0100] {logging_mixin.py:151} INFO - [2023-09-14T17:49:27.162+0100] {dag.py:3696} INFO - Setting next_dagrun for example_xcom to 2021-01-01T00:00:00+00:00, run_after=2021-01-01T00:00:00+00:00
[2023-09-14T17:49:27.193+0100] {processor.py:179} INFO - Processing /home/joestar/Documents/projects/airflow_etl/airflow_env/lib/python3.8/site-packages/airflow/example_dags/example_xcom.py took 0.093 seconds
[2023-09-14T17:50:08.751+0100] {processor.py:157} INFO - Started process (PID=36110) to work on /home/joestar/Documents/projects/airflow_etl/airflow_env/lib/python3.8/site-packages/airflow/example_dags/example_xcom.py
[2023-09-14T17:50:08.752+0100] {processor.py:829} INFO - Processing file /home/joestar/Documents/projects/airflow_etl/airflow_env/lib/python3.8/site-packages/airflow/example_dags/example_xcom.py for tasks to queue
[2023-09-14T17:50:08.753+0100] {logging_mixin.py:151} INFO - [2023-09-14T17:50:08.752+0100] {dagbag.py:539} INFO - Filling up the DagBag from /home/joestar/Documents/projects/airflow_etl/airflow_env/lib/python3.8/site-packages/airflow/example_dags/example_xcom.py
[2023-09-14T17:50:08.759+0100] {processor.py:839} INFO - DAG(s) dict_keys(['example_xcom']) retrieved from /home/joestar/Documents/projects/airflow_etl/airflow_env/lib/python3.8/site-packages/airflow/example_dags/example_xcom.py
[2023-09-14T17:50:08.775+0100] {logging_mixin.py:151} INFO - [2023-09-14T17:50:08.775+0100] {dag.py:2915} INFO - Sync 1 DAGs
[2023-09-14T17:50:08.794+0100] {logging_mixin.py:151} INFO - [2023-09-14T17:50:08.794+0100] {dag.py:3696} INFO - Setting next_dagrun for example_xcom to 2021-01-01T00:00:00+00:00, run_after=2021-01-01T00:00:00+00:00
[2023-09-14T17:50:08.820+0100] {processor.py:179} INFO - Processing /home/joestar/Documents/projects/airflow_etl/airflow_env/lib/python3.8/site-packages/airflow/example_dags/example_xcom.py took 0.072 seconds
[2023-09-14T17:50:58.484+0100] {processor.py:157} INFO - Started process (PID=36325) to work on /home/joestar/Documents/projects/airflow_etl/airflow_env/lib/python3.8/site-packages/airflow/example_dags/example_xcom.py
[2023-09-14T17:50:58.487+0100] {processor.py:829} INFO - Processing file /home/joestar/Documents/projects/airflow_etl/airflow_env/lib/python3.8/site-packages/airflow/example_dags/example_xcom.py for tasks to queue
[2023-09-14T17:50:58.489+0100] {logging_mixin.py:151} INFO - [2023-09-14T17:50:58.488+0100] {dagbag.py:539} INFO - Filling up the DagBag from /home/joestar/Documents/projects/airflow_etl/airflow_env/lib/python3.8/site-packages/airflow/example_dags/example_xcom.py
[2023-09-14T17:50:58.507+0100] {processor.py:839} INFO - DAG(s) dict_keys(['example_xcom']) retrieved from /home/joestar/Documents/projects/airflow_etl/airflow_env/lib/python3.8/site-packages/airflow/example_dags/example_xcom.py
[2023-09-14T17:50:58.558+0100] {logging_mixin.py:151} INFO - [2023-09-14T17:50:58.557+0100] {dag.py:2915} INFO - Sync 1 DAGs
[2023-09-14T17:50:58.626+0100] {logging_mixin.py:151} INFO - [2023-09-14T17:50:58.625+0100] {dag.py:3696} INFO - Setting next_dagrun for example_xcom to 2021-01-01T00:00:00+00:00, run_after=2021-01-01T00:00:00+00:00
[2023-09-14T17:50:58.679+0100] {processor.py:179} INFO - Processing /home/joestar/Documents/projects/airflow_etl/airflow_env/lib/python3.8/site-packages/airflow/example_dags/example_xcom.py took 0.200 seconds
[2023-09-14T17:51:38.129+0100] {processor.py:157} INFO - Started process (PID=36517) to work on /home/joestar/Documents/projects/airflow_etl/airflow_env/lib/python3.8/site-packages/airflow/example_dags/example_xcom.py
[2023-09-14T17:51:38.130+0100] {processor.py:829} INFO - Processing file /home/joestar/Documents/projects/airflow_etl/airflow_env/lib/python3.8/site-packages/airflow/example_dags/example_xcom.py for tasks to queue
[2023-09-14T17:51:38.131+0100] {logging_mixin.py:151} INFO - [2023-09-14T17:51:38.131+0100] {dagbag.py:539} INFO - Filling up the DagBag from /home/joestar/Documents/projects/airflow_etl/airflow_env/lib/python3.8/site-packages/airflow/example_dags/example_xcom.py
[2023-09-14T17:51:38.142+0100] {processor.py:839} INFO - DAG(s) dict_keys(['example_xcom']) retrieved from /home/joestar/Documents/projects/airflow_etl/airflow_env/lib/python3.8/site-packages/airflow/example_dags/example_xcom.py
[2023-09-14T17:51:38.159+0100] {logging_mixin.py:151} INFO - [2023-09-14T17:51:38.159+0100] {dag.py:2915} INFO - Sync 1 DAGs
[2023-09-14T17:51:38.181+0100] {logging_mixin.py:151} INFO - [2023-09-14T17:51:38.181+0100] {dag.py:3696} INFO - Setting next_dagrun for example_xcom to 2021-01-01T00:00:00+00:00, run_after=2021-01-01T00:00:00+00:00
[2023-09-14T17:51:38.213+0100] {processor.py:179} INFO - Processing /home/joestar/Documents/projects/airflow_etl/airflow_env/lib/python3.8/site-packages/airflow/example_dags/example_xcom.py took 0.087 seconds
[2023-09-14T17:52:18.891+0100] {processor.py:157} INFO - Started process (PID=36698) to work on /home/joestar/Documents/projects/airflow_etl/airflow_env/lib/python3.8/site-packages/airflow/example_dags/example_xcom.py
[2023-09-14T17:52:18.892+0100] {processor.py:829} INFO - Processing file /home/joestar/Documents/projects/airflow_etl/airflow_env/lib/python3.8/site-packages/airflow/example_dags/example_xcom.py for tasks to queue
[2023-09-14T17:52:18.893+0100] {logging_mixin.py:151} INFO - [2023-09-14T17:52:18.892+0100] {dagbag.py:539} INFO - Filling up the DagBag from /home/joestar/Documents/projects/airflow_etl/airflow_env/lib/python3.8/site-packages/airflow/example_dags/example_xcom.py
[2023-09-14T17:52:18.901+0100] {processor.py:839} INFO - DAG(s) dict_keys(['example_xcom']) retrieved from /home/joestar/Documents/projects/airflow_etl/airflow_env/lib/python3.8/site-packages/airflow/example_dags/example_xcom.py
[2023-09-14T17:52:18.922+0100] {logging_mixin.py:151} INFO - [2023-09-14T17:52:18.922+0100] {dag.py:2915} INFO - Sync 1 DAGs
[2023-09-14T17:52:18.943+0100] {logging_mixin.py:151} INFO - [2023-09-14T17:52:18.942+0100] {dag.py:3696} INFO - Setting next_dagrun for example_xcom to 2021-01-01T00:00:00+00:00, run_after=2021-01-01T00:00:00+00:00
[2023-09-14T17:52:18.974+0100] {processor.py:179} INFO - Processing /home/joestar/Documents/projects/airflow_etl/airflow_env/lib/python3.8/site-packages/airflow/example_dags/example_xcom.py took 0.085 seconds
[2023-09-14T17:52:57.307+0100] {processor.py:157} INFO - Started process (PID=36856) to work on /home/joestar/Documents/projects/airflow_etl/airflow_env/lib/python3.8/site-packages/airflow/example_dags/example_xcom.py
[2023-09-14T17:52:57.308+0100] {processor.py:829} INFO - Processing file /home/joestar/Documents/projects/airflow_etl/airflow_env/lib/python3.8/site-packages/airflow/example_dags/example_xcom.py for tasks to queue
[2023-09-14T17:52:57.309+0100] {logging_mixin.py:151} INFO - [2023-09-14T17:52:57.308+0100] {dagbag.py:539} INFO - Filling up the DagBag from /home/joestar/Documents/projects/airflow_etl/airflow_env/lib/python3.8/site-packages/airflow/example_dags/example_xcom.py
[2023-09-14T17:52:57.317+0100] {processor.py:839} INFO - DAG(s) dict_keys(['example_xcom']) retrieved from /home/joestar/Documents/projects/airflow_etl/airflow_env/lib/python3.8/site-packages/airflow/example_dags/example_xcom.py
[2023-09-14T17:52:57.341+0100] {logging_mixin.py:151} INFO - [2023-09-14T17:52:57.341+0100] {dag.py:2915} INFO - Sync 1 DAGs
[2023-09-14T17:52:57.365+0100] {logging_mixin.py:151} INFO - [2023-09-14T17:52:57.365+0100] {dag.py:3696} INFO - Setting next_dagrun for example_xcom to 2021-01-01T00:00:00+00:00, run_after=2021-01-01T00:00:00+00:00
[2023-09-14T17:52:57.398+0100] {processor.py:179} INFO - Processing /home/joestar/Documents/projects/airflow_etl/airflow_env/lib/python3.8/site-packages/airflow/example_dags/example_xcom.py took 0.094 seconds
[2023-09-14T18:02:59.272+0100] {processor.py:157} INFO - Started process (PID=38687) to work on /home/joestar/Documents/projects/airflow_etl/airflow_env/lib/python3.8/site-packages/airflow/example_dags/example_xcom.py
[2023-09-14T18:02:59.273+0100] {processor.py:829} INFO - Processing file /home/joestar/Documents/projects/airflow_etl/airflow_env/lib/python3.8/site-packages/airflow/example_dags/example_xcom.py for tasks to queue
[2023-09-14T18:02:59.274+0100] {logging_mixin.py:151} INFO - [2023-09-14T18:02:59.274+0100] {dagbag.py:539} INFO - Filling up the DagBag from /home/joestar/Documents/projects/airflow_etl/airflow_env/lib/python3.8/site-packages/airflow/example_dags/example_xcom.py
[2023-09-14T18:02:59.282+0100] {processor.py:839} INFO - DAG(s) dict_keys(['example_xcom']) retrieved from /home/joestar/Documents/projects/airflow_etl/airflow_env/lib/python3.8/site-packages/airflow/example_dags/example_xcom.py
[2023-09-14T18:02:59.303+0100] {logging_mixin.py:151} INFO - [2023-09-14T18:02:59.303+0100] {dag.py:2915} INFO - Sync 1 DAGs
[2023-09-14T18:02:59.324+0100] {logging_mixin.py:151} INFO - [2023-09-14T18:02:59.323+0100] {dag.py:3696} INFO - Setting next_dagrun for example_xcom to 2021-01-01T00:00:00+00:00, run_after=2021-01-01T00:00:00+00:00
[2023-09-14T18:02:59.361+0100] {processor.py:179} INFO - Processing /home/joestar/Documents/projects/airflow_etl/airflow_env/lib/python3.8/site-packages/airflow/example_dags/example_xcom.py took 0.092 seconds
[2023-09-14T18:03:51.698+0100] {processor.py:157} INFO - Started process (PID=38921) to work on /home/joestar/Documents/projects/airflow_etl/airflow_env/lib/python3.8/site-packages/airflow/example_dags/example_xcom.py
[2023-09-14T18:03:51.700+0100] {processor.py:829} INFO - Processing file /home/joestar/Documents/projects/airflow_etl/airflow_env/lib/python3.8/site-packages/airflow/example_dags/example_xcom.py for tasks to queue
[2023-09-14T18:03:51.701+0100] {logging_mixin.py:151} INFO - [2023-09-14T18:03:51.700+0100] {dagbag.py:539} INFO - Filling up the DagBag from /home/joestar/Documents/projects/airflow_etl/airflow_env/lib/python3.8/site-packages/airflow/example_dags/example_xcom.py
[2023-09-14T18:03:51.710+0100] {processor.py:839} INFO - DAG(s) dict_keys(['example_xcom']) retrieved from /home/joestar/Documents/projects/airflow_etl/airflow_env/lib/python3.8/site-packages/airflow/example_dags/example_xcom.py
[2023-09-14T18:03:51.731+0100] {logging_mixin.py:151} INFO - [2023-09-14T18:03:51.731+0100] {dag.py:2915} INFO - Sync 1 DAGs
[2023-09-14T18:03:51.760+0100] {logging_mixin.py:151} INFO - [2023-09-14T18:03:51.759+0100] {dag.py:3696} INFO - Setting next_dagrun for example_xcom to 2021-01-01T00:00:00+00:00, run_after=2021-01-01T00:00:00+00:00
[2023-09-14T18:03:51.793+0100] {processor.py:179} INFO - Processing /home/joestar/Documents/projects/airflow_etl/airflow_env/lib/python3.8/site-packages/airflow/example_dags/example_xcom.py took 0.099 seconds
[2023-09-14T18:04:35.203+0100] {processor.py:157} INFO - Started process (PID=39128) to work on /home/joestar/Documents/projects/airflow_etl/airflow_env/lib/python3.8/site-packages/airflow/example_dags/example_xcom.py
[2023-09-14T18:04:35.204+0100] {processor.py:829} INFO - Processing file /home/joestar/Documents/projects/airflow_etl/airflow_env/lib/python3.8/site-packages/airflow/example_dags/example_xcom.py for tasks to queue
[2023-09-14T18:04:35.206+0100] {logging_mixin.py:151} INFO - [2023-09-14T18:04:35.205+0100] {dagbag.py:539} INFO - Filling up the DagBag from /home/joestar/Documents/projects/airflow_etl/airflow_env/lib/python3.8/site-packages/airflow/example_dags/example_xcom.py
[2023-09-14T18:04:35.215+0100] {processor.py:839} INFO - DAG(s) dict_keys(['example_xcom']) retrieved from /home/joestar/Documents/projects/airflow_etl/airflow_env/lib/python3.8/site-packages/airflow/example_dags/example_xcom.py
[2023-09-14T18:04:35.245+0100] {logging_mixin.py:151} INFO - [2023-09-14T18:04:35.244+0100] {dag.py:2915} INFO - Sync 1 DAGs
[2023-09-14T18:04:35.275+0100] {logging_mixin.py:151} INFO - [2023-09-14T18:04:35.275+0100] {dag.py:3696} INFO - Setting next_dagrun for example_xcom to 2021-01-01T00:00:00+00:00, run_after=2021-01-01T00:00:00+00:00
[2023-09-14T18:04:35.310+0100] {processor.py:179} INFO - Processing /home/joestar/Documents/projects/airflow_etl/airflow_env/lib/python3.8/site-packages/airflow/example_dags/example_xcom.py took 0.111 seconds
