[2023-09-14T17:11:58.892+0100] {processor.py:157} INFO - Started process (PID=24218) to work on /home/joestar/Documents/projects/airflow_etl/airflow_env/lib/python3.8/site-packages/airflow/example_dags/tutorial_dag.py
[2023-09-14T17:11:58.893+0100] {processor.py:829} INFO - Processing file /home/joestar/Documents/projects/airflow_etl/airflow_env/lib/python3.8/site-packages/airflow/example_dags/tutorial_dag.py for tasks to queue
[2023-09-14T17:11:58.894+0100] {logging_mixin.py:151} INFO - [2023-09-14T17:11:58.894+0100] {dagbag.py:539} INFO - Filling up the DagBag from /home/joestar/Documents/projects/airflow_etl/airflow_env/lib/python3.8/site-packages/airflow/example_dags/tutorial_dag.py
[2023-09-14T17:11:58.899+0100] {processor.py:839} INFO - DAG(s) dict_keys(['tutorial_dag']) retrieved from /home/joestar/Documents/projects/airflow_etl/airflow_env/lib/python3.8/site-packages/airflow/example_dags/tutorial_dag.py
[2023-09-14T17:11:59.000+0100] {logging_mixin.py:151} INFO - [2023-09-14T17:11:58.999+0100] {manager.py:499} INFO - Created Permission View: %s
[2023-09-14T17:11:59.015+0100] {logging_mixin.py:151} INFO - [2023-09-14T17:11:59.015+0100] {manager.py:499} INFO - Created Permission View: %s
[2023-09-14T17:11:59.029+0100] {logging_mixin.py:151} INFO - [2023-09-14T17:11:59.028+0100] {manager.py:499} INFO - Created Permission View: %s
[2023-09-14T17:11:59.030+0100] {logging_mixin.py:151} INFO - [2023-09-14T17:11:59.029+0100] {security.py:708} INFO - Not syncing DAG-level permissions for DAG 'DAG:tutorial_dag' as access control is unset.
[2023-09-14T17:11:59.031+0100] {logging_mixin.py:151} INFO - [2023-09-14T17:11:59.030+0100] {dag.py:2915} INFO - Sync 1 DAGs
[2023-09-14T17:11:59.061+0100] {logging_mixin.py:151} INFO - [2023-09-14T17:11:59.061+0100] {dag.py:2937} INFO - Creating ORM DAG for tutorial_dag
[2023-09-14T17:11:59.061+0100] {logging_mixin.py:151} INFO - [2023-09-14T17:11:59.061+0100] {dag.py:3696} INFO - Setting next_dagrun for tutorial_dag to None, run_after=None
[2023-09-14T17:11:59.089+0100] {processor.py:179} INFO - Processing /home/joestar/Documents/projects/airflow_etl/airflow_env/lib/python3.8/site-packages/airflow/example_dags/tutorial_dag.py took 0.200 seconds
[2023-09-14T17:12:53.880+0100] {processor.py:157} INFO - Started process (PID=24626) to work on /home/joestar/Documents/projects/airflow_etl/airflow_env/lib/python3.8/site-packages/airflow/example_dags/tutorial_dag.py
[2023-09-14T17:12:53.881+0100] {processor.py:829} INFO - Processing file /home/joestar/Documents/projects/airflow_etl/airflow_env/lib/python3.8/site-packages/airflow/example_dags/tutorial_dag.py for tasks to queue
[2023-09-14T17:12:53.882+0100] {logging_mixin.py:151} INFO - [2023-09-14T17:12:53.882+0100] {dagbag.py:539} INFO - Filling up the DagBag from /home/joestar/Documents/projects/airflow_etl/airflow_env/lib/python3.8/site-packages/airflow/example_dags/tutorial_dag.py
[2023-09-14T17:12:53.888+0100] {processor.py:839} INFO - DAG(s) dict_keys(['tutorial_dag']) retrieved from /home/joestar/Documents/projects/airflow_etl/airflow_env/lib/python3.8/site-packages/airflow/example_dags/tutorial_dag.py
[2023-09-14T17:12:53.907+0100] {logging_mixin.py:151} INFO - [2023-09-14T17:12:53.907+0100] {dag.py:2915} INFO - Sync 1 DAGs
[2023-09-14T17:12:53.921+0100] {logging_mixin.py:151} INFO - [2023-09-14T17:12:53.921+0100] {dag.py:3696} INFO - Setting next_dagrun for tutorial_dag to None, run_after=None
[2023-09-14T17:12:53.952+0100] {processor.py:179} INFO - Processing /home/joestar/Documents/projects/airflow_etl/airflow_env/lib/python3.8/site-packages/airflow/example_dags/tutorial_dag.py took 0.075 seconds
[2023-09-14T17:13:40.276+0100] {processor.py:157} INFO - Started process (PID=24950) to work on /home/joestar/Documents/projects/airflow_etl/airflow_env/lib/python3.8/site-packages/airflow/example_dags/tutorial_dag.py
[2023-09-14T17:13:40.278+0100] {processor.py:829} INFO - Processing file /home/joestar/Documents/projects/airflow_etl/airflow_env/lib/python3.8/site-packages/airflow/example_dags/tutorial_dag.py for tasks to queue
[2023-09-14T17:13:40.280+0100] {logging_mixin.py:151} INFO - [2023-09-14T17:13:40.279+0100] {dagbag.py:539} INFO - Filling up the DagBag from /home/joestar/Documents/projects/airflow_etl/airflow_env/lib/python3.8/site-packages/airflow/example_dags/tutorial_dag.py
[2023-09-14T17:13:40.289+0100] {processor.py:839} INFO - DAG(s) dict_keys(['tutorial_dag']) retrieved from /home/joestar/Documents/projects/airflow_etl/airflow_env/lib/python3.8/site-packages/airflow/example_dags/tutorial_dag.py
[2023-09-14T17:13:40.321+0100] {logging_mixin.py:151} INFO - [2023-09-14T17:13:40.320+0100] {dag.py:2915} INFO - Sync 1 DAGs
[2023-09-14T17:13:40.339+0100] {logging_mixin.py:151} INFO - [2023-09-14T17:13:40.339+0100] {dag.py:3696} INFO - Setting next_dagrun for tutorial_dag to None, run_after=None
[2023-09-14T17:13:40.369+0100] {processor.py:179} INFO - Processing /home/joestar/Documents/projects/airflow_etl/airflow_env/lib/python3.8/site-packages/airflow/example_dags/tutorial_dag.py took 0.097 seconds
[2023-09-14T17:14:18.161+0100] {processor.py:157} INFO - Started process (PID=25166) to work on /home/joestar/Documents/projects/airflow_etl/airflow_env/lib/python3.8/site-packages/airflow/example_dags/tutorial_dag.py
[2023-09-14T17:14:18.167+0100] {processor.py:829} INFO - Processing file /home/joestar/Documents/projects/airflow_etl/airflow_env/lib/python3.8/site-packages/airflow/example_dags/tutorial_dag.py for tasks to queue
[2023-09-14T17:14:18.175+0100] {logging_mixin.py:151} INFO - [2023-09-14T17:14:18.172+0100] {dagbag.py:539} INFO - Filling up the DagBag from /home/joestar/Documents/projects/airflow_etl/airflow_env/lib/python3.8/site-packages/airflow/example_dags/tutorial_dag.py
[2023-09-14T17:14:18.212+0100] {processor.py:839} INFO - DAG(s) dict_keys(['tutorial_dag']) retrieved from /home/joestar/Documents/projects/airflow_etl/airflow_env/lib/python3.8/site-packages/airflow/example_dags/tutorial_dag.py
[2023-09-14T17:14:18.249+0100] {logging_mixin.py:151} INFO - [2023-09-14T17:14:18.248+0100] {dag.py:2915} INFO - Sync 1 DAGs
[2023-09-14T17:14:18.268+0100] {logging_mixin.py:151} INFO - [2023-09-14T17:14:18.267+0100] {dag.py:3696} INFO - Setting next_dagrun for tutorial_dag to None, run_after=None
[2023-09-14T17:14:18.292+0100] {processor.py:179} INFO - Processing /home/joestar/Documents/projects/airflow_etl/airflow_env/lib/python3.8/site-packages/airflow/example_dags/tutorial_dag.py took 0.154 seconds
[2023-09-14T17:14:54.231+0100] {processor.py:157} INFO - Started process (PID=25717) to work on /home/joestar/Documents/projects/airflow_etl/airflow_env/lib/python3.8/site-packages/airflow/example_dags/tutorial_dag.py
[2023-09-14T17:14:54.233+0100] {processor.py:829} INFO - Processing file /home/joestar/Documents/projects/airflow_etl/airflow_env/lib/python3.8/site-packages/airflow/example_dags/tutorial_dag.py for tasks to queue
[2023-09-14T17:14:54.234+0100] {logging_mixin.py:151} INFO - [2023-09-14T17:14:54.233+0100] {dagbag.py:539} INFO - Filling up the DagBag from /home/joestar/Documents/projects/airflow_etl/airflow_env/lib/python3.8/site-packages/airflow/example_dags/tutorial_dag.py
[2023-09-14T17:14:54.248+0100] {processor.py:839} INFO - DAG(s) dict_keys(['tutorial_dag']) retrieved from /home/joestar/Documents/projects/airflow_etl/airflow_env/lib/python3.8/site-packages/airflow/example_dags/tutorial_dag.py
[2023-09-14T17:14:54.271+0100] {logging_mixin.py:151} INFO - [2023-09-14T17:14:54.271+0100] {dag.py:2915} INFO - Sync 1 DAGs
[2023-09-14T17:14:54.286+0100] {logging_mixin.py:151} INFO - [2023-09-14T17:14:54.286+0100] {dag.py:3696} INFO - Setting next_dagrun for tutorial_dag to None, run_after=None
[2023-09-14T17:14:54.354+0100] {processor.py:179} INFO - Processing /home/joestar/Documents/projects/airflow_etl/airflow_env/lib/python3.8/site-packages/airflow/example_dags/tutorial_dag.py took 0.127 seconds
[2023-09-14T17:15:34.715+0100] {processor.py:157} INFO - Started process (PID=25948) to work on /home/joestar/Documents/projects/airflow_etl/airflow_env/lib/python3.8/site-packages/airflow/example_dags/tutorial_dag.py
[2023-09-14T17:15:34.716+0100] {processor.py:829} INFO - Processing file /home/joestar/Documents/projects/airflow_etl/airflow_env/lib/python3.8/site-packages/airflow/example_dags/tutorial_dag.py for tasks to queue
[2023-09-14T17:15:34.717+0100] {logging_mixin.py:151} INFO - [2023-09-14T17:15:34.717+0100] {dagbag.py:539} INFO - Filling up the DagBag from /home/joestar/Documents/projects/airflow_etl/airflow_env/lib/python3.8/site-packages/airflow/example_dags/tutorial_dag.py
[2023-09-14T17:15:34.724+0100] {processor.py:839} INFO - DAG(s) dict_keys(['tutorial_dag']) retrieved from /home/joestar/Documents/projects/airflow_etl/airflow_env/lib/python3.8/site-packages/airflow/example_dags/tutorial_dag.py
[2023-09-14T17:15:34.744+0100] {logging_mixin.py:151} INFO - [2023-09-14T17:15:34.744+0100] {dag.py:2915} INFO - Sync 1 DAGs
[2023-09-14T17:15:34.760+0100] {logging_mixin.py:151} INFO - [2023-09-14T17:15:34.760+0100] {dag.py:3696} INFO - Setting next_dagrun for tutorial_dag to None, run_after=None
[2023-09-14T17:15:34.791+0100] {processor.py:179} INFO - Processing /home/joestar/Documents/projects/airflow_etl/airflow_env/lib/python3.8/site-packages/airflow/example_dags/tutorial_dag.py took 0.079 seconds
[2023-09-14T17:16:11.135+0100] {processor.py:157} INFO - Started process (PID=26126) to work on /home/joestar/Documents/projects/airflow_etl/airflow_env/lib/python3.8/site-packages/airflow/example_dags/tutorial_dag.py
[2023-09-14T17:16:11.136+0100] {processor.py:829} INFO - Processing file /home/joestar/Documents/projects/airflow_etl/airflow_env/lib/python3.8/site-packages/airflow/example_dags/tutorial_dag.py for tasks to queue
[2023-09-14T17:16:11.137+0100] {logging_mixin.py:151} INFO - [2023-09-14T17:16:11.136+0100] {dagbag.py:539} INFO - Filling up the DagBag from /home/joestar/Documents/projects/airflow_etl/airflow_env/lib/python3.8/site-packages/airflow/example_dags/tutorial_dag.py
[2023-09-14T17:16:11.143+0100] {processor.py:839} INFO - DAG(s) dict_keys(['tutorial_dag']) retrieved from /home/joestar/Documents/projects/airflow_etl/airflow_env/lib/python3.8/site-packages/airflow/example_dags/tutorial_dag.py
[2023-09-14T17:16:11.158+0100] {logging_mixin.py:151} INFO - [2023-09-14T17:16:11.157+0100] {dag.py:2915} INFO - Sync 1 DAGs
[2023-09-14T17:16:11.172+0100] {logging_mixin.py:151} INFO - [2023-09-14T17:16:11.172+0100] {dag.py:3696} INFO - Setting next_dagrun for tutorial_dag to None, run_after=None
[2023-09-14T17:16:11.201+0100] {processor.py:179} INFO - Processing /home/joestar/Documents/projects/airflow_etl/airflow_env/lib/python3.8/site-packages/airflow/example_dags/tutorial_dag.py took 0.069 seconds
[2023-09-14T17:16:46.415+0100] {processor.py:157} INFO - Started process (PID=26274) to work on /home/joestar/Documents/projects/airflow_etl/airflow_env/lib/python3.8/site-packages/airflow/example_dags/tutorial_dag.py
[2023-09-14T17:16:46.417+0100] {processor.py:829} INFO - Processing file /home/joestar/Documents/projects/airflow_etl/airflow_env/lib/python3.8/site-packages/airflow/example_dags/tutorial_dag.py for tasks to queue
[2023-09-14T17:16:46.418+0100] {logging_mixin.py:151} INFO - [2023-09-14T17:16:46.418+0100] {dagbag.py:539} INFO - Filling up the DagBag from /home/joestar/Documents/projects/airflow_etl/airflow_env/lib/python3.8/site-packages/airflow/example_dags/tutorial_dag.py
[2023-09-14T17:16:46.425+0100] {processor.py:839} INFO - DAG(s) dict_keys(['tutorial_dag']) retrieved from /home/joestar/Documents/projects/airflow_etl/airflow_env/lib/python3.8/site-packages/airflow/example_dags/tutorial_dag.py
[2023-09-14T17:16:46.442+0100] {logging_mixin.py:151} INFO - [2023-09-14T17:16:46.442+0100] {dag.py:2915} INFO - Sync 1 DAGs
[2023-09-14T17:16:46.455+0100] {logging_mixin.py:151} INFO - [2023-09-14T17:16:46.455+0100] {dag.py:3696} INFO - Setting next_dagrun for tutorial_dag to None, run_after=None
[2023-09-14T17:16:46.490+0100] {processor.py:179} INFO - Processing /home/joestar/Documents/projects/airflow_etl/airflow_env/lib/python3.8/site-packages/airflow/example_dags/tutorial_dag.py took 0.078 seconds
[2023-09-14T17:17:32.771+0100] {processor.py:157} INFO - Started process (PID=26514) to work on /home/joestar/Documents/projects/airflow_etl/airflow_env/lib/python3.8/site-packages/airflow/example_dags/tutorial_dag.py
[2023-09-14T17:17:32.772+0100] {processor.py:829} INFO - Processing file /home/joestar/Documents/projects/airflow_etl/airflow_env/lib/python3.8/site-packages/airflow/example_dags/tutorial_dag.py for tasks to queue
[2023-09-14T17:17:32.773+0100] {logging_mixin.py:151} INFO - [2023-09-14T17:17:32.773+0100] {dagbag.py:539} INFO - Filling up the DagBag from /home/joestar/Documents/projects/airflow_etl/airflow_env/lib/python3.8/site-packages/airflow/example_dags/tutorial_dag.py
[2023-09-14T17:17:32.780+0100] {processor.py:839} INFO - DAG(s) dict_keys(['tutorial_dag']) retrieved from /home/joestar/Documents/projects/airflow_etl/airflow_env/lib/python3.8/site-packages/airflow/example_dags/tutorial_dag.py
[2023-09-14T17:17:32.799+0100] {logging_mixin.py:151} INFO - [2023-09-14T17:17:32.798+0100] {dag.py:2915} INFO - Sync 1 DAGs
[2023-09-14T17:17:32.813+0100] {logging_mixin.py:151} INFO - [2023-09-14T17:17:32.812+0100] {dag.py:3696} INFO - Setting next_dagrun for tutorial_dag to None, run_after=None
[2023-09-14T17:17:32.841+0100] {processor.py:179} INFO - Processing /home/joestar/Documents/projects/airflow_etl/airflow_env/lib/python3.8/site-packages/airflow/example_dags/tutorial_dag.py took 0.073 seconds
[2023-09-14T17:18:07.153+0100] {processor.py:157} INFO - Started process (PID=26727) to work on /home/joestar/Documents/projects/airflow_etl/airflow_env/lib/python3.8/site-packages/airflow/example_dags/tutorial_dag.py
[2023-09-14T17:18:07.154+0100] {processor.py:829} INFO - Processing file /home/joestar/Documents/projects/airflow_etl/airflow_env/lib/python3.8/site-packages/airflow/example_dags/tutorial_dag.py for tasks to queue
[2023-09-14T17:18:07.155+0100] {logging_mixin.py:151} INFO - [2023-09-14T17:18:07.155+0100] {dagbag.py:539} INFO - Filling up the DagBag from /home/joestar/Documents/projects/airflow_etl/airflow_env/lib/python3.8/site-packages/airflow/example_dags/tutorial_dag.py
[2023-09-14T17:18:07.163+0100] {processor.py:839} INFO - DAG(s) dict_keys(['tutorial_dag']) retrieved from /home/joestar/Documents/projects/airflow_etl/airflow_env/lib/python3.8/site-packages/airflow/example_dags/tutorial_dag.py
[2023-09-14T17:18:07.184+0100] {logging_mixin.py:151} INFO - [2023-09-14T17:18:07.184+0100] {dag.py:2915} INFO - Sync 1 DAGs
[2023-09-14T17:18:07.200+0100] {logging_mixin.py:151} INFO - [2023-09-14T17:18:07.199+0100] {dag.py:3696} INFO - Setting next_dagrun for tutorial_dag to None, run_after=None
[2023-09-14T17:18:07.229+0100] {processor.py:179} INFO - Processing /home/joestar/Documents/projects/airflow_etl/airflow_env/lib/python3.8/site-packages/airflow/example_dags/tutorial_dag.py took 0.079 seconds
[2023-09-14T17:18:41.553+0100] {processor.py:157} INFO - Started process (PID=27012) to work on /home/joestar/Documents/projects/airflow_etl/airflow_env/lib/python3.8/site-packages/airflow/example_dags/tutorial_dag.py
[2023-09-14T17:18:41.554+0100] {processor.py:829} INFO - Processing file /home/joestar/Documents/projects/airflow_etl/airflow_env/lib/python3.8/site-packages/airflow/example_dags/tutorial_dag.py for tasks to queue
[2023-09-14T17:18:41.555+0100] {logging_mixin.py:151} INFO - [2023-09-14T17:18:41.554+0100] {dagbag.py:539} INFO - Filling up the DagBag from /home/joestar/Documents/projects/airflow_etl/airflow_env/lib/python3.8/site-packages/airflow/example_dags/tutorial_dag.py
[2023-09-14T17:18:41.561+0100] {processor.py:839} INFO - DAG(s) dict_keys(['tutorial_dag']) retrieved from /home/joestar/Documents/projects/airflow_etl/airflow_env/lib/python3.8/site-packages/airflow/example_dags/tutorial_dag.py
[2023-09-14T17:18:41.586+0100] {logging_mixin.py:151} INFO - [2023-09-14T17:18:41.586+0100] {dag.py:2915} INFO - Sync 1 DAGs
[2023-09-14T17:18:41.607+0100] {logging_mixin.py:151} INFO - [2023-09-14T17:18:41.607+0100] {dag.py:3696} INFO - Setting next_dagrun for tutorial_dag to None, run_after=None
[2023-09-14T17:18:41.657+0100] {processor.py:179} INFO - Processing /home/joestar/Documents/projects/airflow_etl/airflow_env/lib/python3.8/site-packages/airflow/example_dags/tutorial_dag.py took 0.108 seconds
[2023-09-14T17:19:19.993+0100] {processor.py:157} INFO - Started process (PID=27269) to work on /home/joestar/Documents/projects/airflow_etl/airflow_env/lib/python3.8/site-packages/airflow/example_dags/tutorial_dag.py
[2023-09-14T17:19:19.999+0100] {processor.py:829} INFO - Processing file /home/joestar/Documents/projects/airflow_etl/airflow_env/lib/python3.8/site-packages/airflow/example_dags/tutorial_dag.py for tasks to queue
[2023-09-14T17:19:20.001+0100] {logging_mixin.py:151} INFO - [2023-09-14T17:19:20.000+0100] {dagbag.py:539} INFO - Filling up the DagBag from /home/joestar/Documents/projects/airflow_etl/airflow_env/lib/python3.8/site-packages/airflow/example_dags/tutorial_dag.py
[2023-09-14T17:19:20.024+0100] {processor.py:839} INFO - DAG(s) dict_keys(['tutorial_dag']) retrieved from /home/joestar/Documents/projects/airflow_etl/airflow_env/lib/python3.8/site-packages/airflow/example_dags/tutorial_dag.py
[2023-09-14T17:19:20.079+0100] {logging_mixin.py:151} INFO - [2023-09-14T17:19:20.079+0100] {dag.py:2915} INFO - Sync 1 DAGs
[2023-09-14T17:19:20.099+0100] {logging_mixin.py:151} INFO - [2023-09-14T17:19:20.099+0100] {dag.py:3696} INFO - Setting next_dagrun for tutorial_dag to None, run_after=None
[2023-09-14T17:19:20.137+0100] {processor.py:179} INFO - Processing /home/joestar/Documents/projects/airflow_etl/airflow_env/lib/python3.8/site-packages/airflow/example_dags/tutorial_dag.py took 0.148 seconds
[2023-09-14T17:20:00.243+0100] {processor.py:157} INFO - Started process (PID=27448) to work on /home/joestar/Documents/projects/airflow_etl/airflow_env/lib/python3.8/site-packages/airflow/example_dags/tutorial_dag.py
[2023-09-14T17:20:00.245+0100] {processor.py:829} INFO - Processing file /home/joestar/Documents/projects/airflow_etl/airflow_env/lib/python3.8/site-packages/airflow/example_dags/tutorial_dag.py for tasks to queue
[2023-09-14T17:20:00.247+0100] {logging_mixin.py:151} INFO - [2023-09-14T17:20:00.246+0100] {dagbag.py:539} INFO - Filling up the DagBag from /home/joestar/Documents/projects/airflow_etl/airflow_env/lib/python3.8/site-packages/airflow/example_dags/tutorial_dag.py
[2023-09-14T17:20:00.253+0100] {processor.py:839} INFO - DAG(s) dict_keys(['tutorial_dag']) retrieved from /home/joestar/Documents/projects/airflow_etl/airflow_env/lib/python3.8/site-packages/airflow/example_dags/tutorial_dag.py
[2023-09-14T17:20:00.273+0100] {logging_mixin.py:151} INFO - [2023-09-14T17:20:00.273+0100] {dag.py:2915} INFO - Sync 1 DAGs
[2023-09-14T17:20:00.284+0100] {logging_mixin.py:151} INFO - [2023-09-14T17:20:00.284+0100] {dag.py:3696} INFO - Setting next_dagrun for tutorial_dag to None, run_after=None
[2023-09-14T17:20:00.311+0100] {processor.py:179} INFO - Processing /home/joestar/Documents/projects/airflow_etl/airflow_env/lib/python3.8/site-packages/airflow/example_dags/tutorial_dag.py took 0.075 seconds
[2023-09-14T17:20:34.410+0100] {processor.py:157} INFO - Started process (PID=27586) to work on /home/joestar/Documents/projects/airflow_etl/airflow_env/lib/python3.8/site-packages/airflow/example_dags/tutorial_dag.py
[2023-09-14T17:20:34.411+0100] {processor.py:829} INFO - Processing file /home/joestar/Documents/projects/airflow_etl/airflow_env/lib/python3.8/site-packages/airflow/example_dags/tutorial_dag.py for tasks to queue
[2023-09-14T17:20:34.411+0100] {logging_mixin.py:151} INFO - [2023-09-14T17:20:34.411+0100] {dagbag.py:539} INFO - Filling up the DagBag from /home/joestar/Documents/projects/airflow_etl/airflow_env/lib/python3.8/site-packages/airflow/example_dags/tutorial_dag.py
[2023-09-14T17:20:34.417+0100] {processor.py:839} INFO - DAG(s) dict_keys(['tutorial_dag']) retrieved from /home/joestar/Documents/projects/airflow_etl/airflow_env/lib/python3.8/site-packages/airflow/example_dags/tutorial_dag.py
[2023-09-14T17:20:34.431+0100] {logging_mixin.py:151} INFO - [2023-09-14T17:20:34.431+0100] {dag.py:2915} INFO - Sync 1 DAGs
[2023-09-14T17:20:34.442+0100] {logging_mixin.py:151} INFO - [2023-09-14T17:20:34.442+0100] {dag.py:3696} INFO - Setting next_dagrun for tutorial_dag to None, run_after=None
[2023-09-14T17:20:34.467+0100] {processor.py:179} INFO - Processing /home/joestar/Documents/projects/airflow_etl/airflow_env/lib/python3.8/site-packages/airflow/example_dags/tutorial_dag.py took 0.059 seconds
[2023-09-14T17:21:07.778+0100] {processor.py:157} INFO - Started process (PID=27744) to work on /home/joestar/Documents/projects/airflow_etl/airflow_env/lib/python3.8/site-packages/airflow/example_dags/tutorial_dag.py
[2023-09-14T17:21:07.780+0100] {processor.py:829} INFO - Processing file /home/joestar/Documents/projects/airflow_etl/airflow_env/lib/python3.8/site-packages/airflow/example_dags/tutorial_dag.py for tasks to queue
[2023-09-14T17:21:07.781+0100] {logging_mixin.py:151} INFO - [2023-09-14T17:21:07.780+0100] {dagbag.py:539} INFO - Filling up the DagBag from /home/joestar/Documents/projects/airflow_etl/airflow_env/lib/python3.8/site-packages/airflow/example_dags/tutorial_dag.py
[2023-09-14T17:21:07.787+0100] {processor.py:839} INFO - DAG(s) dict_keys(['tutorial_dag']) retrieved from /home/joestar/Documents/projects/airflow_etl/airflow_env/lib/python3.8/site-packages/airflow/example_dags/tutorial_dag.py
[2023-09-14T17:21:07.808+0100] {logging_mixin.py:151} INFO - [2023-09-14T17:21:07.808+0100] {dag.py:2915} INFO - Sync 1 DAGs
[2023-09-14T17:21:07.822+0100] {logging_mixin.py:151} INFO - [2023-09-14T17:21:07.821+0100] {dag.py:3696} INFO - Setting next_dagrun for tutorial_dag to None, run_after=None
[2023-09-14T17:21:07.859+0100] {processor.py:179} INFO - Processing /home/joestar/Documents/projects/airflow_etl/airflow_env/lib/python3.8/site-packages/airflow/example_dags/tutorial_dag.py took 0.084 seconds
[2023-09-14T17:21:43.750+0100] {processor.py:157} INFO - Started process (PID=27887) to work on /home/joestar/Documents/projects/airflow_etl/airflow_env/lib/python3.8/site-packages/airflow/example_dags/tutorial_dag.py
[2023-09-14T17:21:43.751+0100] {processor.py:829} INFO - Processing file /home/joestar/Documents/projects/airflow_etl/airflow_env/lib/python3.8/site-packages/airflow/example_dags/tutorial_dag.py for tasks to queue
[2023-09-14T17:21:43.752+0100] {logging_mixin.py:151} INFO - [2023-09-14T17:21:43.751+0100] {dagbag.py:539} INFO - Filling up the DagBag from /home/joestar/Documents/projects/airflow_etl/airflow_env/lib/python3.8/site-packages/airflow/example_dags/tutorial_dag.py
[2023-09-14T17:21:43.757+0100] {processor.py:839} INFO - DAG(s) dict_keys(['tutorial_dag']) retrieved from /home/joestar/Documents/projects/airflow_etl/airflow_env/lib/python3.8/site-packages/airflow/example_dags/tutorial_dag.py
[2023-09-14T17:21:43.774+0100] {logging_mixin.py:151} INFO - [2023-09-14T17:21:43.774+0100] {dag.py:2915} INFO - Sync 1 DAGs
[2023-09-14T17:21:43.789+0100] {logging_mixin.py:151} INFO - [2023-09-14T17:21:43.788+0100] {dag.py:3696} INFO - Setting next_dagrun for tutorial_dag to None, run_after=None
[2023-09-14T17:21:43.823+0100] {processor.py:179} INFO - Processing /home/joestar/Documents/projects/airflow_etl/airflow_env/lib/python3.8/site-packages/airflow/example_dags/tutorial_dag.py took 0.076 seconds
[2023-09-14T17:22:18.328+0100] {processor.py:157} INFO - Started process (PID=28033) to work on /home/joestar/Documents/projects/airflow_etl/airflow_env/lib/python3.8/site-packages/airflow/example_dags/tutorial_dag.py
[2023-09-14T17:22:18.329+0100] {processor.py:829} INFO - Processing file /home/joestar/Documents/projects/airflow_etl/airflow_env/lib/python3.8/site-packages/airflow/example_dags/tutorial_dag.py for tasks to queue
[2023-09-14T17:22:18.330+0100] {logging_mixin.py:151} INFO - [2023-09-14T17:22:18.330+0100] {dagbag.py:539} INFO - Filling up the DagBag from /home/joestar/Documents/projects/airflow_etl/airflow_env/lib/python3.8/site-packages/airflow/example_dags/tutorial_dag.py
[2023-09-14T17:22:18.338+0100] {processor.py:839} INFO - DAG(s) dict_keys(['tutorial_dag']) retrieved from /home/joestar/Documents/projects/airflow_etl/airflow_env/lib/python3.8/site-packages/airflow/example_dags/tutorial_dag.py
[2023-09-14T17:22:18.363+0100] {logging_mixin.py:151} INFO - [2023-09-14T17:22:18.362+0100] {dag.py:2915} INFO - Sync 1 DAGs
[2023-09-14T17:22:18.384+0100] {logging_mixin.py:151} INFO - [2023-09-14T17:22:18.384+0100] {dag.py:3696} INFO - Setting next_dagrun for tutorial_dag to None, run_after=None
[2023-09-14T17:22:18.422+0100] {processor.py:179} INFO - Processing /home/joestar/Documents/projects/airflow_etl/airflow_env/lib/python3.8/site-packages/airflow/example_dags/tutorial_dag.py took 0.099 seconds
[2023-09-14T17:22:55.518+0100] {processor.py:157} INFO - Started process (PID=28207) to work on /home/joestar/Documents/projects/airflow_etl/airflow_env/lib/python3.8/site-packages/airflow/example_dags/tutorial_dag.py
[2023-09-14T17:22:55.519+0100] {processor.py:829} INFO - Processing file /home/joestar/Documents/projects/airflow_etl/airflow_env/lib/python3.8/site-packages/airflow/example_dags/tutorial_dag.py for tasks to queue
[2023-09-14T17:22:55.520+0100] {logging_mixin.py:151} INFO - [2023-09-14T17:22:55.520+0100] {dagbag.py:539} INFO - Filling up the DagBag from /home/joestar/Documents/projects/airflow_etl/airflow_env/lib/python3.8/site-packages/airflow/example_dags/tutorial_dag.py
[2023-09-14T17:22:55.526+0100] {processor.py:839} INFO - DAG(s) dict_keys(['tutorial_dag']) retrieved from /home/joestar/Documents/projects/airflow_etl/airflow_env/lib/python3.8/site-packages/airflow/example_dags/tutorial_dag.py
[2023-09-14T17:22:55.541+0100] {logging_mixin.py:151} INFO - [2023-09-14T17:22:55.541+0100] {dag.py:2915} INFO - Sync 1 DAGs
[2023-09-14T17:22:55.553+0100] {logging_mixin.py:151} INFO - [2023-09-14T17:22:55.553+0100] {dag.py:3696} INFO - Setting next_dagrun for tutorial_dag to None, run_after=None
[2023-09-14T17:22:55.584+0100] {processor.py:179} INFO - Processing /home/joestar/Documents/projects/airflow_etl/airflow_env/lib/python3.8/site-packages/airflow/example_dags/tutorial_dag.py took 0.068 seconds
[2023-09-14T17:23:30.990+0100] {processor.py:157} INFO - Started process (PID=28362) to work on /home/joestar/Documents/projects/airflow_etl/airflow_env/lib/python3.8/site-packages/airflow/example_dags/tutorial_dag.py
[2023-09-14T17:23:30.991+0100] {processor.py:829} INFO - Processing file /home/joestar/Documents/projects/airflow_etl/airflow_env/lib/python3.8/site-packages/airflow/example_dags/tutorial_dag.py for tasks to queue
[2023-09-14T17:23:30.993+0100] {logging_mixin.py:151} INFO - [2023-09-14T17:23:30.992+0100] {dagbag.py:539} INFO - Filling up the DagBag from /home/joestar/Documents/projects/airflow_etl/airflow_env/lib/python3.8/site-packages/airflow/example_dags/tutorial_dag.py
[2023-09-14T17:23:30.999+0100] {processor.py:839} INFO - DAG(s) dict_keys(['tutorial_dag']) retrieved from /home/joestar/Documents/projects/airflow_etl/airflow_env/lib/python3.8/site-packages/airflow/example_dags/tutorial_dag.py
[2023-09-14T17:23:31.021+0100] {logging_mixin.py:151} INFO - [2023-09-14T17:23:31.021+0100] {dag.py:2915} INFO - Sync 1 DAGs
[2023-09-14T17:23:31.038+0100] {logging_mixin.py:151} INFO - [2023-09-14T17:23:31.038+0100] {dag.py:3696} INFO - Setting next_dagrun for tutorial_dag to None, run_after=None
[2023-09-14T17:23:31.062+0100] {processor.py:179} INFO - Processing /home/joestar/Documents/projects/airflow_etl/airflow_env/lib/python3.8/site-packages/airflow/example_dags/tutorial_dag.py took 0.076 seconds
[2023-09-14T17:24:10.295+0100] {processor.py:157} INFO - Started process (PID=28544) to work on /home/joestar/Documents/projects/airflow_etl/airflow_env/lib/python3.8/site-packages/airflow/example_dags/tutorial_dag.py
[2023-09-14T17:24:10.296+0100] {processor.py:829} INFO - Processing file /home/joestar/Documents/projects/airflow_etl/airflow_env/lib/python3.8/site-packages/airflow/example_dags/tutorial_dag.py for tasks to queue
[2023-09-14T17:24:10.297+0100] {logging_mixin.py:151} INFO - [2023-09-14T17:24:10.297+0100] {dagbag.py:539} INFO - Filling up the DagBag from /home/joestar/Documents/projects/airflow_etl/airflow_env/lib/python3.8/site-packages/airflow/example_dags/tutorial_dag.py
[2023-09-14T17:24:10.305+0100] {processor.py:839} INFO - DAG(s) dict_keys(['tutorial_dag']) retrieved from /home/joestar/Documents/projects/airflow_etl/airflow_env/lib/python3.8/site-packages/airflow/example_dags/tutorial_dag.py
[2023-09-14T17:24:10.327+0100] {logging_mixin.py:151} INFO - [2023-09-14T17:24:10.327+0100] {dag.py:2915} INFO - Sync 1 DAGs
[2023-09-14T17:24:10.340+0100] {logging_mixin.py:151} INFO - [2023-09-14T17:24:10.340+0100] {dag.py:3696} INFO - Setting next_dagrun for tutorial_dag to None, run_after=None
[2023-09-14T17:24:10.369+0100] {processor.py:179} INFO - Processing /home/joestar/Documents/projects/airflow_etl/airflow_env/lib/python3.8/site-packages/airflow/example_dags/tutorial_dag.py took 0.077 seconds
[2023-09-14T17:24:49.786+0100] {processor.py:157} INFO - Started process (PID=28698) to work on /home/joestar/Documents/projects/airflow_etl/airflow_env/lib/python3.8/site-packages/airflow/example_dags/tutorial_dag.py
[2023-09-14T17:24:49.787+0100] {processor.py:829} INFO - Processing file /home/joestar/Documents/projects/airflow_etl/airflow_env/lib/python3.8/site-packages/airflow/example_dags/tutorial_dag.py for tasks to queue
[2023-09-14T17:24:49.788+0100] {logging_mixin.py:151} INFO - [2023-09-14T17:24:49.787+0100] {dagbag.py:539} INFO - Filling up the DagBag from /home/joestar/Documents/projects/airflow_etl/airflow_env/lib/python3.8/site-packages/airflow/example_dags/tutorial_dag.py
[2023-09-14T17:24:49.795+0100] {processor.py:839} INFO - DAG(s) dict_keys(['tutorial_dag']) retrieved from /home/joestar/Documents/projects/airflow_etl/airflow_env/lib/python3.8/site-packages/airflow/example_dags/tutorial_dag.py
[2023-09-14T17:24:49.814+0100] {logging_mixin.py:151} INFO - [2023-09-14T17:24:49.814+0100] {dag.py:2915} INFO - Sync 1 DAGs
[2023-09-14T17:24:49.838+0100] {logging_mixin.py:151} INFO - [2023-09-14T17:24:49.838+0100] {dag.py:3696} INFO - Setting next_dagrun for tutorial_dag to None, run_after=None
[2023-09-14T17:24:49.868+0100] {processor.py:179} INFO - Processing /home/joestar/Documents/projects/airflow_etl/airflow_env/lib/python3.8/site-packages/airflow/example_dags/tutorial_dag.py took 0.086 seconds
[2023-09-14T17:25:27.991+0100] {processor.py:157} INFO - Started process (PID=28854) to work on /home/joestar/Documents/projects/airflow_etl/airflow_env/lib/python3.8/site-packages/airflow/example_dags/tutorial_dag.py
[2023-09-14T17:25:27.992+0100] {processor.py:829} INFO - Processing file /home/joestar/Documents/projects/airflow_etl/airflow_env/lib/python3.8/site-packages/airflow/example_dags/tutorial_dag.py for tasks to queue
[2023-09-14T17:25:27.992+0100] {logging_mixin.py:151} INFO - [2023-09-14T17:25:27.992+0100] {dagbag.py:539} INFO - Filling up the DagBag from /home/joestar/Documents/projects/airflow_etl/airflow_env/lib/python3.8/site-packages/airflow/example_dags/tutorial_dag.py
[2023-09-14T17:25:27.997+0100] {processor.py:839} INFO - DAG(s) dict_keys(['tutorial_dag']) retrieved from /home/joestar/Documents/projects/airflow_etl/airflow_env/lib/python3.8/site-packages/airflow/example_dags/tutorial_dag.py
[2023-09-14T17:25:28.012+0100] {logging_mixin.py:151} INFO - [2023-09-14T17:25:28.012+0100] {dag.py:2915} INFO - Sync 1 DAGs
[2023-09-14T17:25:28.027+0100] {logging_mixin.py:151} INFO - [2023-09-14T17:25:28.027+0100] {dag.py:3696} INFO - Setting next_dagrun for tutorial_dag to None, run_after=None
[2023-09-14T17:25:28.055+0100] {processor.py:179} INFO - Processing /home/joestar/Documents/projects/airflow_etl/airflow_env/lib/python3.8/site-packages/airflow/example_dags/tutorial_dag.py took 0.067 seconds
[2023-09-14T17:26:03.750+0100] {processor.py:157} INFO - Started process (PID=29016) to work on /home/joestar/Documents/projects/airflow_etl/airflow_env/lib/python3.8/site-packages/airflow/example_dags/tutorial_dag.py
[2023-09-14T17:26:03.752+0100] {processor.py:829} INFO - Processing file /home/joestar/Documents/projects/airflow_etl/airflow_env/lib/python3.8/site-packages/airflow/example_dags/tutorial_dag.py for tasks to queue
[2023-09-14T17:26:03.753+0100] {logging_mixin.py:151} INFO - [2023-09-14T17:26:03.752+0100] {dagbag.py:539} INFO - Filling up the DagBag from /home/joestar/Documents/projects/airflow_etl/airflow_env/lib/python3.8/site-packages/airflow/example_dags/tutorial_dag.py
[2023-09-14T17:26:03.759+0100] {processor.py:839} INFO - DAG(s) dict_keys(['tutorial_dag']) retrieved from /home/joestar/Documents/projects/airflow_etl/airflow_env/lib/python3.8/site-packages/airflow/example_dags/tutorial_dag.py
[2023-09-14T17:26:03.775+0100] {logging_mixin.py:151} INFO - [2023-09-14T17:26:03.774+0100] {dag.py:2915} INFO - Sync 1 DAGs
[2023-09-14T17:26:03.790+0100] {logging_mixin.py:151} INFO - [2023-09-14T17:26:03.790+0100] {dag.py:3696} INFO - Setting next_dagrun for tutorial_dag to None, run_after=None
[2023-09-14T17:26:03.825+0100] {processor.py:179} INFO - Processing /home/joestar/Documents/projects/airflow_etl/airflow_env/lib/python3.8/site-packages/airflow/example_dags/tutorial_dag.py took 0.077 seconds
[2023-09-14T17:26:40.273+0100] {processor.py:157} INFO - Started process (PID=29167) to work on /home/joestar/Documents/projects/airflow_etl/airflow_env/lib/python3.8/site-packages/airflow/example_dags/tutorial_dag.py
[2023-09-14T17:26:40.274+0100] {processor.py:829} INFO - Processing file /home/joestar/Documents/projects/airflow_etl/airflow_env/lib/python3.8/site-packages/airflow/example_dags/tutorial_dag.py for tasks to queue
[2023-09-14T17:26:40.275+0100] {logging_mixin.py:151} INFO - [2023-09-14T17:26:40.274+0100] {dagbag.py:539} INFO - Filling up the DagBag from /home/joestar/Documents/projects/airflow_etl/airflow_env/lib/python3.8/site-packages/airflow/example_dags/tutorial_dag.py
[2023-09-14T17:26:40.280+0100] {processor.py:839} INFO - DAG(s) dict_keys(['tutorial_dag']) retrieved from /home/joestar/Documents/projects/airflow_etl/airflow_env/lib/python3.8/site-packages/airflow/example_dags/tutorial_dag.py
[2023-09-14T17:26:40.301+0100] {logging_mixin.py:151} INFO - [2023-09-14T17:26:40.300+0100] {dag.py:2915} INFO - Sync 1 DAGs
[2023-09-14T17:26:40.317+0100] {logging_mixin.py:151} INFO - [2023-09-14T17:26:40.316+0100] {dag.py:3696} INFO - Setting next_dagrun for tutorial_dag to None, run_after=None
[2023-09-14T17:26:40.347+0100] {processor.py:179} INFO - Processing /home/joestar/Documents/projects/airflow_etl/airflow_env/lib/python3.8/site-packages/airflow/example_dags/tutorial_dag.py took 0.077 seconds
[2023-09-14T17:27:14.150+0100] {processor.py:157} INFO - Started process (PID=29335) to work on /home/joestar/Documents/projects/airflow_etl/airflow_env/lib/python3.8/site-packages/airflow/example_dags/tutorial_dag.py
[2023-09-14T17:27:14.151+0100] {processor.py:829} INFO - Processing file /home/joestar/Documents/projects/airflow_etl/airflow_env/lib/python3.8/site-packages/airflow/example_dags/tutorial_dag.py for tasks to queue
[2023-09-14T17:27:14.153+0100] {logging_mixin.py:151} INFO - [2023-09-14T17:27:14.152+0100] {dagbag.py:539} INFO - Filling up the DagBag from /home/joestar/Documents/projects/airflow_etl/airflow_env/lib/python3.8/site-packages/airflow/example_dags/tutorial_dag.py
[2023-09-14T17:27:14.159+0100] {processor.py:839} INFO - DAG(s) dict_keys(['tutorial_dag']) retrieved from /home/joestar/Documents/projects/airflow_etl/airflow_env/lib/python3.8/site-packages/airflow/example_dags/tutorial_dag.py
[2023-09-14T17:27:14.181+0100] {logging_mixin.py:151} INFO - [2023-09-14T17:27:14.181+0100] {dag.py:2915} INFO - Sync 1 DAGs
[2023-09-14T17:27:14.198+0100] {logging_mixin.py:151} INFO - [2023-09-14T17:27:14.198+0100] {dag.py:3696} INFO - Setting next_dagrun for tutorial_dag to None, run_after=None
[2023-09-14T17:27:14.231+0100] {processor.py:179} INFO - Processing /home/joestar/Documents/projects/airflow_etl/airflow_env/lib/python3.8/site-packages/airflow/example_dags/tutorial_dag.py took 0.083 seconds
[2023-09-14T17:27:51.897+0100] {processor.py:157} INFO - Started process (PID=29480) to work on /home/joestar/Documents/projects/airflow_etl/airflow_env/lib/python3.8/site-packages/airflow/example_dags/tutorial_dag.py
[2023-09-14T17:27:51.898+0100] {processor.py:829} INFO - Processing file /home/joestar/Documents/projects/airflow_etl/airflow_env/lib/python3.8/site-packages/airflow/example_dags/tutorial_dag.py for tasks to queue
[2023-09-14T17:27:51.899+0100] {logging_mixin.py:151} INFO - [2023-09-14T17:27:51.899+0100] {dagbag.py:539} INFO - Filling up the DagBag from /home/joestar/Documents/projects/airflow_etl/airflow_env/lib/python3.8/site-packages/airflow/example_dags/tutorial_dag.py
[2023-09-14T17:27:51.904+0100] {processor.py:839} INFO - DAG(s) dict_keys(['tutorial_dag']) retrieved from /home/joestar/Documents/projects/airflow_etl/airflow_env/lib/python3.8/site-packages/airflow/example_dags/tutorial_dag.py
[2023-09-14T17:27:51.919+0100] {logging_mixin.py:151} INFO - [2023-09-14T17:27:51.919+0100] {dag.py:2915} INFO - Sync 1 DAGs
[2023-09-14T17:27:51.930+0100] {logging_mixin.py:151} INFO - [2023-09-14T17:27:51.930+0100] {dag.py:3696} INFO - Setting next_dagrun for tutorial_dag to None, run_after=None
[2023-09-14T17:27:51.954+0100] {processor.py:179} INFO - Processing /home/joestar/Documents/projects/airflow_etl/airflow_env/lib/python3.8/site-packages/airflow/example_dags/tutorial_dag.py took 0.060 seconds
[2023-09-14T17:28:28.156+0100] {processor.py:157} INFO - Started process (PID=29658) to work on /home/joestar/Documents/projects/airflow_etl/airflow_env/lib/python3.8/site-packages/airflow/example_dags/tutorial_dag.py
[2023-09-14T17:28:28.157+0100] {processor.py:829} INFO - Processing file /home/joestar/Documents/projects/airflow_etl/airflow_env/lib/python3.8/site-packages/airflow/example_dags/tutorial_dag.py for tasks to queue
[2023-09-14T17:28:28.158+0100] {logging_mixin.py:151} INFO - [2023-09-14T17:28:28.158+0100] {dagbag.py:539} INFO - Filling up the DagBag from /home/joestar/Documents/projects/airflow_etl/airflow_env/lib/python3.8/site-packages/airflow/example_dags/tutorial_dag.py
[2023-09-14T17:28:28.164+0100] {processor.py:839} INFO - DAG(s) dict_keys(['tutorial_dag']) retrieved from /home/joestar/Documents/projects/airflow_etl/airflow_env/lib/python3.8/site-packages/airflow/example_dags/tutorial_dag.py
[2023-09-14T17:28:28.179+0100] {logging_mixin.py:151} INFO - [2023-09-14T17:28:28.179+0100] {dag.py:2915} INFO - Sync 1 DAGs
[2023-09-14T17:28:28.190+0100] {logging_mixin.py:151} INFO - [2023-09-14T17:28:28.190+0100] {dag.py:3696} INFO - Setting next_dagrun for tutorial_dag to None, run_after=None
[2023-09-14T17:28:28.216+0100] {processor.py:179} INFO - Processing /home/joestar/Documents/projects/airflow_etl/airflow_env/lib/python3.8/site-packages/airflow/example_dags/tutorial_dag.py took 0.062 seconds
[2023-09-14T17:29:02.032+0100] {processor.py:157} INFO - Started process (PID=29836) to work on /home/joestar/Documents/projects/airflow_etl/airflow_env/lib/python3.8/site-packages/airflow/example_dags/tutorial_dag.py
[2023-09-14T17:29:02.034+0100] {processor.py:829} INFO - Processing file /home/joestar/Documents/projects/airflow_etl/airflow_env/lib/python3.8/site-packages/airflow/example_dags/tutorial_dag.py for tasks to queue
[2023-09-14T17:29:02.034+0100] {logging_mixin.py:151} INFO - [2023-09-14T17:29:02.034+0100] {dagbag.py:539} INFO - Filling up the DagBag from /home/joestar/Documents/projects/airflow_etl/airflow_env/lib/python3.8/site-packages/airflow/example_dags/tutorial_dag.py
[2023-09-14T17:29:02.040+0100] {processor.py:839} INFO - DAG(s) dict_keys(['tutorial_dag']) retrieved from /home/joestar/Documents/projects/airflow_etl/airflow_env/lib/python3.8/site-packages/airflow/example_dags/tutorial_dag.py
[2023-09-14T17:29:02.057+0100] {logging_mixin.py:151} INFO - [2023-09-14T17:29:02.057+0100] {dag.py:2915} INFO - Sync 1 DAGs
[2023-09-14T17:29:02.070+0100] {logging_mixin.py:151} INFO - [2023-09-14T17:29:02.070+0100] {dag.py:3696} INFO - Setting next_dagrun for tutorial_dag to None, run_after=None
[2023-09-14T17:29:02.102+0100] {processor.py:179} INFO - Processing /home/joestar/Documents/projects/airflow_etl/airflow_env/lib/python3.8/site-packages/airflow/example_dags/tutorial_dag.py took 0.074 seconds
[2023-09-14T17:29:36.888+0100] {processor.py:157} INFO - Started process (PID=29979) to work on /home/joestar/Documents/projects/airflow_etl/airflow_env/lib/python3.8/site-packages/airflow/example_dags/tutorial_dag.py
[2023-09-14T17:29:36.889+0100] {processor.py:829} INFO - Processing file /home/joestar/Documents/projects/airflow_etl/airflow_env/lib/python3.8/site-packages/airflow/example_dags/tutorial_dag.py for tasks to queue
[2023-09-14T17:29:36.890+0100] {logging_mixin.py:151} INFO - [2023-09-14T17:29:36.890+0100] {dagbag.py:539} INFO - Filling up the DagBag from /home/joestar/Documents/projects/airflow_etl/airflow_env/lib/python3.8/site-packages/airflow/example_dags/tutorial_dag.py
[2023-09-14T17:29:36.897+0100] {processor.py:839} INFO - DAG(s) dict_keys(['tutorial_dag']) retrieved from /home/joestar/Documents/projects/airflow_etl/airflow_env/lib/python3.8/site-packages/airflow/example_dags/tutorial_dag.py
[2023-09-14T17:29:36.918+0100] {logging_mixin.py:151} INFO - [2023-09-14T17:29:36.918+0100] {dag.py:2915} INFO - Sync 1 DAGs
[2023-09-14T17:29:36.932+0100] {logging_mixin.py:151} INFO - [2023-09-14T17:29:36.932+0100] {dag.py:3696} INFO - Setting next_dagrun for tutorial_dag to None, run_after=None
[2023-09-14T17:29:36.968+0100] {processor.py:179} INFO - Processing /home/joestar/Documents/projects/airflow_etl/airflow_env/lib/python3.8/site-packages/airflow/example_dags/tutorial_dag.py took 0.083 seconds
[2023-09-14T17:30:12.216+0100] {processor.py:157} INFO - Started process (PID=30160) to work on /home/joestar/Documents/projects/airflow_etl/airflow_env/lib/python3.8/site-packages/airflow/example_dags/tutorial_dag.py
[2023-09-14T17:30:12.217+0100] {processor.py:829} INFO - Processing file /home/joestar/Documents/projects/airflow_etl/airflow_env/lib/python3.8/site-packages/airflow/example_dags/tutorial_dag.py for tasks to queue
[2023-09-14T17:30:12.218+0100] {logging_mixin.py:151} INFO - [2023-09-14T17:30:12.218+0100] {dagbag.py:539} INFO - Filling up the DagBag from /home/joestar/Documents/projects/airflow_etl/airflow_env/lib/python3.8/site-packages/airflow/example_dags/tutorial_dag.py
[2023-09-14T17:30:12.224+0100] {processor.py:839} INFO - DAG(s) dict_keys(['tutorial_dag']) retrieved from /home/joestar/Documents/projects/airflow_etl/airflow_env/lib/python3.8/site-packages/airflow/example_dags/tutorial_dag.py
[2023-09-14T17:30:12.239+0100] {logging_mixin.py:151} INFO - [2023-09-14T17:30:12.238+0100] {dag.py:2915} INFO - Sync 1 DAGs
[2023-09-14T17:30:12.251+0100] {logging_mixin.py:151} INFO - [2023-09-14T17:30:12.250+0100] {dag.py:3696} INFO - Setting next_dagrun for tutorial_dag to None, run_after=None
[2023-09-14T17:30:12.280+0100] {processor.py:179} INFO - Processing /home/joestar/Documents/projects/airflow_etl/airflow_env/lib/python3.8/site-packages/airflow/example_dags/tutorial_dag.py took 0.067 seconds
[2023-09-14T17:30:47.271+0100] {processor.py:157} INFO - Started process (PID=30301) to work on /home/joestar/Documents/projects/airflow_etl/airflow_env/lib/python3.8/site-packages/airflow/example_dags/tutorial_dag.py
[2023-09-14T17:30:47.272+0100] {processor.py:829} INFO - Processing file /home/joestar/Documents/projects/airflow_etl/airflow_env/lib/python3.8/site-packages/airflow/example_dags/tutorial_dag.py for tasks to queue
[2023-09-14T17:30:47.273+0100] {logging_mixin.py:151} INFO - [2023-09-14T17:30:47.273+0100] {dagbag.py:539} INFO - Filling up the DagBag from /home/joestar/Documents/projects/airflow_etl/airflow_env/lib/python3.8/site-packages/airflow/example_dags/tutorial_dag.py
[2023-09-14T17:30:47.278+0100] {processor.py:839} INFO - DAG(s) dict_keys(['tutorial_dag']) retrieved from /home/joestar/Documents/projects/airflow_etl/airflow_env/lib/python3.8/site-packages/airflow/example_dags/tutorial_dag.py
[2023-09-14T17:30:47.299+0100] {logging_mixin.py:151} INFO - [2023-09-14T17:30:47.299+0100] {dag.py:2915} INFO - Sync 1 DAGs
[2023-09-14T17:30:47.315+0100] {logging_mixin.py:151} INFO - [2023-09-14T17:30:47.315+0100] {dag.py:3696} INFO - Setting next_dagrun for tutorial_dag to None, run_after=None
[2023-09-14T17:30:47.343+0100] {processor.py:179} INFO - Processing /home/joestar/Documents/projects/airflow_etl/airflow_env/lib/python3.8/site-packages/airflow/example_dags/tutorial_dag.py took 0.075 seconds
[2023-09-14T17:31:20.613+0100] {processor.py:157} INFO - Started process (PID=30472) to work on /home/joestar/Documents/projects/airflow_etl/airflow_env/lib/python3.8/site-packages/airflow/example_dags/tutorial_dag.py
[2023-09-14T17:31:20.614+0100] {processor.py:829} INFO - Processing file /home/joestar/Documents/projects/airflow_etl/airflow_env/lib/python3.8/site-packages/airflow/example_dags/tutorial_dag.py for tasks to queue
[2023-09-14T17:31:20.615+0100] {logging_mixin.py:151} INFO - [2023-09-14T17:31:20.614+0100] {dagbag.py:539} INFO - Filling up the DagBag from /home/joestar/Documents/projects/airflow_etl/airflow_env/lib/python3.8/site-packages/airflow/example_dags/tutorial_dag.py
[2023-09-14T17:31:20.621+0100] {processor.py:839} INFO - DAG(s) dict_keys(['tutorial_dag']) retrieved from /home/joestar/Documents/projects/airflow_etl/airflow_env/lib/python3.8/site-packages/airflow/example_dags/tutorial_dag.py
[2023-09-14T17:31:20.643+0100] {logging_mixin.py:151} INFO - [2023-09-14T17:31:20.643+0100] {dag.py:2915} INFO - Sync 1 DAGs
[2023-09-14T17:31:20.661+0100] {logging_mixin.py:151} INFO - [2023-09-14T17:31:20.661+0100] {dag.py:3696} INFO - Setting next_dagrun for tutorial_dag to None, run_after=None
[2023-09-14T17:31:20.693+0100] {processor.py:179} INFO - Processing /home/joestar/Documents/projects/airflow_etl/airflow_env/lib/python3.8/site-packages/airflow/example_dags/tutorial_dag.py took 0.084 seconds
[2023-09-14T17:31:54.695+0100] {processor.py:157} INFO - Started process (PID=30603) to work on /home/joestar/Documents/projects/airflow_etl/airflow_env/lib/python3.8/site-packages/airflow/example_dags/tutorial_dag.py
[2023-09-14T17:31:54.696+0100] {processor.py:829} INFO - Processing file /home/joestar/Documents/projects/airflow_etl/airflow_env/lib/python3.8/site-packages/airflow/example_dags/tutorial_dag.py for tasks to queue
[2023-09-14T17:31:54.697+0100] {logging_mixin.py:151} INFO - [2023-09-14T17:31:54.697+0100] {dagbag.py:539} INFO - Filling up the DagBag from /home/joestar/Documents/projects/airflow_etl/airflow_env/lib/python3.8/site-packages/airflow/example_dags/tutorial_dag.py
[2023-09-14T17:31:54.702+0100] {processor.py:839} INFO - DAG(s) dict_keys(['tutorial_dag']) retrieved from /home/joestar/Documents/projects/airflow_etl/airflow_env/lib/python3.8/site-packages/airflow/example_dags/tutorial_dag.py
[2023-09-14T17:31:54.716+0100] {logging_mixin.py:151} INFO - [2023-09-14T17:31:54.716+0100] {dag.py:2915} INFO - Sync 1 DAGs
[2023-09-14T17:31:54.728+0100] {logging_mixin.py:151} INFO - [2023-09-14T17:31:54.727+0100] {dag.py:3696} INFO - Setting next_dagrun for tutorial_dag to None, run_after=None
[2023-09-14T17:31:54.754+0100] {processor.py:179} INFO - Processing /home/joestar/Documents/projects/airflow_etl/airflow_env/lib/python3.8/site-packages/airflow/example_dags/tutorial_dag.py took 0.061 seconds
[2023-09-14T17:32:28.611+0100] {processor.py:157} INFO - Started process (PID=30766) to work on /home/joestar/Documents/projects/airflow_etl/airflow_env/lib/python3.8/site-packages/airflow/example_dags/tutorial_dag.py
[2023-09-14T17:32:28.612+0100] {processor.py:829} INFO - Processing file /home/joestar/Documents/projects/airflow_etl/airflow_env/lib/python3.8/site-packages/airflow/example_dags/tutorial_dag.py for tasks to queue
[2023-09-14T17:32:28.613+0100] {logging_mixin.py:151} INFO - [2023-09-14T17:32:28.613+0100] {dagbag.py:539} INFO - Filling up the DagBag from /home/joestar/Documents/projects/airflow_etl/airflow_env/lib/python3.8/site-packages/airflow/example_dags/tutorial_dag.py
[2023-09-14T17:32:28.619+0100] {processor.py:839} INFO - DAG(s) dict_keys(['tutorial_dag']) retrieved from /home/joestar/Documents/projects/airflow_etl/airflow_env/lib/python3.8/site-packages/airflow/example_dags/tutorial_dag.py
[2023-09-14T17:32:28.636+0100] {logging_mixin.py:151} INFO - [2023-09-14T17:32:28.636+0100] {dag.py:2915} INFO - Sync 1 DAGs
[2023-09-14T17:32:28.650+0100] {logging_mixin.py:151} INFO - [2023-09-14T17:32:28.650+0100] {dag.py:3696} INFO - Setting next_dagrun for tutorial_dag to None, run_after=None
[2023-09-14T17:32:28.679+0100] {processor.py:179} INFO - Processing /home/joestar/Documents/projects/airflow_etl/airflow_env/lib/python3.8/site-packages/airflow/example_dags/tutorial_dag.py took 0.071 seconds
[2023-09-14T17:33:04.638+0100] {processor.py:157} INFO - Started process (PID=30931) to work on /home/joestar/Documents/projects/airflow_etl/airflow_env/lib/python3.8/site-packages/airflow/example_dags/tutorial_dag.py
[2023-09-14T17:33:04.639+0100] {processor.py:829} INFO - Processing file /home/joestar/Documents/projects/airflow_etl/airflow_env/lib/python3.8/site-packages/airflow/example_dags/tutorial_dag.py for tasks to queue
[2023-09-14T17:33:04.640+0100] {logging_mixin.py:151} INFO - [2023-09-14T17:33:04.640+0100] {dagbag.py:539} INFO - Filling up the DagBag from /home/joestar/Documents/projects/airflow_etl/airflow_env/lib/python3.8/site-packages/airflow/example_dags/tutorial_dag.py
[2023-09-14T17:33:04.646+0100] {processor.py:839} INFO - DAG(s) dict_keys(['tutorial_dag']) retrieved from /home/joestar/Documents/projects/airflow_etl/airflow_env/lib/python3.8/site-packages/airflow/example_dags/tutorial_dag.py
[2023-09-14T17:33:04.664+0100] {logging_mixin.py:151} INFO - [2023-09-14T17:33:04.664+0100] {dag.py:2915} INFO - Sync 1 DAGs
[2023-09-14T17:33:04.677+0100] {logging_mixin.py:151} INFO - [2023-09-14T17:33:04.677+0100] {dag.py:3696} INFO - Setting next_dagrun for tutorial_dag to None, run_after=None
[2023-09-14T17:33:04.704+0100] {processor.py:179} INFO - Processing /home/joestar/Documents/projects/airflow_etl/airflow_env/lib/python3.8/site-packages/airflow/example_dags/tutorial_dag.py took 0.069 seconds
[2023-09-14T17:33:39.785+0100] {processor.py:157} INFO - Started process (PID=31080) to work on /home/joestar/Documents/projects/airflow_etl/airflow_env/lib/python3.8/site-packages/airflow/example_dags/tutorial_dag.py
[2023-09-14T17:33:39.786+0100] {processor.py:829} INFO - Processing file /home/joestar/Documents/projects/airflow_etl/airflow_env/lib/python3.8/site-packages/airflow/example_dags/tutorial_dag.py for tasks to queue
[2023-09-14T17:33:39.788+0100] {logging_mixin.py:151} INFO - [2023-09-14T17:33:39.787+0100] {dagbag.py:539} INFO - Filling up the DagBag from /home/joestar/Documents/projects/airflow_etl/airflow_env/lib/python3.8/site-packages/airflow/example_dags/tutorial_dag.py
[2023-09-14T17:33:39.795+0100] {processor.py:839} INFO - DAG(s) dict_keys(['tutorial_dag']) retrieved from /home/joestar/Documents/projects/airflow_etl/airflow_env/lib/python3.8/site-packages/airflow/example_dags/tutorial_dag.py
[2023-09-14T17:33:39.819+0100] {logging_mixin.py:151} INFO - [2023-09-14T17:33:39.818+0100] {dag.py:2915} INFO - Sync 1 DAGs
[2023-09-14T17:33:39.837+0100] {logging_mixin.py:151} INFO - [2023-09-14T17:33:39.836+0100] {dag.py:3696} INFO - Setting next_dagrun for tutorial_dag to None, run_after=None
[2023-09-14T17:33:39.868+0100] {processor.py:179} INFO - Processing /home/joestar/Documents/projects/airflow_etl/airflow_env/lib/python3.8/site-packages/airflow/example_dags/tutorial_dag.py took 0.086 seconds
[2023-09-14T17:34:16.119+0100] {processor.py:157} INFO - Started process (PID=31257) to work on /home/joestar/Documents/projects/airflow_etl/airflow_env/lib/python3.8/site-packages/airflow/example_dags/tutorial_dag.py
[2023-09-14T17:34:16.120+0100] {processor.py:829} INFO - Processing file /home/joestar/Documents/projects/airflow_etl/airflow_env/lib/python3.8/site-packages/airflow/example_dags/tutorial_dag.py for tasks to queue
[2023-09-14T17:34:16.121+0100] {logging_mixin.py:151} INFO - [2023-09-14T17:34:16.121+0100] {dagbag.py:539} INFO - Filling up the DagBag from /home/joestar/Documents/projects/airflow_etl/airflow_env/lib/python3.8/site-packages/airflow/example_dags/tutorial_dag.py
[2023-09-14T17:34:16.128+0100] {processor.py:839} INFO - DAG(s) dict_keys(['tutorial_dag']) retrieved from /home/joestar/Documents/projects/airflow_etl/airflow_env/lib/python3.8/site-packages/airflow/example_dags/tutorial_dag.py
[2023-09-14T17:34:16.151+0100] {logging_mixin.py:151} INFO - [2023-09-14T17:34:16.151+0100] {dag.py:2915} INFO - Sync 1 DAGs
[2023-09-14T17:34:16.166+0100] {logging_mixin.py:151} INFO - [2023-09-14T17:34:16.166+0100] {dag.py:3696} INFO - Setting next_dagrun for tutorial_dag to None, run_after=None
[2023-09-14T17:34:16.196+0100] {processor.py:179} INFO - Processing /home/joestar/Documents/projects/airflow_etl/airflow_env/lib/python3.8/site-packages/airflow/example_dags/tutorial_dag.py took 0.081 seconds
[2023-09-14T17:34:51.489+0100] {processor.py:157} INFO - Started process (PID=31411) to work on /home/joestar/Documents/projects/airflow_etl/airflow_env/lib/python3.8/site-packages/airflow/example_dags/tutorial_dag.py
[2023-09-14T17:34:51.490+0100] {processor.py:829} INFO - Processing file /home/joestar/Documents/projects/airflow_etl/airflow_env/lib/python3.8/site-packages/airflow/example_dags/tutorial_dag.py for tasks to queue
[2023-09-14T17:34:51.491+0100] {logging_mixin.py:151} INFO - [2023-09-14T17:34:51.490+0100] {dagbag.py:539} INFO - Filling up the DagBag from /home/joestar/Documents/projects/airflow_etl/airflow_env/lib/python3.8/site-packages/airflow/example_dags/tutorial_dag.py
[2023-09-14T17:34:51.497+0100] {processor.py:839} INFO - DAG(s) dict_keys(['tutorial_dag']) retrieved from /home/joestar/Documents/projects/airflow_etl/airflow_env/lib/python3.8/site-packages/airflow/example_dags/tutorial_dag.py
[2023-09-14T17:34:51.516+0100] {logging_mixin.py:151} INFO - [2023-09-14T17:34:51.516+0100] {dag.py:2915} INFO - Sync 1 DAGs
[2023-09-14T17:34:51.530+0100] {logging_mixin.py:151} INFO - [2023-09-14T17:34:51.530+0100] {dag.py:3696} INFO - Setting next_dagrun for tutorial_dag to None, run_after=None
[2023-09-14T17:34:51.562+0100] {processor.py:179} INFO - Processing /home/joestar/Documents/projects/airflow_etl/airflow_env/lib/python3.8/site-packages/airflow/example_dags/tutorial_dag.py took 0.076 seconds
[2023-09-14T17:35:39.813+0100] {processor.py:157} INFO - Started process (PID=31645) to work on /home/joestar/Documents/projects/airflow_etl/airflow_env/lib/python3.8/site-packages/airflow/example_dags/tutorial_dag.py
[2023-09-14T17:35:39.814+0100] {processor.py:829} INFO - Processing file /home/joestar/Documents/projects/airflow_etl/airflow_env/lib/python3.8/site-packages/airflow/example_dags/tutorial_dag.py for tasks to queue
[2023-09-14T17:35:39.815+0100] {logging_mixin.py:151} INFO - [2023-09-14T17:35:39.815+0100] {dagbag.py:539} INFO - Filling up the DagBag from /home/joestar/Documents/projects/airflow_etl/airflow_env/lib/python3.8/site-packages/airflow/example_dags/tutorial_dag.py
[2023-09-14T17:35:39.821+0100] {processor.py:839} INFO - DAG(s) dict_keys(['tutorial_dag']) retrieved from /home/joestar/Documents/projects/airflow_etl/airflow_env/lib/python3.8/site-packages/airflow/example_dags/tutorial_dag.py
[2023-09-14T17:35:39.842+0100] {logging_mixin.py:151} INFO - [2023-09-14T17:35:39.842+0100] {dag.py:2915} INFO - Sync 1 DAGs
[2023-09-14T17:35:39.855+0100] {logging_mixin.py:151} INFO - [2023-09-14T17:35:39.855+0100] {dag.py:3696} INFO - Setting next_dagrun for tutorial_dag to None, run_after=None
[2023-09-14T17:35:39.886+0100] {processor.py:179} INFO - Processing /home/joestar/Documents/projects/airflow_etl/airflow_env/lib/python3.8/site-packages/airflow/example_dags/tutorial_dag.py took 0.077 seconds
[2023-09-14T17:36:15.397+0100] {processor.py:157} INFO - Started process (PID=31813) to work on /home/joestar/Documents/projects/airflow_etl/airflow_env/lib/python3.8/site-packages/airflow/example_dags/tutorial_dag.py
[2023-09-14T17:36:15.399+0100] {processor.py:829} INFO - Processing file /home/joestar/Documents/projects/airflow_etl/airflow_env/lib/python3.8/site-packages/airflow/example_dags/tutorial_dag.py for tasks to queue
[2023-09-14T17:36:15.400+0100] {logging_mixin.py:151} INFO - [2023-09-14T17:36:15.400+0100] {dagbag.py:539} INFO - Filling up the DagBag from /home/joestar/Documents/projects/airflow_etl/airflow_env/lib/python3.8/site-packages/airflow/example_dags/tutorial_dag.py
[2023-09-14T17:36:15.407+0100] {processor.py:839} INFO - DAG(s) dict_keys(['tutorial_dag']) retrieved from /home/joestar/Documents/projects/airflow_etl/airflow_env/lib/python3.8/site-packages/airflow/example_dags/tutorial_dag.py
[2023-09-14T17:36:15.429+0100] {logging_mixin.py:151} INFO - [2023-09-14T17:36:15.429+0100] {dag.py:2915} INFO - Sync 1 DAGs
[2023-09-14T17:36:15.448+0100] {logging_mixin.py:151} INFO - [2023-09-14T17:36:15.448+0100] {dag.py:3696} INFO - Setting next_dagrun for tutorial_dag to None, run_after=None
[2023-09-14T17:36:15.485+0100] {processor.py:179} INFO - Processing /home/joestar/Documents/projects/airflow_etl/airflow_env/lib/python3.8/site-packages/airflow/example_dags/tutorial_dag.py took 0.091 seconds
[2023-09-14T17:36:49.681+0100] {processor.py:157} INFO - Started process (PID=31959) to work on /home/joestar/Documents/projects/airflow_etl/airflow_env/lib/python3.8/site-packages/airflow/example_dags/tutorial_dag.py
[2023-09-14T17:36:49.684+0100] {processor.py:829} INFO - Processing file /home/joestar/Documents/projects/airflow_etl/airflow_env/lib/python3.8/site-packages/airflow/example_dags/tutorial_dag.py for tasks to queue
[2023-09-14T17:36:49.686+0100] {logging_mixin.py:151} INFO - [2023-09-14T17:36:49.685+0100] {dagbag.py:539} INFO - Filling up the DagBag from /home/joestar/Documents/projects/airflow_etl/airflow_env/lib/python3.8/site-packages/airflow/example_dags/tutorial_dag.py
[2023-09-14T17:36:49.698+0100] {processor.py:839} INFO - DAG(s) dict_keys(['tutorial_dag']) retrieved from /home/joestar/Documents/projects/airflow_etl/airflow_env/lib/python3.8/site-packages/airflow/example_dags/tutorial_dag.py
[2023-09-14T17:36:49.720+0100] {logging_mixin.py:151} INFO - [2023-09-14T17:36:49.720+0100] {dag.py:2915} INFO - Sync 1 DAGs
[2023-09-14T17:36:49.730+0100] {logging_mixin.py:151} INFO - [2023-09-14T17:36:49.730+0100] {dag.py:3696} INFO - Setting next_dagrun for tutorial_dag to None, run_after=None
[2023-09-14T17:36:49.762+0100] {processor.py:179} INFO - Processing /home/joestar/Documents/projects/airflow_etl/airflow_env/lib/python3.8/site-packages/airflow/example_dags/tutorial_dag.py took 0.089 seconds
[2023-09-14T17:37:26.112+0100] {processor.py:157} INFO - Started process (PID=32131) to work on /home/joestar/Documents/projects/airflow_etl/airflow_env/lib/python3.8/site-packages/airflow/example_dags/tutorial_dag.py
[2023-09-14T17:37:26.113+0100] {processor.py:829} INFO - Processing file /home/joestar/Documents/projects/airflow_etl/airflow_env/lib/python3.8/site-packages/airflow/example_dags/tutorial_dag.py for tasks to queue
[2023-09-14T17:37:26.113+0100] {logging_mixin.py:151} INFO - [2023-09-14T17:37:26.113+0100] {dagbag.py:539} INFO - Filling up the DagBag from /home/joestar/Documents/projects/airflow_etl/airflow_env/lib/python3.8/site-packages/airflow/example_dags/tutorial_dag.py
[2023-09-14T17:37:26.118+0100] {processor.py:839} INFO - DAG(s) dict_keys(['tutorial_dag']) retrieved from /home/joestar/Documents/projects/airflow_etl/airflow_env/lib/python3.8/site-packages/airflow/example_dags/tutorial_dag.py
[2023-09-14T17:37:26.133+0100] {logging_mixin.py:151} INFO - [2023-09-14T17:37:26.133+0100] {dag.py:2915} INFO - Sync 1 DAGs
[2023-09-14T17:37:26.150+0100] {logging_mixin.py:151} INFO - [2023-09-14T17:37:26.150+0100] {dag.py:3696} INFO - Setting next_dagrun for tutorial_dag to None, run_after=None
[2023-09-14T17:37:26.274+0100] {processor.py:179} INFO - Processing /home/joestar/Documents/projects/airflow_etl/airflow_env/lib/python3.8/site-packages/airflow/example_dags/tutorial_dag.py took 0.165 seconds
[2023-09-14T17:38:04.504+0100] {processor.py:157} INFO - Started process (PID=32437) to work on /home/joestar/Documents/projects/airflow_etl/airflow_env/lib/python3.8/site-packages/airflow/example_dags/tutorial_dag.py
[2023-09-14T17:38:04.506+0100] {processor.py:829} INFO - Processing file /home/joestar/Documents/projects/airflow_etl/airflow_env/lib/python3.8/site-packages/airflow/example_dags/tutorial_dag.py for tasks to queue
[2023-09-14T17:38:04.509+0100] {logging_mixin.py:151} INFO - [2023-09-14T17:38:04.508+0100] {dagbag.py:539} INFO - Filling up the DagBag from /home/joestar/Documents/projects/airflow_etl/airflow_env/lib/python3.8/site-packages/airflow/example_dags/tutorial_dag.py
[2023-09-14T17:38:04.518+0100] {processor.py:839} INFO - DAG(s) dict_keys(['tutorial_dag']) retrieved from /home/joestar/Documents/projects/airflow_etl/airflow_env/lib/python3.8/site-packages/airflow/example_dags/tutorial_dag.py
[2023-09-14T17:38:04.550+0100] {logging_mixin.py:151} INFO - [2023-09-14T17:38:04.550+0100] {dag.py:2915} INFO - Sync 1 DAGs
[2023-09-14T17:38:04.574+0100] {logging_mixin.py:151} INFO - [2023-09-14T17:38:04.574+0100] {dag.py:3696} INFO - Setting next_dagrun for tutorial_dag to None, run_after=None
[2023-09-14T17:38:04.642+0100] {processor.py:179} INFO - Processing /home/joestar/Documents/projects/airflow_etl/airflow_env/lib/python3.8/site-packages/airflow/example_dags/tutorial_dag.py took 0.141 seconds
[2023-09-14T17:38:43.621+0100] {processor.py:157} INFO - Started process (PID=32763) to work on /home/joestar/Documents/projects/airflow_etl/airflow_env/lib/python3.8/site-packages/airflow/example_dags/tutorial_dag.py
[2023-09-14T17:38:43.622+0100] {processor.py:829} INFO - Processing file /home/joestar/Documents/projects/airflow_etl/airflow_env/lib/python3.8/site-packages/airflow/example_dags/tutorial_dag.py for tasks to queue
[2023-09-14T17:38:43.623+0100] {logging_mixin.py:151} INFO - [2023-09-14T17:38:43.623+0100] {dagbag.py:539} INFO - Filling up the DagBag from /home/joestar/Documents/projects/airflow_etl/airflow_env/lib/python3.8/site-packages/airflow/example_dags/tutorial_dag.py
[2023-09-14T17:38:43.635+0100] {processor.py:839} INFO - DAG(s) dict_keys(['tutorial_dag']) retrieved from /home/joestar/Documents/projects/airflow_etl/airflow_env/lib/python3.8/site-packages/airflow/example_dags/tutorial_dag.py
[2023-09-14T17:38:43.663+0100] {logging_mixin.py:151} INFO - [2023-09-14T17:38:43.663+0100] {dag.py:2915} INFO - Sync 1 DAGs
[2023-09-14T17:38:43.683+0100] {logging_mixin.py:151} INFO - [2023-09-14T17:38:43.683+0100] {dag.py:3696} INFO - Setting next_dagrun for tutorial_dag to None, run_after=None
[2023-09-14T17:38:43.728+0100] {processor.py:179} INFO - Processing /home/joestar/Documents/projects/airflow_etl/airflow_env/lib/python3.8/site-packages/airflow/example_dags/tutorial_dag.py took 0.112 seconds
[2023-09-14T17:39:29.743+0100] {processor.py:157} INFO - Started process (PID=33058) to work on /home/joestar/Documents/projects/airflow_etl/airflow_env/lib/python3.8/site-packages/airflow/example_dags/tutorial_dag.py
[2023-09-14T17:39:29.744+0100] {processor.py:829} INFO - Processing file /home/joestar/Documents/projects/airflow_etl/airflow_env/lib/python3.8/site-packages/airflow/example_dags/tutorial_dag.py for tasks to queue
[2023-09-14T17:39:29.747+0100] {logging_mixin.py:151} INFO - [2023-09-14T17:39:29.746+0100] {dagbag.py:539} INFO - Filling up the DagBag from /home/joestar/Documents/projects/airflow_etl/airflow_env/lib/python3.8/site-packages/airflow/example_dags/tutorial_dag.py
[2023-09-14T17:39:29.755+0100] {processor.py:839} INFO - DAG(s) dict_keys(['tutorial_dag']) retrieved from /home/joestar/Documents/projects/airflow_etl/airflow_env/lib/python3.8/site-packages/airflow/example_dags/tutorial_dag.py
[2023-09-14T17:39:29.777+0100] {logging_mixin.py:151} INFO - [2023-09-14T17:39:29.777+0100] {dag.py:2915} INFO - Sync 1 DAGs
[2023-09-14T17:39:29.793+0100] {logging_mixin.py:151} INFO - [2023-09-14T17:39:29.793+0100] {dag.py:3696} INFO - Setting next_dagrun for tutorial_dag to None, run_after=None
[2023-09-14T17:39:29.837+0100] {processor.py:179} INFO - Processing /home/joestar/Documents/projects/airflow_etl/airflow_env/lib/python3.8/site-packages/airflow/example_dags/tutorial_dag.py took 0.099 seconds
[2023-09-14T17:40:11.593+0100] {processor.py:157} INFO - Started process (PID=33304) to work on /home/joestar/Documents/projects/airflow_etl/airflow_env/lib/python3.8/site-packages/airflow/example_dags/tutorial_dag.py
[2023-09-14T17:40:11.595+0100] {processor.py:829} INFO - Processing file /home/joestar/Documents/projects/airflow_etl/airflow_env/lib/python3.8/site-packages/airflow/example_dags/tutorial_dag.py for tasks to queue
[2023-09-14T17:40:11.597+0100] {logging_mixin.py:151} INFO - [2023-09-14T17:40:11.596+0100] {dagbag.py:539} INFO - Filling up the DagBag from /home/joestar/Documents/projects/airflow_etl/airflow_env/lib/python3.8/site-packages/airflow/example_dags/tutorial_dag.py
[2023-09-14T17:40:11.602+0100] {processor.py:839} INFO - DAG(s) dict_keys(['tutorial_dag']) retrieved from /home/joestar/Documents/projects/airflow_etl/airflow_env/lib/python3.8/site-packages/airflow/example_dags/tutorial_dag.py
[2023-09-14T17:40:11.616+0100] {logging_mixin.py:151} INFO - [2023-09-14T17:40:11.616+0100] {dag.py:2915} INFO - Sync 1 DAGs
[2023-09-14T17:40:11.626+0100] {logging_mixin.py:151} INFO - [2023-09-14T17:40:11.626+0100] {dag.py:3696} INFO - Setting next_dagrun for tutorial_dag to None, run_after=None
[2023-09-14T17:40:11.661+0100] {processor.py:179} INFO - Processing /home/joestar/Documents/projects/airflow_etl/airflow_env/lib/python3.8/site-packages/airflow/example_dags/tutorial_dag.py took 0.071 seconds
[2023-09-14T17:40:51.280+0100] {processor.py:157} INFO - Started process (PID=33527) to work on /home/joestar/Documents/projects/airflow_etl/airflow_env/lib/python3.8/site-packages/airflow/example_dags/tutorial_dag.py
[2023-09-14T17:40:51.281+0100] {processor.py:829} INFO - Processing file /home/joestar/Documents/projects/airflow_etl/airflow_env/lib/python3.8/site-packages/airflow/example_dags/tutorial_dag.py for tasks to queue
[2023-09-14T17:40:51.282+0100] {logging_mixin.py:151} INFO - [2023-09-14T17:40:51.282+0100] {dagbag.py:539} INFO - Filling up the DagBag from /home/joestar/Documents/projects/airflow_etl/airflow_env/lib/python3.8/site-packages/airflow/example_dags/tutorial_dag.py
[2023-09-14T17:40:51.288+0100] {processor.py:839} INFO - DAG(s) dict_keys(['tutorial_dag']) retrieved from /home/joestar/Documents/projects/airflow_etl/airflow_env/lib/python3.8/site-packages/airflow/example_dags/tutorial_dag.py
[2023-09-14T17:40:51.302+0100] {logging_mixin.py:151} INFO - [2023-09-14T17:40:51.302+0100] {dag.py:2915} INFO - Sync 1 DAGs
[2023-09-14T17:40:51.313+0100] {logging_mixin.py:151} INFO - [2023-09-14T17:40:51.313+0100] {dag.py:3696} INFO - Setting next_dagrun for tutorial_dag to None, run_after=None
[2023-09-14T17:40:51.345+0100] {processor.py:179} INFO - Processing /home/joestar/Documents/projects/airflow_etl/airflow_env/lib/python3.8/site-packages/airflow/example_dags/tutorial_dag.py took 0.068 seconds
[2023-09-14T17:41:26.098+0100] {processor.py:157} INFO - Started process (PID=33806) to work on /home/joestar/Documents/projects/airflow_etl/airflow_env/lib/python3.8/site-packages/airflow/example_dags/tutorial_dag.py
[2023-09-14T17:41:26.099+0100] {processor.py:829} INFO - Processing file /home/joestar/Documents/projects/airflow_etl/airflow_env/lib/python3.8/site-packages/airflow/example_dags/tutorial_dag.py for tasks to queue
[2023-09-14T17:41:26.100+0100] {logging_mixin.py:151} INFO - [2023-09-14T17:41:26.099+0100] {dagbag.py:539} INFO - Filling up the DagBag from /home/joestar/Documents/projects/airflow_etl/airflow_env/lib/python3.8/site-packages/airflow/example_dags/tutorial_dag.py
[2023-09-14T17:41:26.105+0100] {processor.py:839} INFO - DAG(s) dict_keys(['tutorial_dag']) retrieved from /home/joestar/Documents/projects/airflow_etl/airflow_env/lib/python3.8/site-packages/airflow/example_dags/tutorial_dag.py
[2023-09-14T17:41:26.118+0100] {logging_mixin.py:151} INFO - [2023-09-14T17:41:26.118+0100] {dag.py:2915} INFO - Sync 1 DAGs
[2023-09-14T17:41:26.128+0100] {logging_mixin.py:151} INFO - [2023-09-14T17:41:26.128+0100] {dag.py:3696} INFO - Setting next_dagrun for tutorial_dag to None, run_after=None
[2023-09-14T17:41:26.153+0100] {processor.py:179} INFO - Processing /home/joestar/Documents/projects/airflow_etl/airflow_env/lib/python3.8/site-packages/airflow/example_dags/tutorial_dag.py took 0.058 seconds
[2023-09-14T17:42:03.492+0100] {processor.py:157} INFO - Started process (PID=34002) to work on /home/joestar/Documents/projects/airflow_etl/airflow_env/lib/python3.8/site-packages/airflow/example_dags/tutorial_dag.py
[2023-09-14T17:42:03.493+0100] {processor.py:829} INFO - Processing file /home/joestar/Documents/projects/airflow_etl/airflow_env/lib/python3.8/site-packages/airflow/example_dags/tutorial_dag.py for tasks to queue
[2023-09-14T17:42:03.495+0100] {logging_mixin.py:151} INFO - [2023-09-14T17:42:03.494+0100] {dagbag.py:539} INFO - Filling up the DagBag from /home/joestar/Documents/projects/airflow_etl/airflow_env/lib/python3.8/site-packages/airflow/example_dags/tutorial_dag.py
[2023-09-14T17:42:03.507+0100] {processor.py:839} INFO - DAG(s) dict_keys(['tutorial_dag']) retrieved from /home/joestar/Documents/projects/airflow_etl/airflow_env/lib/python3.8/site-packages/airflow/example_dags/tutorial_dag.py
[2023-09-14T17:42:03.532+0100] {logging_mixin.py:151} INFO - [2023-09-14T17:42:03.531+0100] {dag.py:2915} INFO - Sync 1 DAGs
[2023-09-14T17:42:03.552+0100] {logging_mixin.py:151} INFO - [2023-09-14T17:42:03.551+0100] {dag.py:3696} INFO - Setting next_dagrun for tutorial_dag to None, run_after=None
[2023-09-14T17:42:03.588+0100] {processor.py:179} INFO - Processing /home/joestar/Documents/projects/airflow_etl/airflow_env/lib/python3.8/site-packages/airflow/example_dags/tutorial_dag.py took 0.101 seconds
[2023-09-14T17:42:47.788+0100] {processor.py:157} INFO - Started process (PID=34205) to work on /home/joestar/Documents/projects/airflow_etl/airflow_env/lib/python3.8/site-packages/airflow/example_dags/tutorial_dag.py
[2023-09-14T17:42:47.789+0100] {processor.py:829} INFO - Processing file /home/joestar/Documents/projects/airflow_etl/airflow_env/lib/python3.8/site-packages/airflow/example_dags/tutorial_dag.py for tasks to queue
[2023-09-14T17:42:47.790+0100] {logging_mixin.py:151} INFO - [2023-09-14T17:42:47.790+0100] {dagbag.py:539} INFO - Filling up the DagBag from /home/joestar/Documents/projects/airflow_etl/airflow_env/lib/python3.8/site-packages/airflow/example_dags/tutorial_dag.py
[2023-09-14T17:42:47.797+0100] {processor.py:839} INFO - DAG(s) dict_keys(['tutorial_dag']) retrieved from /home/joestar/Documents/projects/airflow_etl/airflow_env/lib/python3.8/site-packages/airflow/example_dags/tutorial_dag.py
[2023-09-14T17:42:47.821+0100] {logging_mixin.py:151} INFO - [2023-09-14T17:42:47.821+0100] {dag.py:2915} INFO - Sync 1 DAGs
[2023-09-14T17:42:47.838+0100] {logging_mixin.py:151} INFO - [2023-09-14T17:42:47.837+0100] {dag.py:3696} INFO - Setting next_dagrun for tutorial_dag to None, run_after=None
[2023-09-14T17:42:47.868+0100] {processor.py:179} INFO - Processing /home/joestar/Documents/projects/airflow_etl/airflow_env/lib/python3.8/site-packages/airflow/example_dags/tutorial_dag.py took 0.083 seconds
[2023-09-14T17:43:26.132+0100] {processor.py:157} INFO - Started process (PID=34364) to work on /home/joestar/Documents/projects/airflow_etl/airflow_env/lib/python3.8/site-packages/airflow/example_dags/tutorial_dag.py
[2023-09-14T17:43:26.133+0100] {processor.py:829} INFO - Processing file /home/joestar/Documents/projects/airflow_etl/airflow_env/lib/python3.8/site-packages/airflow/example_dags/tutorial_dag.py for tasks to queue
[2023-09-14T17:43:26.134+0100] {logging_mixin.py:151} INFO - [2023-09-14T17:43:26.133+0100] {dagbag.py:539} INFO - Filling up the DagBag from /home/joestar/Documents/projects/airflow_etl/airflow_env/lib/python3.8/site-packages/airflow/example_dags/tutorial_dag.py
[2023-09-14T17:43:26.139+0100] {processor.py:839} INFO - DAG(s) dict_keys(['tutorial_dag']) retrieved from /home/joestar/Documents/projects/airflow_etl/airflow_env/lib/python3.8/site-packages/airflow/example_dags/tutorial_dag.py
[2023-09-14T17:43:26.158+0100] {logging_mixin.py:151} INFO - [2023-09-14T17:43:26.158+0100] {dag.py:2915} INFO - Sync 1 DAGs
[2023-09-14T17:43:26.172+0100] {logging_mixin.py:151} INFO - [2023-09-14T17:43:26.172+0100] {dag.py:3696} INFO - Setting next_dagrun for tutorial_dag to None, run_after=None
[2023-09-14T17:43:26.198+0100] {processor.py:179} INFO - Processing /home/joestar/Documents/projects/airflow_etl/airflow_env/lib/python3.8/site-packages/airflow/example_dags/tutorial_dag.py took 0.069 seconds
[2023-09-14T17:44:04.745+0100] {processor.py:157} INFO - Started process (PID=34577) to work on /home/joestar/Documents/projects/airflow_etl/airflow_env/lib/python3.8/site-packages/airflow/example_dags/tutorial_dag.py
[2023-09-14T17:44:04.750+0100] {processor.py:829} INFO - Processing file /home/joestar/Documents/projects/airflow_etl/airflow_env/lib/python3.8/site-packages/airflow/example_dags/tutorial_dag.py for tasks to queue
[2023-09-14T17:44:04.751+0100] {logging_mixin.py:151} INFO - [2023-09-14T17:44:04.751+0100] {dagbag.py:539} INFO - Filling up the DagBag from /home/joestar/Documents/projects/airflow_etl/airflow_env/lib/python3.8/site-packages/airflow/example_dags/tutorial_dag.py
[2023-09-14T17:44:04.768+0100] {processor.py:839} INFO - DAG(s) dict_keys(['tutorial_dag']) retrieved from /home/joestar/Documents/projects/airflow_etl/airflow_env/lib/python3.8/site-packages/airflow/example_dags/tutorial_dag.py
[2023-09-14T17:44:04.824+0100] {logging_mixin.py:151} INFO - [2023-09-14T17:44:04.823+0100] {dag.py:2915} INFO - Sync 1 DAGs
[2023-09-14T17:44:04.868+0100] {logging_mixin.py:151} INFO - [2023-09-14T17:44:04.868+0100] {dag.py:3696} INFO - Setting next_dagrun for tutorial_dag to None, run_after=None
[2023-09-14T17:44:04.908+0100] {processor.py:179} INFO - Processing /home/joestar/Documents/projects/airflow_etl/airflow_env/lib/python3.8/site-packages/airflow/example_dags/tutorial_dag.py took 0.179 seconds
[2023-09-14T17:44:47.678+0100] {processor.py:157} INFO - Started process (PID=34778) to work on /home/joestar/Documents/projects/airflow_etl/airflow_env/lib/python3.8/site-packages/airflow/example_dags/tutorial_dag.py
[2023-09-14T17:44:47.679+0100] {processor.py:829} INFO - Processing file /home/joestar/Documents/projects/airflow_etl/airflow_env/lib/python3.8/site-packages/airflow/example_dags/tutorial_dag.py for tasks to queue
[2023-09-14T17:44:47.681+0100] {logging_mixin.py:151} INFO - [2023-09-14T17:44:47.680+0100] {dagbag.py:539} INFO - Filling up the DagBag from /home/joestar/Documents/projects/airflow_etl/airflow_env/lib/python3.8/site-packages/airflow/example_dags/tutorial_dag.py
[2023-09-14T17:44:47.687+0100] {processor.py:839} INFO - DAG(s) dict_keys(['tutorial_dag']) retrieved from /home/joestar/Documents/projects/airflow_etl/airflow_env/lib/python3.8/site-packages/airflow/example_dags/tutorial_dag.py
[2023-09-14T17:44:47.712+0100] {logging_mixin.py:151} INFO - [2023-09-14T17:44:47.712+0100] {dag.py:2915} INFO - Sync 1 DAGs
[2023-09-14T17:44:47.733+0100] {logging_mixin.py:151} INFO - [2023-09-14T17:44:47.733+0100] {dag.py:3696} INFO - Setting next_dagrun for tutorial_dag to None, run_after=None
[2023-09-14T17:44:47.768+0100] {processor.py:179} INFO - Processing /home/joestar/Documents/projects/airflow_etl/airflow_env/lib/python3.8/site-packages/airflow/example_dags/tutorial_dag.py took 0.095 seconds
[2023-09-14T17:45:28.084+0100] {processor.py:157} INFO - Started process (PID=34943) to work on /home/joestar/Documents/projects/airflow_etl/airflow_env/lib/python3.8/site-packages/airflow/example_dags/tutorial_dag.py
[2023-09-14T17:45:28.086+0100] {processor.py:829} INFO - Processing file /home/joestar/Documents/projects/airflow_etl/airflow_env/lib/python3.8/site-packages/airflow/example_dags/tutorial_dag.py for tasks to queue
[2023-09-14T17:45:28.087+0100] {logging_mixin.py:151} INFO - [2023-09-14T17:45:28.086+0100] {dagbag.py:539} INFO - Filling up the DagBag from /home/joestar/Documents/projects/airflow_etl/airflow_env/lib/python3.8/site-packages/airflow/example_dags/tutorial_dag.py
[2023-09-14T17:45:28.094+0100] {processor.py:839} INFO - DAG(s) dict_keys(['tutorial_dag']) retrieved from /home/joestar/Documents/projects/airflow_etl/airflow_env/lib/python3.8/site-packages/airflow/example_dags/tutorial_dag.py
[2023-09-14T17:45:28.116+0100] {logging_mixin.py:151} INFO - [2023-09-14T17:45:28.116+0100] {dag.py:2915} INFO - Sync 1 DAGs
[2023-09-14T17:45:28.130+0100] {logging_mixin.py:151} INFO - [2023-09-14T17:45:28.130+0100] {dag.py:3696} INFO - Setting next_dagrun for tutorial_dag to None, run_after=None
[2023-09-14T17:45:28.156+0100] {processor.py:179} INFO - Processing /home/joestar/Documents/projects/airflow_etl/airflow_env/lib/python3.8/site-packages/airflow/example_dags/tutorial_dag.py took 0.076 seconds
[2023-09-14T17:46:10.433+0100] {processor.py:157} INFO - Started process (PID=35144) to work on /home/joestar/Documents/projects/airflow_etl/airflow_env/lib/python3.8/site-packages/airflow/example_dags/tutorial_dag.py
[2023-09-14T17:46:10.435+0100] {processor.py:829} INFO - Processing file /home/joestar/Documents/projects/airflow_etl/airflow_env/lib/python3.8/site-packages/airflow/example_dags/tutorial_dag.py for tasks to queue
[2023-09-14T17:46:10.436+0100] {logging_mixin.py:151} INFO - [2023-09-14T17:46:10.435+0100] {dagbag.py:539} INFO - Filling up the DagBag from /home/joestar/Documents/projects/airflow_etl/airflow_env/lib/python3.8/site-packages/airflow/example_dags/tutorial_dag.py
[2023-09-14T17:46:10.442+0100] {processor.py:839} INFO - DAG(s) dict_keys(['tutorial_dag']) retrieved from /home/joestar/Documents/projects/airflow_etl/airflow_env/lib/python3.8/site-packages/airflow/example_dags/tutorial_dag.py
[2023-09-14T17:46:10.471+0100] {logging_mixin.py:151} INFO - [2023-09-14T17:46:10.470+0100] {dag.py:2915} INFO - Sync 1 DAGs
[2023-09-14T17:46:10.492+0100] {logging_mixin.py:151} INFO - [2023-09-14T17:46:10.492+0100] {dag.py:3696} INFO - Setting next_dagrun for tutorial_dag to None, run_after=None
[2023-09-14T17:46:10.526+0100] {processor.py:179} INFO - Processing /home/joestar/Documents/projects/airflow_etl/airflow_env/lib/python3.8/site-packages/airflow/example_dags/tutorial_dag.py took 0.098 seconds
[2023-09-14T17:46:53.472+0100] {processor.py:157} INFO - Started process (PID=35306) to work on /home/joestar/Documents/projects/airflow_etl/airflow_env/lib/python3.8/site-packages/airflow/example_dags/tutorial_dag.py
[2023-09-14T17:46:53.473+0100] {processor.py:829} INFO - Processing file /home/joestar/Documents/projects/airflow_etl/airflow_env/lib/python3.8/site-packages/airflow/example_dags/tutorial_dag.py for tasks to queue
[2023-09-14T17:46:53.474+0100] {logging_mixin.py:151} INFO - [2023-09-14T17:46:53.474+0100] {dagbag.py:539} INFO - Filling up the DagBag from /home/joestar/Documents/projects/airflow_etl/airflow_env/lib/python3.8/site-packages/airflow/example_dags/tutorial_dag.py
[2023-09-14T17:46:53.483+0100] {processor.py:839} INFO - DAG(s) dict_keys(['tutorial_dag']) retrieved from /home/joestar/Documents/projects/airflow_etl/airflow_env/lib/python3.8/site-packages/airflow/example_dags/tutorial_dag.py
[2023-09-14T17:46:53.511+0100] {logging_mixin.py:151} INFO - [2023-09-14T17:46:53.511+0100] {dag.py:2915} INFO - Sync 1 DAGs
[2023-09-14T17:46:53.534+0100] {logging_mixin.py:151} INFO - [2023-09-14T17:46:53.534+0100] {dag.py:3696} INFO - Setting next_dagrun for tutorial_dag to None, run_after=None
[2023-09-14T17:46:53.588+0100] {processor.py:179} INFO - Processing /home/joestar/Documents/projects/airflow_etl/airflow_env/lib/python3.8/site-packages/airflow/example_dags/tutorial_dag.py took 0.121 seconds
[2023-09-14T17:47:48.074+0100] {processor.py:157} INFO - Started process (PID=35521) to work on /home/joestar/Documents/projects/airflow_etl/airflow_env/lib/python3.8/site-packages/airflow/example_dags/tutorial_dag.py
[2023-09-14T17:47:48.075+0100] {processor.py:829} INFO - Processing file /home/joestar/Documents/projects/airflow_etl/airflow_env/lib/python3.8/site-packages/airflow/example_dags/tutorial_dag.py for tasks to queue
[2023-09-14T17:47:48.076+0100] {logging_mixin.py:151} INFO - [2023-09-14T17:47:48.076+0100] {dagbag.py:539} INFO - Filling up the DagBag from /home/joestar/Documents/projects/airflow_etl/airflow_env/lib/python3.8/site-packages/airflow/example_dags/tutorial_dag.py
[2023-09-14T17:47:48.100+0100] {processor.py:839} INFO - DAG(s) dict_keys(['tutorial_dag']) retrieved from /home/joestar/Documents/projects/airflow_etl/airflow_env/lib/python3.8/site-packages/airflow/example_dags/tutorial_dag.py
[2023-09-14T17:47:48.141+0100] {logging_mixin.py:151} INFO - [2023-09-14T17:47:48.140+0100] {dag.py:2915} INFO - Sync 1 DAGs
[2023-09-14T17:47:48.174+0100] {logging_mixin.py:151} INFO - [2023-09-14T17:47:48.174+0100] {dag.py:3696} INFO - Setting next_dagrun for tutorial_dag to None, run_after=None
[2023-09-14T17:47:48.222+0100] {processor.py:179} INFO - Processing /home/joestar/Documents/projects/airflow_etl/airflow_env/lib/python3.8/site-packages/airflow/example_dags/tutorial_dag.py took 0.153 seconds
[2023-09-14T17:48:32.561+0100] {processor.py:157} INFO - Started process (PID=35697) to work on /home/joestar/Documents/projects/airflow_etl/airflow_env/lib/python3.8/site-packages/airflow/example_dags/tutorial_dag.py
[2023-09-14T17:48:32.562+0100] {processor.py:829} INFO - Processing file /home/joestar/Documents/projects/airflow_etl/airflow_env/lib/python3.8/site-packages/airflow/example_dags/tutorial_dag.py for tasks to queue
[2023-09-14T17:48:32.563+0100] {logging_mixin.py:151} INFO - [2023-09-14T17:48:32.562+0100] {dagbag.py:539} INFO - Filling up the DagBag from /home/joestar/Documents/projects/airflow_etl/airflow_env/lib/python3.8/site-packages/airflow/example_dags/tutorial_dag.py
[2023-09-14T17:48:32.568+0100] {processor.py:839} INFO - DAG(s) dict_keys(['tutorial_dag']) retrieved from /home/joestar/Documents/projects/airflow_etl/airflow_env/lib/python3.8/site-packages/airflow/example_dags/tutorial_dag.py
[2023-09-14T17:48:32.585+0100] {logging_mixin.py:151} INFO - [2023-09-14T17:48:32.585+0100] {dag.py:2915} INFO - Sync 1 DAGs
[2023-09-14T17:48:32.596+0100] {logging_mixin.py:151} INFO - [2023-09-14T17:48:32.596+0100] {dag.py:3696} INFO - Setting next_dagrun for tutorial_dag to None, run_after=None
[2023-09-14T17:48:32.620+0100] {processor.py:179} INFO - Processing /home/joestar/Documents/projects/airflow_etl/airflow_env/lib/python3.8/site-packages/airflow/example_dags/tutorial_dag.py took 0.062 seconds
[2023-09-14T17:49:22.816+0100] {processor.py:157} INFO - Started process (PID=35906) to work on /home/joestar/Documents/projects/airflow_etl/airflow_env/lib/python3.8/site-packages/airflow/example_dags/tutorial_dag.py
[2023-09-14T17:49:22.817+0100] {processor.py:829} INFO - Processing file /home/joestar/Documents/projects/airflow_etl/airflow_env/lib/python3.8/site-packages/airflow/example_dags/tutorial_dag.py for tasks to queue
[2023-09-14T17:49:22.819+0100] {logging_mixin.py:151} INFO - [2023-09-14T17:49:22.818+0100] {dagbag.py:539} INFO - Filling up the DagBag from /home/joestar/Documents/projects/airflow_etl/airflow_env/lib/python3.8/site-packages/airflow/example_dags/tutorial_dag.py
[2023-09-14T17:49:22.826+0100] {processor.py:839} INFO - DAG(s) dict_keys(['tutorial_dag']) retrieved from /home/joestar/Documents/projects/airflow_etl/airflow_env/lib/python3.8/site-packages/airflow/example_dags/tutorial_dag.py
[2023-09-14T17:49:22.852+0100] {logging_mixin.py:151} INFO - [2023-09-14T17:49:22.851+0100] {dag.py:2915} INFO - Sync 1 DAGs
[2023-09-14T17:49:22.872+0100] {logging_mixin.py:151} INFO - [2023-09-14T17:49:22.872+0100] {dag.py:3696} INFO - Setting next_dagrun for tutorial_dag to None, run_after=None
[2023-09-14T17:49:22.913+0100] {processor.py:179} INFO - Processing /home/joestar/Documents/projects/airflow_etl/airflow_env/lib/python3.8/site-packages/airflow/example_dags/tutorial_dag.py took 0.101 seconds
[2023-09-14T17:50:03.615+0100] {processor.py:157} INFO - Started process (PID=36066) to work on /home/joestar/Documents/projects/airflow_etl/airflow_env/lib/python3.8/site-packages/airflow/example_dags/tutorial_dag.py
[2023-09-14T17:50:03.616+0100] {processor.py:829} INFO - Processing file /home/joestar/Documents/projects/airflow_etl/airflow_env/lib/python3.8/site-packages/airflow/example_dags/tutorial_dag.py for tasks to queue
[2023-09-14T17:50:03.617+0100] {logging_mixin.py:151} INFO - [2023-09-14T17:50:03.617+0100] {dagbag.py:539} INFO - Filling up the DagBag from /home/joestar/Documents/projects/airflow_etl/airflow_env/lib/python3.8/site-packages/airflow/example_dags/tutorial_dag.py
[2023-09-14T17:50:03.624+0100] {processor.py:839} INFO - DAG(s) dict_keys(['tutorial_dag']) retrieved from /home/joestar/Documents/projects/airflow_etl/airflow_env/lib/python3.8/site-packages/airflow/example_dags/tutorial_dag.py
[2023-09-14T17:50:03.647+0100] {logging_mixin.py:151} INFO - [2023-09-14T17:50:03.646+0100] {dag.py:2915} INFO - Sync 1 DAGs
[2023-09-14T17:50:03.664+0100] {logging_mixin.py:151} INFO - [2023-09-14T17:50:03.664+0100] {dag.py:3696} INFO - Setting next_dagrun for tutorial_dag to None, run_after=None
[2023-09-14T17:50:03.697+0100] {processor.py:179} INFO - Processing /home/joestar/Documents/projects/airflow_etl/airflow_env/lib/python3.8/site-packages/airflow/example_dags/tutorial_dag.py took 0.085 seconds
[2023-09-14T17:50:45.357+0100] {processor.py:157} INFO - Started process (PID=36275) to work on /home/joestar/Documents/projects/airflow_etl/airflow_env/lib/python3.8/site-packages/airflow/example_dags/tutorial_dag.py
[2023-09-14T17:50:45.359+0100] {processor.py:829} INFO - Processing file /home/joestar/Documents/projects/airflow_etl/airflow_env/lib/python3.8/site-packages/airflow/example_dags/tutorial_dag.py for tasks to queue
[2023-09-14T17:50:45.361+0100] {logging_mixin.py:151} INFO - [2023-09-14T17:50:45.360+0100] {dagbag.py:539} INFO - Filling up the DagBag from /home/joestar/Documents/projects/airflow_etl/airflow_env/lib/python3.8/site-packages/airflow/example_dags/tutorial_dag.py
[2023-09-14T17:50:45.372+0100] {processor.py:839} INFO - DAG(s) dict_keys(['tutorial_dag']) retrieved from /home/joestar/Documents/projects/airflow_etl/airflow_env/lib/python3.8/site-packages/airflow/example_dags/tutorial_dag.py
[2023-09-14T17:50:45.398+0100] {logging_mixin.py:151} INFO - [2023-09-14T17:50:45.398+0100] {dag.py:2915} INFO - Sync 1 DAGs
[2023-09-14T17:50:45.410+0100] {logging_mixin.py:151} INFO - [2023-09-14T17:50:45.409+0100] {dag.py:3696} INFO - Setting next_dagrun for tutorial_dag to None, run_after=None
[2023-09-14T17:50:45.436+0100] {processor.py:179} INFO - Processing /home/joestar/Documents/projects/airflow_etl/airflow_env/lib/python3.8/site-packages/airflow/example_dags/tutorial_dag.py took 0.083 seconds
[2023-09-14T17:51:23.952+0100] {processor.py:157} INFO - Started process (PID=36461) to work on /home/joestar/Documents/projects/airflow_etl/airflow_env/lib/python3.8/site-packages/airflow/example_dags/tutorial_dag.py
[2023-09-14T17:51:23.953+0100] {processor.py:829} INFO - Processing file /home/joestar/Documents/projects/airflow_etl/airflow_env/lib/python3.8/site-packages/airflow/example_dags/tutorial_dag.py for tasks to queue
[2023-09-14T17:51:23.954+0100] {logging_mixin.py:151} INFO - [2023-09-14T17:51:23.954+0100] {dagbag.py:539} INFO - Filling up the DagBag from /home/joestar/Documents/projects/airflow_etl/airflow_env/lib/python3.8/site-packages/airflow/example_dags/tutorial_dag.py
[2023-09-14T17:51:23.962+0100] {processor.py:839} INFO - DAG(s) dict_keys(['tutorial_dag']) retrieved from /home/joestar/Documents/projects/airflow_etl/airflow_env/lib/python3.8/site-packages/airflow/example_dags/tutorial_dag.py
[2023-09-14T17:51:23.992+0100] {logging_mixin.py:151} INFO - [2023-09-14T17:51:23.991+0100] {dag.py:2915} INFO - Sync 1 DAGs
[2023-09-14T17:51:24.008+0100] {logging_mixin.py:151} INFO - [2023-09-14T17:51:24.008+0100] {dag.py:3696} INFO - Setting next_dagrun for tutorial_dag to None, run_after=None
[2023-09-14T17:51:24.039+0100] {processor.py:179} INFO - Processing /home/joestar/Documents/projects/airflow_etl/airflow_env/lib/python3.8/site-packages/airflow/example_dags/tutorial_dag.py took 0.090 seconds
[2023-09-14T17:52:01.130+0100] {processor.py:157} INFO - Started process (PID=36603) to work on /home/joestar/Documents/projects/airflow_etl/airflow_env/lib/python3.8/site-packages/airflow/example_dags/tutorial_dag.py
[2023-09-14T17:52:01.132+0100] {processor.py:829} INFO - Processing file /home/joestar/Documents/projects/airflow_etl/airflow_env/lib/python3.8/site-packages/airflow/example_dags/tutorial_dag.py for tasks to queue
[2023-09-14T17:52:01.134+0100] {logging_mixin.py:151} INFO - [2023-09-14T17:52:01.133+0100] {dagbag.py:539} INFO - Filling up the DagBag from /home/joestar/Documents/projects/airflow_etl/airflow_env/lib/python3.8/site-packages/airflow/example_dags/tutorial_dag.py
[2023-09-14T17:52:01.146+0100] {processor.py:839} INFO - DAG(s) dict_keys(['tutorial_dag']) retrieved from /home/joestar/Documents/projects/airflow_etl/airflow_env/lib/python3.8/site-packages/airflow/example_dags/tutorial_dag.py
[2023-09-14T17:52:01.182+0100] {logging_mixin.py:151} INFO - [2023-09-14T17:52:01.181+0100] {dag.py:2915} INFO - Sync 1 DAGs
[2023-09-14T17:52:01.208+0100] {logging_mixin.py:151} INFO - [2023-09-14T17:52:01.208+0100] {dag.py:3696} INFO - Setting next_dagrun for tutorial_dag to None, run_after=None
[2023-09-14T17:52:01.245+0100] {processor.py:179} INFO - Processing /home/joestar/Documents/projects/airflow_etl/airflow_env/lib/python3.8/site-packages/airflow/example_dags/tutorial_dag.py took 0.121 seconds
[2023-09-14T17:52:40.424+0100] {processor.py:157} INFO - Started process (PID=36791) to work on /home/joestar/Documents/projects/airflow_etl/airflow_env/lib/python3.8/site-packages/airflow/example_dags/tutorial_dag.py
[2023-09-14T17:52:40.425+0100] {processor.py:829} INFO - Processing file /home/joestar/Documents/projects/airflow_etl/airflow_env/lib/python3.8/site-packages/airflow/example_dags/tutorial_dag.py for tasks to queue
[2023-09-14T17:52:40.426+0100] {logging_mixin.py:151} INFO - [2023-09-14T17:52:40.425+0100] {dagbag.py:539} INFO - Filling up the DagBag from /home/joestar/Documents/projects/airflow_etl/airflow_env/lib/python3.8/site-packages/airflow/example_dags/tutorial_dag.py
[2023-09-14T17:52:40.432+0100] {processor.py:839} INFO - DAG(s) dict_keys(['tutorial_dag']) retrieved from /home/joestar/Documents/projects/airflow_etl/airflow_env/lib/python3.8/site-packages/airflow/example_dags/tutorial_dag.py
[2023-09-14T17:52:40.448+0100] {logging_mixin.py:151} INFO - [2023-09-14T17:52:40.448+0100] {dag.py:2915} INFO - Sync 1 DAGs
[2023-09-14T17:52:40.459+0100] {logging_mixin.py:151} INFO - [2023-09-14T17:52:40.459+0100] {dag.py:3696} INFO - Setting next_dagrun for tutorial_dag to None, run_after=None
[2023-09-14T17:52:40.487+0100] {processor.py:179} INFO - Processing /home/joestar/Documents/projects/airflow_etl/airflow_env/lib/python3.8/site-packages/airflow/example_dags/tutorial_dag.py took 0.066 seconds
[2023-09-14T17:54:01.465+0100] {processor.py:157} INFO - Started process (PID=37228) to work on /home/joestar/Documents/projects/airflow_etl/airflow_env/lib/python3.8/site-packages/airflow/example_dags/tutorial_dag.py
[2023-09-14T17:54:01.466+0100] {processor.py:829} INFO - Processing file /home/joestar/Documents/projects/airflow_etl/airflow_env/lib/python3.8/site-packages/airflow/example_dags/tutorial_dag.py for tasks to queue
[2023-09-14T17:54:01.467+0100] {logging_mixin.py:151} INFO - [2023-09-14T17:54:01.467+0100] {dagbag.py:539} INFO - Filling up the DagBag from /home/joestar/Documents/projects/airflow_etl/airflow_env/lib/python3.8/site-packages/airflow/example_dags/tutorial_dag.py
[2023-09-14T17:54:01.472+0100] {processor.py:839} INFO - DAG(s) dict_keys(['tutorial_dag']) retrieved from /home/joestar/Documents/projects/airflow_etl/airflow_env/lib/python3.8/site-packages/airflow/example_dags/tutorial_dag.py
[2023-09-14T17:54:01.487+0100] {logging_mixin.py:151} INFO - [2023-09-14T17:54:01.487+0100] {dag.py:2915} INFO - Sync 1 DAGs
[2023-09-14T17:54:01.498+0100] {logging_mixin.py:151} INFO - [2023-09-14T17:54:01.498+0100] {dag.py:3696} INFO - Setting next_dagrun for tutorial_dag to None, run_after=None
[2023-09-14T17:54:01.522+0100] {processor.py:179} INFO - Processing /home/joestar/Documents/projects/airflow_etl/airflow_env/lib/python3.8/site-packages/airflow/example_dags/tutorial_dag.py took 0.060 seconds
[2023-09-14T18:02:53.985+0100] {processor.py:157} INFO - Started process (PID=38659) to work on /home/joestar/Documents/projects/airflow_etl/airflow_env/lib/python3.8/site-packages/airflow/example_dags/tutorial_dag.py
[2023-09-14T18:02:53.986+0100] {processor.py:829} INFO - Processing file /home/joestar/Documents/projects/airflow_etl/airflow_env/lib/python3.8/site-packages/airflow/example_dags/tutorial_dag.py for tasks to queue
[2023-09-14T18:02:53.987+0100] {logging_mixin.py:151} INFO - [2023-09-14T18:02:53.987+0100] {dagbag.py:539} INFO - Filling up the DagBag from /home/joestar/Documents/projects/airflow_etl/airflow_env/lib/python3.8/site-packages/airflow/example_dags/tutorial_dag.py
[2023-09-14T18:02:53.994+0100] {processor.py:839} INFO - DAG(s) dict_keys(['tutorial_dag']) retrieved from /home/joestar/Documents/projects/airflow_etl/airflow_env/lib/python3.8/site-packages/airflow/example_dags/tutorial_dag.py
[2023-09-14T18:02:54.017+0100] {logging_mixin.py:151} INFO - [2023-09-14T18:02:54.016+0100] {dag.py:2915} INFO - Sync 1 DAGs
[2023-09-14T18:02:54.032+0100] {logging_mixin.py:151} INFO - [2023-09-14T18:02:54.032+0100] {dag.py:3696} INFO - Setting next_dagrun for tutorial_dag to None, run_after=None
[2023-09-14T18:02:54.062+0100] {processor.py:179} INFO - Processing /home/joestar/Documents/projects/airflow_etl/airflow_env/lib/python3.8/site-packages/airflow/example_dags/tutorial_dag.py took 0.080 seconds
[2023-09-14T18:03:46.424+0100] {processor.py:157} INFO - Started process (PID=38899) to work on /home/joestar/Documents/projects/airflow_etl/airflow_env/lib/python3.8/site-packages/airflow/example_dags/tutorial_dag.py
[2023-09-14T18:03:46.429+0100] {processor.py:829} INFO - Processing file /home/joestar/Documents/projects/airflow_etl/airflow_env/lib/python3.8/site-packages/airflow/example_dags/tutorial_dag.py for tasks to queue
[2023-09-14T18:03:46.430+0100] {logging_mixin.py:151} INFO - [2023-09-14T18:03:46.429+0100] {dagbag.py:539} INFO - Filling up the DagBag from /home/joestar/Documents/projects/airflow_etl/airflow_env/lib/python3.8/site-packages/airflow/example_dags/tutorial_dag.py
[2023-09-14T18:03:46.445+0100] {processor.py:839} INFO - DAG(s) dict_keys(['tutorial_dag']) retrieved from /home/joestar/Documents/projects/airflow_etl/airflow_env/lib/python3.8/site-packages/airflow/example_dags/tutorial_dag.py
[2023-09-14T18:03:46.490+0100] {logging_mixin.py:151} INFO - [2023-09-14T18:03:46.490+0100] {dag.py:2915} INFO - Sync 1 DAGs
[2023-09-14T18:03:46.512+0100] {logging_mixin.py:151} INFO - [2023-09-14T18:03:46.512+0100] {dag.py:3696} INFO - Setting next_dagrun for tutorial_dag to None, run_after=None
[2023-09-14T18:03:46.555+0100] {processor.py:179} INFO - Processing /home/joestar/Documents/projects/airflow_etl/airflow_env/lib/python3.8/site-packages/airflow/example_dags/tutorial_dag.py took 0.135 seconds
[2023-09-14T18:04:30.481+0100] {processor.py:157} INFO - Started process (PID=39107) to work on /home/joestar/Documents/projects/airflow_etl/airflow_env/lib/python3.8/site-packages/airflow/example_dags/tutorial_dag.py
[2023-09-14T18:04:30.482+0100] {processor.py:829} INFO - Processing file /home/joestar/Documents/projects/airflow_etl/airflow_env/lib/python3.8/site-packages/airflow/example_dags/tutorial_dag.py for tasks to queue
[2023-09-14T18:04:30.483+0100] {logging_mixin.py:151} INFO - [2023-09-14T18:04:30.483+0100] {dagbag.py:539} INFO - Filling up the DagBag from /home/joestar/Documents/projects/airflow_etl/airflow_env/lib/python3.8/site-packages/airflow/example_dags/tutorial_dag.py
[2023-09-14T18:04:30.488+0100] {processor.py:839} INFO - DAG(s) dict_keys(['tutorial_dag']) retrieved from /home/joestar/Documents/projects/airflow_etl/airflow_env/lib/python3.8/site-packages/airflow/example_dags/tutorial_dag.py
[2023-09-14T18:04:30.503+0100] {logging_mixin.py:151} INFO - [2023-09-14T18:04:30.503+0100] {dag.py:2915} INFO - Sync 1 DAGs
[2023-09-14T18:04:30.516+0100] {logging_mixin.py:151} INFO - [2023-09-14T18:04:30.516+0100] {dag.py:3696} INFO - Setting next_dagrun for tutorial_dag to None, run_after=None
[2023-09-14T18:04:30.546+0100] {processor.py:179} INFO - Processing /home/joestar/Documents/projects/airflow_etl/airflow_env/lib/python3.8/site-packages/airflow/example_dags/tutorial_dag.py took 0.068 seconds
