[2023-09-14T17:12:03.098+0100] {processor.py:157} INFO - Started process (PID=24241) to work on /home/joestar/Documents/projects/airflow_etl/airflow_env/lib/python3.8/site-packages/airflow/example_dags/tutorial.py
[2023-09-14T17:12:03.099+0100] {processor.py:829} INFO - Processing file /home/joestar/Documents/projects/airflow_etl/airflow_env/lib/python3.8/site-packages/airflow/example_dags/tutorial.py for tasks to queue
[2023-09-14T17:12:03.101+0100] {logging_mixin.py:151} INFO - [2023-09-14T17:12:03.100+0100] {dagbag.py:539} INFO - Filling up the DagBag from /home/joestar/Documents/projects/airflow_etl/airflow_env/lib/python3.8/site-packages/airflow/example_dags/tutorial.py
[2023-09-14T17:12:03.110+0100] {processor.py:839} INFO - DAG(s) dict_keys(['tutorial']) retrieved from /home/joestar/Documents/projects/airflow_etl/airflow_env/lib/python3.8/site-packages/airflow/example_dags/tutorial.py
[2023-09-14T17:12:03.279+0100] {logging_mixin.py:151} INFO - [2023-09-14T17:12:03.279+0100] {manager.py:499} INFO - Created Permission View: %s
[2023-09-14T17:12:03.302+0100] {logging_mixin.py:151} INFO - [2023-09-14T17:12:03.301+0100] {manager.py:499} INFO - Created Permission View: %s
[2023-09-14T17:12:03.325+0100] {logging_mixin.py:151} INFO - [2023-09-14T17:12:03.325+0100] {manager.py:499} INFO - Created Permission View: %s
[2023-09-14T17:12:03.326+0100] {logging_mixin.py:151} INFO - [2023-09-14T17:12:03.326+0100] {security.py:708} INFO - Not syncing DAG-level permissions for DAG 'DAG:tutorial' as access control is unset.
[2023-09-14T17:12:03.327+0100] {logging_mixin.py:151} INFO - [2023-09-14T17:12:03.326+0100] {dag.py:2915} INFO - Sync 1 DAGs
[2023-09-14T17:12:03.344+0100] {logging_mixin.py:151} INFO - [2023-09-14T17:12:03.344+0100] {dag.py:2937} INFO - Creating ORM DAG for tutorial
[2023-09-14T17:12:03.356+0100] {logging_mixin.py:151} INFO - [2023-09-14T17:12:03.356+0100] {dag.py:3696} INFO - Setting next_dagrun for tutorial to 2023-09-13T16:12:03.356246+00:00, run_after=2023-09-14T16:12:03.356246+00:00
[2023-09-14T17:12:03.390+0100] {processor.py:179} INFO - Processing /home/joestar/Documents/projects/airflow_etl/airflow_env/lib/python3.8/site-packages/airflow/example_dags/tutorial.py took 0.297 seconds
[2023-09-14T17:12:56.482+0100] {processor.py:157} INFO - Started process (PID=24641) to work on /home/joestar/Documents/projects/airflow_etl/airflow_env/lib/python3.8/site-packages/airflow/example_dags/tutorial.py
[2023-09-14T17:12:56.483+0100] {processor.py:829} INFO - Processing file /home/joestar/Documents/projects/airflow_etl/airflow_env/lib/python3.8/site-packages/airflow/example_dags/tutorial.py for tasks to queue
[2023-09-14T17:12:56.483+0100] {logging_mixin.py:151} INFO - [2023-09-14T17:12:56.483+0100] {dagbag.py:539} INFO - Filling up the DagBag from /home/joestar/Documents/projects/airflow_etl/airflow_env/lib/python3.8/site-packages/airflow/example_dags/tutorial.py
[2023-09-14T17:12:56.490+0100] {processor.py:839} INFO - DAG(s) dict_keys(['tutorial']) retrieved from /home/joestar/Documents/projects/airflow_etl/airflow_env/lib/python3.8/site-packages/airflow/example_dags/tutorial.py
[2023-09-14T17:12:56.502+0100] {logging_mixin.py:151} INFO - [2023-09-14T17:12:56.502+0100] {dag.py:2915} INFO - Sync 1 DAGs
[2023-09-14T17:12:56.517+0100] {logging_mixin.py:151} INFO - [2023-09-14T17:12:56.517+0100] {dag.py:3696} INFO - Setting next_dagrun for tutorial to 2023-09-13T16:12:56.517449+00:00, run_after=2023-09-14T16:12:56.517449+00:00
[2023-09-14T17:12:56.548+0100] {processor.py:179} INFO - Processing /home/joestar/Documents/projects/airflow_etl/airflow_env/lib/python3.8/site-packages/airflow/example_dags/tutorial.py took 0.070 seconds
[2023-09-14T17:13:43.997+0100] {processor.py:157} INFO - Started process (PID=24974) to work on /home/joestar/Documents/projects/airflow_etl/airflow_env/lib/python3.8/site-packages/airflow/example_dags/tutorial.py
[2023-09-14T17:13:43.999+0100] {processor.py:829} INFO - Processing file /home/joestar/Documents/projects/airflow_etl/airflow_env/lib/python3.8/site-packages/airflow/example_dags/tutorial.py for tasks to queue
[2023-09-14T17:13:44.000+0100] {logging_mixin.py:151} INFO - [2023-09-14T17:13:44.000+0100] {dagbag.py:539} INFO - Filling up the DagBag from /home/joestar/Documents/projects/airflow_etl/airflow_env/lib/python3.8/site-packages/airflow/example_dags/tutorial.py
[2023-09-14T17:13:44.012+0100] {processor.py:839} INFO - DAG(s) dict_keys(['tutorial']) retrieved from /home/joestar/Documents/projects/airflow_etl/airflow_env/lib/python3.8/site-packages/airflow/example_dags/tutorial.py
[2023-09-14T17:13:44.031+0100] {logging_mixin.py:151} INFO - [2023-09-14T17:13:44.031+0100] {dag.py:2915} INFO - Sync 1 DAGs
[2023-09-14T17:13:44.049+0100] {logging_mixin.py:151} INFO - [2023-09-14T17:13:44.048+0100] {dag.py:3696} INFO - Setting next_dagrun for tutorial to 2023-09-13T16:13:44.048796+00:00, run_after=2023-09-14T16:13:44.048796+00:00
[2023-09-14T17:13:44.081+0100] {processor.py:179} INFO - Processing /home/joestar/Documents/projects/airflow_etl/airflow_env/lib/python3.8/site-packages/airflow/example_dags/tutorial.py took 0.089 seconds
[2023-09-14T17:14:30.730+0100] {processor.py:157} INFO - Started process (PID=25283) to work on /home/joestar/Documents/projects/airflow_etl/airflow_env/lib/python3.8/site-packages/airflow/example_dags/tutorial.py
[2023-09-14T17:14:30.732+0100] {processor.py:829} INFO - Processing file /home/joestar/Documents/projects/airflow_etl/airflow_env/lib/python3.8/site-packages/airflow/example_dags/tutorial.py for tasks to queue
[2023-09-14T17:14:30.734+0100] {logging_mixin.py:151} INFO - [2023-09-14T17:14:30.734+0100] {dagbag.py:539} INFO - Filling up the DagBag from /home/joestar/Documents/projects/airflow_etl/airflow_env/lib/python3.8/site-packages/airflow/example_dags/tutorial.py
[2023-09-14T17:14:30.744+0100] {processor.py:839} INFO - DAG(s) dict_keys(['tutorial']) retrieved from /home/joestar/Documents/projects/airflow_etl/airflow_env/lib/python3.8/site-packages/airflow/example_dags/tutorial.py
[2023-09-14T17:14:30.768+0100] {logging_mixin.py:151} INFO - [2023-09-14T17:14:30.767+0100] {dag.py:2915} INFO - Sync 1 DAGs
[2023-09-14T17:14:30.794+0100] {logging_mixin.py:151} INFO - [2023-09-14T17:14:30.793+0100] {dag.py:3696} INFO - Setting next_dagrun for tutorial to 2023-09-13T16:14:30.793614+00:00, run_after=2023-09-14T16:14:30.793614+00:00
[2023-09-14T17:14:30.824+0100] {processor.py:179} INFO - Processing /home/joestar/Documents/projects/airflow_etl/airflow_env/lib/python3.8/site-packages/airflow/example_dags/tutorial.py took 0.098 seconds
[2023-09-14T17:15:11.340+0100] {processor.py:157} INFO - Started process (PID=25842) to work on /home/joestar/Documents/projects/airflow_etl/airflow_env/lib/python3.8/site-packages/airflow/example_dags/tutorial.py
[2023-09-14T17:15:11.341+0100] {processor.py:829} INFO - Processing file /home/joestar/Documents/projects/airflow_etl/airflow_env/lib/python3.8/site-packages/airflow/example_dags/tutorial.py for tasks to queue
[2023-09-14T17:15:11.342+0100] {logging_mixin.py:151} INFO - [2023-09-14T17:15:11.342+0100] {dagbag.py:539} INFO - Filling up the DagBag from /home/joestar/Documents/projects/airflow_etl/airflow_env/lib/python3.8/site-packages/airflow/example_dags/tutorial.py
[2023-09-14T17:15:11.349+0100] {processor.py:839} INFO - DAG(s) dict_keys(['tutorial']) retrieved from /home/joestar/Documents/projects/airflow_etl/airflow_env/lib/python3.8/site-packages/airflow/example_dags/tutorial.py
[2023-09-14T17:15:11.365+0100] {logging_mixin.py:151} INFO - [2023-09-14T17:15:11.364+0100] {dag.py:2915} INFO - Sync 1 DAGs
[2023-09-14T17:15:11.385+0100] {logging_mixin.py:151} INFO - [2023-09-14T17:15:11.385+0100] {dag.py:3696} INFO - Setting next_dagrun for tutorial to 2023-09-13T16:15:11.384923+00:00, run_after=2023-09-14T16:15:11.384923+00:00
[2023-09-14T17:15:11.436+0100] {processor.py:179} INFO - Processing /home/joestar/Documents/projects/airflow_etl/airflow_env/lib/python3.8/site-packages/airflow/example_dags/tutorial.py took 0.100 seconds
[2023-09-14T17:15:50.774+0100] {processor.py:157} INFO - Started process (PID=26016) to work on /home/joestar/Documents/projects/airflow_etl/airflow_env/lib/python3.8/site-packages/airflow/example_dags/tutorial.py
[2023-09-14T17:15:50.775+0100] {processor.py:829} INFO - Processing file /home/joestar/Documents/projects/airflow_etl/airflow_env/lib/python3.8/site-packages/airflow/example_dags/tutorial.py for tasks to queue
[2023-09-14T17:15:50.777+0100] {logging_mixin.py:151} INFO - [2023-09-14T17:15:50.776+0100] {dagbag.py:539} INFO - Filling up the DagBag from /home/joestar/Documents/projects/airflow_etl/airflow_env/lib/python3.8/site-packages/airflow/example_dags/tutorial.py
[2023-09-14T17:15:50.789+0100] {processor.py:839} INFO - DAG(s) dict_keys(['tutorial']) retrieved from /home/joestar/Documents/projects/airflow_etl/airflow_env/lib/python3.8/site-packages/airflow/example_dags/tutorial.py
[2023-09-14T17:15:50.816+0100] {logging_mixin.py:151} INFO - [2023-09-14T17:15:50.816+0100] {dag.py:2915} INFO - Sync 1 DAGs
[2023-09-14T17:15:50.854+0100] {logging_mixin.py:151} INFO - [2023-09-14T17:15:50.854+0100] {dag.py:3696} INFO - Setting next_dagrun for tutorial to 2023-09-13T16:15:50.853916+00:00, run_after=2023-09-14T16:15:50.853916+00:00
[2023-09-14T17:15:50.900+0100] {processor.py:179} INFO - Processing /home/joestar/Documents/projects/airflow_etl/airflow_env/lib/python3.8/site-packages/airflow/example_dags/tutorial.py took 0.132 seconds
[2023-09-14T17:16:26.769+0100] {processor.py:157} INFO - Started process (PID=26189) to work on /home/joestar/Documents/projects/airflow_etl/airflow_env/lib/python3.8/site-packages/airflow/example_dags/tutorial.py
[2023-09-14T17:16:26.770+0100] {processor.py:829} INFO - Processing file /home/joestar/Documents/projects/airflow_etl/airflow_env/lib/python3.8/site-packages/airflow/example_dags/tutorial.py for tasks to queue
[2023-09-14T17:16:26.771+0100] {logging_mixin.py:151} INFO - [2023-09-14T17:16:26.771+0100] {dagbag.py:539} INFO - Filling up the DagBag from /home/joestar/Documents/projects/airflow_etl/airflow_env/lib/python3.8/site-packages/airflow/example_dags/tutorial.py
[2023-09-14T17:16:26.778+0100] {processor.py:839} INFO - DAG(s) dict_keys(['tutorial']) retrieved from /home/joestar/Documents/projects/airflow_etl/airflow_env/lib/python3.8/site-packages/airflow/example_dags/tutorial.py
[2023-09-14T17:16:26.796+0100] {logging_mixin.py:151} INFO - [2023-09-14T17:16:26.796+0100] {dag.py:2915} INFO - Sync 1 DAGs
[2023-09-14T17:16:26.815+0100] {logging_mixin.py:151} INFO - [2023-09-14T17:16:26.814+0100] {dag.py:3696} INFO - Setting next_dagrun for tutorial to 2023-09-13T16:16:26.814608+00:00, run_after=2023-09-14T16:16:26.814608+00:00
[2023-09-14T17:16:26.839+0100] {processor.py:179} INFO - Processing /home/joestar/Documents/projects/airflow_etl/airflow_env/lib/python3.8/site-packages/airflow/example_dags/tutorial.py took 0.073 seconds
[2023-09-14T17:17:00.988+0100] {processor.py:157} INFO - Started process (PID=26360) to work on /home/joestar/Documents/projects/airflow_etl/airflow_env/lib/python3.8/site-packages/airflow/example_dags/tutorial.py
[2023-09-14T17:17:00.989+0100] {processor.py:829} INFO - Processing file /home/joestar/Documents/projects/airflow_etl/airflow_env/lib/python3.8/site-packages/airflow/example_dags/tutorial.py for tasks to queue
[2023-09-14T17:17:00.991+0100] {logging_mixin.py:151} INFO - [2023-09-14T17:17:00.990+0100] {dagbag.py:539} INFO - Filling up the DagBag from /home/joestar/Documents/projects/airflow_etl/airflow_env/lib/python3.8/site-packages/airflow/example_dags/tutorial.py
[2023-09-14T17:17:01.002+0100] {processor.py:839} INFO - DAG(s) dict_keys(['tutorial']) retrieved from /home/joestar/Documents/projects/airflow_etl/airflow_env/lib/python3.8/site-packages/airflow/example_dags/tutorial.py
[2023-09-14T17:17:01.032+0100] {logging_mixin.py:151} INFO - [2023-09-14T17:17:01.031+0100] {dag.py:2915} INFO - Sync 1 DAGs
[2023-09-14T17:17:01.071+0100] {logging_mixin.py:151} INFO - [2023-09-14T17:17:01.070+0100] {dag.py:3696} INFO - Setting next_dagrun for tutorial to 2023-09-13T16:17:01.069695+00:00, run_after=2023-09-14T16:17:01.069695+00:00
[2023-09-14T17:17:01.123+0100] {processor.py:179} INFO - Processing /home/joestar/Documents/projects/airflow_etl/airflow_env/lib/python3.8/site-packages/airflow/example_dags/tutorial.py took 0.146 seconds
[2023-09-14T17:17:36.072+0100] {processor.py:157} INFO - Started process (PID=26534) to work on /home/joestar/Documents/projects/airflow_etl/airflow_env/lib/python3.8/site-packages/airflow/example_dags/tutorial.py
[2023-09-14T17:17:36.073+0100] {processor.py:829} INFO - Processing file /home/joestar/Documents/projects/airflow_etl/airflow_env/lib/python3.8/site-packages/airflow/example_dags/tutorial.py for tasks to queue
[2023-09-14T17:17:36.074+0100] {logging_mixin.py:151} INFO - [2023-09-14T17:17:36.074+0100] {dagbag.py:539} INFO - Filling up the DagBag from /home/joestar/Documents/projects/airflow_etl/airflow_env/lib/python3.8/site-packages/airflow/example_dags/tutorial.py
[2023-09-14T17:17:36.080+0100] {processor.py:839} INFO - DAG(s) dict_keys(['tutorial']) retrieved from /home/joestar/Documents/projects/airflow_etl/airflow_env/lib/python3.8/site-packages/airflow/example_dags/tutorial.py
[2023-09-14T17:17:36.094+0100] {logging_mixin.py:151} INFO - [2023-09-14T17:17:36.093+0100] {dag.py:2915} INFO - Sync 1 DAGs
[2023-09-14T17:17:36.112+0100] {logging_mixin.py:151} INFO - [2023-09-14T17:17:36.112+0100] {dag.py:3696} INFO - Setting next_dagrun for tutorial to 2023-09-13T16:17:36.112356+00:00, run_after=2023-09-14T16:17:36.112356+00:00
[2023-09-14T17:17:36.143+0100] {processor.py:179} INFO - Processing /home/joestar/Documents/projects/airflow_etl/airflow_env/lib/python3.8/site-packages/airflow/example_dags/tutorial.py took 0.074 seconds
[2023-09-14T17:18:10.680+0100] {processor.py:157} INFO - Started process (PID=26739) to work on /home/joestar/Documents/projects/airflow_etl/airflow_env/lib/python3.8/site-packages/airflow/example_dags/tutorial.py
[2023-09-14T17:18:10.681+0100] {processor.py:829} INFO - Processing file /home/joestar/Documents/projects/airflow_etl/airflow_env/lib/python3.8/site-packages/airflow/example_dags/tutorial.py for tasks to queue
[2023-09-14T17:18:10.682+0100] {logging_mixin.py:151} INFO - [2023-09-14T17:18:10.681+0100] {dagbag.py:539} INFO - Filling up the DagBag from /home/joestar/Documents/projects/airflow_etl/airflow_env/lib/python3.8/site-packages/airflow/example_dags/tutorial.py
[2023-09-14T17:18:10.689+0100] {processor.py:839} INFO - DAG(s) dict_keys(['tutorial']) retrieved from /home/joestar/Documents/projects/airflow_etl/airflow_env/lib/python3.8/site-packages/airflow/example_dags/tutorial.py
[2023-09-14T17:18:10.707+0100] {logging_mixin.py:151} INFO - [2023-09-14T17:18:10.707+0100] {dag.py:2915} INFO - Sync 1 DAGs
[2023-09-14T17:18:10.730+0100] {logging_mixin.py:151} INFO - [2023-09-14T17:18:10.730+0100] {dag.py:3696} INFO - Setting next_dagrun for tutorial to 2023-09-13T16:18:10.730505+00:00, run_after=2023-09-14T16:18:10.730505+00:00
[2023-09-14T17:18:10.761+0100] {processor.py:179} INFO - Processing /home/joestar/Documents/projects/airflow_etl/airflow_env/lib/python3.8/site-packages/airflow/example_dags/tutorial.py took 0.084 seconds
[2023-09-14T17:19:00.537+0100] {processor.py:157} INFO - Started process (PID=27182) to work on /home/joestar/Documents/projects/airflow_etl/airflow_env/lib/python3.8/site-packages/airflow/example_dags/tutorial.py
[2023-09-14T17:19:00.538+0100] {processor.py:829} INFO - Processing file /home/joestar/Documents/projects/airflow_etl/airflow_env/lib/python3.8/site-packages/airflow/example_dags/tutorial.py for tasks to queue
[2023-09-14T17:19:00.539+0100] {logging_mixin.py:151} INFO - [2023-09-14T17:19:00.538+0100] {dagbag.py:539} INFO - Filling up the DagBag from /home/joestar/Documents/projects/airflow_etl/airflow_env/lib/python3.8/site-packages/airflow/example_dags/tutorial.py
[2023-09-14T17:19:00.545+0100] {processor.py:839} INFO - DAG(s) dict_keys(['tutorial']) retrieved from /home/joestar/Documents/projects/airflow_etl/airflow_env/lib/python3.8/site-packages/airflow/example_dags/tutorial.py
[2023-09-14T17:19:00.559+0100] {logging_mixin.py:151} INFO - [2023-09-14T17:19:00.559+0100] {dag.py:2915} INFO - Sync 1 DAGs
[2023-09-14T17:19:00.577+0100] {logging_mixin.py:151} INFO - [2023-09-14T17:19:00.577+0100] {dag.py:3696} INFO - Setting next_dagrun for tutorial to 2023-09-13T16:19:00.577269+00:00, run_after=2023-09-14T16:19:00.577269+00:00
[2023-09-14T17:19:00.600+0100] {processor.py:179} INFO - Processing /home/joestar/Documents/projects/airflow_etl/airflow_env/lib/python3.8/site-packages/airflow/example_dags/tutorial.py took 0.066 seconds
[2023-09-14T17:19:42.048+0100] {processor.py:157} INFO - Started process (PID=27376) to work on /home/joestar/Documents/projects/airflow_etl/airflow_env/lib/python3.8/site-packages/airflow/example_dags/tutorial.py
[2023-09-14T17:19:42.049+0100] {processor.py:829} INFO - Processing file /home/joestar/Documents/projects/airflow_etl/airflow_env/lib/python3.8/site-packages/airflow/example_dags/tutorial.py for tasks to queue
[2023-09-14T17:19:42.050+0100] {logging_mixin.py:151} INFO - [2023-09-14T17:19:42.050+0100] {dagbag.py:539} INFO - Filling up the DagBag from /home/joestar/Documents/projects/airflow_etl/airflow_env/lib/python3.8/site-packages/airflow/example_dags/tutorial.py
[2023-09-14T17:19:42.059+0100] {processor.py:839} INFO - DAG(s) dict_keys(['tutorial']) retrieved from /home/joestar/Documents/projects/airflow_etl/airflow_env/lib/python3.8/site-packages/airflow/example_dags/tutorial.py
[2023-09-14T17:19:42.081+0100] {logging_mixin.py:151} INFO - [2023-09-14T17:19:42.081+0100] {dag.py:2915} INFO - Sync 1 DAGs
[2023-09-14T17:19:42.113+0100] {logging_mixin.py:151} INFO - [2023-09-14T17:19:42.113+0100] {dag.py:3696} INFO - Setting next_dagrun for tutorial to 2023-09-13T16:19:42.113051+00:00, run_after=2023-09-14T16:19:42.113051+00:00
[2023-09-14T17:19:42.145+0100] {processor.py:179} INFO - Processing /home/joestar/Documents/projects/airflow_etl/airflow_env/lib/python3.8/site-packages/airflow/example_dags/tutorial.py took 0.101 seconds
[2023-09-14T17:20:18.148+0100] {processor.py:157} INFO - Started process (PID=27519) to work on /home/joestar/Documents/projects/airflow_etl/airflow_env/lib/python3.8/site-packages/airflow/example_dags/tutorial.py
[2023-09-14T17:20:18.150+0100] {processor.py:829} INFO - Processing file /home/joestar/Documents/projects/airflow_etl/airflow_env/lib/python3.8/site-packages/airflow/example_dags/tutorial.py for tasks to queue
[2023-09-14T17:20:18.152+0100] {logging_mixin.py:151} INFO - [2023-09-14T17:20:18.151+0100] {dagbag.py:539} INFO - Filling up the DagBag from /home/joestar/Documents/projects/airflow_etl/airflow_env/lib/python3.8/site-packages/airflow/example_dags/tutorial.py
[2023-09-14T17:20:18.166+0100] {processor.py:839} INFO - DAG(s) dict_keys(['tutorial']) retrieved from /home/joestar/Documents/projects/airflow_etl/airflow_env/lib/python3.8/site-packages/airflow/example_dags/tutorial.py
[2023-09-14T17:20:18.187+0100] {logging_mixin.py:151} INFO - [2023-09-14T17:20:18.186+0100] {dag.py:2915} INFO - Sync 1 DAGs
[2023-09-14T17:20:18.218+0100] {logging_mixin.py:151} INFO - [2023-09-14T17:20:18.217+0100] {dag.py:3696} INFO - Setting next_dagrun for tutorial to 2023-09-13T16:20:18.217554+00:00, run_after=2023-09-14T16:20:18.217554+00:00
[2023-09-14T17:20:18.245+0100] {processor.py:179} INFO - Processing /home/joestar/Documents/projects/airflow_etl/airflow_env/lib/python3.8/site-packages/airflow/example_dags/tutorial.py took 0.101 seconds
[2023-09-14T17:20:52.174+0100] {processor.py:157} INFO - Started process (PID=27657) to work on /home/joestar/Documents/projects/airflow_etl/airflow_env/lib/python3.8/site-packages/airflow/example_dags/tutorial.py
[2023-09-14T17:20:52.176+0100] {processor.py:829} INFO - Processing file /home/joestar/Documents/projects/airflow_etl/airflow_env/lib/python3.8/site-packages/airflow/example_dags/tutorial.py for tasks to queue
[2023-09-14T17:20:52.178+0100] {logging_mixin.py:151} INFO - [2023-09-14T17:20:52.177+0100] {dagbag.py:539} INFO - Filling up the DagBag from /home/joestar/Documents/projects/airflow_etl/airflow_env/lib/python3.8/site-packages/airflow/example_dags/tutorial.py
[2023-09-14T17:20:52.186+0100] {processor.py:839} INFO - DAG(s) dict_keys(['tutorial']) retrieved from /home/joestar/Documents/projects/airflow_etl/airflow_env/lib/python3.8/site-packages/airflow/example_dags/tutorial.py
[2023-09-14T17:20:52.207+0100] {logging_mixin.py:151} INFO - [2023-09-14T17:20:52.207+0100] {dag.py:2915} INFO - Sync 1 DAGs
[2023-09-14T17:20:52.236+0100] {logging_mixin.py:151} INFO - [2023-09-14T17:20:52.235+0100] {dag.py:3696} INFO - Setting next_dagrun for tutorial to 2023-09-13T16:20:52.235645+00:00, run_after=2023-09-14T16:20:52.235645+00:00
[2023-09-14T17:20:52.265+0100] {processor.py:179} INFO - Processing /home/joestar/Documents/projects/airflow_etl/airflow_env/lib/python3.8/site-packages/airflow/example_dags/tutorial.py took 0.093 seconds
[2023-09-14T17:21:26.417+0100] {processor.py:157} INFO - Started process (PID=27823) to work on /home/joestar/Documents/projects/airflow_etl/airflow_env/lib/python3.8/site-packages/airflow/example_dags/tutorial.py
[2023-09-14T17:21:26.418+0100] {processor.py:829} INFO - Processing file /home/joestar/Documents/projects/airflow_etl/airflow_env/lib/python3.8/site-packages/airflow/example_dags/tutorial.py for tasks to queue
[2023-09-14T17:21:26.419+0100] {logging_mixin.py:151} INFO - [2023-09-14T17:21:26.419+0100] {dagbag.py:539} INFO - Filling up the DagBag from /home/joestar/Documents/projects/airflow_etl/airflow_env/lib/python3.8/site-packages/airflow/example_dags/tutorial.py
[2023-09-14T17:21:26.427+0100] {processor.py:839} INFO - DAG(s) dict_keys(['tutorial']) retrieved from /home/joestar/Documents/projects/airflow_etl/airflow_env/lib/python3.8/site-packages/airflow/example_dags/tutorial.py
[2023-09-14T17:21:26.443+0100] {logging_mixin.py:151} INFO - [2023-09-14T17:21:26.443+0100] {dag.py:2915} INFO - Sync 1 DAGs
[2023-09-14T17:21:26.468+0100] {logging_mixin.py:151} INFO - [2023-09-14T17:21:26.467+0100] {dag.py:3696} INFO - Setting next_dagrun for tutorial to 2023-09-13T16:21:26.467681+00:00, run_after=2023-09-14T16:21:26.467681+00:00
[2023-09-14T17:21:26.501+0100] {processor.py:179} INFO - Processing /home/joestar/Documents/projects/airflow_etl/airflow_env/lib/python3.8/site-packages/airflow/example_dags/tutorial.py took 0.087 seconds
[2023-09-14T17:22:01.677+0100] {processor.py:157} INFO - Started process (PID=27967) to work on /home/joestar/Documents/projects/airflow_etl/airflow_env/lib/python3.8/site-packages/airflow/example_dags/tutorial.py
[2023-09-14T17:22:01.678+0100] {processor.py:829} INFO - Processing file /home/joestar/Documents/projects/airflow_etl/airflow_env/lib/python3.8/site-packages/airflow/example_dags/tutorial.py for tasks to queue
[2023-09-14T17:22:01.679+0100] {logging_mixin.py:151} INFO - [2023-09-14T17:22:01.679+0100] {dagbag.py:539} INFO - Filling up the DagBag from /home/joestar/Documents/projects/airflow_etl/airflow_env/lib/python3.8/site-packages/airflow/example_dags/tutorial.py
[2023-09-14T17:22:01.688+0100] {processor.py:839} INFO - DAG(s) dict_keys(['tutorial']) retrieved from /home/joestar/Documents/projects/airflow_etl/airflow_env/lib/python3.8/site-packages/airflow/example_dags/tutorial.py
[2023-09-14T17:22:01.711+0100] {logging_mixin.py:151} INFO - [2023-09-14T17:22:01.711+0100] {dag.py:2915} INFO - Sync 1 DAGs
[2023-09-14T17:22:01.744+0100] {logging_mixin.py:151} INFO - [2023-09-14T17:22:01.743+0100] {dag.py:3696} INFO - Setting next_dagrun for tutorial to 2023-09-13T16:22:01.743358+00:00, run_after=2023-09-14T16:22:01.743358+00:00
[2023-09-14T17:22:01.782+0100] {processor.py:179} INFO - Processing /home/joestar/Documents/projects/airflow_etl/airflow_env/lib/python3.8/site-packages/airflow/example_dags/tutorial.py took 0.109 seconds
[2023-09-14T17:22:38.915+0100] {processor.py:157} INFO - Started process (PID=28121) to work on /home/joestar/Documents/projects/airflow_etl/airflow_env/lib/python3.8/site-packages/airflow/example_dags/tutorial.py
[2023-09-14T17:22:38.917+0100] {processor.py:829} INFO - Processing file /home/joestar/Documents/projects/airflow_etl/airflow_env/lib/python3.8/site-packages/airflow/example_dags/tutorial.py for tasks to queue
[2023-09-14T17:22:38.918+0100] {logging_mixin.py:151} INFO - [2023-09-14T17:22:38.917+0100] {dagbag.py:539} INFO - Filling up the DagBag from /home/joestar/Documents/projects/airflow_etl/airflow_env/lib/python3.8/site-packages/airflow/example_dags/tutorial.py
[2023-09-14T17:22:38.926+0100] {processor.py:839} INFO - DAG(s) dict_keys(['tutorial']) retrieved from /home/joestar/Documents/projects/airflow_etl/airflow_env/lib/python3.8/site-packages/airflow/example_dags/tutorial.py
[2023-09-14T17:22:38.942+0100] {logging_mixin.py:151} INFO - [2023-09-14T17:22:38.942+0100] {dag.py:2915} INFO - Sync 1 DAGs
[2023-09-14T17:22:38.961+0100] {logging_mixin.py:151} INFO - [2023-09-14T17:22:38.961+0100] {dag.py:3696} INFO - Setting next_dagrun for tutorial to 2023-09-13T16:22:38.961500+00:00, run_after=2023-09-14T16:22:38.961500+00:00
[2023-09-14T17:22:38.985+0100] {processor.py:179} INFO - Processing /home/joestar/Documents/projects/airflow_etl/airflow_env/lib/python3.8/site-packages/airflow/example_dags/tutorial.py took 0.074 seconds
[2023-09-14T17:23:15.432+0100] {processor.py:157} INFO - Started process (PID=28295) to work on /home/joestar/Documents/projects/airflow_etl/airflow_env/lib/python3.8/site-packages/airflow/example_dags/tutorial.py
[2023-09-14T17:23:15.433+0100] {processor.py:829} INFO - Processing file /home/joestar/Documents/projects/airflow_etl/airflow_env/lib/python3.8/site-packages/airflow/example_dags/tutorial.py for tasks to queue
[2023-09-14T17:23:15.434+0100] {logging_mixin.py:151} INFO - [2023-09-14T17:23:15.434+0100] {dagbag.py:539} INFO - Filling up the DagBag from /home/joestar/Documents/projects/airflow_etl/airflow_env/lib/python3.8/site-packages/airflow/example_dags/tutorial.py
[2023-09-14T17:23:15.441+0100] {processor.py:839} INFO - DAG(s) dict_keys(['tutorial']) retrieved from /home/joestar/Documents/projects/airflow_etl/airflow_env/lib/python3.8/site-packages/airflow/example_dags/tutorial.py
[2023-09-14T17:23:15.454+0100] {logging_mixin.py:151} INFO - [2023-09-14T17:23:15.454+0100] {dag.py:2915} INFO - Sync 1 DAGs
[2023-09-14T17:23:15.476+0100] {logging_mixin.py:151} INFO - [2023-09-14T17:23:15.476+0100] {dag.py:3696} INFO - Setting next_dagrun for tutorial to 2023-09-13T16:23:15.476074+00:00, run_after=2023-09-14T16:23:15.476074+00:00
[2023-09-14T17:23:15.501+0100] {processor.py:179} INFO - Processing /home/joestar/Documents/projects/airflow_etl/airflow_env/lib/python3.8/site-packages/airflow/example_dags/tutorial.py took 0.072 seconds
[2023-09-14T17:23:51.962+0100] {processor.py:157} INFO - Started process (PID=28466) to work on /home/joestar/Documents/projects/airflow_etl/airflow_env/lib/python3.8/site-packages/airflow/example_dags/tutorial.py
[2023-09-14T17:23:51.963+0100] {processor.py:829} INFO - Processing file /home/joestar/Documents/projects/airflow_etl/airflow_env/lib/python3.8/site-packages/airflow/example_dags/tutorial.py for tasks to queue
[2023-09-14T17:23:51.964+0100] {logging_mixin.py:151} INFO - [2023-09-14T17:23:51.963+0100] {dagbag.py:539} INFO - Filling up the DagBag from /home/joestar/Documents/projects/airflow_etl/airflow_env/lib/python3.8/site-packages/airflow/example_dags/tutorial.py
[2023-09-14T17:23:51.972+0100] {processor.py:839} INFO - DAG(s) dict_keys(['tutorial']) retrieved from /home/joestar/Documents/projects/airflow_etl/airflow_env/lib/python3.8/site-packages/airflow/example_dags/tutorial.py
[2023-09-14T17:23:51.986+0100] {logging_mixin.py:151} INFO - [2023-09-14T17:23:51.986+0100] {dag.py:2915} INFO - Sync 1 DAGs
[2023-09-14T17:23:52.004+0100] {logging_mixin.py:151} INFO - [2023-09-14T17:23:52.004+0100] {dag.py:3696} INFO - Setting next_dagrun for tutorial to 2023-09-13T16:23:52.004083+00:00, run_after=2023-09-14T16:23:52.004083+00:00
[2023-09-14T17:23:52.029+0100] {processor.py:179} INFO - Processing /home/joestar/Documents/projects/airflow_etl/airflow_env/lib/python3.8/site-packages/airflow/example_dags/tutorial.py took 0.070 seconds
[2023-09-14T17:24:32.233+0100] {processor.py:157} INFO - Started process (PID=28629) to work on /home/joestar/Documents/projects/airflow_etl/airflow_env/lib/python3.8/site-packages/airflow/example_dags/tutorial.py
[2023-09-14T17:24:32.234+0100] {processor.py:829} INFO - Processing file /home/joestar/Documents/projects/airflow_etl/airflow_env/lib/python3.8/site-packages/airflow/example_dags/tutorial.py for tasks to queue
[2023-09-14T17:24:32.235+0100] {logging_mixin.py:151} INFO - [2023-09-14T17:24:32.235+0100] {dagbag.py:539} INFO - Filling up the DagBag from /home/joestar/Documents/projects/airflow_etl/airflow_env/lib/python3.8/site-packages/airflow/example_dags/tutorial.py
[2023-09-14T17:24:32.244+0100] {processor.py:839} INFO - DAG(s) dict_keys(['tutorial']) retrieved from /home/joestar/Documents/projects/airflow_etl/airflow_env/lib/python3.8/site-packages/airflow/example_dags/tutorial.py
[2023-09-14T17:24:32.264+0100] {logging_mixin.py:151} INFO - [2023-09-14T17:24:32.264+0100] {dag.py:2915} INFO - Sync 1 DAGs
[2023-09-14T17:24:32.302+0100] {logging_mixin.py:151} INFO - [2023-09-14T17:24:32.302+0100] {dag.py:3696} INFO - Setting next_dagrun for tutorial to 2023-09-13T16:24:32.301684+00:00, run_after=2023-09-14T16:24:32.301684+00:00
[2023-09-14T17:24:32.357+0100] {processor.py:179} INFO - Processing /home/joestar/Documents/projects/airflow_etl/airflow_env/lib/python3.8/site-packages/airflow/example_dags/tutorial.py took 0.128 seconds
[2023-09-14T17:25:11.340+0100] {processor.py:157} INFO - Started process (PID=28789) to work on /home/joestar/Documents/projects/airflow_etl/airflow_env/lib/python3.8/site-packages/airflow/example_dags/tutorial.py
[2023-09-14T17:25:11.341+0100] {processor.py:829} INFO - Processing file /home/joestar/Documents/projects/airflow_etl/airflow_env/lib/python3.8/site-packages/airflow/example_dags/tutorial.py for tasks to queue
[2023-09-14T17:25:11.342+0100] {logging_mixin.py:151} INFO - [2023-09-14T17:25:11.341+0100] {dagbag.py:539} INFO - Filling up the DagBag from /home/joestar/Documents/projects/airflow_etl/airflow_env/lib/python3.8/site-packages/airflow/example_dags/tutorial.py
[2023-09-14T17:25:11.348+0100] {processor.py:839} INFO - DAG(s) dict_keys(['tutorial']) retrieved from /home/joestar/Documents/projects/airflow_etl/airflow_env/lib/python3.8/site-packages/airflow/example_dags/tutorial.py
[2023-09-14T17:25:11.363+0100] {logging_mixin.py:151} INFO - [2023-09-14T17:25:11.363+0100] {dag.py:2915} INFO - Sync 1 DAGs
[2023-09-14T17:25:11.384+0100] {logging_mixin.py:151} INFO - [2023-09-14T17:25:11.384+0100] {dag.py:3696} INFO - Setting next_dagrun for tutorial to 2023-09-13T16:25:11.383798+00:00, run_after=2023-09-14T16:25:11.383798+00:00
[2023-09-14T17:25:11.411+0100] {processor.py:179} INFO - Processing /home/joestar/Documents/projects/airflow_etl/airflow_env/lib/python3.8/site-packages/airflow/example_dags/tutorial.py took 0.075 seconds
[2023-09-14T17:25:48.850+0100] {processor.py:157} INFO - Started process (PID=28933) to work on /home/joestar/Documents/projects/airflow_etl/airflow_env/lib/python3.8/site-packages/airflow/example_dags/tutorial.py
[2023-09-14T17:25:48.851+0100] {processor.py:829} INFO - Processing file /home/joestar/Documents/projects/airflow_etl/airflow_env/lib/python3.8/site-packages/airflow/example_dags/tutorial.py for tasks to queue
[2023-09-14T17:25:48.852+0100] {logging_mixin.py:151} INFO - [2023-09-14T17:25:48.852+0100] {dagbag.py:539} INFO - Filling up the DagBag from /home/joestar/Documents/projects/airflow_etl/airflow_env/lib/python3.8/site-packages/airflow/example_dags/tutorial.py
[2023-09-14T17:25:48.859+0100] {processor.py:839} INFO - DAG(s) dict_keys(['tutorial']) retrieved from /home/joestar/Documents/projects/airflow_etl/airflow_env/lib/python3.8/site-packages/airflow/example_dags/tutorial.py
[2023-09-14T17:25:48.874+0100] {logging_mixin.py:151} INFO - [2023-09-14T17:25:48.874+0100] {dag.py:2915} INFO - Sync 1 DAGs
[2023-09-14T17:25:48.896+0100] {logging_mixin.py:151} INFO - [2023-09-14T17:25:48.896+0100] {dag.py:3696} INFO - Setting next_dagrun for tutorial to 2023-09-13T16:25:48.895783+00:00, run_after=2023-09-14T16:25:48.895783+00:00
[2023-09-14T17:25:48.923+0100] {processor.py:179} INFO - Processing /home/joestar/Documents/projects/airflow_etl/airflow_env/lib/python3.8/site-packages/airflow/example_dags/tutorial.py took 0.077 seconds
[2023-09-14T17:26:22.893+0100] {processor.py:157} INFO - Started process (PID=29102) to work on /home/joestar/Documents/projects/airflow_etl/airflow_env/lib/python3.8/site-packages/airflow/example_dags/tutorial.py
[2023-09-14T17:26:22.894+0100] {processor.py:829} INFO - Processing file /home/joestar/Documents/projects/airflow_etl/airflow_env/lib/python3.8/site-packages/airflow/example_dags/tutorial.py for tasks to queue
[2023-09-14T17:26:22.895+0100] {logging_mixin.py:151} INFO - [2023-09-14T17:26:22.895+0100] {dagbag.py:539} INFO - Filling up the DagBag from /home/joestar/Documents/projects/airflow_etl/airflow_env/lib/python3.8/site-packages/airflow/example_dags/tutorial.py
[2023-09-14T17:26:22.902+0100] {processor.py:839} INFO - DAG(s) dict_keys(['tutorial']) retrieved from /home/joestar/Documents/projects/airflow_etl/airflow_env/lib/python3.8/site-packages/airflow/example_dags/tutorial.py
[2023-09-14T17:26:22.920+0100] {logging_mixin.py:151} INFO - [2023-09-14T17:26:22.920+0100] {dag.py:2915} INFO - Sync 1 DAGs
[2023-09-14T17:26:22.941+0100] {logging_mixin.py:151} INFO - [2023-09-14T17:26:22.941+0100] {dag.py:3696} INFO - Setting next_dagrun for tutorial to 2023-09-13T16:26:22.941288+00:00, run_after=2023-09-14T16:26:22.941288+00:00
[2023-09-14T17:26:22.970+0100] {processor.py:179} INFO - Processing /home/joestar/Documents/projects/airflow_etl/airflow_env/lib/python3.8/site-packages/airflow/example_dags/tutorial.py took 0.080 seconds
[2023-09-14T17:26:58.538+0100] {processor.py:157} INFO - Started process (PID=29265) to work on /home/joestar/Documents/projects/airflow_etl/airflow_env/lib/python3.8/site-packages/airflow/example_dags/tutorial.py
[2023-09-14T17:26:58.541+0100] {processor.py:829} INFO - Processing file /home/joestar/Documents/projects/airflow_etl/airflow_env/lib/python3.8/site-packages/airflow/example_dags/tutorial.py for tasks to queue
[2023-09-14T17:26:58.542+0100] {logging_mixin.py:151} INFO - [2023-09-14T17:26:58.542+0100] {dagbag.py:539} INFO - Filling up the DagBag from /home/joestar/Documents/projects/airflow_etl/airflow_env/lib/python3.8/site-packages/airflow/example_dags/tutorial.py
[2023-09-14T17:26:58.549+0100] {processor.py:839} INFO - DAG(s) dict_keys(['tutorial']) retrieved from /home/joestar/Documents/projects/airflow_etl/airflow_env/lib/python3.8/site-packages/airflow/example_dags/tutorial.py
[2023-09-14T17:26:58.562+0100] {logging_mixin.py:151} INFO - [2023-09-14T17:26:58.562+0100] {dag.py:2915} INFO - Sync 1 DAGs
[2023-09-14T17:26:58.584+0100] {logging_mixin.py:151} INFO - [2023-09-14T17:26:58.584+0100] {dag.py:3696} INFO - Setting next_dagrun for tutorial to 2023-09-13T16:26:58.583973+00:00, run_after=2023-09-14T16:26:58.583973+00:00
[2023-09-14T17:26:58.646+0100] {processor.py:179} INFO - Processing /home/joestar/Documents/projects/airflow_etl/airflow_env/lib/python3.8/site-packages/airflow/example_dags/tutorial.py took 0.110 seconds
[2023-09-14T17:27:34.784+0100] {processor.py:157} INFO - Started process (PID=29411) to work on /home/joestar/Documents/projects/airflow_etl/airflow_env/lib/python3.8/site-packages/airflow/example_dags/tutorial.py
[2023-09-14T17:27:34.785+0100] {processor.py:829} INFO - Processing file /home/joestar/Documents/projects/airflow_etl/airflow_env/lib/python3.8/site-packages/airflow/example_dags/tutorial.py for tasks to queue
[2023-09-14T17:27:34.787+0100] {logging_mixin.py:151} INFO - [2023-09-14T17:27:34.786+0100] {dagbag.py:539} INFO - Filling up the DagBag from /home/joestar/Documents/projects/airflow_etl/airflow_env/lib/python3.8/site-packages/airflow/example_dags/tutorial.py
[2023-09-14T17:27:34.793+0100] {processor.py:839} INFO - DAG(s) dict_keys(['tutorial']) retrieved from /home/joestar/Documents/projects/airflow_etl/airflow_env/lib/python3.8/site-packages/airflow/example_dags/tutorial.py
[2023-09-14T17:27:34.809+0100] {logging_mixin.py:151} INFO - [2023-09-14T17:27:34.809+0100] {dag.py:2915} INFO - Sync 1 DAGs
[2023-09-14T17:27:34.838+0100] {logging_mixin.py:151} INFO - [2023-09-14T17:27:34.838+0100] {dag.py:3696} INFO - Setting next_dagrun for tutorial to 2023-09-13T16:27:34.837985+00:00, run_after=2023-09-14T16:27:34.837985+00:00
[2023-09-14T17:27:34.871+0100] {processor.py:179} INFO - Processing /home/joestar/Documents/projects/airflow_etl/airflow_env/lib/python3.8/site-packages/airflow/example_dags/tutorial.py took 0.090 seconds
[2023-09-14T17:28:12.345+0100] {processor.py:157} INFO - Started process (PID=29589) to work on /home/joestar/Documents/projects/airflow_etl/airflow_env/lib/python3.8/site-packages/airflow/example_dags/tutorial.py
[2023-09-14T17:28:12.346+0100] {processor.py:829} INFO - Processing file /home/joestar/Documents/projects/airflow_etl/airflow_env/lib/python3.8/site-packages/airflow/example_dags/tutorial.py for tasks to queue
[2023-09-14T17:28:12.347+0100] {logging_mixin.py:151} INFO - [2023-09-14T17:28:12.346+0100] {dagbag.py:539} INFO - Filling up the DagBag from /home/joestar/Documents/projects/airflow_etl/airflow_env/lib/python3.8/site-packages/airflow/example_dags/tutorial.py
[2023-09-14T17:28:12.355+0100] {processor.py:839} INFO - DAG(s) dict_keys(['tutorial']) retrieved from /home/joestar/Documents/projects/airflow_etl/airflow_env/lib/python3.8/site-packages/airflow/example_dags/tutorial.py
[2023-09-14T17:28:12.372+0100] {logging_mixin.py:151} INFO - [2023-09-14T17:28:12.372+0100] {dag.py:2915} INFO - Sync 1 DAGs
[2023-09-14T17:28:12.398+0100] {logging_mixin.py:151} INFO - [2023-09-14T17:28:12.398+0100] {dag.py:3696} INFO - Setting next_dagrun for tutorial to 2023-09-13T16:28:12.397835+00:00, run_after=2023-09-14T16:28:12.397835+00:00
[2023-09-14T17:28:12.426+0100] {processor.py:179} INFO - Processing /home/joestar/Documents/projects/airflow_etl/airflow_env/lib/python3.8/site-packages/airflow/example_dags/tutorial.py took 0.085 seconds
[2023-09-14T17:28:47.491+0100] {processor.py:157} INFO - Started process (PID=29737) to work on /home/joestar/Documents/projects/airflow_etl/airflow_env/lib/python3.8/site-packages/airflow/example_dags/tutorial.py
[2023-09-14T17:28:47.492+0100] {processor.py:829} INFO - Processing file /home/joestar/Documents/projects/airflow_etl/airflow_env/lib/python3.8/site-packages/airflow/example_dags/tutorial.py for tasks to queue
[2023-09-14T17:28:47.494+0100] {logging_mixin.py:151} INFO - [2023-09-14T17:28:47.493+0100] {dagbag.py:539} INFO - Filling up the DagBag from /home/joestar/Documents/projects/airflow_etl/airflow_env/lib/python3.8/site-packages/airflow/example_dags/tutorial.py
[2023-09-14T17:28:47.503+0100] {processor.py:839} INFO - DAG(s) dict_keys(['tutorial']) retrieved from /home/joestar/Documents/projects/airflow_etl/airflow_env/lib/python3.8/site-packages/airflow/example_dags/tutorial.py
[2023-09-14T17:28:47.519+0100] {logging_mixin.py:151} INFO - [2023-09-14T17:28:47.518+0100] {dag.py:2915} INFO - Sync 1 DAGs
[2023-09-14T17:28:47.543+0100] {logging_mixin.py:151} INFO - [2023-09-14T17:28:47.543+0100] {dag.py:3696} INFO - Setting next_dagrun for tutorial to 2023-09-13T16:28:47.543522+00:00, run_after=2023-09-14T16:28:47.543522+00:00
[2023-09-14T17:28:47.571+0100] {processor.py:179} INFO - Processing /home/joestar/Documents/projects/airflow_etl/airflow_env/lib/python3.8/site-packages/airflow/example_dags/tutorial.py took 0.084 seconds
[2023-09-14T17:29:21.613+0100] {processor.py:157} INFO - Started process (PID=29916) to work on /home/joestar/Documents/projects/airflow_etl/airflow_env/lib/python3.8/site-packages/airflow/example_dags/tutorial.py
[2023-09-14T17:29:21.614+0100] {processor.py:829} INFO - Processing file /home/joestar/Documents/projects/airflow_etl/airflow_env/lib/python3.8/site-packages/airflow/example_dags/tutorial.py for tasks to queue
[2023-09-14T17:29:21.615+0100] {logging_mixin.py:151} INFO - [2023-09-14T17:29:21.615+0100] {dagbag.py:539} INFO - Filling up the DagBag from /home/joestar/Documents/projects/airflow_etl/airflow_env/lib/python3.8/site-packages/airflow/example_dags/tutorial.py
[2023-09-14T17:29:21.624+0100] {processor.py:839} INFO - DAG(s) dict_keys(['tutorial']) retrieved from /home/joestar/Documents/projects/airflow_etl/airflow_env/lib/python3.8/site-packages/airflow/example_dags/tutorial.py
[2023-09-14T17:29:21.641+0100] {logging_mixin.py:151} INFO - [2023-09-14T17:29:21.641+0100] {dag.py:2915} INFO - Sync 1 DAGs
[2023-09-14T17:29:21.674+0100] {logging_mixin.py:151} INFO - [2023-09-14T17:29:21.674+0100] {dag.py:3696} INFO - Setting next_dagrun for tutorial to 2023-09-13T16:29:21.674349+00:00, run_after=2023-09-14T16:29:21.674349+00:00
[2023-09-14T17:29:21.710+0100] {processor.py:179} INFO - Processing /home/joestar/Documents/projects/airflow_etl/airflow_env/lib/python3.8/site-packages/airflow/example_dags/tutorial.py took 0.100 seconds
[2023-09-14T17:29:56.546+0100] {processor.py:157} INFO - Started process (PID=30068) to work on /home/joestar/Documents/projects/airflow_etl/airflow_env/lib/python3.8/site-packages/airflow/example_dags/tutorial.py
[2023-09-14T17:29:56.547+0100] {processor.py:829} INFO - Processing file /home/joestar/Documents/projects/airflow_etl/airflow_env/lib/python3.8/site-packages/airflow/example_dags/tutorial.py for tasks to queue
[2023-09-14T17:29:56.548+0100] {logging_mixin.py:151} INFO - [2023-09-14T17:29:56.548+0100] {dagbag.py:539} INFO - Filling up the DagBag from /home/joestar/Documents/projects/airflow_etl/airflow_env/lib/python3.8/site-packages/airflow/example_dags/tutorial.py
[2023-09-14T17:29:56.556+0100] {processor.py:839} INFO - DAG(s) dict_keys(['tutorial']) retrieved from /home/joestar/Documents/projects/airflow_etl/airflow_env/lib/python3.8/site-packages/airflow/example_dags/tutorial.py
[2023-09-14T17:29:56.575+0100] {logging_mixin.py:151} INFO - [2023-09-14T17:29:56.575+0100] {dag.py:2915} INFO - Sync 1 DAGs
[2023-09-14T17:29:56.598+0100] {logging_mixin.py:151} INFO - [2023-09-14T17:29:56.598+0100] {dag.py:3696} INFO - Setting next_dagrun for tutorial to 2023-09-13T16:29:56.597844+00:00, run_after=2023-09-14T16:29:56.597844+00:00
[2023-09-14T17:29:56.626+0100] {processor.py:179} INFO - Processing /home/joestar/Documents/projects/airflow_etl/airflow_env/lib/python3.8/site-packages/airflow/example_dags/tutorial.py took 0.082 seconds
[2023-09-14T17:30:31.708+0100] {processor.py:157} INFO - Started process (PID=30238) to work on /home/joestar/Documents/projects/airflow_etl/airflow_env/lib/python3.8/site-packages/airflow/example_dags/tutorial.py
[2023-09-14T17:30:31.709+0100] {processor.py:829} INFO - Processing file /home/joestar/Documents/projects/airflow_etl/airflow_env/lib/python3.8/site-packages/airflow/example_dags/tutorial.py for tasks to queue
[2023-09-14T17:30:31.711+0100] {logging_mixin.py:151} INFO - [2023-09-14T17:30:31.710+0100] {dagbag.py:539} INFO - Filling up the DagBag from /home/joestar/Documents/projects/airflow_etl/airflow_env/lib/python3.8/site-packages/airflow/example_dags/tutorial.py
[2023-09-14T17:30:31.720+0100] {processor.py:839} INFO - DAG(s) dict_keys(['tutorial']) retrieved from /home/joestar/Documents/projects/airflow_etl/airflow_env/lib/python3.8/site-packages/airflow/example_dags/tutorial.py
[2023-09-14T17:30:31.736+0100] {logging_mixin.py:151} INFO - [2023-09-14T17:30:31.736+0100] {dag.py:2915} INFO - Sync 1 DAGs
[2023-09-14T17:30:31.757+0100] {logging_mixin.py:151} INFO - [2023-09-14T17:30:31.757+0100] {dag.py:3696} INFO - Setting next_dagrun for tutorial to 2023-09-13T16:30:31.757476+00:00, run_after=2023-09-14T16:30:31.757476+00:00
[2023-09-14T17:30:31.787+0100] {processor.py:179} INFO - Processing /home/joestar/Documents/projects/airflow_etl/airflow_env/lib/python3.8/site-packages/airflow/example_dags/tutorial.py took 0.082 seconds
[2023-09-14T17:31:06.666+0100] {processor.py:157} INFO - Started process (PID=30412) to work on /home/joestar/Documents/projects/airflow_etl/airflow_env/lib/python3.8/site-packages/airflow/example_dags/tutorial.py
[2023-09-14T17:31:06.667+0100] {processor.py:829} INFO - Processing file /home/joestar/Documents/projects/airflow_etl/airflow_env/lib/python3.8/site-packages/airflow/example_dags/tutorial.py for tasks to queue
[2023-09-14T17:31:06.668+0100] {logging_mixin.py:151} INFO - [2023-09-14T17:31:06.667+0100] {dagbag.py:539} INFO - Filling up the DagBag from /home/joestar/Documents/projects/airflow_etl/airflow_env/lib/python3.8/site-packages/airflow/example_dags/tutorial.py
[2023-09-14T17:31:06.674+0100] {processor.py:839} INFO - DAG(s) dict_keys(['tutorial']) retrieved from /home/joestar/Documents/projects/airflow_etl/airflow_env/lib/python3.8/site-packages/airflow/example_dags/tutorial.py
[2023-09-14T17:31:06.692+0100] {logging_mixin.py:151} INFO - [2023-09-14T17:31:06.692+0100] {dag.py:2915} INFO - Sync 1 DAGs
[2023-09-14T17:31:06.719+0100] {logging_mixin.py:151} INFO - [2023-09-14T17:31:06.718+0100] {dag.py:3696} INFO - Setting next_dagrun for tutorial to 2023-09-13T16:31:06.718692+00:00, run_after=2023-09-14T16:31:06.718692+00:00
[2023-09-14T17:31:06.749+0100] {processor.py:179} INFO - Processing /home/joestar/Documents/projects/airflow_etl/airflow_env/lib/python3.8/site-packages/airflow/example_dags/tutorial.py took 0.086 seconds
[2023-09-14T17:31:55.989+0100] {processor.py:157} INFO - Started process (PID=30610) to work on /home/joestar/Documents/projects/airflow_etl/airflow_env/lib/python3.8/site-packages/airflow/example_dags/tutorial.py
[2023-09-14T17:31:55.990+0100] {processor.py:829} INFO - Processing file /home/joestar/Documents/projects/airflow_etl/airflow_env/lib/python3.8/site-packages/airflow/example_dags/tutorial.py for tasks to queue
[2023-09-14T17:31:55.991+0100] {logging_mixin.py:151} INFO - [2023-09-14T17:31:55.991+0100] {dagbag.py:539} INFO - Filling up the DagBag from /home/joestar/Documents/projects/airflow_etl/airflow_env/lib/python3.8/site-packages/airflow/example_dags/tutorial.py
[2023-09-14T17:31:56.000+0100] {processor.py:839} INFO - DAG(s) dict_keys(['tutorial']) retrieved from /home/joestar/Documents/projects/airflow_etl/airflow_env/lib/python3.8/site-packages/airflow/example_dags/tutorial.py
[2023-09-14T17:31:56.016+0100] {logging_mixin.py:151} INFO - [2023-09-14T17:31:56.015+0100] {dag.py:2915} INFO - Sync 1 DAGs
[2023-09-14T17:31:56.042+0100] {logging_mixin.py:151} INFO - [2023-09-14T17:31:56.042+0100] {dag.py:3696} INFO - Setting next_dagrun for tutorial to 2023-09-13T16:31:56.042021+00:00, run_after=2023-09-14T16:31:56.042021+00:00
[2023-09-14T17:31:56.074+0100] {processor.py:179} INFO - Processing /home/joestar/Documents/projects/airflow_etl/airflow_env/lib/python3.8/site-packages/airflow/example_dags/tutorial.py took 0.089 seconds
[2023-09-14T17:32:30.913+0100] {processor.py:157} INFO - Started process (PID=30776) to work on /home/joestar/Documents/projects/airflow_etl/airflow_env/lib/python3.8/site-packages/airflow/example_dags/tutorial.py
[2023-09-14T17:32:30.914+0100] {processor.py:829} INFO - Processing file /home/joestar/Documents/projects/airflow_etl/airflow_env/lib/python3.8/site-packages/airflow/example_dags/tutorial.py for tasks to queue
[2023-09-14T17:32:30.914+0100] {logging_mixin.py:151} INFO - [2023-09-14T17:32:30.914+0100] {dagbag.py:539} INFO - Filling up the DagBag from /home/joestar/Documents/projects/airflow_etl/airflow_env/lib/python3.8/site-packages/airflow/example_dags/tutorial.py
[2023-09-14T17:32:30.921+0100] {processor.py:839} INFO - DAG(s) dict_keys(['tutorial']) retrieved from /home/joestar/Documents/projects/airflow_etl/airflow_env/lib/python3.8/site-packages/airflow/example_dags/tutorial.py
[2023-09-14T17:32:30.934+0100] {logging_mixin.py:151} INFO - [2023-09-14T17:32:30.934+0100] {dag.py:2915} INFO - Sync 1 DAGs
[2023-09-14T17:32:30.953+0100] {logging_mixin.py:151} INFO - [2023-09-14T17:32:30.953+0100] {dag.py:3696} INFO - Setting next_dagrun for tutorial to 2023-09-13T16:32:30.952988+00:00, run_after=2023-09-14T16:32:30.952988+00:00
[2023-09-14T17:32:30.977+0100] {processor.py:179} INFO - Processing /home/joestar/Documents/projects/airflow_etl/airflow_env/lib/python3.8/site-packages/airflow/example_dags/tutorial.py took 0.066 seconds
[2023-09-14T17:33:21.642+0100] {processor.py:157} INFO - Started process (PID=31007) to work on /home/joestar/Documents/projects/airflow_etl/airflow_env/lib/python3.8/site-packages/airflow/example_dags/tutorial.py
[2023-09-14T17:33:21.643+0100] {processor.py:829} INFO - Processing file /home/joestar/Documents/projects/airflow_etl/airflow_env/lib/python3.8/site-packages/airflow/example_dags/tutorial.py for tasks to queue
[2023-09-14T17:33:21.645+0100] {logging_mixin.py:151} INFO - [2023-09-14T17:33:21.644+0100] {dagbag.py:539} INFO - Filling up the DagBag from /home/joestar/Documents/projects/airflow_etl/airflow_env/lib/python3.8/site-packages/airflow/example_dags/tutorial.py
[2023-09-14T17:33:21.653+0100] {processor.py:839} INFO - DAG(s) dict_keys(['tutorial']) retrieved from /home/joestar/Documents/projects/airflow_etl/airflow_env/lib/python3.8/site-packages/airflow/example_dags/tutorial.py
[2023-09-14T17:33:21.673+0100] {logging_mixin.py:151} INFO - [2023-09-14T17:33:21.673+0100] {dag.py:2915} INFO - Sync 1 DAGs
[2023-09-14T17:33:21.696+0100] {logging_mixin.py:151} INFO - [2023-09-14T17:33:21.696+0100] {dag.py:3696} INFO - Setting next_dagrun for tutorial to 2023-09-13T16:33:21.696354+00:00, run_after=2023-09-14T16:33:21.696354+00:00
[2023-09-14T17:33:21.726+0100] {processor.py:179} INFO - Processing /home/joestar/Documents/projects/airflow_etl/airflow_env/lib/python3.8/site-packages/airflow/example_dags/tutorial.py took 0.087 seconds
[2023-09-14T17:33:57.280+0100] {processor.py:157} INFO - Started process (PID=31156) to work on /home/joestar/Documents/projects/airflow_etl/airflow_env/lib/python3.8/site-packages/airflow/example_dags/tutorial.py
[2023-09-14T17:33:57.281+0100] {processor.py:829} INFO - Processing file /home/joestar/Documents/projects/airflow_etl/airflow_env/lib/python3.8/site-packages/airflow/example_dags/tutorial.py for tasks to queue
[2023-09-14T17:33:57.283+0100] {logging_mixin.py:151} INFO - [2023-09-14T17:33:57.282+0100] {dagbag.py:539} INFO - Filling up the DagBag from /home/joestar/Documents/projects/airflow_etl/airflow_env/lib/python3.8/site-packages/airflow/example_dags/tutorial.py
[2023-09-14T17:33:57.291+0100] {processor.py:839} INFO - DAG(s) dict_keys(['tutorial']) retrieved from /home/joestar/Documents/projects/airflow_etl/airflow_env/lib/python3.8/site-packages/airflow/example_dags/tutorial.py
[2023-09-14T17:33:57.310+0100] {logging_mixin.py:151} INFO - [2023-09-14T17:33:57.310+0100] {dag.py:2915} INFO - Sync 1 DAGs
[2023-09-14T17:33:57.335+0100] {logging_mixin.py:151} INFO - [2023-09-14T17:33:57.334+0100] {dag.py:3696} INFO - Setting next_dagrun for tutorial to 2023-09-13T16:33:57.334695+00:00, run_after=2023-09-14T16:33:57.334695+00:00
[2023-09-14T17:33:57.362+0100] {processor.py:179} INFO - Processing /home/joestar/Documents/projects/airflow_etl/airflow_env/lib/python3.8/site-packages/airflow/example_dags/tutorial.py took 0.085 seconds
[2023-09-14T17:34:34.567+0100] {processor.py:157} INFO - Started process (PID=31337) to work on /home/joestar/Documents/projects/airflow_etl/airflow_env/lib/python3.8/site-packages/airflow/example_dags/tutorial.py
[2023-09-14T17:34:34.568+0100] {processor.py:829} INFO - Processing file /home/joestar/Documents/projects/airflow_etl/airflow_env/lib/python3.8/site-packages/airflow/example_dags/tutorial.py for tasks to queue
[2023-09-14T17:34:34.569+0100] {logging_mixin.py:151} INFO - [2023-09-14T17:34:34.568+0100] {dagbag.py:539} INFO - Filling up the DagBag from /home/joestar/Documents/projects/airflow_etl/airflow_env/lib/python3.8/site-packages/airflow/example_dags/tutorial.py
[2023-09-14T17:34:34.575+0100] {processor.py:839} INFO - DAG(s) dict_keys(['tutorial']) retrieved from /home/joestar/Documents/projects/airflow_etl/airflow_env/lib/python3.8/site-packages/airflow/example_dags/tutorial.py
[2023-09-14T17:34:34.589+0100] {logging_mixin.py:151} INFO - [2023-09-14T17:34:34.589+0100] {dag.py:2915} INFO - Sync 1 DAGs
[2023-09-14T17:34:34.607+0100] {logging_mixin.py:151} INFO - [2023-09-14T17:34:34.607+0100] {dag.py:3696} INFO - Setting next_dagrun for tutorial to 2023-09-13T16:34:34.607303+00:00, run_after=2023-09-14T16:34:34.607303+00:00
[2023-09-14T17:34:34.632+0100] {processor.py:179} INFO - Processing /home/joestar/Documents/projects/airflow_etl/airflow_env/lib/python3.8/site-packages/airflow/example_dags/tutorial.py took 0.068 seconds
[2023-09-14T17:35:09.159+0100] {processor.py:157} INFO - Started process (PID=31515) to work on /home/joestar/Documents/projects/airflow_etl/airflow_env/lib/python3.8/site-packages/airflow/example_dags/tutorial.py
[2023-09-14T17:35:09.160+0100] {processor.py:829} INFO - Processing file /home/joestar/Documents/projects/airflow_etl/airflow_env/lib/python3.8/site-packages/airflow/example_dags/tutorial.py for tasks to queue
[2023-09-14T17:35:09.161+0100] {logging_mixin.py:151} INFO - [2023-09-14T17:35:09.161+0100] {dagbag.py:539} INFO - Filling up the DagBag from /home/joestar/Documents/projects/airflow_etl/airflow_env/lib/python3.8/site-packages/airflow/example_dags/tutorial.py
[2023-09-14T17:35:09.172+0100] {processor.py:839} INFO - DAG(s) dict_keys(['tutorial']) retrieved from /home/joestar/Documents/projects/airflow_etl/airflow_env/lib/python3.8/site-packages/airflow/example_dags/tutorial.py
[2023-09-14T17:35:09.196+0100] {logging_mixin.py:151} INFO - [2023-09-14T17:35:09.196+0100] {dag.py:2915} INFO - Sync 1 DAGs
[2023-09-14T17:35:09.231+0100] {logging_mixin.py:151} INFO - [2023-09-14T17:35:09.231+0100] {dag.py:3696} INFO - Setting next_dagrun for tutorial to 2023-09-13T16:35:09.230848+00:00, run_after=2023-09-14T16:35:09.230848+00:00
[2023-09-14T17:35:09.269+0100] {processor.py:179} INFO - Processing /home/joestar/Documents/projects/airflow_etl/airflow_env/lib/python3.8/site-packages/airflow/example_dags/tutorial.py took 0.115 seconds
[2023-09-14T17:35:59.947+0100] {processor.py:157} INFO - Started process (PID=31722) to work on /home/joestar/Documents/projects/airflow_etl/airflow_env/lib/python3.8/site-packages/airflow/example_dags/tutorial.py
[2023-09-14T17:35:59.948+0100] {processor.py:829} INFO - Processing file /home/joestar/Documents/projects/airflow_etl/airflow_env/lib/python3.8/site-packages/airflow/example_dags/tutorial.py for tasks to queue
[2023-09-14T17:35:59.949+0100] {logging_mixin.py:151} INFO - [2023-09-14T17:35:59.948+0100] {dagbag.py:539} INFO - Filling up the DagBag from /home/joestar/Documents/projects/airflow_etl/airflow_env/lib/python3.8/site-packages/airflow/example_dags/tutorial.py
[2023-09-14T17:35:59.955+0100] {processor.py:839} INFO - DAG(s) dict_keys(['tutorial']) retrieved from /home/joestar/Documents/projects/airflow_etl/airflow_env/lib/python3.8/site-packages/airflow/example_dags/tutorial.py
[2023-09-14T17:35:59.970+0100] {logging_mixin.py:151} INFO - [2023-09-14T17:35:59.970+0100] {dag.py:2915} INFO - Sync 1 DAGs
[2023-09-14T17:35:59.989+0100] {logging_mixin.py:151} INFO - [2023-09-14T17:35:59.989+0100] {dag.py:3696} INFO - Setting next_dagrun for tutorial to 2023-09-13T16:35:59.989332+00:00, run_after=2023-09-14T16:35:59.989332+00:00
[2023-09-14T17:36:00.017+0100] {processor.py:179} INFO - Processing /home/joestar/Documents/projects/airflow_etl/airflow_env/lib/python3.8/site-packages/airflow/example_dags/tutorial.py took 0.073 seconds
[2023-09-14T17:36:34.086+0100] {processor.py:157} INFO - Started process (PID=31892) to work on /home/joestar/Documents/projects/airflow_etl/airflow_env/lib/python3.8/site-packages/airflow/example_dags/tutorial.py
[2023-09-14T17:36:34.087+0100] {processor.py:829} INFO - Processing file /home/joestar/Documents/projects/airflow_etl/airflow_env/lib/python3.8/site-packages/airflow/example_dags/tutorial.py for tasks to queue
[2023-09-14T17:36:34.088+0100] {logging_mixin.py:151} INFO - [2023-09-14T17:36:34.088+0100] {dagbag.py:539} INFO - Filling up the DagBag from /home/joestar/Documents/projects/airflow_etl/airflow_env/lib/python3.8/site-packages/airflow/example_dags/tutorial.py
[2023-09-14T17:36:34.095+0100] {processor.py:839} INFO - DAG(s) dict_keys(['tutorial']) retrieved from /home/joestar/Documents/projects/airflow_etl/airflow_env/lib/python3.8/site-packages/airflow/example_dags/tutorial.py
[2023-09-14T17:36:34.111+0100] {logging_mixin.py:151} INFO - [2023-09-14T17:36:34.110+0100] {dag.py:2915} INFO - Sync 1 DAGs
[2023-09-14T17:36:34.134+0100] {logging_mixin.py:151} INFO - [2023-09-14T17:36:34.133+0100] {dag.py:3696} INFO - Setting next_dagrun for tutorial to 2023-09-13T16:36:34.133657+00:00, run_after=2023-09-14T16:36:34.133657+00:00
[2023-09-14T17:36:34.161+0100] {processor.py:179} INFO - Processing /home/joestar/Documents/projects/airflow_etl/airflow_env/lib/python3.8/site-packages/airflow/example_dags/tutorial.py took 0.078 seconds
[2023-09-14T17:37:09.187+0100] {processor.py:157} INFO - Started process (PID=32058) to work on /home/joestar/Documents/projects/airflow_etl/airflow_env/lib/python3.8/site-packages/airflow/example_dags/tutorial.py
[2023-09-14T17:37:09.188+0100] {processor.py:829} INFO - Processing file /home/joestar/Documents/projects/airflow_etl/airflow_env/lib/python3.8/site-packages/airflow/example_dags/tutorial.py for tasks to queue
[2023-09-14T17:37:09.189+0100] {logging_mixin.py:151} INFO - [2023-09-14T17:37:09.189+0100] {dagbag.py:539} INFO - Filling up the DagBag from /home/joestar/Documents/projects/airflow_etl/airflow_env/lib/python3.8/site-packages/airflow/example_dags/tutorial.py
[2023-09-14T17:37:09.197+0100] {processor.py:839} INFO - DAG(s) dict_keys(['tutorial']) retrieved from /home/joestar/Documents/projects/airflow_etl/airflow_env/lib/python3.8/site-packages/airflow/example_dags/tutorial.py
[2023-09-14T17:37:09.216+0100] {logging_mixin.py:151} INFO - [2023-09-14T17:37:09.215+0100] {dag.py:2915} INFO - Sync 1 DAGs
[2023-09-14T17:37:09.242+0100] {logging_mixin.py:151} INFO - [2023-09-14T17:37:09.241+0100] {dag.py:3696} INFO - Setting next_dagrun for tutorial to 2023-09-13T16:37:09.241623+00:00, run_after=2023-09-14T16:37:09.241623+00:00
[2023-09-14T17:37:09.273+0100] {processor.py:179} INFO - Processing /home/joestar/Documents/projects/airflow_etl/airflow_env/lib/python3.8/site-packages/airflow/example_dags/tutorial.py took 0.091 seconds
[2023-09-14T17:37:46.653+0100] {processor.py:157} INFO - Started process (PID=32305) to work on /home/joestar/Documents/projects/airflow_etl/airflow_env/lib/python3.8/site-packages/airflow/example_dags/tutorial.py
[2023-09-14T17:37:46.654+0100] {processor.py:829} INFO - Processing file /home/joestar/Documents/projects/airflow_etl/airflow_env/lib/python3.8/site-packages/airflow/example_dags/tutorial.py for tasks to queue
[2023-09-14T17:37:46.655+0100] {logging_mixin.py:151} INFO - [2023-09-14T17:37:46.654+0100] {dagbag.py:539} INFO - Filling up the DagBag from /home/joestar/Documents/projects/airflow_etl/airflow_env/lib/python3.8/site-packages/airflow/example_dags/tutorial.py
[2023-09-14T17:37:46.666+0100] {processor.py:839} INFO - DAG(s) dict_keys(['tutorial']) retrieved from /home/joestar/Documents/projects/airflow_etl/airflow_env/lib/python3.8/site-packages/airflow/example_dags/tutorial.py
[2023-09-14T17:37:46.680+0100] {logging_mixin.py:151} INFO - [2023-09-14T17:37:46.680+0100] {dag.py:2915} INFO - Sync 1 DAGs
[2023-09-14T17:37:46.698+0100] {logging_mixin.py:151} INFO - [2023-09-14T17:37:46.698+0100] {dag.py:3696} INFO - Setting next_dagrun for tutorial to 2023-09-13T16:37:46.698216+00:00, run_after=2023-09-14T16:37:46.698216+00:00
[2023-09-14T17:37:46.725+0100] {processor.py:179} INFO - Processing /home/joestar/Documents/projects/airflow_etl/airflow_env/lib/python3.8/site-packages/airflow/example_dags/tutorial.py took 0.076 seconds
[2023-09-14T17:38:25.072+0100] {processor.py:157} INFO - Started process (PID=32618) to work on /home/joestar/Documents/projects/airflow_etl/airflow_env/lib/python3.8/site-packages/airflow/example_dags/tutorial.py
[2023-09-14T17:38:25.074+0100] {processor.py:829} INFO - Processing file /home/joestar/Documents/projects/airflow_etl/airflow_env/lib/python3.8/site-packages/airflow/example_dags/tutorial.py for tasks to queue
[2023-09-14T17:38:25.075+0100] {logging_mixin.py:151} INFO - [2023-09-14T17:38:25.075+0100] {dagbag.py:539} INFO - Filling up the DagBag from /home/joestar/Documents/projects/airflow_etl/airflow_env/lib/python3.8/site-packages/airflow/example_dags/tutorial.py
[2023-09-14T17:38:25.085+0100] {processor.py:839} INFO - DAG(s) dict_keys(['tutorial']) retrieved from /home/joestar/Documents/projects/airflow_etl/airflow_env/lib/python3.8/site-packages/airflow/example_dags/tutorial.py
[2023-09-14T17:38:25.107+0100] {logging_mixin.py:151} INFO - [2023-09-14T17:38:25.107+0100] {dag.py:2915} INFO - Sync 1 DAGs
[2023-09-14T17:38:25.138+0100] {logging_mixin.py:151} INFO - [2023-09-14T17:38:25.138+0100] {dag.py:3696} INFO - Setting next_dagrun for tutorial to 2023-09-13T16:38:25.138196+00:00, run_after=2023-09-14T16:38:25.138196+00:00
[2023-09-14T17:38:25.176+0100] {processor.py:179} INFO - Processing /home/joestar/Documents/projects/airflow_etl/airflow_env/lib/python3.8/site-packages/airflow/example_dags/tutorial.py took 0.109 seconds
[2023-09-14T17:39:09.746+0100] {processor.py:157} INFO - Started process (PID=32907) to work on /home/joestar/Documents/projects/airflow_etl/airflow_env/lib/python3.8/site-packages/airflow/example_dags/tutorial.py
[2023-09-14T17:39:09.747+0100] {processor.py:829} INFO - Processing file /home/joestar/Documents/projects/airflow_etl/airflow_env/lib/python3.8/site-packages/airflow/example_dags/tutorial.py for tasks to queue
[2023-09-14T17:39:09.748+0100] {logging_mixin.py:151} INFO - [2023-09-14T17:39:09.748+0100] {dagbag.py:539} INFO - Filling up the DagBag from /home/joestar/Documents/projects/airflow_etl/airflow_env/lib/python3.8/site-packages/airflow/example_dags/tutorial.py
[2023-09-14T17:39:09.757+0100] {processor.py:839} INFO - DAG(s) dict_keys(['tutorial']) retrieved from /home/joestar/Documents/projects/airflow_etl/airflow_env/lib/python3.8/site-packages/airflow/example_dags/tutorial.py
[2023-09-14T17:39:09.777+0100] {logging_mixin.py:151} INFO - [2023-09-14T17:39:09.777+0100] {dag.py:2915} INFO - Sync 1 DAGs
[2023-09-14T17:39:09.805+0100] {logging_mixin.py:151} INFO - [2023-09-14T17:39:09.805+0100] {dag.py:3696} INFO - Setting next_dagrun for tutorial to 2023-09-13T16:39:09.804703+00:00, run_after=2023-09-14T16:39:09.804703+00:00
[2023-09-14T17:39:09.837+0100] {processor.py:179} INFO - Processing /home/joestar/Documents/projects/airflow_etl/airflow_env/lib/python3.8/site-packages/airflow/example_dags/tutorial.py took 0.095 seconds
[2023-09-14T17:39:55.883+0100] {processor.py:157} INFO - Started process (PID=33203) to work on /home/joestar/Documents/projects/airflow_etl/airflow_env/lib/python3.8/site-packages/airflow/example_dags/tutorial.py
[2023-09-14T17:39:55.885+0100] {processor.py:829} INFO - Processing file /home/joestar/Documents/projects/airflow_etl/airflow_env/lib/python3.8/site-packages/airflow/example_dags/tutorial.py for tasks to queue
[2023-09-14T17:39:55.887+0100] {logging_mixin.py:151} INFO - [2023-09-14T17:39:55.886+0100] {dagbag.py:539} INFO - Filling up the DagBag from /home/joestar/Documents/projects/airflow_etl/airflow_env/lib/python3.8/site-packages/airflow/example_dags/tutorial.py
[2023-09-14T17:39:55.905+0100] {processor.py:839} INFO - DAG(s) dict_keys(['tutorial']) retrieved from /home/joestar/Documents/projects/airflow_etl/airflow_env/lib/python3.8/site-packages/airflow/example_dags/tutorial.py
[2023-09-14T17:39:55.931+0100] {logging_mixin.py:151} INFO - [2023-09-14T17:39:55.931+0100] {dag.py:2915} INFO - Sync 1 DAGs
[2023-09-14T17:39:55.976+0100] {logging_mixin.py:151} INFO - [2023-09-14T17:39:55.976+0100] {dag.py:3696} INFO - Setting next_dagrun for tutorial to 2023-09-13T16:39:55.975913+00:00, run_after=2023-09-14T16:39:55.975913+00:00
[2023-09-14T17:39:56.021+0100] {processor.py:179} INFO - Processing /home/joestar/Documents/projects/airflow_etl/airflow_env/lib/python3.8/site-packages/airflow/example_dags/tutorial.py took 0.145 seconds
[2023-09-14T17:40:35.395+0100] {processor.py:157} INFO - Started process (PID=33437) to work on /home/joestar/Documents/projects/airflow_etl/airflow_env/lib/python3.8/site-packages/airflow/example_dags/tutorial.py
[2023-09-14T17:40:35.403+0100] {processor.py:829} INFO - Processing file /home/joestar/Documents/projects/airflow_etl/airflow_env/lib/python3.8/site-packages/airflow/example_dags/tutorial.py for tasks to queue
[2023-09-14T17:40:35.405+0100] {logging_mixin.py:151} INFO - [2023-09-14T17:40:35.404+0100] {dagbag.py:539} INFO - Filling up the DagBag from /home/joestar/Documents/projects/airflow_etl/airflow_env/lib/python3.8/site-packages/airflow/example_dags/tutorial.py
[2023-09-14T17:40:35.423+0100] {processor.py:839} INFO - DAG(s) dict_keys(['tutorial']) retrieved from /home/joestar/Documents/projects/airflow_etl/airflow_env/lib/python3.8/site-packages/airflow/example_dags/tutorial.py
[2023-09-14T17:40:35.444+0100] {logging_mixin.py:151} INFO - [2023-09-14T17:40:35.444+0100] {dag.py:2915} INFO - Sync 1 DAGs
[2023-09-14T17:40:35.496+0100] {logging_mixin.py:151} INFO - [2023-09-14T17:40:35.495+0100] {dag.py:3696} INFO - Setting next_dagrun for tutorial to 2023-09-13T16:40:35.495626+00:00, run_after=2023-09-14T16:40:35.495626+00:00
[2023-09-14T17:40:35.551+0100] {processor.py:179} INFO - Processing /home/joestar/Documents/projects/airflow_etl/airflow_env/lib/python3.8/site-packages/airflow/example_dags/tutorial.py took 0.178 seconds
[2023-09-14T17:41:10.954+0100] {processor.py:157} INFO - Started process (PID=33734) to work on /home/joestar/Documents/projects/airflow_etl/airflow_env/lib/python3.8/site-packages/airflow/example_dags/tutorial.py
[2023-09-14T17:41:10.955+0100] {processor.py:829} INFO - Processing file /home/joestar/Documents/projects/airflow_etl/airflow_env/lib/python3.8/site-packages/airflow/example_dags/tutorial.py for tasks to queue
[2023-09-14T17:41:10.957+0100] {logging_mixin.py:151} INFO - [2023-09-14T17:41:10.956+0100] {dagbag.py:539} INFO - Filling up the DagBag from /home/joestar/Documents/projects/airflow_etl/airflow_env/lib/python3.8/site-packages/airflow/example_dags/tutorial.py
[2023-09-14T17:41:10.964+0100] {processor.py:839} INFO - DAG(s) dict_keys(['tutorial']) retrieved from /home/joestar/Documents/projects/airflow_etl/airflow_env/lib/python3.8/site-packages/airflow/example_dags/tutorial.py
[2023-09-14T17:41:10.980+0100] {logging_mixin.py:151} INFO - [2023-09-14T17:41:10.980+0100] {dag.py:2915} INFO - Sync 1 DAGs
[2023-09-14T17:41:11.002+0100] {logging_mixin.py:151} INFO - [2023-09-14T17:41:11.002+0100] {dag.py:3696} INFO - Setting next_dagrun for tutorial to 2023-09-13T16:41:11.002240+00:00, run_after=2023-09-14T16:41:11.002240+00:00
[2023-09-14T17:41:11.031+0100] {processor.py:179} INFO - Processing /home/joestar/Documents/projects/airflow_etl/airflow_env/lib/python3.8/site-packages/airflow/example_dags/tutorial.py took 0.080 seconds
[2023-09-14T17:41:46.138+0100] {processor.py:157} INFO - Started process (PID=33928) to work on /home/joestar/Documents/projects/airflow_etl/airflow_env/lib/python3.8/site-packages/airflow/example_dags/tutorial.py
[2023-09-14T17:41:46.140+0100] {processor.py:829} INFO - Processing file /home/joestar/Documents/projects/airflow_etl/airflow_env/lib/python3.8/site-packages/airflow/example_dags/tutorial.py for tasks to queue
[2023-09-14T17:41:46.141+0100] {logging_mixin.py:151} INFO - [2023-09-14T17:41:46.140+0100] {dagbag.py:539} INFO - Filling up the DagBag from /home/joestar/Documents/projects/airflow_etl/airflow_env/lib/python3.8/site-packages/airflow/example_dags/tutorial.py
[2023-09-14T17:41:46.153+0100] {processor.py:839} INFO - DAG(s) dict_keys(['tutorial']) retrieved from /home/joestar/Documents/projects/airflow_etl/airflow_env/lib/python3.8/site-packages/airflow/example_dags/tutorial.py
[2023-09-14T17:41:46.180+0100] {logging_mixin.py:151} INFO - [2023-09-14T17:41:46.179+0100] {dag.py:2915} INFO - Sync 1 DAGs
[2023-09-14T17:41:46.213+0100] {logging_mixin.py:151} INFO - [2023-09-14T17:41:46.213+0100] {dag.py:3696} INFO - Setting next_dagrun for tutorial to 2023-09-13T16:41:46.213140+00:00, run_after=2023-09-14T16:41:46.213140+00:00
[2023-09-14T17:41:46.250+0100] {processor.py:179} INFO - Processing /home/joestar/Documents/projects/airflow_etl/airflow_env/lib/python3.8/site-packages/airflow/example_dags/tutorial.py took 0.116 seconds
[2023-09-14T17:42:28.841+0100] {processor.py:157} INFO - Started process (PID=34108) to work on /home/joestar/Documents/projects/airflow_etl/airflow_env/lib/python3.8/site-packages/airflow/example_dags/tutorial.py
[2023-09-14T17:42:28.843+0100] {processor.py:829} INFO - Processing file /home/joestar/Documents/projects/airflow_etl/airflow_env/lib/python3.8/site-packages/airflow/example_dags/tutorial.py for tasks to queue
[2023-09-14T17:42:28.845+0100] {logging_mixin.py:151} INFO - [2023-09-14T17:42:28.844+0100] {dagbag.py:539} INFO - Filling up the DagBag from /home/joestar/Documents/projects/airflow_etl/airflow_env/lib/python3.8/site-packages/airflow/example_dags/tutorial.py
[2023-09-14T17:42:28.865+0100] {processor.py:839} INFO - DAG(s) dict_keys(['tutorial']) retrieved from /home/joestar/Documents/projects/airflow_etl/airflow_env/lib/python3.8/site-packages/airflow/example_dags/tutorial.py
[2023-09-14T17:42:28.911+0100] {logging_mixin.py:151} INFO - [2023-09-14T17:42:28.911+0100] {dag.py:2915} INFO - Sync 1 DAGs
[2023-09-14T17:42:28.949+0100] {logging_mixin.py:151} INFO - [2023-09-14T17:42:28.949+0100] {dag.py:3696} INFO - Setting next_dagrun for tutorial to 2023-09-13T16:42:28.949129+00:00, run_after=2023-09-14T16:42:28.949129+00:00
[2023-09-14T17:42:29.009+0100] {processor.py:179} INFO - Processing /home/joestar/Documents/projects/airflow_etl/airflow_env/lib/python3.8/site-packages/airflow/example_dags/tutorial.py took 0.171 seconds
[2023-09-14T17:43:11.905+0100] {processor.py:157} INFO - Started process (PID=34303) to work on /home/joestar/Documents/projects/airflow_etl/airflow_env/lib/python3.8/site-packages/airflow/example_dags/tutorial.py
[2023-09-14T17:43:11.906+0100] {processor.py:829} INFO - Processing file /home/joestar/Documents/projects/airflow_etl/airflow_env/lib/python3.8/site-packages/airflow/example_dags/tutorial.py for tasks to queue
[2023-09-14T17:43:11.907+0100] {logging_mixin.py:151} INFO - [2023-09-14T17:43:11.906+0100] {dagbag.py:539} INFO - Filling up the DagBag from /home/joestar/Documents/projects/airflow_etl/airflow_env/lib/python3.8/site-packages/airflow/example_dags/tutorial.py
[2023-09-14T17:43:11.913+0100] {processor.py:839} INFO - DAG(s) dict_keys(['tutorial']) retrieved from /home/joestar/Documents/projects/airflow_etl/airflow_env/lib/python3.8/site-packages/airflow/example_dags/tutorial.py
[2023-09-14T17:43:11.926+0100] {logging_mixin.py:151} INFO - [2023-09-14T17:43:11.926+0100] {dag.py:2915} INFO - Sync 1 DAGs
[2023-09-14T17:43:11.945+0100] {logging_mixin.py:151} INFO - [2023-09-14T17:43:11.945+0100] {dag.py:3696} INFO - Setting next_dagrun for tutorial to 2023-09-13T16:43:11.944974+00:00, run_after=2023-09-14T16:43:11.944974+00:00
[2023-09-14T17:43:11.968+0100] {processor.py:179} INFO - Processing /home/joestar/Documents/projects/airflow_etl/airflow_env/lib/python3.8/site-packages/airflow/example_dags/tutorial.py took 0.066 seconds
[2023-09-14T17:43:49.156+0100] {processor.py:157} INFO - Started process (PID=34492) to work on /home/joestar/Documents/projects/airflow_etl/airflow_env/lib/python3.8/site-packages/airflow/example_dags/tutorial.py
[2023-09-14T17:43:49.157+0100] {processor.py:829} INFO - Processing file /home/joestar/Documents/projects/airflow_etl/airflow_env/lib/python3.8/site-packages/airflow/example_dags/tutorial.py for tasks to queue
[2023-09-14T17:43:49.158+0100] {logging_mixin.py:151} INFO - [2023-09-14T17:43:49.157+0100] {dagbag.py:539} INFO - Filling up the DagBag from /home/joestar/Documents/projects/airflow_etl/airflow_env/lib/python3.8/site-packages/airflow/example_dags/tutorial.py
[2023-09-14T17:43:49.164+0100] {processor.py:839} INFO - DAG(s) dict_keys(['tutorial']) retrieved from /home/joestar/Documents/projects/airflow_etl/airflow_env/lib/python3.8/site-packages/airflow/example_dags/tutorial.py
[2023-09-14T17:43:49.177+0100] {logging_mixin.py:151} INFO - [2023-09-14T17:43:49.177+0100] {dag.py:2915} INFO - Sync 1 DAGs
[2023-09-14T17:43:49.195+0100] {logging_mixin.py:151} INFO - [2023-09-14T17:43:49.195+0100] {dag.py:3696} INFO - Setting next_dagrun for tutorial to 2023-09-13T16:43:49.195113+00:00, run_after=2023-09-14T16:43:49.195113+00:00
[2023-09-14T17:43:49.218+0100] {processor.py:179} INFO - Processing /home/joestar/Documents/projects/airflow_etl/airflow_env/lib/python3.8/site-packages/airflow/example_dags/tutorial.py took 0.064 seconds
[2023-09-14T17:44:29.878+0100] {processor.py:157} INFO - Started process (PID=34702) to work on /home/joestar/Documents/projects/airflow_etl/airflow_env/lib/python3.8/site-packages/airflow/example_dags/tutorial.py
[2023-09-14T17:44:29.880+0100] {processor.py:829} INFO - Processing file /home/joestar/Documents/projects/airflow_etl/airflow_env/lib/python3.8/site-packages/airflow/example_dags/tutorial.py for tasks to queue
[2023-09-14T17:44:29.881+0100] {logging_mixin.py:151} INFO - [2023-09-14T17:44:29.880+0100] {dagbag.py:539} INFO - Filling up the DagBag from /home/joestar/Documents/projects/airflow_etl/airflow_env/lib/python3.8/site-packages/airflow/example_dags/tutorial.py
[2023-09-14T17:44:29.890+0100] {processor.py:839} INFO - DAG(s) dict_keys(['tutorial']) retrieved from /home/joestar/Documents/projects/airflow_etl/airflow_env/lib/python3.8/site-packages/airflow/example_dags/tutorial.py
[2023-09-14T17:44:29.912+0100] {logging_mixin.py:151} INFO - [2023-09-14T17:44:29.912+0100] {dag.py:2915} INFO - Sync 1 DAGs
[2023-09-14T17:44:29.938+0100] {logging_mixin.py:151} INFO - [2023-09-14T17:44:29.938+0100] {dag.py:3696} INFO - Setting next_dagrun for tutorial to 2023-09-13T16:44:29.938029+00:00, run_after=2023-09-14T16:44:29.938029+00:00
[2023-09-14T17:44:29.967+0100] {processor.py:179} INFO - Processing /home/joestar/Documents/projects/airflow_etl/airflow_env/lib/python3.8/site-packages/airflow/example_dags/tutorial.py took 0.092 seconds
[2023-09-14T17:45:10.701+0100] {processor.py:157} INFO - Started process (PID=34882) to work on /home/joestar/Documents/projects/airflow_etl/airflow_env/lib/python3.8/site-packages/airflow/example_dags/tutorial.py
[2023-09-14T17:45:10.702+0100] {processor.py:829} INFO - Processing file /home/joestar/Documents/projects/airflow_etl/airflow_env/lib/python3.8/site-packages/airflow/example_dags/tutorial.py for tasks to queue
[2023-09-14T17:45:10.703+0100] {logging_mixin.py:151} INFO - [2023-09-14T17:45:10.702+0100] {dagbag.py:539} INFO - Filling up the DagBag from /home/joestar/Documents/projects/airflow_etl/airflow_env/lib/python3.8/site-packages/airflow/example_dags/tutorial.py
[2023-09-14T17:45:10.710+0100] {processor.py:839} INFO - DAG(s) dict_keys(['tutorial']) retrieved from /home/joestar/Documents/projects/airflow_etl/airflow_env/lib/python3.8/site-packages/airflow/example_dags/tutorial.py
[2023-09-14T17:45:10.727+0100] {logging_mixin.py:151} INFO - [2023-09-14T17:45:10.727+0100] {dag.py:2915} INFO - Sync 1 DAGs
[2023-09-14T17:45:10.750+0100] {logging_mixin.py:151} INFO - [2023-09-14T17:45:10.750+0100] {dag.py:3696} INFO - Setting next_dagrun for tutorial to 2023-09-13T16:45:10.750304+00:00, run_after=2023-09-14T16:45:10.750304+00:00
[2023-09-14T17:45:10.776+0100] {processor.py:179} INFO - Processing /home/joestar/Documents/projects/airflow_etl/airflow_env/lib/python3.8/site-packages/airflow/example_dags/tutorial.py took 0.079 seconds
[2023-09-14T17:45:52.623+0100] {processor.py:157} INFO - Started process (PID=35043) to work on /home/joestar/Documents/projects/airflow_etl/airflow_env/lib/python3.8/site-packages/airflow/example_dags/tutorial.py
[2023-09-14T17:45:52.624+0100] {processor.py:829} INFO - Processing file /home/joestar/Documents/projects/airflow_etl/airflow_env/lib/python3.8/site-packages/airflow/example_dags/tutorial.py for tasks to queue
[2023-09-14T17:45:52.625+0100] {logging_mixin.py:151} INFO - [2023-09-14T17:45:52.625+0100] {dagbag.py:539} INFO - Filling up the DagBag from /home/joestar/Documents/projects/airflow_etl/airflow_env/lib/python3.8/site-packages/airflow/example_dags/tutorial.py
[2023-09-14T17:45:52.635+0100] {processor.py:839} INFO - DAG(s) dict_keys(['tutorial']) retrieved from /home/joestar/Documents/projects/airflow_etl/airflow_env/lib/python3.8/site-packages/airflow/example_dags/tutorial.py
[2023-09-14T17:45:52.653+0100] {logging_mixin.py:151} INFO - [2023-09-14T17:45:52.653+0100] {dag.py:2915} INFO - Sync 1 DAGs
[2023-09-14T17:45:52.673+0100] {logging_mixin.py:151} INFO - [2023-09-14T17:45:52.673+0100] {dag.py:3696} INFO - Setting next_dagrun for tutorial to 2023-09-13T16:45:52.673469+00:00, run_after=2023-09-14T16:45:52.673469+00:00
[2023-09-14T17:45:52.706+0100] {processor.py:179} INFO - Processing /home/joestar/Documents/projects/airflow_etl/airflow_env/lib/python3.8/site-packages/airflow/example_dags/tutorial.py took 0.086 seconds
[2023-09-14T17:46:32.422+0100] {processor.py:157} INFO - Started process (PID=35227) to work on /home/joestar/Documents/projects/airflow_etl/airflow_env/lib/python3.8/site-packages/airflow/example_dags/tutorial.py
[2023-09-14T17:46:32.423+0100] {processor.py:829} INFO - Processing file /home/joestar/Documents/projects/airflow_etl/airflow_env/lib/python3.8/site-packages/airflow/example_dags/tutorial.py for tasks to queue
[2023-09-14T17:46:32.424+0100] {logging_mixin.py:151} INFO - [2023-09-14T17:46:32.423+0100] {dagbag.py:539} INFO - Filling up the DagBag from /home/joestar/Documents/projects/airflow_etl/airflow_env/lib/python3.8/site-packages/airflow/example_dags/tutorial.py
[2023-09-14T17:46:32.433+0100] {processor.py:839} INFO - DAG(s) dict_keys(['tutorial']) retrieved from /home/joestar/Documents/projects/airflow_etl/airflow_env/lib/python3.8/site-packages/airflow/example_dags/tutorial.py
[2023-09-14T17:46:32.453+0100] {logging_mixin.py:151} INFO - [2023-09-14T17:46:32.453+0100] {dag.py:2915} INFO - Sync 1 DAGs
[2023-09-14T17:46:32.482+0100] {logging_mixin.py:151} INFO - [2023-09-14T17:46:32.482+0100] {dag.py:3696} INFO - Setting next_dagrun for tutorial to 2023-09-13T16:46:32.482080+00:00, run_after=2023-09-14T16:46:32.482080+00:00
[2023-09-14T17:46:32.518+0100] {processor.py:179} INFO - Processing /home/joestar/Documents/projects/airflow_etl/airflow_env/lib/python3.8/site-packages/airflow/example_dags/tutorial.py took 0.100 seconds
[2023-09-14T17:47:21.961+0100] {processor.py:157} INFO - Started process (PID=35432) to work on /home/joestar/Documents/projects/airflow_etl/airflow_env/lib/python3.8/site-packages/airflow/example_dags/tutorial.py
[2023-09-14T17:47:21.962+0100] {processor.py:829} INFO - Processing file /home/joestar/Documents/projects/airflow_etl/airflow_env/lib/python3.8/site-packages/airflow/example_dags/tutorial.py for tasks to queue
[2023-09-14T17:47:21.963+0100] {logging_mixin.py:151} INFO - [2023-09-14T17:47:21.963+0100] {dagbag.py:539} INFO - Filling up the DagBag from /home/joestar/Documents/projects/airflow_etl/airflow_env/lib/python3.8/site-packages/airflow/example_dags/tutorial.py
[2023-09-14T17:47:21.975+0100] {processor.py:839} INFO - DAG(s) dict_keys(['tutorial']) retrieved from /home/joestar/Documents/projects/airflow_etl/airflow_env/lib/python3.8/site-packages/airflow/example_dags/tutorial.py
[2023-09-14T17:47:22.041+0100] {logging_mixin.py:151} INFO - [2023-09-14T17:47:22.041+0100] {dag.py:2915} INFO - Sync 1 DAGs
[2023-09-14T17:47:22.177+0100] {logging_mixin.py:151} INFO - [2023-09-14T17:47:22.177+0100] {dag.py:3696} INFO - Setting next_dagrun for tutorial to 2023-09-13T16:47:22.176776+00:00, run_after=2023-09-14T16:47:22.176776+00:00
[2023-09-14T17:47:22.260+0100] {processor.py:179} INFO - Processing /home/joestar/Documents/projects/airflow_etl/airflow_env/lib/python3.8/site-packages/airflow/example_dags/tutorial.py took 0.304 seconds
[2023-09-14T17:48:36.219+0100] {processor.py:157} INFO - Started process (PID=35710) to work on /home/joestar/Documents/projects/airflow_etl/airflow_env/lib/python3.8/site-packages/airflow/example_dags/tutorial.py
[2023-09-14T17:48:36.220+0100] {processor.py:829} INFO - Processing file /home/joestar/Documents/projects/airflow_etl/airflow_env/lib/python3.8/site-packages/airflow/example_dags/tutorial.py for tasks to queue
[2023-09-14T17:48:36.221+0100] {logging_mixin.py:151} INFO - [2023-09-14T17:48:36.220+0100] {dagbag.py:539} INFO - Filling up the DagBag from /home/joestar/Documents/projects/airflow_etl/airflow_env/lib/python3.8/site-packages/airflow/example_dags/tutorial.py
[2023-09-14T17:48:36.228+0100] {processor.py:839} INFO - DAG(s) dict_keys(['tutorial']) retrieved from /home/joestar/Documents/projects/airflow_etl/airflow_env/lib/python3.8/site-packages/airflow/example_dags/tutorial.py
[2023-09-14T17:48:36.248+0100] {logging_mixin.py:151} INFO - [2023-09-14T17:48:36.248+0100] {dag.py:2915} INFO - Sync 1 DAGs
[2023-09-14T17:48:36.268+0100] {logging_mixin.py:151} INFO - [2023-09-14T17:48:36.268+0100] {dag.py:3696} INFO - Setting next_dagrun for tutorial to 2023-09-13T16:48:36.268455+00:00, run_after=2023-09-14T16:48:36.268455+00:00
[2023-09-14T17:48:36.297+0100] {processor.py:179} INFO - Processing /home/joestar/Documents/projects/airflow_etl/airflow_env/lib/python3.8/site-packages/airflow/example_dags/tutorial.py took 0.081 seconds
[2023-09-14T17:49:25.799+0100] {processor.py:157} INFO - Started process (PID=35920) to work on /home/joestar/Documents/projects/airflow_etl/airflow_env/lib/python3.8/site-packages/airflow/example_dags/tutorial.py
[2023-09-14T17:49:25.800+0100] {processor.py:829} INFO - Processing file /home/joestar/Documents/projects/airflow_etl/airflow_env/lib/python3.8/site-packages/airflow/example_dags/tutorial.py for tasks to queue
[2023-09-14T17:49:25.801+0100] {logging_mixin.py:151} INFO - [2023-09-14T17:49:25.801+0100] {dagbag.py:539} INFO - Filling up the DagBag from /home/joestar/Documents/projects/airflow_etl/airflow_env/lib/python3.8/site-packages/airflow/example_dags/tutorial.py
[2023-09-14T17:49:25.809+0100] {processor.py:839} INFO - DAG(s) dict_keys(['tutorial']) retrieved from /home/joestar/Documents/projects/airflow_etl/airflow_env/lib/python3.8/site-packages/airflow/example_dags/tutorial.py
[2023-09-14T17:49:25.830+0100] {logging_mixin.py:151} INFO - [2023-09-14T17:49:25.829+0100] {dag.py:2915} INFO - Sync 1 DAGs
[2023-09-14T17:49:25.859+0100] {logging_mixin.py:151} INFO - [2023-09-14T17:49:25.859+0100] {dag.py:3696} INFO - Setting next_dagrun for tutorial to 2023-09-13T16:49:25.858647+00:00, run_after=2023-09-14T16:49:25.858647+00:00
[2023-09-14T17:49:25.895+0100] {processor.py:179} INFO - Processing /home/joestar/Documents/projects/airflow_etl/airflow_env/lib/python3.8/site-packages/airflow/example_dags/tutorial.py took 0.100 seconds
[2023-09-14T17:50:06.507+0100] {processor.py:157} INFO - Started process (PID=36084) to work on /home/joestar/Documents/projects/airflow_etl/airflow_env/lib/python3.8/site-packages/airflow/example_dags/tutorial.py
[2023-09-14T17:50:06.509+0100] {processor.py:829} INFO - Processing file /home/joestar/Documents/projects/airflow_etl/airflow_env/lib/python3.8/site-packages/airflow/example_dags/tutorial.py for tasks to queue
[2023-09-14T17:50:06.511+0100] {logging_mixin.py:151} INFO - [2023-09-14T17:50:06.510+0100] {dagbag.py:539} INFO - Filling up the DagBag from /home/joestar/Documents/projects/airflow_etl/airflow_env/lib/python3.8/site-packages/airflow/example_dags/tutorial.py
[2023-09-14T17:50:06.522+0100] {processor.py:839} INFO - DAG(s) dict_keys(['tutorial']) retrieved from /home/joestar/Documents/projects/airflow_etl/airflow_env/lib/python3.8/site-packages/airflow/example_dags/tutorial.py
[2023-09-14T17:50:06.548+0100] {logging_mixin.py:151} INFO - [2023-09-14T17:50:06.548+0100] {dag.py:2915} INFO - Sync 1 DAGs
[2023-09-14T17:50:06.585+0100] {logging_mixin.py:151} INFO - [2023-09-14T17:50:06.584+0100] {dag.py:3696} INFO - Setting next_dagrun for tutorial to 2023-09-13T16:50:06.584290+00:00, run_after=2023-09-14T16:50:06.584290+00:00
[2023-09-14T17:50:06.623+0100] {processor.py:179} INFO - Processing /home/joestar/Documents/projects/airflow_etl/airflow_env/lib/python3.8/site-packages/airflow/example_dags/tutorial.py took 0.120 seconds
[2023-09-14T17:50:48.026+0100] {processor.py:157} INFO - Started process (PID=36286) to work on /home/joestar/Documents/projects/airflow_etl/airflow_env/lib/python3.8/site-packages/airflow/example_dags/tutorial.py
[2023-09-14T17:50:48.028+0100] {processor.py:829} INFO - Processing file /home/joestar/Documents/projects/airflow_etl/airflow_env/lib/python3.8/site-packages/airflow/example_dags/tutorial.py for tasks to queue
[2023-09-14T17:50:48.029+0100] {logging_mixin.py:151} INFO - [2023-09-14T17:50:48.028+0100] {dagbag.py:539} INFO - Filling up the DagBag from /home/joestar/Documents/projects/airflow_etl/airflow_env/lib/python3.8/site-packages/airflow/example_dags/tutorial.py
[2023-09-14T17:50:48.037+0100] {processor.py:839} INFO - DAG(s) dict_keys(['tutorial']) retrieved from /home/joestar/Documents/projects/airflow_etl/airflow_env/lib/python3.8/site-packages/airflow/example_dags/tutorial.py
[2023-09-14T17:50:48.053+0100] {logging_mixin.py:151} INFO - [2023-09-14T17:50:48.053+0100] {dag.py:2915} INFO - Sync 1 DAGs
[2023-09-14T17:50:48.074+0100] {logging_mixin.py:151} INFO - [2023-09-14T17:50:48.073+0100] {dag.py:3696} INFO - Setting next_dagrun for tutorial to 2023-09-13T16:50:48.073625+00:00, run_after=2023-09-14T16:50:48.073625+00:00
[2023-09-14T17:50:48.104+0100] {processor.py:179} INFO - Processing /home/joestar/Documents/projects/airflow_etl/airflow_env/lib/python3.8/site-packages/airflow/example_dags/tutorial.py took 0.081 seconds
[2023-09-14T17:51:26.804+0100] {processor.py:157} INFO - Started process (PID=36471) to work on /home/joestar/Documents/projects/airflow_etl/airflow_env/lib/python3.8/site-packages/airflow/example_dags/tutorial.py
[2023-09-14T17:51:26.805+0100] {processor.py:829} INFO - Processing file /home/joestar/Documents/projects/airflow_etl/airflow_env/lib/python3.8/site-packages/airflow/example_dags/tutorial.py for tasks to queue
[2023-09-14T17:51:26.806+0100] {logging_mixin.py:151} INFO - [2023-09-14T17:51:26.806+0100] {dagbag.py:539} INFO - Filling up the DagBag from /home/joestar/Documents/projects/airflow_etl/airflow_env/lib/python3.8/site-packages/airflow/example_dags/tutorial.py
[2023-09-14T17:51:26.815+0100] {processor.py:839} INFO - DAG(s) dict_keys(['tutorial']) retrieved from /home/joestar/Documents/projects/airflow_etl/airflow_env/lib/python3.8/site-packages/airflow/example_dags/tutorial.py
[2023-09-14T17:51:26.835+0100] {logging_mixin.py:151} INFO - [2023-09-14T17:51:26.835+0100] {dag.py:2915} INFO - Sync 1 DAGs
[2023-09-14T17:51:26.863+0100] {logging_mixin.py:151} INFO - [2023-09-14T17:51:26.863+0100] {dag.py:3696} INFO - Setting next_dagrun for tutorial to 2023-09-13T16:51:26.863067+00:00, run_after=2023-09-14T16:51:26.863067+00:00
[2023-09-14T17:51:26.898+0100] {processor.py:179} INFO - Processing /home/joestar/Documents/projects/airflow_etl/airflow_env/lib/python3.8/site-packages/airflow/example_dags/tutorial.py took 0.098 seconds
[2023-09-14T17:52:16.575+0100] {processor.py:157} INFO - Started process (PID=36688) to work on /home/joestar/Documents/projects/airflow_etl/airflow_env/lib/python3.8/site-packages/airflow/example_dags/tutorial.py
[2023-09-14T17:52:16.576+0100] {processor.py:829} INFO - Processing file /home/joestar/Documents/projects/airflow_etl/airflow_env/lib/python3.8/site-packages/airflow/example_dags/tutorial.py for tasks to queue
[2023-09-14T17:52:16.577+0100] {logging_mixin.py:151} INFO - [2023-09-14T17:52:16.577+0100] {dagbag.py:539} INFO - Filling up the DagBag from /home/joestar/Documents/projects/airflow_etl/airflow_env/lib/python3.8/site-packages/airflow/example_dags/tutorial.py
[2023-09-14T17:52:16.583+0100] {processor.py:839} INFO - DAG(s) dict_keys(['tutorial']) retrieved from /home/joestar/Documents/projects/airflow_etl/airflow_env/lib/python3.8/site-packages/airflow/example_dags/tutorial.py
[2023-09-14T17:52:16.596+0100] {logging_mixin.py:151} INFO - [2023-09-14T17:52:16.596+0100] {dag.py:2915} INFO - Sync 1 DAGs
[2023-09-14T17:52:16.617+0100] {logging_mixin.py:151} INFO - [2023-09-14T17:52:16.617+0100] {dag.py:3696} INFO - Setting next_dagrun for tutorial to 2023-09-13T16:52:16.617515+00:00, run_after=2023-09-14T16:52:16.617515+00:00
[2023-09-14T17:52:16.642+0100] {processor.py:179} INFO - Processing /home/joestar/Documents/projects/airflow_etl/airflow_env/lib/python3.8/site-packages/airflow/example_dags/tutorial.py took 0.070 seconds
[2023-09-14T17:52:55.001+0100] {processor.py:157} INFO - Started process (PID=36847) to work on /home/joestar/Documents/projects/airflow_etl/airflow_env/lib/python3.8/site-packages/airflow/example_dags/tutorial.py
[2023-09-14T17:52:55.003+0100] {processor.py:829} INFO - Processing file /home/joestar/Documents/projects/airflow_etl/airflow_env/lib/python3.8/site-packages/airflow/example_dags/tutorial.py for tasks to queue
[2023-09-14T17:52:55.004+0100] {logging_mixin.py:151} INFO - [2023-09-14T17:52:55.004+0100] {dagbag.py:539} INFO - Filling up the DagBag from /home/joestar/Documents/projects/airflow_etl/airflow_env/lib/python3.8/site-packages/airflow/example_dags/tutorial.py
[2023-09-14T17:52:55.014+0100] {processor.py:839} INFO - DAG(s) dict_keys(['tutorial']) retrieved from /home/joestar/Documents/projects/airflow_etl/airflow_env/lib/python3.8/site-packages/airflow/example_dags/tutorial.py
[2023-09-14T17:52:55.034+0100] {logging_mixin.py:151} INFO - [2023-09-14T17:52:55.034+0100] {dag.py:2915} INFO - Sync 1 DAGs
[2023-09-14T17:52:55.056+0100] {logging_mixin.py:151} INFO - [2023-09-14T17:52:55.056+0100] {dag.py:3696} INFO - Setting next_dagrun for tutorial to 2023-09-13T16:52:55.056145+00:00, run_after=2023-09-14T16:52:55.056145+00:00
[2023-09-14T17:52:55.088+0100] {processor.py:179} INFO - Processing /home/joestar/Documents/projects/airflow_etl/airflow_env/lib/python3.8/site-packages/airflow/example_dags/tutorial.py took 0.090 seconds
[2023-09-14T18:02:57.523+0100] {processor.py:157} INFO - Started process (PID=38677) to work on /home/joestar/Documents/projects/airflow_etl/airflow_env/lib/python3.8/site-packages/airflow/example_dags/tutorial.py
[2023-09-14T18:02:57.524+0100] {processor.py:829} INFO - Processing file /home/joestar/Documents/projects/airflow_etl/airflow_env/lib/python3.8/site-packages/airflow/example_dags/tutorial.py for tasks to queue
[2023-09-14T18:02:57.525+0100] {logging_mixin.py:151} INFO - [2023-09-14T18:02:57.525+0100] {dagbag.py:539} INFO - Filling up the DagBag from /home/joestar/Documents/projects/airflow_etl/airflow_env/lib/python3.8/site-packages/airflow/example_dags/tutorial.py
[2023-09-14T18:02:57.534+0100] {processor.py:839} INFO - DAG(s) dict_keys(['tutorial']) retrieved from /home/joestar/Documents/projects/airflow_etl/airflow_env/lib/python3.8/site-packages/airflow/example_dags/tutorial.py
[2023-09-14T18:02:57.558+0100] {logging_mixin.py:151} INFO - [2023-09-14T18:02:57.558+0100] {dag.py:2915} INFO - Sync 1 DAGs
[2023-09-14T18:02:57.587+0100] {logging_mixin.py:151} INFO - [2023-09-14T18:02:57.587+0100] {dag.py:3696} INFO - Setting next_dagrun for tutorial to 2023-09-13T17:02:57.587352+00:00, run_after=2023-09-14T17:02:57.587352+00:00
[2023-09-14T18:02:57.622+0100] {processor.py:179} INFO - Processing /home/joestar/Documents/projects/airflow_etl/airflow_env/lib/python3.8/site-packages/airflow/example_dags/tutorial.py took 0.103 seconds
[2023-09-14T18:03:49.671+0100] {processor.py:157} INFO - Started process (PID=38912) to work on /home/joestar/Documents/projects/airflow_etl/airflow_env/lib/python3.8/site-packages/airflow/example_dags/tutorial.py
[2023-09-14T18:03:49.675+0100] {processor.py:829} INFO - Processing file /home/joestar/Documents/projects/airflow_etl/airflow_env/lib/python3.8/site-packages/airflow/example_dags/tutorial.py for tasks to queue
[2023-09-14T18:03:49.676+0100] {logging_mixin.py:151} INFO - [2023-09-14T18:03:49.676+0100] {dagbag.py:539} INFO - Filling up the DagBag from /home/joestar/Documents/projects/airflow_etl/airflow_env/lib/python3.8/site-packages/airflow/example_dags/tutorial.py
[2023-09-14T18:03:49.695+0100] {processor.py:839} INFO - DAG(s) dict_keys(['tutorial']) retrieved from /home/joestar/Documents/projects/airflow_etl/airflow_env/lib/python3.8/site-packages/airflow/example_dags/tutorial.py
[2023-09-14T18:03:49.718+0100] {logging_mixin.py:151} INFO - [2023-09-14T18:03:49.718+0100] {dag.py:2915} INFO - Sync 1 DAGs
[2023-09-14T18:03:49.748+0100] {logging_mixin.py:151} INFO - [2023-09-14T18:03:49.748+0100] {dag.py:3696} INFO - Setting next_dagrun for tutorial to 2023-09-13T17:03:49.747944+00:00, run_after=2023-09-14T17:03:49.747944+00:00
[2023-09-14T18:03:49.794+0100] {processor.py:179} INFO - Processing /home/joestar/Documents/projects/airflow_etl/airflow_env/lib/python3.8/site-packages/airflow/example_dags/tutorial.py took 0.134 seconds
[2023-09-14T18:04:33.299+0100] {processor.py:157} INFO - Started process (PID=39120) to work on /home/joestar/Documents/projects/airflow_etl/airflow_env/lib/python3.8/site-packages/airflow/example_dags/tutorial.py
[2023-09-14T18:04:33.300+0100] {processor.py:829} INFO - Processing file /home/joestar/Documents/projects/airflow_etl/airflow_env/lib/python3.8/site-packages/airflow/example_dags/tutorial.py for tasks to queue
[2023-09-14T18:04:33.301+0100] {logging_mixin.py:151} INFO - [2023-09-14T18:04:33.300+0100] {dagbag.py:539} INFO - Filling up the DagBag from /home/joestar/Documents/projects/airflow_etl/airflow_env/lib/python3.8/site-packages/airflow/example_dags/tutorial.py
[2023-09-14T18:04:33.308+0100] {processor.py:839} INFO - DAG(s) dict_keys(['tutorial']) retrieved from /home/joestar/Documents/projects/airflow_etl/airflow_env/lib/python3.8/site-packages/airflow/example_dags/tutorial.py
[2023-09-14T18:04:33.327+0100] {logging_mixin.py:151} INFO - [2023-09-14T18:04:33.327+0100] {dag.py:2915} INFO - Sync 1 DAGs
[2023-09-14T18:04:33.350+0100] {logging_mixin.py:151} INFO - [2023-09-14T18:04:33.350+0100] {dag.py:3696} INFO - Setting next_dagrun for tutorial to 2023-09-13T17:04:33.350370+00:00, run_after=2023-09-14T17:04:33.350370+00:00
[2023-09-14T18:04:33.380+0100] {processor.py:179} INFO - Processing /home/joestar/Documents/projects/airflow_etl/airflow_env/lib/python3.8/site-packages/airflow/example_dags/tutorial.py took 0.084 seconds
