[2023-09-28T04:30:53.715+0100] {processor.py:157} INFO - Started process (PID=14909) to work on /home/joestar/Documents/projects/etl_clickhouse/etl_clickhouse_airflow/clickhouse_venv/lib/python3.8/site-packages/airflow/example_dags/example_branch_datetime_operator.py
[2023-09-28T04:30:53.716+0100] {processor.py:829} INFO - Processing file /home/joestar/Documents/projects/etl_clickhouse/etl_clickhouse_airflow/clickhouse_venv/lib/python3.8/site-packages/airflow/example_dags/example_branch_datetime_operator.py for tasks to queue
[2023-09-28T04:30:53.716+0100] {logging_mixin.py:151} INFO - [2023-09-28T04:30:53.716+0100] {dagbag.py:539} INFO - Filling up the DagBag from /home/joestar/Documents/projects/etl_clickhouse/etl_clickhouse_airflow/clickhouse_venv/lib/python3.8/site-packages/airflow/example_dags/example_branch_datetime_operator.py
[2023-09-28T04:30:53.727+0100] {processor.py:839} INFO - DAG(s) dict_keys(['example_branch_datetime_operator', 'example_branch_datetime_operator_2', 'example_branch_datetime_operator_3']) retrieved from /home/joestar/Documents/projects/etl_clickhouse/etl_clickhouse_airflow/clickhouse_venv/lib/python3.8/site-packages/airflow/example_dags/example_branch_datetime_operator.py
[2023-09-28T04:30:53.830+0100] {logging_mixin.py:151} INFO - [2023-09-28T04:30:53.830+0100] {security.py:708} INFO - Not syncing DAG-level permissions for DAG 'DAG:example_branch_datetime_operator' as access control is unset.
[2023-09-28T04:30:53.840+0100] {logging_mixin.py:151} INFO - [2023-09-28T04:30:53.840+0100] {security.py:708} INFO - Not syncing DAG-level permissions for DAG 'DAG:example_branch_datetime_operator_2' as access control is unset.
[2023-09-28T04:30:53.850+0100] {logging_mixin.py:151} INFO - [2023-09-28T04:30:53.850+0100] {security.py:708} INFO - Not syncing DAG-level permissions for DAG 'DAG:example_branch_datetime_operator_3' as access control is unset.
[2023-09-28T04:30:53.851+0100] {logging_mixin.py:151} INFO - [2023-09-28T04:30:53.850+0100] {dag.py:2915} INFO - Sync 3 DAGs
[2023-09-28T04:30:53.871+0100] {logging_mixin.py:151} INFO - [2023-09-28T04:30:53.871+0100] {dag.py:3696} INFO - Setting next_dagrun for example_branch_datetime_operator to 2023-09-27T00:00:00+00:00, run_after=2023-09-28T00:00:00+00:00
[2023-09-28T04:30:53.875+0100] {logging_mixin.py:151} INFO - [2023-09-28T04:30:53.875+0100] {dag.py:3696} INFO - Setting next_dagrun for example_branch_datetime_operator_2 to 2023-09-27T00:00:00+00:00, run_after=2023-09-28T00:00:00+00:00
[2023-09-28T04:30:53.878+0100] {logging_mixin.py:151} INFO - [2023-09-28T04:30:53.878+0100] {dag.py:3696} INFO - Setting next_dagrun for example_branch_datetime_operator_3 to 2023-09-27T00:00:00+00:00, run_after=2023-09-28T00:00:00+00:00
[2023-09-28T04:30:53.906+0100] {processor.py:179} INFO - Processing /home/joestar/Documents/projects/etl_clickhouse/etl_clickhouse_airflow/clickhouse_venv/lib/python3.8/site-packages/airflow/example_dags/example_branch_datetime_operator.py took 0.194 seconds
[2023-09-28T04:31:53.119+0100] {processor.py:157} INFO - Started process (PID=15225) to work on /home/joestar/Documents/projects/etl_clickhouse/etl_clickhouse_airflow/clickhouse_venv/lib/python3.8/site-packages/airflow/example_dags/example_branch_datetime_operator.py
[2023-09-28T04:31:53.120+0100] {processor.py:829} INFO - Processing file /home/joestar/Documents/projects/etl_clickhouse/etl_clickhouse_airflow/clickhouse_venv/lib/python3.8/site-packages/airflow/example_dags/example_branch_datetime_operator.py for tasks to queue
[2023-09-28T04:31:53.121+0100] {logging_mixin.py:151} INFO - [2023-09-28T04:31:53.120+0100] {dagbag.py:539} INFO - Filling up the DagBag from /home/joestar/Documents/projects/etl_clickhouse/etl_clickhouse_airflow/clickhouse_venv/lib/python3.8/site-packages/airflow/example_dags/example_branch_datetime_operator.py
[2023-09-28T04:31:53.138+0100] {processor.py:839} INFO - DAG(s) dict_keys(['example_branch_datetime_operator_3', 'example_branch_datetime_operator_2', 'example_branch_datetime_operator']) retrieved from /home/joestar/Documents/projects/etl_clickhouse/etl_clickhouse_airflow/clickhouse_venv/lib/python3.8/site-packages/airflow/example_dags/example_branch_datetime_operator.py
[2023-09-28T04:31:53.168+0100] {logging_mixin.py:151} INFO - [2023-09-28T04:31:53.168+0100] {dag.py:2915} INFO - Sync 3 DAGs
[2023-09-28T04:31:53.204+0100] {logging_mixin.py:151} INFO - [2023-09-28T04:31:53.203+0100] {dag.py:3696} INFO - Setting next_dagrun for example_branch_datetime_operator to 2023-09-27T00:00:00+00:00, run_after=2023-09-28T00:00:00+00:00
[2023-09-28T04:31:53.212+0100] {logging_mixin.py:151} INFO - [2023-09-28T04:31:53.212+0100] {dag.py:3696} INFO - Setting next_dagrun for example_branch_datetime_operator_2 to 2023-09-27T00:00:00+00:00, run_after=2023-09-28T00:00:00+00:00
[2023-09-28T04:31:53.216+0100] {logging_mixin.py:151} INFO - [2023-09-28T04:31:53.216+0100] {dag.py:3696} INFO - Setting next_dagrun for example_branch_datetime_operator_3 to 2023-09-27T00:00:00+00:00, run_after=2023-09-28T00:00:00+00:00
[2023-09-28T04:31:53.241+0100] {processor.py:179} INFO - Processing /home/joestar/Documents/projects/etl_clickhouse/etl_clickhouse_airflow/clickhouse_venv/lib/python3.8/site-packages/airflow/example_dags/example_branch_datetime_operator.py took 0.125 seconds
