[2023-09-28T04:30:13.258+0100] {processor.py:157} INFO - Started process (PID=14679) to work on /home/joestar/Documents/projects/etl_clickhouse/etl_clickhouse_airflow/clickhouse_venv/lib/python3.8/site-packages/airflow/example_dags/example_short_circuit_decorator.py
[2023-09-28T04:30:13.259+0100] {processor.py:829} INFO - Processing file /home/joestar/Documents/projects/etl_clickhouse/etl_clickhouse_airflow/clickhouse_venv/lib/python3.8/site-packages/airflow/example_dags/example_short_circuit_decorator.py for tasks to queue
[2023-09-28T04:30:13.260+0100] {logging_mixin.py:151} INFO - [2023-09-28T04:30:13.260+0100] {dagbag.py:539} INFO - Filling up the DagBag from /home/joestar/Documents/projects/etl_clickhouse/etl_clickhouse_airflow/clickhouse_venv/lib/python3.8/site-packages/airflow/example_dags/example_short_circuit_decorator.py
[2023-09-28T04:30:13.272+0100] {processor.py:839} INFO - DAG(s) dict_keys(['example_short_circuit_decorator']) retrieved from /home/joestar/Documents/projects/etl_clickhouse/etl_clickhouse_airflow/clickhouse_venv/lib/python3.8/site-packages/airflow/example_dags/example_short_circuit_decorator.py
[2023-09-28T04:30:13.350+0100] {logging_mixin.py:151} INFO - [2023-09-28T04:30:13.349+0100] {security.py:708} INFO - Not syncing DAG-level permissions for DAG 'DAG:example_short_circuit_decorator' as access control is unset.
[2023-09-28T04:30:13.350+0100] {logging_mixin.py:151} INFO - [2023-09-28T04:30:13.350+0100] {dag.py:2915} INFO - Sync 1 DAGs
[2023-09-28T04:30:13.365+0100] {logging_mixin.py:151} INFO - [2023-09-28T04:30:13.365+0100] {dag.py:3696} INFO - Setting next_dagrun for example_short_circuit_decorator to 2023-09-27T03:30:13.365160+00:00, run_after=2023-09-28T03:30:13.365160+00:00
[2023-09-28T04:30:13.392+0100] {processor.py:179} INFO - Processing /home/joestar/Documents/projects/etl_clickhouse/etl_clickhouse_airflow/clickhouse_venv/lib/python3.8/site-packages/airflow/example_dags/example_short_circuit_decorator.py took 0.136 seconds
[2023-09-28T04:31:05.274+0100] {processor.py:157} INFO - Started process (PID=15021) to work on /home/joestar/Documents/projects/etl_clickhouse/etl_clickhouse_airflow/clickhouse_venv/lib/python3.8/site-packages/airflow/example_dags/example_short_circuit_decorator.py
[2023-09-28T04:31:05.277+0100] {processor.py:829} INFO - Processing file /home/joestar/Documents/projects/etl_clickhouse/etl_clickhouse_airflow/clickhouse_venv/lib/python3.8/site-packages/airflow/example_dags/example_short_circuit_decorator.py for tasks to queue
[2023-09-28T04:31:05.279+0100] {logging_mixin.py:151} INFO - [2023-09-28T04:31:05.278+0100] {dagbag.py:539} INFO - Filling up the DagBag from /home/joestar/Documents/projects/etl_clickhouse/etl_clickhouse_airflow/clickhouse_venv/lib/python3.8/site-packages/airflow/example_dags/example_short_circuit_decorator.py
[2023-09-28T04:31:05.300+0100] {processor.py:839} INFO - DAG(s) dict_keys(['example_short_circuit_decorator']) retrieved from /home/joestar/Documents/projects/etl_clickhouse/etl_clickhouse_airflow/clickhouse_venv/lib/python3.8/site-packages/airflow/example_dags/example_short_circuit_decorator.py
[2023-09-28T04:31:05.393+0100] {logging_mixin.py:151} INFO - [2023-09-28T04:31:05.391+0100] {dag.py:2915} INFO - Sync 1 DAGs
[2023-09-28T04:31:05.449+0100] {logging_mixin.py:151} INFO - [2023-09-28T04:31:05.449+0100] {dag.py:3696} INFO - Setting next_dagrun for example_short_circuit_decorator to 2023-09-27T03:31:05.449257+00:00, run_after=2023-09-28T03:31:05.449257+00:00
[2023-09-28T04:31:05.484+0100] {processor.py:179} INFO - Processing /home/joestar/Documents/projects/etl_clickhouse/etl_clickhouse_airflow/clickhouse_venv/lib/python3.8/site-packages/airflow/example_dags/example_short_circuit_decorator.py took 0.218 seconds
[2023-09-28T04:31:45.858+0100] {processor.py:157} INFO - Started process (PID=15191) to work on /home/joestar/Documents/projects/etl_clickhouse/etl_clickhouse_airflow/clickhouse_venv/lib/python3.8/site-packages/airflow/example_dags/example_short_circuit_decorator.py
[2023-09-28T04:31:45.859+0100] {processor.py:829} INFO - Processing file /home/joestar/Documents/projects/etl_clickhouse/etl_clickhouse_airflow/clickhouse_venv/lib/python3.8/site-packages/airflow/example_dags/example_short_circuit_decorator.py for tasks to queue
[2023-09-28T04:31:45.860+0100] {logging_mixin.py:151} INFO - [2023-09-28T04:31:45.859+0100] {dagbag.py:539} INFO - Filling up the DagBag from /home/joestar/Documents/projects/etl_clickhouse/etl_clickhouse_airflow/clickhouse_venv/lib/python3.8/site-packages/airflow/example_dags/example_short_circuit_decorator.py
[2023-09-28T04:31:45.871+0100] {processor.py:839} INFO - DAG(s) dict_keys(['example_short_circuit_decorator']) retrieved from /home/joestar/Documents/projects/etl_clickhouse/etl_clickhouse_airflow/clickhouse_venv/lib/python3.8/site-packages/airflow/example_dags/example_short_circuit_decorator.py
[2023-09-28T04:31:45.887+0100] {logging_mixin.py:151} INFO - [2023-09-28T04:31:45.887+0100] {dag.py:2915} INFO - Sync 1 DAGs
[2023-09-28T04:31:45.906+0100] {logging_mixin.py:151} INFO - [2023-09-28T04:31:45.906+0100] {dag.py:3696} INFO - Setting next_dagrun for example_short_circuit_decorator to 2023-09-27T03:31:45.906221+00:00, run_after=2023-09-28T03:31:45.906221+00:00
[2023-09-28T04:31:45.930+0100] {processor.py:179} INFO - Processing /home/joestar/Documents/projects/etl_clickhouse/etl_clickhouse_airflow/clickhouse_venv/lib/python3.8/site-packages/airflow/example_dags/example_short_circuit_decorator.py took 0.074 seconds
