[2023-09-28T04:30:18.522+0100] {processor.py:157} INFO - Started process (PID=14699) to work on /home/joestar/Documents/projects/etl_clickhouse/etl_clickhouse_airflow/clickhouse_venv/lib/python3.8/site-packages/airflow/example_dags/example_xcomargs.py
[2023-09-28T04:30:18.523+0100] {processor.py:829} INFO - Processing file /home/joestar/Documents/projects/etl_clickhouse/etl_clickhouse_airflow/clickhouse_venv/lib/python3.8/site-packages/airflow/example_dags/example_xcomargs.py for tasks to queue
[2023-09-28T04:30:18.524+0100] {logging_mixin.py:151} INFO - [2023-09-28T04:30:18.524+0100] {dagbag.py:539} INFO - Filling up the DagBag from /home/joestar/Documents/projects/etl_clickhouse/etl_clickhouse_airflow/clickhouse_venv/lib/python3.8/site-packages/airflow/example_dags/example_xcomargs.py
[2023-09-28T04:30:18.533+0100] {processor.py:839} INFO - DAG(s) dict_keys(['example_xcom_args', 'example_xcom_args_with_operators']) retrieved from /home/joestar/Documents/projects/etl_clickhouse/etl_clickhouse_airflow/clickhouse_venv/lib/python3.8/site-packages/airflow/example_dags/example_xcomargs.py
[2023-09-28T04:30:18.607+0100] {logging_mixin.py:151} INFO - [2023-09-28T04:30:18.607+0100] {security.py:708} INFO - Not syncing DAG-level permissions for DAG 'DAG:example_xcom_args' as access control is unset.
[2023-09-28T04:30:18.615+0100] {logging_mixin.py:151} INFO - [2023-09-28T04:30:18.615+0100] {security.py:708} INFO - Not syncing DAG-level permissions for DAG 'DAG:example_xcom_args_with_operators' as access control is unset.
[2023-09-28T04:30:18.615+0100] {logging_mixin.py:151} INFO - [2023-09-28T04:30:18.615+0100] {dag.py:2915} INFO - Sync 2 DAGs
[2023-09-28T04:30:18.623+0100] {logging_mixin.py:151} INFO - [2023-09-28T04:30:18.623+0100] {dag.py:3696} INFO - Setting next_dagrun for example_xcom_args to None, run_after=None
[2023-09-28T04:30:18.625+0100] {logging_mixin.py:151} INFO - [2023-09-28T04:30:18.625+0100] {dag.py:3696} INFO - Setting next_dagrun for example_xcom_args_with_operators to None, run_after=None
[2023-09-28T04:30:18.658+0100] {processor.py:179} INFO - Processing /home/joestar/Documents/projects/etl_clickhouse/etl_clickhouse_airflow/clickhouse_venv/lib/python3.8/site-packages/airflow/example_dags/example_xcomargs.py took 0.139 seconds
[2023-09-28T04:31:10.625+0100] {processor.py:157} INFO - Started process (PID=15083) to work on /home/joestar/Documents/projects/etl_clickhouse/etl_clickhouse_airflow/clickhouse_venv/lib/python3.8/site-packages/airflow/example_dags/example_xcomargs.py
[2023-09-28T04:31:10.626+0100] {processor.py:829} INFO - Processing file /home/joestar/Documents/projects/etl_clickhouse/etl_clickhouse_airflow/clickhouse_venv/lib/python3.8/site-packages/airflow/example_dags/example_xcomargs.py for tasks to queue
[2023-09-28T04:31:10.626+0100] {logging_mixin.py:151} INFO - [2023-09-28T04:31:10.626+0100] {dagbag.py:539} INFO - Filling up the DagBag from /home/joestar/Documents/projects/etl_clickhouse/etl_clickhouse_airflow/clickhouse_venv/lib/python3.8/site-packages/airflow/example_dags/example_xcomargs.py
[2023-09-28T04:31:10.635+0100] {processor.py:839} INFO - DAG(s) dict_keys(['example_xcom_args_with_operators', 'example_xcom_args']) retrieved from /home/joestar/Documents/projects/etl_clickhouse/etl_clickhouse_airflow/clickhouse_venv/lib/python3.8/site-packages/airflow/example_dags/example_xcomargs.py
[2023-09-28T04:31:10.652+0100] {logging_mixin.py:151} INFO - [2023-09-28T04:31:10.651+0100] {dag.py:2915} INFO - Sync 2 DAGs
[2023-09-28T04:31:10.667+0100] {logging_mixin.py:151} INFO - [2023-09-28T04:31:10.667+0100] {dag.py:3696} INFO - Setting next_dagrun for example_xcom_args to None, run_after=None
[2023-09-28T04:31:10.671+0100] {logging_mixin.py:151} INFO - [2023-09-28T04:31:10.671+0100] {dag.py:3696} INFO - Setting next_dagrun for example_xcom_args_with_operators to None, run_after=None
[2023-09-28T04:31:10.694+0100] {processor.py:179} INFO - Processing /home/joestar/Documents/projects/etl_clickhouse/etl_clickhouse_airflow/clickhouse_venv/lib/python3.8/site-packages/airflow/example_dags/example_xcomargs.py took 0.072 seconds
[2023-09-28T04:31:59.409+0100] {processor.py:157} INFO - Started process (PID=15275) to work on /home/joestar/Documents/projects/etl_clickhouse/etl_clickhouse_airflow/clickhouse_venv/lib/python3.8/site-packages/airflow/example_dags/example_xcomargs.py
[2023-09-28T04:31:59.410+0100] {processor.py:829} INFO - Processing file /home/joestar/Documents/projects/etl_clickhouse/etl_clickhouse_airflow/clickhouse_venv/lib/python3.8/site-packages/airflow/example_dags/example_xcomargs.py for tasks to queue
[2023-09-28T04:31:59.411+0100] {logging_mixin.py:151} INFO - [2023-09-28T04:31:59.411+0100] {dagbag.py:539} INFO - Filling up the DagBag from /home/joestar/Documents/projects/etl_clickhouse/etl_clickhouse_airflow/clickhouse_venv/lib/python3.8/site-packages/airflow/example_dags/example_xcomargs.py
[2023-09-28T04:31:59.418+0100] {processor.py:839} INFO - DAG(s) dict_keys(['example_xcom_args_with_operators', 'example_xcom_args']) retrieved from /home/joestar/Documents/projects/etl_clickhouse/etl_clickhouse_airflow/clickhouse_venv/lib/python3.8/site-packages/airflow/example_dags/example_xcomargs.py
[2023-09-28T04:31:59.436+0100] {logging_mixin.py:151} INFO - [2023-09-28T04:31:59.436+0100] {dag.py:2915} INFO - Sync 2 DAGs
[2023-09-28T04:31:59.446+0100] {logging_mixin.py:151} INFO - [2023-09-28T04:31:59.446+0100] {dag.py:3696} INFO - Setting next_dagrun for example_xcom_args to None, run_after=None
[2023-09-28T04:31:59.449+0100] {logging_mixin.py:151} INFO - [2023-09-28T04:31:59.449+0100] {dag.py:3696} INFO - Setting next_dagrun for example_xcom_args_with_operators to None, run_after=None
[2023-09-28T04:31:59.471+0100] {processor.py:179} INFO - Processing /home/joestar/Documents/projects/etl_clickhouse/etl_clickhouse_airflow/clickhouse_venv/lib/python3.8/site-packages/airflow/example_dags/example_xcomargs.py took 0.064 seconds
