[2023-09-28T04:30:09.276+0100] {processor.py:157} INFO - Started process (PID=14660) to work on /home/joestar/Documents/projects/etl_clickhouse/etl_clickhouse_airflow/clickhouse_venv/lib/python3.8/site-packages/airflow/example_dags/example_time_delta_sensor_async.py
[2023-09-28T04:30:09.278+0100] {processor.py:829} INFO - Processing file /home/joestar/Documents/projects/etl_clickhouse/etl_clickhouse_airflow/clickhouse_venv/lib/python3.8/site-packages/airflow/example_dags/example_time_delta_sensor_async.py for tasks to queue
[2023-09-28T04:30:09.279+0100] {logging_mixin.py:151} INFO - [2023-09-28T04:30:09.279+0100] {dagbag.py:539} INFO - Filling up the DagBag from /home/joestar/Documents/projects/etl_clickhouse/etl_clickhouse_airflow/clickhouse_venv/lib/python3.8/site-packages/airflow/example_dags/example_time_delta_sensor_async.py
[2023-09-28T04:30:09.292+0100] {processor.py:839} INFO - DAG(s) dict_keys(['example_time_delta_sensor_async']) retrieved from /home/joestar/Documents/projects/etl_clickhouse/etl_clickhouse_airflow/clickhouse_venv/lib/python3.8/site-packages/airflow/example_dags/example_time_delta_sensor_async.py
[2023-09-28T04:30:09.377+0100] {logging_mixin.py:151} INFO - [2023-09-28T04:30:09.377+0100] {security.py:708} INFO - Not syncing DAG-level permissions for DAG 'DAG:example_time_delta_sensor_async' as access control is unset.
[2023-09-28T04:30:09.377+0100] {logging_mixin.py:151} INFO - [2023-09-28T04:30:09.377+0100] {dag.py:2915} INFO - Sync 1 DAGs
[2023-09-28T04:30:09.386+0100] {logging_mixin.py:151} INFO - [2023-09-28T04:30:09.386+0100] {dag.py:3696} INFO - Setting next_dagrun for example_time_delta_sensor_async to None, run_after=None
[2023-09-28T04:30:09.410+0100] {processor.py:179} INFO - Processing /home/joestar/Documents/projects/etl_clickhouse/etl_clickhouse_airflow/clickhouse_venv/lib/python3.8/site-packages/airflow/example_dags/example_time_delta_sensor_async.py took 0.140 seconds
[2023-09-28T04:31:01.553+0100] {processor.py:157} INFO - Started process (PID=14944) to work on /home/joestar/Documents/projects/etl_clickhouse/etl_clickhouse_airflow/clickhouse_venv/lib/python3.8/site-packages/airflow/example_dags/example_time_delta_sensor_async.py
[2023-09-28T04:31:01.554+0100] {processor.py:829} INFO - Processing file /home/joestar/Documents/projects/etl_clickhouse/etl_clickhouse_airflow/clickhouse_venv/lib/python3.8/site-packages/airflow/example_dags/example_time_delta_sensor_async.py for tasks to queue
[2023-09-28T04:31:01.555+0100] {logging_mixin.py:151} INFO - [2023-09-28T04:31:01.554+0100] {dagbag.py:539} INFO - Filling up the DagBag from /home/joestar/Documents/projects/etl_clickhouse/etl_clickhouse_airflow/clickhouse_venv/lib/python3.8/site-packages/airflow/example_dags/example_time_delta_sensor_async.py
[2023-09-28T04:31:01.559+0100] {processor.py:839} INFO - DAG(s) dict_keys(['example_time_delta_sensor_async']) retrieved from /home/joestar/Documents/projects/etl_clickhouse/etl_clickhouse_airflow/clickhouse_venv/lib/python3.8/site-packages/airflow/example_dags/example_time_delta_sensor_async.py
[2023-09-28T04:31:01.573+0100] {logging_mixin.py:151} INFO - [2023-09-28T04:31:01.573+0100] {dag.py:2915} INFO - Sync 1 DAGs
[2023-09-28T04:31:01.584+0100] {logging_mixin.py:151} INFO - [2023-09-28T04:31:01.584+0100] {dag.py:3696} INFO - Setting next_dagrun for example_time_delta_sensor_async to None, run_after=None
[2023-09-28T04:31:01.607+0100] {processor.py:179} INFO - Processing /home/joestar/Documents/projects/etl_clickhouse/etl_clickhouse_airflow/clickhouse_venv/lib/python3.8/site-packages/airflow/example_dags/example_time_delta_sensor_async.py took 0.056 seconds
[2023-09-28T04:31:41.550+0100] {processor.py:157} INFO - Started process (PID=15167) to work on /home/joestar/Documents/projects/etl_clickhouse/etl_clickhouse_airflow/clickhouse_venv/lib/python3.8/site-packages/airflow/example_dags/example_time_delta_sensor_async.py
[2023-09-28T04:31:41.551+0100] {processor.py:829} INFO - Processing file /home/joestar/Documents/projects/etl_clickhouse/etl_clickhouse_airflow/clickhouse_venv/lib/python3.8/site-packages/airflow/example_dags/example_time_delta_sensor_async.py for tasks to queue
[2023-09-28T04:31:41.551+0100] {logging_mixin.py:151} INFO - [2023-09-28T04:31:41.551+0100] {dagbag.py:539} INFO - Filling up the DagBag from /home/joestar/Documents/projects/etl_clickhouse/etl_clickhouse_airflow/clickhouse_venv/lib/python3.8/site-packages/airflow/example_dags/example_time_delta_sensor_async.py
[2023-09-28T04:31:41.555+0100] {processor.py:839} INFO - DAG(s) dict_keys(['example_time_delta_sensor_async']) retrieved from /home/joestar/Documents/projects/etl_clickhouse/etl_clickhouse_airflow/clickhouse_venv/lib/python3.8/site-packages/airflow/example_dags/example_time_delta_sensor_async.py
[2023-09-28T04:31:41.571+0100] {logging_mixin.py:151} INFO - [2023-09-28T04:31:41.571+0100] {dag.py:2915} INFO - Sync 1 DAGs
[2023-09-28T04:31:41.582+0100] {logging_mixin.py:151} INFO - [2023-09-28T04:31:41.582+0100] {dag.py:3696} INFO - Setting next_dagrun for example_time_delta_sensor_async to None, run_after=None
[2023-09-28T04:31:41.604+0100] {processor.py:179} INFO - Processing /home/joestar/Documents/projects/etl_clickhouse/etl_clickhouse_airflow/clickhouse_venv/lib/python3.8/site-packages/airflow/example_dags/example_time_delta_sensor_async.py took 0.057 seconds
