[2023-09-28T04:30:11.782+0100] {processor.py:157} INFO - Started process (PID=14672) to work on /home/joestar/Documents/projects/etl_clickhouse/etl_clickhouse_airflow/clickhouse_venv/lib/python3.8/site-packages/airflow/example_dags/example_sla_dag.py
[2023-09-28T04:30:11.783+0100] {processor.py:829} INFO - Processing file /home/joestar/Documents/projects/etl_clickhouse/etl_clickhouse_airflow/clickhouse_venv/lib/python3.8/site-packages/airflow/example_dags/example_sla_dag.py for tasks to queue
[2023-09-28T04:30:11.785+0100] {logging_mixin.py:151} INFO - [2023-09-28T04:30:11.784+0100] {dagbag.py:539} INFO - Filling up the DagBag from /home/joestar/Documents/projects/etl_clickhouse/etl_clickhouse_airflow/clickhouse_venv/lib/python3.8/site-packages/airflow/example_dags/example_sla_dag.py
[2023-09-28T04:30:11.798+0100] {processor.py:839} INFO - DAG(s) dict_keys(['example_sla_dag']) retrieved from /home/joestar/Documents/projects/etl_clickhouse/etl_clickhouse_airflow/clickhouse_venv/lib/python3.8/site-packages/airflow/example_dags/example_sla_dag.py
[2023-09-28T04:30:11.880+0100] {logging_mixin.py:151} INFO - [2023-09-28T04:30:11.880+0100] {security.py:708} INFO - Not syncing DAG-level permissions for DAG 'DAG:example_sla_dag' as access control is unset.
[2023-09-28T04:30:11.881+0100] {logging_mixin.py:151} INFO - [2023-09-28T04:30:11.880+0100] {dag.py:2915} INFO - Sync 1 DAGs
[2023-09-28T04:30:11.899+0100] {logging_mixin.py:151} INFO - [2023-09-28T04:30:11.899+0100] {dag.py:3696} INFO - Setting next_dagrun for example_sla_dag to 2023-09-28T03:28:00+00:00, run_after=2023-09-28T03:30:00+00:00
[2023-09-28T04:30:11.928+0100] {processor.py:179} INFO - Processing /home/joestar/Documents/projects/etl_clickhouse/etl_clickhouse_airflow/clickhouse_venv/lib/python3.8/site-packages/airflow/example_dags/example_sla_dag.py took 0.150 seconds
[2023-09-28T04:31:02.886+0100] {processor.py:157} INFO - Started process (PID=14947) to work on /home/joestar/Documents/projects/etl_clickhouse/etl_clickhouse_airflow/clickhouse_venv/lib/python3.8/site-packages/airflow/example_dags/example_sla_dag.py
[2023-09-28T04:31:02.887+0100] {processor.py:829} INFO - Processing file /home/joestar/Documents/projects/etl_clickhouse/etl_clickhouse_airflow/clickhouse_venv/lib/python3.8/site-packages/airflow/example_dags/example_sla_dag.py for tasks to queue
[2023-09-28T04:31:02.889+0100] {logging_mixin.py:151} INFO - [2023-09-28T04:31:02.888+0100] {dagbag.py:539} INFO - Filling up the DagBag from /home/joestar/Documents/projects/etl_clickhouse/etl_clickhouse_airflow/clickhouse_venv/lib/python3.8/site-packages/airflow/example_dags/example_sla_dag.py
[2023-09-28T04:31:02.902+0100] {processor.py:839} INFO - DAG(s) dict_keys(['example_sla_dag']) retrieved from /home/joestar/Documents/projects/etl_clickhouse/etl_clickhouse_airflow/clickhouse_venv/lib/python3.8/site-packages/airflow/example_dags/example_sla_dag.py
[2023-09-28T04:31:02.931+0100] {logging_mixin.py:151} INFO - [2023-09-28T04:31:02.931+0100] {dag.py:2915} INFO - Sync 1 DAGs
[2023-09-28T04:31:02.979+0100] {logging_mixin.py:151} INFO - [2023-09-28T04:31:02.978+0100] {dag.py:3696} INFO - Setting next_dagrun for example_sla_dag to 2023-09-28T03:28:00+00:00, run_after=2023-09-28T03:30:00+00:00
[2023-09-28T04:31:03.017+0100] {processor.py:179} INFO - Processing /home/joestar/Documents/projects/etl_clickhouse/etl_clickhouse_airflow/clickhouse_venv/lib/python3.8/site-packages/airflow/example_dags/example_sla_dag.py took 0.134 seconds
[2023-09-28T04:31:43.851+0100] {processor.py:157} INFO - Started process (PID=15183) to work on /home/joestar/Documents/projects/etl_clickhouse/etl_clickhouse_airflow/clickhouse_venv/lib/python3.8/site-packages/airflow/example_dags/example_sla_dag.py
[2023-09-28T04:31:43.852+0100] {processor.py:829} INFO - Processing file /home/joestar/Documents/projects/etl_clickhouse/etl_clickhouse_airflow/clickhouse_venv/lib/python3.8/site-packages/airflow/example_dags/example_sla_dag.py for tasks to queue
[2023-09-28T04:31:43.853+0100] {logging_mixin.py:151} INFO - [2023-09-28T04:31:43.853+0100] {dagbag.py:539} INFO - Filling up the DagBag from /home/joestar/Documents/projects/etl_clickhouse/etl_clickhouse_airflow/clickhouse_venv/lib/python3.8/site-packages/airflow/example_dags/example_sla_dag.py
[2023-09-28T04:31:43.861+0100] {processor.py:839} INFO - DAG(s) dict_keys(['example_sla_dag']) retrieved from /home/joestar/Documents/projects/etl_clickhouse/etl_clickhouse_airflow/clickhouse_venv/lib/python3.8/site-packages/airflow/example_dags/example_sla_dag.py
[2023-09-28T04:31:43.874+0100] {logging_mixin.py:151} INFO - [2023-09-28T04:31:43.874+0100] {dag.py:2915} INFO - Sync 1 DAGs
[2023-09-28T04:31:43.896+0100] {logging_mixin.py:151} INFO - [2023-09-28T04:31:43.896+0100] {dag.py:3696} INFO - Setting next_dagrun for example_sla_dag to 2023-09-28T03:28:00+00:00, run_after=2023-09-28T03:30:00+00:00
[2023-09-28T04:31:43.926+0100] {processor.py:179} INFO - Processing /home/joestar/Documents/projects/etl_clickhouse/etl_clickhouse_airflow/clickhouse_venv/lib/python3.8/site-packages/airflow/example_dags/example_sla_dag.py took 0.077 seconds
