[2023-09-28T04:30:34.310+0100] {processor.py:157} INFO - Started process (PID=14779) to work on /home/joestar/Documents/projects/etl_clickhouse/etl_clickhouse_airflow/clickhouse_venv/lib/python3.8/site-packages/airflow/example_dags/example_datasets.py
[2023-09-28T04:30:34.311+0100] {processor.py:829} INFO - Processing file /home/joestar/Documents/projects/etl_clickhouse/etl_clickhouse_airflow/clickhouse_venv/lib/python3.8/site-packages/airflow/example_dags/example_datasets.py for tasks to queue
[2023-09-28T04:30:34.312+0100] {logging_mixin.py:151} INFO - [2023-09-28T04:30:34.311+0100] {dagbag.py:539} INFO - Filling up the DagBag from /home/joestar/Documents/projects/etl_clickhouse/etl_clickhouse_airflow/clickhouse_venv/lib/python3.8/site-packages/airflow/example_dags/example_datasets.py
[2023-09-28T04:30:34.324+0100] {processor.py:839} INFO - DAG(s) dict_keys(['dataset_produces_1', 'dataset_consumes_1', 'dataset_consumes_unknown_never_scheduled', 'dataset_produces_2', 'dataset_consumes_1_and_2', 'dataset_consumes_1_never_scheduled']) retrieved from /home/joestar/Documents/projects/etl_clickhouse/etl_clickhouse_airflow/clickhouse_venv/lib/python3.8/site-packages/airflow/example_dags/example_datasets.py
[2023-09-28T04:30:34.458+0100] {logging_mixin.py:151} INFO - [2023-09-28T04:30:34.458+0100] {security.py:708} INFO - Not syncing DAG-level permissions for DAG 'DAG:dataset_produces_1' as access control is unset.
[2023-09-28T04:30:34.472+0100] {logging_mixin.py:151} INFO - [2023-09-28T04:30:34.472+0100] {security.py:708} INFO - Not syncing DAG-level permissions for DAG 'DAG:dataset_consumes_1' as access control is unset.
[2023-09-28T04:30:34.485+0100] {logging_mixin.py:151} INFO - [2023-09-28T04:30:34.485+0100] {security.py:708} INFO - Not syncing DAG-level permissions for DAG 'DAG:dataset_consumes_unknown_never_scheduled' as access control is unset.
[2023-09-28T04:30:34.498+0100] {logging_mixin.py:151} INFO - [2023-09-28T04:30:34.498+0100] {security.py:708} INFO - Not syncing DAG-level permissions for DAG 'DAG:dataset_produces_2' as access control is unset.
[2023-09-28T04:30:34.512+0100] {logging_mixin.py:151} INFO - [2023-09-28T04:30:34.512+0100] {security.py:708} INFO - Not syncing DAG-level permissions for DAG 'DAG:dataset_consumes_1_and_2' as access control is unset.
[2023-09-28T04:30:34.526+0100] {logging_mixin.py:151} INFO - [2023-09-28T04:30:34.526+0100] {security.py:708} INFO - Not syncing DAG-level permissions for DAG 'DAG:dataset_consumes_1_never_scheduled' as access control is unset.
[2023-09-28T04:30:34.527+0100] {logging_mixin.py:151} INFO - [2023-09-28T04:30:34.527+0100] {dag.py:2915} INFO - Sync 6 DAGs
[2023-09-28T04:30:34.558+0100] {logging_mixin.py:151} INFO - [2023-09-28T04:30:34.557+0100] {dag.py:3696} INFO - Setting next_dagrun for dataset_consumes_1 to None, run_after=None
[2023-09-28T04:30:34.561+0100] {logging_mixin.py:151} INFO - [2023-09-28T04:30:34.561+0100] {dag.py:3696} INFO - Setting next_dagrun for dataset_consumes_1_and_2 to None, run_after=None
[2023-09-28T04:30:34.563+0100] {logging_mixin.py:151} INFO - [2023-09-28T04:30:34.563+0100] {dag.py:3696} INFO - Setting next_dagrun for dataset_consumes_1_never_scheduled to None, run_after=None
[2023-09-28T04:30:34.564+0100] {logging_mixin.py:151} INFO - [2023-09-28T04:30:34.564+0100] {dag.py:3696} INFO - Setting next_dagrun for dataset_consumes_unknown_never_scheduled to None, run_after=None
[2023-09-28T04:30:34.569+0100] {logging_mixin.py:151} INFO - [2023-09-28T04:30:34.568+0100] {dag.py:3696} INFO - Setting next_dagrun for dataset_produces_1 to 2023-09-27T00:00:00+00:00, run_after=2023-09-28T00:00:00+00:00
[2023-09-28T04:30:34.571+0100] {logging_mixin.py:151} INFO - [2023-09-28T04:30:34.571+0100] {dag.py:3696} INFO - Setting next_dagrun for dataset_produces_2 to None, run_after=None
[2023-09-28T04:30:34.664+0100] {processor.py:179} INFO - Processing /home/joestar/Documents/projects/etl_clickhouse/etl_clickhouse_airflow/clickhouse_venv/lib/python3.8/site-packages/airflow/example_dags/example_datasets.py took 0.357 seconds
[2023-09-28T04:31:25.563+0100] {processor.py:157} INFO - Started process (PID=15136) to work on /home/joestar/Documents/projects/etl_clickhouse/etl_clickhouse_airflow/clickhouse_venv/lib/python3.8/site-packages/airflow/example_dags/example_datasets.py
[2023-09-28T04:31:25.564+0100] {processor.py:829} INFO - Processing file /home/joestar/Documents/projects/etl_clickhouse/etl_clickhouse_airflow/clickhouse_venv/lib/python3.8/site-packages/airflow/example_dags/example_datasets.py for tasks to queue
[2023-09-28T04:31:25.565+0100] {logging_mixin.py:151} INFO - [2023-09-28T04:31:25.564+0100] {dagbag.py:539} INFO - Filling up the DagBag from /home/joestar/Documents/projects/etl_clickhouse/etl_clickhouse_airflow/clickhouse_venv/lib/python3.8/site-packages/airflow/example_dags/example_datasets.py
[2023-09-28T04:31:25.573+0100] {processor.py:839} INFO - DAG(s) dict_keys(['dataset_consumes_1', 'dataset_consumes_1_and_2', 'dataset_produces_2', 'dataset_produces_1', 'dataset_consumes_unknown_never_scheduled', 'dataset_consumes_1_never_scheduled']) retrieved from /home/joestar/Documents/projects/etl_clickhouse/etl_clickhouse_airflow/clickhouse_venv/lib/python3.8/site-packages/airflow/example_dags/example_datasets.py
[2023-09-28T04:31:25.601+0100] {logging_mixin.py:151} INFO - [2023-09-28T04:31:25.601+0100] {dag.py:2915} INFO - Sync 6 DAGs
[2023-09-28T04:31:25.621+0100] {logging_mixin.py:151} INFO - [2023-09-28T04:31:25.621+0100] {dag.py:3696} INFO - Setting next_dagrun for dataset_consumes_1 to None, run_after=None
[2023-09-28T04:31:25.623+0100] {logging_mixin.py:151} INFO - [2023-09-28T04:31:25.623+0100] {dag.py:3696} INFO - Setting next_dagrun for dataset_consumes_1_and_2 to None, run_after=None
[2023-09-28T04:31:25.624+0100] {logging_mixin.py:151} INFO - [2023-09-28T04:31:25.624+0100] {dag.py:3696} INFO - Setting next_dagrun for dataset_consumes_1_never_scheduled to None, run_after=None
[2023-09-28T04:31:25.625+0100] {logging_mixin.py:151} INFO - [2023-09-28T04:31:25.625+0100] {dag.py:3696} INFO - Setting next_dagrun for dataset_consumes_unknown_never_scheduled to None, run_after=None
[2023-09-28T04:31:25.627+0100] {logging_mixin.py:151} INFO - [2023-09-28T04:31:25.627+0100] {dag.py:3696} INFO - Setting next_dagrun for dataset_produces_1 to 2023-09-27T00:00:00+00:00, run_after=2023-09-28T00:00:00+00:00
[2023-09-28T04:31:25.629+0100] {logging_mixin.py:151} INFO - [2023-09-28T04:31:25.628+0100] {dag.py:3696} INFO - Setting next_dagrun for dataset_produces_2 to None, run_after=None
[2023-09-28T04:31:25.659+0100] {processor.py:179} INFO - Processing /home/joestar/Documents/projects/etl_clickhouse/etl_clickhouse_airflow/clickhouse_venv/lib/python3.8/site-packages/airflow/example_dags/example_datasets.py took 0.098 seconds
