[2023-09-28T04:30:12.915+0100] {processor.py:157} INFO - Started process (PID=14677) to work on /home/joestar/Documents/projects/etl_clickhouse/etl_clickhouse_airflow/clickhouse_venv/lib/python3.8/site-packages/airflow/example_dags/example_trigger_controller_dag.py
[2023-09-28T04:30:12.916+0100] {processor.py:829} INFO - Processing file /home/joestar/Documents/projects/etl_clickhouse/etl_clickhouse_airflow/clickhouse_venv/lib/python3.8/site-packages/airflow/example_dags/example_trigger_controller_dag.py for tasks to queue
[2023-09-28T04:30:12.917+0100] {logging_mixin.py:151} INFO - [2023-09-28T04:30:12.917+0100] {dagbag.py:539} INFO - Filling up the DagBag from /home/joestar/Documents/projects/etl_clickhouse/etl_clickhouse_airflow/clickhouse_venv/lib/python3.8/site-packages/airflow/example_dags/example_trigger_controller_dag.py
[2023-09-28T04:30:12.924+0100] {processor.py:839} INFO - DAG(s) dict_keys(['example_trigger_controller_dag']) retrieved from /home/joestar/Documents/projects/etl_clickhouse/etl_clickhouse_airflow/clickhouse_venv/lib/python3.8/site-packages/airflow/example_dags/example_trigger_controller_dag.py
[2023-09-28T04:30:13.000+0100] {logging_mixin.py:151} INFO - [2023-09-28T04:30:12.999+0100] {security.py:708} INFO - Not syncing DAG-level permissions for DAG 'DAG:example_trigger_controller_dag' as access control is unset.
[2023-09-28T04:30:13.000+0100] {logging_mixin.py:151} INFO - [2023-09-28T04:30:13.000+0100] {dag.py:2915} INFO - Sync 1 DAGs
[2023-09-28T04:30:13.014+0100] {logging_mixin.py:151} INFO - [2023-09-28T04:30:13.014+0100] {dag.py:3696} INFO - Setting next_dagrun for example_trigger_controller_dag to 2021-01-01T00:00:00+00:00, run_after=2021-01-01T00:00:00+00:00
[2023-09-28T04:30:13.044+0100] {processor.py:179} INFO - Processing /home/joestar/Documents/projects/etl_clickhouse/etl_clickhouse_airflow/clickhouse_venv/lib/python3.8/site-packages/airflow/example_dags/example_trigger_controller_dag.py took 0.133 seconds
[2023-09-28T04:31:03.867+0100] {processor.py:157} INFO - Started process (PID=14953) to work on /home/joestar/Documents/projects/etl_clickhouse/etl_clickhouse_airflow/clickhouse_venv/lib/python3.8/site-packages/airflow/example_dags/example_trigger_controller_dag.py
[2023-09-28T04:31:03.869+0100] {processor.py:829} INFO - Processing file /home/joestar/Documents/projects/etl_clickhouse/etl_clickhouse_airflow/clickhouse_venv/lib/python3.8/site-packages/airflow/example_dags/example_trigger_controller_dag.py for tasks to queue
[2023-09-28T04:31:03.870+0100] {logging_mixin.py:151} INFO - [2023-09-28T04:31:03.870+0100] {dagbag.py:539} INFO - Filling up the DagBag from /home/joestar/Documents/projects/etl_clickhouse/etl_clickhouse_airflow/clickhouse_venv/lib/python3.8/site-packages/airflow/example_dags/example_trigger_controller_dag.py
[2023-09-28T04:31:03.881+0100] {processor.py:839} INFO - DAG(s) dict_keys(['example_trigger_controller_dag']) retrieved from /home/joestar/Documents/projects/etl_clickhouse/etl_clickhouse_airflow/clickhouse_venv/lib/python3.8/site-packages/airflow/example_dags/example_trigger_controller_dag.py
[2023-09-28T04:31:03.911+0100] {logging_mixin.py:151} INFO - [2023-09-28T04:31:03.910+0100] {dag.py:2915} INFO - Sync 1 DAGs
[2023-09-28T04:31:03.997+0100] {logging_mixin.py:151} INFO - [2023-09-28T04:31:03.996+0100] {dag.py:3696} INFO - Setting next_dagrun for example_trigger_controller_dag to 2021-01-01T00:00:00+00:00, run_after=2021-01-01T00:00:00+00:00
[2023-09-28T04:31:04.051+0100] {processor.py:179} INFO - Processing /home/joestar/Documents/projects/etl_clickhouse/etl_clickhouse_airflow/clickhouse_venv/lib/python3.8/site-packages/airflow/example_dags/example_trigger_controller_dag.py took 0.188 seconds
[2023-09-28T04:31:44.712+0100] {processor.py:157} INFO - Started process (PID=15184) to work on /home/joestar/Documents/projects/etl_clickhouse/etl_clickhouse_airflow/clickhouse_venv/lib/python3.8/site-packages/airflow/example_dags/example_trigger_controller_dag.py
[2023-09-28T04:31:44.713+0100] {processor.py:829} INFO - Processing file /home/joestar/Documents/projects/etl_clickhouse/etl_clickhouse_airflow/clickhouse_venv/lib/python3.8/site-packages/airflow/example_dags/example_trigger_controller_dag.py for tasks to queue
[2023-09-28T04:31:44.714+0100] {logging_mixin.py:151} INFO - [2023-09-28T04:31:44.714+0100] {dagbag.py:539} INFO - Filling up the DagBag from /home/joestar/Documents/projects/etl_clickhouse/etl_clickhouse_airflow/clickhouse_venv/lib/python3.8/site-packages/airflow/example_dags/example_trigger_controller_dag.py
[2023-09-28T04:31:44.722+0100] {processor.py:839} INFO - DAG(s) dict_keys(['example_trigger_controller_dag']) retrieved from /home/joestar/Documents/projects/etl_clickhouse/etl_clickhouse_airflow/clickhouse_venv/lib/python3.8/site-packages/airflow/example_dags/example_trigger_controller_dag.py
[2023-09-28T04:31:44.742+0100] {logging_mixin.py:151} INFO - [2023-09-28T04:31:44.742+0100] {dag.py:2915} INFO - Sync 1 DAGs
[2023-09-28T04:31:44.771+0100] {logging_mixin.py:151} INFO - [2023-09-28T04:31:44.771+0100] {dag.py:3696} INFO - Setting next_dagrun for example_trigger_controller_dag to 2021-01-01T00:00:00+00:00, run_after=2021-01-01T00:00:00+00:00
[2023-09-28T04:31:44.801+0100] {processor.py:179} INFO - Processing /home/joestar/Documents/projects/etl_clickhouse/etl_clickhouse_airflow/clickhouse_venv/lib/python3.8/site-packages/airflow/example_dags/example_trigger_controller_dag.py took 0.093 seconds
