[2023-09-28T04:30:17.895+0100] {processor.py:157} INFO - Started process (PID=14697) to work on /home/joestar/Documents/projects/etl_clickhouse/etl_clickhouse_airflow/clickhouse_venv/lib/python3.8/site-packages/airflow/example_dags/example_task_group.py
[2023-09-28T04:30:17.896+0100] {processor.py:829} INFO - Processing file /home/joestar/Documents/projects/etl_clickhouse/etl_clickhouse_airflow/clickhouse_venv/lib/python3.8/site-packages/airflow/example_dags/example_task_group.py for tasks to queue
[2023-09-28T04:30:17.898+0100] {logging_mixin.py:151} INFO - [2023-09-28T04:30:17.897+0100] {dagbag.py:539} INFO - Filling up the DagBag from /home/joestar/Documents/projects/etl_clickhouse/etl_clickhouse_airflow/clickhouse_venv/lib/python3.8/site-packages/airflow/example_dags/example_task_group.py
[2023-09-28T04:30:17.911+0100] {processor.py:839} INFO - DAG(s) dict_keys(['example_task_group']) retrieved from /home/joestar/Documents/projects/etl_clickhouse/etl_clickhouse_airflow/clickhouse_venv/lib/python3.8/site-packages/airflow/example_dags/example_task_group.py
[2023-09-28T04:30:18.001+0100] {logging_mixin.py:151} INFO - [2023-09-28T04:30:18.001+0100] {security.py:708} INFO - Not syncing DAG-level permissions for DAG 'DAG:example_task_group' as access control is unset.
[2023-09-28T04:30:18.002+0100] {logging_mixin.py:151} INFO - [2023-09-28T04:30:18.002+0100] {dag.py:2915} INFO - Sync 1 DAGs
[2023-09-28T04:30:18.016+0100] {logging_mixin.py:151} INFO - [2023-09-28T04:30:18.016+0100] {dag.py:3696} INFO - Setting next_dagrun for example_task_group to 2023-09-27T03:30:18.016284+00:00, run_after=2023-09-28T03:30:18.016284+00:00
[2023-09-28T04:30:18.050+0100] {processor.py:179} INFO - Processing /home/joestar/Documents/projects/etl_clickhouse/etl_clickhouse_airflow/clickhouse_venv/lib/python3.8/site-packages/airflow/example_dags/example_task_group.py took 0.162 seconds
[2023-09-28T04:31:10.272+0100] {processor.py:157} INFO - Started process (PID=15082) to work on /home/joestar/Documents/projects/etl_clickhouse/etl_clickhouse_airflow/clickhouse_venv/lib/python3.8/site-packages/airflow/example_dags/example_task_group.py
[2023-09-28T04:31:10.273+0100] {processor.py:829} INFO - Processing file /home/joestar/Documents/projects/etl_clickhouse/etl_clickhouse_airflow/clickhouse_venv/lib/python3.8/site-packages/airflow/example_dags/example_task_group.py for tasks to queue
[2023-09-28T04:31:10.274+0100] {logging_mixin.py:151} INFO - [2023-09-28T04:31:10.273+0100] {dagbag.py:539} INFO - Filling up the DagBag from /home/joestar/Documents/projects/etl_clickhouse/etl_clickhouse_airflow/clickhouse_venv/lib/python3.8/site-packages/airflow/example_dags/example_task_group.py
[2023-09-28T04:31:10.281+0100] {processor.py:839} INFO - DAG(s) dict_keys(['example_task_group']) retrieved from /home/joestar/Documents/projects/etl_clickhouse/etl_clickhouse_airflow/clickhouse_venv/lib/python3.8/site-packages/airflow/example_dags/example_task_group.py
[2023-09-28T04:31:10.297+0100] {logging_mixin.py:151} INFO - [2023-09-28T04:31:10.296+0100] {dag.py:2915} INFO - Sync 1 DAGs
[2023-09-28T04:31:10.316+0100] {logging_mixin.py:151} INFO - [2023-09-28T04:31:10.316+0100] {dag.py:3696} INFO - Setting next_dagrun for example_task_group to 2023-09-27T03:31:10.316104+00:00, run_after=2023-09-28T03:31:10.316104+00:00
[2023-09-28T04:31:10.338+0100] {processor.py:179} INFO - Processing /home/joestar/Documents/projects/etl_clickhouse/etl_clickhouse_airflow/clickhouse_venv/lib/python3.8/site-packages/airflow/example_dags/example_task_group.py took 0.069 seconds
[2023-09-28T04:31:58.271+0100] {processor.py:157} INFO - Started process (PID=15260) to work on /home/joestar/Documents/projects/etl_clickhouse/etl_clickhouse_airflow/clickhouse_venv/lib/python3.8/site-packages/airflow/example_dags/example_task_group.py
[2023-09-28T04:31:58.271+0100] {processor.py:829} INFO - Processing file /home/joestar/Documents/projects/etl_clickhouse/etl_clickhouse_airflow/clickhouse_venv/lib/python3.8/site-packages/airflow/example_dags/example_task_group.py for tasks to queue
[2023-09-28T04:31:58.272+0100] {logging_mixin.py:151} INFO - [2023-09-28T04:31:58.272+0100] {dagbag.py:539} INFO - Filling up the DagBag from /home/joestar/Documents/projects/etl_clickhouse/etl_clickhouse_airflow/clickhouse_venv/lib/python3.8/site-packages/airflow/example_dags/example_task_group.py
[2023-09-28T04:31:58.279+0100] {processor.py:839} INFO - DAG(s) dict_keys(['example_task_group']) retrieved from /home/joestar/Documents/projects/etl_clickhouse/etl_clickhouse_airflow/clickhouse_venv/lib/python3.8/site-packages/airflow/example_dags/example_task_group.py
[2023-09-28T04:31:58.294+0100] {logging_mixin.py:151} INFO - [2023-09-28T04:31:58.294+0100] {dag.py:2915} INFO - Sync 1 DAGs
[2023-09-28T04:31:58.312+0100] {logging_mixin.py:151} INFO - [2023-09-28T04:31:58.312+0100] {dag.py:3696} INFO - Setting next_dagrun for example_task_group to 2023-09-27T03:31:58.312532+00:00, run_after=2023-09-28T03:31:58.312532+00:00
[2023-09-28T04:31:58.335+0100] {processor.py:179} INFO - Processing /home/joestar/Documents/projects/etl_clickhouse/etl_clickhouse_airflow/clickhouse_venv/lib/python3.8/site-packages/airflow/example_dags/example_task_group.py took 0.067 seconds
