[2023-09-28T04:30:14.530+0100] {processor.py:157} INFO - Started process (PID=14682) to work on /home/joestar/Documents/projects/etl_clickhouse/etl_clickhouse_airflow/clickhouse_venv/lib/python3.8/site-packages/airflow/example_dags/example_skip_dag.py
[2023-09-28T04:30:14.531+0100] {processor.py:829} INFO - Processing file /home/joestar/Documents/projects/etl_clickhouse/etl_clickhouse_airflow/clickhouse_venv/lib/python3.8/site-packages/airflow/example_dags/example_skip_dag.py for tasks to queue
[2023-09-28T04:30:14.532+0100] {logging_mixin.py:151} INFO - [2023-09-28T04:30:14.531+0100] {dagbag.py:539} INFO - Filling up the DagBag from /home/joestar/Documents/projects/etl_clickhouse/etl_clickhouse_airflow/clickhouse_venv/lib/python3.8/site-packages/airflow/example_dags/example_skip_dag.py
[2023-09-28T04:30:14.543+0100] {processor.py:839} INFO - DAG(s) dict_keys(['example_skip_dag']) retrieved from /home/joestar/Documents/projects/etl_clickhouse/etl_clickhouse_airflow/clickhouse_venv/lib/python3.8/site-packages/airflow/example_dags/example_skip_dag.py
[2023-09-28T04:30:14.634+0100] {logging_mixin.py:151} INFO - [2023-09-28T04:30:14.634+0100] {security.py:708} INFO - Not syncing DAG-level permissions for DAG 'DAG:example_skip_dag' as access control is unset.
[2023-09-28T04:30:14.634+0100] {logging_mixin.py:151} INFO - [2023-09-28T04:30:14.634+0100] {dag.py:2915} INFO - Sync 1 DAGs
[2023-09-28T04:30:14.649+0100] {logging_mixin.py:151} INFO - [2023-09-28T04:30:14.649+0100] {dag.py:3696} INFO - Setting next_dagrun for example_skip_dag to 2023-09-27T03:30:14.648861+00:00, run_after=2023-09-28T03:30:14.648861+00:00
[2023-09-28T04:30:14.674+0100] {processor.py:179} INFO - Processing /home/joestar/Documents/projects/etl_clickhouse/etl_clickhouse_airflow/clickhouse_venv/lib/python3.8/site-packages/airflow/example_dags/example_skip_dag.py took 0.149 seconds
[2023-09-28T04:31:06.635+0100] {processor.py:157} INFO - Started process (PID=15035) to work on /home/joestar/Documents/projects/etl_clickhouse/etl_clickhouse_airflow/clickhouse_venv/lib/python3.8/site-packages/airflow/example_dags/example_skip_dag.py
[2023-09-28T04:31:06.636+0100] {processor.py:829} INFO - Processing file /home/joestar/Documents/projects/etl_clickhouse/etl_clickhouse_airflow/clickhouse_venv/lib/python3.8/site-packages/airflow/example_dags/example_skip_dag.py for tasks to queue
[2023-09-28T04:31:06.637+0100] {logging_mixin.py:151} INFO - [2023-09-28T04:31:06.637+0100] {dagbag.py:539} INFO - Filling up the DagBag from /home/joestar/Documents/projects/etl_clickhouse/etl_clickhouse_airflow/clickhouse_venv/lib/python3.8/site-packages/airflow/example_dags/example_skip_dag.py
[2023-09-28T04:31:06.650+0100] {processor.py:839} INFO - DAG(s) dict_keys(['example_skip_dag']) retrieved from /home/joestar/Documents/projects/etl_clickhouse/etl_clickhouse_airflow/clickhouse_venv/lib/python3.8/site-packages/airflow/example_dags/example_skip_dag.py
[2023-09-28T04:31:06.679+0100] {logging_mixin.py:151} INFO - [2023-09-28T04:31:06.678+0100] {dag.py:2915} INFO - Sync 1 DAGs
[2023-09-28T04:31:06.710+0100] {logging_mixin.py:151} INFO - [2023-09-28T04:31:06.710+0100] {dag.py:3696} INFO - Setting next_dagrun for example_skip_dag to 2023-09-27T03:31:06.709856+00:00, run_after=2023-09-28T03:31:06.709856+00:00
[2023-09-28T04:31:06.748+0100] {processor.py:179} INFO - Processing /home/joestar/Documents/projects/etl_clickhouse/etl_clickhouse_airflow/clickhouse_venv/lib/python3.8/site-packages/airflow/example_dags/example_skip_dag.py took 0.117 seconds
[2023-09-28T04:31:54.869+0100] {processor.py:157} INFO - Started process (PID=15242) to work on /home/joestar/Documents/projects/etl_clickhouse/etl_clickhouse_airflow/clickhouse_venv/lib/python3.8/site-packages/airflow/example_dags/example_skip_dag.py
[2023-09-28T04:31:54.870+0100] {processor.py:829} INFO - Processing file /home/joestar/Documents/projects/etl_clickhouse/etl_clickhouse_airflow/clickhouse_venv/lib/python3.8/site-packages/airflow/example_dags/example_skip_dag.py for tasks to queue
[2023-09-28T04:31:54.871+0100] {logging_mixin.py:151} INFO - [2023-09-28T04:31:54.871+0100] {dagbag.py:539} INFO - Filling up the DagBag from /home/joestar/Documents/projects/etl_clickhouse/etl_clickhouse_airflow/clickhouse_venv/lib/python3.8/site-packages/airflow/example_dags/example_skip_dag.py
[2023-09-28T04:31:54.882+0100] {processor.py:839} INFO - DAG(s) dict_keys(['example_skip_dag']) retrieved from /home/joestar/Documents/projects/etl_clickhouse/etl_clickhouse_airflow/clickhouse_venv/lib/python3.8/site-packages/airflow/example_dags/example_skip_dag.py
[2023-09-28T04:31:54.908+0100] {logging_mixin.py:151} INFO - [2023-09-28T04:31:54.907+0100] {dag.py:2915} INFO - Sync 1 DAGs
[2023-09-28T04:31:54.941+0100] {logging_mixin.py:151} INFO - [2023-09-28T04:31:54.941+0100] {dag.py:3696} INFO - Setting next_dagrun for example_skip_dag to 2023-09-27T03:31:54.940685+00:00, run_after=2023-09-28T03:31:54.940685+00:00
[2023-09-28T04:31:54.977+0100] {processor.py:179} INFO - Processing /home/joestar/Documents/projects/etl_clickhouse/etl_clickhouse_airflow/clickhouse_venv/lib/python3.8/site-packages/airflow/example_dags/example_skip_dag.py took 0.112 seconds
