[2023-09-28T04:30:07.907+0100] {processor.py:157} INFO - Started process (PID=14657) to work on /home/joestar/Documents/projects/etl_clickhouse/etl_clickhouse_airflow/clickhouse_venv/lib/python3.8/site-packages/airflow/example_dags/example_setup_teardown_taskflow.py
[2023-09-28T04:30:07.908+0100] {processor.py:829} INFO - Processing file /home/joestar/Documents/projects/etl_clickhouse/etl_clickhouse_airflow/clickhouse_venv/lib/python3.8/site-packages/airflow/example_dags/example_setup_teardown_taskflow.py for tasks to queue
[2023-09-28T04:30:07.909+0100] {logging_mixin.py:151} INFO - [2023-09-28T04:30:07.908+0100] {dagbag.py:539} INFO - Filling up the DagBag from /home/joestar/Documents/projects/etl_clickhouse/etl_clickhouse_airflow/clickhouse_venv/lib/python3.8/site-packages/airflow/example_dags/example_setup_teardown_taskflow.py
[2023-09-28T04:30:07.923+0100] {processor.py:839} INFO - DAG(s) dict_keys(['example_setup_teardown_taskflow']) retrieved from /home/joestar/Documents/projects/etl_clickhouse/etl_clickhouse_airflow/clickhouse_venv/lib/python3.8/site-packages/airflow/example_dags/example_setup_teardown_taskflow.py
[2023-09-28T04:30:08.047+0100] {logging_mixin.py:151} INFO - [2023-09-28T04:30:08.047+0100] {security.py:708} INFO - Not syncing DAG-level permissions for DAG 'DAG:example_setup_teardown_taskflow' as access control is unset.
[2023-09-28T04:30:08.047+0100] {logging_mixin.py:151} INFO - [2023-09-28T04:30:08.047+0100] {dag.py:2915} INFO - Sync 1 DAGs
[2023-09-28T04:30:08.072+0100] {logging_mixin.py:151} INFO - [2023-09-28T04:30:08.071+0100] {dag.py:3696} INFO - Setting next_dagrun for example_setup_teardown_taskflow to 2023-09-27T03:30:08.071457+00:00, run_after=2023-09-28T03:30:08.071457+00:00
[2023-09-28T04:30:08.108+0100] {processor.py:179} INFO - Processing /home/joestar/Documents/projects/etl_clickhouse/etl_clickhouse_airflow/clickhouse_venv/lib/python3.8/site-packages/airflow/example_dags/example_setup_teardown_taskflow.py took 0.203 seconds
[2023-09-28T04:31:00.403+0100] {processor.py:157} INFO - Started process (PID=14933) to work on /home/joestar/Documents/projects/etl_clickhouse/etl_clickhouse_airflow/clickhouse_venv/lib/python3.8/site-packages/airflow/example_dags/example_setup_teardown_taskflow.py
[2023-09-28T04:31:00.404+0100] {processor.py:829} INFO - Processing file /home/joestar/Documents/projects/etl_clickhouse/etl_clickhouse_airflow/clickhouse_venv/lib/python3.8/site-packages/airflow/example_dags/example_setup_teardown_taskflow.py for tasks to queue
[2023-09-28T04:31:00.405+0100] {logging_mixin.py:151} INFO - [2023-09-28T04:31:00.405+0100] {dagbag.py:539} INFO - Filling up the DagBag from /home/joestar/Documents/projects/etl_clickhouse/etl_clickhouse_airflow/clickhouse_venv/lib/python3.8/site-packages/airflow/example_dags/example_setup_teardown_taskflow.py
[2023-09-28T04:31:00.416+0100] {processor.py:839} INFO - DAG(s) dict_keys(['example_setup_teardown_taskflow']) retrieved from /home/joestar/Documents/projects/etl_clickhouse/etl_clickhouse_airflow/clickhouse_venv/lib/python3.8/site-packages/airflow/example_dags/example_setup_teardown_taskflow.py
[2023-09-28T04:31:00.436+0100] {logging_mixin.py:151} INFO - [2023-09-28T04:31:00.436+0100] {dag.py:2915} INFO - Sync 1 DAGs
[2023-09-28T04:31:00.462+0100] {logging_mixin.py:151} INFO - [2023-09-28T04:31:00.461+0100] {dag.py:3696} INFO - Setting next_dagrun for example_setup_teardown_taskflow to 2023-09-27T03:31:00.461704+00:00, run_after=2023-09-28T03:31:00.461704+00:00
[2023-09-28T04:31:00.489+0100] {processor.py:179} INFO - Processing /home/joestar/Documents/projects/etl_clickhouse/etl_clickhouse_airflow/clickhouse_venv/lib/python3.8/site-packages/airflow/example_dags/example_setup_teardown_taskflow.py took 0.088 seconds
[2023-09-28T04:31:40.958+0100] {processor.py:157} INFO - Started process (PID=15166) to work on /home/joestar/Documents/projects/etl_clickhouse/etl_clickhouse_airflow/clickhouse_venv/lib/python3.8/site-packages/airflow/example_dags/example_setup_teardown_taskflow.py
[2023-09-28T04:31:40.959+0100] {processor.py:829} INFO - Processing file /home/joestar/Documents/projects/etl_clickhouse/etl_clickhouse_airflow/clickhouse_venv/lib/python3.8/site-packages/airflow/example_dags/example_setup_teardown_taskflow.py for tasks to queue
[2023-09-28T04:31:40.959+0100] {logging_mixin.py:151} INFO - [2023-09-28T04:31:40.959+0100] {dagbag.py:539} INFO - Filling up the DagBag from /home/joestar/Documents/projects/etl_clickhouse/etl_clickhouse_airflow/clickhouse_venv/lib/python3.8/site-packages/airflow/example_dags/example_setup_teardown_taskflow.py
[2023-09-28T04:31:40.969+0100] {processor.py:839} INFO - DAG(s) dict_keys(['example_setup_teardown_taskflow']) retrieved from /home/joestar/Documents/projects/etl_clickhouse/etl_clickhouse_airflow/clickhouse_venv/lib/python3.8/site-packages/airflow/example_dags/example_setup_teardown_taskflow.py
[2023-09-28T04:31:40.983+0100] {logging_mixin.py:151} INFO - [2023-09-28T04:31:40.983+0100] {dag.py:2915} INFO - Sync 1 DAGs
[2023-09-28T04:31:41.001+0100] {logging_mixin.py:151} INFO - [2023-09-28T04:31:41.001+0100] {dag.py:3696} INFO - Setting next_dagrun for example_setup_teardown_taskflow to 2023-09-27T03:31:41.000974+00:00, run_after=2023-09-28T03:31:41.000974+00:00
[2023-09-28T04:31:41.023+0100] {processor.py:179} INFO - Processing /home/joestar/Documents/projects/etl_clickhouse/etl_clickhouse_airflow/clickhouse_venv/lib/python3.8/site-packages/airflow/example_dags/example_setup_teardown_taskflow.py took 0.067 seconds
