[2023-09-28T04:30:07.606+0100] {processor.py:157} INFO - Started process (PID=14656) to work on /home/joestar/Documents/projects/etl_clickhouse/etl_clickhouse_airflow/clickhouse_venv/lib/python3.8/site-packages/airflow/example_dags/example_setup_teardown.py
[2023-09-28T04:30:07.607+0100] {processor.py:829} INFO - Processing file /home/joestar/Documents/projects/etl_clickhouse/etl_clickhouse_airflow/clickhouse_venv/lib/python3.8/site-packages/airflow/example_dags/example_setup_teardown.py for tasks to queue
[2023-09-28T04:30:07.607+0100] {logging_mixin.py:151} INFO - [2023-09-28T04:30:07.607+0100] {dagbag.py:539} INFO - Filling up the DagBag from /home/joestar/Documents/projects/etl_clickhouse/etl_clickhouse_airflow/clickhouse_venv/lib/python3.8/site-packages/airflow/example_dags/example_setup_teardown.py
[2023-09-28T04:30:07.618+0100] {processor.py:839} INFO - DAG(s) dict_keys(['example_setup_teardown']) retrieved from /home/joestar/Documents/projects/etl_clickhouse/etl_clickhouse_airflow/clickhouse_venv/lib/python3.8/site-packages/airflow/example_dags/example_setup_teardown.py
[2023-09-28T04:30:07.732+0100] {logging_mixin.py:151} INFO - [2023-09-28T04:30:07.731+0100] {security.py:708} INFO - Not syncing DAG-level permissions for DAG 'DAG:example_setup_teardown' as access control is unset.
[2023-09-28T04:30:07.732+0100] {logging_mixin.py:151} INFO - [2023-09-28T04:30:07.732+0100] {dag.py:2915} INFO - Sync 1 DAGs
[2023-09-28T04:30:07.754+0100] {logging_mixin.py:151} INFO - [2023-09-28T04:30:07.754+0100] {dag.py:3696} INFO - Setting next_dagrun for example_setup_teardown to 2023-09-27T03:30:07.753748+00:00, run_after=2023-09-28T03:30:07.753748+00:00
[2023-09-28T04:30:07.783+0100] {processor.py:179} INFO - Processing /home/joestar/Documents/projects/etl_clickhouse/etl_clickhouse_airflow/clickhouse_venv/lib/python3.8/site-packages/airflow/example_dags/example_setup_teardown.py took 0.179 seconds
[2023-09-28T04:30:59.845+0100] {processor.py:157} INFO - Started process (PID=14928) to work on /home/joestar/Documents/projects/etl_clickhouse/etl_clickhouse_airflow/clickhouse_venv/lib/python3.8/site-packages/airflow/example_dags/example_setup_teardown.py
[2023-09-28T04:30:59.846+0100] {processor.py:829} INFO - Processing file /home/joestar/Documents/projects/etl_clickhouse/etl_clickhouse_airflow/clickhouse_venv/lib/python3.8/site-packages/airflow/example_dags/example_setup_teardown.py for tasks to queue
[2023-09-28T04:30:59.847+0100] {logging_mixin.py:151} INFO - [2023-09-28T04:30:59.846+0100] {dagbag.py:539} INFO - Filling up the DagBag from /home/joestar/Documents/projects/etl_clickhouse/etl_clickhouse_airflow/clickhouse_venv/lib/python3.8/site-packages/airflow/example_dags/example_setup_teardown.py
[2023-09-28T04:30:59.856+0100] {processor.py:839} INFO - DAG(s) dict_keys(['example_setup_teardown']) retrieved from /home/joestar/Documents/projects/etl_clickhouse/etl_clickhouse_airflow/clickhouse_venv/lib/python3.8/site-packages/airflow/example_dags/example_setup_teardown.py
[2023-09-28T04:30:59.874+0100] {logging_mixin.py:151} INFO - [2023-09-28T04:30:59.874+0100] {dag.py:2915} INFO - Sync 1 DAGs
[2023-09-28T04:30:59.900+0100] {logging_mixin.py:151} INFO - [2023-09-28T04:30:59.900+0100] {dag.py:3696} INFO - Setting next_dagrun for example_setup_teardown to 2023-09-27T03:30:59.900085+00:00, run_after=2023-09-28T03:30:59.900085+00:00
[2023-09-28T04:30:59.953+0100] {processor.py:179} INFO - Processing /home/joestar/Documents/projects/etl_clickhouse/etl_clickhouse_airflow/clickhouse_venv/lib/python3.8/site-packages/airflow/example_dags/example_setup_teardown.py took 0.111 seconds
[2023-09-28T04:31:39.821+0100] {processor.py:157} INFO - Started process (PID=15165) to work on /home/joestar/Documents/projects/etl_clickhouse/etl_clickhouse_airflow/clickhouse_venv/lib/python3.8/site-packages/airflow/example_dags/example_setup_teardown.py
[2023-09-28T04:31:39.822+0100] {processor.py:829} INFO - Processing file /home/joestar/Documents/projects/etl_clickhouse/etl_clickhouse_airflow/clickhouse_venv/lib/python3.8/site-packages/airflow/example_dags/example_setup_teardown.py for tasks to queue
[2023-09-28T04:31:39.823+0100] {logging_mixin.py:151} INFO - [2023-09-28T04:31:39.823+0100] {dagbag.py:539} INFO - Filling up the DagBag from /home/joestar/Documents/projects/etl_clickhouse/etl_clickhouse_airflow/clickhouse_venv/lib/python3.8/site-packages/airflow/example_dags/example_setup_teardown.py
[2023-09-28T04:31:39.829+0100] {processor.py:839} INFO - DAG(s) dict_keys(['example_setup_teardown']) retrieved from /home/joestar/Documents/projects/etl_clickhouse/etl_clickhouse_airflow/clickhouse_venv/lib/python3.8/site-packages/airflow/example_dags/example_setup_teardown.py
[2023-09-28T04:31:39.844+0100] {logging_mixin.py:151} INFO - [2023-09-28T04:31:39.843+0100] {dag.py:2915} INFO - Sync 1 DAGs
[2023-09-28T04:31:39.862+0100] {logging_mixin.py:151} INFO - [2023-09-28T04:31:39.861+0100] {dag.py:3696} INFO - Setting next_dagrun for example_setup_teardown to 2023-09-27T03:31:39.861721+00:00, run_after=2023-09-28T03:31:39.861721+00:00
[2023-09-28T04:31:39.891+0100] {processor.py:179} INFO - Processing /home/joestar/Documents/projects/etl_clickhouse/etl_clickhouse_airflow/clickhouse_venv/lib/python3.8/site-packages/airflow/example_dags/example_setup_teardown.py took 0.072 seconds
