[2023-09-28T04:30:15.804+0100] {processor.py:157} INFO - Started process (PID=14688) to work on /home/joestar/Documents/projects/etl_clickhouse/etl_clickhouse_airflow/clickhouse_venv/lib/python3.8/site-packages/airflow/example_dags/example_subdag_operator.py
[2023-09-28T04:30:15.805+0100] {processor.py:829} INFO - Processing file /home/joestar/Documents/projects/etl_clickhouse/etl_clickhouse_airflow/clickhouse_venv/lib/python3.8/site-packages/airflow/example_dags/example_subdag_operator.py for tasks to queue
[2023-09-28T04:30:15.806+0100] {logging_mixin.py:151} INFO - [2023-09-28T04:30:15.805+0100] {dagbag.py:539} INFO - Filling up the DagBag from /home/joestar/Documents/projects/etl_clickhouse/etl_clickhouse_airflow/clickhouse_venv/lib/python3.8/site-packages/airflow/example_dags/example_subdag_operator.py
[2023-09-28T04:30:15.825+0100] {processor.py:839} INFO - DAG(s) dict_keys(['example_subdag_operator.section-1', 'example_subdag_operator.section-2', 'example_subdag_operator']) retrieved from /home/joestar/Documents/projects/etl_clickhouse/etl_clickhouse_airflow/clickhouse_venv/lib/python3.8/site-packages/airflow/example_dags/example_subdag_operator.py
[2023-09-28T04:30:15.913+0100] {logging_mixin.py:151} INFO - [2023-09-28T04:30:15.913+0100] {security.py:708} INFO - Not syncing DAG-level permissions for DAG 'DAG:example_subdag_operator' as access control is unset.
[2023-09-28T04:30:15.914+0100] {logging_mixin.py:151} INFO - [2023-09-28T04:30:15.913+0100] {dag.py:2915} INFO - Sync 3 DAGs
[2023-09-28T04:30:15.930+0100] {logging_mixin.py:151} INFO - [2023-09-28T04:30:15.929+0100] {dag.py:3696} INFO - Setting next_dagrun for example_subdag_operator to 2022-01-01T00:00:00+00:00, run_after=2022-01-01T00:00:00+00:00
[2023-09-28T04:30:15.933+0100] {logging_mixin.py:151} INFO - [2023-09-28T04:30:15.933+0100] {dag.py:3696} INFO - Setting next_dagrun for example_subdag_operator.section-1 to None, run_after=None
[2023-09-28T04:30:15.934+0100] {logging_mixin.py:151} INFO - [2023-09-28T04:30:15.933+0100] {dag.py:3696} INFO - Setting next_dagrun for example_subdag_operator.section-2 to None, run_after=None
[2023-09-28T04:30:15.942+0100] {logging_mixin.py:151} INFO - [2023-09-28T04:30:15.941+0100] {dag.py:2915} INFO - Sync 2 DAGs
[2023-09-28T04:30:15.945+0100] {logging_mixin.py:151} INFO - [2023-09-28T04:30:15.945+0100] {dag.py:3696} INFO - Setting next_dagrun for example_subdag_operator.section-1 to None, run_after=None
[2023-09-28T04:30:15.946+0100] {logging_mixin.py:151} INFO - [2023-09-28T04:30:15.946+0100] {dag.py:3696} INFO - Setting next_dagrun for example_subdag_operator.section-2 to None, run_after=None
[2023-09-28T04:30:15.965+0100] {processor.py:179} INFO - Processing /home/joestar/Documents/projects/etl_clickhouse/etl_clickhouse_airflow/clickhouse_venv/lib/python3.8/site-packages/airflow/example_dags/example_subdag_operator.py took 0.166 seconds
[2023-09-28T04:31:07.884+0100] {processor.py:157} INFO - Started process (PID=15036) to work on /home/joestar/Documents/projects/etl_clickhouse/etl_clickhouse_airflow/clickhouse_venv/lib/python3.8/site-packages/airflow/example_dags/example_subdag_operator.py
[2023-09-28T04:31:07.884+0100] {processor.py:829} INFO - Processing file /home/joestar/Documents/projects/etl_clickhouse/etl_clickhouse_airflow/clickhouse_venv/lib/python3.8/site-packages/airflow/example_dags/example_subdag_operator.py for tasks to queue
[2023-09-28T04:31:07.885+0100] {logging_mixin.py:151} INFO - [2023-09-28T04:31:07.885+0100] {dagbag.py:539} INFO - Filling up the DagBag from /home/joestar/Documents/projects/etl_clickhouse/etl_clickhouse_airflow/clickhouse_venv/lib/python3.8/site-packages/airflow/example_dags/example_subdag_operator.py
[2023-09-28T04:31:07.905+0100] {processor.py:839} INFO - DAG(s) dict_keys(['example_subdag_operator.section-1', 'example_subdag_operator.section-2', 'example_subdag_operator']) retrieved from /home/joestar/Documents/projects/etl_clickhouse/etl_clickhouse_airflow/clickhouse_venv/lib/python3.8/site-packages/airflow/example_dags/example_subdag_operator.py
[2023-09-28T04:31:07.926+0100] {logging_mixin.py:151} INFO - [2023-09-28T04:31:07.925+0100] {dag.py:2915} INFO - Sync 3 DAGs
[2023-09-28T04:31:07.947+0100] {logging_mixin.py:151} INFO - [2023-09-28T04:31:07.947+0100] {dag.py:3696} INFO - Setting next_dagrun for example_subdag_operator to 2022-01-01T00:00:00+00:00, run_after=2022-01-01T00:00:00+00:00
[2023-09-28T04:31:07.952+0100] {logging_mixin.py:151} INFO - [2023-09-28T04:31:07.951+0100] {dag.py:3696} INFO - Setting next_dagrun for example_subdag_operator.section-1 to None, run_after=None
[2023-09-28T04:31:07.953+0100] {logging_mixin.py:151} INFO - [2023-09-28T04:31:07.953+0100] {dag.py:3696} INFO - Setting next_dagrun for example_subdag_operator.section-2 to None, run_after=None
[2023-09-28T04:31:07.962+0100] {logging_mixin.py:151} INFO - [2023-09-28T04:31:07.962+0100] {dag.py:2915} INFO - Sync 2 DAGs
[2023-09-28T04:31:07.970+0100] {logging_mixin.py:151} INFO - [2023-09-28T04:31:07.969+0100] {dag.py:3696} INFO - Setting next_dagrun for example_subdag_operator.section-1 to None, run_after=None
[2023-09-28T04:31:07.971+0100] {logging_mixin.py:151} INFO - [2023-09-28T04:31:07.970+0100] {dag.py:3696} INFO - Setting next_dagrun for example_subdag_operator.section-2 to None, run_after=None
[2023-09-28T04:31:08.012+0100] {processor.py:179} INFO - Processing /home/joestar/Documents/projects/etl_clickhouse/etl_clickhouse_airflow/clickhouse_venv/lib/python3.8/site-packages/airflow/example_dags/example_subdag_operator.py took 0.131 seconds
[2023-09-28T04:31:56.117+0100] {processor.py:157} INFO - Started process (PID=15258) to work on /home/joestar/Documents/projects/etl_clickhouse/etl_clickhouse_airflow/clickhouse_venv/lib/python3.8/site-packages/airflow/example_dags/example_subdag_operator.py
[2023-09-28T04:31:56.118+0100] {processor.py:829} INFO - Processing file /home/joestar/Documents/projects/etl_clickhouse/etl_clickhouse_airflow/clickhouse_venv/lib/python3.8/site-packages/airflow/example_dags/example_subdag_operator.py for tasks to queue
[2023-09-28T04:31:56.119+0100] {logging_mixin.py:151} INFO - [2023-09-28T04:31:56.118+0100] {dagbag.py:539} INFO - Filling up the DagBag from /home/joestar/Documents/projects/etl_clickhouse/etl_clickhouse_airflow/clickhouse_venv/lib/python3.8/site-packages/airflow/example_dags/example_subdag_operator.py
[2023-09-28T04:31:56.141+0100] {processor.py:839} INFO - DAG(s) dict_keys(['example_subdag_operator.section-1', 'example_subdag_operator.section-2', 'example_subdag_operator']) retrieved from /home/joestar/Documents/projects/etl_clickhouse/etl_clickhouse_airflow/clickhouse_venv/lib/python3.8/site-packages/airflow/example_dags/example_subdag_operator.py
[2023-09-28T04:31:56.157+0100] {logging_mixin.py:151} INFO - [2023-09-28T04:31:56.157+0100] {dag.py:2915} INFO - Sync 3 DAGs
[2023-09-28T04:31:56.177+0100] {logging_mixin.py:151} INFO - [2023-09-28T04:31:56.177+0100] {dag.py:3696} INFO - Setting next_dagrun for example_subdag_operator to 2022-01-01T00:00:00+00:00, run_after=2022-01-01T00:00:00+00:00
[2023-09-28T04:31:56.181+0100] {logging_mixin.py:151} INFO - [2023-09-28T04:31:56.181+0100] {dag.py:3696} INFO - Setting next_dagrun for example_subdag_operator.section-1 to None, run_after=None
[2023-09-28T04:31:56.182+0100] {logging_mixin.py:151} INFO - [2023-09-28T04:31:56.182+0100] {dag.py:3696} INFO - Setting next_dagrun for example_subdag_operator.section-2 to None, run_after=None
[2023-09-28T04:31:56.187+0100] {logging_mixin.py:151} INFO - [2023-09-28T04:31:56.187+0100] {dag.py:2915} INFO - Sync 2 DAGs
[2023-09-28T04:31:56.192+0100] {logging_mixin.py:151} INFO - [2023-09-28T04:31:56.191+0100] {dag.py:3696} INFO - Setting next_dagrun for example_subdag_operator.section-1 to None, run_after=None
[2023-09-28T04:31:56.192+0100] {logging_mixin.py:151} INFO - [2023-09-28T04:31:56.192+0100] {dag.py:3696} INFO - Setting next_dagrun for example_subdag_operator.section-2 to None, run_after=None
[2023-09-28T04:31:56.211+0100] {processor.py:179} INFO - Processing /home/joestar/Documents/projects/etl_clickhouse/etl_clickhouse_airflow/clickhouse_venv/lib/python3.8/site-packages/airflow/example_dags/example_subdag_operator.py took 0.096 seconds
