[2023-09-28T04:30:10.530+0100] {processor.py:157} INFO - Started process (PID=14669) to work on /home/joestar/Documents/projects/etl_clickhouse/etl_clickhouse_airflow/clickhouse_venv/lib/python3.8/site-packages/airflow/example_dags/tutorial_taskflow_api.py
[2023-09-28T04:30:10.532+0100] {processor.py:829} INFO - Processing file /home/joestar/Documents/projects/etl_clickhouse/etl_clickhouse_airflow/clickhouse_venv/lib/python3.8/site-packages/airflow/example_dags/tutorial_taskflow_api.py for tasks to queue
[2023-09-28T04:30:10.533+0100] {logging_mixin.py:151} INFO - [2023-09-28T04:30:10.532+0100] {dagbag.py:539} INFO - Filling up the DagBag from /home/joestar/Documents/projects/etl_clickhouse/etl_clickhouse_airflow/clickhouse_venv/lib/python3.8/site-packages/airflow/example_dags/tutorial_taskflow_api.py
[2023-09-28T04:30:10.543+0100] {processor.py:839} INFO - DAG(s) dict_keys(['tutorial_taskflow_api']) retrieved from /home/joestar/Documents/projects/etl_clickhouse/etl_clickhouse_airflow/clickhouse_venv/lib/python3.8/site-packages/airflow/example_dags/tutorial_taskflow_api.py
[2023-09-28T04:30:10.626+0100] {logging_mixin.py:151} INFO - [2023-09-28T04:30:10.626+0100] {security.py:708} INFO - Not syncing DAG-level permissions for DAG 'DAG:tutorial_taskflow_api' as access control is unset.
[2023-09-28T04:30:10.627+0100] {logging_mixin.py:151} INFO - [2023-09-28T04:30:10.627+0100] {dag.py:2915} INFO - Sync 1 DAGs
[2023-09-28T04:30:10.636+0100] {logging_mixin.py:151} INFO - [2023-09-28T04:30:10.636+0100] {dag.py:3696} INFO - Setting next_dagrun for tutorial_taskflow_api to None, run_after=None
[2023-09-28T04:30:10.663+0100] {processor.py:179} INFO - Processing /home/joestar/Documents/projects/etl_clickhouse/etl_clickhouse_airflow/clickhouse_venv/lib/python3.8/site-packages/airflow/example_dags/tutorial_taskflow_api.py took 0.138 seconds
[2023-09-28T04:31:02.693+0100] {processor.py:157} INFO - Started process (PID=14946) to work on /home/joestar/Documents/projects/etl_clickhouse/etl_clickhouse_airflow/clickhouse_venv/lib/python3.8/site-packages/airflow/example_dags/tutorial_taskflow_api.py
[2023-09-28T04:31:02.694+0100] {processor.py:829} INFO - Processing file /home/joestar/Documents/projects/etl_clickhouse/etl_clickhouse_airflow/clickhouse_venv/lib/python3.8/site-packages/airflow/example_dags/tutorial_taskflow_api.py for tasks to queue
[2023-09-28T04:31:02.695+0100] {logging_mixin.py:151} INFO - [2023-09-28T04:31:02.694+0100] {dagbag.py:539} INFO - Filling up the DagBag from /home/joestar/Documents/projects/etl_clickhouse/etl_clickhouse_airflow/clickhouse_venv/lib/python3.8/site-packages/airflow/example_dags/tutorial_taskflow_api.py
[2023-09-28T04:31:02.701+0100] {processor.py:839} INFO - DAG(s) dict_keys(['tutorial_taskflow_api']) retrieved from /home/joestar/Documents/projects/etl_clickhouse/etl_clickhouse_airflow/clickhouse_venv/lib/python3.8/site-packages/airflow/example_dags/tutorial_taskflow_api.py
[2023-09-28T04:31:02.724+0100] {logging_mixin.py:151} INFO - [2023-09-28T04:31:02.723+0100] {dag.py:2915} INFO - Sync 1 DAGs
[2023-09-28T04:31:02.744+0100] {logging_mixin.py:151} INFO - [2023-09-28T04:31:02.744+0100] {dag.py:3696} INFO - Setting next_dagrun for tutorial_taskflow_api to None, run_after=None
[2023-09-28T04:31:02.781+0100] {processor.py:179} INFO - Processing /home/joestar/Documents/projects/etl_clickhouse/etl_clickhouse_airflow/clickhouse_venv/lib/python3.8/site-packages/airflow/example_dags/tutorial_taskflow_api.py took 0.092 seconds
[2023-09-28T04:31:42.723+0100] {processor.py:157} INFO - Started process (PID=15169) to work on /home/joestar/Documents/projects/etl_clickhouse/etl_clickhouse_airflow/clickhouse_venv/lib/python3.8/site-packages/airflow/example_dags/tutorial_taskflow_api.py
[2023-09-28T04:31:42.725+0100] {processor.py:829} INFO - Processing file /home/joestar/Documents/projects/etl_clickhouse/etl_clickhouse_airflow/clickhouse_venv/lib/python3.8/site-packages/airflow/example_dags/tutorial_taskflow_api.py for tasks to queue
[2023-09-28T04:31:42.727+0100] {logging_mixin.py:151} INFO - [2023-09-28T04:31:42.726+0100] {dagbag.py:539} INFO - Filling up the DagBag from /home/joestar/Documents/projects/etl_clickhouse/etl_clickhouse_airflow/clickhouse_venv/lib/python3.8/site-packages/airflow/example_dags/tutorial_taskflow_api.py
[2023-09-28T04:31:42.742+0100] {processor.py:839} INFO - DAG(s) dict_keys(['tutorial_taskflow_api']) retrieved from /home/joestar/Documents/projects/etl_clickhouse/etl_clickhouse_airflow/clickhouse_venv/lib/python3.8/site-packages/airflow/example_dags/tutorial_taskflow_api.py
[2023-09-28T04:31:42.761+0100] {logging_mixin.py:151} INFO - [2023-09-28T04:31:42.761+0100] {dag.py:2915} INFO - Sync 1 DAGs
[2023-09-28T04:31:42.771+0100] {logging_mixin.py:151} INFO - [2023-09-28T04:31:42.771+0100] {dag.py:3696} INFO - Setting next_dagrun for tutorial_taskflow_api to None, run_after=None
[2023-09-28T04:31:42.800+0100] {processor.py:179} INFO - Processing /home/joestar/Documents/projects/etl_clickhouse/etl_clickhouse_airflow/clickhouse_venv/lib/python3.8/site-packages/airflow/example_dags/tutorial_taskflow_api.py took 0.085 seconds
