[2023-09-28T04:30:17.100+0100] {processor.py:157} INFO - Started process (PID=14694) to work on /home/joestar/Documents/projects/etl_clickhouse/etl_clickhouse_airflow/clickhouse_venv/lib/python3.8/site-packages/airflow/example_dags/tutorial_dag.py
[2023-09-28T04:30:17.101+0100] {processor.py:829} INFO - Processing file /home/joestar/Documents/projects/etl_clickhouse/etl_clickhouse_airflow/clickhouse_venv/lib/python3.8/site-packages/airflow/example_dags/tutorial_dag.py for tasks to queue
[2023-09-28T04:30:17.103+0100] {logging_mixin.py:151} INFO - [2023-09-28T04:30:17.102+0100] {dagbag.py:539} INFO - Filling up the DagBag from /home/joestar/Documents/projects/etl_clickhouse/etl_clickhouse_airflow/clickhouse_venv/lib/python3.8/site-packages/airflow/example_dags/tutorial_dag.py
[2023-09-28T04:30:17.111+0100] {processor.py:839} INFO - DAG(s) dict_keys(['tutorial_dag']) retrieved from /home/joestar/Documents/projects/etl_clickhouse/etl_clickhouse_airflow/clickhouse_venv/lib/python3.8/site-packages/airflow/example_dags/tutorial_dag.py
[2023-09-28T04:30:17.257+0100] {logging_mixin.py:151} INFO - [2023-09-28T04:30:17.256+0100] {security.py:708} INFO - Not syncing DAG-level permissions for DAG 'DAG:tutorial_dag' as access control is unset.
[2023-09-28T04:30:17.257+0100] {logging_mixin.py:151} INFO - [2023-09-28T04:30:17.257+0100] {dag.py:2915} INFO - Sync 1 DAGs
[2023-09-28T04:30:17.275+0100] {logging_mixin.py:151} INFO - [2023-09-28T04:30:17.275+0100] {dag.py:3696} INFO - Setting next_dagrun for tutorial_dag to None, run_after=None
[2023-09-28T04:30:17.314+0100] {processor.py:179} INFO - Processing /home/joestar/Documents/projects/etl_clickhouse/etl_clickhouse_airflow/clickhouse_venv/lib/python3.8/site-packages/airflow/example_dags/tutorial_dag.py took 0.220 seconds
[2023-09-28T04:31:09.134+0100] {processor.py:157} INFO - Started process (PID=15052) to work on /home/joestar/Documents/projects/etl_clickhouse/etl_clickhouse_airflow/clickhouse_venv/lib/python3.8/site-packages/airflow/example_dags/tutorial_dag.py
[2023-09-28T04:31:09.135+0100] {processor.py:829} INFO - Processing file /home/joestar/Documents/projects/etl_clickhouse/etl_clickhouse_airflow/clickhouse_venv/lib/python3.8/site-packages/airflow/example_dags/tutorial_dag.py for tasks to queue
[2023-09-28T04:31:09.135+0100] {logging_mixin.py:151} INFO - [2023-09-28T04:31:09.135+0100] {dagbag.py:539} INFO - Filling up the DagBag from /home/joestar/Documents/projects/etl_clickhouse/etl_clickhouse_airflow/clickhouse_venv/lib/python3.8/site-packages/airflow/example_dags/tutorial_dag.py
[2023-09-28T04:31:09.140+0100] {processor.py:839} INFO - DAG(s) dict_keys(['tutorial_dag']) retrieved from /home/joestar/Documents/projects/etl_clickhouse/etl_clickhouse_airflow/clickhouse_venv/lib/python3.8/site-packages/airflow/example_dags/tutorial_dag.py
[2023-09-28T04:31:09.154+0100] {logging_mixin.py:151} INFO - [2023-09-28T04:31:09.154+0100] {dag.py:2915} INFO - Sync 1 DAGs
[2023-09-28T04:31:09.168+0100] {logging_mixin.py:151} INFO - [2023-09-28T04:31:09.167+0100] {dag.py:3696} INFO - Setting next_dagrun for tutorial_dag to None, run_after=None
[2023-09-28T04:31:09.195+0100] {processor.py:179} INFO - Processing /home/joestar/Documents/projects/etl_clickhouse/etl_clickhouse_airflow/clickhouse_venv/lib/python3.8/site-packages/airflow/example_dags/tutorial_dag.py took 0.063 seconds
[2023-09-28T04:31:57.116+0100] {processor.py:157} INFO - Started process (PID=15259) to work on /home/joestar/Documents/projects/etl_clickhouse/etl_clickhouse_airflow/clickhouse_venv/lib/python3.8/site-packages/airflow/example_dags/tutorial_dag.py
[2023-09-28T04:31:57.116+0100] {processor.py:829} INFO - Processing file /home/joestar/Documents/projects/etl_clickhouse/etl_clickhouse_airflow/clickhouse_venv/lib/python3.8/site-packages/airflow/example_dags/tutorial_dag.py for tasks to queue
[2023-09-28T04:31:57.117+0100] {logging_mixin.py:151} INFO - [2023-09-28T04:31:57.117+0100] {dagbag.py:539} INFO - Filling up the DagBag from /home/joestar/Documents/projects/etl_clickhouse/etl_clickhouse_airflow/clickhouse_venv/lib/python3.8/site-packages/airflow/example_dags/tutorial_dag.py
[2023-09-28T04:31:57.122+0100] {processor.py:839} INFO - DAG(s) dict_keys(['tutorial_dag']) retrieved from /home/joestar/Documents/projects/etl_clickhouse/etl_clickhouse_airflow/clickhouse_venv/lib/python3.8/site-packages/airflow/example_dags/tutorial_dag.py
[2023-09-28T04:31:57.140+0100] {logging_mixin.py:151} INFO - [2023-09-28T04:31:57.139+0100] {dag.py:2915} INFO - Sync 1 DAGs
[2023-09-28T04:31:57.157+0100] {logging_mixin.py:151} INFO - [2023-09-28T04:31:57.157+0100] {dag.py:3696} INFO - Setting next_dagrun for tutorial_dag to None, run_after=None
[2023-09-28T04:31:57.184+0100] {processor.py:179} INFO - Processing /home/joestar/Documents/projects/etl_clickhouse/etl_clickhouse_airflow/clickhouse_venv/lib/python3.8/site-packages/airflow/example_dags/tutorial_dag.py took 0.071 seconds
