[2023-09-14T17:12:08.421+0100] {processor.py:157} INFO - Started process (PID=24269) to work on /home/joestar/Documents/projects/airflow_etl/airflow_env/lib/python3.8/site-packages/airflow/example_dags/plugins/event_listener.py
[2023-09-14T17:12:08.422+0100] {processor.py:829} INFO - Processing file /home/joestar/Documents/projects/airflow_etl/airflow_env/lib/python3.8/site-packages/airflow/example_dags/plugins/event_listener.py for tasks to queue
[2023-09-14T17:12:08.423+0100] {logging_mixin.py:151} INFO - [2023-09-14T17:12:08.422+0100] {dagbag.py:539} INFO - Filling up the DagBag from /home/joestar/Documents/projects/airflow_etl/airflow_env/lib/python3.8/site-packages/airflow/example_dags/plugins/event_listener.py
[2023-09-14T17:12:08.425+0100] {processor.py:841} WARNING - No viable dags retrieved from /home/joestar/Documents/projects/airflow_etl/airflow_env/lib/python3.8/site-packages/airflow/example_dags/plugins/event_listener.py
[2023-09-14T17:12:08.435+0100] {processor.py:179} INFO - Processing /home/joestar/Documents/projects/airflow_etl/airflow_env/lib/python3.8/site-packages/airflow/example_dags/plugins/event_listener.py took 0.018 seconds
[2023-09-14T17:13:02.248+0100] {processor.py:157} INFO - Started process (PID=24679) to work on /home/joestar/Documents/projects/airflow_etl/airflow_env/lib/python3.8/site-packages/airflow/example_dags/plugins/event_listener.py
[2023-09-14T17:13:02.249+0100] {processor.py:829} INFO - Processing file /home/joestar/Documents/projects/airflow_etl/airflow_env/lib/python3.8/site-packages/airflow/example_dags/plugins/event_listener.py for tasks to queue
[2023-09-14T17:13:02.250+0100] {logging_mixin.py:151} INFO - [2023-09-14T17:13:02.250+0100] {dagbag.py:539} INFO - Filling up the DagBag from /home/joestar/Documents/projects/airflow_etl/airflow_env/lib/python3.8/site-packages/airflow/example_dags/plugins/event_listener.py
[2023-09-14T17:13:02.253+0100] {processor.py:841} WARNING - No viable dags retrieved from /home/joestar/Documents/projects/airflow_etl/airflow_env/lib/python3.8/site-packages/airflow/example_dags/plugins/event_listener.py
[2023-09-14T17:13:02.264+0100] {processor.py:179} INFO - Processing /home/joestar/Documents/projects/airflow_etl/airflow_env/lib/python3.8/site-packages/airflow/example_dags/plugins/event_listener.py took 0.020 seconds
[2023-09-14T17:13:48.797+0100] {processor.py:157} INFO - Started process (PID=25011) to work on /home/joestar/Documents/projects/airflow_etl/airflow_env/lib/python3.8/site-packages/airflow/example_dags/plugins/event_listener.py
[2023-09-14T17:13:48.799+0100] {processor.py:829} INFO - Processing file /home/joestar/Documents/projects/airflow_etl/airflow_env/lib/python3.8/site-packages/airflow/example_dags/plugins/event_listener.py for tasks to queue
[2023-09-14T17:13:48.800+0100] {logging_mixin.py:151} INFO - [2023-09-14T17:13:48.800+0100] {dagbag.py:539} INFO - Filling up the DagBag from /home/joestar/Documents/projects/airflow_etl/airflow_env/lib/python3.8/site-packages/airflow/example_dags/plugins/event_listener.py
[2023-09-14T17:13:48.803+0100] {processor.py:841} WARNING - No viable dags retrieved from /home/joestar/Documents/projects/airflow_etl/airflow_env/lib/python3.8/site-packages/airflow/example_dags/plugins/event_listener.py
[2023-09-14T17:13:48.816+0100] {processor.py:179} INFO - Processing /home/joestar/Documents/projects/airflow_etl/airflow_env/lib/python3.8/site-packages/airflow/example_dags/plugins/event_listener.py took 0.023 seconds
[2023-09-14T17:14:35.936+0100] {processor.py:157} INFO - Started process (PID=25313) to work on /home/joestar/Documents/projects/airflow_etl/airflow_env/lib/python3.8/site-packages/airflow/example_dags/plugins/event_listener.py
[2023-09-14T17:14:35.937+0100] {processor.py:829} INFO - Processing file /home/joestar/Documents/projects/airflow_etl/airflow_env/lib/python3.8/site-packages/airflow/example_dags/plugins/event_listener.py for tasks to queue
[2023-09-14T17:14:35.937+0100] {logging_mixin.py:151} INFO - [2023-09-14T17:14:35.937+0100] {dagbag.py:539} INFO - Filling up the DagBag from /home/joestar/Documents/projects/airflow_etl/airflow_env/lib/python3.8/site-packages/airflow/example_dags/plugins/event_listener.py
[2023-09-14T17:14:35.939+0100] {processor.py:841} WARNING - No viable dags retrieved from /home/joestar/Documents/projects/airflow_etl/airflow_env/lib/python3.8/site-packages/airflow/example_dags/plugins/event_listener.py
[2023-09-14T17:14:35.948+0100] {processor.py:179} INFO - Processing /home/joestar/Documents/projects/airflow_etl/airflow_env/lib/python3.8/site-packages/airflow/example_dags/plugins/event_listener.py took 0.015 seconds
[2023-09-14T17:15:16.456+0100] {processor.py:157} INFO - Started process (PID=25864) to work on /home/joestar/Documents/projects/airflow_etl/airflow_env/lib/python3.8/site-packages/airflow/example_dags/plugins/event_listener.py
[2023-09-14T17:15:16.457+0100] {processor.py:829} INFO - Processing file /home/joestar/Documents/projects/airflow_etl/airflow_env/lib/python3.8/site-packages/airflow/example_dags/plugins/event_listener.py for tasks to queue
[2023-09-14T17:15:16.458+0100] {logging_mixin.py:151} INFO - [2023-09-14T17:15:16.458+0100] {dagbag.py:539} INFO - Filling up the DagBag from /home/joestar/Documents/projects/airflow_etl/airflow_env/lib/python3.8/site-packages/airflow/example_dags/plugins/event_listener.py
[2023-09-14T17:15:16.461+0100] {processor.py:841} WARNING - No viable dags retrieved from /home/joestar/Documents/projects/airflow_etl/airflow_env/lib/python3.8/site-packages/airflow/example_dags/plugins/event_listener.py
[2023-09-14T17:15:16.470+0100] {processor.py:179} INFO - Processing /home/joestar/Documents/projects/airflow_etl/airflow_env/lib/python3.8/site-packages/airflow/example_dags/plugins/event_listener.py took 0.017 seconds
[2023-09-14T17:15:55.735+0100] {processor.py:157} INFO - Started process (PID=26037) to work on /home/joestar/Documents/projects/airflow_etl/airflow_env/lib/python3.8/site-packages/airflow/example_dags/plugins/event_listener.py
[2023-09-14T17:15:55.736+0100] {processor.py:829} INFO - Processing file /home/joestar/Documents/projects/airflow_etl/airflow_env/lib/python3.8/site-packages/airflow/example_dags/plugins/event_listener.py for tasks to queue
[2023-09-14T17:15:55.737+0100] {logging_mixin.py:151} INFO - [2023-09-14T17:15:55.737+0100] {dagbag.py:539} INFO - Filling up the DagBag from /home/joestar/Documents/projects/airflow_etl/airflow_env/lib/python3.8/site-packages/airflow/example_dags/plugins/event_listener.py
[2023-09-14T17:15:55.739+0100] {processor.py:841} WARNING - No viable dags retrieved from /home/joestar/Documents/projects/airflow_etl/airflow_env/lib/python3.8/site-packages/airflow/example_dags/plugins/event_listener.py
[2023-09-14T17:15:55.748+0100] {processor.py:179} INFO - Processing /home/joestar/Documents/projects/airflow_etl/airflow_env/lib/python3.8/site-packages/airflow/example_dags/plugins/event_listener.py took 0.016 seconds
[2023-09-14T17:16:47.890+0100] {processor.py:157} INFO - Started process (PID=26279) to work on /home/joestar/Documents/projects/airflow_etl/airflow_env/lib/python3.8/site-packages/airflow/example_dags/plugins/event_listener.py
[2023-09-14T17:16:47.891+0100] {processor.py:829} INFO - Processing file /home/joestar/Documents/projects/airflow_etl/airflow_env/lib/python3.8/site-packages/airflow/example_dags/plugins/event_listener.py for tasks to queue
[2023-09-14T17:16:47.892+0100] {logging_mixin.py:151} INFO - [2023-09-14T17:16:47.891+0100] {dagbag.py:539} INFO - Filling up the DagBag from /home/joestar/Documents/projects/airflow_etl/airflow_env/lib/python3.8/site-packages/airflow/example_dags/plugins/event_listener.py
[2023-09-14T17:16:47.894+0100] {processor.py:841} WARNING - No viable dags retrieved from /home/joestar/Documents/projects/airflow_etl/airflow_env/lib/python3.8/site-packages/airflow/example_dags/plugins/event_listener.py
[2023-09-14T17:16:47.903+0100] {processor.py:179} INFO - Processing /home/joestar/Documents/projects/airflow_etl/airflow_env/lib/python3.8/site-packages/airflow/example_dags/plugins/event_listener.py took 0.016 seconds
[2023-09-14T17:17:39.616+0100] {processor.py:157} INFO - Started process (PID=26548) to work on /home/joestar/Documents/projects/airflow_etl/airflow_env/lib/python3.8/site-packages/airflow/example_dags/plugins/event_listener.py
[2023-09-14T17:17:39.617+0100] {processor.py:829} INFO - Processing file /home/joestar/Documents/projects/airflow_etl/airflow_env/lib/python3.8/site-packages/airflow/example_dags/plugins/event_listener.py for tasks to queue
[2023-09-14T17:17:39.618+0100] {logging_mixin.py:151} INFO - [2023-09-14T17:17:39.617+0100] {dagbag.py:539} INFO - Filling up the DagBag from /home/joestar/Documents/projects/airflow_etl/airflow_env/lib/python3.8/site-packages/airflow/example_dags/plugins/event_listener.py
[2023-09-14T17:17:39.621+0100] {processor.py:841} WARNING - No viable dags retrieved from /home/joestar/Documents/projects/airflow_etl/airflow_env/lib/python3.8/site-packages/airflow/example_dags/plugins/event_listener.py
[2023-09-14T17:17:39.631+0100] {processor.py:179} INFO - Processing /home/joestar/Documents/projects/airflow_etl/airflow_env/lib/python3.8/site-packages/airflow/example_dags/plugins/event_listener.py took 0.019 seconds
[2023-09-14T17:18:26.558+0100] {processor.py:157} INFO - Started process (PID=26828) to work on /home/joestar/Documents/projects/airflow_etl/airflow_env/lib/python3.8/site-packages/airflow/example_dags/plugins/event_listener.py
[2023-09-14T17:18:26.561+0100] {processor.py:829} INFO - Processing file /home/joestar/Documents/projects/airflow_etl/airflow_env/lib/python3.8/site-packages/airflow/example_dags/plugins/event_listener.py for tasks to queue
[2023-09-14T17:18:26.564+0100] {logging_mixin.py:151} INFO - [2023-09-14T17:18:26.563+0100] {dagbag.py:539} INFO - Filling up the DagBag from /home/joestar/Documents/projects/airflow_etl/airflow_env/lib/python3.8/site-packages/airflow/example_dags/plugins/event_listener.py
[2023-09-14T17:18:26.570+0100] {processor.py:841} WARNING - No viable dags retrieved from /home/joestar/Documents/projects/airflow_etl/airflow_env/lib/python3.8/site-packages/airflow/example_dags/plugins/event_listener.py
[2023-09-14T17:18:26.585+0100] {processor.py:179} INFO - Processing /home/joestar/Documents/projects/airflow_etl/airflow_env/lib/python3.8/site-packages/airflow/example_dags/plugins/event_listener.py took 0.035 seconds
[2023-09-14T17:19:03.893+0100] {processor.py:157} INFO - Started process (PID=27196) to work on /home/joestar/Documents/projects/airflow_etl/airflow_env/lib/python3.8/site-packages/airflow/example_dags/plugins/event_listener.py
[2023-09-14T17:19:03.894+0100] {processor.py:829} INFO - Processing file /home/joestar/Documents/projects/airflow_etl/airflow_env/lib/python3.8/site-packages/airflow/example_dags/plugins/event_listener.py for tasks to queue
[2023-09-14T17:19:03.895+0100] {logging_mixin.py:151} INFO - [2023-09-14T17:19:03.895+0100] {dagbag.py:539} INFO - Filling up the DagBag from /home/joestar/Documents/projects/airflow_etl/airflow_env/lib/python3.8/site-packages/airflow/example_dags/plugins/event_listener.py
[2023-09-14T17:19:03.898+0100] {processor.py:841} WARNING - No viable dags retrieved from /home/joestar/Documents/projects/airflow_etl/airflow_env/lib/python3.8/site-packages/airflow/example_dags/plugins/event_listener.py
[2023-09-14T17:19:03.906+0100] {processor.py:179} INFO - Processing /home/joestar/Documents/projects/airflow_etl/airflow_env/lib/python3.8/site-packages/airflow/example_dags/plugins/event_listener.py took 0.015 seconds
[2023-09-14T17:19:44.758+0100] {processor.py:157} INFO - Started process (PID=27386) to work on /home/joestar/Documents/projects/airflow_etl/airflow_env/lib/python3.8/site-packages/airflow/example_dags/plugins/event_listener.py
[2023-09-14T17:19:44.760+0100] {processor.py:829} INFO - Processing file /home/joestar/Documents/projects/airflow_etl/airflow_env/lib/python3.8/site-packages/airflow/example_dags/plugins/event_listener.py for tasks to queue
[2023-09-14T17:19:44.762+0100] {logging_mixin.py:151} INFO - [2023-09-14T17:19:44.761+0100] {dagbag.py:539} INFO - Filling up the DagBag from /home/joestar/Documents/projects/airflow_etl/airflow_env/lib/python3.8/site-packages/airflow/example_dags/plugins/event_listener.py
[2023-09-14T17:19:44.764+0100] {processor.py:841} WARNING - No viable dags retrieved from /home/joestar/Documents/projects/airflow_etl/airflow_env/lib/python3.8/site-packages/airflow/example_dags/plugins/event_listener.py
[2023-09-14T17:19:44.776+0100] {processor.py:179} INFO - Processing /home/joestar/Documents/projects/airflow_etl/airflow_env/lib/python3.8/site-packages/airflow/example_dags/plugins/event_listener.py took 0.021 seconds
[2023-09-14T17:20:20.879+0100] {processor.py:157} INFO - Started process (PID=27530) to work on /home/joestar/Documents/projects/airflow_etl/airflow_env/lib/python3.8/site-packages/airflow/example_dags/plugins/event_listener.py
[2023-09-14T17:20:20.880+0100] {processor.py:829} INFO - Processing file /home/joestar/Documents/projects/airflow_etl/airflow_env/lib/python3.8/site-packages/airflow/example_dags/plugins/event_listener.py for tasks to queue
[2023-09-14T17:20:20.881+0100] {logging_mixin.py:151} INFO - [2023-09-14T17:20:20.880+0100] {dagbag.py:539} INFO - Filling up the DagBag from /home/joestar/Documents/projects/airflow_etl/airflow_env/lib/python3.8/site-packages/airflow/example_dags/plugins/event_listener.py
[2023-09-14T17:20:20.883+0100] {processor.py:841} WARNING - No viable dags retrieved from /home/joestar/Documents/projects/airflow_etl/airflow_env/lib/python3.8/site-packages/airflow/example_dags/plugins/event_listener.py
[2023-09-14T17:20:20.892+0100] {processor.py:179} INFO - Processing /home/joestar/Documents/projects/airflow_etl/airflow_env/lib/python3.8/site-packages/airflow/example_dags/plugins/event_listener.py took 0.016 seconds
[2023-09-14T17:21:12.379+0100] {processor.py:157} INFO - Started process (PID=27762) to work on /home/joestar/Documents/projects/airflow_etl/airflow_env/lib/python3.8/site-packages/airflow/example_dags/plugins/event_listener.py
[2023-09-14T17:21:12.380+0100] {processor.py:829} INFO - Processing file /home/joestar/Documents/projects/airflow_etl/airflow_env/lib/python3.8/site-packages/airflow/example_dags/plugins/event_listener.py for tasks to queue
[2023-09-14T17:21:12.381+0100] {logging_mixin.py:151} INFO - [2023-09-14T17:21:12.381+0100] {dagbag.py:539} INFO - Filling up the DagBag from /home/joestar/Documents/projects/airflow_etl/airflow_env/lib/python3.8/site-packages/airflow/example_dags/plugins/event_listener.py
[2023-09-14T17:21:12.384+0100] {processor.py:841} WARNING - No viable dags retrieved from /home/joestar/Documents/projects/airflow_etl/airflow_env/lib/python3.8/site-packages/airflow/example_dags/plugins/event_listener.py
[2023-09-14T17:21:12.396+0100] {processor.py:179} INFO - Processing /home/joestar/Documents/projects/airflow_etl/airflow_env/lib/python3.8/site-packages/airflow/example_dags/plugins/event_listener.py took 0.021 seconds
[2023-09-14T17:22:02.937+0100] {processor.py:157} INFO - Started process (PID=27974) to work on /home/joestar/Documents/projects/airflow_etl/airflow_env/lib/python3.8/site-packages/airflow/example_dags/plugins/event_listener.py
[2023-09-14T17:22:02.938+0100] {processor.py:829} INFO - Processing file /home/joestar/Documents/projects/airflow_etl/airflow_env/lib/python3.8/site-packages/airflow/example_dags/plugins/event_listener.py for tasks to queue
[2023-09-14T17:22:02.939+0100] {logging_mixin.py:151} INFO - [2023-09-14T17:22:02.938+0100] {dagbag.py:539} INFO - Filling up the DagBag from /home/joestar/Documents/projects/airflow_etl/airflow_env/lib/python3.8/site-packages/airflow/example_dags/plugins/event_listener.py
[2023-09-14T17:22:02.941+0100] {processor.py:841} WARNING - No viable dags retrieved from /home/joestar/Documents/projects/airflow_etl/airflow_env/lib/python3.8/site-packages/airflow/example_dags/plugins/event_listener.py
[2023-09-14T17:22:02.951+0100] {processor.py:179} INFO - Processing /home/joestar/Documents/projects/airflow_etl/airflow_env/lib/python3.8/site-packages/airflow/example_dags/plugins/event_listener.py took 0.017 seconds
[2023-09-14T17:22:41.676+0100] {processor.py:157} INFO - Started process (PID=28131) to work on /home/joestar/Documents/projects/airflow_etl/airflow_env/lib/python3.8/site-packages/airflow/example_dags/plugins/event_listener.py
[2023-09-14T17:22:41.677+0100] {processor.py:829} INFO - Processing file /home/joestar/Documents/projects/airflow_etl/airflow_env/lib/python3.8/site-packages/airflow/example_dags/plugins/event_listener.py for tasks to queue
[2023-09-14T17:22:41.678+0100] {logging_mixin.py:151} INFO - [2023-09-14T17:22:41.677+0100] {dagbag.py:539} INFO - Filling up the DagBag from /home/joestar/Documents/projects/airflow_etl/airflow_env/lib/python3.8/site-packages/airflow/example_dags/plugins/event_listener.py
[2023-09-14T17:22:41.681+0100] {processor.py:841} WARNING - No viable dags retrieved from /home/joestar/Documents/projects/airflow_etl/airflow_env/lib/python3.8/site-packages/airflow/example_dags/plugins/event_listener.py
[2023-09-14T17:22:41.693+0100] {processor.py:179} INFO - Processing /home/joestar/Documents/projects/airflow_etl/airflow_env/lib/python3.8/site-packages/airflow/example_dags/plugins/event_listener.py took 0.021 seconds
[2023-09-14T17:23:35.005+0100] {processor.py:157} INFO - Started process (PID=28377) to work on /home/joestar/Documents/projects/airflow_etl/airflow_env/lib/python3.8/site-packages/airflow/example_dags/plugins/event_listener.py
[2023-09-14T17:23:35.006+0100] {processor.py:829} INFO - Processing file /home/joestar/Documents/projects/airflow_etl/airflow_env/lib/python3.8/site-packages/airflow/example_dags/plugins/event_listener.py for tasks to queue
[2023-09-14T17:23:35.007+0100] {logging_mixin.py:151} INFO - [2023-09-14T17:23:35.007+0100] {dagbag.py:539} INFO - Filling up the DagBag from /home/joestar/Documents/projects/airflow_etl/airflow_env/lib/python3.8/site-packages/airflow/example_dags/plugins/event_listener.py
[2023-09-14T17:23:35.009+0100] {processor.py:841} WARNING - No viable dags retrieved from /home/joestar/Documents/projects/airflow_etl/airflow_env/lib/python3.8/site-packages/airflow/example_dags/plugins/event_listener.py
[2023-09-14T17:23:35.019+0100] {processor.py:179} INFO - Processing /home/joestar/Documents/projects/airflow_etl/airflow_env/lib/python3.8/site-packages/airflow/example_dags/plugins/event_listener.py took 0.017 seconds
[2023-09-14T17:24:14.988+0100] {processor.py:157} INFO - Started process (PID=28563) to work on /home/joestar/Documents/projects/airflow_etl/airflow_env/lib/python3.8/site-packages/airflow/example_dags/plugins/event_listener.py
[2023-09-14T17:24:14.989+0100] {processor.py:829} INFO - Processing file /home/joestar/Documents/projects/airflow_etl/airflow_env/lib/python3.8/site-packages/airflow/example_dags/plugins/event_listener.py for tasks to queue
[2023-09-14T17:24:14.990+0100] {logging_mixin.py:151} INFO - [2023-09-14T17:24:14.990+0100] {dagbag.py:539} INFO - Filling up the DagBag from /home/joestar/Documents/projects/airflow_etl/airflow_env/lib/python3.8/site-packages/airflow/example_dags/plugins/event_listener.py
[2023-09-14T17:24:14.993+0100] {processor.py:841} WARNING - No viable dags retrieved from /home/joestar/Documents/projects/airflow_etl/airflow_env/lib/python3.8/site-packages/airflow/example_dags/plugins/event_listener.py
[2023-09-14T17:24:15.005+0100] {processor.py:179} INFO - Processing /home/joestar/Documents/projects/airflow_etl/airflow_env/lib/python3.8/site-packages/airflow/example_dags/plugins/event_listener.py took 0.019 seconds
[2023-09-14T17:24:54.435+0100] {processor.py:157} INFO - Started process (PID=28719) to work on /home/joestar/Documents/projects/airflow_etl/airflow_env/lib/python3.8/site-packages/airflow/example_dags/plugins/event_listener.py
[2023-09-14T17:24:54.436+0100] {processor.py:829} INFO - Processing file /home/joestar/Documents/projects/airflow_etl/airflow_env/lib/python3.8/site-packages/airflow/example_dags/plugins/event_listener.py for tasks to queue
[2023-09-14T17:24:54.437+0100] {logging_mixin.py:151} INFO - [2023-09-14T17:24:54.436+0100] {dagbag.py:539} INFO - Filling up the DagBag from /home/joestar/Documents/projects/airflow_etl/airflow_env/lib/python3.8/site-packages/airflow/example_dags/plugins/event_listener.py
[2023-09-14T17:24:54.439+0100] {processor.py:841} WARNING - No viable dags retrieved from /home/joestar/Documents/projects/airflow_etl/airflow_env/lib/python3.8/site-packages/airflow/example_dags/plugins/event_listener.py
[2023-09-14T17:24:54.448+0100] {processor.py:179} INFO - Processing /home/joestar/Documents/projects/airflow_etl/airflow_env/lib/python3.8/site-packages/airflow/example_dags/plugins/event_listener.py took 0.016 seconds
[2023-09-14T17:25:31.732+0100] {processor.py:157} INFO - Started process (PID=28869) to work on /home/joestar/Documents/projects/airflow_etl/airflow_env/lib/python3.8/site-packages/airflow/example_dags/plugins/event_listener.py
[2023-09-14T17:25:31.733+0100] {processor.py:829} INFO - Processing file /home/joestar/Documents/projects/airflow_etl/airflow_env/lib/python3.8/site-packages/airflow/example_dags/plugins/event_listener.py for tasks to queue
[2023-09-14T17:25:31.734+0100] {logging_mixin.py:151} INFO - [2023-09-14T17:25:31.733+0100] {dagbag.py:539} INFO - Filling up the DagBag from /home/joestar/Documents/projects/airflow_etl/airflow_env/lib/python3.8/site-packages/airflow/example_dags/plugins/event_listener.py
[2023-09-14T17:25:31.737+0100] {processor.py:841} WARNING - No viable dags retrieved from /home/joestar/Documents/projects/airflow_etl/airflow_env/lib/python3.8/site-packages/airflow/example_dags/plugins/event_listener.py
[2023-09-14T17:25:31.747+0100] {processor.py:179} INFO - Processing /home/joestar/Documents/projects/airflow_etl/airflow_env/lib/python3.8/site-packages/airflow/example_dags/plugins/event_listener.py took 0.018 seconds
[2023-09-14T17:26:25.185+0100] {processor.py:157} INFO - Started process (PID=29109) to work on /home/joestar/Documents/projects/airflow_etl/airflow_env/lib/python3.8/site-packages/airflow/example_dags/plugins/event_listener.py
[2023-09-14T17:26:25.186+0100] {processor.py:829} INFO - Processing file /home/joestar/Documents/projects/airflow_etl/airflow_env/lib/python3.8/site-packages/airflow/example_dags/plugins/event_listener.py for tasks to queue
[2023-09-14T17:26:25.187+0100] {logging_mixin.py:151} INFO - [2023-09-14T17:26:25.187+0100] {dagbag.py:539} INFO - Filling up the DagBag from /home/joestar/Documents/projects/airflow_etl/airflow_env/lib/python3.8/site-packages/airflow/example_dags/plugins/event_listener.py
[2023-09-14T17:26:25.190+0100] {processor.py:841} WARNING - No viable dags retrieved from /home/joestar/Documents/projects/airflow_etl/airflow_env/lib/python3.8/site-packages/airflow/example_dags/plugins/event_listener.py
[2023-09-14T17:26:25.201+0100] {processor.py:179} INFO - Processing /home/joestar/Documents/projects/airflow_etl/airflow_env/lib/python3.8/site-packages/airflow/example_dags/plugins/event_listener.py took 0.020 seconds
[2023-09-14T17:27:17.010+0100] {processor.py:157} INFO - Started process (PID=29344) to work on /home/joestar/Documents/projects/airflow_etl/airflow_env/lib/python3.8/site-packages/airflow/example_dags/plugins/event_listener.py
[2023-09-14T17:27:17.011+0100] {processor.py:829} INFO - Processing file /home/joestar/Documents/projects/airflow_etl/airflow_env/lib/python3.8/site-packages/airflow/example_dags/plugins/event_listener.py for tasks to queue
[2023-09-14T17:27:17.012+0100] {logging_mixin.py:151} INFO - [2023-09-14T17:27:17.012+0100] {dagbag.py:539} INFO - Filling up the DagBag from /home/joestar/Documents/projects/airflow_etl/airflow_env/lib/python3.8/site-packages/airflow/example_dags/plugins/event_listener.py
[2023-09-14T17:27:17.015+0100] {processor.py:841} WARNING - No viable dags retrieved from /home/joestar/Documents/projects/airflow_etl/airflow_env/lib/python3.8/site-packages/airflow/example_dags/plugins/event_listener.py
[2023-09-14T17:27:17.024+0100] {processor.py:179} INFO - Processing /home/joestar/Documents/projects/airflow_etl/airflow_env/lib/python3.8/site-packages/airflow/example_dags/plugins/event_listener.py took 0.016 seconds
[2023-09-14T17:27:54.484+0100] {processor.py:157} INFO - Started process (PID=29490) to work on /home/joestar/Documents/projects/airflow_etl/airflow_env/lib/python3.8/site-packages/airflow/example_dags/plugins/event_listener.py
[2023-09-14T17:27:54.485+0100] {processor.py:829} INFO - Processing file /home/joestar/Documents/projects/airflow_etl/airflow_env/lib/python3.8/site-packages/airflow/example_dags/plugins/event_listener.py for tasks to queue
[2023-09-14T17:27:54.486+0100] {logging_mixin.py:151} INFO - [2023-09-14T17:27:54.486+0100] {dagbag.py:539} INFO - Filling up the DagBag from /home/joestar/Documents/projects/airflow_etl/airflow_env/lib/python3.8/site-packages/airflow/example_dags/plugins/event_listener.py
[2023-09-14T17:27:54.489+0100] {processor.py:841} WARNING - No viable dags retrieved from /home/joestar/Documents/projects/airflow_etl/airflow_env/lib/python3.8/site-packages/airflow/example_dags/plugins/event_listener.py
[2023-09-14T17:27:54.501+0100] {processor.py:179} INFO - Processing /home/joestar/Documents/projects/airflow_etl/airflow_env/lib/python3.8/site-packages/airflow/example_dags/plugins/event_listener.py took 0.019 seconds
[2023-09-14T17:28:30.810+0100] {processor.py:157} INFO - Started process (PID=29669) to work on /home/joestar/Documents/projects/airflow_etl/airflow_env/lib/python3.8/site-packages/airflow/example_dags/plugins/event_listener.py
[2023-09-14T17:28:30.811+0100] {processor.py:829} INFO - Processing file /home/joestar/Documents/projects/airflow_etl/airflow_env/lib/python3.8/site-packages/airflow/example_dags/plugins/event_listener.py for tasks to queue
[2023-09-14T17:28:30.812+0100] {logging_mixin.py:151} INFO - [2023-09-14T17:28:30.811+0100] {dagbag.py:539} INFO - Filling up the DagBag from /home/joestar/Documents/projects/airflow_etl/airflow_env/lib/python3.8/site-packages/airflow/example_dags/plugins/event_listener.py
[2023-09-14T17:28:30.814+0100] {processor.py:841} WARNING - No viable dags retrieved from /home/joestar/Documents/projects/airflow_etl/airflow_env/lib/python3.8/site-packages/airflow/example_dags/plugins/event_listener.py
[2023-09-14T17:28:30.828+0100] {processor.py:179} INFO - Processing /home/joestar/Documents/projects/airflow_etl/airflow_env/lib/python3.8/site-packages/airflow/example_dags/plugins/event_listener.py took 0.021 seconds
[2023-09-14T17:29:22.890+0100] {processor.py:157} INFO - Started process (PID=29922) to work on /home/joestar/Documents/projects/airflow_etl/airflow_env/lib/python3.8/site-packages/airflow/example_dags/plugins/event_listener.py
[2023-09-14T17:29:22.891+0100] {processor.py:829} INFO - Processing file /home/joestar/Documents/projects/airflow_etl/airflow_env/lib/python3.8/site-packages/airflow/example_dags/plugins/event_listener.py for tasks to queue
[2023-09-14T17:29:22.892+0100] {logging_mixin.py:151} INFO - [2023-09-14T17:29:22.892+0100] {dagbag.py:539} INFO - Filling up the DagBag from /home/joestar/Documents/projects/airflow_etl/airflow_env/lib/python3.8/site-packages/airflow/example_dags/plugins/event_listener.py
[2023-09-14T17:29:22.895+0100] {processor.py:841} WARNING - No viable dags retrieved from /home/joestar/Documents/projects/airflow_etl/airflow_env/lib/python3.8/site-packages/airflow/example_dags/plugins/event_listener.py
[2023-09-14T17:29:22.906+0100] {processor.py:179} INFO - Processing /home/joestar/Documents/projects/airflow_etl/airflow_env/lib/python3.8/site-packages/airflow/example_dags/plugins/event_listener.py took 0.018 seconds
[2023-09-14T17:30:14.523+0100] {processor.py:157} INFO - Started process (PID=30171) to work on /home/joestar/Documents/projects/airflow_etl/airflow_env/lib/python3.8/site-packages/airflow/example_dags/plugins/event_listener.py
[2023-09-14T17:30:14.524+0100] {processor.py:829} INFO - Processing file /home/joestar/Documents/projects/airflow_etl/airflow_env/lib/python3.8/site-packages/airflow/example_dags/plugins/event_listener.py for tasks to queue
[2023-09-14T17:30:14.525+0100] {logging_mixin.py:151} INFO - [2023-09-14T17:30:14.525+0100] {dagbag.py:539} INFO - Filling up the DagBag from /home/joestar/Documents/projects/airflow_etl/airflow_env/lib/python3.8/site-packages/airflow/example_dags/plugins/event_listener.py
[2023-09-14T17:30:14.528+0100] {processor.py:841} WARNING - No viable dags retrieved from /home/joestar/Documents/projects/airflow_etl/airflow_env/lib/python3.8/site-packages/airflow/example_dags/plugins/event_listener.py
[2023-09-14T17:30:14.539+0100] {processor.py:179} INFO - Processing /home/joestar/Documents/projects/airflow_etl/airflow_env/lib/python3.8/site-packages/airflow/example_dags/plugins/event_listener.py took 0.020 seconds
[2023-09-14T17:30:52.452+0100] {processor.py:157} INFO - Started process (PID=30322) to work on /home/joestar/Documents/projects/airflow_etl/airflow_env/lib/python3.8/site-packages/airflow/example_dags/plugins/event_listener.py
[2023-09-14T17:30:52.453+0100] {processor.py:829} INFO - Processing file /home/joestar/Documents/projects/airflow_etl/airflow_env/lib/python3.8/site-packages/airflow/example_dags/plugins/event_listener.py for tasks to queue
[2023-09-14T17:30:52.454+0100] {logging_mixin.py:151} INFO - [2023-09-14T17:30:52.454+0100] {dagbag.py:539} INFO - Filling up the DagBag from /home/joestar/Documents/projects/airflow_etl/airflow_env/lib/python3.8/site-packages/airflow/example_dags/plugins/event_listener.py
[2023-09-14T17:30:52.456+0100] {processor.py:841} WARNING - No viable dags retrieved from /home/joestar/Documents/projects/airflow_etl/airflow_env/lib/python3.8/site-packages/airflow/example_dags/plugins/event_listener.py
[2023-09-14T17:30:52.465+0100] {processor.py:179} INFO - Processing /home/joestar/Documents/projects/airflow_etl/airflow_env/lib/python3.8/site-packages/airflow/example_dags/plugins/event_listener.py took 0.015 seconds
[2023-09-14T17:31:40.585+0100] {processor.py:157} INFO - Started process (PID=30549) to work on /home/joestar/Documents/projects/airflow_etl/airflow_env/lib/python3.8/site-packages/airflow/example_dags/plugins/event_listener.py
[2023-09-14T17:31:40.586+0100] {processor.py:829} INFO - Processing file /home/joestar/Documents/projects/airflow_etl/airflow_env/lib/python3.8/site-packages/airflow/example_dags/plugins/event_listener.py for tasks to queue
[2023-09-14T17:31:40.587+0100] {logging_mixin.py:151} INFO - [2023-09-14T17:31:40.587+0100] {dagbag.py:539} INFO - Filling up the DagBag from /home/joestar/Documents/projects/airflow_etl/airflow_env/lib/python3.8/site-packages/airflow/example_dags/plugins/event_listener.py
[2023-09-14T17:31:40.590+0100] {processor.py:841} WARNING - No viable dags retrieved from /home/joestar/Documents/projects/airflow_etl/airflow_env/lib/python3.8/site-packages/airflow/example_dags/plugins/event_listener.py
[2023-09-14T17:31:40.600+0100] {processor.py:179} INFO - Processing /home/joestar/Documents/projects/airflow_etl/airflow_env/lib/python3.8/site-packages/airflow/example_dags/plugins/event_listener.py took 0.017 seconds
[2023-09-14T17:32:33.306+0100] {processor.py:157} INFO - Started process (PID=30786) to work on /home/joestar/Documents/projects/airflow_etl/airflow_env/lib/python3.8/site-packages/airflow/example_dags/plugins/event_listener.py
[2023-09-14T17:32:33.307+0100] {processor.py:829} INFO - Processing file /home/joestar/Documents/projects/airflow_etl/airflow_env/lib/python3.8/site-packages/airflow/example_dags/plugins/event_listener.py for tasks to queue
[2023-09-14T17:32:33.308+0100] {logging_mixin.py:151} INFO - [2023-09-14T17:32:33.308+0100] {dagbag.py:539} INFO - Filling up the DagBag from /home/joestar/Documents/projects/airflow_etl/airflow_env/lib/python3.8/site-packages/airflow/example_dags/plugins/event_listener.py
[2023-09-14T17:32:33.310+0100] {processor.py:841} WARNING - No viable dags retrieved from /home/joestar/Documents/projects/airflow_etl/airflow_env/lib/python3.8/site-packages/airflow/example_dags/plugins/event_listener.py
[2023-09-14T17:32:33.321+0100] {processor.py:179} INFO - Processing /home/joestar/Documents/projects/airflow_etl/airflow_env/lib/python3.8/site-packages/airflow/example_dags/plugins/event_listener.py took 0.018 seconds
[2023-09-14T17:33:25.641+0100] {processor.py:157} INFO - Started process (PID=31024) to work on /home/joestar/Documents/projects/airflow_etl/airflow_env/lib/python3.8/site-packages/airflow/example_dags/plugins/event_listener.py
[2023-09-14T17:33:25.642+0100] {processor.py:829} INFO - Processing file /home/joestar/Documents/projects/airflow_etl/airflow_env/lib/python3.8/site-packages/airflow/example_dags/plugins/event_listener.py for tasks to queue
[2023-09-14T17:33:25.643+0100] {logging_mixin.py:151} INFO - [2023-09-14T17:33:25.642+0100] {dagbag.py:539} INFO - Filling up the DagBag from /home/joestar/Documents/projects/airflow_etl/airflow_env/lib/python3.8/site-packages/airflow/example_dags/plugins/event_listener.py
[2023-09-14T17:33:25.645+0100] {processor.py:841} WARNING - No viable dags retrieved from /home/joestar/Documents/projects/airflow_etl/airflow_env/lib/python3.8/site-packages/airflow/example_dags/plugins/event_listener.py
[2023-09-14T17:33:25.657+0100] {processor.py:179} INFO - Processing /home/joestar/Documents/projects/airflow_etl/airflow_env/lib/python3.8/site-packages/airflow/example_dags/plugins/event_listener.py took 0.020 seconds
[2023-09-14T17:34:18.656+0100] {processor.py:157} INFO - Started process (PID=31269) to work on /home/joestar/Documents/projects/airflow_etl/airflow_env/lib/python3.8/site-packages/airflow/example_dags/plugins/event_listener.py
[2023-09-14T17:34:18.657+0100] {processor.py:829} INFO - Processing file /home/joestar/Documents/projects/airflow_etl/airflow_env/lib/python3.8/site-packages/airflow/example_dags/plugins/event_listener.py for tasks to queue
[2023-09-14T17:34:18.658+0100] {logging_mixin.py:151} INFO - [2023-09-14T17:34:18.658+0100] {dagbag.py:539} INFO - Filling up the DagBag from /home/joestar/Documents/projects/airflow_etl/airflow_env/lib/python3.8/site-packages/airflow/example_dags/plugins/event_listener.py
[2023-09-14T17:34:18.661+0100] {processor.py:841} WARNING - No viable dags retrieved from /home/joestar/Documents/projects/airflow_etl/airflow_env/lib/python3.8/site-packages/airflow/example_dags/plugins/event_listener.py
[2023-09-14T17:34:18.673+0100] {processor.py:179} INFO - Processing /home/joestar/Documents/projects/airflow_etl/airflow_env/lib/python3.8/site-packages/airflow/example_dags/plugins/event_listener.py took 0.020 seconds
[2023-09-14T17:34:54.046+0100] {processor.py:157} INFO - Started process (PID=31421) to work on /home/joestar/Documents/projects/airflow_etl/airflow_env/lib/python3.8/site-packages/airflow/example_dags/plugins/event_listener.py
[2023-09-14T17:34:54.046+0100] {processor.py:829} INFO - Processing file /home/joestar/Documents/projects/airflow_etl/airflow_env/lib/python3.8/site-packages/airflow/example_dags/plugins/event_listener.py for tasks to queue
[2023-09-14T17:34:54.047+0100] {logging_mixin.py:151} INFO - [2023-09-14T17:34:54.047+0100] {dagbag.py:539} INFO - Filling up the DagBag from /home/joestar/Documents/projects/airflow_etl/airflow_env/lib/python3.8/site-packages/airflow/example_dags/plugins/event_listener.py
[2023-09-14T17:34:54.050+0100] {processor.py:841} WARNING - No viable dags retrieved from /home/joestar/Documents/projects/airflow_etl/airflow_env/lib/python3.8/site-packages/airflow/example_dags/plugins/event_listener.py
[2023-09-14T17:34:54.059+0100] {processor.py:179} INFO - Processing /home/joestar/Documents/projects/airflow_etl/airflow_env/lib/python3.8/site-packages/airflow/example_dags/plugins/event_listener.py took 0.016 seconds
[2023-09-14T17:35:43.610+0100] {processor.py:157} INFO - Started process (PID=31661) to work on /home/joestar/Documents/projects/airflow_etl/airflow_env/lib/python3.8/site-packages/airflow/example_dags/plugins/event_listener.py
[2023-09-14T17:35:43.611+0100] {processor.py:829} INFO - Processing file /home/joestar/Documents/projects/airflow_etl/airflow_env/lib/python3.8/site-packages/airflow/example_dags/plugins/event_listener.py for tasks to queue
[2023-09-14T17:35:43.612+0100] {logging_mixin.py:151} INFO - [2023-09-14T17:35:43.611+0100] {dagbag.py:539} INFO - Filling up the DagBag from /home/joestar/Documents/projects/airflow_etl/airflow_env/lib/python3.8/site-packages/airflow/example_dags/plugins/event_listener.py
[2023-09-14T17:35:43.615+0100] {processor.py:841} WARNING - No viable dags retrieved from /home/joestar/Documents/projects/airflow_etl/airflow_env/lib/python3.8/site-packages/airflow/example_dags/plugins/event_listener.py
[2023-09-14T17:35:43.627+0100] {processor.py:179} INFO - Processing /home/joestar/Documents/projects/airflow_etl/airflow_env/lib/python3.8/site-packages/airflow/example_dags/plugins/event_listener.py took 0.021 seconds
[2023-09-14T17:36:36.479+0100] {processor.py:157} INFO - Started process (PID=31899) to work on /home/joestar/Documents/projects/airflow_etl/airflow_env/lib/python3.8/site-packages/airflow/example_dags/plugins/event_listener.py
[2023-09-14T17:36:36.480+0100] {processor.py:829} INFO - Processing file /home/joestar/Documents/projects/airflow_etl/airflow_env/lib/python3.8/site-packages/airflow/example_dags/plugins/event_listener.py for tasks to queue
[2023-09-14T17:36:36.481+0100] {logging_mixin.py:151} INFO - [2023-09-14T17:36:36.481+0100] {dagbag.py:539} INFO - Filling up the DagBag from /home/joestar/Documents/projects/airflow_etl/airflow_env/lib/python3.8/site-packages/airflow/example_dags/plugins/event_listener.py
[2023-09-14T17:36:36.484+0100] {processor.py:841} WARNING - No viable dags retrieved from /home/joestar/Documents/projects/airflow_etl/airflow_env/lib/python3.8/site-packages/airflow/example_dags/plugins/event_listener.py
[2023-09-14T17:36:36.495+0100] {processor.py:179} INFO - Processing /home/joestar/Documents/projects/airflow_etl/airflow_env/lib/python3.8/site-packages/airflow/example_dags/plugins/event_listener.py took 0.018 seconds
[2023-09-14T17:37:31.118+0100] {processor.py:157} INFO - Started process (PID=32164) to work on /home/joestar/Documents/projects/airflow_etl/airflow_env/lib/python3.8/site-packages/airflow/example_dags/plugins/event_listener.py
[2023-09-14T17:37:31.119+0100] {processor.py:829} INFO - Processing file /home/joestar/Documents/projects/airflow_etl/airflow_env/lib/python3.8/site-packages/airflow/example_dags/plugins/event_listener.py for tasks to queue
[2023-09-14T17:37:31.119+0100] {logging_mixin.py:151} INFO - [2023-09-14T17:37:31.119+0100] {dagbag.py:539} INFO - Filling up the DagBag from /home/joestar/Documents/projects/airflow_etl/airflow_env/lib/python3.8/site-packages/airflow/example_dags/plugins/event_listener.py
[2023-09-14T17:37:31.122+0100] {processor.py:841} WARNING - No viable dags retrieved from /home/joestar/Documents/projects/airflow_etl/airflow_env/lib/python3.8/site-packages/airflow/example_dags/plugins/event_listener.py
[2023-09-14T17:37:31.130+0100] {processor.py:179} INFO - Processing /home/joestar/Documents/projects/airflow_etl/airflow_env/lib/python3.8/site-packages/airflow/example_dags/plugins/event_listener.py took 0.016 seconds
[2023-09-14T17:38:08.448+0100] {processor.py:157} INFO - Started process (PID=32472) to work on /home/joestar/Documents/projects/airflow_etl/airflow_env/lib/python3.8/site-packages/airflow/example_dags/plugins/event_listener.py
[2023-09-14T17:38:08.450+0100] {processor.py:829} INFO - Processing file /home/joestar/Documents/projects/airflow_etl/airflow_env/lib/python3.8/site-packages/airflow/example_dags/plugins/event_listener.py for tasks to queue
[2023-09-14T17:38:08.452+0100] {logging_mixin.py:151} INFO - [2023-09-14T17:38:08.452+0100] {dagbag.py:539} INFO - Filling up the DagBag from /home/joestar/Documents/projects/airflow_etl/airflow_env/lib/python3.8/site-packages/airflow/example_dags/plugins/event_listener.py
[2023-09-14T17:38:08.456+0100] {processor.py:841} WARNING - No viable dags retrieved from /home/joestar/Documents/projects/airflow_etl/airflow_env/lib/python3.8/site-packages/airflow/example_dags/plugins/event_listener.py
[2023-09-14T17:38:08.472+0100] {processor.py:179} INFO - Processing /home/joestar/Documents/projects/airflow_etl/airflow_env/lib/python3.8/site-packages/airflow/example_dags/plugins/event_listener.py took 0.029 seconds
[2023-09-14T17:38:47.755+0100] {processor.py:157} INFO - Started process (PID=32784) to work on /home/joestar/Documents/projects/airflow_etl/airflow_env/lib/python3.8/site-packages/airflow/example_dags/plugins/event_listener.py
[2023-09-14T17:38:47.757+0100] {processor.py:829} INFO - Processing file /home/joestar/Documents/projects/airflow_etl/airflow_env/lib/python3.8/site-packages/airflow/example_dags/plugins/event_listener.py for tasks to queue
[2023-09-14T17:38:47.758+0100] {logging_mixin.py:151} INFO - [2023-09-14T17:38:47.757+0100] {dagbag.py:539} INFO - Filling up the DagBag from /home/joestar/Documents/projects/airflow_etl/airflow_env/lib/python3.8/site-packages/airflow/example_dags/plugins/event_listener.py
[2023-09-14T17:38:47.761+0100] {processor.py:841} WARNING - No viable dags retrieved from /home/joestar/Documents/projects/airflow_etl/airflow_env/lib/python3.8/site-packages/airflow/example_dags/plugins/event_listener.py
[2023-09-14T17:38:47.774+0100] {processor.py:179} INFO - Processing /home/joestar/Documents/projects/airflow_etl/airflow_env/lib/python3.8/site-packages/airflow/example_dags/plugins/event_listener.py took 0.022 seconds
[2023-09-14T17:39:34.402+0100] {processor.py:157} INFO - Started process (PID=33085) to work on /home/joestar/Documents/projects/airflow_etl/airflow_env/lib/python3.8/site-packages/airflow/example_dags/plugins/event_listener.py
[2023-09-14T17:39:34.404+0100] {processor.py:829} INFO - Processing file /home/joestar/Documents/projects/airflow_etl/airflow_env/lib/python3.8/site-packages/airflow/example_dags/plugins/event_listener.py for tasks to queue
[2023-09-14T17:39:34.406+0100] {logging_mixin.py:151} INFO - [2023-09-14T17:39:34.405+0100] {dagbag.py:539} INFO - Filling up the DagBag from /home/joestar/Documents/projects/airflow_etl/airflow_env/lib/python3.8/site-packages/airflow/example_dags/plugins/event_listener.py
[2023-09-14T17:39:34.410+0100] {processor.py:841} WARNING - No viable dags retrieved from /home/joestar/Documents/projects/airflow_etl/airflow_env/lib/python3.8/site-packages/airflow/example_dags/plugins/event_listener.py
[2023-09-14T17:39:34.421+0100] {processor.py:179} INFO - Processing /home/joestar/Documents/projects/airflow_etl/airflow_env/lib/python3.8/site-packages/airflow/example_dags/plugins/event_listener.py took 0.023 seconds
[2023-09-14T17:40:15.290+0100] {processor.py:157} INFO - Started process (PID=33318) to work on /home/joestar/Documents/projects/airflow_etl/airflow_env/lib/python3.8/site-packages/airflow/example_dags/plugins/event_listener.py
[2023-09-14T17:40:15.291+0100] {processor.py:829} INFO - Processing file /home/joestar/Documents/projects/airflow_etl/airflow_env/lib/python3.8/site-packages/airflow/example_dags/plugins/event_listener.py for tasks to queue
[2023-09-14T17:40:15.292+0100] {logging_mixin.py:151} INFO - [2023-09-14T17:40:15.292+0100] {dagbag.py:539} INFO - Filling up the DagBag from /home/joestar/Documents/projects/airflow_etl/airflow_env/lib/python3.8/site-packages/airflow/example_dags/plugins/event_listener.py
[2023-09-14T17:40:15.295+0100] {processor.py:841} WARNING - No viable dags retrieved from /home/joestar/Documents/projects/airflow_etl/airflow_env/lib/python3.8/site-packages/airflow/example_dags/plugins/event_listener.py
[2023-09-14T17:40:15.304+0100] {processor.py:179} INFO - Processing /home/joestar/Documents/projects/airflow_etl/airflow_env/lib/python3.8/site-packages/airflow/example_dags/plugins/event_listener.py took 0.018 seconds
[2023-09-14T17:40:55.372+0100] {processor.py:157} INFO - Started process (PID=33568) to work on /home/joestar/Documents/projects/airflow_etl/airflow_env/lib/python3.8/site-packages/airflow/example_dags/plugins/event_listener.py
[2023-09-14T17:40:55.373+0100] {processor.py:829} INFO - Processing file /home/joestar/Documents/projects/airflow_etl/airflow_env/lib/python3.8/site-packages/airflow/example_dags/plugins/event_listener.py for tasks to queue
[2023-09-14T17:40:55.374+0100] {logging_mixin.py:151} INFO - [2023-09-14T17:40:55.374+0100] {dagbag.py:539} INFO - Filling up the DagBag from /home/joestar/Documents/projects/airflow_etl/airflow_env/lib/python3.8/site-packages/airflow/example_dags/plugins/event_listener.py
[2023-09-14T17:40:55.376+0100] {processor.py:841} WARNING - No viable dags retrieved from /home/joestar/Documents/projects/airflow_etl/airflow_env/lib/python3.8/site-packages/airflow/example_dags/plugins/event_listener.py
[2023-09-14T17:40:55.385+0100] {processor.py:179} INFO - Processing /home/joestar/Documents/projects/airflow_etl/airflow_env/lib/python3.8/site-packages/airflow/example_dags/plugins/event_listener.py took 0.016 seconds
[2023-09-14T17:41:47.172+0100] {processor.py:157} INFO - Started process (PID=33932) to work on /home/joestar/Documents/projects/airflow_etl/airflow_env/lib/python3.8/site-packages/airflow/example_dags/plugins/event_listener.py
[2023-09-14T17:41:47.173+0100] {processor.py:829} INFO - Processing file /home/joestar/Documents/projects/airflow_etl/airflow_env/lib/python3.8/site-packages/airflow/example_dags/plugins/event_listener.py for tasks to queue
[2023-09-14T17:41:47.174+0100] {logging_mixin.py:151} INFO - [2023-09-14T17:41:47.174+0100] {dagbag.py:539} INFO - Filling up the DagBag from /home/joestar/Documents/projects/airflow_etl/airflow_env/lib/python3.8/site-packages/airflow/example_dags/plugins/event_listener.py
[2023-09-14T17:41:47.178+0100] {processor.py:841} WARNING - No viable dags retrieved from /home/joestar/Documents/projects/airflow_etl/airflow_env/lib/python3.8/site-packages/airflow/example_dags/plugins/event_listener.py
[2023-09-14T17:41:47.188+0100] {processor.py:179} INFO - Processing /home/joestar/Documents/projects/airflow_etl/airflow_env/lib/python3.8/site-packages/airflow/example_dags/plugins/event_listener.py took 0.019 seconds
[2023-09-14T17:42:31.228+0100] {processor.py:157} INFO - Started process (PID=34119) to work on /home/joestar/Documents/projects/airflow_etl/airflow_env/lib/python3.8/site-packages/airflow/example_dags/plugins/event_listener.py
[2023-09-14T17:42:31.229+0100] {processor.py:829} INFO - Processing file /home/joestar/Documents/projects/airflow_etl/airflow_env/lib/python3.8/site-packages/airflow/example_dags/plugins/event_listener.py for tasks to queue
[2023-09-14T17:42:31.230+0100] {logging_mixin.py:151} INFO - [2023-09-14T17:42:31.229+0100] {dagbag.py:539} INFO - Filling up the DagBag from /home/joestar/Documents/projects/airflow_etl/airflow_env/lib/python3.8/site-packages/airflow/example_dags/plugins/event_listener.py
[2023-09-14T17:42:31.232+0100] {processor.py:841} WARNING - No viable dags retrieved from /home/joestar/Documents/projects/airflow_etl/airflow_env/lib/python3.8/site-packages/airflow/example_dags/plugins/event_listener.py
[2023-09-14T17:42:31.244+0100] {processor.py:179} INFO - Processing /home/joestar/Documents/projects/airflow_etl/airflow_env/lib/python3.8/site-packages/airflow/example_dags/plugins/event_listener.py took 0.020 seconds
[2023-09-14T17:43:13.512+0100] {processor.py:157} INFO - Started process (PID=34308) to work on /home/joestar/Documents/projects/airflow_etl/airflow_env/lib/python3.8/site-packages/airflow/example_dags/plugins/event_listener.py
[2023-09-14T17:43:13.513+0100] {processor.py:829} INFO - Processing file /home/joestar/Documents/projects/airflow_etl/airflow_env/lib/python3.8/site-packages/airflow/example_dags/plugins/event_listener.py for tasks to queue
[2023-09-14T17:43:13.514+0100] {logging_mixin.py:151} INFO - [2023-09-14T17:43:13.513+0100] {dagbag.py:539} INFO - Filling up the DagBag from /home/joestar/Documents/projects/airflow_etl/airflow_env/lib/python3.8/site-packages/airflow/example_dags/plugins/event_listener.py
[2023-09-14T17:43:13.517+0100] {processor.py:841} WARNING - No viable dags retrieved from /home/joestar/Documents/projects/airflow_etl/airflow_env/lib/python3.8/site-packages/airflow/example_dags/plugins/event_listener.py
[2023-09-14T17:43:13.528+0100] {processor.py:179} INFO - Processing /home/joestar/Documents/projects/airflow_etl/airflow_env/lib/python3.8/site-packages/airflow/example_dags/plugins/event_listener.py took 0.020 seconds
[2023-09-14T17:43:51.289+0100] {processor.py:157} INFO - Started process (PID=34502) to work on /home/joestar/Documents/projects/airflow_etl/airflow_env/lib/python3.8/site-packages/airflow/example_dags/plugins/event_listener.py
[2023-09-14T17:43:51.291+0100] {processor.py:829} INFO - Processing file /home/joestar/Documents/projects/airflow_etl/airflow_env/lib/python3.8/site-packages/airflow/example_dags/plugins/event_listener.py for tasks to queue
[2023-09-14T17:43:51.292+0100] {logging_mixin.py:151} INFO - [2023-09-14T17:43:51.292+0100] {dagbag.py:539} INFO - Filling up the DagBag from /home/joestar/Documents/projects/airflow_etl/airflow_env/lib/python3.8/site-packages/airflow/example_dags/plugins/event_listener.py
[2023-09-14T17:43:51.296+0100] {processor.py:841} WARNING - No viable dags retrieved from /home/joestar/Documents/projects/airflow_etl/airflow_env/lib/python3.8/site-packages/airflow/example_dags/plugins/event_listener.py
[2023-09-14T17:43:51.314+0100] {processor.py:179} INFO - Processing /home/joestar/Documents/projects/airflow_etl/airflow_env/lib/python3.8/site-packages/airflow/example_dags/plugins/event_listener.py took 0.029 seconds
[2023-09-14T17:44:32.170+0100] {processor.py:157} INFO - Started process (PID=34713) to work on /home/joestar/Documents/projects/airflow_etl/airflow_env/lib/python3.8/site-packages/airflow/example_dags/plugins/event_listener.py
[2023-09-14T17:44:32.171+0100] {processor.py:829} INFO - Processing file /home/joestar/Documents/projects/airflow_etl/airflow_env/lib/python3.8/site-packages/airflow/example_dags/plugins/event_listener.py for tasks to queue
[2023-09-14T17:44:32.172+0100] {logging_mixin.py:151} INFO - [2023-09-14T17:44:32.171+0100] {dagbag.py:539} INFO - Filling up the DagBag from /home/joestar/Documents/projects/airflow_etl/airflow_env/lib/python3.8/site-packages/airflow/example_dags/plugins/event_listener.py
[2023-09-14T17:44:32.174+0100] {processor.py:841} WARNING - No viable dags retrieved from /home/joestar/Documents/projects/airflow_etl/airflow_env/lib/python3.8/site-packages/airflow/example_dags/plugins/event_listener.py
[2023-09-14T17:44:32.184+0100] {processor.py:179} INFO - Processing /home/joestar/Documents/projects/airflow_etl/airflow_env/lib/python3.8/site-packages/airflow/example_dags/plugins/event_listener.py took 0.018 seconds
[2023-09-14T17:45:13.001+0100] {processor.py:157} INFO - Started process (PID=34891) to work on /home/joestar/Documents/projects/airflow_etl/airflow_env/lib/python3.8/site-packages/airflow/example_dags/plugins/event_listener.py
[2023-09-14T17:45:13.003+0100] {processor.py:829} INFO - Processing file /home/joestar/Documents/projects/airflow_etl/airflow_env/lib/python3.8/site-packages/airflow/example_dags/plugins/event_listener.py for tasks to queue
[2023-09-14T17:45:13.004+0100] {logging_mixin.py:151} INFO - [2023-09-14T17:45:13.003+0100] {dagbag.py:539} INFO - Filling up the DagBag from /home/joestar/Documents/projects/airflow_etl/airflow_env/lib/python3.8/site-packages/airflow/example_dags/plugins/event_listener.py
[2023-09-14T17:45:13.007+0100] {processor.py:841} WARNING - No viable dags retrieved from /home/joestar/Documents/projects/airflow_etl/airflow_env/lib/python3.8/site-packages/airflow/example_dags/plugins/event_listener.py
[2023-09-14T17:45:13.016+0100] {processor.py:179} INFO - Processing /home/joestar/Documents/projects/airflow_etl/airflow_env/lib/python3.8/site-packages/airflow/example_dags/plugins/event_listener.py took 0.019 seconds
[2023-09-14T17:45:55.043+0100] {processor.py:157} INFO - Started process (PID=35054) to work on /home/joestar/Documents/projects/airflow_etl/airflow_env/lib/python3.8/site-packages/airflow/example_dags/plugins/event_listener.py
[2023-09-14T17:45:55.044+0100] {processor.py:829} INFO - Processing file /home/joestar/Documents/projects/airflow_etl/airflow_env/lib/python3.8/site-packages/airflow/example_dags/plugins/event_listener.py for tasks to queue
[2023-09-14T17:45:55.045+0100] {logging_mixin.py:151} INFO - [2023-09-14T17:45:55.045+0100] {dagbag.py:539} INFO - Filling up the DagBag from /home/joestar/Documents/projects/airflow_etl/airflow_env/lib/python3.8/site-packages/airflow/example_dags/plugins/event_listener.py
[2023-09-14T17:45:55.049+0100] {processor.py:841} WARNING - No viable dags retrieved from /home/joestar/Documents/projects/airflow_etl/airflow_env/lib/python3.8/site-packages/airflow/example_dags/plugins/event_listener.py
[2023-09-14T17:45:55.061+0100] {processor.py:179} INFO - Processing /home/joestar/Documents/projects/airflow_etl/airflow_env/lib/python3.8/site-packages/airflow/example_dags/plugins/event_listener.py took 0.023 seconds
[2023-09-14T17:46:33.867+0100] {processor.py:157} INFO - Started process (PID=35234) to work on /home/joestar/Documents/projects/airflow_etl/airflow_env/lib/python3.8/site-packages/airflow/example_dags/plugins/event_listener.py
[2023-09-14T17:46:33.868+0100] {processor.py:829} INFO - Processing file /home/joestar/Documents/projects/airflow_etl/airflow_env/lib/python3.8/site-packages/airflow/example_dags/plugins/event_listener.py for tasks to queue
[2023-09-14T17:46:33.869+0100] {logging_mixin.py:151} INFO - [2023-09-14T17:46:33.869+0100] {dagbag.py:539} INFO - Filling up the DagBag from /home/joestar/Documents/projects/airflow_etl/airflow_env/lib/python3.8/site-packages/airflow/example_dags/plugins/event_listener.py
[2023-09-14T17:46:33.872+0100] {processor.py:841} WARNING - No viable dags retrieved from /home/joestar/Documents/projects/airflow_etl/airflow_env/lib/python3.8/site-packages/airflow/example_dags/plugins/event_listener.py
[2023-09-14T17:46:33.882+0100] {processor.py:179} INFO - Processing /home/joestar/Documents/projects/airflow_etl/airflow_env/lib/python3.8/site-packages/airflow/example_dags/plugins/event_listener.py took 0.018 seconds
[2023-09-14T17:47:24.683+0100] {processor.py:157} INFO - Started process (PID=35442) to work on /home/joestar/Documents/projects/airflow_etl/airflow_env/lib/python3.8/site-packages/airflow/example_dags/plugins/event_listener.py
[2023-09-14T17:47:24.684+0100] {processor.py:829} INFO - Processing file /home/joestar/Documents/projects/airflow_etl/airflow_env/lib/python3.8/site-packages/airflow/example_dags/plugins/event_listener.py for tasks to queue
[2023-09-14T17:47:24.687+0100] {logging_mixin.py:151} INFO - [2023-09-14T17:47:24.685+0100] {dagbag.py:539} INFO - Filling up the DagBag from /home/joestar/Documents/projects/airflow_etl/airflow_env/lib/python3.8/site-packages/airflow/example_dags/plugins/event_listener.py
[2023-09-14T17:47:24.692+0100] {processor.py:841} WARNING - No viable dags retrieved from /home/joestar/Documents/projects/airflow_etl/airflow_env/lib/python3.8/site-packages/airflow/example_dags/plugins/event_listener.py
[2023-09-14T17:47:24.714+0100] {processor.py:179} INFO - Processing /home/joestar/Documents/projects/airflow_etl/airflow_env/lib/python3.8/site-packages/airflow/example_dags/plugins/event_listener.py took 0.037 seconds
[2023-09-14T17:48:40.127+0100] {processor.py:157} INFO - Started process (PID=35730) to work on /home/joestar/Documents/projects/airflow_etl/airflow_env/lib/python3.8/site-packages/airflow/example_dags/plugins/event_listener.py
[2023-09-14T17:48:40.128+0100] {processor.py:829} INFO - Processing file /home/joestar/Documents/projects/airflow_etl/airflow_env/lib/python3.8/site-packages/airflow/example_dags/plugins/event_listener.py for tasks to queue
[2023-09-14T17:48:40.130+0100] {logging_mixin.py:151} INFO - [2023-09-14T17:48:40.129+0100] {dagbag.py:539} INFO - Filling up the DagBag from /home/joestar/Documents/projects/airflow_etl/airflow_env/lib/python3.8/site-packages/airflow/example_dags/plugins/event_listener.py
[2023-09-14T17:48:40.133+0100] {processor.py:841} WARNING - No viable dags retrieved from /home/joestar/Documents/projects/airflow_etl/airflow_env/lib/python3.8/site-packages/airflow/example_dags/plugins/event_listener.py
[2023-09-14T17:48:40.147+0100] {processor.py:179} INFO - Processing /home/joestar/Documents/projects/airflow_etl/airflow_env/lib/python3.8/site-packages/airflow/example_dags/plugins/event_listener.py took 0.024 seconds
[2023-09-14T17:49:29.815+0100] {processor.py:157} INFO - Started process (PID=35940) to work on /home/joestar/Documents/projects/airflow_etl/airflow_env/lib/python3.8/site-packages/airflow/example_dags/plugins/event_listener.py
[2023-09-14T17:49:29.816+0100] {processor.py:829} INFO - Processing file /home/joestar/Documents/projects/airflow_etl/airflow_env/lib/python3.8/site-packages/airflow/example_dags/plugins/event_listener.py for tasks to queue
[2023-09-14T17:49:29.818+0100] {logging_mixin.py:151} INFO - [2023-09-14T17:49:29.817+0100] {dagbag.py:539} INFO - Filling up the DagBag from /home/joestar/Documents/projects/airflow_etl/airflow_env/lib/python3.8/site-packages/airflow/example_dags/plugins/event_listener.py
[2023-09-14T17:49:29.820+0100] {processor.py:841} WARNING - No viable dags retrieved from /home/joestar/Documents/projects/airflow_etl/airflow_env/lib/python3.8/site-packages/airflow/example_dags/plugins/event_listener.py
[2023-09-14T17:49:29.832+0100] {processor.py:179} INFO - Processing /home/joestar/Documents/projects/airflow_etl/airflow_env/lib/python3.8/site-packages/airflow/example_dags/plugins/event_listener.py took 0.022 seconds
[2023-09-14T17:50:20.806+0100] {processor.py:157} INFO - Started process (PID=36161) to work on /home/joestar/Documents/projects/airflow_etl/airflow_env/lib/python3.8/site-packages/airflow/example_dags/plugins/event_listener.py
[2023-09-14T17:50:20.807+0100] {processor.py:829} INFO - Processing file /home/joestar/Documents/projects/airflow_etl/airflow_env/lib/python3.8/site-packages/airflow/example_dags/plugins/event_listener.py for tasks to queue
[2023-09-14T17:50:20.809+0100] {logging_mixin.py:151} INFO - [2023-09-14T17:50:20.808+0100] {dagbag.py:539} INFO - Filling up the DagBag from /home/joestar/Documents/projects/airflow_etl/airflow_env/lib/python3.8/site-packages/airflow/example_dags/plugins/event_listener.py
[2023-09-14T17:50:20.812+0100] {processor.py:841} WARNING - No viable dags retrieved from /home/joestar/Documents/projects/airflow_etl/airflow_env/lib/python3.8/site-packages/airflow/example_dags/plugins/event_listener.py
[2023-09-14T17:50:20.823+0100] {processor.py:179} INFO - Processing /home/joestar/Documents/projects/airflow_etl/airflow_env/lib/python3.8/site-packages/airflow/example_dags/plugins/event_listener.py took 0.019 seconds
[2023-09-14T17:51:01.266+0100] {processor.py:157} INFO - Started process (PID=36335) to work on /home/joestar/Documents/projects/airflow_etl/airflow_env/lib/python3.8/site-packages/airflow/example_dags/plugins/event_listener.py
[2023-09-14T17:51:01.267+0100] {processor.py:829} INFO - Processing file /home/joestar/Documents/projects/airflow_etl/airflow_env/lib/python3.8/site-packages/airflow/example_dags/plugins/event_listener.py for tasks to queue
[2023-09-14T17:51:01.268+0100] {logging_mixin.py:151} INFO - [2023-09-14T17:51:01.268+0100] {dagbag.py:539} INFO - Filling up the DagBag from /home/joestar/Documents/projects/airflow_etl/airflow_env/lib/python3.8/site-packages/airflow/example_dags/plugins/event_listener.py
[2023-09-14T17:51:01.271+0100] {processor.py:841} WARNING - No viable dags retrieved from /home/joestar/Documents/projects/airflow_etl/airflow_env/lib/python3.8/site-packages/airflow/example_dags/plugins/event_listener.py
[2023-09-14T17:51:01.282+0100] {processor.py:179} INFO - Processing /home/joestar/Documents/projects/airflow_etl/airflow_env/lib/python3.8/site-packages/airflow/example_dags/plugins/event_listener.py took 0.019 seconds
[2023-09-14T17:51:40.813+0100] {processor.py:157} INFO - Started process (PID=36526) to work on /home/joestar/Documents/projects/airflow_etl/airflow_env/lib/python3.8/site-packages/airflow/example_dags/plugins/event_listener.py
[2023-09-14T17:51:40.814+0100] {processor.py:829} INFO - Processing file /home/joestar/Documents/projects/airflow_etl/airflow_env/lib/python3.8/site-packages/airflow/example_dags/plugins/event_listener.py for tasks to queue
[2023-09-14T17:51:40.815+0100] {logging_mixin.py:151} INFO - [2023-09-14T17:51:40.815+0100] {dagbag.py:539} INFO - Filling up the DagBag from /home/joestar/Documents/projects/airflow_etl/airflow_env/lib/python3.8/site-packages/airflow/example_dags/plugins/event_listener.py
[2023-09-14T17:51:40.817+0100] {processor.py:841} WARNING - No viable dags retrieved from /home/joestar/Documents/projects/airflow_etl/airflow_env/lib/python3.8/site-packages/airflow/example_dags/plugins/event_listener.py
[2023-09-14T17:51:40.827+0100] {processor.py:179} INFO - Processing /home/joestar/Documents/projects/airflow_etl/airflow_env/lib/python3.8/site-packages/airflow/example_dags/plugins/event_listener.py took 0.017 seconds
[2023-09-14T17:52:21.548+0100] {processor.py:157} INFO - Started process (PID=36711) to work on /home/joestar/Documents/projects/airflow_etl/airflow_env/lib/python3.8/site-packages/airflow/example_dags/plugins/event_listener.py
[2023-09-14T17:52:21.548+0100] {processor.py:829} INFO - Processing file /home/joestar/Documents/projects/airflow_etl/airflow_env/lib/python3.8/site-packages/airflow/example_dags/plugins/event_listener.py for tasks to queue
[2023-09-14T17:52:21.549+0100] {logging_mixin.py:151} INFO - [2023-09-14T17:52:21.549+0100] {dagbag.py:539} INFO - Filling up the DagBag from /home/joestar/Documents/projects/airflow_etl/airflow_env/lib/python3.8/site-packages/airflow/example_dags/plugins/event_listener.py
[2023-09-14T17:52:21.552+0100] {processor.py:841} WARNING - No viable dags retrieved from /home/joestar/Documents/projects/airflow_etl/airflow_env/lib/python3.8/site-packages/airflow/example_dags/plugins/event_listener.py
[2023-09-14T17:52:21.560+0100] {processor.py:179} INFO - Processing /home/joestar/Documents/projects/airflow_etl/airflow_env/lib/python3.8/site-packages/airflow/example_dags/plugins/event_listener.py took 0.016 seconds
[2023-09-14T17:53:00.249+0100] {processor.py:157} INFO - Started process (PID=36868) to work on /home/joestar/Documents/projects/airflow_etl/airflow_env/lib/python3.8/site-packages/airflow/example_dags/plugins/event_listener.py
[2023-09-14T17:53:00.250+0100] {processor.py:829} INFO - Processing file /home/joestar/Documents/projects/airflow_etl/airflow_env/lib/python3.8/site-packages/airflow/example_dags/plugins/event_listener.py for tasks to queue
[2023-09-14T17:53:00.251+0100] {logging_mixin.py:151} INFO - [2023-09-14T17:53:00.251+0100] {dagbag.py:539} INFO - Filling up the DagBag from /home/joestar/Documents/projects/airflow_etl/airflow_env/lib/python3.8/site-packages/airflow/example_dags/plugins/event_listener.py
[2023-09-14T17:53:00.254+0100] {processor.py:841} WARNING - No viable dags retrieved from /home/joestar/Documents/projects/airflow_etl/airflow_env/lib/python3.8/site-packages/airflow/example_dags/plugins/event_listener.py
[2023-09-14T17:53:00.262+0100] {processor.py:179} INFO - Processing /home/joestar/Documents/projects/airflow_etl/airflow_env/lib/python3.8/site-packages/airflow/example_dags/plugins/event_listener.py took 0.016 seconds
[2023-09-14T18:03:02.592+0100] {processor.py:157} INFO - Started process (PID=38700) to work on /home/joestar/Documents/projects/airflow_etl/airflow_env/lib/python3.8/site-packages/airflow/example_dags/plugins/event_listener.py
[2023-09-14T18:03:02.593+0100] {processor.py:829} INFO - Processing file /home/joestar/Documents/projects/airflow_etl/airflow_env/lib/python3.8/site-packages/airflow/example_dags/plugins/event_listener.py for tasks to queue
[2023-09-14T18:03:02.594+0100] {logging_mixin.py:151} INFO - [2023-09-14T18:03:02.594+0100] {dagbag.py:539} INFO - Filling up the DagBag from /home/joestar/Documents/projects/airflow_etl/airflow_env/lib/python3.8/site-packages/airflow/example_dags/plugins/event_listener.py
[2023-09-14T18:03:02.597+0100] {processor.py:841} WARNING - No viable dags retrieved from /home/joestar/Documents/projects/airflow_etl/airflow_env/lib/python3.8/site-packages/airflow/example_dags/plugins/event_listener.py
[2023-09-14T18:03:02.609+0100] {processor.py:179} INFO - Processing /home/joestar/Documents/projects/airflow_etl/airflow_env/lib/python3.8/site-packages/airflow/example_dags/plugins/event_listener.py took 0.021 seconds
[2023-09-14T18:03:55.342+0100] {processor.py:157} INFO - Started process (PID=38937) to work on /home/joestar/Documents/projects/airflow_etl/airflow_env/lib/python3.8/site-packages/airflow/example_dags/plugins/event_listener.py
[2023-09-14T18:03:55.343+0100] {processor.py:829} INFO - Processing file /home/joestar/Documents/projects/airflow_etl/airflow_env/lib/python3.8/site-packages/airflow/example_dags/plugins/event_listener.py for tasks to queue
[2023-09-14T18:03:55.344+0100] {logging_mixin.py:151} INFO - [2023-09-14T18:03:55.344+0100] {dagbag.py:539} INFO - Filling up the DagBag from /home/joestar/Documents/projects/airflow_etl/airflow_env/lib/python3.8/site-packages/airflow/example_dags/plugins/event_listener.py
[2023-09-14T18:03:55.346+0100] {processor.py:841} WARNING - No viable dags retrieved from /home/joestar/Documents/projects/airflow_etl/airflow_env/lib/python3.8/site-packages/airflow/example_dags/plugins/event_listener.py
[2023-09-14T18:03:55.356+0100] {processor.py:179} INFO - Processing /home/joestar/Documents/projects/airflow_etl/airflow_env/lib/python3.8/site-packages/airflow/example_dags/plugins/event_listener.py took 0.017 seconds
[2023-09-14T18:04:44.784+0100] {processor.py:157} INFO - Started process (PID=39165) to work on /home/joestar/Documents/projects/airflow_etl/airflow_env/lib/python3.8/site-packages/airflow/example_dags/plugins/event_listener.py
[2023-09-14T18:04:44.785+0100] {processor.py:829} INFO - Processing file /home/joestar/Documents/projects/airflow_etl/airflow_env/lib/python3.8/site-packages/airflow/example_dags/plugins/event_listener.py for tasks to queue
[2023-09-14T18:04:44.786+0100] {logging_mixin.py:151} INFO - [2023-09-14T18:04:44.785+0100] {dagbag.py:539} INFO - Filling up the DagBag from /home/joestar/Documents/projects/airflow_etl/airflow_env/lib/python3.8/site-packages/airflow/example_dags/plugins/event_listener.py
[2023-09-14T18:04:44.788+0100] {processor.py:841} WARNING - No viable dags retrieved from /home/joestar/Documents/projects/airflow_etl/airflow_env/lib/python3.8/site-packages/airflow/example_dags/plugins/event_listener.py
[2023-09-14T18:04:44.797+0100] {processor.py:179} INFO - Processing /home/joestar/Documents/projects/airflow_etl/airflow_env/lib/python3.8/site-packages/airflow/example_dags/plugins/event_listener.py took 0.015 seconds
