[2023-09-14T17:12:09.644+0100] {processor.py:157} INFO - Started process (PID=24277) to work on /home/joestar/Documents/projects/airflow_etl/airflow_env/lib/python3.8/site-packages/airflow/example_dags/plugins/listener_plugin.py
[2023-09-14T17:12:09.644+0100] {processor.py:829} INFO - Processing file /home/joestar/Documents/projects/airflow_etl/airflow_env/lib/python3.8/site-packages/airflow/example_dags/plugins/listener_plugin.py for tasks to queue
[2023-09-14T17:12:09.645+0100] {logging_mixin.py:151} INFO - [2023-09-14T17:12:09.645+0100] {dagbag.py:539} INFO - Filling up the DagBag from /home/joestar/Documents/projects/airflow_etl/airflow_env/lib/python3.8/site-packages/airflow/example_dags/plugins/listener_plugin.py
[2023-09-14T17:12:09.648+0100] {processor.py:841} WARNING - No viable dags retrieved from /home/joestar/Documents/projects/airflow_etl/airflow_env/lib/python3.8/site-packages/airflow/example_dags/plugins/listener_plugin.py
[2023-09-14T17:12:09.656+0100] {processor.py:179} INFO - Processing /home/joestar/Documents/projects/airflow_etl/airflow_env/lib/python3.8/site-packages/airflow/example_dags/plugins/listener_plugin.py took 0.016 seconds
[2023-09-14T17:13:03.793+0100] {processor.py:157} INFO - Started process (PID=24689) to work on /home/joestar/Documents/projects/airflow_etl/airflow_env/lib/python3.8/site-packages/airflow/example_dags/plugins/listener_plugin.py
[2023-09-14T17:13:03.794+0100] {processor.py:829} INFO - Processing file /home/joestar/Documents/projects/airflow_etl/airflow_env/lib/python3.8/site-packages/airflow/example_dags/plugins/listener_plugin.py for tasks to queue
[2023-09-14T17:13:03.795+0100] {logging_mixin.py:151} INFO - [2023-09-14T17:13:03.795+0100] {dagbag.py:539} INFO - Filling up the DagBag from /home/joestar/Documents/projects/airflow_etl/airflow_env/lib/python3.8/site-packages/airflow/example_dags/plugins/listener_plugin.py
[2023-09-14T17:13:03.798+0100] {processor.py:841} WARNING - No viable dags retrieved from /home/joestar/Documents/projects/airflow_etl/airflow_env/lib/python3.8/site-packages/airflow/example_dags/plugins/listener_plugin.py
[2023-09-14T17:13:03.807+0100] {processor.py:179} INFO - Processing /home/joestar/Documents/projects/airflow_etl/airflow_env/lib/python3.8/site-packages/airflow/example_dags/plugins/listener_plugin.py took 0.017 seconds
[2023-09-14T17:13:50.747+0100] {processor.py:157} INFO - Started process (PID=25023) to work on /home/joestar/Documents/projects/airflow_etl/airflow_env/lib/python3.8/site-packages/airflow/example_dags/plugins/listener_plugin.py
[2023-09-14T17:13:50.749+0100] {processor.py:829} INFO - Processing file /home/joestar/Documents/projects/airflow_etl/airflow_env/lib/python3.8/site-packages/airflow/example_dags/plugins/listener_plugin.py for tasks to queue
[2023-09-14T17:13:50.750+0100] {logging_mixin.py:151} INFO - [2023-09-14T17:13:50.749+0100] {dagbag.py:539} INFO - Filling up the DagBag from /home/joestar/Documents/projects/airflow_etl/airflow_env/lib/python3.8/site-packages/airflow/example_dags/plugins/listener_plugin.py
[2023-09-14T17:13:50.753+0100] {processor.py:841} WARNING - No viable dags retrieved from /home/joestar/Documents/projects/airflow_etl/airflow_env/lib/python3.8/site-packages/airflow/example_dags/plugins/listener_plugin.py
[2023-09-14T17:13:50.766+0100] {processor.py:179} INFO - Processing /home/joestar/Documents/projects/airflow_etl/airflow_env/lib/python3.8/site-packages/airflow/example_dags/plugins/listener_plugin.py took 0.023 seconds
[2023-09-14T17:14:37.402+0100] {processor.py:157} INFO - Started process (PID=25326) to work on /home/joestar/Documents/projects/airflow_etl/airflow_env/lib/python3.8/site-packages/airflow/example_dags/plugins/listener_plugin.py
[2023-09-14T17:14:37.404+0100] {processor.py:829} INFO - Processing file /home/joestar/Documents/projects/airflow_etl/airflow_env/lib/python3.8/site-packages/airflow/example_dags/plugins/listener_plugin.py for tasks to queue
[2023-09-14T17:14:37.407+0100] {logging_mixin.py:151} INFO - [2023-09-14T17:14:37.406+0100] {dagbag.py:539} INFO - Filling up the DagBag from /home/joestar/Documents/projects/airflow_etl/airflow_env/lib/python3.8/site-packages/airflow/example_dags/plugins/listener_plugin.py
[2023-09-14T17:14:37.413+0100] {processor.py:841} WARNING - No viable dags retrieved from /home/joestar/Documents/projects/airflow_etl/airflow_env/lib/python3.8/site-packages/airflow/example_dags/plugins/listener_plugin.py
[2023-09-14T17:14:37.432+0100] {processor.py:179} INFO - Processing /home/joestar/Documents/projects/airflow_etl/airflow_env/lib/python3.8/site-packages/airflow/example_dags/plugins/listener_plugin.py took 0.042 seconds
[2023-09-14T17:15:18.743+0100] {processor.py:157} INFO - Started process (PID=25887) to work on /home/joestar/Documents/projects/airflow_etl/airflow_env/lib/python3.8/site-packages/airflow/example_dags/plugins/listener_plugin.py
[2023-09-14T17:15:18.744+0100] {processor.py:829} INFO - Processing file /home/joestar/Documents/projects/airflow_etl/airflow_env/lib/python3.8/site-packages/airflow/example_dags/plugins/listener_plugin.py for tasks to queue
[2023-09-14T17:15:18.745+0100] {logging_mixin.py:151} INFO - [2023-09-14T17:15:18.745+0100] {dagbag.py:539} INFO - Filling up the DagBag from /home/joestar/Documents/projects/airflow_etl/airflow_env/lib/python3.8/site-packages/airflow/example_dags/plugins/listener_plugin.py
[2023-09-14T17:15:18.748+0100] {processor.py:841} WARNING - No viable dags retrieved from /home/joestar/Documents/projects/airflow_etl/airflow_env/lib/python3.8/site-packages/airflow/example_dags/plugins/listener_plugin.py
[2023-09-14T17:15:18.757+0100] {processor.py:179} INFO - Processing /home/joestar/Documents/projects/airflow_etl/airflow_env/lib/python3.8/site-packages/airflow/example_dags/plugins/listener_plugin.py took 0.018 seconds
[2023-09-14T17:16:11.639+0100] {processor.py:157} INFO - Started process (PID=26129) to work on /home/joestar/Documents/projects/airflow_etl/airflow_env/lib/python3.8/site-packages/airflow/example_dags/plugins/listener_plugin.py
[2023-09-14T17:16:11.641+0100] {processor.py:829} INFO - Processing file /home/joestar/Documents/projects/airflow_etl/airflow_env/lib/python3.8/site-packages/airflow/example_dags/plugins/listener_plugin.py for tasks to queue
[2023-09-14T17:16:11.642+0100] {logging_mixin.py:151} INFO - [2023-09-14T17:16:11.641+0100] {dagbag.py:539} INFO - Filling up the DagBag from /home/joestar/Documents/projects/airflow_etl/airflow_env/lib/python3.8/site-packages/airflow/example_dags/plugins/listener_plugin.py
[2023-09-14T17:16:11.647+0100] {processor.py:841} WARNING - No viable dags retrieved from /home/joestar/Documents/projects/airflow_etl/airflow_env/lib/python3.8/site-packages/airflow/example_dags/plugins/listener_plugin.py
[2023-09-14T17:16:11.662+0100] {processor.py:179} INFO - Processing /home/joestar/Documents/projects/airflow_etl/airflow_env/lib/python3.8/site-packages/airflow/example_dags/plugins/listener_plugin.py took 0.029 seconds
[2023-09-14T17:16:49.537+0100] {processor.py:157} INFO - Started process (PID=26286) to work on /home/joestar/Documents/projects/airflow_etl/airflow_env/lib/python3.8/site-packages/airflow/example_dags/plugins/listener_plugin.py
[2023-09-14T17:16:49.538+0100] {processor.py:829} INFO - Processing file /home/joestar/Documents/projects/airflow_etl/airflow_env/lib/python3.8/site-packages/airflow/example_dags/plugins/listener_plugin.py for tasks to queue
[2023-09-14T17:16:49.540+0100] {logging_mixin.py:151} INFO - [2023-09-14T17:16:49.539+0100] {dagbag.py:539} INFO - Filling up the DagBag from /home/joestar/Documents/projects/airflow_etl/airflow_env/lib/python3.8/site-packages/airflow/example_dags/plugins/listener_plugin.py
[2023-09-14T17:16:49.543+0100] {processor.py:841} WARNING - No viable dags retrieved from /home/joestar/Documents/projects/airflow_etl/airflow_env/lib/python3.8/site-packages/airflow/example_dags/plugins/listener_plugin.py
[2023-09-14T17:16:49.556+0100] {processor.py:179} INFO - Processing /home/joestar/Documents/projects/airflow_etl/airflow_env/lib/python3.8/site-packages/airflow/example_dags/plugins/listener_plugin.py took 0.023 seconds
[2023-09-14T17:17:40.521+0100] {processor.py:157} INFO - Started process (PID=26552) to work on /home/joestar/Documents/projects/airflow_etl/airflow_env/lib/python3.8/site-packages/airflow/example_dags/plugins/listener_plugin.py
[2023-09-14T17:17:40.522+0100] {processor.py:829} INFO - Processing file /home/joestar/Documents/projects/airflow_etl/airflow_env/lib/python3.8/site-packages/airflow/example_dags/plugins/listener_plugin.py for tasks to queue
[2023-09-14T17:17:40.523+0100] {logging_mixin.py:151} INFO - [2023-09-14T17:17:40.522+0100] {dagbag.py:539} INFO - Filling up the DagBag from /home/joestar/Documents/projects/airflow_etl/airflow_env/lib/python3.8/site-packages/airflow/example_dags/plugins/listener_plugin.py
[2023-09-14T17:17:40.525+0100] {processor.py:841} WARNING - No viable dags retrieved from /home/joestar/Documents/projects/airflow_etl/airflow_env/lib/python3.8/site-packages/airflow/example_dags/plugins/listener_plugin.py
[2023-09-14T17:17:40.535+0100] {processor.py:179} INFO - Processing /home/joestar/Documents/projects/airflow_etl/airflow_env/lib/python3.8/site-packages/airflow/example_dags/plugins/listener_plugin.py took 0.017 seconds
[2023-09-14T17:18:28.848+0100] {processor.py:157} INFO - Started process (PID=26837) to work on /home/joestar/Documents/projects/airflow_etl/airflow_env/lib/python3.8/site-packages/airflow/example_dags/plugins/listener_plugin.py
[2023-09-14T17:18:28.849+0100] {processor.py:829} INFO - Processing file /home/joestar/Documents/projects/airflow_etl/airflow_env/lib/python3.8/site-packages/airflow/example_dags/plugins/listener_plugin.py for tasks to queue
[2023-09-14T17:18:28.850+0100] {logging_mixin.py:151} INFO - [2023-09-14T17:18:28.850+0100] {dagbag.py:539} INFO - Filling up the DagBag from /home/joestar/Documents/projects/airflow_etl/airflow_env/lib/python3.8/site-packages/airflow/example_dags/plugins/listener_plugin.py
[2023-09-14T17:18:28.853+0100] {processor.py:841} WARNING - No viable dags retrieved from /home/joestar/Documents/projects/airflow_etl/airflow_env/lib/python3.8/site-packages/airflow/example_dags/plugins/listener_plugin.py
[2023-09-14T17:18:28.865+0100] {processor.py:179} INFO - Processing /home/joestar/Documents/projects/airflow_etl/airflow_env/lib/python3.8/site-packages/airflow/example_dags/plugins/listener_plugin.py took 0.020 seconds
[2023-09-14T17:19:26.591+0100] {processor.py:157} INFO - Started process (PID=27287) to work on /home/joestar/Documents/projects/airflow_etl/airflow_env/lib/python3.8/site-packages/airflow/example_dags/plugins/listener_plugin.py
[2023-09-14T17:19:26.592+0100] {processor.py:829} INFO - Processing file /home/joestar/Documents/projects/airflow_etl/airflow_env/lib/python3.8/site-packages/airflow/example_dags/plugins/listener_plugin.py for tasks to queue
[2023-09-14T17:19:26.593+0100] {logging_mixin.py:151} INFO - [2023-09-14T17:19:26.593+0100] {dagbag.py:539} INFO - Filling up the DagBag from /home/joestar/Documents/projects/airflow_etl/airflow_env/lib/python3.8/site-packages/airflow/example_dags/plugins/listener_plugin.py
[2023-09-14T17:19:26.597+0100] {processor.py:841} WARNING - No viable dags retrieved from /home/joestar/Documents/projects/airflow_etl/airflow_env/lib/python3.8/site-packages/airflow/example_dags/plugins/listener_plugin.py
[2023-09-14T17:19:26.610+0100] {processor.py:179} INFO - Processing /home/joestar/Documents/projects/airflow_etl/airflow_env/lib/python3.8/site-packages/airflow/example_dags/plugins/listener_plugin.py took 0.023 seconds
[2023-09-14T17:20:05.386+0100] {processor.py:157} INFO - Started process (PID=27470) to work on /home/joestar/Documents/projects/airflow_etl/airflow_env/lib/python3.8/site-packages/airflow/example_dags/plugins/listener_plugin.py
[2023-09-14T17:20:05.387+0100] {processor.py:829} INFO - Processing file /home/joestar/Documents/projects/airflow_etl/airflow_env/lib/python3.8/site-packages/airflow/example_dags/plugins/listener_plugin.py for tasks to queue
[2023-09-14T17:20:05.388+0100] {logging_mixin.py:151} INFO - [2023-09-14T17:20:05.388+0100] {dagbag.py:539} INFO - Filling up the DagBag from /home/joestar/Documents/projects/airflow_etl/airflow_env/lib/python3.8/site-packages/airflow/example_dags/plugins/listener_plugin.py
[2023-09-14T17:20:05.391+0100] {processor.py:841} WARNING - No viable dags retrieved from /home/joestar/Documents/projects/airflow_etl/airflow_env/lib/python3.8/site-packages/airflow/example_dags/plugins/listener_plugin.py
[2023-09-14T17:20:05.400+0100] {processor.py:179} INFO - Processing /home/joestar/Documents/projects/airflow_etl/airflow_env/lib/python3.8/site-packages/airflow/example_dags/plugins/listener_plugin.py took 0.017 seconds
[2023-09-14T17:20:56.378+0100] {processor.py:157} INFO - Started process (PID=27674) to work on /home/joestar/Documents/projects/airflow_etl/airflow_env/lib/python3.8/site-packages/airflow/example_dags/plugins/listener_plugin.py
[2023-09-14T17:20:56.380+0100] {processor.py:829} INFO - Processing file /home/joestar/Documents/projects/airflow_etl/airflow_env/lib/python3.8/site-packages/airflow/example_dags/plugins/listener_plugin.py for tasks to queue
[2023-09-14T17:20:56.381+0100] {logging_mixin.py:151} INFO - [2023-09-14T17:20:56.381+0100] {dagbag.py:539} INFO - Filling up the DagBag from /home/joestar/Documents/projects/airflow_etl/airflow_env/lib/python3.8/site-packages/airflow/example_dags/plugins/listener_plugin.py
[2023-09-14T17:20:56.386+0100] {processor.py:841} WARNING - No viable dags retrieved from /home/joestar/Documents/projects/airflow_etl/airflow_env/lib/python3.8/site-packages/airflow/example_dags/plugins/listener_plugin.py
[2023-09-14T17:20:56.410+0100] {processor.py:179} INFO - Processing /home/joestar/Documents/projects/airflow_etl/airflow_env/lib/python3.8/site-packages/airflow/example_dags/plugins/listener_plugin.py took 0.036 seconds
[2023-09-14T17:21:49.358+0100] {processor.py:157} INFO - Started process (PID=27914) to work on /home/joestar/Documents/projects/airflow_etl/airflow_env/lib/python3.8/site-packages/airflow/example_dags/plugins/listener_plugin.py
[2023-09-14T17:21:49.359+0100] {processor.py:829} INFO - Processing file /home/joestar/Documents/projects/airflow_etl/airflow_env/lib/python3.8/site-packages/airflow/example_dags/plugins/listener_plugin.py for tasks to queue
[2023-09-14T17:21:49.360+0100] {logging_mixin.py:151} INFO - [2023-09-14T17:21:49.360+0100] {dagbag.py:539} INFO - Filling up the DagBag from /home/joestar/Documents/projects/airflow_etl/airflow_env/lib/python3.8/site-packages/airflow/example_dags/plugins/listener_plugin.py
[2023-09-14T17:21:49.363+0100] {processor.py:841} WARNING - No viable dags retrieved from /home/joestar/Documents/projects/airflow_etl/airflow_env/lib/python3.8/site-packages/airflow/example_dags/plugins/listener_plugin.py
[2023-09-14T17:21:49.373+0100] {processor.py:179} INFO - Processing /home/joestar/Documents/projects/airflow_etl/airflow_env/lib/python3.8/site-packages/airflow/example_dags/plugins/listener_plugin.py took 0.018 seconds
[2023-09-14T17:22:43.976+0100] {processor.py:157} INFO - Started process (PID=28141) to work on /home/joestar/Documents/projects/airflow_etl/airflow_env/lib/python3.8/site-packages/airflow/example_dags/plugins/listener_plugin.py
[2023-09-14T17:22:43.977+0100] {processor.py:829} INFO - Processing file /home/joestar/Documents/projects/airflow_etl/airflow_env/lib/python3.8/site-packages/airflow/example_dags/plugins/listener_plugin.py for tasks to queue
[2023-09-14T17:22:43.978+0100] {logging_mixin.py:151} INFO - [2023-09-14T17:22:43.978+0100] {dagbag.py:539} INFO - Filling up the DagBag from /home/joestar/Documents/projects/airflow_etl/airflow_env/lib/python3.8/site-packages/airflow/example_dags/plugins/listener_plugin.py
[2023-09-14T17:22:43.982+0100] {processor.py:841} WARNING - No viable dags retrieved from /home/joestar/Documents/projects/airflow_etl/airflow_env/lib/python3.8/site-packages/airflow/example_dags/plugins/listener_plugin.py
[2023-09-14T17:22:43.992+0100] {processor.py:179} INFO - Processing /home/joestar/Documents/projects/airflow_etl/airflow_env/lib/python3.8/site-packages/airflow/example_dags/plugins/listener_plugin.py took 0.020 seconds
[2023-09-14T17:23:37.315+0100] {processor.py:157} INFO - Started process (PID=28387) to work on /home/joestar/Documents/projects/airflow_etl/airflow_env/lib/python3.8/site-packages/airflow/example_dags/plugins/listener_plugin.py
[2023-09-14T17:23:37.316+0100] {processor.py:829} INFO - Processing file /home/joestar/Documents/projects/airflow_etl/airflow_env/lib/python3.8/site-packages/airflow/example_dags/plugins/listener_plugin.py for tasks to queue
[2023-09-14T17:23:37.318+0100] {logging_mixin.py:151} INFO - [2023-09-14T17:23:37.317+0100] {dagbag.py:539} INFO - Filling up the DagBag from /home/joestar/Documents/projects/airflow_etl/airflow_env/lib/python3.8/site-packages/airflow/example_dags/plugins/listener_plugin.py
[2023-09-14T17:23:37.321+0100] {processor.py:841} WARNING - No viable dags retrieved from /home/joestar/Documents/projects/airflow_etl/airflow_env/lib/python3.8/site-packages/airflow/example_dags/plugins/listener_plugin.py
[2023-09-14T17:23:37.330+0100] {processor.py:179} INFO - Processing /home/joestar/Documents/projects/airflow_etl/airflow_env/lib/python3.8/site-packages/airflow/example_dags/plugins/listener_plugin.py took 0.018 seconds
[2023-09-14T17:24:16.613+0100] {processor.py:157} INFO - Started process (PID=28567) to work on /home/joestar/Documents/projects/airflow_etl/airflow_env/lib/python3.8/site-packages/airflow/example_dags/plugins/listener_plugin.py
[2023-09-14T17:24:16.614+0100] {processor.py:829} INFO - Processing file /home/joestar/Documents/projects/airflow_etl/airflow_env/lib/python3.8/site-packages/airflow/example_dags/plugins/listener_plugin.py for tasks to queue
[2023-09-14T17:24:16.615+0100] {logging_mixin.py:151} INFO - [2023-09-14T17:24:16.615+0100] {dagbag.py:539} INFO - Filling up the DagBag from /home/joestar/Documents/projects/airflow_etl/airflow_env/lib/python3.8/site-packages/airflow/example_dags/plugins/listener_plugin.py
[2023-09-14T17:24:16.618+0100] {processor.py:841} WARNING - No viable dags retrieved from /home/joestar/Documents/projects/airflow_etl/airflow_env/lib/python3.8/site-packages/airflow/example_dags/plugins/listener_plugin.py
[2023-09-14T17:24:16.627+0100] {processor.py:179} INFO - Processing /home/joestar/Documents/projects/airflow_etl/airflow_env/lib/python3.8/site-packages/airflow/example_dags/plugins/listener_plugin.py took 0.016 seconds
[2023-09-14T17:24:55.922+0100] {processor.py:157} INFO - Started process (PID=28723) to work on /home/joestar/Documents/projects/airflow_etl/airflow_env/lib/python3.8/site-packages/airflow/example_dags/plugins/listener_plugin.py
[2023-09-14T17:24:55.923+0100] {processor.py:829} INFO - Processing file /home/joestar/Documents/projects/airflow_etl/airflow_env/lib/python3.8/site-packages/airflow/example_dags/plugins/listener_plugin.py for tasks to queue
[2023-09-14T17:24:55.924+0100] {logging_mixin.py:151} INFO - [2023-09-14T17:24:55.924+0100] {dagbag.py:539} INFO - Filling up the DagBag from /home/joestar/Documents/projects/airflow_etl/airflow_env/lib/python3.8/site-packages/airflow/example_dags/plugins/listener_plugin.py
[2023-09-14T17:24:55.928+0100] {processor.py:841} WARNING - No viable dags retrieved from /home/joestar/Documents/projects/airflow_etl/airflow_env/lib/python3.8/site-packages/airflow/example_dags/plugins/listener_plugin.py
[2023-09-14T17:24:55.939+0100] {processor.py:179} INFO - Processing /home/joestar/Documents/projects/airflow_etl/airflow_env/lib/python3.8/site-packages/airflow/example_dags/plugins/listener_plugin.py took 0.020 seconds
[2023-09-14T17:25:33.156+0100] {processor.py:157} INFO - Started process (PID=28873) to work on /home/joestar/Documents/projects/airflow_etl/airflow_env/lib/python3.8/site-packages/airflow/example_dags/plugins/listener_plugin.py
[2023-09-14T17:25:33.158+0100] {processor.py:829} INFO - Processing file /home/joestar/Documents/projects/airflow_etl/airflow_env/lib/python3.8/site-packages/airflow/example_dags/plugins/listener_plugin.py for tasks to queue
[2023-09-14T17:25:33.160+0100] {logging_mixin.py:151} INFO - [2023-09-14T17:25:33.159+0100] {dagbag.py:539} INFO - Filling up the DagBag from /home/joestar/Documents/projects/airflow_etl/airflow_env/lib/python3.8/site-packages/airflow/example_dags/plugins/listener_plugin.py
[2023-09-14T17:25:33.165+0100] {processor.py:841} WARNING - No viable dags retrieved from /home/joestar/Documents/projects/airflow_etl/airflow_env/lib/python3.8/site-packages/airflow/example_dags/plugins/listener_plugin.py
[2023-09-14T17:25:33.181+0100] {processor.py:179} INFO - Processing /home/joestar/Documents/projects/airflow_etl/airflow_env/lib/python3.8/site-packages/airflow/example_dags/plugins/listener_plugin.py took 0.030 seconds
[2023-09-14T17:26:27.487+0100] {processor.py:157} INFO - Started process (PID=29117) to work on /home/joestar/Documents/projects/airflow_etl/airflow_env/lib/python3.8/site-packages/airflow/example_dags/plugins/listener_plugin.py
[2023-09-14T17:26:27.488+0100] {processor.py:829} INFO - Processing file /home/joestar/Documents/projects/airflow_etl/airflow_env/lib/python3.8/site-packages/airflow/example_dags/plugins/listener_plugin.py for tasks to queue
[2023-09-14T17:26:27.489+0100] {logging_mixin.py:151} INFO - [2023-09-14T17:26:27.488+0100] {dagbag.py:539} INFO - Filling up the DagBag from /home/joestar/Documents/projects/airflow_etl/airflow_env/lib/python3.8/site-packages/airflow/example_dags/plugins/listener_plugin.py
[2023-09-14T17:26:27.491+0100] {processor.py:841} WARNING - No viable dags retrieved from /home/joestar/Documents/projects/airflow_etl/airflow_env/lib/python3.8/site-packages/airflow/example_dags/plugins/listener_plugin.py
[2023-09-14T17:26:27.500+0100] {processor.py:179} INFO - Processing /home/joestar/Documents/projects/airflow_etl/airflow_env/lib/python3.8/site-packages/airflow/example_dags/plugins/listener_plugin.py took 0.016 seconds
[2023-09-14T17:27:19.321+0100] {processor.py:157} INFO - Started process (PID=29351) to work on /home/joestar/Documents/projects/airflow_etl/airflow_env/lib/python3.8/site-packages/airflow/example_dags/plugins/listener_plugin.py
[2023-09-14T17:27:19.322+0100] {processor.py:829} INFO - Processing file /home/joestar/Documents/projects/airflow_etl/airflow_env/lib/python3.8/site-packages/airflow/example_dags/plugins/listener_plugin.py for tasks to queue
[2023-09-14T17:27:19.323+0100] {logging_mixin.py:151} INFO - [2023-09-14T17:27:19.323+0100] {dagbag.py:539} INFO - Filling up the DagBag from /home/joestar/Documents/projects/airflow_etl/airflow_env/lib/python3.8/site-packages/airflow/example_dags/plugins/listener_plugin.py
[2023-09-14T17:27:19.327+0100] {processor.py:841} WARNING - No viable dags retrieved from /home/joestar/Documents/projects/airflow_etl/airflow_env/lib/python3.8/site-packages/airflow/example_dags/plugins/listener_plugin.py
[2023-09-14T17:27:19.341+0100] {processor.py:179} INFO - Processing /home/joestar/Documents/projects/airflow_etl/airflow_env/lib/python3.8/site-packages/airflow/example_dags/plugins/listener_plugin.py took 0.024 seconds
[2023-09-14T17:27:56.303+0100] {processor.py:157} INFO - Started process (PID=29502) to work on /home/joestar/Documents/projects/airflow_etl/airflow_env/lib/python3.8/site-packages/airflow/example_dags/plugins/listener_plugin.py
[2023-09-14T17:27:56.305+0100] {processor.py:829} INFO - Processing file /home/joestar/Documents/projects/airflow_etl/airflow_env/lib/python3.8/site-packages/airflow/example_dags/plugins/listener_plugin.py for tasks to queue
[2023-09-14T17:27:56.306+0100] {logging_mixin.py:151} INFO - [2023-09-14T17:27:56.305+0100] {dagbag.py:539} INFO - Filling up the DagBag from /home/joestar/Documents/projects/airflow_etl/airflow_env/lib/python3.8/site-packages/airflow/example_dags/plugins/listener_plugin.py
[2023-09-14T17:27:56.309+0100] {processor.py:841} WARNING - No viable dags retrieved from /home/joestar/Documents/projects/airflow_etl/airflow_env/lib/python3.8/site-packages/airflow/example_dags/plugins/listener_plugin.py
[2023-09-14T17:27:56.325+0100] {processor.py:179} INFO - Processing /home/joestar/Documents/projects/airflow_etl/airflow_env/lib/python3.8/site-packages/airflow/example_dags/plugins/listener_plugin.py took 0.025 seconds
[2023-09-14T17:28:48.640+0100] {processor.py:157} INFO - Started process (PID=29741) to work on /home/joestar/Documents/projects/airflow_etl/airflow_env/lib/python3.8/site-packages/airflow/example_dags/plugins/listener_plugin.py
[2023-09-14T17:28:48.641+0100] {processor.py:829} INFO - Processing file /home/joestar/Documents/projects/airflow_etl/airflow_env/lib/python3.8/site-packages/airflow/example_dags/plugins/listener_plugin.py for tasks to queue
[2023-09-14T17:28:48.642+0100] {logging_mixin.py:151} INFO - [2023-09-14T17:28:48.641+0100] {dagbag.py:539} INFO - Filling up the DagBag from /home/joestar/Documents/projects/airflow_etl/airflow_env/lib/python3.8/site-packages/airflow/example_dags/plugins/listener_plugin.py
[2023-09-14T17:28:48.644+0100] {processor.py:841} WARNING - No viable dags retrieved from /home/joestar/Documents/projects/airflow_etl/airflow_env/lib/python3.8/site-packages/airflow/example_dags/plugins/listener_plugin.py
[2023-09-14T17:28:48.653+0100] {processor.py:179} INFO - Processing /home/joestar/Documents/projects/airflow_etl/airflow_env/lib/python3.8/site-packages/airflow/example_dags/plugins/listener_plugin.py took 0.016 seconds
[2023-09-14T17:29:39.874+0100] {processor.py:157} INFO - Started process (PID=29993) to work on /home/joestar/Documents/projects/airflow_etl/airflow_env/lib/python3.8/site-packages/airflow/example_dags/plugins/listener_plugin.py
[2023-09-14T17:29:39.875+0100] {processor.py:829} INFO - Processing file /home/joestar/Documents/projects/airflow_etl/airflow_env/lib/python3.8/site-packages/airflow/example_dags/plugins/listener_plugin.py for tasks to queue
[2023-09-14T17:29:39.876+0100] {logging_mixin.py:151} INFO - [2023-09-14T17:29:39.876+0100] {dagbag.py:539} INFO - Filling up the DagBag from /home/joestar/Documents/projects/airflow_etl/airflow_env/lib/python3.8/site-packages/airflow/example_dags/plugins/listener_plugin.py
[2023-09-14T17:29:39.879+0100] {processor.py:841} WARNING - No viable dags retrieved from /home/joestar/Documents/projects/airflow_etl/airflow_env/lib/python3.8/site-packages/airflow/example_dags/plugins/listener_plugin.py
[2023-09-14T17:29:39.894+0100] {processor.py:179} INFO - Processing /home/joestar/Documents/projects/airflow_etl/airflow_env/lib/python3.8/site-packages/airflow/example_dags/plugins/listener_plugin.py took 0.023 seconds
[2023-09-14T17:30:33.993+0100] {processor.py:157} INFO - Started process (PID=30248) to work on /home/joestar/Documents/projects/airflow_etl/airflow_env/lib/python3.8/site-packages/airflow/example_dags/plugins/listener_plugin.py
[2023-09-14T17:30:33.994+0100] {processor.py:829} INFO - Processing file /home/joestar/Documents/projects/airflow_etl/airflow_env/lib/python3.8/site-packages/airflow/example_dags/plugins/listener_plugin.py for tasks to queue
[2023-09-14T17:30:33.994+0100] {logging_mixin.py:151} INFO - [2023-09-14T17:30:33.994+0100] {dagbag.py:539} INFO - Filling up the DagBag from /home/joestar/Documents/projects/airflow_etl/airflow_env/lib/python3.8/site-packages/airflow/example_dags/plugins/listener_plugin.py
[2023-09-14T17:30:33.997+0100] {processor.py:841} WARNING - No viable dags retrieved from /home/joestar/Documents/projects/airflow_etl/airflow_env/lib/python3.8/site-packages/airflow/example_dags/plugins/listener_plugin.py
[2023-09-14T17:30:34.006+0100] {processor.py:179} INFO - Processing /home/joestar/Documents/projects/airflow_etl/airflow_env/lib/python3.8/site-packages/airflow/example_dags/plugins/listener_plugin.py took 0.017 seconds
[2023-09-14T17:31:22.327+0100] {processor.py:157} INFO - Started process (PID=30478) to work on /home/joestar/Documents/projects/airflow_etl/airflow_env/lib/python3.8/site-packages/airflow/example_dags/plugins/listener_plugin.py
[2023-09-14T17:31:22.328+0100] {processor.py:829} INFO - Processing file /home/joestar/Documents/projects/airflow_etl/airflow_env/lib/python3.8/site-packages/airflow/example_dags/plugins/listener_plugin.py for tasks to queue
[2023-09-14T17:31:22.329+0100] {logging_mixin.py:151} INFO - [2023-09-14T17:31:22.328+0100] {dagbag.py:539} INFO - Filling up the DagBag from /home/joestar/Documents/projects/airflow_etl/airflow_env/lib/python3.8/site-packages/airflow/example_dags/plugins/listener_plugin.py
[2023-09-14T17:31:22.332+0100] {processor.py:841} WARNING - No viable dags retrieved from /home/joestar/Documents/projects/airflow_etl/airflow_env/lib/python3.8/site-packages/airflow/example_dags/plugins/listener_plugin.py
[2023-09-14T17:31:22.342+0100] {processor.py:179} INFO - Processing /home/joestar/Documents/projects/airflow_etl/airflow_env/lib/python3.8/site-packages/airflow/example_dags/plugins/listener_plugin.py took 0.018 seconds
[2023-09-14T17:32:14.276+0100] {processor.py:157} INFO - Started process (PID=30709) to work on /home/joestar/Documents/projects/airflow_etl/airflow_env/lib/python3.8/site-packages/airflow/example_dags/plugins/listener_plugin.py
[2023-09-14T17:32:14.278+0100] {processor.py:829} INFO - Processing file /home/joestar/Documents/projects/airflow_etl/airflow_env/lib/python3.8/site-packages/airflow/example_dags/plugins/listener_plugin.py for tasks to queue
[2023-09-14T17:32:14.279+0100] {logging_mixin.py:151} INFO - [2023-09-14T17:32:14.278+0100] {dagbag.py:539} INFO - Filling up the DagBag from /home/joestar/Documents/projects/airflow_etl/airflow_env/lib/python3.8/site-packages/airflow/example_dags/plugins/listener_plugin.py
[2023-09-14T17:32:14.283+0100] {processor.py:841} WARNING - No viable dags retrieved from /home/joestar/Documents/projects/airflow_etl/airflow_env/lib/python3.8/site-packages/airflow/example_dags/plugins/listener_plugin.py
[2023-09-14T17:32:14.300+0100] {processor.py:179} INFO - Processing /home/joestar/Documents/projects/airflow_etl/airflow_env/lib/python3.8/site-packages/airflow/example_dags/plugins/listener_plugin.py took 0.029 seconds
[2023-09-14T17:33:06.153+0100] {processor.py:157} INFO - Started process (PID=30941) to work on /home/joestar/Documents/projects/airflow_etl/airflow_env/lib/python3.8/site-packages/airflow/example_dags/plugins/listener_plugin.py
[2023-09-14T17:33:06.154+0100] {processor.py:829} INFO - Processing file /home/joestar/Documents/projects/airflow_etl/airflow_env/lib/python3.8/site-packages/airflow/example_dags/plugins/listener_plugin.py for tasks to queue
[2023-09-14T17:33:06.155+0100] {logging_mixin.py:151} INFO - [2023-09-14T17:33:06.155+0100] {dagbag.py:539} INFO - Filling up the DagBag from /home/joestar/Documents/projects/airflow_etl/airflow_env/lib/python3.8/site-packages/airflow/example_dags/plugins/listener_plugin.py
[2023-09-14T17:33:06.158+0100] {processor.py:841} WARNING - No viable dags retrieved from /home/joestar/Documents/projects/airflow_etl/airflow_env/lib/python3.8/site-packages/airflow/example_dags/plugins/listener_plugin.py
[2023-09-14T17:33:06.167+0100] {processor.py:179} INFO - Processing /home/joestar/Documents/projects/airflow_etl/airflow_env/lib/python3.8/site-packages/airflow/example_dags/plugins/listener_plugin.py took 0.017 seconds
[2023-09-14T17:33:43.518+0100] {processor.py:157} INFO - Started process (PID=31098) to work on /home/joestar/Documents/projects/airflow_etl/airflow_env/lib/python3.8/site-packages/airflow/example_dags/plugins/listener_plugin.py
[2023-09-14T17:33:43.519+0100] {processor.py:829} INFO - Processing file /home/joestar/Documents/projects/airflow_etl/airflow_env/lib/python3.8/site-packages/airflow/example_dags/plugins/listener_plugin.py for tasks to queue
[2023-09-14T17:33:43.520+0100] {logging_mixin.py:151} INFO - [2023-09-14T17:33:43.519+0100] {dagbag.py:539} INFO - Filling up the DagBag from /home/joestar/Documents/projects/airflow_etl/airflow_env/lib/python3.8/site-packages/airflow/example_dags/plugins/listener_plugin.py
[2023-09-14T17:33:43.522+0100] {processor.py:841} WARNING - No viable dags retrieved from /home/joestar/Documents/projects/airflow_etl/airflow_env/lib/python3.8/site-packages/airflow/example_dags/plugins/listener_plugin.py
[2023-09-14T17:33:43.531+0100] {processor.py:179} INFO - Processing /home/joestar/Documents/projects/airflow_etl/airflow_env/lib/python3.8/site-packages/airflow/example_dags/plugins/listener_plugin.py took 0.015 seconds
[2023-09-14T17:34:38.571+0100] {processor.py:157} INFO - Started process (PID=31360) to work on /home/joestar/Documents/projects/airflow_etl/airflow_env/lib/python3.8/site-packages/airflow/example_dags/plugins/listener_plugin.py
[2023-09-14T17:34:38.573+0100] {processor.py:829} INFO - Processing file /home/joestar/Documents/projects/airflow_etl/airflow_env/lib/python3.8/site-packages/airflow/example_dags/plugins/listener_plugin.py for tasks to queue
[2023-09-14T17:34:38.574+0100] {logging_mixin.py:151} INFO - [2023-09-14T17:34:38.573+0100] {dagbag.py:539} INFO - Filling up the DagBag from /home/joestar/Documents/projects/airflow_etl/airflow_env/lib/python3.8/site-packages/airflow/example_dags/plugins/listener_plugin.py
[2023-09-14T17:34:38.578+0100] {processor.py:841} WARNING - No viable dags retrieved from /home/joestar/Documents/projects/airflow_etl/airflow_env/lib/python3.8/site-packages/airflow/example_dags/plugins/listener_plugin.py
[2023-09-14T17:34:38.593+0100] {processor.py:179} INFO - Processing /home/joestar/Documents/projects/airflow_etl/airflow_env/lib/python3.8/site-packages/airflow/example_dags/plugins/listener_plugin.py took 0.026 seconds
[2023-09-14T17:35:27.172+0100] {processor.py:157} INFO - Started process (PID=31594) to work on /home/joestar/Documents/projects/airflow_etl/airflow_env/lib/python3.8/site-packages/airflow/example_dags/plugins/listener_plugin.py
[2023-09-14T17:35:27.174+0100] {processor.py:829} INFO - Processing file /home/joestar/Documents/projects/airflow_etl/airflow_env/lib/python3.8/site-packages/airflow/example_dags/plugins/listener_plugin.py for tasks to queue
[2023-09-14T17:35:27.175+0100] {logging_mixin.py:151} INFO - [2023-09-14T17:35:27.174+0100] {dagbag.py:539} INFO - Filling up the DagBag from /home/joestar/Documents/projects/airflow_etl/airflow_env/lib/python3.8/site-packages/airflow/example_dags/plugins/listener_plugin.py
[2023-09-14T17:35:27.178+0100] {processor.py:841} WARNING - No viable dags retrieved from /home/joestar/Documents/projects/airflow_etl/airflow_env/lib/python3.8/site-packages/airflow/example_dags/plugins/listener_plugin.py
[2023-09-14T17:35:27.192+0100] {processor.py:179} INFO - Processing /home/joestar/Documents/projects/airflow_etl/airflow_env/lib/python3.8/site-packages/airflow/example_dags/plugins/listener_plugin.py took 0.024 seconds
[2023-09-14T17:36:19.500+0100] {processor.py:157} INFO - Started process (PID=31832) to work on /home/joestar/Documents/projects/airflow_etl/airflow_env/lib/python3.8/site-packages/airflow/example_dags/plugins/listener_plugin.py
[2023-09-14T17:36:19.501+0100] {processor.py:829} INFO - Processing file /home/joestar/Documents/projects/airflow_etl/airflow_env/lib/python3.8/site-packages/airflow/example_dags/plugins/listener_plugin.py for tasks to queue
[2023-09-14T17:36:19.502+0100] {logging_mixin.py:151} INFO - [2023-09-14T17:36:19.502+0100] {dagbag.py:539} INFO - Filling up the DagBag from /home/joestar/Documents/projects/airflow_etl/airflow_env/lib/python3.8/site-packages/airflow/example_dags/plugins/listener_plugin.py
[2023-09-14T17:36:19.505+0100] {processor.py:841} WARNING - No viable dags retrieved from /home/joestar/Documents/projects/airflow_etl/airflow_env/lib/python3.8/site-packages/airflow/example_dags/plugins/listener_plugin.py
[2023-09-14T17:36:19.515+0100] {processor.py:179} INFO - Processing /home/joestar/Documents/projects/airflow_etl/airflow_env/lib/python3.8/site-packages/airflow/example_dags/plugins/listener_plugin.py took 0.017 seconds
[2023-09-14T17:37:12.308+0100] {processor.py:157} INFO - Started process (PID=32073) to work on /home/joestar/Documents/projects/airflow_etl/airflow_env/lib/python3.8/site-packages/airflow/example_dags/plugins/listener_plugin.py
[2023-09-14T17:37:12.309+0100] {processor.py:829} INFO - Processing file /home/joestar/Documents/projects/airflow_etl/airflow_env/lib/python3.8/site-packages/airflow/example_dags/plugins/listener_plugin.py for tasks to queue
[2023-09-14T17:37:12.310+0100] {logging_mixin.py:151} INFO - [2023-09-14T17:37:12.310+0100] {dagbag.py:539} INFO - Filling up the DagBag from /home/joestar/Documents/projects/airflow_etl/airflow_env/lib/python3.8/site-packages/airflow/example_dags/plugins/listener_plugin.py
[2023-09-14T17:37:12.314+0100] {processor.py:841} WARNING - No viable dags retrieved from /home/joestar/Documents/projects/airflow_etl/airflow_env/lib/python3.8/site-packages/airflow/example_dags/plugins/listener_plugin.py
[2023-09-14T17:37:12.327+0100] {processor.py:179} INFO - Processing /home/joestar/Documents/projects/airflow_etl/airflow_env/lib/python3.8/site-packages/airflow/example_dags/plugins/listener_plugin.py took 0.021 seconds
[2023-09-14T17:37:51.836+0100] {processor.py:157} INFO - Started process (PID=32339) to work on /home/joestar/Documents/projects/airflow_etl/airflow_env/lib/python3.8/site-packages/airflow/example_dags/plugins/listener_plugin.py
[2023-09-14T17:37:51.838+0100] {processor.py:829} INFO - Processing file /home/joestar/Documents/projects/airflow_etl/airflow_env/lib/python3.8/site-packages/airflow/example_dags/plugins/listener_plugin.py for tasks to queue
[2023-09-14T17:37:51.839+0100] {logging_mixin.py:151} INFO - [2023-09-14T17:37:51.839+0100] {dagbag.py:539} INFO - Filling up the DagBag from /home/joestar/Documents/projects/airflow_etl/airflow_env/lib/python3.8/site-packages/airflow/example_dags/plugins/listener_plugin.py
[2023-09-14T17:37:51.843+0100] {processor.py:841} WARNING - No viable dags retrieved from /home/joestar/Documents/projects/airflow_etl/airflow_env/lib/python3.8/site-packages/airflow/example_dags/plugins/listener_plugin.py
[2023-09-14T17:37:51.859+0100] {processor.py:179} INFO - Processing /home/joestar/Documents/projects/airflow_etl/airflow_env/lib/python3.8/site-packages/airflow/example_dags/plugins/listener_plugin.py took 0.028 seconds
[2023-09-14T17:38:48.944+0100] {processor.py:157} INFO - Started process (PID=32794) to work on /home/joestar/Documents/projects/airflow_etl/airflow_env/lib/python3.8/site-packages/airflow/example_dags/plugins/listener_plugin.py
[2023-09-14T17:38:48.945+0100] {processor.py:829} INFO - Processing file /home/joestar/Documents/projects/airflow_etl/airflow_env/lib/python3.8/site-packages/airflow/example_dags/plugins/listener_plugin.py for tasks to queue
[2023-09-14T17:38:48.946+0100] {logging_mixin.py:151} INFO - [2023-09-14T17:38:48.946+0100] {dagbag.py:539} INFO - Filling up the DagBag from /home/joestar/Documents/projects/airflow_etl/airflow_env/lib/python3.8/site-packages/airflow/example_dags/plugins/listener_plugin.py
[2023-09-14T17:38:48.950+0100] {processor.py:841} WARNING - No viable dags retrieved from /home/joestar/Documents/projects/airflow_etl/airflow_env/lib/python3.8/site-packages/airflow/example_dags/plugins/listener_plugin.py
[2023-09-14T17:38:48.967+0100] {processor.py:179} INFO - Processing /home/joestar/Documents/projects/airflow_etl/airflow_env/lib/python3.8/site-packages/airflow/example_dags/plugins/listener_plugin.py took 0.027 seconds
[2023-09-14T17:39:35.011+0100] {processor.py:157} INFO - Started process (PID=33093) to work on /home/joestar/Documents/projects/airflow_etl/airflow_env/lib/python3.8/site-packages/airflow/example_dags/plugins/listener_plugin.py
[2023-09-14T17:39:35.012+0100] {processor.py:829} INFO - Processing file /home/joestar/Documents/projects/airflow_etl/airflow_env/lib/python3.8/site-packages/airflow/example_dags/plugins/listener_plugin.py for tasks to queue
[2023-09-14T17:39:35.013+0100] {logging_mixin.py:151} INFO - [2023-09-14T17:39:35.013+0100] {dagbag.py:539} INFO - Filling up the DagBag from /home/joestar/Documents/projects/airflow_etl/airflow_env/lib/python3.8/site-packages/airflow/example_dags/plugins/listener_plugin.py
[2023-09-14T17:39:35.017+0100] {processor.py:841} WARNING - No viable dags retrieved from /home/joestar/Documents/projects/airflow_etl/airflow_env/lib/python3.8/site-packages/airflow/example_dags/plugins/listener_plugin.py
[2023-09-14T17:39:35.042+0100] {processor.py:179} INFO - Processing /home/joestar/Documents/projects/airflow_etl/airflow_env/lib/python3.8/site-packages/airflow/example_dags/plugins/listener_plugin.py took 0.035 seconds
[2023-09-14T17:40:16.452+0100] {processor.py:157} INFO - Started process (PID=33325) to work on /home/joestar/Documents/projects/airflow_etl/airflow_env/lib/python3.8/site-packages/airflow/example_dags/plugins/listener_plugin.py
[2023-09-14T17:40:16.453+0100] {processor.py:829} INFO - Processing file /home/joestar/Documents/projects/airflow_etl/airflow_env/lib/python3.8/site-packages/airflow/example_dags/plugins/listener_plugin.py for tasks to queue
[2023-09-14T17:40:16.454+0100] {logging_mixin.py:151} INFO - [2023-09-14T17:40:16.454+0100] {dagbag.py:539} INFO - Filling up the DagBag from /home/joestar/Documents/projects/airflow_etl/airflow_env/lib/python3.8/site-packages/airflow/example_dags/plugins/listener_plugin.py
[2023-09-14T17:40:16.459+0100] {processor.py:841} WARNING - No viable dags retrieved from /home/joestar/Documents/projects/airflow_etl/airflow_env/lib/python3.8/site-packages/airflow/example_dags/plugins/listener_plugin.py
[2023-09-14T17:40:16.472+0100] {processor.py:179} INFO - Processing /home/joestar/Documents/projects/airflow_etl/airflow_env/lib/python3.8/site-packages/airflow/example_dags/plugins/listener_plugin.py took 0.025 seconds
[2023-09-14T17:40:55.783+0100] {processor.py:157} INFO - Started process (PID=33574) to work on /home/joestar/Documents/projects/airflow_etl/airflow_env/lib/python3.8/site-packages/airflow/example_dags/plugins/listener_plugin.py
[2023-09-14T17:40:55.784+0100] {processor.py:829} INFO - Processing file /home/joestar/Documents/projects/airflow_etl/airflow_env/lib/python3.8/site-packages/airflow/example_dags/plugins/listener_plugin.py for tasks to queue
[2023-09-14T17:40:55.785+0100] {logging_mixin.py:151} INFO - [2023-09-14T17:40:55.785+0100] {dagbag.py:539} INFO - Filling up the DagBag from /home/joestar/Documents/projects/airflow_etl/airflow_env/lib/python3.8/site-packages/airflow/example_dags/plugins/listener_plugin.py
[2023-09-14T17:40:55.788+0100] {processor.py:841} WARNING - No viable dags retrieved from /home/joestar/Documents/projects/airflow_etl/airflow_env/lib/python3.8/site-packages/airflow/example_dags/plugins/listener_plugin.py
[2023-09-14T17:40:55.797+0100] {processor.py:179} INFO - Processing /home/joestar/Documents/projects/airflow_etl/airflow_env/lib/python3.8/site-packages/airflow/example_dags/plugins/listener_plugin.py took 0.016 seconds
[2023-09-14T17:41:48.325+0100] {processor.py:157} INFO - Started process (PID=33939) to work on /home/joestar/Documents/projects/airflow_etl/airflow_env/lib/python3.8/site-packages/airflow/example_dags/plugins/listener_plugin.py
[2023-09-14T17:41:48.326+0100] {processor.py:829} INFO - Processing file /home/joestar/Documents/projects/airflow_etl/airflow_env/lib/python3.8/site-packages/airflow/example_dags/plugins/listener_plugin.py for tasks to queue
[2023-09-14T17:41:48.327+0100] {logging_mixin.py:151} INFO - [2023-09-14T17:41:48.326+0100] {dagbag.py:539} INFO - Filling up the DagBag from /home/joestar/Documents/projects/airflow_etl/airflow_env/lib/python3.8/site-packages/airflow/example_dags/plugins/listener_plugin.py
[2023-09-14T17:41:48.330+0100] {processor.py:841} WARNING - No viable dags retrieved from /home/joestar/Documents/projects/airflow_etl/airflow_env/lib/python3.8/site-packages/airflow/example_dags/plugins/listener_plugin.py
[2023-09-14T17:41:48.343+0100] {processor.py:179} INFO - Processing /home/joestar/Documents/projects/airflow_etl/airflow_env/lib/python3.8/site-packages/airflow/example_dags/plugins/listener_plugin.py took 0.022 seconds
[2023-09-14T17:42:31.777+0100] {processor.py:157} INFO - Started process (PID=34121) to work on /home/joestar/Documents/projects/airflow_etl/airflow_env/lib/python3.8/site-packages/airflow/example_dags/plugins/listener_plugin.py
[2023-09-14T17:42:31.778+0100] {processor.py:829} INFO - Processing file /home/joestar/Documents/projects/airflow_etl/airflow_env/lib/python3.8/site-packages/airflow/example_dags/plugins/listener_plugin.py for tasks to queue
[2023-09-14T17:42:31.779+0100] {logging_mixin.py:151} INFO - [2023-09-14T17:42:31.778+0100] {dagbag.py:539} INFO - Filling up the DagBag from /home/joestar/Documents/projects/airflow_etl/airflow_env/lib/python3.8/site-packages/airflow/example_dags/plugins/listener_plugin.py
[2023-09-14T17:42:31.782+0100] {processor.py:841} WARNING - No viable dags retrieved from /home/joestar/Documents/projects/airflow_etl/airflow_env/lib/python3.8/site-packages/airflow/example_dags/plugins/listener_plugin.py
[2023-09-14T17:42:31.791+0100] {processor.py:179} INFO - Processing /home/joestar/Documents/projects/airflow_etl/airflow_env/lib/python3.8/site-packages/airflow/example_dags/plugins/listener_plugin.py took 0.018 seconds
[2023-09-14T17:43:14.660+0100] {processor.py:157} INFO - Started process (PID=34316) to work on /home/joestar/Documents/projects/airflow_etl/airflow_env/lib/python3.8/site-packages/airflow/example_dags/plugins/listener_plugin.py
[2023-09-14T17:43:14.661+0100] {processor.py:829} INFO - Processing file /home/joestar/Documents/projects/airflow_etl/airflow_env/lib/python3.8/site-packages/airflow/example_dags/plugins/listener_plugin.py for tasks to queue
[2023-09-14T17:43:14.662+0100] {logging_mixin.py:151} INFO - [2023-09-14T17:43:14.662+0100] {dagbag.py:539} INFO - Filling up the DagBag from /home/joestar/Documents/projects/airflow_etl/airflow_env/lib/python3.8/site-packages/airflow/example_dags/plugins/listener_plugin.py
[2023-09-14T17:43:14.665+0100] {processor.py:841} WARNING - No viable dags retrieved from /home/joestar/Documents/projects/airflow_etl/airflow_env/lib/python3.8/site-packages/airflow/example_dags/plugins/listener_plugin.py
[2023-09-14T17:43:14.673+0100] {processor.py:179} INFO - Processing /home/joestar/Documents/projects/airflow_etl/airflow_env/lib/python3.8/site-packages/airflow/example_dags/plugins/listener_plugin.py took 0.016 seconds
[2023-09-14T17:44:12.673+0100] {processor.py:157} INFO - Started process (PID=34631) to work on /home/joestar/Documents/projects/airflow_etl/airflow_env/lib/python3.8/site-packages/airflow/example_dags/plugins/listener_plugin.py
[2023-09-14T17:44:12.674+0100] {processor.py:829} INFO - Processing file /home/joestar/Documents/projects/airflow_etl/airflow_env/lib/python3.8/site-packages/airflow/example_dags/plugins/listener_plugin.py for tasks to queue
[2023-09-14T17:44:12.675+0100] {logging_mixin.py:151} INFO - [2023-09-14T17:44:12.675+0100] {dagbag.py:539} INFO - Filling up the DagBag from /home/joestar/Documents/projects/airflow_etl/airflow_env/lib/python3.8/site-packages/airflow/example_dags/plugins/listener_plugin.py
[2023-09-14T17:44:12.679+0100] {processor.py:841} WARNING - No viable dags retrieved from /home/joestar/Documents/projects/airflow_etl/airflow_env/lib/python3.8/site-packages/airflow/example_dags/plugins/listener_plugin.py
[2023-09-14T17:44:12.694+0100] {processor.py:179} INFO - Processing /home/joestar/Documents/projects/airflow_etl/airflow_env/lib/python3.8/site-packages/airflow/example_dags/plugins/listener_plugin.py took 0.025 seconds
[2023-09-14T17:44:54.524+0100] {processor.py:157} INFO - Started process (PID=34813) to work on /home/joestar/Documents/projects/airflow_etl/airflow_env/lib/python3.8/site-packages/airflow/example_dags/plugins/listener_plugin.py
[2023-09-14T17:44:54.525+0100] {processor.py:829} INFO - Processing file /home/joestar/Documents/projects/airflow_etl/airflow_env/lib/python3.8/site-packages/airflow/example_dags/plugins/listener_plugin.py for tasks to queue
[2023-09-14T17:44:54.526+0100] {logging_mixin.py:151} INFO - [2023-09-14T17:44:54.526+0100] {dagbag.py:539} INFO - Filling up the DagBag from /home/joestar/Documents/projects/airflow_etl/airflow_env/lib/python3.8/site-packages/airflow/example_dags/plugins/listener_plugin.py
[2023-09-14T17:44:54.529+0100] {processor.py:841} WARNING - No viable dags retrieved from /home/joestar/Documents/projects/airflow_etl/airflow_env/lib/python3.8/site-packages/airflow/example_dags/plugins/listener_plugin.py
[2023-09-14T17:44:54.540+0100] {processor.py:179} INFO - Processing /home/joestar/Documents/projects/airflow_etl/airflow_env/lib/python3.8/site-packages/airflow/example_dags/plugins/listener_plugin.py took 0.019 seconds
[2023-09-14T17:45:34.781+0100] {processor.py:157} INFO - Started process (PID=34972) to work on /home/joestar/Documents/projects/airflow_etl/airflow_env/lib/python3.8/site-packages/airflow/example_dags/plugins/listener_plugin.py
[2023-09-14T17:45:34.782+0100] {processor.py:829} INFO - Processing file /home/joestar/Documents/projects/airflow_etl/airflow_env/lib/python3.8/site-packages/airflow/example_dags/plugins/listener_plugin.py for tasks to queue
[2023-09-14T17:45:34.784+0100] {logging_mixin.py:151} INFO - [2023-09-14T17:45:34.783+0100] {dagbag.py:539} INFO - Filling up the DagBag from /home/joestar/Documents/projects/airflow_etl/airflow_env/lib/python3.8/site-packages/airflow/example_dags/plugins/listener_plugin.py
[2023-09-14T17:45:34.787+0100] {processor.py:841} WARNING - No viable dags retrieved from /home/joestar/Documents/projects/airflow_etl/airflow_env/lib/python3.8/site-packages/airflow/example_dags/plugins/listener_plugin.py
[2023-09-14T17:45:34.796+0100] {processor.py:179} INFO - Processing /home/joestar/Documents/projects/airflow_etl/airflow_env/lib/python3.8/site-packages/airflow/example_dags/plugins/listener_plugin.py took 0.018 seconds
[2023-09-14T17:46:18.420+0100] {processor.py:157} INFO - Started process (PID=35177) to work on /home/joestar/Documents/projects/airflow_etl/airflow_env/lib/python3.8/site-packages/airflow/example_dags/plugins/listener_plugin.py
[2023-09-14T17:46:18.422+0100] {processor.py:829} INFO - Processing file /home/joestar/Documents/projects/airflow_etl/airflow_env/lib/python3.8/site-packages/airflow/example_dags/plugins/listener_plugin.py for tasks to queue
[2023-09-14T17:46:18.423+0100] {logging_mixin.py:151} INFO - [2023-09-14T17:46:18.423+0100] {dagbag.py:539} INFO - Filling up the DagBag from /home/joestar/Documents/projects/airflow_etl/airflow_env/lib/python3.8/site-packages/airflow/example_dags/plugins/listener_plugin.py
[2023-09-14T17:46:18.428+0100] {processor.py:841} WARNING - No viable dags retrieved from /home/joestar/Documents/projects/airflow_etl/airflow_env/lib/python3.8/site-packages/airflow/example_dags/plugins/listener_plugin.py
[2023-09-14T17:46:18.442+0100] {processor.py:179} INFO - Processing /home/joestar/Documents/projects/airflow_etl/airflow_env/lib/python3.8/site-packages/airflow/example_dags/plugins/listener_plugin.py took 0.026 seconds
[2023-09-14T17:47:03.003+0100] {processor.py:157} INFO - Started process (PID=35345) to work on /home/joestar/Documents/projects/airflow_etl/airflow_env/lib/python3.8/site-packages/airflow/example_dags/plugins/listener_plugin.py
[2023-09-14T17:47:03.005+0100] {processor.py:829} INFO - Processing file /home/joestar/Documents/projects/airflow_etl/airflow_env/lib/python3.8/site-packages/airflow/example_dags/plugins/listener_plugin.py for tasks to queue
[2023-09-14T17:47:03.006+0100] {logging_mixin.py:151} INFO - [2023-09-14T17:47:03.006+0100] {dagbag.py:539} INFO - Filling up the DagBag from /home/joestar/Documents/projects/airflow_etl/airflow_env/lib/python3.8/site-packages/airflow/example_dags/plugins/listener_plugin.py
[2023-09-14T17:47:03.010+0100] {processor.py:841} WARNING - No viable dags retrieved from /home/joestar/Documents/projects/airflow_etl/airflow_env/lib/python3.8/site-packages/airflow/example_dags/plugins/listener_plugin.py
[2023-09-14T17:47:03.023+0100] {processor.py:179} INFO - Processing /home/joestar/Documents/projects/airflow_etl/airflow_env/lib/python3.8/site-packages/airflow/example_dags/plugins/listener_plugin.py took 0.023 seconds
[2023-09-14T17:47:57.016+0100] {processor.py:157} INFO - Started process (PID=35556) to work on /home/joestar/Documents/projects/airflow_etl/airflow_env/lib/python3.8/site-packages/airflow/example_dags/plugins/listener_plugin.py
[2023-09-14T17:47:57.020+0100] {processor.py:829} INFO - Processing file /home/joestar/Documents/projects/airflow_etl/airflow_env/lib/python3.8/site-packages/airflow/example_dags/plugins/listener_plugin.py for tasks to queue
[2023-09-14T17:47:57.023+0100] {logging_mixin.py:151} INFO - [2023-09-14T17:47:57.023+0100] {dagbag.py:539} INFO - Filling up the DagBag from /home/joestar/Documents/projects/airflow_etl/airflow_env/lib/python3.8/site-packages/airflow/example_dags/plugins/listener_plugin.py
[2023-09-14T17:47:57.031+0100] {processor.py:841} WARNING - No viable dags retrieved from /home/joestar/Documents/projects/airflow_etl/airflow_env/lib/python3.8/site-packages/airflow/example_dags/plugins/listener_plugin.py
[2023-09-14T17:47:57.049+0100] {processor.py:179} INFO - Processing /home/joestar/Documents/projects/airflow_etl/airflow_env/lib/python3.8/site-packages/airflow/example_dags/plugins/listener_plugin.py took 0.037 seconds
[2023-09-14T17:48:42.838+0100] {processor.py:157} INFO - Started process (PID=35743) to work on /home/joestar/Documents/projects/airflow_etl/airflow_env/lib/python3.8/site-packages/airflow/example_dags/plugins/listener_plugin.py
[2023-09-14T17:48:42.839+0100] {processor.py:829} INFO - Processing file /home/joestar/Documents/projects/airflow_etl/airflow_env/lib/python3.8/site-packages/airflow/example_dags/plugins/listener_plugin.py for tasks to queue
[2023-09-14T17:48:42.840+0100] {logging_mixin.py:151} INFO - [2023-09-14T17:48:42.840+0100] {dagbag.py:539} INFO - Filling up the DagBag from /home/joestar/Documents/projects/airflow_etl/airflow_env/lib/python3.8/site-packages/airflow/example_dags/plugins/listener_plugin.py
[2023-09-14T17:48:42.843+0100] {processor.py:841} WARNING - No viable dags retrieved from /home/joestar/Documents/projects/airflow_etl/airflow_env/lib/python3.8/site-packages/airflow/example_dags/plugins/listener_plugin.py
[2023-09-14T17:48:42.852+0100] {processor.py:179} INFO - Processing /home/joestar/Documents/projects/airflow_etl/airflow_env/lib/python3.8/site-packages/airflow/example_dags/plugins/listener_plugin.py took 0.017 seconds
[2023-09-14T17:49:32.428+0100] {processor.py:157} INFO - Started process (PID=35949) to work on /home/joestar/Documents/projects/airflow_etl/airflow_env/lib/python3.8/site-packages/airflow/example_dags/plugins/listener_plugin.py
[2023-09-14T17:49:32.430+0100] {processor.py:829} INFO - Processing file /home/joestar/Documents/projects/airflow_etl/airflow_env/lib/python3.8/site-packages/airflow/example_dags/plugins/listener_plugin.py for tasks to queue
[2023-09-14T17:49:32.430+0100] {logging_mixin.py:151} INFO - [2023-09-14T17:49:32.430+0100] {dagbag.py:539} INFO - Filling up the DagBag from /home/joestar/Documents/projects/airflow_etl/airflow_env/lib/python3.8/site-packages/airflow/example_dags/plugins/listener_plugin.py
[2023-09-14T17:49:32.433+0100] {processor.py:841} WARNING - No viable dags retrieved from /home/joestar/Documents/projects/airflow_etl/airflow_env/lib/python3.8/site-packages/airflow/example_dags/plugins/listener_plugin.py
[2023-09-14T17:49:32.444+0100] {processor.py:179} INFO - Processing /home/joestar/Documents/projects/airflow_etl/airflow_env/lib/python3.8/site-packages/airflow/example_dags/plugins/listener_plugin.py took 0.018 seconds
[2023-09-14T17:50:23.528+0100] {processor.py:157} INFO - Started process (PID=36176) to work on /home/joestar/Documents/projects/airflow_etl/airflow_env/lib/python3.8/site-packages/airflow/example_dags/plugins/listener_plugin.py
[2023-09-14T17:50:23.529+0100] {processor.py:829} INFO - Processing file /home/joestar/Documents/projects/airflow_etl/airflow_env/lib/python3.8/site-packages/airflow/example_dags/plugins/listener_plugin.py for tasks to queue
[2023-09-14T17:50:23.530+0100] {logging_mixin.py:151} INFO - [2023-09-14T17:50:23.529+0100] {dagbag.py:539} INFO - Filling up the DagBag from /home/joestar/Documents/projects/airflow_etl/airflow_env/lib/python3.8/site-packages/airflow/example_dags/plugins/listener_plugin.py
[2023-09-14T17:50:23.533+0100] {processor.py:841} WARNING - No viable dags retrieved from /home/joestar/Documents/projects/airflow_etl/airflow_env/lib/python3.8/site-packages/airflow/example_dags/plugins/listener_plugin.py
[2023-09-14T17:50:23.545+0100] {processor.py:179} INFO - Processing /home/joestar/Documents/projects/airflow_etl/airflow_env/lib/python3.8/site-packages/airflow/example_dags/plugins/listener_plugin.py took 0.020 seconds
[2023-09-14T17:51:03.928+0100] {processor.py:157} INFO - Started process (PID=36350) to work on /home/joestar/Documents/projects/airflow_etl/airflow_env/lib/python3.8/site-packages/airflow/example_dags/plugins/listener_plugin.py
[2023-09-14T17:51:03.929+0100] {processor.py:829} INFO - Processing file /home/joestar/Documents/projects/airflow_etl/airflow_env/lib/python3.8/site-packages/airflow/example_dags/plugins/listener_plugin.py for tasks to queue
[2023-09-14T17:51:03.930+0100] {logging_mixin.py:151} INFO - [2023-09-14T17:51:03.930+0100] {dagbag.py:539} INFO - Filling up the DagBag from /home/joestar/Documents/projects/airflow_etl/airflow_env/lib/python3.8/site-packages/airflow/example_dags/plugins/listener_plugin.py
[2023-09-14T17:51:03.932+0100] {processor.py:841} WARNING - No viable dags retrieved from /home/joestar/Documents/projects/airflow_etl/airflow_env/lib/python3.8/site-packages/airflow/example_dags/plugins/listener_plugin.py
[2023-09-14T17:51:03.941+0100] {processor.py:179} INFO - Processing /home/joestar/Documents/projects/airflow_etl/airflow_env/lib/python3.8/site-packages/airflow/example_dags/plugins/listener_plugin.py took 0.015 seconds
[2023-09-14T17:51:43.599+0100] {processor.py:157} INFO - Started process (PID=36537) to work on /home/joestar/Documents/projects/airflow_etl/airflow_env/lib/python3.8/site-packages/airflow/example_dags/plugins/listener_plugin.py
[2023-09-14T17:51:43.600+0100] {processor.py:829} INFO - Processing file /home/joestar/Documents/projects/airflow_etl/airflow_env/lib/python3.8/site-packages/airflow/example_dags/plugins/listener_plugin.py for tasks to queue
[2023-09-14T17:51:43.600+0100] {logging_mixin.py:151} INFO - [2023-09-14T17:51:43.600+0100] {dagbag.py:539} INFO - Filling up the DagBag from /home/joestar/Documents/projects/airflow_etl/airflow_env/lib/python3.8/site-packages/airflow/example_dags/plugins/listener_plugin.py
[2023-09-14T17:51:43.603+0100] {processor.py:841} WARNING - No viable dags retrieved from /home/joestar/Documents/projects/airflow_etl/airflow_env/lib/python3.8/site-packages/airflow/example_dags/plugins/listener_plugin.py
[2023-09-14T17:51:43.613+0100] {processor.py:179} INFO - Processing /home/joestar/Documents/projects/airflow_etl/airflow_env/lib/python3.8/site-packages/airflow/example_dags/plugins/listener_plugin.py took 0.017 seconds
[2023-09-14T17:52:23.415+0100] {processor.py:157} INFO - Started process (PID=36721) to work on /home/joestar/Documents/projects/airflow_etl/airflow_env/lib/python3.8/site-packages/airflow/example_dags/plugins/listener_plugin.py
[2023-09-14T17:52:23.416+0100] {processor.py:829} INFO - Processing file /home/joestar/Documents/projects/airflow_etl/airflow_env/lib/python3.8/site-packages/airflow/example_dags/plugins/listener_plugin.py for tasks to queue
[2023-09-14T17:52:23.416+0100] {logging_mixin.py:151} INFO - [2023-09-14T17:52:23.416+0100] {dagbag.py:539} INFO - Filling up the DagBag from /home/joestar/Documents/projects/airflow_etl/airflow_env/lib/python3.8/site-packages/airflow/example_dags/plugins/listener_plugin.py
[2023-09-14T17:52:23.419+0100] {processor.py:841} WARNING - No viable dags retrieved from /home/joestar/Documents/projects/airflow_etl/airflow_env/lib/python3.8/site-packages/airflow/example_dags/plugins/listener_plugin.py
[2023-09-14T17:52:23.427+0100] {processor.py:179} INFO - Processing /home/joestar/Documents/projects/airflow_etl/airflow_env/lib/python3.8/site-packages/airflow/example_dags/plugins/listener_plugin.py took 0.016 seconds
[2023-09-14T17:54:02.655+0100] {processor.py:157} INFO - Started process (PID=37232) to work on /home/joestar/Documents/projects/airflow_etl/airflow_env/lib/python3.8/site-packages/airflow/example_dags/plugins/listener_plugin.py
[2023-09-14T17:54:02.656+0100] {processor.py:829} INFO - Processing file /home/joestar/Documents/projects/airflow_etl/airflow_env/lib/python3.8/site-packages/airflow/example_dags/plugins/listener_plugin.py for tasks to queue
[2023-09-14T17:54:02.656+0100] {logging_mixin.py:151} INFO - [2023-09-14T17:54:02.656+0100] {dagbag.py:539} INFO - Filling up the DagBag from /home/joestar/Documents/projects/airflow_etl/airflow_env/lib/python3.8/site-packages/airflow/example_dags/plugins/listener_plugin.py
[2023-09-14T17:54:02.659+0100] {processor.py:841} WARNING - No viable dags retrieved from /home/joestar/Documents/projects/airflow_etl/airflow_env/lib/python3.8/site-packages/airflow/example_dags/plugins/listener_plugin.py
[2023-09-14T17:54:02.667+0100] {processor.py:179} INFO - Processing /home/joestar/Documents/projects/airflow_etl/airflow_env/lib/python3.8/site-packages/airflow/example_dags/plugins/listener_plugin.py took 0.015 seconds
[2023-09-14T18:03:04.958+0100] {processor.py:157} INFO - Started process (PID=38711) to work on /home/joestar/Documents/projects/airflow_etl/airflow_env/lib/python3.8/site-packages/airflow/example_dags/plugins/listener_plugin.py
[2023-09-14T18:03:04.960+0100] {processor.py:829} INFO - Processing file /home/joestar/Documents/projects/airflow_etl/airflow_env/lib/python3.8/site-packages/airflow/example_dags/plugins/listener_plugin.py for tasks to queue
[2023-09-14T18:03:04.965+0100] {logging_mixin.py:151} INFO - [2023-09-14T18:03:04.962+0100] {dagbag.py:539} INFO - Filling up the DagBag from /home/joestar/Documents/projects/airflow_etl/airflow_env/lib/python3.8/site-packages/airflow/example_dags/plugins/listener_plugin.py
[2023-09-14T18:03:04.973+0100] {processor.py:841} WARNING - No viable dags retrieved from /home/joestar/Documents/projects/airflow_etl/airflow_env/lib/python3.8/site-packages/airflow/example_dags/plugins/listener_plugin.py
[2023-09-14T18:03:04.997+0100] {processor.py:179} INFO - Processing /home/joestar/Documents/projects/airflow_etl/airflow_env/lib/python3.8/site-packages/airflow/example_dags/plugins/listener_plugin.py took 0.047 seconds
[2023-09-14T18:03:58.081+0100] {processor.py:157} INFO - Started process (PID=38946) to work on /home/joestar/Documents/projects/airflow_etl/airflow_env/lib/python3.8/site-packages/airflow/example_dags/plugins/listener_plugin.py
[2023-09-14T18:03:58.083+0100] {processor.py:829} INFO - Processing file /home/joestar/Documents/projects/airflow_etl/airflow_env/lib/python3.8/site-packages/airflow/example_dags/plugins/listener_plugin.py for tasks to queue
[2023-09-14T18:03:58.085+0100] {logging_mixin.py:151} INFO - [2023-09-14T18:03:58.084+0100] {dagbag.py:539} INFO - Filling up the DagBag from /home/joestar/Documents/projects/airflow_etl/airflow_env/lib/python3.8/site-packages/airflow/example_dags/plugins/listener_plugin.py
[2023-09-14T18:03:58.088+0100] {processor.py:841} WARNING - No viable dags retrieved from /home/joestar/Documents/projects/airflow_etl/airflow_env/lib/python3.8/site-packages/airflow/example_dags/plugins/listener_plugin.py
[2023-09-14T18:03:58.100+0100] {processor.py:179} INFO - Processing /home/joestar/Documents/projects/airflow_etl/airflow_env/lib/python3.8/site-packages/airflow/example_dags/plugins/listener_plugin.py took 0.024 seconds
[2023-09-14T18:04:47.488+0100] {processor.py:157} INFO - Started process (PID=39176) to work on /home/joestar/Documents/projects/airflow_etl/airflow_env/lib/python3.8/site-packages/airflow/example_dags/plugins/listener_plugin.py
[2023-09-14T18:04:47.490+0100] {processor.py:829} INFO - Processing file /home/joestar/Documents/projects/airflow_etl/airflow_env/lib/python3.8/site-packages/airflow/example_dags/plugins/listener_plugin.py for tasks to queue
[2023-09-14T18:04:47.492+0100] {logging_mixin.py:151} INFO - [2023-09-14T18:04:47.491+0100] {dagbag.py:539} INFO - Filling up the DagBag from /home/joestar/Documents/projects/airflow_etl/airflow_env/lib/python3.8/site-packages/airflow/example_dags/plugins/listener_plugin.py
[2023-09-14T18:04:47.495+0100] {processor.py:841} WARNING - No viable dags retrieved from /home/joestar/Documents/projects/airflow_etl/airflow_env/lib/python3.8/site-packages/airflow/example_dags/plugins/listener_plugin.py
[2023-09-14T18:04:47.507+0100] {processor.py:179} INFO - Processing /home/joestar/Documents/projects/airflow_etl/airflow_env/lib/python3.8/site-packages/airflow/example_dags/plugins/listener_plugin.py took 0.023 seconds
