[2023-09-14T17:12:08.905+0100] {processor.py:157} INFO - Started process (PID=24272) to work on /home/joestar/Documents/projects/airflow_etl/airflow_env/lib/python3.8/site-packages/airflow/example_dags/plugins/workday.py
[2023-09-14T17:12:08.906+0100] {processor.py:829} INFO - Processing file /home/joestar/Documents/projects/airflow_etl/airflow_env/lib/python3.8/site-packages/airflow/example_dags/plugins/workday.py for tasks to queue
[2023-09-14T17:12:08.908+0100] {logging_mixin.py:151} INFO - [2023-09-14T17:12:08.907+0100] {dagbag.py:539} INFO - Filling up the DagBag from /home/joestar/Documents/projects/airflow_etl/airflow_env/lib/python3.8/site-packages/airflow/example_dags/plugins/workday.py
[2023-09-14T17:12:08.910+0100] {logging_mixin.py:151} INFO - [2023-09-14T17:12:08.910+0100] {workday.py:36} WARNING - Could not import pandas. Holidays will not be considered.
[2023-09-14T17:12:08.910+0100] {processor.py:841} WARNING - No viable dags retrieved from /home/joestar/Documents/projects/airflow_etl/airflow_env/lib/python3.8/site-packages/airflow/example_dags/plugins/workday.py
[2023-09-14T17:12:08.918+0100] {processor.py:179} INFO - Processing /home/joestar/Documents/projects/airflow_etl/airflow_env/lib/python3.8/site-packages/airflow/example_dags/plugins/workday.py took 0.018 seconds
[2023-09-14T17:13:03.408+0100] {processor.py:157} INFO - Started process (PID=24685) to work on /home/joestar/Documents/projects/airflow_etl/airflow_env/lib/python3.8/site-packages/airflow/example_dags/plugins/workday.py
[2023-09-14T17:13:03.410+0100] {processor.py:829} INFO - Processing file /home/joestar/Documents/projects/airflow_etl/airflow_env/lib/python3.8/site-packages/airflow/example_dags/plugins/workday.py for tasks to queue
[2023-09-14T17:13:03.411+0100] {logging_mixin.py:151} INFO - [2023-09-14T17:13:03.410+0100] {dagbag.py:539} INFO - Filling up the DagBag from /home/joestar/Documents/projects/airflow_etl/airflow_env/lib/python3.8/site-packages/airflow/example_dags/plugins/workday.py
[2023-09-14T17:13:03.415+0100] {logging_mixin.py:151} INFO - [2023-09-14T17:13:03.415+0100] {workday.py:36} WARNING - Could not import pandas. Holidays will not be considered.
[2023-09-14T17:13:03.416+0100] {processor.py:841} WARNING - No viable dags retrieved from /home/joestar/Documents/projects/airflow_etl/airflow_env/lib/python3.8/site-packages/airflow/example_dags/plugins/workday.py
[2023-09-14T17:13:03.427+0100] {processor.py:179} INFO - Processing /home/joestar/Documents/projects/airflow_etl/airflow_env/lib/python3.8/site-packages/airflow/example_dags/plugins/workday.py took 0.026 seconds
[2023-09-14T17:13:49.959+0100] {processor.py:157} INFO - Started process (PID=25017) to work on /home/joestar/Documents/projects/airflow_etl/airflow_env/lib/python3.8/site-packages/airflow/example_dags/plugins/workday.py
[2023-09-14T17:13:49.961+0100] {processor.py:829} INFO - Processing file /home/joestar/Documents/projects/airflow_etl/airflow_env/lib/python3.8/site-packages/airflow/example_dags/plugins/workday.py for tasks to queue
[2023-09-14T17:13:49.963+0100] {logging_mixin.py:151} INFO - [2023-09-14T17:13:49.962+0100] {dagbag.py:539} INFO - Filling up the DagBag from /home/joestar/Documents/projects/airflow_etl/airflow_env/lib/python3.8/site-packages/airflow/example_dags/plugins/workday.py
[2023-09-14T17:13:49.966+0100] {logging_mixin.py:151} INFO - [2023-09-14T17:13:49.966+0100] {workday.py:36} WARNING - Could not import pandas. Holidays will not be considered.
[2023-09-14T17:13:49.967+0100] {processor.py:841} WARNING - No viable dags retrieved from /home/joestar/Documents/projects/airflow_etl/airflow_env/lib/python3.8/site-packages/airflow/example_dags/plugins/workday.py
[2023-09-14T17:13:49.979+0100] {processor.py:179} INFO - Processing /home/joestar/Documents/projects/airflow_etl/airflow_env/lib/python3.8/site-packages/airflow/example_dags/plugins/workday.py took 0.024 seconds
[2023-09-14T17:14:37.108+0100] {processor.py:157} INFO - Started process (PID=25324) to work on /home/joestar/Documents/projects/airflow_etl/airflow_env/lib/python3.8/site-packages/airflow/example_dags/plugins/workday.py
[2023-09-14T17:14:37.110+0100] {processor.py:829} INFO - Processing file /home/joestar/Documents/projects/airflow_etl/airflow_env/lib/python3.8/site-packages/airflow/example_dags/plugins/workday.py for tasks to queue
[2023-09-14T17:14:37.111+0100] {logging_mixin.py:151} INFO - [2023-09-14T17:14:37.110+0100] {dagbag.py:539} INFO - Filling up the DagBag from /home/joestar/Documents/projects/airflow_etl/airflow_env/lib/python3.8/site-packages/airflow/example_dags/plugins/workday.py
[2023-09-14T17:14:37.114+0100] {logging_mixin.py:151} INFO - [2023-09-14T17:14:37.114+0100] {workday.py:36} WARNING - Could not import pandas. Holidays will not be considered.
[2023-09-14T17:14:37.114+0100] {processor.py:841} WARNING - No viable dags retrieved from /home/joestar/Documents/projects/airflow_etl/airflow_env/lib/python3.8/site-packages/airflow/example_dags/plugins/workday.py
[2023-09-14T17:14:37.128+0100] {processor.py:179} INFO - Processing /home/joestar/Documents/projects/airflow_etl/airflow_env/lib/python3.8/site-packages/airflow/example_dags/plugins/workday.py took 0.025 seconds
[2023-09-14T17:15:17.597+0100] {processor.py:157} INFO - Started process (PID=25867) to work on /home/joestar/Documents/projects/airflow_etl/airflow_env/lib/python3.8/site-packages/airflow/example_dags/plugins/workday.py
[2023-09-14T17:15:17.598+0100] {processor.py:829} INFO - Processing file /home/joestar/Documents/projects/airflow_etl/airflow_env/lib/python3.8/site-packages/airflow/example_dags/plugins/workday.py for tasks to queue
[2023-09-14T17:15:17.599+0100] {logging_mixin.py:151} INFO - [2023-09-14T17:15:17.598+0100] {dagbag.py:539} INFO - Filling up the DagBag from /home/joestar/Documents/projects/airflow_etl/airflow_env/lib/python3.8/site-packages/airflow/example_dags/plugins/workday.py
[2023-09-14T17:15:17.601+0100] {logging_mixin.py:151} INFO - [2023-09-14T17:15:17.601+0100] {workday.py:36} WARNING - Could not import pandas. Holidays will not be considered.
[2023-09-14T17:15:17.601+0100] {processor.py:841} WARNING - No viable dags retrieved from /home/joestar/Documents/projects/airflow_etl/airflow_env/lib/python3.8/site-packages/airflow/example_dags/plugins/workday.py
[2023-09-14T17:15:17.612+0100] {processor.py:179} INFO - Processing /home/joestar/Documents/projects/airflow_etl/airflow_env/lib/python3.8/site-packages/airflow/example_dags/plugins/workday.py took 0.019 seconds
[2023-09-14T17:15:56.031+0100] {processor.py:157} INFO - Started process (PID=26039) to work on /home/joestar/Documents/projects/airflow_etl/airflow_env/lib/python3.8/site-packages/airflow/example_dags/plugins/workday.py
[2023-09-14T17:15:56.032+0100] {processor.py:829} INFO - Processing file /home/joestar/Documents/projects/airflow_etl/airflow_env/lib/python3.8/site-packages/airflow/example_dags/plugins/workday.py for tasks to queue
[2023-09-14T17:15:56.033+0100] {logging_mixin.py:151} INFO - [2023-09-14T17:15:56.032+0100] {dagbag.py:539} INFO - Filling up the DagBag from /home/joestar/Documents/projects/airflow_etl/airflow_env/lib/python3.8/site-packages/airflow/example_dags/plugins/workday.py
[2023-09-14T17:15:56.036+0100] {logging_mixin.py:151} INFO - [2023-09-14T17:15:56.036+0100] {workday.py:36} WARNING - Could not import pandas. Holidays will not be considered.
[2023-09-14T17:15:56.036+0100] {processor.py:841} WARNING - No viable dags retrieved from /home/joestar/Documents/projects/airflow_etl/airflow_env/lib/python3.8/site-packages/airflow/example_dags/plugins/workday.py
[2023-09-14T17:15:56.046+0100] {processor.py:179} INFO - Processing /home/joestar/Documents/projects/airflow_etl/airflow_env/lib/python3.8/site-packages/airflow/example_dags/plugins/workday.py took 0.018 seconds
[2023-09-14T17:16:49.059+0100] {processor.py:157} INFO - Started process (PID=26284) to work on /home/joestar/Documents/projects/airflow_etl/airflow_env/lib/python3.8/site-packages/airflow/example_dags/plugins/workday.py
[2023-09-14T17:16:49.060+0100] {processor.py:829} INFO - Processing file /home/joestar/Documents/projects/airflow_etl/airflow_env/lib/python3.8/site-packages/airflow/example_dags/plugins/workday.py for tasks to queue
[2023-09-14T17:16:49.061+0100] {logging_mixin.py:151} INFO - [2023-09-14T17:16:49.061+0100] {dagbag.py:539} INFO - Filling up the DagBag from /home/joestar/Documents/projects/airflow_etl/airflow_env/lib/python3.8/site-packages/airflow/example_dags/plugins/workday.py
[2023-09-14T17:16:49.064+0100] {logging_mixin.py:151} INFO - [2023-09-14T17:16:49.063+0100] {workday.py:36} WARNING - Could not import pandas. Holidays will not be considered.
[2023-09-14T17:16:49.064+0100] {processor.py:841} WARNING - No viable dags retrieved from /home/joestar/Documents/projects/airflow_etl/airflow_env/lib/python3.8/site-packages/airflow/example_dags/plugins/workday.py
[2023-09-14T17:16:49.072+0100] {processor.py:179} INFO - Processing /home/joestar/Documents/projects/airflow_etl/airflow_env/lib/python3.8/site-packages/airflow/example_dags/plugins/workday.py took 0.015 seconds
[2023-09-14T17:17:40.074+0100] {processor.py:157} INFO - Started process (PID=26550) to work on /home/joestar/Documents/projects/airflow_etl/airflow_env/lib/python3.8/site-packages/airflow/example_dags/plugins/workday.py
[2023-09-14T17:17:40.075+0100] {processor.py:829} INFO - Processing file /home/joestar/Documents/projects/airflow_etl/airflow_env/lib/python3.8/site-packages/airflow/example_dags/plugins/workday.py for tasks to queue
[2023-09-14T17:17:40.075+0100] {logging_mixin.py:151} INFO - [2023-09-14T17:17:40.075+0100] {dagbag.py:539} INFO - Filling up the DagBag from /home/joestar/Documents/projects/airflow_etl/airflow_env/lib/python3.8/site-packages/airflow/example_dags/plugins/workday.py
[2023-09-14T17:17:40.079+0100] {logging_mixin.py:151} INFO - [2023-09-14T17:17:40.078+0100] {workday.py:36} WARNING - Could not import pandas. Holidays will not be considered.
[2023-09-14T17:17:40.079+0100] {processor.py:841} WARNING - No viable dags retrieved from /home/joestar/Documents/projects/airflow_etl/airflow_env/lib/python3.8/site-packages/airflow/example_dags/plugins/workday.py
[2023-09-14T17:17:40.088+0100] {processor.py:179} INFO - Processing /home/joestar/Documents/projects/airflow_etl/airflow_env/lib/python3.8/site-packages/airflow/example_dags/plugins/workday.py took 0.017 seconds
[2023-09-14T17:18:27.698+0100] {processor.py:157} INFO - Started process (PID=26832) to work on /home/joestar/Documents/projects/airflow_etl/airflow_env/lib/python3.8/site-packages/airflow/example_dags/plugins/workday.py
[2023-09-14T17:18:27.699+0100] {processor.py:829} INFO - Processing file /home/joestar/Documents/projects/airflow_etl/airflow_env/lib/python3.8/site-packages/airflow/example_dags/plugins/workday.py for tasks to queue
[2023-09-14T17:18:27.700+0100] {logging_mixin.py:151} INFO - [2023-09-14T17:18:27.700+0100] {dagbag.py:539} INFO - Filling up the DagBag from /home/joestar/Documents/projects/airflow_etl/airflow_env/lib/python3.8/site-packages/airflow/example_dags/plugins/workday.py
[2023-09-14T17:18:27.704+0100] {logging_mixin.py:151} INFO - [2023-09-14T17:18:27.703+0100] {workday.py:36} WARNING - Could not import pandas. Holidays will not be considered.
[2023-09-14T17:18:27.704+0100] {processor.py:841} WARNING - No viable dags retrieved from /home/joestar/Documents/projects/airflow_etl/airflow_env/lib/python3.8/site-packages/airflow/example_dags/plugins/workday.py
[2023-09-14T17:18:27.716+0100] {processor.py:179} INFO - Processing /home/joestar/Documents/projects/airflow_etl/airflow_env/lib/python3.8/site-packages/airflow/example_dags/plugins/workday.py took 0.020 seconds
[2023-09-14T17:19:25.425+0100] {processor.py:157} INFO - Started process (PID=27283) to work on /home/joestar/Documents/projects/airflow_etl/airflow_env/lib/python3.8/site-packages/airflow/example_dags/plugins/workday.py
[2023-09-14T17:19:25.426+0100] {processor.py:829} INFO - Processing file /home/joestar/Documents/projects/airflow_etl/airflow_env/lib/python3.8/site-packages/airflow/example_dags/plugins/workday.py for tasks to queue
[2023-09-14T17:19:25.427+0100] {logging_mixin.py:151} INFO - [2023-09-14T17:19:25.427+0100] {dagbag.py:539} INFO - Filling up the DagBag from /home/joestar/Documents/projects/airflow_etl/airflow_env/lib/python3.8/site-packages/airflow/example_dags/plugins/workday.py
[2023-09-14T17:19:25.433+0100] {logging_mixin.py:151} INFO - [2023-09-14T17:19:25.433+0100] {workday.py:36} WARNING - Could not import pandas. Holidays will not be considered.
[2023-09-14T17:19:25.434+0100] {processor.py:841} WARNING - No viable dags retrieved from /home/joestar/Documents/projects/airflow_etl/airflow_env/lib/python3.8/site-packages/airflow/example_dags/plugins/workday.py
[2023-09-14T17:19:25.452+0100] {processor.py:179} INFO - Processing /home/joestar/Documents/projects/airflow_etl/airflow_env/lib/python3.8/site-packages/airflow/example_dags/plugins/workday.py took 0.034 seconds
[2023-09-14T17:20:05.028+0100] {processor.py:157} INFO - Started process (PID=27468) to work on /home/joestar/Documents/projects/airflow_etl/airflow_env/lib/python3.8/site-packages/airflow/example_dags/plugins/workday.py
[2023-09-14T17:20:05.029+0100] {processor.py:829} INFO - Processing file /home/joestar/Documents/projects/airflow_etl/airflow_env/lib/python3.8/site-packages/airflow/example_dags/plugins/workday.py for tasks to queue
[2023-09-14T17:20:05.030+0100] {logging_mixin.py:151} INFO - [2023-09-14T17:20:05.029+0100] {dagbag.py:539} INFO - Filling up the DagBag from /home/joestar/Documents/projects/airflow_etl/airflow_env/lib/python3.8/site-packages/airflow/example_dags/plugins/workday.py
[2023-09-14T17:20:05.032+0100] {logging_mixin.py:151} INFO - [2023-09-14T17:20:05.032+0100] {workday.py:36} WARNING - Could not import pandas. Holidays will not be considered.
[2023-09-14T17:20:05.032+0100] {processor.py:841} WARNING - No viable dags retrieved from /home/joestar/Documents/projects/airflow_etl/airflow_env/lib/python3.8/site-packages/airflow/example_dags/plugins/workday.py
[2023-09-14T17:20:05.041+0100] {processor.py:179} INFO - Processing /home/joestar/Documents/projects/airflow_etl/airflow_env/lib/python3.8/site-packages/airflow/example_dags/plugins/workday.py took 0.016 seconds
[2023-09-14T17:20:55.220+0100] {processor.py:157} INFO - Started process (PID=27669) to work on /home/joestar/Documents/projects/airflow_etl/airflow_env/lib/python3.8/site-packages/airflow/example_dags/plugins/workday.py
[2023-09-14T17:20:55.220+0100] {processor.py:829} INFO - Processing file /home/joestar/Documents/projects/airflow_etl/airflow_env/lib/python3.8/site-packages/airflow/example_dags/plugins/workday.py for tasks to queue
[2023-09-14T17:20:55.221+0100] {logging_mixin.py:151} INFO - [2023-09-14T17:20:55.221+0100] {dagbag.py:539} INFO - Filling up the DagBag from /home/joestar/Documents/projects/airflow_etl/airflow_env/lib/python3.8/site-packages/airflow/example_dags/plugins/workday.py
[2023-09-14T17:20:55.224+0100] {logging_mixin.py:151} INFO - [2023-09-14T17:20:55.223+0100] {workday.py:36} WARNING - Could not import pandas. Holidays will not be considered.
[2023-09-14T17:20:55.224+0100] {processor.py:841} WARNING - No viable dags retrieved from /home/joestar/Documents/projects/airflow_etl/airflow_env/lib/python3.8/site-packages/airflow/example_dags/plugins/workday.py
[2023-09-14T17:20:55.233+0100] {processor.py:179} INFO - Processing /home/joestar/Documents/projects/airflow_etl/airflow_env/lib/python3.8/site-packages/airflow/example_dags/plugins/workday.py took 0.016 seconds
[2023-09-14T17:21:48.927+0100] {processor.py:157} INFO - Started process (PID=27912) to work on /home/joestar/Documents/projects/airflow_etl/airflow_env/lib/python3.8/site-packages/airflow/example_dags/plugins/workday.py
[2023-09-14T17:21:48.928+0100] {processor.py:829} INFO - Processing file /home/joestar/Documents/projects/airflow_etl/airflow_env/lib/python3.8/site-packages/airflow/example_dags/plugins/workday.py for tasks to queue
[2023-09-14T17:21:48.929+0100] {logging_mixin.py:151} INFO - [2023-09-14T17:21:48.928+0100] {dagbag.py:539} INFO - Filling up the DagBag from /home/joestar/Documents/projects/airflow_etl/airflow_env/lib/python3.8/site-packages/airflow/example_dags/plugins/workday.py
[2023-09-14T17:21:48.932+0100] {logging_mixin.py:151} INFO - [2023-09-14T17:21:48.932+0100] {workday.py:36} WARNING - Could not import pandas. Holidays will not be considered.
[2023-09-14T17:21:48.933+0100] {processor.py:841} WARNING - No viable dags retrieved from /home/joestar/Documents/projects/airflow_etl/airflow_env/lib/python3.8/site-packages/airflow/example_dags/plugins/workday.py
[2023-09-14T17:21:48.943+0100] {processor.py:179} INFO - Processing /home/joestar/Documents/projects/airflow_etl/airflow_env/lib/python3.8/site-packages/airflow/example_dags/plugins/workday.py took 0.019 seconds
[2023-09-14T17:22:42.837+0100] {processor.py:157} INFO - Started process (PID=28136) to work on /home/joestar/Documents/projects/airflow_etl/airflow_env/lib/python3.8/site-packages/airflow/example_dags/plugins/workday.py
[2023-09-14T17:22:42.838+0100] {processor.py:829} INFO - Processing file /home/joestar/Documents/projects/airflow_etl/airflow_env/lib/python3.8/site-packages/airflow/example_dags/plugins/workday.py for tasks to queue
[2023-09-14T17:22:42.839+0100] {logging_mixin.py:151} INFO - [2023-09-14T17:22:42.838+0100] {dagbag.py:539} INFO - Filling up the DagBag from /home/joestar/Documents/projects/airflow_etl/airflow_env/lib/python3.8/site-packages/airflow/example_dags/plugins/workday.py
[2023-09-14T17:22:42.842+0100] {logging_mixin.py:151} INFO - [2023-09-14T17:22:42.842+0100] {workday.py:36} WARNING - Could not import pandas. Holidays will not be considered.
[2023-09-14T17:22:42.842+0100] {processor.py:841} WARNING - No viable dags retrieved from /home/joestar/Documents/projects/airflow_etl/airflow_env/lib/python3.8/site-packages/airflow/example_dags/plugins/workday.py
[2023-09-14T17:22:42.851+0100] {processor.py:179} INFO - Processing /home/joestar/Documents/projects/airflow_etl/airflow_env/lib/python3.8/site-packages/airflow/example_dags/plugins/workday.py took 0.017 seconds
[2023-09-14T17:23:36.163+0100] {processor.py:157} INFO - Started process (PID=28383) to work on /home/joestar/Documents/projects/airflow_etl/airflow_env/lib/python3.8/site-packages/airflow/example_dags/plugins/workday.py
[2023-09-14T17:23:36.164+0100] {processor.py:829} INFO - Processing file /home/joestar/Documents/projects/airflow_etl/airflow_env/lib/python3.8/site-packages/airflow/example_dags/plugins/workday.py for tasks to queue
[2023-09-14T17:23:36.165+0100] {logging_mixin.py:151} INFO - [2023-09-14T17:23:36.165+0100] {dagbag.py:539} INFO - Filling up the DagBag from /home/joestar/Documents/projects/airflow_etl/airflow_env/lib/python3.8/site-packages/airflow/example_dags/plugins/workday.py
[2023-09-14T17:23:36.170+0100] {logging_mixin.py:151} INFO - [2023-09-14T17:23:36.170+0100] {workday.py:36} WARNING - Could not import pandas. Holidays will not be considered.
[2023-09-14T17:23:36.171+0100] {processor.py:841} WARNING - No viable dags retrieved from /home/joestar/Documents/projects/airflow_etl/airflow_env/lib/python3.8/site-packages/airflow/example_dags/plugins/workday.py
[2023-09-14T17:23:36.185+0100] {processor.py:179} INFO - Processing /home/joestar/Documents/projects/airflow_etl/airflow_env/lib/python3.8/site-packages/airflow/example_dags/plugins/workday.py took 0.026 seconds
[2023-09-14T17:24:15.453+0100] {processor.py:157} INFO - Started process (PID=28565) to work on /home/joestar/Documents/projects/airflow_etl/airflow_env/lib/python3.8/site-packages/airflow/example_dags/plugins/workday.py
[2023-09-14T17:24:15.454+0100] {processor.py:829} INFO - Processing file /home/joestar/Documents/projects/airflow_etl/airflow_env/lib/python3.8/site-packages/airflow/example_dags/plugins/workday.py for tasks to queue
[2023-09-14T17:24:15.455+0100] {logging_mixin.py:151} INFO - [2023-09-14T17:24:15.455+0100] {dagbag.py:539} INFO - Filling up the DagBag from /home/joestar/Documents/projects/airflow_etl/airflow_env/lib/python3.8/site-packages/airflow/example_dags/plugins/workday.py
[2023-09-14T17:24:15.458+0100] {logging_mixin.py:151} INFO - [2023-09-14T17:24:15.458+0100] {workday.py:36} WARNING - Could not import pandas. Holidays will not be considered.
[2023-09-14T17:24:15.458+0100] {processor.py:841} WARNING - No viable dags retrieved from /home/joestar/Documents/projects/airflow_etl/airflow_env/lib/python3.8/site-packages/airflow/example_dags/plugins/workday.py
[2023-09-14T17:24:15.467+0100] {processor.py:179} INFO - Processing /home/joestar/Documents/projects/airflow_etl/airflow_env/lib/python3.8/site-packages/airflow/example_dags/plugins/workday.py took 0.017 seconds
[2023-09-14T17:24:55.583+0100] {processor.py:157} INFO - Started process (PID=28722) to work on /home/joestar/Documents/projects/airflow_etl/airflow_env/lib/python3.8/site-packages/airflow/example_dags/plugins/workday.py
[2023-09-14T17:24:55.584+0100] {processor.py:829} INFO - Processing file /home/joestar/Documents/projects/airflow_etl/airflow_env/lib/python3.8/site-packages/airflow/example_dags/plugins/workday.py for tasks to queue
[2023-09-14T17:24:55.585+0100] {logging_mixin.py:151} INFO - [2023-09-14T17:24:55.584+0100] {dagbag.py:539} INFO - Filling up the DagBag from /home/joestar/Documents/projects/airflow_etl/airflow_env/lib/python3.8/site-packages/airflow/example_dags/plugins/workday.py
[2023-09-14T17:24:55.588+0100] {logging_mixin.py:151} INFO - [2023-09-14T17:24:55.588+0100] {workday.py:36} WARNING - Could not import pandas. Holidays will not be considered.
[2023-09-14T17:24:55.589+0100] {processor.py:841} WARNING - No viable dags retrieved from /home/joestar/Documents/projects/airflow_etl/airflow_env/lib/python3.8/site-packages/airflow/example_dags/plugins/workday.py
[2023-09-14T17:24:55.599+0100] {processor.py:179} INFO - Processing /home/joestar/Documents/projects/airflow_etl/airflow_env/lib/python3.8/site-packages/airflow/example_dags/plugins/workday.py took 0.020 seconds
[2023-09-14T17:25:32.879+0100] {processor.py:157} INFO - Started process (PID=28871) to work on /home/joestar/Documents/projects/airflow_etl/airflow_env/lib/python3.8/site-packages/airflow/example_dags/plugins/workday.py
[2023-09-14T17:25:32.879+0100] {processor.py:829} INFO - Processing file /home/joestar/Documents/projects/airflow_etl/airflow_env/lib/python3.8/site-packages/airflow/example_dags/plugins/workday.py for tasks to queue
[2023-09-14T17:25:32.880+0100] {logging_mixin.py:151} INFO - [2023-09-14T17:25:32.880+0100] {dagbag.py:539} INFO - Filling up the DagBag from /home/joestar/Documents/projects/airflow_etl/airflow_env/lib/python3.8/site-packages/airflow/example_dags/plugins/workday.py
[2023-09-14T17:25:32.883+0100] {logging_mixin.py:151} INFO - [2023-09-14T17:25:32.883+0100] {workday.py:36} WARNING - Could not import pandas. Holidays will not be considered.
[2023-09-14T17:25:32.883+0100] {processor.py:841} WARNING - No viable dags retrieved from /home/joestar/Documents/projects/airflow_etl/airflow_env/lib/python3.8/site-packages/airflow/example_dags/plugins/workday.py
[2023-09-14T17:25:32.894+0100] {processor.py:179} INFO - Processing /home/joestar/Documents/projects/airflow_etl/airflow_env/lib/python3.8/site-packages/airflow/example_dags/plugins/workday.py took 0.018 seconds
[2023-09-14T17:26:26.350+0100] {processor.py:157} INFO - Started process (PID=29111) to work on /home/joestar/Documents/projects/airflow_etl/airflow_env/lib/python3.8/site-packages/airflow/example_dags/plugins/workday.py
[2023-09-14T17:26:26.351+0100] {processor.py:829} INFO - Processing file /home/joestar/Documents/projects/airflow_etl/airflow_env/lib/python3.8/site-packages/airflow/example_dags/plugins/workday.py for tasks to queue
[2023-09-14T17:26:26.352+0100] {logging_mixin.py:151} INFO - [2023-09-14T17:26:26.352+0100] {dagbag.py:539} INFO - Filling up the DagBag from /home/joestar/Documents/projects/airflow_etl/airflow_env/lib/python3.8/site-packages/airflow/example_dags/plugins/workday.py
[2023-09-14T17:26:26.356+0100] {logging_mixin.py:151} INFO - [2023-09-14T17:26:26.356+0100] {workday.py:36} WARNING - Could not import pandas. Holidays will not be considered.
[2023-09-14T17:26:26.356+0100] {processor.py:841} WARNING - No viable dags retrieved from /home/joestar/Documents/projects/airflow_etl/airflow_env/lib/python3.8/site-packages/airflow/example_dags/plugins/workday.py
[2023-09-14T17:26:26.366+0100] {processor.py:179} INFO - Processing /home/joestar/Documents/projects/airflow_etl/airflow_env/lib/python3.8/site-packages/airflow/example_dags/plugins/workday.py took 0.020 seconds
[2023-09-14T17:27:18.173+0100] {processor.py:157} INFO - Started process (PID=29348) to work on /home/joestar/Documents/projects/airflow_etl/airflow_env/lib/python3.8/site-packages/airflow/example_dags/plugins/workday.py
[2023-09-14T17:27:18.174+0100] {processor.py:829} INFO - Processing file /home/joestar/Documents/projects/airflow_etl/airflow_env/lib/python3.8/site-packages/airflow/example_dags/plugins/workday.py for tasks to queue
[2023-09-14T17:27:18.176+0100] {logging_mixin.py:151} INFO - [2023-09-14T17:27:18.175+0100] {dagbag.py:539} INFO - Filling up the DagBag from /home/joestar/Documents/projects/airflow_etl/airflow_env/lib/python3.8/site-packages/airflow/example_dags/plugins/workday.py
[2023-09-14T17:27:18.180+0100] {logging_mixin.py:151} INFO - [2023-09-14T17:27:18.179+0100] {workday.py:36} WARNING - Could not import pandas. Holidays will not be considered.
[2023-09-14T17:27:18.180+0100] {processor.py:841} WARNING - No viable dags retrieved from /home/joestar/Documents/projects/airflow_etl/airflow_env/lib/python3.8/site-packages/airflow/example_dags/plugins/workday.py
[2023-09-14T17:27:18.195+0100] {processor.py:179} INFO - Processing /home/joestar/Documents/projects/airflow_etl/airflow_env/lib/python3.8/site-packages/airflow/example_dags/plugins/workday.py took 0.026 seconds
[2023-09-14T17:27:55.150+0100] {processor.py:157} INFO - Started process (PID=29495) to work on /home/joestar/Documents/projects/airflow_etl/airflow_env/lib/python3.8/site-packages/airflow/example_dags/plugins/workday.py
[2023-09-14T17:27:55.151+0100] {processor.py:829} INFO - Processing file /home/joestar/Documents/projects/airflow_etl/airflow_env/lib/python3.8/site-packages/airflow/example_dags/plugins/workday.py for tasks to queue
[2023-09-14T17:27:55.152+0100] {logging_mixin.py:151} INFO - [2023-09-14T17:27:55.151+0100] {dagbag.py:539} INFO - Filling up the DagBag from /home/joestar/Documents/projects/airflow_etl/airflow_env/lib/python3.8/site-packages/airflow/example_dags/plugins/workday.py
[2023-09-14T17:27:55.155+0100] {logging_mixin.py:151} INFO - [2023-09-14T17:27:55.155+0100] {workday.py:36} WARNING - Could not import pandas. Holidays will not be considered.
[2023-09-14T17:27:55.155+0100] {processor.py:841} WARNING - No viable dags retrieved from /home/joestar/Documents/projects/airflow_etl/airflow_env/lib/python3.8/site-packages/airflow/example_dags/plugins/workday.py
[2023-09-14T17:27:55.165+0100] {processor.py:179} INFO - Processing /home/joestar/Documents/projects/airflow_etl/airflow_env/lib/python3.8/site-packages/airflow/example_dags/plugins/workday.py took 0.018 seconds
[2023-09-14T17:28:31.957+0100] {processor.py:157} INFO - Started process (PID=29673) to work on /home/joestar/Documents/projects/airflow_etl/airflow_env/lib/python3.8/site-packages/airflow/example_dags/plugins/workday.py
[2023-09-14T17:28:31.959+0100] {processor.py:829} INFO - Processing file /home/joestar/Documents/projects/airflow_etl/airflow_env/lib/python3.8/site-packages/airflow/example_dags/plugins/workday.py for tasks to queue
[2023-09-14T17:28:31.961+0100] {logging_mixin.py:151} INFO - [2023-09-14T17:28:31.960+0100] {dagbag.py:539} INFO - Filling up the DagBag from /home/joestar/Documents/projects/airflow_etl/airflow_env/lib/python3.8/site-packages/airflow/example_dags/plugins/workday.py
[2023-09-14T17:28:31.964+0100] {logging_mixin.py:151} INFO - [2023-09-14T17:28:31.964+0100] {workday.py:36} WARNING - Could not import pandas. Holidays will not be considered.
[2023-09-14T17:28:31.965+0100] {processor.py:841} WARNING - No viable dags retrieved from /home/joestar/Documents/projects/airflow_etl/airflow_env/lib/python3.8/site-packages/airflow/example_dags/plugins/workday.py
[2023-09-14T17:28:31.977+0100] {processor.py:179} INFO - Processing /home/joestar/Documents/projects/airflow_etl/airflow_env/lib/python3.8/site-packages/airflow/example_dags/plugins/workday.py took 0.023 seconds
[2023-09-14T17:29:23.585+0100] {processor.py:157} INFO - Started process (PID=29925) to work on /home/joestar/Documents/projects/airflow_etl/airflow_env/lib/python3.8/site-packages/airflow/example_dags/plugins/workday.py
[2023-09-14T17:29:23.586+0100] {processor.py:829} INFO - Processing file /home/joestar/Documents/projects/airflow_etl/airflow_env/lib/python3.8/site-packages/airflow/example_dags/plugins/workday.py for tasks to queue
[2023-09-14T17:29:23.586+0100] {logging_mixin.py:151} INFO - [2023-09-14T17:29:23.586+0100] {dagbag.py:539} INFO - Filling up the DagBag from /home/joestar/Documents/projects/airflow_etl/airflow_env/lib/python3.8/site-packages/airflow/example_dags/plugins/workday.py
[2023-09-14T17:29:23.589+0100] {logging_mixin.py:151} INFO - [2023-09-14T17:29:23.589+0100] {workday.py:36} WARNING - Could not import pandas. Holidays will not be considered.
[2023-09-14T17:29:23.590+0100] {processor.py:841} WARNING - No viable dags retrieved from /home/joestar/Documents/projects/airflow_etl/airflow_env/lib/python3.8/site-packages/airflow/example_dags/plugins/workday.py
[2023-09-14T17:29:23.598+0100] {processor.py:179} INFO - Processing /home/joestar/Documents/projects/airflow_etl/airflow_env/lib/python3.8/site-packages/airflow/example_dags/plugins/workday.py took 0.017 seconds
[2023-09-14T17:30:15.669+0100] {processor.py:157} INFO - Started process (PID=30176) to work on /home/joestar/Documents/projects/airflow_etl/airflow_env/lib/python3.8/site-packages/airflow/example_dags/plugins/workday.py
[2023-09-14T17:30:15.671+0100] {processor.py:829} INFO - Processing file /home/joestar/Documents/projects/airflow_etl/airflow_env/lib/python3.8/site-packages/airflow/example_dags/plugins/workday.py for tasks to queue
[2023-09-14T17:30:15.672+0100] {logging_mixin.py:151} INFO - [2023-09-14T17:30:15.671+0100] {dagbag.py:539} INFO - Filling up the DagBag from /home/joestar/Documents/projects/airflow_etl/airflow_env/lib/python3.8/site-packages/airflow/example_dags/plugins/workday.py
[2023-09-14T17:30:15.676+0100] {logging_mixin.py:151} INFO - [2023-09-14T17:30:15.676+0100] {workday.py:36} WARNING - Could not import pandas. Holidays will not be considered.
[2023-09-14T17:30:15.677+0100] {processor.py:841} WARNING - No viable dags retrieved from /home/joestar/Documents/projects/airflow_etl/airflow_env/lib/python3.8/site-packages/airflow/example_dags/plugins/workday.py
[2023-09-14T17:30:15.695+0100] {processor.py:179} INFO - Processing /home/joestar/Documents/projects/airflow_etl/airflow_env/lib/python3.8/site-packages/airflow/example_dags/plugins/workday.py took 0.030 seconds
[2023-09-14T17:31:07.817+0100] {processor.py:157} INFO - Started process (PID=30417) to work on /home/joestar/Documents/projects/airflow_etl/airflow_env/lib/python3.8/site-packages/airflow/example_dags/plugins/workday.py
[2023-09-14T17:31:07.818+0100] {processor.py:829} INFO - Processing file /home/joestar/Documents/projects/airflow_etl/airflow_env/lib/python3.8/site-packages/airflow/example_dags/plugins/workday.py for tasks to queue
[2023-09-14T17:31:07.819+0100] {logging_mixin.py:151} INFO - [2023-09-14T17:31:07.819+0100] {dagbag.py:539} INFO - Filling up the DagBag from /home/joestar/Documents/projects/airflow_etl/airflow_env/lib/python3.8/site-packages/airflow/example_dags/plugins/workday.py
[2023-09-14T17:31:07.824+0100] {logging_mixin.py:151} INFO - [2023-09-14T17:31:07.823+0100] {workday.py:36} WARNING - Could not import pandas. Holidays will not be considered.
[2023-09-14T17:31:07.824+0100] {processor.py:841} WARNING - No viable dags retrieved from /home/joestar/Documents/projects/airflow_etl/airflow_env/lib/python3.8/site-packages/airflow/example_dags/plugins/workday.py
[2023-09-14T17:31:07.837+0100] {processor.py:179} INFO - Processing /home/joestar/Documents/projects/airflow_etl/airflow_env/lib/python3.8/site-packages/airflow/example_dags/plugins/workday.py took 0.024 seconds
[2023-09-14T17:31:57.434+0100] {processor.py:157} INFO - Started process (PID=30616) to work on /home/joestar/Documents/projects/airflow_etl/airflow_env/lib/python3.8/site-packages/airflow/example_dags/plugins/workday.py
[2023-09-14T17:31:57.435+0100] {processor.py:829} INFO - Processing file /home/joestar/Documents/projects/airflow_etl/airflow_env/lib/python3.8/site-packages/airflow/example_dags/plugins/workday.py for tasks to queue
[2023-09-14T17:31:57.436+0100] {logging_mixin.py:151} INFO - [2023-09-14T17:31:57.436+0100] {dagbag.py:539} INFO - Filling up the DagBag from /home/joestar/Documents/projects/airflow_etl/airflow_env/lib/python3.8/site-packages/airflow/example_dags/plugins/workday.py
[2023-09-14T17:31:57.439+0100] {logging_mixin.py:151} INFO - [2023-09-14T17:31:57.439+0100] {workday.py:36} WARNING - Could not import pandas. Holidays will not be considered.
[2023-09-14T17:31:57.440+0100] {processor.py:841} WARNING - No viable dags retrieved from /home/joestar/Documents/projects/airflow_etl/airflow_env/lib/python3.8/site-packages/airflow/example_dags/plugins/workday.py
[2023-09-14T17:31:57.455+0100] {processor.py:179} INFO - Processing /home/joestar/Documents/projects/airflow_etl/airflow_env/lib/python3.8/site-packages/airflow/example_dags/plugins/workday.py took 0.025 seconds
[2023-09-14T17:32:50.600+0100] {processor.py:157} INFO - Started process (PID=30859) to work on /home/joestar/Documents/projects/airflow_etl/airflow_env/lib/python3.8/site-packages/airflow/example_dags/plugins/workday.py
[2023-09-14T17:32:50.601+0100] {processor.py:829} INFO - Processing file /home/joestar/Documents/projects/airflow_etl/airflow_env/lib/python3.8/site-packages/airflow/example_dags/plugins/workday.py for tasks to queue
[2023-09-14T17:32:50.603+0100] {logging_mixin.py:151} INFO - [2023-09-14T17:32:50.602+0100] {dagbag.py:539} INFO - Filling up the DagBag from /home/joestar/Documents/projects/airflow_etl/airflow_env/lib/python3.8/site-packages/airflow/example_dags/plugins/workday.py
[2023-09-14T17:32:50.607+0100] {logging_mixin.py:151} INFO - [2023-09-14T17:32:50.606+0100] {workday.py:36} WARNING - Could not import pandas. Holidays will not be considered.
[2023-09-14T17:32:50.607+0100] {processor.py:841} WARNING - No viable dags retrieved from /home/joestar/Documents/projects/airflow_etl/airflow_env/lib/python3.8/site-packages/airflow/example_dags/plugins/workday.py
[2023-09-14T17:32:50.618+0100] {processor.py:179} INFO - Processing /home/joestar/Documents/projects/airflow_etl/airflow_env/lib/python3.8/site-packages/airflow/example_dags/plugins/workday.py took 0.021 seconds
[2023-09-14T17:33:42.372+0100] {processor.py:157} INFO - Started process (PID=31093) to work on /home/joestar/Documents/projects/airflow_etl/airflow_env/lib/python3.8/site-packages/airflow/example_dags/plugins/workday.py
[2023-09-14T17:33:42.374+0100] {processor.py:829} INFO - Processing file /home/joestar/Documents/projects/airflow_etl/airflow_env/lib/python3.8/site-packages/airflow/example_dags/plugins/workday.py for tasks to queue
[2023-09-14T17:33:42.377+0100] {logging_mixin.py:151} INFO - [2023-09-14T17:33:42.376+0100] {dagbag.py:539} INFO - Filling up the DagBag from /home/joestar/Documents/projects/airflow_etl/airflow_env/lib/python3.8/site-packages/airflow/example_dags/plugins/workday.py
[2023-09-14T17:33:42.382+0100] {logging_mixin.py:151} INFO - [2023-09-14T17:33:42.382+0100] {workday.py:36} WARNING - Could not import pandas. Holidays will not be considered.
[2023-09-14T17:33:42.382+0100] {processor.py:841} WARNING - No viable dags retrieved from /home/joestar/Documents/projects/airflow_etl/airflow_env/lib/python3.8/site-packages/airflow/example_dags/plugins/workday.py
[2023-09-14T17:33:42.391+0100] {processor.py:179} INFO - Processing /home/joestar/Documents/projects/airflow_etl/airflow_env/lib/python3.8/site-packages/airflow/example_dags/plugins/workday.py took 0.022 seconds
[2023-09-14T17:34:19.809+0100] {processor.py:157} INFO - Started process (PID=31275) to work on /home/joestar/Documents/projects/airflow_etl/airflow_env/lib/python3.8/site-packages/airflow/example_dags/plugins/workday.py
[2023-09-14T17:34:19.810+0100] {processor.py:829} INFO - Processing file /home/joestar/Documents/projects/airflow_etl/airflow_env/lib/python3.8/site-packages/airflow/example_dags/plugins/workday.py for tasks to queue
[2023-09-14T17:34:19.811+0100] {logging_mixin.py:151} INFO - [2023-09-14T17:34:19.811+0100] {dagbag.py:539} INFO - Filling up the DagBag from /home/joestar/Documents/projects/airflow_etl/airflow_env/lib/python3.8/site-packages/airflow/example_dags/plugins/workday.py
[2023-09-14T17:34:19.815+0100] {logging_mixin.py:151} INFO - [2023-09-14T17:34:19.814+0100] {workday.py:36} WARNING - Could not import pandas. Holidays will not be considered.
[2023-09-14T17:34:19.815+0100] {processor.py:841} WARNING - No viable dags retrieved from /home/joestar/Documents/projects/airflow_etl/airflow_env/lib/python3.8/site-packages/airflow/example_dags/plugins/workday.py
[2023-09-14T17:34:19.826+0100] {processor.py:179} INFO - Processing /home/joestar/Documents/projects/airflow_etl/airflow_env/lib/python3.8/site-packages/airflow/example_dags/plugins/workday.py took 0.020 seconds
[2023-09-14T17:35:09.602+0100] {processor.py:157} INFO - Started process (PID=31518) to work on /home/joestar/Documents/projects/airflow_etl/airflow_env/lib/python3.8/site-packages/airflow/example_dags/plugins/workday.py
[2023-09-14T17:35:09.603+0100] {processor.py:829} INFO - Processing file /home/joestar/Documents/projects/airflow_etl/airflow_env/lib/python3.8/site-packages/airflow/example_dags/plugins/workday.py for tasks to queue
[2023-09-14T17:35:09.604+0100] {logging_mixin.py:151} INFO - [2023-09-14T17:35:09.604+0100] {dagbag.py:539} INFO - Filling up the DagBag from /home/joestar/Documents/projects/airflow_etl/airflow_env/lib/python3.8/site-packages/airflow/example_dags/plugins/workday.py
[2023-09-14T17:35:09.608+0100] {logging_mixin.py:151} INFO - [2023-09-14T17:35:09.607+0100] {workday.py:36} WARNING - Could not import pandas. Holidays will not be considered.
[2023-09-14T17:35:09.608+0100] {processor.py:841} WARNING - No viable dags retrieved from /home/joestar/Documents/projects/airflow_etl/airflow_env/lib/python3.8/site-packages/airflow/example_dags/plugins/workday.py
[2023-09-14T17:35:09.618+0100] {processor.py:179} INFO - Processing /home/joestar/Documents/projects/airflow_etl/airflow_env/lib/python3.8/site-packages/airflow/example_dags/plugins/workday.py took 0.019 seconds
[2023-09-14T17:36:02.697+0100] {processor.py:157} INFO - Started process (PID=31756) to work on /home/joestar/Documents/projects/airflow_etl/airflow_env/lib/python3.8/site-packages/airflow/example_dags/plugins/workday.py
[2023-09-14T17:36:02.698+0100] {processor.py:829} INFO - Processing file /home/joestar/Documents/projects/airflow_etl/airflow_env/lib/python3.8/site-packages/airflow/example_dags/plugins/workday.py for tasks to queue
[2023-09-14T17:36:02.699+0100] {logging_mixin.py:151} INFO - [2023-09-14T17:36:02.699+0100] {dagbag.py:539} INFO - Filling up the DagBag from /home/joestar/Documents/projects/airflow_etl/airflow_env/lib/python3.8/site-packages/airflow/example_dags/plugins/workday.py
[2023-09-14T17:36:02.703+0100] {logging_mixin.py:151} INFO - [2023-09-14T17:36:02.702+0100] {workday.py:36} WARNING - Could not import pandas. Holidays will not be considered.
[2023-09-14T17:36:02.703+0100] {processor.py:841} WARNING - No viable dags retrieved from /home/joestar/Documents/projects/airflow_etl/airflow_env/lib/python3.8/site-packages/airflow/example_dags/plugins/workday.py
[2023-09-14T17:36:02.714+0100] {processor.py:179} INFO - Processing /home/joestar/Documents/projects/airflow_etl/airflow_env/lib/python3.8/site-packages/airflow/example_dags/plugins/workday.py took 0.021 seconds
[2023-09-14T17:36:54.869+0100] {processor.py:157} INFO - Started process (PID=31980) to work on /home/joestar/Documents/projects/airflow_etl/airflow_env/lib/python3.8/site-packages/airflow/example_dags/plugins/workday.py
[2023-09-14T17:36:54.870+0100] {processor.py:829} INFO - Processing file /home/joestar/Documents/projects/airflow_etl/airflow_env/lib/python3.8/site-packages/airflow/example_dags/plugins/workday.py for tasks to queue
[2023-09-14T17:36:54.871+0100] {logging_mixin.py:151} INFO - [2023-09-14T17:36:54.871+0100] {dagbag.py:539} INFO - Filling up the DagBag from /home/joestar/Documents/projects/airflow_etl/airflow_env/lib/python3.8/site-packages/airflow/example_dags/plugins/workday.py
[2023-09-14T17:36:54.874+0100] {logging_mixin.py:151} INFO - [2023-09-14T17:36:54.874+0100] {workday.py:36} WARNING - Could not import pandas. Holidays will not be considered.
[2023-09-14T17:36:54.874+0100] {processor.py:841} WARNING - No viable dags retrieved from /home/joestar/Documents/projects/airflow_etl/airflow_env/lib/python3.8/site-packages/airflow/example_dags/plugins/workday.py
[2023-09-14T17:36:54.884+0100] {processor.py:179} INFO - Processing /home/joestar/Documents/projects/airflow_etl/airflow_env/lib/python3.8/site-packages/airflow/example_dags/plugins/workday.py took 0.017 seconds
[2023-09-14T17:37:50.656+0100] {processor.py:157} INFO - Started process (PID=32335) to work on /home/joestar/Documents/projects/airflow_etl/airflow_env/lib/python3.8/site-packages/airflow/example_dags/plugins/workday.py
[2023-09-14T17:37:50.658+0100] {processor.py:829} INFO - Processing file /home/joestar/Documents/projects/airflow_etl/airflow_env/lib/python3.8/site-packages/airflow/example_dags/plugins/workday.py for tasks to queue
[2023-09-14T17:37:50.659+0100] {logging_mixin.py:151} INFO - [2023-09-14T17:37:50.659+0100] {dagbag.py:539} INFO - Filling up the DagBag from /home/joestar/Documents/projects/airflow_etl/airflow_env/lib/python3.8/site-packages/airflow/example_dags/plugins/workday.py
[2023-09-14T17:37:50.663+0100] {logging_mixin.py:151} INFO - [2023-09-14T17:37:50.663+0100] {workday.py:36} WARNING - Could not import pandas. Holidays will not be considered.
[2023-09-14T17:37:50.663+0100] {processor.py:841} WARNING - No viable dags retrieved from /home/joestar/Documents/projects/airflow_etl/airflow_env/lib/python3.8/site-packages/airflow/example_dags/plugins/workday.py
[2023-09-14T17:37:50.677+0100] {processor.py:179} INFO - Processing /home/joestar/Documents/projects/airflow_etl/airflow_env/lib/python3.8/site-packages/airflow/example_dags/plugins/workday.py took 0.025 seconds
[2023-09-14T17:38:29.625+0100] {processor.py:157} INFO - Started process (PID=32651) to work on /home/joestar/Documents/projects/airflow_etl/airflow_env/lib/python3.8/site-packages/airflow/example_dags/plugins/workday.py
[2023-09-14T17:38:29.626+0100] {processor.py:829} INFO - Processing file /home/joestar/Documents/projects/airflow_etl/airflow_env/lib/python3.8/site-packages/airflow/example_dags/plugins/workday.py for tasks to queue
[2023-09-14T17:38:29.627+0100] {logging_mixin.py:151} INFO - [2023-09-14T17:38:29.627+0100] {dagbag.py:539} INFO - Filling up the DagBag from /home/joestar/Documents/projects/airflow_etl/airflow_env/lib/python3.8/site-packages/airflow/example_dags/plugins/workday.py
[2023-09-14T17:38:29.632+0100] {logging_mixin.py:151} INFO - [2023-09-14T17:38:29.631+0100] {workday.py:36} WARNING - Could not import pandas. Holidays will not be considered.
[2023-09-14T17:38:29.632+0100] {processor.py:841} WARNING - No viable dags retrieved from /home/joestar/Documents/projects/airflow_etl/airflow_env/lib/python3.8/site-packages/airflow/example_dags/plugins/workday.py
[2023-09-14T17:38:29.647+0100] {processor.py:179} INFO - Processing /home/joestar/Documents/projects/airflow_etl/airflow_env/lib/python3.8/site-packages/airflow/example_dags/plugins/workday.py took 0.026 seconds
[2023-09-14T17:39:13.480+0100] {processor.py:157} INFO - Started process (PID=32932) to work on /home/joestar/Documents/projects/airflow_etl/airflow_env/lib/python3.8/site-packages/airflow/example_dags/plugins/workday.py
[2023-09-14T17:39:13.482+0100] {processor.py:829} INFO - Processing file /home/joestar/Documents/projects/airflow_etl/airflow_env/lib/python3.8/site-packages/airflow/example_dags/plugins/workday.py for tasks to queue
[2023-09-14T17:39:13.483+0100] {logging_mixin.py:151} INFO - [2023-09-14T17:39:13.482+0100] {dagbag.py:539} INFO - Filling up the DagBag from /home/joestar/Documents/projects/airflow_etl/airflow_env/lib/python3.8/site-packages/airflow/example_dags/plugins/workday.py
[2023-09-14T17:39:14.112+0100] {processor.py:841} WARNING - No viable dags retrieved from /home/joestar/Documents/projects/airflow_etl/airflow_env/lib/python3.8/site-packages/airflow/example_dags/plugins/workday.py
[2023-09-14T17:39:14.122+0100] {processor.py:179} INFO - Processing /home/joestar/Documents/projects/airflow_etl/airflow_env/lib/python3.8/site-packages/airflow/example_dags/plugins/workday.py took 0.646 seconds
[2023-09-14T17:39:59.634+0100] {processor.py:157} INFO - Started process (PID=33225) to work on /home/joestar/Documents/projects/airflow_etl/airflow_env/lib/python3.8/site-packages/airflow/example_dags/plugins/workday.py
[2023-09-14T17:39:59.636+0100] {processor.py:829} INFO - Processing file /home/joestar/Documents/projects/airflow_etl/airflow_env/lib/python3.8/site-packages/airflow/example_dags/plugins/workday.py for tasks to queue
[2023-09-14T17:39:59.638+0100] {logging_mixin.py:151} INFO - [2023-09-14T17:39:59.637+0100] {dagbag.py:539} INFO - Filling up the DagBag from /home/joestar/Documents/projects/airflow_etl/airflow_env/lib/python3.8/site-packages/airflow/example_dags/plugins/workday.py
[2023-09-14T17:40:00.146+0100] {processor.py:841} WARNING - No viable dags retrieved from /home/joestar/Documents/projects/airflow_etl/airflow_env/lib/python3.8/site-packages/airflow/example_dags/plugins/workday.py
[2023-09-14T17:40:00.158+0100] {processor.py:179} INFO - Processing /home/joestar/Documents/projects/airflow_etl/airflow_env/lib/python3.8/site-packages/airflow/example_dags/plugins/workday.py took 0.528 seconds
[2023-09-14T17:40:39.687+0100] {processor.py:157} INFO - Started process (PID=33480) to work on /home/joestar/Documents/projects/airflow_etl/airflow_env/lib/python3.8/site-packages/airflow/example_dags/plugins/workday.py
[2023-09-14T17:40:39.688+0100] {processor.py:829} INFO - Processing file /home/joestar/Documents/projects/airflow_etl/airflow_env/lib/python3.8/site-packages/airflow/example_dags/plugins/workday.py for tasks to queue
[2023-09-14T17:40:39.689+0100] {logging_mixin.py:151} INFO - [2023-09-14T17:40:39.689+0100] {dagbag.py:539} INFO - Filling up the DagBag from /home/joestar/Documents/projects/airflow_etl/airflow_env/lib/python3.8/site-packages/airflow/example_dags/plugins/workday.py
[2023-09-14T17:40:40.211+0100] {processor.py:841} WARNING - No viable dags retrieved from /home/joestar/Documents/projects/airflow_etl/airflow_env/lib/python3.8/site-packages/airflow/example_dags/plugins/workday.py
[2023-09-14T17:40:40.219+0100] {processor.py:179} INFO - Processing /home/joestar/Documents/projects/airflow_etl/airflow_env/lib/python3.8/site-packages/airflow/example_dags/plugins/workday.py took 0.537 seconds
[2023-09-14T17:41:31.624+0100] {processor.py:157} INFO - Started process (PID=33857) to work on /home/joestar/Documents/projects/airflow_etl/airflow_env/lib/python3.8/site-packages/airflow/example_dags/plugins/workday.py
[2023-09-14T17:41:31.625+0100] {processor.py:829} INFO - Processing file /home/joestar/Documents/projects/airflow_etl/airflow_env/lib/python3.8/site-packages/airflow/example_dags/plugins/workday.py for tasks to queue
[2023-09-14T17:41:31.626+0100] {logging_mixin.py:151} INFO - [2023-09-14T17:41:31.625+0100] {dagbag.py:539} INFO - Filling up the DagBag from /home/joestar/Documents/projects/airflow_etl/airflow_env/lib/python3.8/site-packages/airflow/example_dags/plugins/workday.py
[2023-09-14T17:41:32.022+0100] {processor.py:841} WARNING - No viable dags retrieved from /home/joestar/Documents/projects/airflow_etl/airflow_env/lib/python3.8/site-packages/airflow/example_dags/plugins/workday.py
[2023-09-14T17:41:32.032+0100] {processor.py:179} INFO - Processing /home/joestar/Documents/projects/airflow_etl/airflow_env/lib/python3.8/site-packages/airflow/example_dags/plugins/workday.py took 0.411 seconds
[2023-09-14T17:42:10.449+0100] {processor.py:157} INFO - Started process (PID=34031) to work on /home/joestar/Documents/projects/airflow_etl/airflow_env/lib/python3.8/site-packages/airflow/example_dags/plugins/workday.py
[2023-09-14T17:42:10.450+0100] {processor.py:829} INFO - Processing file /home/joestar/Documents/projects/airflow_etl/airflow_env/lib/python3.8/site-packages/airflow/example_dags/plugins/workday.py for tasks to queue
[2023-09-14T17:42:10.451+0100] {logging_mixin.py:151} INFO - [2023-09-14T17:42:10.451+0100] {dagbag.py:539} INFO - Filling up the DagBag from /home/joestar/Documents/projects/airflow_etl/airflow_env/lib/python3.8/site-packages/airflow/example_dags/plugins/workday.py
[2023-09-14T17:42:11.090+0100] {processor.py:841} WARNING - No viable dags retrieved from /home/joestar/Documents/projects/airflow_etl/airflow_env/lib/python3.8/site-packages/airflow/example_dags/plugins/workday.py
[2023-09-14T17:42:11.100+0100] {processor.py:179} INFO - Processing /home/joestar/Documents/projects/airflow_etl/airflow_env/lib/python3.8/site-packages/airflow/example_dags/plugins/workday.py took 0.655 seconds
[2023-09-14T17:42:53.950+0100] {processor.py:157} INFO - Started process (PID=34229) to work on /home/joestar/Documents/projects/airflow_etl/airflow_env/lib/python3.8/site-packages/airflow/example_dags/plugins/workday.py
[2023-09-14T17:42:53.952+0100] {processor.py:829} INFO - Processing file /home/joestar/Documents/projects/airflow_etl/airflow_env/lib/python3.8/site-packages/airflow/example_dags/plugins/workday.py for tasks to queue
[2023-09-14T17:42:53.955+0100] {logging_mixin.py:151} INFO - [2023-09-14T17:42:53.953+0100] {dagbag.py:539} INFO - Filling up the DagBag from /home/joestar/Documents/projects/airflow_etl/airflow_env/lib/python3.8/site-packages/airflow/example_dags/plugins/workday.py
[2023-09-14T17:42:54.469+0100] {processor.py:841} WARNING - No viable dags retrieved from /home/joestar/Documents/projects/airflow_etl/airflow_env/lib/python3.8/site-packages/airflow/example_dags/plugins/workday.py
[2023-09-14T17:42:54.478+0100] {processor.py:179} INFO - Processing /home/joestar/Documents/projects/airflow_etl/airflow_env/lib/python3.8/site-packages/airflow/example_dags/plugins/workday.py took 0.536 seconds
[2023-09-14T17:43:31.508+0100] {processor.py:157} INFO - Started process (PID=34409) to work on /home/joestar/Documents/projects/airflow_etl/airflow_env/lib/python3.8/site-packages/airflow/example_dags/plugins/workday.py
[2023-09-14T17:43:31.509+0100] {processor.py:829} INFO - Processing file /home/joestar/Documents/projects/airflow_etl/airflow_env/lib/python3.8/site-packages/airflow/example_dags/plugins/workday.py for tasks to queue
[2023-09-14T17:43:31.510+0100] {logging_mixin.py:151} INFO - [2023-09-14T17:43:31.510+0100] {dagbag.py:539} INFO - Filling up the DagBag from /home/joestar/Documents/projects/airflow_etl/airflow_env/lib/python3.8/site-packages/airflow/example_dags/plugins/workday.py
[2023-09-14T17:43:32.007+0100] {processor.py:841} WARNING - No viable dags retrieved from /home/joestar/Documents/projects/airflow_etl/airflow_env/lib/python3.8/site-packages/airflow/example_dags/plugins/workday.py
[2023-09-14T17:43:32.013+0100] {processor.py:179} INFO - Processing /home/joestar/Documents/projects/airflow_etl/airflow_env/lib/python3.8/site-packages/airflow/example_dags/plugins/workday.py took 0.507 seconds
[2023-09-14T17:44:10.998+0100] {processor.py:157} INFO - Started process (PID=34623) to work on /home/joestar/Documents/projects/airflow_etl/airflow_env/lib/python3.8/site-packages/airflow/example_dags/plugins/workday.py
[2023-09-14T17:44:10.999+0100] {processor.py:829} INFO - Processing file /home/joestar/Documents/projects/airflow_etl/airflow_env/lib/python3.8/site-packages/airflow/example_dags/plugins/workday.py for tasks to queue
[2023-09-14T17:44:11.000+0100] {logging_mixin.py:151} INFO - [2023-09-14T17:44:10.999+0100] {dagbag.py:539} INFO - Filling up the DagBag from /home/joestar/Documents/projects/airflow_etl/airflow_env/lib/python3.8/site-packages/airflow/example_dags/plugins/workday.py
[2023-09-14T17:44:11.577+0100] {processor.py:841} WARNING - No viable dags retrieved from /home/joestar/Documents/projects/airflow_etl/airflow_env/lib/python3.8/site-packages/airflow/example_dags/plugins/workday.py
[2023-09-14T17:44:11.587+0100] {processor.py:179} INFO - Processing /home/joestar/Documents/projects/airflow_etl/airflow_env/lib/python3.8/site-packages/airflow/example_dags/plugins/workday.py took 0.593 seconds
[2023-09-14T17:44:52.868+0100] {processor.py:157} INFO - Started process (PID=34803) to work on /home/joestar/Documents/projects/airflow_etl/airflow_env/lib/python3.8/site-packages/airflow/example_dags/plugins/workday.py
[2023-09-14T17:44:52.869+0100] {processor.py:829} INFO - Processing file /home/joestar/Documents/projects/airflow_etl/airflow_env/lib/python3.8/site-packages/airflow/example_dags/plugins/workday.py for tasks to queue
[2023-09-14T17:44:52.870+0100] {logging_mixin.py:151} INFO - [2023-09-14T17:44:52.870+0100] {dagbag.py:539} INFO - Filling up the DagBag from /home/joestar/Documents/projects/airflow_etl/airflow_env/lib/python3.8/site-packages/airflow/example_dags/plugins/workday.py
[2023-09-14T17:44:53.407+0100] {processor.py:841} WARNING - No viable dags retrieved from /home/joestar/Documents/projects/airflow_etl/airflow_env/lib/python3.8/site-packages/airflow/example_dags/plugins/workday.py
[2023-09-14T17:44:53.414+0100] {processor.py:179} INFO - Processing /home/joestar/Documents/projects/airflow_etl/airflow_env/lib/python3.8/site-packages/airflow/example_dags/plugins/workday.py took 0.549 seconds
[2023-09-14T17:45:33.456+0100] {processor.py:157} INFO - Started process (PID=34965) to work on /home/joestar/Documents/projects/airflow_etl/airflow_env/lib/python3.8/site-packages/airflow/example_dags/plugins/workday.py
[2023-09-14T17:45:33.457+0100] {processor.py:829} INFO - Processing file /home/joestar/Documents/projects/airflow_etl/airflow_env/lib/python3.8/site-packages/airflow/example_dags/plugins/workday.py for tasks to queue
[2023-09-14T17:45:33.458+0100] {logging_mixin.py:151} INFO - [2023-09-14T17:45:33.458+0100] {dagbag.py:539} INFO - Filling up the DagBag from /home/joestar/Documents/projects/airflow_etl/airflow_env/lib/python3.8/site-packages/airflow/example_dags/plugins/workday.py
[2023-09-14T17:45:34.025+0100] {processor.py:841} WARNING - No viable dags retrieved from /home/joestar/Documents/projects/airflow_etl/airflow_env/lib/python3.8/site-packages/airflow/example_dags/plugins/workday.py
[2023-09-14T17:45:34.035+0100] {processor.py:179} INFO - Processing /home/joestar/Documents/projects/airflow_etl/airflow_env/lib/python3.8/site-packages/airflow/example_dags/plugins/workday.py took 0.582 seconds
[2023-09-14T17:46:16.499+0100] {processor.py:157} INFO - Started process (PID=35171) to work on /home/joestar/Documents/projects/airflow_etl/airflow_env/lib/python3.8/site-packages/airflow/example_dags/plugins/workday.py
[2023-09-14T17:46:16.500+0100] {processor.py:829} INFO - Processing file /home/joestar/Documents/projects/airflow_etl/airflow_env/lib/python3.8/site-packages/airflow/example_dags/plugins/workday.py for tasks to queue
[2023-09-14T17:46:16.501+0100] {logging_mixin.py:151} INFO - [2023-09-14T17:46:16.501+0100] {dagbag.py:539} INFO - Filling up the DagBag from /home/joestar/Documents/projects/airflow_etl/airflow_env/lib/python3.8/site-packages/airflow/example_dags/plugins/workday.py
[2023-09-14T17:46:17.271+0100] {processor.py:841} WARNING - No viable dags retrieved from /home/joestar/Documents/projects/airflow_etl/airflow_env/lib/python3.8/site-packages/airflow/example_dags/plugins/workday.py
[2023-09-14T17:46:17.281+0100] {processor.py:179} INFO - Processing /home/joestar/Documents/projects/airflow_etl/airflow_env/lib/python3.8/site-packages/airflow/example_dags/plugins/workday.py took 0.788 seconds
[2023-09-14T17:47:01.273+0100] {processor.py:157} INFO - Started process (PID=35332) to work on /home/joestar/Documents/projects/airflow_etl/airflow_env/lib/python3.8/site-packages/airflow/example_dags/plugins/workday.py
[2023-09-14T17:47:01.274+0100] {processor.py:829} INFO - Processing file /home/joestar/Documents/projects/airflow_etl/airflow_env/lib/python3.8/site-packages/airflow/example_dags/plugins/workday.py for tasks to queue
[2023-09-14T17:47:01.275+0100] {logging_mixin.py:151} INFO - [2023-09-14T17:47:01.275+0100] {dagbag.py:539} INFO - Filling up the DagBag from /home/joestar/Documents/projects/airflow_etl/airflow_env/lib/python3.8/site-packages/airflow/example_dags/plugins/workday.py
[2023-09-14T17:47:01.946+0100] {processor.py:841} WARNING - No viable dags retrieved from /home/joestar/Documents/projects/airflow_etl/airflow_env/lib/python3.8/site-packages/airflow/example_dags/plugins/workday.py
[2023-09-14T17:47:01.958+0100] {processor.py:179} INFO - Processing /home/joestar/Documents/projects/airflow_etl/airflow_env/lib/python3.8/site-packages/airflow/example_dags/plugins/workday.py took 0.689 seconds
[2023-09-14T17:47:55.322+0100] {processor.py:157} INFO - Started process (PID=35548) to work on /home/joestar/Documents/projects/airflow_etl/airflow_env/lib/python3.8/site-packages/airflow/example_dags/plugins/workday.py
[2023-09-14T17:47:55.323+0100] {processor.py:829} INFO - Processing file /home/joestar/Documents/projects/airflow_etl/airflow_env/lib/python3.8/site-packages/airflow/example_dags/plugins/workday.py for tasks to queue
[2023-09-14T17:47:55.325+0100] {logging_mixin.py:151} INFO - [2023-09-14T17:47:55.324+0100] {dagbag.py:539} INFO - Filling up the DagBag from /home/joestar/Documents/projects/airflow_etl/airflow_env/lib/python3.8/site-packages/airflow/example_dags/plugins/workday.py
[2023-09-14T17:47:55.898+0100] {processor.py:841} WARNING - No viable dags retrieved from /home/joestar/Documents/projects/airflow_etl/airflow_env/lib/python3.8/site-packages/airflow/example_dags/plugins/workday.py
[2023-09-14T17:47:55.907+0100] {processor.py:179} INFO - Processing /home/joestar/Documents/projects/airflow_etl/airflow_env/lib/python3.8/site-packages/airflow/example_dags/plugins/workday.py took 0.589 seconds
[2023-09-14T17:48:41.275+0100] {processor.py:157} INFO - Started process (PID=35736) to work on /home/joestar/Documents/projects/airflow_etl/airflow_env/lib/python3.8/site-packages/airflow/example_dags/plugins/workday.py
[2023-09-14T17:48:41.276+0100] {processor.py:829} INFO - Processing file /home/joestar/Documents/projects/airflow_etl/airflow_env/lib/python3.8/site-packages/airflow/example_dags/plugins/workday.py for tasks to queue
[2023-09-14T17:48:41.277+0100] {logging_mixin.py:151} INFO - [2023-09-14T17:48:41.277+0100] {dagbag.py:539} INFO - Filling up the DagBag from /home/joestar/Documents/projects/airflow_etl/airflow_env/lib/python3.8/site-packages/airflow/example_dags/plugins/workday.py
[2023-09-14T17:48:41.725+0100] {processor.py:841} WARNING - No viable dags retrieved from /home/joestar/Documents/projects/airflow_etl/airflow_env/lib/python3.8/site-packages/airflow/example_dags/plugins/workday.py
[2023-09-14T17:48:41.734+0100] {processor.py:179} INFO - Processing /home/joestar/Documents/projects/airflow_etl/airflow_env/lib/python3.8/site-packages/airflow/example_dags/plugins/workday.py took 0.464 seconds
[2023-09-14T17:49:30.957+0100] {processor.py:157} INFO - Started process (PID=35943) to work on /home/joestar/Documents/projects/airflow_etl/airflow_env/lib/python3.8/site-packages/airflow/example_dags/plugins/workday.py
[2023-09-14T17:49:30.958+0100] {processor.py:829} INFO - Processing file /home/joestar/Documents/projects/airflow_etl/airflow_env/lib/python3.8/site-packages/airflow/example_dags/plugins/workday.py for tasks to queue
[2023-09-14T17:49:30.959+0100] {logging_mixin.py:151} INFO - [2023-09-14T17:49:30.959+0100] {dagbag.py:539} INFO - Filling up the DagBag from /home/joestar/Documents/projects/airflow_etl/airflow_env/lib/python3.8/site-packages/airflow/example_dags/plugins/workday.py
[2023-09-14T17:49:31.335+0100] {processor.py:841} WARNING - No viable dags retrieved from /home/joestar/Documents/projects/airflow_etl/airflow_env/lib/python3.8/site-packages/airflow/example_dags/plugins/workday.py
[2023-09-14T17:49:31.350+0100] {processor.py:179} INFO - Processing /home/joestar/Documents/projects/airflow_etl/airflow_env/lib/python3.8/site-packages/airflow/example_dags/plugins/workday.py took 0.396 seconds
[2023-09-14T17:50:21.966+0100] {processor.py:157} INFO - Started process (PID=36168) to work on /home/joestar/Documents/projects/airflow_etl/airflow_env/lib/python3.8/site-packages/airflow/example_dags/plugins/workday.py
[2023-09-14T17:50:21.967+0100] {processor.py:829} INFO - Processing file /home/joestar/Documents/projects/airflow_etl/airflow_env/lib/python3.8/site-packages/airflow/example_dags/plugins/workday.py for tasks to queue
[2023-09-14T17:50:21.967+0100] {logging_mixin.py:151} INFO - [2023-09-14T17:50:21.967+0100] {dagbag.py:539} INFO - Filling up the DagBag from /home/joestar/Documents/projects/airflow_etl/airflow_env/lib/python3.8/site-packages/airflow/example_dags/plugins/workday.py
[2023-09-14T17:50:22.401+0100] {processor.py:841} WARNING - No viable dags retrieved from /home/joestar/Documents/projects/airflow_etl/airflow_env/lib/python3.8/site-packages/airflow/example_dags/plugins/workday.py
[2023-09-14T17:50:22.413+0100] {processor.py:179} INFO - Processing /home/joestar/Documents/projects/airflow_etl/airflow_env/lib/python3.8/site-packages/airflow/example_dags/plugins/workday.py took 0.450 seconds
[2023-09-14T17:51:02.463+0100] {processor.py:157} INFO - Started process (PID=36342) to work on /home/joestar/Documents/projects/airflow_etl/airflow_env/lib/python3.8/site-packages/airflow/example_dags/plugins/workday.py
[2023-09-14T17:51:02.465+0100] {processor.py:829} INFO - Processing file /home/joestar/Documents/projects/airflow_etl/airflow_env/lib/python3.8/site-packages/airflow/example_dags/plugins/workday.py for tasks to queue
[2023-09-14T17:51:02.468+0100] {logging_mixin.py:151} INFO - [2023-09-14T17:51:02.467+0100] {dagbag.py:539} INFO - Filling up the DagBag from /home/joestar/Documents/projects/airflow_etl/airflow_env/lib/python3.8/site-packages/airflow/example_dags/plugins/workday.py
[2023-09-14T17:51:02.842+0100] {processor.py:841} WARNING - No viable dags retrieved from /home/joestar/Documents/projects/airflow_etl/airflow_env/lib/python3.8/site-packages/airflow/example_dags/plugins/workday.py
[2023-09-14T17:51:02.851+0100] {processor.py:179} INFO - Processing /home/joestar/Documents/projects/airflow_etl/airflow_env/lib/python3.8/site-packages/airflow/example_dags/plugins/workday.py took 0.394 seconds
[2023-09-14T17:51:41.961+0100] {processor.py:157} INFO - Started process (PID=36531) to work on /home/joestar/Documents/projects/airflow_etl/airflow_env/lib/python3.8/site-packages/airflow/example_dags/plugins/workday.py
[2023-09-14T17:51:41.962+0100] {processor.py:829} INFO - Processing file /home/joestar/Documents/projects/airflow_etl/airflow_env/lib/python3.8/site-packages/airflow/example_dags/plugins/workday.py for tasks to queue
[2023-09-14T17:51:41.963+0100] {logging_mixin.py:151} INFO - [2023-09-14T17:51:41.963+0100] {dagbag.py:539} INFO - Filling up the DagBag from /home/joestar/Documents/projects/airflow_etl/airflow_env/lib/python3.8/site-packages/airflow/example_dags/plugins/workday.py
[2023-09-14T17:51:42.518+0100] {processor.py:841} WARNING - No viable dags retrieved from /home/joestar/Documents/projects/airflow_etl/airflow_env/lib/python3.8/site-packages/airflow/example_dags/plugins/workday.py
[2023-09-14T17:51:42.528+0100] {processor.py:179} INFO - Processing /home/joestar/Documents/projects/airflow_etl/airflow_env/lib/python3.8/site-packages/airflow/example_dags/plugins/workday.py took 0.571 seconds
[2023-09-14T17:52:21.748+0100] {processor.py:157} INFO - Started process (PID=36712) to work on /home/joestar/Documents/projects/airflow_etl/airflow_env/lib/python3.8/site-packages/airflow/example_dags/plugins/workday.py
[2023-09-14T17:52:21.749+0100] {processor.py:829} INFO - Processing file /home/joestar/Documents/projects/airflow_etl/airflow_env/lib/python3.8/site-packages/airflow/example_dags/plugins/workday.py for tasks to queue
[2023-09-14T17:52:21.750+0100] {logging_mixin.py:151} INFO - [2023-09-14T17:52:21.750+0100] {dagbag.py:539} INFO - Filling up the DagBag from /home/joestar/Documents/projects/airflow_etl/airflow_env/lib/python3.8/site-packages/airflow/example_dags/plugins/workday.py
[2023-09-14T17:52:22.333+0100] {processor.py:841} WARNING - No viable dags retrieved from /home/joestar/Documents/projects/airflow_etl/airflow_env/lib/python3.8/site-packages/airflow/example_dags/plugins/workday.py
[2023-09-14T17:52:22.340+0100] {processor.py:179} INFO - Processing /home/joestar/Documents/projects/airflow_etl/airflow_env/lib/python3.8/site-packages/airflow/example_dags/plugins/workday.py took 0.595 seconds
[2023-09-14T17:53:00.606+0100] {processor.py:157} INFO - Started process (PID=36869) to work on /home/joestar/Documents/projects/airflow_etl/airflow_env/lib/python3.8/site-packages/airflow/example_dags/plugins/workday.py
[2023-09-14T17:53:00.607+0100] {processor.py:829} INFO - Processing file /home/joestar/Documents/projects/airflow_etl/airflow_env/lib/python3.8/site-packages/airflow/example_dags/plugins/workday.py for tasks to queue
[2023-09-14T17:53:00.608+0100] {logging_mixin.py:151} INFO - [2023-09-14T17:53:00.607+0100] {dagbag.py:539} INFO - Filling up the DagBag from /home/joestar/Documents/projects/airflow_etl/airflow_env/lib/python3.8/site-packages/airflow/example_dags/plugins/workday.py
[2023-09-14T17:53:01.065+0100] {processor.py:841} WARNING - No viable dags retrieved from /home/joestar/Documents/projects/airflow_etl/airflow_env/lib/python3.8/site-packages/airflow/example_dags/plugins/workday.py
[2023-09-14T17:53:01.072+0100] {processor.py:179} INFO - Processing /home/joestar/Documents/projects/airflow_etl/airflow_env/lib/python3.8/site-packages/airflow/example_dags/plugins/workday.py took 0.469 seconds
[2023-09-14T18:03:03.272+0100] {processor.py:157} INFO - Started process (PID=38704) to work on /home/joestar/Documents/projects/airflow_etl/airflow_env/lib/python3.8/site-packages/airflow/example_dags/plugins/workday.py
[2023-09-14T18:03:03.273+0100] {processor.py:829} INFO - Processing file /home/joestar/Documents/projects/airflow_etl/airflow_env/lib/python3.8/site-packages/airflow/example_dags/plugins/workday.py for tasks to queue
[2023-09-14T18:03:03.274+0100] {logging_mixin.py:151} INFO - [2023-09-14T18:03:03.274+0100] {dagbag.py:539} INFO - Filling up the DagBag from /home/joestar/Documents/projects/airflow_etl/airflow_env/lib/python3.8/site-packages/airflow/example_dags/plugins/workday.py
[2023-09-14T18:03:03.753+0100] {processor.py:841} WARNING - No viable dags retrieved from /home/joestar/Documents/projects/airflow_etl/airflow_env/lib/python3.8/site-packages/airflow/example_dags/plugins/workday.py
[2023-09-14T18:03:03.768+0100] {processor.py:179} INFO - Processing /home/joestar/Documents/projects/airflow_etl/airflow_env/lib/python3.8/site-packages/airflow/example_dags/plugins/workday.py took 0.499 seconds
[2023-09-14T18:03:56.501+0100] {processor.py:157} INFO - Started process (PID=38940) to work on /home/joestar/Documents/projects/airflow_etl/airflow_env/lib/python3.8/site-packages/airflow/example_dags/plugins/workday.py
[2023-09-14T18:03:56.502+0100] {processor.py:829} INFO - Processing file /home/joestar/Documents/projects/airflow_etl/airflow_env/lib/python3.8/site-packages/airflow/example_dags/plugins/workday.py for tasks to queue
[2023-09-14T18:03:56.503+0100] {logging_mixin.py:151} INFO - [2023-09-14T18:03:56.503+0100] {dagbag.py:539} INFO - Filling up the DagBag from /home/joestar/Documents/projects/airflow_etl/airflow_env/lib/python3.8/site-packages/airflow/example_dags/plugins/workday.py
[2023-09-14T18:03:56.940+0100] {processor.py:841} WARNING - No viable dags retrieved from /home/joestar/Documents/projects/airflow_etl/airflow_env/lib/python3.8/site-packages/airflow/example_dags/plugins/workday.py
[2023-09-14T18:03:56.953+0100] {processor.py:179} INFO - Processing /home/joestar/Documents/projects/airflow_etl/airflow_env/lib/python3.8/site-packages/airflow/example_dags/plugins/workday.py took 0.455 seconds
[2023-09-14T18:04:45.943+0100] {processor.py:157} INFO - Started process (PID=39168) to work on /home/joestar/Documents/projects/airflow_etl/airflow_env/lib/python3.8/site-packages/airflow/example_dags/plugins/workday.py
[2023-09-14T18:04:45.945+0100] {processor.py:829} INFO - Processing file /home/joestar/Documents/projects/airflow_etl/airflow_env/lib/python3.8/site-packages/airflow/example_dags/plugins/workday.py for tasks to queue
[2023-09-14T18:04:45.946+0100] {logging_mixin.py:151} INFO - [2023-09-14T18:04:45.946+0100] {dagbag.py:539} INFO - Filling up the DagBag from /home/joestar/Documents/projects/airflow_etl/airflow_env/lib/python3.8/site-packages/airflow/example_dags/plugins/workday.py
[2023-09-14T18:04:46.370+0100] {processor.py:841} WARNING - No viable dags retrieved from /home/joestar/Documents/projects/airflow_etl/airflow_env/lib/python3.8/site-packages/airflow/example_dags/plugins/workday.py
[2023-09-14T18:04:46.383+0100] {processor.py:179} INFO - Processing /home/joestar/Documents/projects/airflow_etl/airflow_env/lib/python3.8/site-packages/airflow/example_dags/plugins/workday.py took 0.445 seconds
