[2023-09-14T17:12:10.829+0100] {processor.py:157} INFO - Started process (PID=24286) to work on /home/joestar/Documents/projects/airflow_etl/airflow_env/lib/python3.8/site-packages/airflow/example_dags/subdags/subdag.py
[2023-09-14T17:12:10.830+0100] {processor.py:829} INFO - Processing file /home/joestar/Documents/projects/airflow_etl/airflow_env/lib/python3.8/site-packages/airflow/example_dags/subdags/subdag.py for tasks to queue
[2023-09-14T17:12:10.832+0100] {logging_mixin.py:151} INFO - [2023-09-14T17:12:10.831+0100] {dagbag.py:539} INFO - Filling up the DagBag from /home/joestar/Documents/projects/airflow_etl/airflow_env/lib/python3.8/site-packages/airflow/example_dags/subdags/subdag.py
[2023-09-14T17:12:10.834+0100] {processor.py:841} WARNING - No viable dags retrieved from /home/joestar/Documents/projects/airflow_etl/airflow_env/lib/python3.8/site-packages/airflow/example_dags/subdags/subdag.py
[2023-09-14T17:12:10.845+0100] {processor.py:179} INFO - Processing /home/joestar/Documents/projects/airflow_etl/airflow_env/lib/python3.8/site-packages/airflow/example_dags/subdags/subdag.py took 0.021 seconds
[2023-09-14T17:13:04.986+0100] {processor.py:157} INFO - Started process (PID=24701) to work on /home/joestar/Documents/projects/airflow_etl/airflow_env/lib/python3.8/site-packages/airflow/example_dags/subdags/subdag.py
[2023-09-14T17:13:04.988+0100] {processor.py:829} INFO - Processing file /home/joestar/Documents/projects/airflow_etl/airflow_env/lib/python3.8/site-packages/airflow/example_dags/subdags/subdag.py for tasks to queue
[2023-09-14T17:13:04.990+0100] {logging_mixin.py:151} INFO - [2023-09-14T17:13:04.989+0100] {dagbag.py:539} INFO - Filling up the DagBag from /home/joestar/Documents/projects/airflow_etl/airflow_env/lib/python3.8/site-packages/airflow/example_dags/subdags/subdag.py
[2023-09-14T17:13:04.993+0100] {processor.py:841} WARNING - No viable dags retrieved from /home/joestar/Documents/projects/airflow_etl/airflow_env/lib/python3.8/site-packages/airflow/example_dags/subdags/subdag.py
[2023-09-14T17:13:05.004+0100] {processor.py:179} INFO - Processing /home/joestar/Documents/projects/airflow_etl/airflow_env/lib/python3.8/site-packages/airflow/example_dags/subdags/subdag.py took 0.021 seconds
[2023-09-14T17:13:55.268+0100] {processor.py:157} INFO - Started process (PID=25059) to work on /home/joestar/Documents/projects/airflow_etl/airflow_env/lib/python3.8/site-packages/airflow/example_dags/subdags/subdag.py
[2023-09-14T17:13:55.269+0100] {processor.py:829} INFO - Processing file /home/joestar/Documents/projects/airflow_etl/airflow_env/lib/python3.8/site-packages/airflow/example_dags/subdags/subdag.py for tasks to queue
[2023-09-14T17:13:55.270+0100] {logging_mixin.py:151} INFO - [2023-09-14T17:13:55.270+0100] {dagbag.py:539} INFO - Filling up the DagBag from /home/joestar/Documents/projects/airflow_etl/airflow_env/lib/python3.8/site-packages/airflow/example_dags/subdags/subdag.py
[2023-09-14T17:13:55.273+0100] {processor.py:841} WARNING - No viable dags retrieved from /home/joestar/Documents/projects/airflow_etl/airflow_env/lib/python3.8/site-packages/airflow/example_dags/subdags/subdag.py
[2023-09-14T17:13:55.282+0100] {processor.py:179} INFO - Processing /home/joestar/Documents/projects/airflow_etl/airflow_env/lib/python3.8/site-packages/airflow/example_dags/subdags/subdag.py took 0.019 seconds
[2023-09-14T17:14:38.568+0100] {processor.py:157} INFO - Started process (PID=25362) to work on /home/joestar/Documents/projects/airflow_etl/airflow_env/lib/python3.8/site-packages/airflow/example_dags/subdags/subdag.py
[2023-09-14T17:14:38.569+0100] {processor.py:829} INFO - Processing file /home/joestar/Documents/projects/airflow_etl/airflow_env/lib/python3.8/site-packages/airflow/example_dags/subdags/subdag.py for tasks to queue
[2023-09-14T17:14:38.570+0100] {logging_mixin.py:151} INFO - [2023-09-14T17:14:38.570+0100] {dagbag.py:539} INFO - Filling up the DagBag from /home/joestar/Documents/projects/airflow_etl/airflow_env/lib/python3.8/site-packages/airflow/example_dags/subdags/subdag.py
[2023-09-14T17:14:38.573+0100] {processor.py:841} WARNING - No viable dags retrieved from /home/joestar/Documents/projects/airflow_etl/airflow_env/lib/python3.8/site-packages/airflow/example_dags/subdags/subdag.py
[2023-09-14T17:14:38.587+0100] {processor.py:179} INFO - Processing /home/joestar/Documents/projects/airflow_etl/airflow_env/lib/python3.8/site-packages/airflow/example_dags/subdags/subdag.py took 0.022 seconds
[2023-09-14T17:15:19.193+0100] {processor.py:157} INFO - Started process (PID=25889) to work on /home/joestar/Documents/projects/airflow_etl/airflow_env/lib/python3.8/site-packages/airflow/example_dags/subdags/subdag.py
[2023-09-14T17:15:19.194+0100] {processor.py:829} INFO - Processing file /home/joestar/Documents/projects/airflow_etl/airflow_env/lib/python3.8/site-packages/airflow/example_dags/subdags/subdag.py for tasks to queue
[2023-09-14T17:15:19.195+0100] {logging_mixin.py:151} INFO - [2023-09-14T17:15:19.195+0100] {dagbag.py:539} INFO - Filling up the DagBag from /home/joestar/Documents/projects/airflow_etl/airflow_env/lib/python3.8/site-packages/airflow/example_dags/subdags/subdag.py
[2023-09-14T17:15:19.198+0100] {processor.py:841} WARNING - No viable dags retrieved from /home/joestar/Documents/projects/airflow_etl/airflow_env/lib/python3.8/site-packages/airflow/example_dags/subdags/subdag.py
[2023-09-14T17:15:19.216+0100] {processor.py:179} INFO - Processing /home/joestar/Documents/projects/airflow_etl/airflow_env/lib/python3.8/site-packages/airflow/example_dags/subdags/subdag.py took 0.028 seconds
[2023-09-14T17:16:12.240+0100] {processor.py:157} INFO - Started process (PID=26133) to work on /home/joestar/Documents/projects/airflow_etl/airflow_env/lib/python3.8/site-packages/airflow/example_dags/subdags/subdag.py
[2023-09-14T17:16:12.241+0100] {processor.py:829} INFO - Processing file /home/joestar/Documents/projects/airflow_etl/airflow_env/lib/python3.8/site-packages/airflow/example_dags/subdags/subdag.py for tasks to queue
[2023-09-14T17:16:12.242+0100] {logging_mixin.py:151} INFO - [2023-09-14T17:16:12.242+0100] {dagbag.py:539} INFO - Filling up the DagBag from /home/joestar/Documents/projects/airflow_etl/airflow_env/lib/python3.8/site-packages/airflow/example_dags/subdags/subdag.py
[2023-09-14T17:16:12.245+0100] {processor.py:841} WARNING - No viable dags retrieved from /home/joestar/Documents/projects/airflow_etl/airflow_env/lib/python3.8/site-packages/airflow/example_dags/subdags/subdag.py
[2023-09-14T17:16:12.255+0100] {processor.py:179} INFO - Processing /home/joestar/Documents/projects/airflow_etl/airflow_env/lib/python3.8/site-packages/airflow/example_dags/subdags/subdag.py took 0.017 seconds
[2023-09-14T17:16:50.697+0100] {processor.py:157} INFO - Started process (PID=26290) to work on /home/joestar/Documents/projects/airflow_etl/airflow_env/lib/python3.8/site-packages/airflow/example_dags/subdags/subdag.py
[2023-09-14T17:16:50.698+0100] {processor.py:829} INFO - Processing file /home/joestar/Documents/projects/airflow_etl/airflow_env/lib/python3.8/site-packages/airflow/example_dags/subdags/subdag.py for tasks to queue
[2023-09-14T17:16:50.699+0100] {logging_mixin.py:151} INFO - [2023-09-14T17:16:50.699+0100] {dagbag.py:539} INFO - Filling up the DagBag from /home/joestar/Documents/projects/airflow_etl/airflow_env/lib/python3.8/site-packages/airflow/example_dags/subdags/subdag.py
[2023-09-14T17:16:50.701+0100] {processor.py:841} WARNING - No viable dags retrieved from /home/joestar/Documents/projects/airflow_etl/airflow_env/lib/python3.8/site-packages/airflow/example_dags/subdags/subdag.py
[2023-09-14T17:16:50.713+0100] {processor.py:179} INFO - Processing /home/joestar/Documents/projects/airflow_etl/airflow_env/lib/python3.8/site-packages/airflow/example_dags/subdags/subdag.py took 0.019 seconds
[2023-09-14T17:17:41.670+0100] {processor.py:157} INFO - Started process (PID=26556) to work on /home/joestar/Documents/projects/airflow_etl/airflow_env/lib/python3.8/site-packages/airflow/example_dags/subdags/subdag.py
[2023-09-14T17:17:41.671+0100] {processor.py:829} INFO - Processing file /home/joestar/Documents/projects/airflow_etl/airflow_env/lib/python3.8/site-packages/airflow/example_dags/subdags/subdag.py for tasks to queue
[2023-09-14T17:17:41.672+0100] {logging_mixin.py:151} INFO - [2023-09-14T17:17:41.672+0100] {dagbag.py:539} INFO - Filling up the DagBag from /home/joestar/Documents/projects/airflow_etl/airflow_env/lib/python3.8/site-packages/airflow/example_dags/subdags/subdag.py
[2023-09-14T17:17:41.674+0100] {processor.py:841} WARNING - No viable dags retrieved from /home/joestar/Documents/projects/airflow_etl/airflow_env/lib/python3.8/site-packages/airflow/example_dags/subdags/subdag.py
[2023-09-14T17:17:41.683+0100] {processor.py:179} INFO - Processing /home/joestar/Documents/projects/airflow_etl/airflow_env/lib/python3.8/site-packages/airflow/example_dags/subdags/subdag.py took 0.015 seconds
[2023-09-14T17:18:30.006+0100] {processor.py:157} INFO - Started process (PID=26840) to work on /home/joestar/Documents/projects/airflow_etl/airflow_env/lib/python3.8/site-packages/airflow/example_dags/subdags/subdag.py
[2023-09-14T17:18:30.007+0100] {processor.py:829} INFO - Processing file /home/joestar/Documents/projects/airflow_etl/airflow_env/lib/python3.8/site-packages/airflow/example_dags/subdags/subdag.py for tasks to queue
[2023-09-14T17:18:30.008+0100] {logging_mixin.py:151} INFO - [2023-09-14T17:18:30.008+0100] {dagbag.py:539} INFO - Filling up the DagBag from /home/joestar/Documents/projects/airflow_etl/airflow_env/lib/python3.8/site-packages/airflow/example_dags/subdags/subdag.py
[2023-09-14T17:18:30.011+0100] {processor.py:841} WARNING - No viable dags retrieved from /home/joestar/Documents/projects/airflow_etl/airflow_env/lib/python3.8/site-packages/airflow/example_dags/subdags/subdag.py
[2023-09-14T17:18:30.023+0100] {processor.py:179} INFO - Processing /home/joestar/Documents/projects/airflow_etl/airflow_env/lib/python3.8/site-packages/airflow/example_dags/subdags/subdag.py took 0.021 seconds
[2023-09-14T17:19:27.730+0100] {processor.py:157} INFO - Started process (PID=27293) to work on /home/joestar/Documents/projects/airflow_etl/airflow_env/lib/python3.8/site-packages/airflow/example_dags/subdags/subdag.py
[2023-09-14T17:19:27.731+0100] {processor.py:829} INFO - Processing file /home/joestar/Documents/projects/airflow_etl/airflow_env/lib/python3.8/site-packages/airflow/example_dags/subdags/subdag.py for tasks to queue
[2023-09-14T17:19:27.732+0100] {logging_mixin.py:151} INFO - [2023-09-14T17:19:27.731+0100] {dagbag.py:539} INFO - Filling up the DagBag from /home/joestar/Documents/projects/airflow_etl/airflow_env/lib/python3.8/site-packages/airflow/example_dags/subdags/subdag.py
[2023-09-14T17:19:27.734+0100] {processor.py:841} WARNING - No viable dags retrieved from /home/joestar/Documents/projects/airflow_etl/airflow_env/lib/python3.8/site-packages/airflow/example_dags/subdags/subdag.py
[2023-09-14T17:19:27.746+0100] {processor.py:179} INFO - Processing /home/joestar/Documents/projects/airflow_etl/airflow_env/lib/python3.8/site-packages/airflow/example_dags/subdags/subdag.py took 0.020 seconds
[2023-09-14T17:20:06.566+0100] {processor.py:157} INFO - Started process (PID=27474) to work on /home/joestar/Documents/projects/airflow_etl/airflow_env/lib/python3.8/site-packages/airflow/example_dags/subdags/subdag.py
[2023-09-14T17:20:06.569+0100] {processor.py:829} INFO - Processing file /home/joestar/Documents/projects/airflow_etl/airflow_env/lib/python3.8/site-packages/airflow/example_dags/subdags/subdag.py for tasks to queue
[2023-09-14T17:20:06.572+0100] {logging_mixin.py:151} INFO - [2023-09-14T17:20:06.570+0100] {dagbag.py:539} INFO - Filling up the DagBag from /home/joestar/Documents/projects/airflow_etl/airflow_env/lib/python3.8/site-packages/airflow/example_dags/subdags/subdag.py
[2023-09-14T17:20:06.578+0100] {processor.py:841} WARNING - No viable dags retrieved from /home/joestar/Documents/projects/airflow_etl/airflow_env/lib/python3.8/site-packages/airflow/example_dags/subdags/subdag.py
[2023-09-14T17:20:06.594+0100] {processor.py:179} INFO - Processing /home/joestar/Documents/projects/airflow_etl/airflow_env/lib/python3.8/site-packages/airflow/example_dags/subdags/subdag.py took 0.037 seconds
[2023-09-14T17:20:57.346+0100] {processor.py:157} INFO - Started process (PID=27680) to work on /home/joestar/Documents/projects/airflow_etl/airflow_env/lib/python3.8/site-packages/airflow/example_dags/subdags/subdag.py
[2023-09-14T17:20:57.347+0100] {processor.py:829} INFO - Processing file /home/joestar/Documents/projects/airflow_etl/airflow_env/lib/python3.8/site-packages/airflow/example_dags/subdags/subdag.py for tasks to queue
[2023-09-14T17:20:57.348+0100] {logging_mixin.py:151} INFO - [2023-09-14T17:20:57.347+0100] {dagbag.py:539} INFO - Filling up the DagBag from /home/joestar/Documents/projects/airflow_etl/airflow_env/lib/python3.8/site-packages/airflow/example_dags/subdags/subdag.py
[2023-09-14T17:20:57.350+0100] {processor.py:841} WARNING - No viable dags retrieved from /home/joestar/Documents/projects/airflow_etl/airflow_env/lib/python3.8/site-packages/airflow/example_dags/subdags/subdag.py
[2023-09-14T17:20:57.358+0100] {processor.py:179} INFO - Processing /home/joestar/Documents/projects/airflow_etl/airflow_env/lib/python3.8/site-packages/airflow/example_dags/subdags/subdag.py took 0.015 seconds
[2023-09-14T17:21:50.517+0100] {processor.py:157} INFO - Started process (PID=27917) to work on /home/joestar/Documents/projects/airflow_etl/airflow_env/lib/python3.8/site-packages/airflow/example_dags/subdags/subdag.py
[2023-09-14T17:21:50.518+0100] {processor.py:829} INFO - Processing file /home/joestar/Documents/projects/airflow_etl/airflow_env/lib/python3.8/site-packages/airflow/example_dags/subdags/subdag.py for tasks to queue
[2023-09-14T17:21:50.519+0100] {logging_mixin.py:151} INFO - [2023-09-14T17:21:50.519+0100] {dagbag.py:539} INFO - Filling up the DagBag from /home/joestar/Documents/projects/airflow_etl/airflow_env/lib/python3.8/site-packages/airflow/example_dags/subdags/subdag.py
[2023-09-14T17:21:50.522+0100] {processor.py:841} WARNING - No viable dags retrieved from /home/joestar/Documents/projects/airflow_etl/airflow_env/lib/python3.8/site-packages/airflow/example_dags/subdags/subdag.py
[2023-09-14T17:21:50.531+0100] {processor.py:179} INFO - Processing /home/joestar/Documents/projects/airflow_etl/airflow_env/lib/python3.8/site-packages/airflow/example_dags/subdags/subdag.py took 0.017 seconds
[2023-09-14T17:22:45.113+0100] {processor.py:157} INFO - Started process (PID=28143) to work on /home/joestar/Documents/projects/airflow_etl/airflow_env/lib/python3.8/site-packages/airflow/example_dags/subdags/subdag.py
[2023-09-14T17:22:45.114+0100] {processor.py:829} INFO - Processing file /home/joestar/Documents/projects/airflow_etl/airflow_env/lib/python3.8/site-packages/airflow/example_dags/subdags/subdag.py for tasks to queue
[2023-09-14T17:22:45.114+0100] {logging_mixin.py:151} INFO - [2023-09-14T17:22:45.114+0100] {dagbag.py:539} INFO - Filling up the DagBag from /home/joestar/Documents/projects/airflow_etl/airflow_env/lib/python3.8/site-packages/airflow/example_dags/subdags/subdag.py
[2023-09-14T17:22:45.116+0100] {processor.py:841} WARNING - No viable dags retrieved from /home/joestar/Documents/projects/airflow_etl/airflow_env/lib/python3.8/site-packages/airflow/example_dags/subdags/subdag.py
[2023-09-14T17:22:45.125+0100] {processor.py:179} INFO - Processing /home/joestar/Documents/projects/airflow_etl/airflow_env/lib/python3.8/site-packages/airflow/example_dags/subdags/subdag.py took 0.015 seconds
[2023-09-14T17:23:37.720+0100] {processor.py:157} INFO - Started process (PID=28388) to work on /home/joestar/Documents/projects/airflow_etl/airflow_env/lib/python3.8/site-packages/airflow/example_dags/subdags/subdag.py
[2023-09-14T17:23:37.721+0100] {processor.py:829} INFO - Processing file /home/joestar/Documents/projects/airflow_etl/airflow_env/lib/python3.8/site-packages/airflow/example_dags/subdags/subdag.py for tasks to queue
[2023-09-14T17:23:37.722+0100] {logging_mixin.py:151} INFO - [2023-09-14T17:23:37.722+0100] {dagbag.py:539} INFO - Filling up the DagBag from /home/joestar/Documents/projects/airflow_etl/airflow_env/lib/python3.8/site-packages/airflow/example_dags/subdags/subdag.py
[2023-09-14T17:23:37.724+0100] {processor.py:841} WARNING - No viable dags retrieved from /home/joestar/Documents/projects/airflow_etl/airflow_env/lib/python3.8/site-packages/airflow/example_dags/subdags/subdag.py
[2023-09-14T17:23:37.734+0100] {processor.py:179} INFO - Processing /home/joestar/Documents/projects/airflow_etl/airflow_env/lib/python3.8/site-packages/airflow/example_dags/subdags/subdag.py took 0.018 seconds
[2023-09-14T17:24:17.756+0100] {processor.py:157} INFO - Started process (PID=28572) to work on /home/joestar/Documents/projects/airflow_etl/airflow_env/lib/python3.8/site-packages/airflow/example_dags/subdags/subdag.py
[2023-09-14T17:24:17.757+0100] {processor.py:829} INFO - Processing file /home/joestar/Documents/projects/airflow_etl/airflow_env/lib/python3.8/site-packages/airflow/example_dags/subdags/subdag.py for tasks to queue
[2023-09-14T17:24:17.758+0100] {logging_mixin.py:151} INFO - [2023-09-14T17:24:17.758+0100] {dagbag.py:539} INFO - Filling up the DagBag from /home/joestar/Documents/projects/airflow_etl/airflow_env/lib/python3.8/site-packages/airflow/example_dags/subdags/subdag.py
[2023-09-14T17:24:17.761+0100] {processor.py:841} WARNING - No viable dags retrieved from /home/joestar/Documents/projects/airflow_etl/airflow_env/lib/python3.8/site-packages/airflow/example_dags/subdags/subdag.py
[2023-09-14T17:24:17.773+0100] {processor.py:179} INFO - Processing /home/joestar/Documents/projects/airflow_etl/airflow_env/lib/python3.8/site-packages/airflow/example_dags/subdags/subdag.py took 0.021 seconds
[2023-09-14T17:24:57.075+0100] {processor.py:157} INFO - Started process (PID=28727) to work on /home/joestar/Documents/projects/airflow_etl/airflow_env/lib/python3.8/site-packages/airflow/example_dags/subdags/subdag.py
[2023-09-14T17:24:57.076+0100] {processor.py:829} INFO - Processing file /home/joestar/Documents/projects/airflow_etl/airflow_env/lib/python3.8/site-packages/airflow/example_dags/subdags/subdag.py for tasks to queue
[2023-09-14T17:24:57.077+0100] {logging_mixin.py:151} INFO - [2023-09-14T17:24:57.077+0100] {dagbag.py:539} INFO - Filling up the DagBag from /home/joestar/Documents/projects/airflow_etl/airflow_env/lib/python3.8/site-packages/airflow/example_dags/subdags/subdag.py
[2023-09-14T17:24:57.080+0100] {processor.py:841} WARNING - No viable dags retrieved from /home/joestar/Documents/projects/airflow_etl/airflow_env/lib/python3.8/site-packages/airflow/example_dags/subdags/subdag.py
[2023-09-14T17:24:57.092+0100] {processor.py:179} INFO - Processing /home/joestar/Documents/projects/airflow_etl/airflow_env/lib/python3.8/site-packages/airflow/example_dags/subdags/subdag.py took 0.021 seconds
[2023-09-14T17:25:51.101+0100] {processor.py:157} INFO - Started process (PID=28943) to work on /home/joestar/Documents/projects/airflow_etl/airflow_env/lib/python3.8/site-packages/airflow/example_dags/subdags/subdag.py
[2023-09-14T17:25:51.103+0100] {processor.py:829} INFO - Processing file /home/joestar/Documents/projects/airflow_etl/airflow_env/lib/python3.8/site-packages/airflow/example_dags/subdags/subdag.py for tasks to queue
[2023-09-14T17:25:51.106+0100] {logging_mixin.py:151} INFO - [2023-09-14T17:25:51.105+0100] {dagbag.py:539} INFO - Filling up the DagBag from /home/joestar/Documents/projects/airflow_etl/airflow_env/lib/python3.8/site-packages/airflow/example_dags/subdags/subdag.py
[2023-09-14T17:25:51.109+0100] {processor.py:841} WARNING - No viable dags retrieved from /home/joestar/Documents/projects/airflow_etl/airflow_env/lib/python3.8/site-packages/airflow/example_dags/subdags/subdag.py
[2023-09-14T17:25:51.121+0100] {processor.py:179} INFO - Processing /home/joestar/Documents/projects/airflow_etl/airflow_env/lib/python3.8/site-packages/airflow/example_dags/subdags/subdag.py took 0.024 seconds
[2023-09-14T17:26:44.434+0100] {processor.py:157} INFO - Started process (PID=29183) to work on /home/joestar/Documents/projects/airflow_etl/airflow_env/lib/python3.8/site-packages/airflow/example_dags/subdags/subdag.py
[2023-09-14T17:26:44.435+0100] {processor.py:829} INFO - Processing file /home/joestar/Documents/projects/airflow_etl/airflow_env/lib/python3.8/site-packages/airflow/example_dags/subdags/subdag.py for tasks to queue
[2023-09-14T17:26:44.437+0100] {logging_mixin.py:151} INFO - [2023-09-14T17:26:44.436+0100] {dagbag.py:539} INFO - Filling up the DagBag from /home/joestar/Documents/projects/airflow_etl/airflow_env/lib/python3.8/site-packages/airflow/example_dags/subdags/subdag.py
[2023-09-14T17:26:44.439+0100] {processor.py:841} WARNING - No viable dags retrieved from /home/joestar/Documents/projects/airflow_etl/airflow_env/lib/python3.8/site-packages/airflow/example_dags/subdags/subdag.py
[2023-09-14T17:26:44.448+0100] {processor.py:179} INFO - Processing /home/joestar/Documents/projects/airflow_etl/airflow_env/lib/python3.8/site-packages/airflow/example_dags/subdags/subdag.py took 0.018 seconds
[2023-09-14T17:27:38.932+0100] {processor.py:157} INFO - Started process (PID=29427) to work on /home/joestar/Documents/projects/airflow_etl/airflow_env/lib/python3.8/site-packages/airflow/example_dags/subdags/subdag.py
[2023-09-14T17:27:38.933+0100] {processor.py:829} INFO - Processing file /home/joestar/Documents/projects/airflow_etl/airflow_env/lib/python3.8/site-packages/airflow/example_dags/subdags/subdag.py for tasks to queue
[2023-09-14T17:27:38.934+0100] {logging_mixin.py:151} INFO - [2023-09-14T17:27:38.934+0100] {dagbag.py:539} INFO - Filling up the DagBag from /home/joestar/Documents/projects/airflow_etl/airflow_env/lib/python3.8/site-packages/airflow/example_dags/subdags/subdag.py
[2023-09-14T17:27:38.938+0100] {processor.py:841} WARNING - No viable dags retrieved from /home/joestar/Documents/projects/airflow_etl/airflow_env/lib/python3.8/site-packages/airflow/example_dags/subdags/subdag.py
[2023-09-14T17:27:38.952+0100] {processor.py:179} INFO - Processing /home/joestar/Documents/projects/airflow_etl/airflow_env/lib/python3.8/site-packages/airflow/example_dags/subdags/subdag.py took 0.023 seconds
[2023-09-14T17:28:32.637+0100] {processor.py:157} INFO - Started process (PID=29675) to work on /home/joestar/Documents/projects/airflow_etl/airflow_env/lib/python3.8/site-packages/airflow/example_dags/subdags/subdag.py
[2023-09-14T17:28:32.638+0100] {processor.py:829} INFO - Processing file /home/joestar/Documents/projects/airflow_etl/airflow_env/lib/python3.8/site-packages/airflow/example_dags/subdags/subdag.py for tasks to queue
[2023-09-14T17:28:32.640+0100] {logging_mixin.py:151} INFO - [2023-09-14T17:28:32.639+0100] {dagbag.py:539} INFO - Filling up the DagBag from /home/joestar/Documents/projects/airflow_etl/airflow_env/lib/python3.8/site-packages/airflow/example_dags/subdags/subdag.py
[2023-09-14T17:28:32.642+0100] {processor.py:841} WARNING - No viable dags retrieved from /home/joestar/Documents/projects/airflow_etl/airflow_env/lib/python3.8/site-packages/airflow/example_dags/subdags/subdag.py
[2023-09-14T17:28:32.653+0100] {processor.py:179} INFO - Processing /home/joestar/Documents/projects/airflow_etl/airflow_env/lib/python3.8/site-packages/airflow/example_dags/subdags/subdag.py took 0.019 seconds
[2023-09-14T17:29:24.726+0100] {processor.py:157} INFO - Started process (PID=29929) to work on /home/joestar/Documents/projects/airflow_etl/airflow_env/lib/python3.8/site-packages/airflow/example_dags/subdags/subdag.py
[2023-09-14T17:29:24.727+0100] {processor.py:829} INFO - Processing file /home/joestar/Documents/projects/airflow_etl/airflow_env/lib/python3.8/site-packages/airflow/example_dags/subdags/subdag.py for tasks to queue
[2023-09-14T17:29:24.728+0100] {logging_mixin.py:151} INFO - [2023-09-14T17:29:24.727+0100] {dagbag.py:539} INFO - Filling up the DagBag from /home/joestar/Documents/projects/airflow_etl/airflow_env/lib/python3.8/site-packages/airflow/example_dags/subdags/subdag.py
[2023-09-14T17:29:24.730+0100] {processor.py:841} WARNING - No viable dags retrieved from /home/joestar/Documents/projects/airflow_etl/airflow_env/lib/python3.8/site-packages/airflow/example_dags/subdags/subdag.py
[2023-09-14T17:29:24.739+0100] {processor.py:179} INFO - Processing /home/joestar/Documents/projects/airflow_etl/airflow_env/lib/python3.8/site-packages/airflow/example_dags/subdags/subdag.py took 0.016 seconds
[2023-09-14T17:30:16.829+0100] {processor.py:157} INFO - Started process (PID=30179) to work on /home/joestar/Documents/projects/airflow_etl/airflow_env/lib/python3.8/site-packages/airflow/example_dags/subdags/subdag.py
[2023-09-14T17:30:16.830+0100] {processor.py:829} INFO - Processing file /home/joestar/Documents/projects/airflow_etl/airflow_env/lib/python3.8/site-packages/airflow/example_dags/subdags/subdag.py for tasks to queue
[2023-09-14T17:30:16.831+0100] {logging_mixin.py:151} INFO - [2023-09-14T17:30:16.830+0100] {dagbag.py:539} INFO - Filling up the DagBag from /home/joestar/Documents/projects/airflow_etl/airflow_env/lib/python3.8/site-packages/airflow/example_dags/subdags/subdag.py
[2023-09-14T17:30:16.833+0100] {processor.py:841} WARNING - No viable dags retrieved from /home/joestar/Documents/projects/airflow_etl/airflow_env/lib/python3.8/site-packages/airflow/example_dags/subdags/subdag.py
[2023-09-14T17:30:16.842+0100] {processor.py:179} INFO - Processing /home/joestar/Documents/projects/airflow_etl/airflow_env/lib/python3.8/site-packages/airflow/example_dags/subdags/subdag.py took 0.015 seconds
[2023-09-14T17:31:08.002+0100] {processor.py:157} INFO - Started process (PID=30418) to work on /home/joestar/Documents/projects/airflow_etl/airflow_env/lib/python3.8/site-packages/airflow/example_dags/subdags/subdag.py
[2023-09-14T17:31:08.003+0100] {processor.py:829} INFO - Processing file /home/joestar/Documents/projects/airflow_etl/airflow_env/lib/python3.8/site-packages/airflow/example_dags/subdags/subdag.py for tasks to queue
[2023-09-14T17:31:08.004+0100] {logging_mixin.py:151} INFO - [2023-09-14T17:31:08.004+0100] {dagbag.py:539} INFO - Filling up the DagBag from /home/joestar/Documents/projects/airflow_etl/airflow_env/lib/python3.8/site-packages/airflow/example_dags/subdags/subdag.py
[2023-09-14T17:31:08.007+0100] {processor.py:841} WARNING - No viable dags retrieved from /home/joestar/Documents/projects/airflow_etl/airflow_env/lib/python3.8/site-packages/airflow/example_dags/subdags/subdag.py
[2023-09-14T17:31:08.020+0100] {processor.py:179} INFO - Processing /home/joestar/Documents/projects/airflow_etl/airflow_env/lib/python3.8/site-packages/airflow/example_dags/subdags/subdag.py took 0.022 seconds
[2023-09-14T17:31:58.583+0100] {processor.py:157} INFO - Started process (PID=30622) to work on /home/joestar/Documents/projects/airflow_etl/airflow_env/lib/python3.8/site-packages/airflow/example_dags/subdags/subdag.py
[2023-09-14T17:31:58.584+0100] {processor.py:829} INFO - Processing file /home/joestar/Documents/projects/airflow_etl/airflow_env/lib/python3.8/site-packages/airflow/example_dags/subdags/subdag.py for tasks to queue
[2023-09-14T17:31:58.584+0100] {logging_mixin.py:151} INFO - [2023-09-14T17:31:58.584+0100] {dagbag.py:539} INFO - Filling up the DagBag from /home/joestar/Documents/projects/airflow_etl/airflow_env/lib/python3.8/site-packages/airflow/example_dags/subdags/subdag.py
[2023-09-14T17:31:58.587+0100] {processor.py:841} WARNING - No viable dags retrieved from /home/joestar/Documents/projects/airflow_etl/airflow_env/lib/python3.8/site-packages/airflow/example_dags/subdags/subdag.py
[2023-09-14T17:31:58.597+0100] {processor.py:179} INFO - Processing /home/joestar/Documents/projects/airflow_etl/airflow_env/lib/python3.8/site-packages/airflow/example_dags/subdags/subdag.py took 0.017 seconds
[2023-09-14T17:32:51.747+0100] {processor.py:157} INFO - Started process (PID=30863) to work on /home/joestar/Documents/projects/airflow_etl/airflow_env/lib/python3.8/site-packages/airflow/example_dags/subdags/subdag.py
[2023-09-14T17:32:51.748+0100] {processor.py:829} INFO - Processing file /home/joestar/Documents/projects/airflow_etl/airflow_env/lib/python3.8/site-packages/airflow/example_dags/subdags/subdag.py for tasks to queue
[2023-09-14T17:32:51.749+0100] {logging_mixin.py:151} INFO - [2023-09-14T17:32:51.748+0100] {dagbag.py:539} INFO - Filling up the DagBag from /home/joestar/Documents/projects/airflow_etl/airflow_env/lib/python3.8/site-packages/airflow/example_dags/subdags/subdag.py
[2023-09-14T17:32:51.751+0100] {processor.py:841} WARNING - No viable dags retrieved from /home/joestar/Documents/projects/airflow_etl/airflow_env/lib/python3.8/site-packages/airflow/example_dags/subdags/subdag.py
[2023-09-14T17:32:51.763+0100] {processor.py:179} INFO - Processing /home/joestar/Documents/projects/airflow_etl/airflow_env/lib/python3.8/site-packages/airflow/example_dags/subdags/subdag.py took 0.020 seconds
[2023-09-14T17:33:44.666+0100] {processor.py:157} INFO - Started process (PID=31105) to work on /home/joestar/Documents/projects/airflow_etl/airflow_env/lib/python3.8/site-packages/airflow/example_dags/subdags/subdag.py
[2023-09-14T17:33:44.668+0100] {processor.py:829} INFO - Processing file /home/joestar/Documents/projects/airflow_etl/airflow_env/lib/python3.8/site-packages/airflow/example_dags/subdags/subdag.py for tasks to queue
[2023-09-14T17:33:44.669+0100] {logging_mixin.py:151} INFO - [2023-09-14T17:33:44.668+0100] {dagbag.py:539} INFO - Filling up the DagBag from /home/joestar/Documents/projects/airflow_etl/airflow_env/lib/python3.8/site-packages/airflow/example_dags/subdags/subdag.py
[2023-09-14T17:33:44.671+0100] {processor.py:841} WARNING - No viable dags retrieved from /home/joestar/Documents/projects/airflow_etl/airflow_env/lib/python3.8/site-packages/airflow/example_dags/subdags/subdag.py
[2023-09-14T17:33:44.684+0100] {processor.py:179} INFO - Processing /home/joestar/Documents/projects/airflow_etl/airflow_env/lib/python3.8/site-packages/airflow/example_dags/subdags/subdag.py took 0.021 seconds
[2023-09-14T17:34:38.949+0100] {processor.py:157} INFO - Started process (PID=31362) to work on /home/joestar/Documents/projects/airflow_etl/airflow_env/lib/python3.8/site-packages/airflow/example_dags/subdags/subdag.py
[2023-09-14T17:34:38.951+0100] {processor.py:829} INFO - Processing file /home/joestar/Documents/projects/airflow_etl/airflow_env/lib/python3.8/site-packages/airflow/example_dags/subdags/subdag.py for tasks to queue
[2023-09-14T17:34:38.952+0100] {logging_mixin.py:151} INFO - [2023-09-14T17:34:38.951+0100] {dagbag.py:539} INFO - Filling up the DagBag from /home/joestar/Documents/projects/airflow_etl/airflow_env/lib/python3.8/site-packages/airflow/example_dags/subdags/subdag.py
[2023-09-14T17:34:38.954+0100] {processor.py:841} WARNING - No viable dags retrieved from /home/joestar/Documents/projects/airflow_etl/airflow_env/lib/python3.8/site-packages/airflow/example_dags/subdags/subdag.py
[2023-09-14T17:34:38.967+0100] {processor.py:179} INFO - Processing /home/joestar/Documents/projects/airflow_etl/airflow_env/lib/python3.8/site-packages/airflow/example_dags/subdags/subdag.py took 0.021 seconds
[2023-09-14T17:35:28.322+0100] {processor.py:157} INFO - Started process (PID=31600) to work on /home/joestar/Documents/projects/airflow_etl/airflow_env/lib/python3.8/site-packages/airflow/example_dags/subdags/subdag.py
[2023-09-14T17:35:28.323+0100] {processor.py:829} INFO - Processing file /home/joestar/Documents/projects/airflow_etl/airflow_env/lib/python3.8/site-packages/airflow/example_dags/subdags/subdag.py for tasks to queue
[2023-09-14T17:35:28.324+0100] {logging_mixin.py:151} INFO - [2023-09-14T17:35:28.324+0100] {dagbag.py:539} INFO - Filling up the DagBag from /home/joestar/Documents/projects/airflow_etl/airflow_env/lib/python3.8/site-packages/airflow/example_dags/subdags/subdag.py
[2023-09-14T17:35:28.326+0100] {processor.py:841} WARNING - No viable dags retrieved from /home/joestar/Documents/projects/airflow_etl/airflow_env/lib/python3.8/site-packages/airflow/example_dags/subdags/subdag.py
[2023-09-14T17:35:28.336+0100] {processor.py:179} INFO - Processing /home/joestar/Documents/projects/airflow_etl/airflow_env/lib/python3.8/site-packages/airflow/example_dags/subdags/subdag.py took 0.017 seconds
[2023-09-14T17:36:20.381+0100] {processor.py:157} INFO - Started process (PID=31835) to work on /home/joestar/Documents/projects/airflow_etl/airflow_env/lib/python3.8/site-packages/airflow/example_dags/subdags/subdag.py
[2023-09-14T17:36:20.382+0100] {processor.py:829} INFO - Processing file /home/joestar/Documents/projects/airflow_etl/airflow_env/lib/python3.8/site-packages/airflow/example_dags/subdags/subdag.py for tasks to queue
[2023-09-14T17:36:20.385+0100] {logging_mixin.py:151} INFO - [2023-09-14T17:36:20.383+0100] {dagbag.py:539} INFO - Filling up the DagBag from /home/joestar/Documents/projects/airflow_etl/airflow_env/lib/python3.8/site-packages/airflow/example_dags/subdags/subdag.py
[2023-09-14T17:36:20.388+0100] {processor.py:841} WARNING - No viable dags retrieved from /home/joestar/Documents/projects/airflow_etl/airflow_env/lib/python3.8/site-packages/airflow/example_dags/subdags/subdag.py
[2023-09-14T17:36:20.401+0100] {processor.py:179} INFO - Processing /home/joestar/Documents/projects/airflow_etl/airflow_env/lib/python3.8/site-packages/airflow/example_dags/subdags/subdag.py took 0.026 seconds
[2023-09-14T17:37:13.461+0100] {processor.py:157} INFO - Started process (PID=32081) to work on /home/joestar/Documents/projects/airflow_etl/airflow_env/lib/python3.8/site-packages/airflow/example_dags/subdags/subdag.py
[2023-09-14T17:37:13.462+0100] {processor.py:829} INFO - Processing file /home/joestar/Documents/projects/airflow_etl/airflow_env/lib/python3.8/site-packages/airflow/example_dags/subdags/subdag.py for tasks to queue
[2023-09-14T17:37:13.463+0100] {logging_mixin.py:151} INFO - [2023-09-14T17:37:13.463+0100] {dagbag.py:539} INFO - Filling up the DagBag from /home/joestar/Documents/projects/airflow_etl/airflow_env/lib/python3.8/site-packages/airflow/example_dags/subdags/subdag.py
[2023-09-14T17:37:13.465+0100] {processor.py:841} WARNING - No viable dags retrieved from /home/joestar/Documents/projects/airflow_etl/airflow_env/lib/python3.8/site-packages/airflow/example_dags/subdags/subdag.py
[2023-09-14T17:37:13.478+0100] {processor.py:179} INFO - Processing /home/joestar/Documents/projects/airflow_etl/airflow_env/lib/python3.8/site-packages/airflow/example_dags/subdags/subdag.py took 0.019 seconds
[2023-09-14T17:38:09.631+0100] {processor.py:157} INFO - Started process (PID=32476) to work on /home/joestar/Documents/projects/airflow_etl/airflow_env/lib/python3.8/site-packages/airflow/example_dags/subdags/subdag.py
[2023-09-14T17:38:09.634+0100] {processor.py:829} INFO - Processing file /home/joestar/Documents/projects/airflow_etl/airflow_env/lib/python3.8/site-packages/airflow/example_dags/subdags/subdag.py for tasks to queue
[2023-09-14T17:38:09.635+0100] {logging_mixin.py:151} INFO - [2023-09-14T17:38:09.635+0100] {dagbag.py:539} INFO - Filling up the DagBag from /home/joestar/Documents/projects/airflow_etl/airflow_env/lib/python3.8/site-packages/airflow/example_dags/subdags/subdag.py
[2023-09-14T17:38:09.638+0100] {processor.py:841} WARNING - No viable dags retrieved from /home/joestar/Documents/projects/airflow_etl/airflow_env/lib/python3.8/site-packages/airflow/example_dags/subdags/subdag.py
[2023-09-14T17:38:09.651+0100] {processor.py:179} INFO - Processing /home/joestar/Documents/projects/airflow_etl/airflow_env/lib/python3.8/site-packages/airflow/example_dags/subdags/subdag.py took 0.023 seconds
[2023-09-14T17:38:50.135+0100] {processor.py:157} INFO - Started process (PID=32801) to work on /home/joestar/Documents/projects/airflow_etl/airflow_env/lib/python3.8/site-packages/airflow/example_dags/subdags/subdag.py
[2023-09-14T17:38:50.137+0100] {processor.py:829} INFO - Processing file /home/joestar/Documents/projects/airflow_etl/airflow_env/lib/python3.8/site-packages/airflow/example_dags/subdags/subdag.py for tasks to queue
[2023-09-14T17:38:50.138+0100] {logging_mixin.py:151} INFO - [2023-09-14T17:38:50.137+0100] {dagbag.py:539} INFO - Filling up the DagBag from /home/joestar/Documents/projects/airflow_etl/airflow_env/lib/python3.8/site-packages/airflow/example_dags/subdags/subdag.py
[2023-09-14T17:38:50.141+0100] {processor.py:841} WARNING - No viable dags retrieved from /home/joestar/Documents/projects/airflow_etl/airflow_env/lib/python3.8/site-packages/airflow/example_dags/subdags/subdag.py
[2023-09-14T17:38:50.159+0100] {processor.py:179} INFO - Processing /home/joestar/Documents/projects/airflow_etl/airflow_env/lib/python3.8/site-packages/airflow/example_dags/subdags/subdag.py took 0.044 seconds
[2023-09-14T17:39:36.172+0100] {processor.py:157} INFO - Started process (PID=33099) to work on /home/joestar/Documents/projects/airflow_etl/airflow_env/lib/python3.8/site-packages/airflow/example_dags/subdags/subdag.py
[2023-09-14T17:39:36.173+0100] {processor.py:829} INFO - Processing file /home/joestar/Documents/projects/airflow_etl/airflow_env/lib/python3.8/site-packages/airflow/example_dags/subdags/subdag.py for tasks to queue
[2023-09-14T17:39:36.174+0100] {logging_mixin.py:151} INFO - [2023-09-14T17:39:36.174+0100] {dagbag.py:539} INFO - Filling up the DagBag from /home/joestar/Documents/projects/airflow_etl/airflow_env/lib/python3.8/site-packages/airflow/example_dags/subdags/subdag.py
[2023-09-14T17:39:36.176+0100] {processor.py:841} WARNING - No viable dags retrieved from /home/joestar/Documents/projects/airflow_etl/airflow_env/lib/python3.8/site-packages/airflow/example_dags/subdags/subdag.py
[2023-09-14T17:39:36.185+0100] {processor.py:179} INFO - Processing /home/joestar/Documents/projects/airflow_etl/airflow_env/lib/python3.8/site-packages/airflow/example_dags/subdags/subdag.py took 0.016 seconds
[2023-09-14T17:40:16.749+0100] {processor.py:157} INFO - Started process (PID=33331) to work on /home/joestar/Documents/projects/airflow_etl/airflow_env/lib/python3.8/site-packages/airflow/example_dags/subdags/subdag.py
[2023-09-14T17:40:16.750+0100] {processor.py:829} INFO - Processing file /home/joestar/Documents/projects/airflow_etl/airflow_env/lib/python3.8/site-packages/airflow/example_dags/subdags/subdag.py for tasks to queue
[2023-09-14T17:40:16.752+0100] {logging_mixin.py:151} INFO - [2023-09-14T17:40:16.751+0100] {dagbag.py:539} INFO - Filling up the DagBag from /home/joestar/Documents/projects/airflow_etl/airflow_env/lib/python3.8/site-packages/airflow/example_dags/subdags/subdag.py
[2023-09-14T17:40:16.754+0100] {processor.py:841} WARNING - No viable dags retrieved from /home/joestar/Documents/projects/airflow_etl/airflow_env/lib/python3.8/site-packages/airflow/example_dags/subdags/subdag.py
[2023-09-14T17:40:16.766+0100] {processor.py:179} INFO - Processing /home/joestar/Documents/projects/airflow_etl/airflow_env/lib/python3.8/site-packages/airflow/example_dags/subdags/subdag.py took 0.020 seconds
[2023-09-14T17:40:56.939+0100] {processor.py:157} INFO - Started process (PID=33582) to work on /home/joestar/Documents/projects/airflow_etl/airflow_env/lib/python3.8/site-packages/airflow/example_dags/subdags/subdag.py
[2023-09-14T17:40:56.941+0100] {processor.py:829} INFO - Processing file /home/joestar/Documents/projects/airflow_etl/airflow_env/lib/python3.8/site-packages/airflow/example_dags/subdags/subdag.py for tasks to queue
[2023-09-14T17:40:56.942+0100] {logging_mixin.py:151} INFO - [2023-09-14T17:40:56.941+0100] {dagbag.py:539} INFO - Filling up the DagBag from /home/joestar/Documents/projects/airflow_etl/airflow_env/lib/python3.8/site-packages/airflow/example_dags/subdags/subdag.py
[2023-09-14T17:40:56.945+0100] {processor.py:841} WARNING - No viable dags retrieved from /home/joestar/Documents/projects/airflow_etl/airflow_env/lib/python3.8/site-packages/airflow/example_dags/subdags/subdag.py
[2023-09-14T17:40:56.957+0100] {processor.py:179} INFO - Processing /home/joestar/Documents/projects/airflow_etl/airflow_env/lib/python3.8/site-packages/airflow/example_dags/subdags/subdag.py took 0.022 seconds
[2023-09-14T17:41:49.474+0100] {processor.py:157} INFO - Started process (PID=33944) to work on /home/joestar/Documents/projects/airflow_etl/airflow_env/lib/python3.8/site-packages/airflow/example_dags/subdags/subdag.py
[2023-09-14T17:41:49.475+0100] {processor.py:829} INFO - Processing file /home/joestar/Documents/projects/airflow_etl/airflow_env/lib/python3.8/site-packages/airflow/example_dags/subdags/subdag.py for tasks to queue
[2023-09-14T17:41:49.476+0100] {logging_mixin.py:151} INFO - [2023-09-14T17:41:49.476+0100] {dagbag.py:539} INFO - Filling up the DagBag from /home/joestar/Documents/projects/airflow_etl/airflow_env/lib/python3.8/site-packages/airflow/example_dags/subdags/subdag.py
[2023-09-14T17:41:49.479+0100] {processor.py:841} WARNING - No viable dags retrieved from /home/joestar/Documents/projects/airflow_etl/airflow_env/lib/python3.8/site-packages/airflow/example_dags/subdags/subdag.py
[2023-09-14T17:41:49.490+0100] {processor.py:179} INFO - Processing /home/joestar/Documents/projects/airflow_etl/airflow_env/lib/python3.8/site-packages/airflow/example_dags/subdags/subdag.py took 0.020 seconds
[2023-09-14T17:42:32.635+0100] {processor.py:157} INFO - Started process (PID=34130) to work on /home/joestar/Documents/projects/airflow_etl/airflow_env/lib/python3.8/site-packages/airflow/example_dags/subdags/subdag.py
[2023-09-14T17:42:32.636+0100] {processor.py:829} INFO - Processing file /home/joestar/Documents/projects/airflow_etl/airflow_env/lib/python3.8/site-packages/airflow/example_dags/subdags/subdag.py for tasks to queue
[2023-09-14T17:42:32.638+0100] {logging_mixin.py:151} INFO - [2023-09-14T17:42:32.637+0100] {dagbag.py:539} INFO - Filling up the DagBag from /home/joestar/Documents/projects/airflow_etl/airflow_env/lib/python3.8/site-packages/airflow/example_dags/subdags/subdag.py
[2023-09-14T17:42:32.641+0100] {processor.py:841} WARNING - No viable dags retrieved from /home/joestar/Documents/projects/airflow_etl/airflow_env/lib/python3.8/site-packages/airflow/example_dags/subdags/subdag.py
[2023-09-14T17:42:32.656+0100] {processor.py:179} INFO - Processing /home/joestar/Documents/projects/airflow_etl/airflow_env/lib/python3.8/site-packages/airflow/example_dags/subdags/subdag.py took 0.026 seconds
[2023-09-14T17:43:15.810+0100] {processor.py:157} INFO - Started process (PID=34320) to work on /home/joestar/Documents/projects/airflow_etl/airflow_env/lib/python3.8/site-packages/airflow/example_dags/subdags/subdag.py
[2023-09-14T17:43:15.812+0100] {processor.py:829} INFO - Processing file /home/joestar/Documents/projects/airflow_etl/airflow_env/lib/python3.8/site-packages/airflow/example_dags/subdags/subdag.py for tasks to queue
[2023-09-14T17:43:15.814+0100] {logging_mixin.py:151} INFO - [2023-09-14T17:43:15.813+0100] {dagbag.py:539} INFO - Filling up the DagBag from /home/joestar/Documents/projects/airflow_etl/airflow_env/lib/python3.8/site-packages/airflow/example_dags/subdags/subdag.py
[2023-09-14T17:43:15.820+0100] {processor.py:841} WARNING - No viable dags retrieved from /home/joestar/Documents/projects/airflow_etl/airflow_env/lib/python3.8/site-packages/airflow/example_dags/subdags/subdag.py
[2023-09-14T17:43:15.834+0100] {processor.py:179} INFO - Processing /home/joestar/Documents/projects/airflow_etl/airflow_env/lib/python3.8/site-packages/airflow/example_dags/subdags/subdag.py took 0.028 seconds
[2023-09-14T17:44:13.824+0100] {processor.py:157} INFO - Started process (PID=34637) to work on /home/joestar/Documents/projects/airflow_etl/airflow_env/lib/python3.8/site-packages/airflow/example_dags/subdags/subdag.py
[2023-09-14T17:44:13.825+0100] {processor.py:829} INFO - Processing file /home/joestar/Documents/projects/airflow_etl/airflow_env/lib/python3.8/site-packages/airflow/example_dags/subdags/subdag.py for tasks to queue
[2023-09-14T17:44:13.826+0100] {logging_mixin.py:151} INFO - [2023-09-14T17:44:13.826+0100] {dagbag.py:539} INFO - Filling up the DagBag from /home/joestar/Documents/projects/airflow_etl/airflow_env/lib/python3.8/site-packages/airflow/example_dags/subdags/subdag.py
[2023-09-14T17:44:13.829+0100] {processor.py:841} WARNING - No viable dags retrieved from /home/joestar/Documents/projects/airflow_etl/airflow_env/lib/python3.8/site-packages/airflow/example_dags/subdags/subdag.py
[2023-09-14T17:44:13.841+0100] {processor.py:179} INFO - Processing /home/joestar/Documents/projects/airflow_etl/airflow_env/lib/python3.8/site-packages/airflow/example_dags/subdags/subdag.py took 0.021 seconds
[2023-09-14T17:44:55.666+0100] {processor.py:157} INFO - Started process (PID=34817) to work on /home/joestar/Documents/projects/airflow_etl/airflow_env/lib/python3.8/site-packages/airflow/example_dags/subdags/subdag.py
[2023-09-14T17:44:55.667+0100] {processor.py:829} INFO - Processing file /home/joestar/Documents/projects/airflow_etl/airflow_env/lib/python3.8/site-packages/airflow/example_dags/subdags/subdag.py for tasks to queue
[2023-09-14T17:44:55.668+0100] {logging_mixin.py:151} INFO - [2023-09-14T17:44:55.667+0100] {dagbag.py:539} INFO - Filling up the DagBag from /home/joestar/Documents/projects/airflow_etl/airflow_env/lib/python3.8/site-packages/airflow/example_dags/subdags/subdag.py
[2023-09-14T17:44:55.670+0100] {processor.py:841} WARNING - No viable dags retrieved from /home/joestar/Documents/projects/airflow_etl/airflow_env/lib/python3.8/site-packages/airflow/example_dags/subdags/subdag.py
[2023-09-14T17:44:55.680+0100] {processor.py:179} INFO - Processing /home/joestar/Documents/projects/airflow_etl/airflow_env/lib/python3.8/site-packages/airflow/example_dags/subdags/subdag.py took 0.017 seconds
[2023-09-14T17:45:35.958+0100] {processor.py:157} INFO - Started process (PID=34975) to work on /home/joestar/Documents/projects/airflow_etl/airflow_env/lib/python3.8/site-packages/airflow/example_dags/subdags/subdag.py
[2023-09-14T17:45:35.959+0100] {processor.py:829} INFO - Processing file /home/joestar/Documents/projects/airflow_etl/airflow_env/lib/python3.8/site-packages/airflow/example_dags/subdags/subdag.py for tasks to queue
[2023-09-14T17:45:35.960+0100] {logging_mixin.py:151} INFO - [2023-09-14T17:45:35.960+0100] {dagbag.py:539} INFO - Filling up the DagBag from /home/joestar/Documents/projects/airflow_etl/airflow_env/lib/python3.8/site-packages/airflow/example_dags/subdags/subdag.py
[2023-09-14T17:45:35.962+0100] {processor.py:841} WARNING - No viable dags retrieved from /home/joestar/Documents/projects/airflow_etl/airflow_env/lib/python3.8/site-packages/airflow/example_dags/subdags/subdag.py
[2023-09-14T17:45:35.974+0100] {processor.py:179} INFO - Processing /home/joestar/Documents/projects/airflow_etl/airflow_env/lib/python3.8/site-packages/airflow/example_dags/subdags/subdag.py took 0.018 seconds
[2023-09-14T17:46:19.576+0100] {processor.py:157} INFO - Started process (PID=35182) to work on /home/joestar/Documents/projects/airflow_etl/airflow_env/lib/python3.8/site-packages/airflow/example_dags/subdags/subdag.py
[2023-09-14T17:46:19.578+0100] {processor.py:829} INFO - Processing file /home/joestar/Documents/projects/airflow_etl/airflow_env/lib/python3.8/site-packages/airflow/example_dags/subdags/subdag.py for tasks to queue
[2023-09-14T17:46:19.579+0100] {logging_mixin.py:151} INFO - [2023-09-14T17:46:19.579+0100] {dagbag.py:539} INFO - Filling up the DagBag from /home/joestar/Documents/projects/airflow_etl/airflow_env/lib/python3.8/site-packages/airflow/example_dags/subdags/subdag.py
[2023-09-14T17:46:19.584+0100] {processor.py:841} WARNING - No viable dags retrieved from /home/joestar/Documents/projects/airflow_etl/airflow_env/lib/python3.8/site-packages/airflow/example_dags/subdags/subdag.py
[2023-09-14T17:46:19.597+0100] {processor.py:179} INFO - Processing /home/joestar/Documents/projects/airflow_etl/airflow_env/lib/python3.8/site-packages/airflow/example_dags/subdags/subdag.py took 0.025 seconds
[2023-09-14T17:47:03.952+0100] {processor.py:157} INFO - Started process (PID=35363) to work on /home/joestar/Documents/projects/airflow_etl/airflow_env/lib/python3.8/site-packages/airflow/example_dags/subdags/subdag.py
[2023-09-14T17:47:03.953+0100] {processor.py:829} INFO - Processing file /home/joestar/Documents/projects/airflow_etl/airflow_env/lib/python3.8/site-packages/airflow/example_dags/subdags/subdag.py for tasks to queue
[2023-09-14T17:47:03.954+0100] {logging_mixin.py:151} INFO - [2023-09-14T17:47:03.954+0100] {dagbag.py:539} INFO - Filling up the DagBag from /home/joestar/Documents/projects/airflow_etl/airflow_env/lib/python3.8/site-packages/airflow/example_dags/subdags/subdag.py
[2023-09-14T17:47:03.957+0100] {processor.py:841} WARNING - No viable dags retrieved from /home/joestar/Documents/projects/airflow_etl/airflow_env/lib/python3.8/site-packages/airflow/example_dags/subdags/subdag.py
[2023-09-14T17:47:03.969+0100] {processor.py:179} INFO - Processing /home/joestar/Documents/projects/airflow_etl/airflow_env/lib/python3.8/site-packages/airflow/example_dags/subdags/subdag.py took 0.021 seconds
[2023-09-14T17:47:58.182+0100] {processor.py:157} INFO - Started process (PID=35562) to work on /home/joestar/Documents/projects/airflow_etl/airflow_env/lib/python3.8/site-packages/airflow/example_dags/subdags/subdag.py
[2023-09-14T17:47:58.193+0100] {processor.py:829} INFO - Processing file /home/joestar/Documents/projects/airflow_etl/airflow_env/lib/python3.8/site-packages/airflow/example_dags/subdags/subdag.py for tasks to queue
[2023-09-14T17:47:58.194+0100] {logging_mixin.py:151} INFO - [2023-09-14T17:47:58.194+0100] {dagbag.py:539} INFO - Filling up the DagBag from /home/joestar/Documents/projects/airflow_etl/airflow_env/lib/python3.8/site-packages/airflow/example_dags/subdags/subdag.py
[2023-09-14T17:47:58.197+0100] {processor.py:841} WARNING - No viable dags retrieved from /home/joestar/Documents/projects/airflow_etl/airflow_env/lib/python3.8/site-packages/airflow/example_dags/subdags/subdag.py
[2023-09-14T17:47:58.210+0100] {processor.py:179} INFO - Processing /home/joestar/Documents/projects/airflow_etl/airflow_env/lib/python3.8/site-packages/airflow/example_dags/subdags/subdag.py took 0.033 seconds
[2023-09-14T17:48:43.979+0100] {processor.py:157} INFO - Started process (PID=35746) to work on /home/joestar/Documents/projects/airflow_etl/airflow_env/lib/python3.8/site-packages/airflow/example_dags/subdags/subdag.py
[2023-09-14T17:48:43.981+0100] {processor.py:829} INFO - Processing file /home/joestar/Documents/projects/airflow_etl/airflow_env/lib/python3.8/site-packages/airflow/example_dags/subdags/subdag.py for tasks to queue
[2023-09-14T17:48:43.982+0100] {logging_mixin.py:151} INFO - [2023-09-14T17:48:43.981+0100] {dagbag.py:539} INFO - Filling up the DagBag from /home/joestar/Documents/projects/airflow_etl/airflow_env/lib/python3.8/site-packages/airflow/example_dags/subdags/subdag.py
[2023-09-14T17:48:43.986+0100] {processor.py:841} WARNING - No viable dags retrieved from /home/joestar/Documents/projects/airflow_etl/airflow_env/lib/python3.8/site-packages/airflow/example_dags/subdags/subdag.py
[2023-09-14T17:48:43.999+0100] {processor.py:179} INFO - Processing /home/joestar/Documents/projects/airflow_etl/airflow_env/lib/python3.8/site-packages/airflow/example_dags/subdags/subdag.py took 0.023 seconds
[2023-09-14T17:49:33.586+0100] {processor.py:157} INFO - Started process (PID=35953) to work on /home/joestar/Documents/projects/airflow_etl/airflow_env/lib/python3.8/site-packages/airflow/example_dags/subdags/subdag.py
[2023-09-14T17:49:33.587+0100] {processor.py:829} INFO - Processing file /home/joestar/Documents/projects/airflow_etl/airflow_env/lib/python3.8/site-packages/airflow/example_dags/subdags/subdag.py for tasks to queue
[2023-09-14T17:49:33.588+0100] {logging_mixin.py:151} INFO - [2023-09-14T17:49:33.588+0100] {dagbag.py:539} INFO - Filling up the DagBag from /home/joestar/Documents/projects/airflow_etl/airflow_env/lib/python3.8/site-packages/airflow/example_dags/subdags/subdag.py
[2023-09-14T17:49:33.590+0100] {processor.py:841} WARNING - No viable dags retrieved from /home/joestar/Documents/projects/airflow_etl/airflow_env/lib/python3.8/site-packages/airflow/example_dags/subdags/subdag.py
[2023-09-14T17:49:33.600+0100] {processor.py:179} INFO - Processing /home/joestar/Documents/projects/airflow_etl/airflow_env/lib/python3.8/site-packages/airflow/example_dags/subdags/subdag.py took 0.017 seconds
[2023-09-14T17:50:24.679+0100] {processor.py:157} INFO - Started process (PID=36179) to work on /home/joestar/Documents/projects/airflow_etl/airflow_env/lib/python3.8/site-packages/airflow/example_dags/subdags/subdag.py
[2023-09-14T17:50:24.680+0100] {processor.py:829} INFO - Processing file /home/joestar/Documents/projects/airflow_etl/airflow_env/lib/python3.8/site-packages/airflow/example_dags/subdags/subdag.py for tasks to queue
[2023-09-14T17:50:24.681+0100] {logging_mixin.py:151} INFO - [2023-09-14T17:50:24.680+0100] {dagbag.py:539} INFO - Filling up the DagBag from /home/joestar/Documents/projects/airflow_etl/airflow_env/lib/python3.8/site-packages/airflow/example_dags/subdags/subdag.py
[2023-09-14T17:50:24.682+0100] {processor.py:841} WARNING - No viable dags retrieved from /home/joestar/Documents/projects/airflow_etl/airflow_env/lib/python3.8/site-packages/airflow/example_dags/subdags/subdag.py
[2023-09-14T17:50:24.694+0100] {processor.py:179} INFO - Processing /home/joestar/Documents/projects/airflow_etl/airflow_env/lib/python3.8/site-packages/airflow/example_dags/subdags/subdag.py took 0.017 seconds
[2023-09-14T17:51:05.081+0100] {processor.py:157} INFO - Started process (PID=36354) to work on /home/joestar/Documents/projects/airflow_etl/airflow_env/lib/python3.8/site-packages/airflow/example_dags/subdags/subdag.py
[2023-09-14T17:51:05.083+0100] {processor.py:829} INFO - Processing file /home/joestar/Documents/projects/airflow_etl/airflow_env/lib/python3.8/site-packages/airflow/example_dags/subdags/subdag.py for tasks to queue
[2023-09-14T17:51:05.085+0100] {logging_mixin.py:151} INFO - [2023-09-14T17:51:05.084+0100] {dagbag.py:539} INFO - Filling up the DagBag from /home/joestar/Documents/projects/airflow_etl/airflow_env/lib/python3.8/site-packages/airflow/example_dags/subdags/subdag.py
[2023-09-14T17:51:05.088+0100] {processor.py:841} WARNING - No viable dags retrieved from /home/joestar/Documents/projects/airflow_etl/airflow_env/lib/python3.8/site-packages/airflow/example_dags/subdags/subdag.py
[2023-09-14T17:51:05.105+0100] {processor.py:179} INFO - Processing /home/joestar/Documents/projects/airflow_etl/airflow_env/lib/python3.8/site-packages/airflow/example_dags/subdags/subdag.py took 0.028 seconds
[2023-09-14T17:51:44.742+0100] {processor.py:157} INFO - Started process (PID=36540) to work on /home/joestar/Documents/projects/airflow_etl/airflow_env/lib/python3.8/site-packages/airflow/example_dags/subdags/subdag.py
[2023-09-14T17:51:44.743+0100] {processor.py:829} INFO - Processing file /home/joestar/Documents/projects/airflow_etl/airflow_env/lib/python3.8/site-packages/airflow/example_dags/subdags/subdag.py for tasks to queue
[2023-09-14T17:51:44.744+0100] {logging_mixin.py:151} INFO - [2023-09-14T17:51:44.744+0100] {dagbag.py:539} INFO - Filling up the DagBag from /home/joestar/Documents/projects/airflow_etl/airflow_env/lib/python3.8/site-packages/airflow/example_dags/subdags/subdag.py
[2023-09-14T17:51:44.747+0100] {processor.py:841} WARNING - No viable dags retrieved from /home/joestar/Documents/projects/airflow_etl/airflow_env/lib/python3.8/site-packages/airflow/example_dags/subdags/subdag.py
[2023-09-14T17:51:44.756+0100] {processor.py:179} INFO - Processing /home/joestar/Documents/projects/airflow_etl/airflow_env/lib/python3.8/site-packages/airflow/example_dags/subdags/subdag.py took 0.017 seconds
[2023-09-14T17:52:24.565+0100] {processor.py:157} INFO - Started process (PID=36724) to work on /home/joestar/Documents/projects/airflow_etl/airflow_env/lib/python3.8/site-packages/airflow/example_dags/subdags/subdag.py
[2023-09-14T17:52:24.567+0100] {processor.py:829} INFO - Processing file /home/joestar/Documents/projects/airflow_etl/airflow_env/lib/python3.8/site-packages/airflow/example_dags/subdags/subdag.py for tasks to queue
[2023-09-14T17:52:24.568+0100] {logging_mixin.py:151} INFO - [2023-09-14T17:52:24.568+0100] {dagbag.py:539} INFO - Filling up the DagBag from /home/joestar/Documents/projects/airflow_etl/airflow_env/lib/python3.8/site-packages/airflow/example_dags/subdags/subdag.py
[2023-09-14T17:52:24.571+0100] {processor.py:841} WARNING - No viable dags retrieved from /home/joestar/Documents/projects/airflow_etl/airflow_env/lib/python3.8/site-packages/airflow/example_dags/subdags/subdag.py
[2023-09-14T17:52:24.586+0100] {processor.py:179} INFO - Processing /home/joestar/Documents/projects/airflow_etl/airflow_env/lib/python3.8/site-packages/airflow/example_dags/subdags/subdag.py took 0.024 seconds
[2023-09-14T17:54:15.150+0100] {processor.py:157} INFO - Started process (PID=37304) to work on /home/joestar/Documents/projects/airflow_etl/airflow_env/lib/python3.8/site-packages/airflow/example_dags/subdags/subdag.py
[2023-09-14T17:54:15.151+0100] {processor.py:829} INFO - Processing file /home/joestar/Documents/projects/airflow_etl/airflow_env/lib/python3.8/site-packages/airflow/example_dags/subdags/subdag.py for tasks to queue
[2023-09-14T17:54:15.152+0100] {logging_mixin.py:151} INFO - [2023-09-14T17:54:15.152+0100] {dagbag.py:539} INFO - Filling up the DagBag from /home/joestar/Documents/projects/airflow_etl/airflow_env/lib/python3.8/site-packages/airflow/example_dags/subdags/subdag.py
[2023-09-14T17:54:15.155+0100] {processor.py:841} WARNING - No viable dags retrieved from /home/joestar/Documents/projects/airflow_etl/airflow_env/lib/python3.8/site-packages/airflow/example_dags/subdags/subdag.py
[2023-09-14T17:54:15.168+0100] {processor.py:179} INFO - Processing /home/joestar/Documents/projects/airflow_etl/airflow_env/lib/python3.8/site-packages/airflow/example_dags/subdags/subdag.py took 0.022 seconds
[2023-09-14T18:03:06.090+0100] {processor.py:157} INFO - Started process (PID=38714) to work on /home/joestar/Documents/projects/airflow_etl/airflow_env/lib/python3.8/site-packages/airflow/example_dags/subdags/subdag.py
[2023-09-14T18:03:06.091+0100] {processor.py:829} INFO - Processing file /home/joestar/Documents/projects/airflow_etl/airflow_env/lib/python3.8/site-packages/airflow/example_dags/subdags/subdag.py for tasks to queue
[2023-09-14T18:03:06.092+0100] {logging_mixin.py:151} INFO - [2023-09-14T18:03:06.091+0100] {dagbag.py:539} INFO - Filling up the DagBag from /home/joestar/Documents/projects/airflow_etl/airflow_env/lib/python3.8/site-packages/airflow/example_dags/subdags/subdag.py
[2023-09-14T18:03:06.094+0100] {processor.py:841} WARNING - No viable dags retrieved from /home/joestar/Documents/projects/airflow_etl/airflow_env/lib/python3.8/site-packages/airflow/example_dags/subdags/subdag.py
[2023-09-14T18:03:06.106+0100] {processor.py:179} INFO - Processing /home/joestar/Documents/projects/airflow_etl/airflow_env/lib/python3.8/site-packages/airflow/example_dags/subdags/subdag.py took 0.020 seconds
[2023-09-14T18:03:58.651+0100] {processor.py:157} INFO - Started process (PID=38949) to work on /home/joestar/Documents/projects/airflow_etl/airflow_env/lib/python3.8/site-packages/airflow/example_dags/subdags/subdag.py
[2023-09-14T18:03:58.653+0100] {processor.py:829} INFO - Processing file /home/joestar/Documents/projects/airflow_etl/airflow_env/lib/python3.8/site-packages/airflow/example_dags/subdags/subdag.py for tasks to queue
[2023-09-14T18:03:58.654+0100] {logging_mixin.py:151} INFO - [2023-09-14T18:03:58.654+0100] {dagbag.py:539} INFO - Filling up the DagBag from /home/joestar/Documents/projects/airflow_etl/airflow_env/lib/python3.8/site-packages/airflow/example_dags/subdags/subdag.py
[2023-09-14T18:03:58.657+0100] {processor.py:841} WARNING - No viable dags retrieved from /home/joestar/Documents/projects/airflow_etl/airflow_env/lib/python3.8/site-packages/airflow/example_dags/subdags/subdag.py
[2023-09-14T18:03:58.671+0100] {processor.py:179} INFO - Processing /home/joestar/Documents/projects/airflow_etl/airflow_env/lib/python3.8/site-packages/airflow/example_dags/subdags/subdag.py took 0.025 seconds
[2023-09-14T18:04:47.832+0100] {processor.py:157} INFO - Started process (PID=39177) to work on /home/joestar/Documents/projects/airflow_etl/airflow_env/lib/python3.8/site-packages/airflow/example_dags/subdags/subdag.py
[2023-09-14T18:04:47.833+0100] {processor.py:829} INFO - Processing file /home/joestar/Documents/projects/airflow_etl/airflow_env/lib/python3.8/site-packages/airflow/example_dags/subdags/subdag.py for tasks to queue
[2023-09-14T18:04:47.834+0100] {logging_mixin.py:151} INFO - [2023-09-14T18:04:47.833+0100] {dagbag.py:539} INFO - Filling up the DagBag from /home/joestar/Documents/projects/airflow_etl/airflow_env/lib/python3.8/site-packages/airflow/example_dags/subdags/subdag.py
[2023-09-14T18:04:47.837+0100] {processor.py:841} WARNING - No viable dags retrieved from /home/joestar/Documents/projects/airflow_etl/airflow_env/lib/python3.8/site-packages/airflow/example_dags/subdags/subdag.py
[2023-09-14T18:04:47.849+0100] {processor.py:179} INFO - Processing /home/joestar/Documents/projects/airflow_etl/airflow_env/lib/python3.8/site-packages/airflow/example_dags/subdags/subdag.py took 0.021 seconds
